
 - final statistics:
3 variables; iteration 0; function evaluation 0
Function value 6.9194e+03; maximum gradient component mag -5.8037e-04
Exit code = 0;  converg criter 1.0000e+01
Var    Value     Gradient |Var    Value     Gradient |Var    Value     Gradient
  1  0.82552 -5.80374e-04 |  2 -0.64808 -1.25124e-04 |  3 -0.99393  6.18941e-07

Initial statistics: 15 variables; iteration 0; function evaluation 0; phase 2
Function value 6.9194362e+03; maximum gradient component mag -4.2228e+01
Var    Value     Gradient |Var    Value     Gradient |Var    Value     Gradient
  1 -0.38767  1.71458e+01 |  2  0.35802 -2.76512e+01 |  3 -0.14696 -3.48787e+01
  4  0.02639 -4.22279e+01 |  5 -0.68375 -1.08640e+00 |  6 -0.61919 -1.33723e+01
  7 -0.41866 -1.31992e+00 |  8  0.35663 -3.02609e+01 |  9 -0.20076 -4.06401e+01
 10  0.08187 -4.22200e+01 | 11 -0.61141 -1.88793e+00 | 12 -0.63626 -2.20181e+01
 13  0.82552 -5.80374e-04 | 14 -0.64808 -1.25124e-04 | 15 -0.99393  6.18941e-07

 - final statistics:
15 variables; iteration 15; function evaluation 21
Function value 6.9193e+03; maximum gradient component mag -3.5980e+00
Exit code = 1;  converg criter 1.0000e+01
Var    Value     Gradient |Var    Value     Gradient |Var    Value     Gradient
  1 -0.38904  4.48725e-01 |  2  0.35599 -1.22821e+00 |  3 -0.14818 -1.77649e+00
  4  0.03122 -1.88220e+00 |  5 -0.68389  1.14618e+00 |  6 -0.61912 -3.42277e-01
  7 -0.41941 -2.80213e-02 |  8  0.35422 -2.78522e+00 |  9 -0.20196 -3.59804e+00
 10  0.08803 -2.63238e+00 | 11 -0.61628 -7.63994e-01 | 12 -0.63542 -5.45876e-01
 13  0.82412 -4.45642e-01 | 14 -0.64740  7.45507e-01 | 15 -0.99400 -2.65675e-02

Initial statistics: 174 variables; iteration 0; function evaluation 0; phase 3
Function value 6.9192959e+03; maximum gradient component mag 6.3761e+00
Var    Value     Gradient |Var    Value     Gradient |Var    Value     Gradient
  1 -0.38904  4.48725e-01 |  2  0.35599 -1.22821e+00 |  3 -0.14818 -1.77649e+00
  4  0.03122 -1.88220e+00 |  5 -0.68389  1.14618e+00 |  6 -0.61912 -3.42277e-01
  7 -0.41941 -2.80213e-02 |  8  0.35422 -2.78522e+00 |  9 -0.20196 -3.59804e+00
 10  0.08803 -2.63238e+00 | 11 -0.61628 -7.63994e-01 | 12 -0.63542 -5.45876e-01
 13  0.82412 -4.45642e-01 | 14 -0.00261  3.67735e-02 | 15 -0.00262  3.63769e-02
 16 -0.00263  3.57985e-02 | 17 -0.00262  3.50455e-02 | 18 -0.00261  3.40924e-02
 19 -0.00258  3.29316e-02 | 20 -0.00255  3.15548e-02 | 21 -0.00250  2.99675e-02
 22 -0.00244  2.81976e-02 | 23 -0.00237  2.62872e-02 | 24 -0.00229  2.43049e-02
 25 -0.00219  2.23452e-02 | 26 -0.00208  2.05742e-02 | 27 -0.00196  1.91799e-02
 28 -0.00182  1.83960e-02 | 29 -0.00167  1.85475e-02 | 30 -0.00151  1.99752e-02
 31 -0.00133  2.30830e-02 | 32 -0.00114  2.82999e-02 | 33 -0.00093  3.60645e-02
 34 -0.00072  4.68000e-02 | 35 -0.00049  6.08807e-02 | 36 -0.00026  7.85891e-02
 37 -0.00002  1.00095e-01 | 38  0.00020  1.25392e-01 | 39  0.00041  1.54307e-01
 40  0.00060  1.86406e-01 | 41  0.00075  2.21045e-01 | 42  0.00086  2.57303e-01
 43  0.00091  2.93997e-01 | 44  0.00090  3.29676e-01 | 45  0.00083  3.62628e-01
 46  0.00069  3.90935e-01 | 47  0.00050  4.12495e-01 | 48  0.00026  4.25064e-01
 49 -0.00001  4.26400e-01 | 50 -0.00030  4.14406e-01 | 51 -0.00056  3.87191e-01
 52 -0.00079  3.43299e-01 | 53 -0.00094  2.81909e-01 | 54 -0.00099  2.02947e-01
 55 -0.00091  1.07106e-01 | 56 -0.00066 -3.94350e-03 | 57 -0.00022 -1.27795e-01
 58  0.00045 -2.61308e-01 | 59  0.00137 -4.00898e-01 | 60  0.00256 -5.42726e-01
 61  0.00404 -6.82942e-01 | 62  0.00580 -8.17981e-01 | 63  0.00783 -9.44662e-01
 64  0.01011 -1.06025e+00 | 65  0.01256 -1.16244e+00 | 66  0.01508 -1.24933e+00
 67  0.01752 -1.31918e+00 | 68  0.01970 -1.37040e+00 | 69  0.02143 -1.40177e+00
 70  0.02254 -1.41274e+00 | 71  0.02293 -1.40385e+00 | 72  0.02261 -1.37707e+00
 73  0.02168 -1.33528e+00 | 74  0.02023 -1.28187e+00 | 75  0.01831 -1.22006e+00
 76  0.01590 -1.15315e+00 | 77  0.01291 -1.08510e+00 | 78  0.00931 -1.02124e+00
 79  0.00522 -9.68227e-01 | 80  0.00097 -9.30455e-01 | 81 -0.00296 -9.15645e-01
 82 -0.00620 -9.25395e-01 | 83 -0.00860 -9.56435e-01 | 84 -0.01033 -9.99734e-01
 85 -0.01173 -1.04139e+00 | 86 -0.01293 -1.06618e+00 | 87 -0.01352 -1.06569e+00
 88 -0.01312 -1.03573e+00 | 89 -0.01209 -9.59669e-01 | 90 -0.00933 -8.45729e-01
 91 -0.00485 -6.95549e-01 | 92  0.00133 -5.06946e-01 | 93  0.00519 -2.40364e-01
 94  0.00820  9.81905e-02 | 95  0.01087  4.76840e-01 | 96  0.00611  8.25239e-01
 97  0.00747  1.18156e+00 | 98  0.02557  1.73736e+00 | 99  0.01874  1.99465e+00
100  0.00021  2.04918e+00 |101  0.01997  2.69554e+00 |102  0.08630  4.39483e+00
103  0.03406  3.00387e+00 |104 -0.00555  2.27240e+00 |105  0.00548  2.61465e+00
106  0.01794  2.91293e+00 |107  0.03196  3.48669e+00 |108 -0.00073  2.78613e+00
109 -0.06704  1.98793e+00 |110 -0.08406  2.13108e+00 |111 -0.08247  2.16289e+00
112 -0.04737  2.71400e+00 |113  0.06416  5.48874e+00 |114  0.01510  2.20801e+00
115  0.00908  9.91839e-01 |116 -0.04026  3.01400e-01 |117 -0.08121  4.15608e-01
118 -0.03137  1.22139e+00 |119 -0.02415  7.89276e-01 |120 -0.04966 -6.35027e-01
121  0.00275 -2.71380e+00 |122  0.03969 -4.95613e+00 |123 -0.00317 -4.60363e+00
124  0.04570 -4.85365e+00 |125 -0.01655 -1.81888e+00 |126  0.10265 -2.99056e+00
127 -0.01123 -1.30657e+00 |128 -0.05016 -9.00441e-01 |129 -0.06006 -6.77717e-01
130 -0.02641 -4.05746e-01 |131  0.08554 -2.37423e-01 |132  0.02400 -8.28581e-02
133  0.01266 -6.02884e-02 |134 -0.03397 -7.92039e-03 |135 -0.01914 -9.75480e-02
136 -0.00406 -1.01473e-01 |137 -0.00000 -3.25553e-06 |138 -0.64740  7.45507e-01
139 -0.99400 -2.65675e-02 |140  0.03121  5.94490e+00 |141 -0.58651  2.73990e-04
142  0.03495 -4.00796e+00 |143 -0.10991  7.48503e-01 |144  0.20000 -3.99591e-01
145  0.16748  2.57956e+00 |146 -0.58136  9.55546e-05 |147 -0.00720 -2.23731e+00
148  0.12386  1.03825e+00 |149 -0.04033 -7.75217e-01 |150  0.09532  9.88998e-01
151  0.04853 -1.49658e+00 |152  0.14563  1.66635e+00 |153 -0.03738 -1.36839e+00
154 -0.58548 -4.38998e-01 |155 -0.50980 -1.65768e-03 |156 -0.20972 -6.75460e-02
157 -0.21217 -5.00667e+00 |158  0.19395  1.48849e+00 |159  0.08261 -9.66376e-01
160 -0.39563  2.02034e-01 |161 -0.20088 -7.46299e-01 |162 -0.03778 -3.97536e-01
163  0.08906  2.45735e+00 |164 -0.52696  6.56636e-04 |165  0.07864 -1.78019e+00
166  0.06407  5.35666e+00 |167 -0.17462  6.37613e+00 |168 -0.15651 -9.31453e-01
169  0.22776  1.03725e-01 |170  0.01200 -1.82466e-01 |171 -0.36298  2.57455e-01
172 -0.44269  1.12125e-04 |173 -0.04126 -2.69921e-01 |174 -0.30026  1.74446e-01

Intermediate statistics: 174 variables; iteration 20; function evaluation 24; phase 3
Function value 6.9191971e+03; maximum gradient component mag -1.6478e+01
Var    Value     Gradient |Var    Value     Gradient |Var    Value     Gradient
  1 -0.38813 -1.12054e+00 |  2  0.35584 -8.29765e+00 |  3 -0.14836 -1.64780e+01
  4  0.03137 -1.01455e+01 |  5 -0.68496  1.47004e-01 |  6 -0.61890  1.35118e+00
  7 -0.41857 -3.15005e+00 |  8  0.35432  7.74271e+00 |  9 -0.20199 -1.99739e+00
 10  0.08810  3.01109e+00 | 11 -0.61440 -3.86565e-01 | 12 -0.63566 -4.57249e+00
 13  0.82556  1.88854e+00 | 14 -0.00248  1.15439e-02 | 15 -0.00249  1.16437e-02
 16 -0.00248  1.17138e-02 | 17 -0.00247  1.17552e-02 | 18 -0.00244  1.17630e-02
 19 -0.00241  1.17354e-02 | 20 -0.00236  1.16705e-02 | 21 -0.00230  1.15690e-02
 22 -0.00223  1.14358e-02 | 23 -0.00215  1.12784e-02 | 24 -0.00205  1.11096e-02
 25 -0.00194  1.09469e-02 | 26 -0.00182  1.08217e-02 | 27 -0.00168  1.07698e-02
 28 -0.00154  1.08364e-02 | 29 -0.00139  1.10842e-02 | 30 -0.00122  1.15802e-02
 31 -0.00105  1.24046e-02 | 32 -0.00087  1.36437e-02 | 33 -0.00069  1.53874e-02
 34 -0.00051  1.77247e-02 | 35 -0.00032  2.07374e-02 | 36 -0.00015  2.44914e-02
 37  0.00001  2.90326e-02 | 38  0.00014  3.43741e-02 | 39  0.00025  4.04971e-02
 40  0.00032  4.73314e-02 | 41  0.00034  5.47652e-02 | 42  0.00031  6.26323e-02
 43  0.00022  7.07148e-02 | 44  0.00007  7.87446e-02 | 45 -0.00014  8.64084e-02
 46 -0.00041  9.33607e-02 | 47 -0.00071  9.92334e-02 | 48 -0.00105  1.03645e-01
 49 -0.00138  1.06230e-01 | 50 -0.00169  1.06661e-01 | 51 -0.00194  1.04651e-01
 52 -0.00210  9.99954e-02 | 53 -0.00215  9.25895e-02 | 54 -0.00204  8.24446e-02
 55 -0.00176  6.96822e-02 | 56 -0.00127  5.45702e-02 | 57 -0.00055  3.74787e-02
 58  0.00041  1.88883e-02 | 59  0.00164 -6.52282e-04 | 60  0.00314 -2.05452e-02
 61  0.00491 -4.01707e-02 | 62  0.00694 -5.89253e-02 | 63  0.00922 -7.62262e-02
 64  0.01169 -9.15115e-02 | 65  0.01429 -1.04239e-01 | 66  0.01690 -1.13898e-01
 67  0.01936 -1.20004e-01 | 68  0.02150 -1.22171e-01 | 69  0.02312 -1.20257e-01
 70  0.02406 -1.14477e-01 | 71  0.02423 -1.05448e-01 | 72  0.02366 -9.40990e-02
 73  0.02244 -8.13595e-02 | 74  0.02070 -6.80293e-02 | 75  0.01850 -5.47015e-02
 76  0.01583 -4.19260e-02 | 77  0.01262 -3.02762e-02 | 78  0.00885 -2.02395e-02
 79  0.00467 -1.19774e-02 | 80  0.00041 -5.15614e-03 | 81 -0.00347  8.76916e-04
 82 -0.00658  7.00410e-03 | 83 -0.00882  1.42748e-02 | 84 -0.01035  2.39287e-02
 85 -0.01155  3.72178e-02 | 86 -0.01259  5.50586e-02 | 87 -0.01307  7.76538e-02
 88 -0.01262  1.04317e-01 | 89 -0.01163  1.35014e-01 | 90 -0.00898  1.71140e-01
 91 -0.00464  2.13833e-01 | 92  0.00140  2.67580e-01 | 93  0.00500  3.35022e-01
 94  0.00770  4.05365e-01 | 95  0.01006  4.74655e-01 | 96  0.00512  5.23618e-01
 97  0.00642  5.93804e-01 | 98  0.02433  7.53553e-01 | 99  0.01756  7.91791e-01
100 -0.00095  7.62550e-01 |101  0.01844  9.82196e-01 |102  0.08507  1.70192e+00
103  0.03335  1.16943e+00 |104 -0.00634  8.48389e-01 |105  0.00437  9.02442e-01
106  0.01675  8.92834e-01 |107  0.03045  8.24257e-01 |108 -0.00198  5.04702e-01
109 -0.06861  2.45979e-01 |110 -0.08607  1.98445e-01 |111 -0.08443  1.82450e-01
112 -0.04915  1.91530e-01 |113  0.06151  3.49375e-01 |114  0.01436 -1.24551e-01
115  0.00845 -3.88651e-01 |116 -0.04065 -3.65197e-01 |117 -0.08176 -2.80175e-01
118 -0.03332 -3.44144e-01 |119 -0.02659 -5.35643e-01 |120 -0.05006 -5.73833e-01
121  0.00375 -1.07383e+00 |122  0.04194 -1.54085e+00 |123  0.00112 -1.08859e+00
124  0.04927 -1.27014e+00 |125 -0.01476 -5.23035e-01 |126  0.10529 -8.73265e-01
127 -0.00890 -2.34150e-01 |128 -0.04786 -1.39017e-01 |129 -0.05822 -7.65693e-02
130 -0.02533 -8.83302e-02 |131  0.08612 -6.82545e-02 |132  0.02457  3.16463e-02
133  0.01295 -2.70634e-02 |134 -0.03383 -1.39887e-02 |135 -0.01883  4.70495e-03
136 -0.00365 -1.90984e-02 |137 -0.00000 -4.41002e-07 |138 -0.64745  3.27013e-01
139 -0.99395  5.08958e-02 |140  0.03107  7.60301e+00 |141 -0.58651  3.39837e-04
142  0.03426 -6.06330e+00 |143 -0.11163  1.01443e-01 |144  0.19854 -7.23454e-02
145  0.16761  6.26736e+00 |146 -0.58136  2.32969e-04 |147 -0.00816 -5.98764e+00
148  0.12247  4.22616e-01 |149 -0.04163 -3.75302e-01 |150  0.09480  1.01553e+00
151  0.04762 -1.69995e+00 |152  0.14457  7.15071e-01 |153 -0.03793 -7.27894e-01
154 -0.58570  1.25918e+00 |155 -0.50980  3.76791e-03 |156 -0.20949  2.49190e-03
157 -0.21153  1.20442e+01 |158  0.19164 -2.32408e-03 |159  0.08229 -1.29062e-01
160 -0.39544  1.24476e-01 |161 -0.20050  8.82604e-02 |162 -0.03802 -1.18962e-01
163  0.08854  1.95140e+00 |164 -0.52696  4.06700e-04 |165  0.07861 -1.78428e+00
166  0.06369 -8.14400e-01 |167 -0.17474 -1.45667e+00 |168 -0.15642  1.93357e-02
169  0.22781  6.22725e-02 |170  0.01126 -5.34272e-02 |171 -0.36287  1.22664e-01
172 -0.44268  8.00242e-06 |173 -0.04062 -5.85288e-02 |174 -0.30001  3.30970e-01
174 variables; iteration 40; function evaluation 44; phase 3
Function value 6.9191850e+03; maximum gradient component mag -6.6740e+00
Var    Value     Gradient |Var    Value     Gradient |Var    Value     Gradient
  1 -0.38825 -5.15824e-01 |  2  0.35579 -3.40717e+00 |  3 -0.14816 -6.67398e+00
  4  0.03140 -4.32065e+00 |  5 -0.68524 -1.85180e-02 |  6 -0.61891  5.85707e-01
  7 -0.41864 -1.34107e+00 |  8  0.35418  3.16396e+00 |  9 -0.20189 -7.97795e-01
 10  0.08812  1.27478e+00 | 11 -0.61438 -2.12715e-01 | 12 -0.63560 -1.84375e+00
 13  0.83513  6.48554e-01 | 14 -0.00242  2.52951e-02 | 15 -0.00243  2.44284e-02
 16 -0.00243  2.33337e-02 | 17 -0.00242  2.19917e-02 | 18 -0.00240  2.03699e-02
 19 -0.00237  1.84400e-02 | 20 -0.00233  1.61711e-02 | 21 -0.00227  1.35348e-02
 22 -0.00221  1.05082e-02 | 23 -0.00214  7.07186e-03 | 24 -0.00205  3.21412e-03
 25 -0.00196 -1.06770e-03 | 26 -0.00185 -5.75116e-03 | 27 -0.00173 -1.08029e-02
 28 -0.00161 -1.61691e-02 | 29 -0.00147 -2.17566e-02 | 30 -0.00133 -2.74561e-02
 31 -0.00118 -3.31214e-02 | 32 -0.00102 -3.85803e-02 | 33 -0.00086 -4.36357e-02
 34 -0.00070 -4.80730e-02 | 35 -0.00054 -5.16707e-02 | 36 -0.00039 -5.42190e-02
 37 -0.00025 -5.55291e-02 | 38 -0.00012 -5.54661e-02 | 39 -0.00003 -5.39513e-02
 40  0.00003 -5.10085e-02 | 41  0.00005 -4.67501e-02 | 42  0.00002 -4.14026e-02
 43 -0.00008 -3.52953e-02 | 44 -0.00023 -2.88424e-02 | 45 -0.00044 -2.25102e-02
 46 -0.00070 -1.67578e-02 | 47 -0.00101 -1.19857e-02 | 48 -0.00134 -8.49086e-03
 49 -0.00167 -6.40771e-03 | 50 -0.00197 -5.69813e-03 | 51 -0.00222 -6.20636e-03
 52 -0.00237 -7.70336e-03 | 53 -0.00239 -9.97093e-03 | 54 -0.00226 -1.29052e-02
 55 -0.00195 -1.66194e-02 | 56 -0.00142 -2.14237e-02 | 57 -0.00067 -2.78602e-02
 58  0.00033 -3.65614e-02 | 59  0.00159 -4.81073e-02 | 60  0.00310 -6.27675e-02
 61  0.00487 -8.02309e-02 | 62  0.00689 -9.93977e-02 | 63  0.00915 -1.18259e-01
 64  0.01160 -1.34054e-01 | 65  0.01419 -1.43848e-01 | 66  0.01682 -1.45564e-01
 67  0.01932 -1.38974e-01 | 68  0.02152 -1.26095e-01 | 69  0.02318 -1.10195e-01
 70  0.02416 -9.36343e-02 | 71  0.02435 -7.64737e-02 | 72  0.02380 -5.73741e-02
 73  0.02262 -3.58638e-02 | 74  0.02091 -1.38786e-02 | 75  0.01874  4.58703e-03
 76  0.01606  1.42369e-02 | 77  0.01278  9.29428e-03 | 78  0.00888 -1.40439e-02
 79  0.00452 -5.27350e-02 | 80  0.00011 -9.42094e-02 | 81 -0.00385 -1.22969e-01
 82 -0.00697 -1.30417e-01 | 83 -0.00911 -1.17055e-01 | 84 -0.01051 -8.76982e-02
 85 -0.01154 -4.75197e-02 | 86 -0.01241 -2.35770e-03 | 87 -0.01277  3.96143e-02
 88 -0.01226  7.16578e-02 | 89 -0.01131  9.16038e-02 | 90 -0.00876  1.00490e-01
 91 -0.00458  1.03770e-01 | 92  0.00132  1.04011e-01 | 93  0.00479  1.09409e-01
 94  0.00741  1.25938e-01 | 95  0.00977  1.58224e-01 | 96  0.00476  1.96851e-01
 97  0.00616  2.91319e-01 | 98  0.02439  4.32493e-01 | 99  0.01752  5.02000e-01
100 -0.00113  4.96121e-01 |101  0.01859  6.14351e-01 |102  0.08480  9.53717e-01
103  0.03305  6.66471e-01 |104 -0.00633  4.99889e-01 |105  0.00417  4.53068e-01
106  0.01647  3.38422e-01 |107  0.03007  2.00690e-01 |108 -0.00229  8.44520e-02
109 -0.06853  1.76223e-01 |110 -0.08637  9.60056e-03 |111 -0.08480 -4.94253e-02
112 -0.04939 -1.66208e-02 |113  0.06108 -1.63168e-02 |114  0.01414 -1.08243e-01
115  0.00862 -3.14827e-02 |116 -0.04057 -1.04663e-01 |117 -0.08169 -6.81758e-02
118 -0.03350 -1.43700e-01 |119 -0.02668 -1.83322e-01 |120 -0.05003 -2.36621e-01
121  0.00400 -4.42753e-01 |122  0.04216 -6.76010e-01 |123  0.00190 -3.36701e-01
124  0.04975 -4.66826e-01 |125 -0.01478 -3.13760e-01 |126  0.10576 -2.27787e-01
127 -0.00882 -1.86411e-01 |128 -0.04800 -2.10457e-01 |129 -0.05756  1.35472e-01
130 -0.02490  7.14712e-02 |131  0.08597 -1.34895e-01 |132  0.02487  7.62667e-02
133  0.01341  1.35642e-01 |134 -0.03383 -3.52389e-02 |135 -0.01894 -5.14384e-02
136 -0.00380 -6.04626e-02 |137 -0.00000 -1.19959e-06 |138 -0.65352 -2.88077e-01
139 -0.99544  1.95346e-02 |140  0.03078  3.12292e+00 |141 -0.58651  1.38810e-04
142  0.03438 -2.51931e+00 |143 -0.11116  2.27357e-01 |144  0.19914  1.72794e-01
145  0.16746  2.70491e+00 |146 -0.58134  1.02008e-04 |147 -0.00782 -2.26388e+00
148  0.12088 -3.49319e-02 |149 -0.04328 -4.16333e-01 |150  0.09485  5.08189e-01
151  0.04785 -6.96116e-01 |152  0.14431  2.60303e-01 |153 -0.03794 -2.98276e-01
154 -0.59062  3.49106e-01 |155 -0.50985  1.41999e-03 |156 -0.21565 -8.29329e-02
157 -0.21273  4.22744e+00 |158  0.19146 -2.87943e-01 |159  0.08266  4.29983e-01
160 -0.39410  1.52112e-01 |161 -0.20084  1.43859e-01 |162 -0.03708 -8.72117e-02
163  0.08839  7.88441e-01 |164 -0.52686  1.37694e-04 |165  0.07906 -3.17165e-01
166  0.06362 -5.05866e-01 |167 -0.17469 -4.48886e-01 |168 -0.15639  8.82078e-02
169  0.22974  4.05239e-01 |170  0.01219 -3.20105e-01 |171 -0.36390 -1.00605e-01
172 -0.44209 -1.68273e-03 |173 -0.04137 -9.13804e-02 |174 -0.29967 -3.12304e-02

 - final statistics:
174 variables; iteration 48; function evaluation 53
Function value 6.9192e+03; maximum gradient component mag 9.5130e-01
Exit code = 1;  converg criter 1.0000e+00
Var    Value     Gradient |Var    Value     Gradient |Var    Value     Gradient
  1 -0.38810 -1.19068e-01 |  2  0.35573 -2.09219e-01 |  3 -0.14807 -4.88275e-01
  4  0.03148 -2.94072e-01 |  5 -0.68522 -2.04801e-02 |  6 -0.61895  1.72800e-02
  7 -0.41846 -1.90155e-01 |  8  0.35411  3.12154e-01 |  9 -0.20183 -1.48869e-02
 10  0.08810  2.57693e-01 | 11 -0.61413 -5.15746e-02 | 12 -0.63559 -1.74114e-01
 13  0.82900  1.26615e-01 | 14 -0.00244  1.00601e-02 | 15 -0.00245  1.03560e-02
 16 -0.00244  1.06642e-02 | 17 -0.00242  1.09888e-02 | 18 -0.00239  1.13346e-02
 19 -0.00235  1.17082e-02 | 20 -0.00230  1.21174e-02 | 21 -0.00224  1.25720e-02
 22 -0.00216  1.30833e-02 | 23 -0.00207  1.36641e-02 | 24 -0.00197  1.43287e-02
 25 -0.00186  1.50919e-02 | 26 -0.00173  1.59683e-02 | 27 -0.00159  1.69711e-02
 28 -0.00144  1.81107e-02 | 29 -0.00127  1.93919e-02 | 30 -0.00110  2.08126e-02
 31 -0.00093  2.23601e-02 | 32 -0.00074  2.40093e-02 | 33 -0.00056  2.57198e-02
 34 -0.00037  2.74354e-02 | 35 -0.00019  2.90841e-02 | 36 -0.00003  3.05823e-02
 37  0.00012  3.18397e-02 | 38  0.00025  3.27713e-02 | 39  0.00033  3.33068e-02
 40  0.00038  3.34086e-02 | 41  0.00038  3.30776e-02 | 42  0.00032  3.23613e-02
 43  0.00019  3.13460e-02 | 44  0.00001  3.01374e-02 | 45 -0.00024  2.88280e-02
 46 -0.00054  2.74554e-02 | 47 -0.00087  2.59651e-02 | 48 -0.00123  2.41870e-02
 49 -0.00158  2.18342e-02 | 50 -0.00190  1.85369e-02 | 51 -0.00216  1.38967e-02
 52 -0.00233  7.55868e-03 | 53 -0.00238 -7.13177e-04 | 54 -0.00228 -1.09717e-02
 55 -0.00200 -2.30336e-02 | 56 -0.00151 -3.64358e-02 | 57 -0.00079 -5.04132e-02
 58  0.00019 -6.38958e-02 | 59  0.00144 -7.55483e-02 | 60  0.00297 -8.38907e-02
 61  0.00480 -8.75306e-02 | 62  0.00691 -8.55248e-02 | 63  0.00928 -7.78595e-02
 64  0.01186 -6.59222e-02 | 65  0.01456 -5.26716e-02 | 66  0.01725 -4.20527e-02
 67  0.01975 -3.76341e-02 | 68  0.02188 -4.08571e-02 | 69  0.02343 -5.02975e-02
 70  0.02426 -6.30306e-02 | 71  0.02430 -7.65703e-02 | 72  0.02360 -8.91005e-02
 73  0.02226 -9.83655e-02 | 74  0.02045 -1.01002e-01 | 75  0.01823 -9.35139e-02
 76  0.01560 -7.33409e-02 | 77  0.01250 -4.05133e-02 | 78  0.00888 -6.63315e-04
 79  0.00483  3.35722e-02 | 80  0.00063  4.83427e-02 | 81 -0.00327  3.92495e-02
 82 -0.00647  1.33301e-02 | 83 -0.00879 -1.87240e-02 | 84 -0.01040 -4.88553e-02
 85 -0.01165 -7.17101e-02 | 86 -0.01271 -8.28902e-02 | 87 -0.01318 -8.08457e-02
 88 -0.01269 -6.79577e-02 | 89 -0.01167 -4.65984e-02 | 90 -0.00900 -2.23177e-02
 91 -0.00466  9.63528e-04 | 92  0.00139  2.36522e-02 | 93  0.00499  4.59087e-02
 94  0.00764  6.13454e-02 | 95  0.00995  7.13351e-02 | 96  0.00493  7.45195e-02
 97  0.00612  6.86433e-02 | 98  0.02409  1.00656e-01 | 99  0.01732  1.28094e-01
100 -0.00114  1.58921e-01 |101  0.01806  1.28082e-01 |102  0.08479  1.94174e-01
103  0.03255 -2.44618e-02 |104 -0.00678 -6.91170e-02 |105  0.00385 -1.22497e-01
106  0.01621 -1.00081e-01 |107  0.02996 -3.80515e-02 |108 -0.00227 -3.77538e-03
109 -0.06896  2.61755e-02 |110 -0.08646  5.95104e-02 |111 -0.08473  9.90123e-02
112 -0.04933  2.03568e-01 |113  0.06097  1.95895e-01 |114  0.01376 -2.78604e-01
115  0.00804 -2.89382e-01 |116 -0.04052  2.71239e-02 |117 -0.08197 -7.42588e-02
118 -0.03347  5.65656e-02 |119 -0.02694 -8.57798e-03 |120 -0.05004  7.24116e-04
121  0.00396 -2.09838e-02 |122  0.04253  1.05659e-01 |123  0.00222  2.18907e-01
124  0.05033  3.22493e-01 |125 -0.01447 -6.80217e-04 |126  0.10551 -3.54267e-01
127 -0.00871 -1.30053e-01 |128 -0.04711  1.59422e-01 |129 -0.05761  1.09261e-01
130 -0.02506  3.29051e-02 |131  0.08625  2.79629e-02 |132  0.02460 -2.27676e-02
133  0.01289 -4.67619e-02 |134 -0.03411 -1.09626e-01 |135 -0.01882 -2.06581e-02
136 -0.00352  7.91664e-03 |137 -0.00000  1.58631e-07 |138 -0.64948  4.04132e-02
139 -0.99666  1.70221e-03 |140  0.03058  1.28143e-01 |141 -0.58652  7.04133e-06
142  0.03443 -1.99003e-01 |143 -0.11228  4.74466e-03 |144  0.19765 -1.62936e-01
145  0.16723  1.60991e-01 |146 -0.58132 -2.34816e-05 |147 -0.00778 -1.81958e-01
148  0.12201  5.20418e-02 |149 -0.04186  2.72258e-02 |150  0.09420 -4.11979e-02
151  0.04755 -1.08773e-01 |152  0.14425  2.68242e-02 |153 -0.03784 -9.58765e-03
154 -0.58815  5.40795e-02 |155 -0.50989  2.69347e-04 |156 -0.21231 -3.73871e-02
157 -0.21217  9.51301e-01 |158  0.19146 -1.19067e-01 |159  0.08266  4.19156e-01
160 -0.39484 -2.58614e-02 |161 -0.20083 -1.12054e-01 |162 -0.03757 -4.96075e-04
163  0.08800 -1.36980e-01 |164 -0.52678 -2.46313e-04 |165  0.07889 -2.42857e-01
166  0.06364 -4.09432e-02 |167 -0.17470 -3.98293e-02 |168 -0.15632  1.82718e-02
169  0.22581  2.94500e-01 |170  0.00927 -5.89747e-01 |171 -0.36151  1.13016e-02
172 -0.44163 -6.59786e-04 |173 -0.03937  1.03121e-01 |174 -0.30052 -3.06915e-02

Initial statistics: 189 variables; iteration 0; function evaluation 0; phase 4
Function value 6.9191806e+03; maximum gradient component mag 4.3845e+01
Var    Value     Gradient |Var    Value     Gradient |Var    Value     Gradient
  1 -0.38810 -1.19068e-01 |  2  0.35573 -2.09219e-01 |  3 -0.14807 -4.88275e-01
  4  0.03148 -2.94072e-01 |  5 -0.68522 -2.04801e-02 |  6 -0.61895  1.72800e-02
  7 -0.41846 -1.90155e-01 |  8  0.35411  3.12154e-01 |  9 -0.20183 -1.48869e-02
 10  0.08810  2.57693e-01 | 11 -0.61413 -5.15746e-02 | 12 -0.63559 -1.74114e-01
 13  0.82900  1.26615e-01 | 14 -0.00244  1.00601e-02 | 15 -0.00245  1.03560e-02
 16 -0.00244  1.06642e-02 | 17 -0.00242  1.09888e-02 | 18 -0.00239  1.13346e-02
 19 -0.00235  1.17082e-02 | 20 -0.00230  1.21174e-02 | 21 -0.00224  1.25720e-02
 22 -0.00216  1.30833e-02 | 23 -0.00207  1.36641e-02 | 24 -0.00197  1.43287e-02
 25 -0.00186  1.50919e-02 | 26 -0.00173  1.59683e-02 | 27 -0.00159  1.69711e-02
 28 -0.00144  1.81107e-02 | 29 -0.00127  1.93919e-02 | 30 -0.00110  2.08126e-02
 31 -0.00093  2.23601e-02 | 32 -0.00074  2.40093e-02 | 33 -0.00056  2.57198e-02
 34 -0.00037  2.74354e-02 | 35 -0.00019  2.90841e-02 | 36 -0.00003  3.05823e-02
 37  0.00012  3.18397e-02 | 38  0.00025  3.27713e-02 | 39  0.00033  3.33068e-02
 40  0.00038  3.34086e-02 | 41  0.00038  3.30776e-02 | 42  0.00032  3.23613e-02
 43  0.00019  3.13460e-02 | 44  0.00001  3.01374e-02 | 45 -0.00024  2.88280e-02
 46 -0.00054  2.74554e-02 | 47 -0.00087  2.59651e-02 | 48 -0.00123  2.41870e-02
 49 -0.00158  2.18342e-02 | 50 -0.00190  1.85369e-02 | 51 -0.00216  1.38967e-02
 52 -0.00233  7.55868e-03 | 53 -0.00238 -7.13177e-04 | 54 -0.00228 -1.09717e-02
 55 -0.00200 -2.30336e-02 | 56 -0.00151 -3.64358e-02 | 57 -0.00079 -5.04132e-02
 58  0.00019 -6.38958e-02 | 59  0.00144 -7.55483e-02 | 60  0.00297 -8.38907e-02
 61  0.00480 -8.75306e-02 | 62  0.00691 -8.55248e-02 | 63  0.00928 -7.78595e-02
 64  0.01186 -6.59222e-02 | 65  0.01456 -5.26716e-02 | 66  0.01725 -4.20527e-02
 67  0.01975 -3.76341e-02 | 68  0.02188 -4.08571e-02 | 69  0.02343 -5.02975e-02
 70  0.02426 -6.30306e-02 | 71  0.02430 -7.65703e-02 | 72  0.02360 -8.91005e-02
 73  0.02226 -9.83655e-02 | 74  0.02045 -1.01002e-01 | 75  0.01823 -9.35139e-02
 76  0.01560 -7.33409e-02 | 77  0.01250 -4.05133e-02 | 78  0.00888 -6.63315e-04
 79  0.00483  3.35722e-02 | 80  0.00063  4.83427e-02 | 81 -0.00327  3.92495e-02
 82 -0.00647  1.33301e-02 | 83 -0.00879 -1.87240e-02 | 84 -0.01040 -4.88553e-02
 85 -0.01165 -7.17101e-02 | 86 -0.01271 -8.28902e-02 | 87 -0.01318 -8.08457e-02
 88 -0.01269 -6.79577e-02 | 89 -0.01167 -4.65984e-02 | 90 -0.00900 -2.23177e-02
 91 -0.00466  9.63528e-04 | 92  0.00139  2.36522e-02 | 93  0.00499  4.59087e-02
 94  0.00764  6.13454e-02 | 95  0.00995  7.13351e-02 | 96  0.00493  7.45195e-02
 97  0.00612  6.86433e-02 | 98  0.02409  1.00656e-01 | 99  0.01732  1.28094e-01
100 -0.00114  1.58921e-01 |101  0.01806  1.28082e-01 |102  0.08479  1.94174e-01
103  0.03255 -2.44618e-02 |104 -0.00678 -6.91170e-02 |105  0.00385 -1.22497e-01
106  0.01621 -1.00081e-01 |107  0.02996 -3.80515e-02 |108 -0.00227 -3.77538e-03
109 -0.06896  2.61755e-02 |110 -0.08646  5.95104e-02 |111 -0.08473  9.90123e-02
112 -0.04933  2.03568e-01 |113  0.06097  1.95895e-01 |114  0.01376 -2.78604e-01
115  0.00804 -2.89382e-01 |116 -0.04052  2.71239e-02 |117 -0.08197 -7.42588e-02
118 -0.03347  5.65656e-02 |119 -0.02694 -8.57798e-03 |120 -0.05004  7.24116e-04
121  0.00396 -2.09838e-02 |122  0.04253  1.05659e-01 |123  0.00222  2.18907e-01
124  0.05033  3.22493e-01 |125 -0.01447 -6.80217e-04 |126  0.10551 -3.54267e-01
127 -0.00871 -1.30053e-01 |128 -0.04711  1.59422e-01 |129 -0.05761  1.09261e-01
130 -0.02506  3.29051e-02 |131  0.08625  2.79629e-02 |132  0.02460 -2.27676e-02
133  0.01289 -4.67619e-02 |134 -0.03411 -1.09626e-01 |135 -0.01882 -2.06581e-02
136 -0.00352  7.91664e-03 |137 -0.00000  1.58631e-07 |138 -0.64948  4.04132e-02
139 -0.99666  1.70221e-03 |140  0.03058  1.28143e-01 |141 -0.58652  7.04133e-06
142  0.03443 -1.99003e-01 |143 -0.40376  2.00591e-01 |144  0.81922  4.38450e+01
145 -0.11228  4.74466e-03 |146  0.19765 -1.62936e-01 |147 -0.23782 -2.45614e-01
148  0.16723  1.60991e-01 |149 -0.58132 -2.34816e-05 |150 -0.00778 -1.81958e-01
151 -0.42445  2.59481e-01 |152  0.82196  2.48884e+01 |153  0.12201  5.20418e-02
154 -0.04186  2.72258e-02 |155 -0.12018  3.88129e-01 |156  0.09420 -4.11979e-02
157  0.04755 -1.08773e-01 |158  0.14425  2.68242e-02 |159 -0.03784 -9.58765e-03
160 -0.58815  5.40795e-02 |161 -0.50989  2.69347e-04 |162 -0.21231 -3.73871e-02
163 -0.21217  9.51301e-01 |164  0.80064  1.58685e+00 |165  0.19146 -1.19067e-01
166  0.08266  4.19156e-01 |167 -0.25929 -3.57483e-01 |168 -0.39484 -2.58614e-02
169 -0.20083 -1.12054e-01 |170 -0.03757 -4.96075e-04 |171 -0.28409 -2.88515e-01
172  0.81681 -2.41002e+00 |173  0.08800 -1.36980e-01 |174 -0.52678 -2.46313e-04
175  0.07889 -2.42857e-01 |176 -0.40554 -2.02718e-01 |177 -0.14465  1.89833e+00
178  0.06364 -4.09432e-02 |179 -0.17470 -3.98293e-02 |180 -0.15632  1.82718e-02
181 -0.99999 -1.00926e-05 |182 -0.13819  4.51754e+00 |183  0.22581  2.94500e-01
184  0.00927 -5.89747e-01 |185 -0.36151  1.13016e-02 |186 -0.44163 -6.59786e-04
187 -0.03937  1.03121e-01 |188 -0.30052 -3.06915e-02 |189  0.80943  4.14490e+01

Intermediate statistics: 189 variables; iteration 20; function evaluation 24; phase 4
Function value 6.9191728e+03; maximum gradient component mag -9.7983e+00
Var    Value     Gradient |Var    Value     Gradient |Var    Value     Gradient
  1 -0.38864 -1.53902e+00 |  2  0.35571  4.85710e+00 |  3 -0.14784  9.39537e-01
  4  0.03153  3.34776e+00 |  5 -0.68487  2.85465e-02 |  6 -0.61904 -3.99069e-01
  7 -0.41893 -2.14035e+00 |  8  0.35399 -5.59180e+00 |  9 -0.20167 -9.79829e+00
 10  0.08806 -4.51047e+00 | 11 -0.61377 -2.14025e-02 | 12 -0.63562 -1.60114e-02
 13  0.83016  2.14758e-01 | 14 -0.00249  2.65731e-02 | 15 -0.00250  2.73409e-02
 16 -0.00249  2.81272e-02 | 17 -0.00248  2.89328e-02 | 18 -0.00245  2.97587e-02
 19 -0.00241  3.06061e-02 | 20 -0.00236  3.14763e-02 | 21 -0.00230  3.23708e-02
 22 -0.00222  3.32915e-02 | 23 -0.00213  3.42404e-02 | 24 -0.00203  3.52195e-02
 25 -0.00192  3.62313e-02 | 26 -0.00179  3.72778e-02 | 27 -0.00166  3.83610e-02
 28 -0.00151  3.94825e-02 | 29 -0.00135  4.06430e-02 | 30 -0.00118  4.18420e-02
 31 -0.00100  4.30774e-02 | 32 -0.00082  4.43452e-02 | 33 -0.00064  4.56385e-02
 34 -0.00046  4.69477e-02 | 35 -0.00029  4.82605e-02 | 36 -0.00012  4.95619e-02
 37  0.00003  5.08357e-02 | 38  0.00015  5.20660e-02 | 39  0.00024  5.32393e-02
 40  0.00029  5.43475e-02 | 41  0.00029  5.53898e-02 | 42  0.00024  5.63740e-02
 43  0.00012  5.73157e-02 | 44 -0.00006  5.82349e-02 | 45 -0.00029  5.91511e-02
 46 -0.00058  6.00756e-02 | 47 -0.00091  6.10061e-02 | 48 -0.00125  6.19231e-02
 49 -0.00159  6.27899e-02 | 50 -0.00190  6.35585e-02 | 51 -0.00214  6.41767e-02
 52 -0.00229  6.45981e-02 | 53 -0.00231  6.47902e-02 | 54 -0.00218  6.47413e-02
 55 -0.00186  6.44668e-02 | 56 -0.00132  6.40154e-02 | 57 -0.00055  6.34763e-02
 58  0.00047  6.29880e-02 | 59  0.00176  6.27447e-02 | 60  0.00332  6.29932e-02
 61  0.00516  6.40085e-02 | 62  0.00726  6.60357e-02 | 63  0.00960  6.91818e-02
 64  0.01214  7.32668e-02 | 65  0.01479  7.76851e-02 | 66  0.01744  8.14169e-02
 67  0.01993  8.32848e-02 | 68  0.02207  8.24635e-02 | 69  0.02365  7.88876e-02
 70  0.02453  7.30948e-02 | 71  0.02462  6.57461e-02 | 72  0.02396  5.74799e-02
 73  0.02266  4.90923e-02 | 74  0.02085  4.15826e-02 | 75  0.01861  3.57937e-02
 76  0.01591  3.21183e-02 | 77  0.01270  3.01587e-02 | 78  0.00894  2.82956e-02
 79  0.00478  2.39793e-02 | 80  0.00053  1.54110e-02 | 81 -0.00333  3.21781e-03
 82 -0.00643 -1.05757e-02 | 83 -0.00865 -2.42598e-02 | 84 -0.01015 -3.69556e-02
 85 -0.01132 -4.81024e-02 | 86 -0.01233 -5.71155e-02 | 87 -0.01280 -6.40862e-02
 88 -0.01235 -6.98969e-02 | 89 -0.01139 -7.48000e-02 | 90 -0.00878 -7.96909e-02
 91 -0.00450 -8.66436e-02 | 92  0.00149 -9.65409e-02 | 93  0.00506 -1.03957e-01
 94  0.00771 -1.10790e-01 | 95  0.01004 -1.16952e-01 | 96  0.00504 -1.15185e-01
 97  0.00630 -1.24100e-01 | 98  0.02429 -1.47534e-01 | 99  0.01742 -1.39136e-01
100 -0.00119 -1.20672e-01 |101  0.01816 -1.50996e-01 |102  0.08470 -2.70823e-01
103  0.03276 -2.31415e-01 |104 -0.00671 -1.85109e-01 |105  0.00392 -2.28625e-01
106  0.01622 -2.86019e-01 |107  0.02985 -2.75451e-01 |108 -0.00238 -1.88447e-01
109 -0.06903 -7.09659e-02 |110 -0.08659 -7.48946e-03 |111 -0.08494  2.44318e-02
112 -0.04965  1.14853e-01 |113  0.06074  2.09783e-01 |114  0.01402  6.37760e-02
115  0.00809 -7.79062e-02 |116 -0.04094 -9.93999e-02 |117 -0.08204 -1.67490e-02
118 -0.03390 -5.88423e-02 |119 -0.02719 -2.03459e-02 |120 -0.05030 -1.17990e-02
121  0.00379  5.65209e-03 |122  0.04224  5.21361e-02 |123  0.00171  1.44436e-02
124  0.04979  8.76536e-02 |125 -0.01457  3.19639e-02 |126  0.10545 -1.08711e-01
127 -0.00862 -3.19266e-02 |128 -0.04759  9.14879e-03 |129 -0.05796 -8.16020e-03
130 -0.02517  2.52968e-02 |131  0.08623  3.88908e-02 |132  0.02467  3.28532e-04
133  0.01302  2.69076e-02 |134 -0.03379  1.76142e-02 |135 -0.01875 -1.68285e-02
136 -0.00356  3.92201e-03 |137 -0.00000 -9.16111e-08 |138 -0.64739 -9.63897e-02
139 -0.99666  4.58216e-03 |140  0.03016 -1.53094e+00 |141 -0.58652 -3.15652e-06
142  0.03431  1.09539e+00 |143 -0.40255 -2.17828e-01 |144  0.81914  3.25955e+00
145 -0.11260  9.36265e-02 |146  0.19803 -4.04375e-02 |147 -0.23769  5.53003e-02
148  0.16685 -9.86715e-01 |149 -0.58132 -5.89710e-06 |150 -0.00790  8.42891e-01
151 -0.42359  4.00585e-01 |152  0.82187 -5.65896e+00 |153  0.12131  1.95070e-01
154 -0.04251 -4.37480e-02 |155 -0.12309  2.46502e-01 |156  0.09355 -1.78411e-01
157  0.04750  2.73415e-01 |158  0.14372 -2.16700e-01 |159 -0.03804  1.97324e-01
160 -0.58794  1.31408e-01 |161 -0.50989  5.21674e-04 |162 -0.21217 -3.05363e-02
163 -0.21251  1.58702e+00 |164  0.80067  3.48260e+00 |165  0.19098 -2.48826e-02
166  0.08250  2.75544e-01 |167 -0.25922 -1.07234e-04 |168 -0.39503 -1.25574e-01
169 -0.20120 -1.81162e-01 |170 -0.03755  9.19059e-02 |171 -0.28329 -3.31761e-01
172  0.81679 -1.86623e+00 |173  0.08762 -1.61279e-01 |174 -0.52678 -2.39298e-04
175  0.07868 -4.24671e-01 |176 -0.40465 -2.79387e-01 |177 -0.14523  8.82894e-02
178  0.06365  5.99125e-01 |179 -0.17489  5.19573e-01 |180 -0.15633 -1.38643e-01
181 -0.99999 -1.31848e-05 |182 -0.13855  3.65767e+00 |183  0.22579  2.88232e-01
184  0.00965 -4.73082e-01 |185 -0.36179 -1.18560e-01 |186 -0.44163 -6.77977e-04
187 -0.04006  1.05649e-01 |188 -0.30068 -5.49788e-01 |189  0.80933 -7.41989e-01
189 variables; iteration 40; function evaluation 45; phase 4
Function value 6.9191709e+03; maximum gradient component mag -8.4071e+00
Var    Value     Gradient |Var    Value     Gradient |Var    Value     Gradient
  1 -0.38869 -1.03536e+00 |  2  0.35576  4.32331e+00 |  3 -0.14765  7.99677e-01
  4  0.03129  2.82510e+00 |  5 -0.68486  4.59619e-02 |  6 -0.61900  3.57044e-01
  7 -0.41898 -2.08083e+00 |  8  0.35405 -5.20209e+00 |  9 -0.20148 -8.40708e+00
 10  0.08780 -4.20607e+00 | 11 -0.61386 -7.97104e-02 | 12 -0.63559  1.89442e-01
 13  0.82774  3.58400e-02 | 14 -0.00249  2.94662e-02 | 15 -0.00250  3.03401e-02
 16 -0.00249  3.12322e-02 | 17 -0.00247  3.21420e-02 | 18 -0.00245  3.30687e-02
 19 -0.00241  3.40111e-02 | 20 -0.00236  3.49680e-02 | 21 -0.00229  3.59377e-02
 22 -0.00222  3.69183e-02 | 23 -0.00213  3.79073e-02 | 24 -0.00203  3.89018e-02
 25 -0.00191  3.98982e-02 | 26 -0.00179  4.08927e-02 | 27 -0.00165  4.18804e-02
 28 -0.00150  4.28561e-02 | 29 -0.00134  4.38139e-02 | 30 -0.00117  4.47475e-02
 31 -0.00100  4.56498e-02 | 32 -0.00082  4.65135e-02 | 33 -0.00064  4.73311e-02
 34 -0.00046  4.80949e-02 | 35 -0.00028  4.87970e-02 | 36 -0.00012  4.94296e-02
 37  0.00003  4.99845e-02 | 38  0.00015  5.04528e-02 | 39  0.00024  5.08243e-02
 40  0.00029  5.10865e-02 | 41  0.00029  5.12248e-02 | 42  0.00023  5.12219e-02
 43  0.00012  5.10596e-02 | 44 -0.00006  5.07200e-02 | 45 -0.00030  5.01890e-02
 46 -0.00060  4.94588e-02 | 47 -0.00093  4.85289e-02 | 48 -0.00127  4.74064e-02
 49 -0.00162  4.61039e-02 | 50 -0.00193  4.46371e-02 | 51 -0.00218  4.30254e-02
 52 -0.00233  4.12938e-02 | 53 -0.00235  3.94786e-02 | 54 -0.00222  3.76342e-02
 55 -0.00190  3.58357e-02 | 56 -0.00136  3.41766e-02 | 57 -0.00059  3.27544e-02
 58  0.00043  3.16442e-02 | 59  0.00172  3.08619e-02 | 60  0.00329  3.03244e-02
 61  0.00513  2.98292e-02 | 62  0.00722  2.90800e-02 | 63  0.00956  2.77883e-02
 64  0.01207  2.58504e-02 | 65  0.01470  2.35233e-02 | 66  0.01733  2.14310e-02
 67  0.01980  2.02876e-02 | 68  0.02194  2.04329e-02 | 69  0.02355  2.15991e-02
 70  0.02446  2.32009e-02 | 71  0.02459  2.47710e-02 | 72  0.02397  2.60142e-02
 73  0.02271  2.65596e-02 | 74  0.02092  2.58086e-02 | 75  0.01868  2.31412e-02
 76  0.01596  1.82263e-02 | 77  0.01271  1.14595e-02 | 78  0.00892  4.38467e-03
 79  0.00474 -9.66515e-04 | 80  0.00051 -4.31999e-03 | 81 -0.00333 -8.12776e-03
 82 -0.00642 -1.49665e-02 | 83 -0.00863 -2.52380e-02 | 84 -0.01014 -3.77676e-02
 85 -0.01132 -5.11062e-02 | 86 -0.01235 -6.38897e-02 | 87 -0.01283 -7.51935e-02
 88 -0.01239 -8.50795e-02 | 89 -0.01143 -9.36171e-02 | 90 -0.00882 -1.02534e-01
 91 -0.00452 -1.12923e-01 | 92  0.00149 -1.25915e-01 | 93  0.00507 -1.34842e-01
 94  0.00773 -1.43443e-01 | 95  0.01004 -1.57292e-01 | 96  0.00502 -1.69495e-01
 97  0.00629 -1.91916e-01 | 98  0.02417 -2.39713e-01 | 99  0.01725 -2.55556e-01
100 -0.00125 -2.16194e-01 |101  0.01808 -2.35016e-01 |102  0.08446 -4.38126e-01
103  0.03277 -3.13179e-01 |104 -0.00686 -2.29820e-01 |105  0.00367 -2.40821e-01
106  0.01620 -2.17669e-01 |107  0.02982 -2.05586e-01 |108 -0.00259 -1.55150e-01
109 -0.06913 -6.82555e-02 |110 -0.08668 -1.10273e-02 |111 -0.08509  1.91878e-02
112 -0.04976  9.95066e-02 |113  0.06062  1.17474e-01 |114  0.01363 -6.47520e-02
115  0.00789 -1.19954e-01 |116 -0.04098 -5.28146e-02 |117 -0.08219 -2.09113e-02
118 -0.03396  1.00965e-02 |119 -0.02731  2.31246e-02 |120 -0.05039  2.23323e-02
121  0.00366  3.27830e-02 |122  0.04210  9.09508e-02 |123  0.00168  7.65944e-02
124  0.04973  1.52707e-01 |125 -0.01470  2.17311e-02 |126  0.10542 -3.21926e-02
127 -0.00877 -6.92539e-02 |128 -0.04749  6.13373e-02 |129 -0.05788  2.46476e-02
130 -0.02516  2.73207e-02 |131  0.08617  1.56140e-02 |132  0.02455 -2.90516e-02
133  0.01291 -5.70980e-03 |134 -0.03391 -1.80103e-02 |135 -0.01873 -9.49788e-03
136 -0.00356  2.92537e-03 |137 -0.00000 -1.30694e-07 |138 -0.64626 -2.47957e-01
139 -0.99671  2.98839e-03 |140  0.03001 -1.42536e+00 |141 -0.58653  4.12596e-05
142  0.03426  1.32216e+00 |143 -0.40163 -2.75170e-02 |144  0.81912  3.05913e+00
145 -0.11362  7.54107e-02 |146  0.19746 -9.48704e-02 |147 -0.23725  9.72801e-02
148  0.16687 -1.03077e+00 |149 -0.58133 -7.04052e-06 |150 -0.00788  9.64351e-01
151 -0.42362  2.53035e-01 |152  0.82185 -5.09846e+00 |153  0.12065  1.14523e-01
154 -0.04333 -8.81327e-02 |155 -0.12589 -4.91424e-02 |156  0.09294 -2.94669e-01
157  0.04718  2.84101e-01 |158  0.14339 -7.67421e-01 |159 -0.03815  6.42053e-01
160 -0.58587  1.81526e-01 |161 -0.50990  4.91748e-04 |162 -0.20978 -5.69340e-03
163 -0.21246  1.52854e+00 |164  0.80072  3.15839e+00 |165  0.19055 -2.13115e-01
166  0.08232  2.97951e-01 |167 -0.25918 -4.67897e-01 |168 -0.39441 -8.62259e-02
169 -0.20296 -2.20087e-01 |170 -0.03736  2.03554e-02 |171 -0.28133 -1.56710e-01
172  0.81677 -1.96488e+00 |173  0.08727 -2.33809e-01 |174 -0.52677 -2.32361e-04
175  0.07864 -2.35562e-01 |176 -0.40387 -1.25083e-01 |177 -0.14522  6.98491e-01
178  0.06366  6.32226e-01 |179 -0.17486  6.57473e-01 |180 -0.15628 -1.11457e-01
181 -0.99999 -2.16364e-05 |182 -0.13868  2.94486e+00 |183  0.22526  1.85548e-01
184  0.00948 -3.39088e-01 |185 -0.36412 -2.21619e-01 |186 -0.44170 -1.06702e-03
187 -0.04169  5.39039e-02 |188 -0.29969 -2.88175e-01 |189  0.80933 -2.58954e-01
189 variables; iteration 60; function evaluation 68; phase 4
Function value 6.9191686e+03; maximum gradient component mag -2.9512e-01
Var    Value     Gradient |Var    Value     Gradient |Var    Value     Gradient
  1 -0.38869 -2.52336e-02 |  2  0.35580  1.64422e-01 |  3 -0.14745  1.97837e-02
  4  0.03098  6.66864e-02 |  5 -0.68470  8.38308e-02 |  6 -0.61902  1.78669e-03
  7 -0.41896 -6.71763e-02 |  8  0.35420 -1.43835e-01 |  9 -0.20121 -2.95116e-01
 10  0.08745 -2.35555e-01 | 11 -0.61382  6.06384e-04 | 12 -0.63558 -1.64104e-02
 13  0.82897  4.31399e-03 | 14 -0.00252 -9.48179e-04 | 15 -0.00252 -9.70143e-04
 16 -0.00252 -9.85955e-04 | 17 -0.00250 -9.93464e-04 | 18 -0.00248 -9.90103e-04
 19 -0.00244 -9.72806e-04 | 20 -0.00239 -9.37965e-04 | 21 -0.00233 -8.81433e-04
 22 -0.00225 -7.98496e-04 | 23 -0.00216 -6.83995e-04 | 24 -0.00206 -5.32355e-04
 25 -0.00195 -3.37789e-04 | 26 -0.00182 -9.45575e-05 | 27 -0.00168  2.02720e-04
 28 -0.00153  5.58754e-04 | 29 -0.00137  9.76788e-04 | 30 -0.00120  1.45842e-03
 31 -0.00102  2.00274e-03 | 32 -0.00084  2.60597e-03 | 33 -0.00066  3.26102e-03
 34 -0.00048  3.95758e-03 | 35 -0.00030  4.68224e-03 | 36 -0.00013  5.41991e-03
 37  0.00002  6.15470e-03 | 38  0.00015  6.87276e-03 | 39  0.00024  7.56375e-03
 40  0.00030  8.22421e-03 | 41  0.00030  8.85838e-03 | 42  0.00025  9.47952e-03
 43  0.00014  1.01088e-02 | 44 -0.00004  1.07718e-02 | 45 -0.00027  1.14927e-02
 46 -0.00056  1.22845e-02 | 47 -0.00088  1.31388e-02 | 48 -0.00122  1.40160e-02
 49 -0.00155  1.48405e-02 | 50 -0.00186  1.55052e-02 | 51 -0.00210  1.58852e-02
 52 -0.00224  1.58592e-02 | 53 -0.00226  1.53371e-02 | 54 -0.00213  1.42847e-02
 55 -0.00180  1.27474e-02 | 56 -0.00127  1.08688e-02 | 57 -0.00050  8.89589e-03
 58  0.00052  7.16474e-03 | 59  0.00181  6.04276e-03 | 60  0.00338  5.80933e-03
 61  0.00522  6.47406e-03 | 62  0.00733  7.59399e-03 | 63  0.00967  8.23691e-03
 64  0.01219  7.30533e-03 | 65  0.01482  4.27879e-03 | 66  0.01744 -6.92035e-05
 67  0.01990 -3.83678e-03 | 68  0.02203 -5.31795e-03 | 69  0.02364 -4.24340e-03
 70  0.02455 -1.49250e-03 | 71  0.02468  2.00151e-03 | 72  0.02406  5.56328e-03
 73  0.02280  8.35244e-03 | 74  0.02101  9.22078e-03 | 75  0.01875  7.41544e-03
 76  0.01602  3.50916e-03 | 77  0.01277  1.77739e-04 | 78  0.00900  1.47141e-03
 79  0.00485  8.44735e-03 | 80  0.00064  1.55296e-02 | 81 -0.00320  1.62869e-02
 82 -0.00630  1.07818e-02 | 83 -0.00852  3.02161e-03 | 84 -0.01003 -4.00584e-03
 85 -0.01120 -8.91072e-03 | 86 -0.01221 -1.07892e-02 | 87 -0.01267 -9.71215e-03
 88 -0.01222 -7.13702e-03 | 89 -0.01125 -4.51867e-03 | 90 -0.00864 -2.98346e-03
 91 -0.00436 -4.48833e-03 | 92  0.00162 -1.04338e-02 | 93  0.00515 -2.02307e-02
 94  0.00777 -3.05125e-02 | 95  0.01005 -3.99644e-02 | 96  0.00502 -4.39423e-02
 97  0.00630 -3.88250e-02 | 98  0.02427 -2.86864e-02 | 99  0.01742 -9.36469e-03
100 -0.00111  1.36985e-02 |101  0.01818 -1.85663e-03 |102  0.08445 -4.47356e-02
103  0.03276 -1.92181e-02 |104 -0.00685 -2.39206e-03 |105  0.00382  4.40423e-02
106  0.01630  4.09143e-02 |107  0.02982 -3.52271e-02 |108 -0.00275 -1.05906e-01
109 -0.06904  2.58871e-02 |110 -0.08658  7.98411e-02 |111 -0.08513  2.74626e-02
112 -0.04982  1.61634e-02 |113  0.06038 -7.97165e-02 |114  0.01373  3.58443e-04
115  0.00809  6.79555e-02 |116 -0.04105 -9.51088e-03 |117 -0.08212  1.30454e-02
118 -0.03404  1.98093e-02 |119 -0.02727  3.02413e-02 |120 -0.05042  1.17353e-02
121  0.00359 -2.71445e-02 |122  0.04198 -5.54835e-02 |123  0.00153 -1.56875e-02
124  0.04966  3.00344e-02 |125 -0.01465  1.56088e-02 |126  0.10543 -7.63395e-02
127 -0.00865  1.47891e-02 |128 -0.04763  1.96643e-03 |129 -0.05805 -1.55396e-02
130 -0.02525 -1.59875e-02 |131  0.08614 -2.08689e-02 |132  0.02461  1.19798e-02
133  0.01297  5.50651e-04 |134 -0.03387 -1.41747e-02 |135 -0.01881 -1.89730e-02
136 -0.00356  3.77626e-03 |137 -0.00000  7.27813e-08 |138 -0.64635 -1.56817e-02
139 -0.99660  1.99476e-04 |140  0.03014 -9.74071e-03 |141 -0.58662  8.40551e-05
142  0.03419  6.84434e-02 |143 -0.40168 -5.46566e-03 |144  0.81910  5.87964e-02
145 -0.11371 -5.20312e-02 |146  0.19750 -2.30443e-02 |147 -0.23734 -8.00824e-02
148  0.16688 -1.86744e-02 |149 -0.58136  3.41043e-05 |150 -0.00799  4.41842e-02
151 -0.42336  2.33836e-02 |152  0.82183 -1.92570e-01 |153  0.12041  2.33764e-02
154 -0.04351  1.82642e-02 |155 -0.12661 -2.36045e-02 |156  0.09294 -1.12131e-02
157  0.04716  1.25931e-02 |158  0.14349 -8.31333e-03 |159 -0.03820  4.27575e-02
160 -0.58667 -2.39784e-02 |161 -0.50993  3.24509e-05 |162 -0.21059  1.03418e-02
163 -0.21264  3.70089e-02 |164  0.80071  1.94428e-01 |165  0.19052 -4.55888e-02
166  0.08221  1.15538e-01 |167 -0.25913  9.93408e-03 |168 -0.39471 -4.03310e-02
169 -0.20239 -9.96860e-02 |170 -0.03752  1.05828e-02 |171 -0.28168 -1.04761e-01
172  0.81677  3.14456e-02 |173  0.08736 -3.80216e-02 |174 -0.52670 -1.02567e-04
175  0.07871 -9.01844e-02 |176 -0.40364 -4.26939e-02 |177 -0.14543  2.27257e-02
178  0.06365  3.56289e-02 |179 -0.17489  4.36688e-02 |180 -0.15631 -1.01881e-02
181 -0.99999  3.19324e-05 |182 -0.13898  1.01124e-01 |183  0.22517 -1.14013e-02
184  0.00982 -7.62428e-03 |185 -0.36364 -7.24636e-03 |186 -0.44215  1.88051e-04
187 -0.04162 -5.19938e-02 |188 -0.29983 -4.64551e-02 |189  0.80931  1.83599e-01
189 variables; iteration 80; function evaluation 93; phase 4
Function value 6.9191685e+03; maximum gradient component mag 4.7507e-02
Var    Value     Gradient |Var    Value     Gradient |Var    Value     Gradient
  1 -0.38871 -8.56392e-04 |  2  0.35578  1.96327e-02 |  3 -0.14745  1.72084e-03
  4  0.03100  8.08855e-03 |  5 -0.68480  1.20555e-02 |  6 -0.61901  8.35151e-05
  7 -0.41898 -5.63731e-03 |  8  0.35419 -1.49581e-02 |  9 -0.20121 -3.36932e-02
 10  0.08748 -3.40297e-02 | 11 -0.61382 -5.74294e-04 | 12 -0.63558 -1.31675e-03
 13  0.82863 -6.57245e-03 | 14 -0.00252 -6.21433e-04 | 15 -0.00252 -6.01005e-04
 16 -0.00252 -5.75861e-04 | 17 -0.00250 -5.45838e-04 | 18 -0.00247 -5.10826e-04
 19 -0.00244 -4.70820e-04 | 20 -0.00239 -4.25900e-04 | 21 -0.00232 -3.76241e-04
 22 -0.00225 -3.22099e-04 | 23 -0.00216 -2.63787e-04 | 24 -0.00206 -2.01641e-04
 25 -0.00194 -1.35990e-04 | 26 -0.00182 -6.70866e-05 | 27 -0.00168  4.92948e-06
 28 -0.00153  8.00822e-05 | 29 -0.00137  1.58626e-04 | 30 -0.00120  2.41029e-04
 31 -0.00103  3.27990e-04 | 32 -0.00085  4.20378e-04 | 33 -0.00066  5.19143e-04
 34 -0.00048  6.25167e-04 | 35 -0.00031  7.39113e-04 | 36 -0.00014  8.61244e-04
 37  0.00001  9.91341e-04 | 38  0.00013  1.12866e-03 | 39  0.00023  1.27206e-03
 40  0.00028  1.42010e-03 | 41  0.00028  1.57119e-03 | 42  0.00023  1.72343e-03
 43  0.00011  1.87418e-03 | 44 -0.00006  2.01925e-03 | 45 -0.00030  2.15221e-03
 46 -0.00058  2.26431e-03 | 47 -0.00091  2.34574e-03 | 48 -0.00125  2.38854e-03
 49 -0.00159  2.39036e-03 | 50 -0.00189  2.35740e-03 | 51 -0.00213  2.30448e-03
 52 -0.00228  2.25139e-03 | 53 -0.00230  2.21587e-03 | 54 -0.00216  2.20526e-03
 55 -0.00183  2.20890e-03 | 56 -0.00129  2.19441e-03 | 57 -0.00051  2.11412e-03
 58  0.00052  1.92862e-03 | 59  0.00181  1.64949e-03 | 60  0.00338  1.37984e-03
 61  0.00522  1.29677e-03 | 62  0.00732  1.51818e-03 | 63  0.00966  1.89659e-03
 64  0.01219  1.96803e-03 | 65  0.01483  1.29489e-03 | 66  0.01746 -2.56628e-06
 67  0.01994 -1.20259e-03 | 68  0.02207 -1.65743e-03 | 69  0.02367 -1.37970e-03
 70  0.02457 -7.83605e-04 | 71  0.02469 -1.12924e-04 | 72  0.02406  6.16917e-04
 73  0.02279  1.27756e-03 | 74  0.02099  1.46217e-03 | 75  0.01874  8.02359e-04
 76  0.01603 -5.02942e-04 | 77  0.01279 -1.34681e-03 | 78  0.00901 -5.15148e-04
 79  0.00484  9.50949e-04 | 80  0.00059  7.86189e-04 | 81 -0.00325  4.77311e-04
 82 -0.00633  2.10165e-03 | 83 -0.00851  4.19918e-03 | 84 -0.01000  4.97848e-03
 85 -0.01116  4.00747e-03 | 86 -0.01217  1.54881e-03 | 87 -0.01265 -1.25208e-03
 88 -0.01221 -3.15728e-03 | 89 -0.01127 -4.06388e-03 | 90 -0.00867 -4.60824e-03
 91 -0.00439 -4.71569e-03 | 92  0.00160 -4.78203e-03 | 93  0.00516 -4.66333e-03
 94  0.00781 -4.22571e-03 | 95  0.01011 -4.43140e-03 | 96  0.00510 -4.38002e-03
 97  0.00637 -3.21346e-03 | 98  0.02429 -3.38171e-03 | 99  0.01739 -2.32266e-03
100 -0.00115  1.15370e-02 |101  0.01813  2.61667e-04 |102  0.08451 -1.34895e-02
103  0.03275 -8.11474e-03 |104 -0.00680  7.11616e-03 |105  0.00378  1.07895e-02
106  0.01622  1.40045e-03 |107  0.02983 -1.04439e-02 |108 -0.00256 -7.63844e-03
109 -0.06912 -3.52539e-03 |110 -0.08668  1.69572e-02 |111 -0.08514  3.50747e-04
112 -0.04984  2.66905e-03 |113  0.06045 -8.40048e-03 |114  0.01373 -3.73531e-03
115  0.00802  1.14330e-02 |116 -0.04100 -2.13078e-03 |117 -0.08211  4.85736e-03
118 -0.03403  4.31102e-03 |119 -0.02731  9.28206e-04 |120 -0.05045 -5.69875e-03
121  0.00362 -8.60610e-03 |122  0.04204 -4.73995e-03 |123  0.00156 -4.30395e-04
124  0.04961 -1.47663e-03 |125 -0.01467  4.42564e-03 |126  0.10550 -1.15308e-02
127 -0.00867  2.93084e-03 |128 -0.04764 -5.06924e-03 |129 -0.05800 -3.32134e-03
130 -0.02520 -9.56144e-04 |131  0.08619  4.08789e-03 |132  0.02460 -6.01896e-04
133  0.01298 -3.51886e-03 |134 -0.03380  2.00141e-03 |135 -0.01871  9.11818e-03
136 -0.00357 -8.50121e-05 |137 -0.00000 -8.64830e-09 |138 -0.64615 -1.46982e-03
139 -0.99658 -1.32026e-04 |140  0.03012  2.51355e-04 |141 -0.58671  7.56090e-05
142  0.03417  9.21866e-03 |143 -0.40164 -2.63081e-03 |144  0.81910  3.03950e-03
145 -0.11333 -4.83374e-03 |146  0.19774  1.83962e-03 |147 -0.23747 -7.91538e-03
148  0.16687 -2.27601e-03 |149 -0.58140  2.97552e-05 |150 -0.00799  5.11296e-03
151 -0.42336  6.14890e-03 |152  0.82183 -2.16431e-02 |153  0.12032  3.84894e-03
154 -0.04360  2.67362e-03 |155 -0.12650 -2.63037e-03 |156  0.09295  1.52800e-03
157  0.04717  3.30109e-03 |158  0.14344 -2.33888e-04 |159 -0.03826  5.38088e-03
160 -0.58656 -1.66508e-02 |161 -0.50996  1.41339e-05 |162 -0.21049  3.88191e-03
163 -0.21260 -2.67072e-03 |164  0.80070  1.86821e-03 |165  0.19049 -8.52655e-03
166  0.08213  1.39439e-02 |167 -0.25913  2.37943e-03 |168 -0.39442 -1.36555e-03
169 -0.20259 -1.57007e-02 |170 -0.03732  5.49581e-03 |171 -0.28146 -1.50303e-02
172  0.81677 -3.75862e-02 |173  0.08737 -4.21773e-03 |174 -0.52662 -6.92322e-05
175  0.07875 -1.14162e-02 |176 -0.40358 -7.50815e-03 |177 -0.14544  2.77363e-03
178  0.06365  4.00034e-03 |179 -0.17489  5.80065e-03 |180 -0.15630 -3.84714e-03
181 -0.99997  9.25822e-03 |182 -0.13899  1.17192e-02 |183  0.22545  4.67450e-03
184  0.01001  2.55553e-03 |185 -0.36346 -3.71133e-03 |186 -0.44260  3.41339e-04
187 -0.04140 -6.49621e-03 |188 -0.29986 -1.44689e-03 |189  0.80931  4.75068e-02

 - final statistics:
189 variables; iteration 89; function evaluation 107
Function value 6.9192e+03; maximum gradient component mag 8.9373e-04
Exit code = 1;  converg criter 1.0000e-03
Var    Value     Gradient |Var    Value     Gradient |Var    Value     Gradient
  1 -0.38871  7.36971e-05 |  2  0.35578 -4.11808e-04 |  3 -0.14745 -1.08939e-04
  4  0.03100 -1.71528e-04 |  5 -0.68482 -2.28124e-04 |  6 -0.61901  1.72293e-05
  7 -0.41898  1.65236e-04 |  8  0.35419  3.93227e-04 |  9 -0.20121  6.84572e-04
 10  0.08748  5.66411e-04 | 11 -0.61382 -1.69294e-04 | 12 -0.63558  2.26831e-05
 13  0.82873  1.33712e-04 | 14 -0.00252 -3.00795e-05 | 15 -0.00252 -2.81089e-05
 16 -0.00252 -2.60535e-05 | 17 -0.00250 -2.39100e-05 | 18 -0.00247 -2.16642e-05
 19 -0.00243 -1.93133e-05 | 20 -0.00238 -1.68529e-05 | 21 -0.00232 -1.42988e-05
 22 -0.00225 -1.16839e-05 | 23 -0.00216 -9.07377e-06 | 24 -0.00206 -6.56848e-06
 25 -0.00194 -4.31382e-06 | 26 -0.00182 -2.49456e-06 | 27 -0.00168 -1.33310e-06
 28 -0.00153 -1.07326e-06 | 29 -0.00137 -1.93782e-06 | 30 -0.00120 -4.10798e-06
 31 -0.00103 -7.65158e-06 | 32 -0.00085 -1.24809e-05 | 33 -0.00067 -1.82921e-05
 34 -0.00049 -2.45438e-05 | 35 -0.00031 -3.04555e-05 | 36 -0.00014 -3.50956e-05
 37  0.00001 -3.74796e-05 | 38  0.00013 -3.68016e-05 | 39  0.00022 -3.26042e-05
 40  0.00027 -2.50681e-05 | 41  0.00028 -1.51015e-05 | 42  0.00022 -4.44213e-06
 43  0.00011  4.47434e-06 | 44 -0.00007  8.88115e-06 | 45 -0.00030  6.34710e-06
 46 -0.00059 -4.30285e-06 | 47 -0.00091 -2.21922e-05 | 48 -0.00126 -4.41827e-05
 49 -0.00160 -6.56808e-05 | 50 -0.00190 -8.23277e-05 | 51 -0.00214 -9.16213e-05
 52 -0.00229 -9.34076e-05 | 53 -0.00230 -8.87994e-05 | 54 -0.00216 -7.80845e-05
 55 -0.00183 -5.92813e-05 | 56 -0.00129 -2.96787e-05 | 57 -0.00052  7.43100e-06
 58  0.00051  3.19083e-05 | 59  0.00181  3.62468e-06 | 60  0.00338 -1.08054e-04
 61  0.00522 -2.55952e-04 | 62  0.00732 -2.96028e-04 | 63  0.00966 -1.68065e-04
 64  0.01218 -1.15921e-04 | 65  0.01482 -3.33538e-04 | 66  0.01746 -3.76118e-04
 67  0.01994  6.76716e-05 | 68  0.02209  3.58319e-04 | 69  0.02368  2.07455e-04
 70  0.02458  3.27823e-05 | 71  0.02470 -4.18516e-05 | 72  0.02406 -1.69313e-04
 73  0.02278 -3.88404e-04 | 74  0.02099 -3.46883e-04 | 75  0.01874  1.47472e-04
 76  0.01604  4.05587e-04 | 77  0.01280  1.10655e-04 | 78  0.00902  2.44879e-04
 79  0.00484  2.27092e-04 | 80  0.00059 -2.34779e-04 | 81 -0.00325  9.56783e-05
 82 -0.00633  2.50010e-04 | 83 -0.00852  1.29802e-05 | 84 -0.01001 -9.08153e-05
 85 -0.01117  5.37690e-05 | 86 -0.01217  3.19772e-04 | 87 -0.01265  4.36419e-04
 88 -0.01220  2.68094e-04 | 89 -0.01126 -5.16931e-05 | 90 -0.00866 -2.57082e-04
 91 -0.00438 -2.58478e-04 | 92  0.00161 -3.00836e-04 | 93  0.00516 -2.28166e-04
 94  0.00781 -1.06111e-04 | 95  0.01011  4.02184e-06 | 96  0.00510  1.85657e-04
 97  0.00638  8.93734e-04 | 98  0.02429  4.93262e-04 | 99  0.01739 -1.60762e-04
100 -0.00119 -3.74613e-04 |101  0.01811 -2.10231e-04 |102  0.08453  6.50277e-04
103  0.03277 -3.45065e-04 |104 -0.00682  3.60999e-05 |105  0.00377 -1.24266e-04
106  0.01622  1.69829e-04 |107  0.02984  1.17138e-04 |108 -0.00255  1.18016e-04
109 -0.06911  2.44025e-04 |110 -0.08671 -4.02862e-04 |111 -0.08513  7.73368e-05
112 -0.04984  1.99779e-04 |113  0.06046  4.09593e-05 |114  0.01374  2.12445e-04
115  0.00801 -1.09808e-04 |116 -0.04099  1.29818e-04 |117 -0.08211 -1.36773e-04
118 -0.03403 -4.06723e-04 |119 -0.02732  3.27984e-04 |120 -0.05044  6.31587e-04
121  0.00363 -2.87736e-04 |122  0.04204 -4.78179e-06 |123  0.00156  4.53890e-04
124  0.04961 -1.83650e-04 |125 -0.01468 -3.79159e-05 |126  0.10552  1.33878e-04
127 -0.00868 -7.27668e-04 |128 -0.04763 -5.29344e-04 |129 -0.05799  2.31354e-04
130 -0.02519 -5.79010e-05 |131  0.08618  5.09477e-05 |132  0.02460 -2.84764e-04
133  0.01298 -1.54921e-04 |134 -0.03381 -6.14297e-04 |135 -0.01874 -4.87704e-04
136 -0.00357  2.63091e-04 |137 -0.00000 -2.85182e-09 |138 -0.64621  2.59279e-04
139 -0.99652 -3.23079e-05 |140  0.03012  3.90993e-05 |141 -0.58684  6.40411e-05
142  0.03417 -1.67914e-04 |143 -0.40162  7.52569e-05 |144  0.81910 -1.06944e-04
145 -0.11333  5.72896e-05 |146  0.19773  2.08400e-04 |147 -0.23747  2.06696e-04
148  0.16687  1.88038e-04 |149 -0.58145  2.49128e-05 |150 -0.00799 -1.62033e-05
151 -0.42337 -5.64876e-04 |152  0.82183  4.29785e-04 |153  0.12031  2.11398e-04
154 -0.04362  2.81587e-04 |155 -0.12649 -3.44571e-04 |156  0.09294  5.21063e-04
157  0.04717  2.97161e-04 |158  0.14343 -2.88987e-04 |159 -0.03827 -4.45755e-04
160 -0.58631 -6.06408e-04 |161 -0.51000  2.16718e-05 |162 -0.21026  5.49968e-04
163 -0.21263 -1.24031e-04 |164  0.80070 -7.46877e-04 |165  0.19051  3.16247e-04
166  0.08213 -1.46376e-04 |167 -0.25914 -7.11073e-05 |168 -0.39469 -3.80481e-05
169 -0.20249  4.81877e-06 |170 -0.03751  1.08175e-04 |171 -0.28145  1.01133e-04
172  0.81677  8.50677e-04 |173  0.08736  7.06064e-05 |174 -0.52651 -5.62140e-05
175  0.07875  1.85283e-04 |176 -0.40356  1.44734e-04 |177 -0.14544 -4.32004e-05
178  0.06366 -1.49346e-04 |179 -0.17489 -1.49306e-04 |180 -0.15629  1.34973e-04
181 -0.99999  3.71238e-04 |182 -0.13899 -2.65036e-04 |183  0.22536 -4.48760e-06
184  0.00996 -7.10544e-06 |185 -0.36339  1.70359e-04 |186 -0.44324  3.28114e-04
187 -0.04134 -6.28184e-05 |188 -0.29988  8.64613e-05 |189  0.80931 -3.76604e-04
Warning: the following parameters had issues
  Q_parm[5] is within 0.1% of lower bound: -1.00000e+01 < -9.99991e+00 < 2.00000e+00
  selparm[63] is within 0.1% of lower bound: -2.00000e+00 < -2.00000e+00 < 2.00000e+01


 - final statistics:
202 variables; iteration 0; function evaluation 0
Function value 6.9192e+03; maximum gradient component mag 8.9373e-04
Exit code = 0;  converg criter 1.0000e-03
Var    Value     Gradient |Var    Value     Gradient |Var    Value     Gradient
  1 -0.38871  7.36971e-05 |  2  0.35578 -4.11808e-04 |  3 -0.14745 -1.08939e-04
  4  0.03100 -1.71528e-04 |  5 -0.68482 -2.28124e-04 |  6 -0.61901  1.72293e-05
  7 -0.41898  1.65236e-04 |  8  0.35419  3.93227e-04 |  9 -0.20121  6.84572e-04
 10  0.08748  5.66411e-04 | 11 -0.61382 -1.69294e-04 | 12 -0.63558  2.26831e-05
 13  0.82873  1.33712e-04 | 14 -0.00252 -3.00795e-05 | 15 -0.00252 -2.81089e-05
 16 -0.00252 -2.60535e-05 | 17 -0.00250 -2.39100e-05 | 18 -0.00247 -2.16642e-05
 19 -0.00243 -1.93133e-05 | 20 -0.00238 -1.68529e-05 | 21 -0.00232 -1.42988e-05
 22 -0.00225 -1.16839e-05 | 23 -0.00216 -9.07377e-06 | 24 -0.00206 -6.56848e-06
 25 -0.00194 -4.31382e-06 | 26 -0.00182 -2.49456e-06 | 27 -0.00168 -1.33310e-06
 28 -0.00153 -1.07326e-06 | 29 -0.00137 -1.93782e-06 | 30 -0.00120 -4.10798e-06
 31 -0.00103 -7.65158e-06 | 32 -0.00085 -1.24809e-05 | 33 -0.00067 -1.82921e-05
 34 -0.00049 -2.45438e-05 | 35 -0.00031 -3.04555e-05 | 36 -0.00014 -3.50956e-05
 37  0.00001 -3.74796e-05 | 38  0.00013 -3.68016e-05 | 39  0.00022 -3.26042e-05
 40  0.00027 -2.50681e-05 | 41  0.00028 -1.51015e-05 | 42  0.00022 -4.44213e-06
 43  0.00011  4.47434e-06 | 44 -0.00007  8.88115e-06 | 45 -0.00030  6.34710e-06
 46 -0.00059 -4.30285e-06 | 47 -0.00091 -2.21922e-05 | 48 -0.00126 -4.41827e-05
 49 -0.00160 -6.56808e-05 | 50 -0.00190 -8.23277e-05 | 51 -0.00214 -9.16213e-05
 52 -0.00229 -9.34076e-05 | 53 -0.00230 -8.87994e-05 | 54 -0.00216 -7.80845e-05
 55 -0.00183 -5.92813e-05 | 56 -0.00129 -2.96787e-05 | 57 -0.00052  7.43100e-06
 58  0.00051  3.19083e-05 | 59  0.00181  3.62468e-06 | 60  0.00338 -1.08054e-04
 61  0.00522 -2.55952e-04 | 62  0.00732 -2.96028e-04 | 63  0.00966 -1.68065e-04
 64  0.01218 -1.15921e-04 | 65  0.01482 -3.33538e-04 | 66  0.01746 -3.76118e-04
 67  0.01994  6.76716e-05 | 68  0.02209  3.58319e-04 | 69  0.02368  2.07455e-04
 70  0.02458  3.27823e-05 | 71  0.02470 -4.18516e-05 | 72  0.02406 -1.69313e-04
 73  0.02278 -3.88404e-04 | 74  0.02099 -3.46883e-04 | 75  0.01874  1.47472e-04
 76  0.01604  4.05587e-04 | 77  0.01280  1.10655e-04 | 78  0.00902  2.44879e-04
 79  0.00484  2.27092e-04 | 80  0.00059 -2.34779e-04 | 81 -0.00325  9.56783e-05
 82 -0.00633  2.50010e-04 | 83 -0.00852  1.29802e-05 | 84 -0.01001 -9.08153e-05
 85 -0.01117  5.37690e-05 | 86 -0.01217  3.19772e-04 | 87 -0.01265  4.36419e-04
 88 -0.01220  2.68094e-04 | 89 -0.01126 -5.16931e-05 | 90 -0.00866 -2.57082e-04
 91 -0.00438 -2.58478e-04 | 92  0.00161 -3.00836e-04 | 93  0.00516 -2.28166e-04
 94  0.00781 -1.06111e-04 | 95  0.01011  4.02184e-06 | 96  0.00510  1.85657e-04
 97  0.00638  8.93734e-04 | 98  0.02429  4.93262e-04 | 99  0.01739 -1.60762e-04
100 -0.00119 -3.74613e-04 |101  0.01811 -2.10231e-04 |102  0.08453  6.50277e-04
103  0.03277 -3.45065e-04 |104 -0.00682  3.60999e-05 |105  0.00377 -1.24266e-04
106  0.01622  1.69829e-04 |107  0.02984  1.17138e-04 |108 -0.00255  1.18016e-04
109 -0.06911  2.44025e-04 |110 -0.08671 -4.02862e-04 |111 -0.08513  7.73368e-05
112 -0.04984  1.99779e-04 |113  0.06046  4.09593e-05 |114  0.01374  2.12445e-04
115  0.00801 -1.09808e-04 |116 -0.04099  1.29818e-04 |117 -0.08211 -1.36773e-04
118 -0.03403 -4.06723e-04 |119 -0.02732  3.27984e-04 |120 -0.05044  6.31587e-04
121  0.00363 -2.87736e-04 |122  0.04204 -4.78179e-06 |123  0.00156  4.53890e-04
124  0.04961 -1.83650e-04 |125 -0.01468 -3.79159e-05 |126  0.10552  1.33878e-04
127 -0.00868 -7.27668e-04 |128 -0.04763 -5.29344e-04 |129 -0.05799  2.31354e-04
130 -0.02519 -5.79010e-05 |131  0.08618  5.09477e-05 |132  0.02460 -2.84764e-04
133  0.01298 -1.54921e-04 |134 -0.03381 -6.14297e-04 |135 -0.01874 -4.87704e-04
136 -0.00357  2.63091e-04 |137 -0.00000 -2.85182e-09 |138  0.00000  0.00000e+00
139  0.00000  0.00000e+00 |140  0.00000  0.00000e+00 |141  0.00000  0.00000e+00
142  0.00000  0.00000e+00 |143  0.00000  0.00000e+00 |144  0.00000  0.00000e+00
145  0.00000  0.00000e+00 |146  0.00000  0.00000e+00 |147  0.00000  0.00000e+00
148  0.00000  0.00000e+00 |149  0.00000  0.00000e+00 |150  0.00000  0.00000e+00
151 -0.64621  2.59279e-04 |152 -0.99652 -3.23079e-05 |153  0.03012  3.90993e-05
154 -0.58684  6.40411e-05 |155  0.03417 -1.67914e-04 |156 -0.40162  7.52569e-05
157  0.81910 -1.06944e-04 |158 -0.11333  5.72896e-05 |159  0.19773  2.08400e-04
160 -0.23747  2.06696e-04 |161  0.16687  1.88038e-04 |162 -0.58145  2.49128e-05
163 -0.00799 -1.62033e-05 |164 -0.42337 -5.64876e-04 |165  0.82183  4.29784e-04
166  0.12031  2.11398e-04 |167 -0.04362  2.81587e-04 |168 -0.12649 -3.44571e-04
169  0.09294  5.21063e-04 |170  0.04717  2.97161e-04 |171  0.14343 -2.88987e-04
172 -0.03827 -4.45755e-04 |173 -0.58631 -6.06408e-04 |174 -0.51000  2.16718e-05
175 -0.21026  5.49968e-04 |176 -0.21263 -1.24031e-04 |177  0.80070 -7.46877e-04
178  0.19051  3.16247e-04 |179  0.08213 -1.46376e-04 |180 -0.25914 -7.11073e-05
181 -0.39469 -3.80481e-05 |182 -0.20249  4.81878e-06 |183 -0.03751  1.08175e-04
184 -0.28145  1.01133e-04 |185  0.81677  8.50677e-04 |186  0.08736  7.06064e-05
187 -0.52651 -5.62140e-05 |188  0.07875  1.85283e-04 |189 -0.40356  1.44734e-04
190 -0.14544 -4.32004e-05 |191  0.06366 -1.49346e-04 |192 -0.17489 -1.49306e-04
193 -0.15629  1.34973e-04 |194 -0.99999  3.71243e-04 |195 -0.13899 -2.65036e-04
196  0.22536 -4.48760e-06 |197  0.00996 -7.10544e-06 |198 -0.36339  1.70359e-04
199 -0.44324  3.28114e-04 |200 -0.04134 -6.28184e-05 |201 -0.29988  8.64613e-05
202  0.80931 -3.76605e-04 |
size of file gradfil1.tmp = 0
size of file gradfil2.tmp = 0
size of file varssave.tmp = 0
size of file cmpdiff.tmp = 1000000040
