
Initial statistics: 136 variables; iteration 0; function evaluation 0; phase 1
Function value 7.3786582e+03; maximum gradient component mag -2.5539e+02
Var    Value     Gradient |Var    Value     Gradient |Var    Value     Gradient
  1 -0.42335 -2.62046e+01 |  2 -0.09168 -2.55392e+02 |  3  0.00000  4.53759e+00
  4  0.00000  4.65447e+00 |  5  0.00000  4.77249e+00 |  6  0.00000  4.89141e+00
  7  0.00000  5.01106e+00 |  8  0.00000  5.13108e+00 |  9  0.00000  5.25108e+00
 10  0.00000  5.37073e+00 | 11  0.00000  5.48967e+00 | 12  0.00000  5.60755e+00
 13  0.00000  5.72397e+00 | 14  0.00000  5.83860e+00 | 15  0.00000  5.95100e+00
 16  0.00000  6.06070e+00 | 17  0.00000  6.16710e+00 | 18  0.00000  6.26957e+00
 19  0.00000  6.36746e+00 | 20  0.00000  6.46025e+00 | 21  0.00000  6.54752e+00
 22  0.00000  6.62877e+00 | 23  0.00000  6.70340e+00 | 24  0.00000  6.77067e+00
 25  0.00000  6.82961e+00 | 26  0.00000  6.87912e+00 | 27  0.00000  6.91793e+00
 28  0.00000  6.94481e+00 | 29  0.00000  6.95856e+00 | 30  0.00000  6.95761e+00
 31  0.00000  6.94212e+00 | 32  0.00000  6.91119e+00 | 33  0.00000  6.86435e+00
 34  0.00000  6.80146e+00 | 35  0.00000  6.72237e+00 | 36  0.00000  6.62720e+00
 37  0.00000  6.51638e+00 | 38  0.00000  6.39032e+00 | 39  0.00000  6.24948e+00
 40  0.00000  6.09419e+00 | 41  0.00000  5.92421e+00 | 42  0.00000  5.73832e+00
 43  0.00000  5.53452e+00 | 44  0.00000  5.30890e+00 | 45  0.00000  5.05557e+00
 46  0.00000  4.76738e+00 | 47  0.00000  4.43619e+00 | 48  0.00000  4.05254e+00
 49  0.00000  3.60700e+00 | 50  0.00000  3.08956e+00 | 51  0.00000  2.49044e+00
 52  0.00000  1.79971e+00 | 53  0.00000  1.00873e+00 | 54  0.00000  1.10289e-01
 55  0.00000 -9.00458e-01 | 56  0.00000 -2.02629e+00 | 57  0.00000 -3.26652e+00
 58  0.00000 -4.61571e+00 | 59  0.00000 -6.06430e+00 | 60  0.00000 -7.59631e+00
 61  0.00000 -9.19024e+00 | 62  0.00000 -1.08169e+01 | 63  0.00000 -1.24420e+01
 64  0.00000 -1.40266e+01 | 65  0.00000 -1.55286e+01 | 66  0.00000 -1.69074e+01
 67  0.00000 -1.81314e+01 | 68  0.00000 -1.91816e+01 | 69  0.00000 -2.00520e+01
 70  0.00000 -2.07489e+01 | 71  0.00000 -2.12769e+01 | 72  0.00000 -2.16306e+01
 73  0.00000 -2.17863e+01 | 74  0.00000 -2.17082e+01 | 75  0.00000 -2.13689e+01
 76  0.00000 -2.07763e+01 | 77  0.00000 -1.99992e+01 | 78  0.00000 -1.91598e+01
 79  0.00000 -1.84016e+01 | 80  0.00000 -1.78151e+01 | 81  0.00000 -1.74144e+01
 82  0.00000 -1.71527e+01 | 83  0.00000 -1.70401e+01 | 84  0.00000 -1.72314e+01
 85  0.00000 -1.77876e+01 | 86  0.00000 -1.84658e+01 | 87  0.00000 -1.97428e+01
 88  0.00000 -2.15113e+01 | 89  0.00000 -2.38822e+01 | 90  0.00000 -2.58455e+01
 91  0.00000 -2.78685e+01 | 92  0.00000 -3.01946e+01 | 93  0.00000 -3.17166e+01
 94  0.00000 -3.63344e+01 | 95  0.00000 -4.61936e+01 | 96  0.00000 -5.22244e+01
 97  0.00000 -5.25707e+01 | 98  0.00000 -6.54460e+01 | 99  0.00000 -8.23338e+01
100  0.00000 -6.55179e+01 |101  0.00000 -3.52361e+01 |102  0.00000 -2.58784e+01
103  0.00000 -1.82993e+01 |104  0.00000 -3.76867e+00 |105  0.00000  3.90251e+01
106  0.00000  1.10469e+02 |107  0.00000  1.43248e+02 |108  0.00000  1.34998e+02
109  0.00000  7.24978e+01 |110  0.00000 -5.25634e+00 |111  0.00000  4.62776e+00
112  0.00000  2.70739e+01 |113  0.00000  5.37374e+01 |114  0.00000  7.35222e+01
115  0.00000  4.05184e+01 |116  0.00000  2.43032e+01 |117  0.00000  1.90987e+01
118  0.00000 -1.93473e+01 |119  0.00000 -4.51523e+01 |120  0.00000 -3.17450e+01
121  0.00000 -5.07355e+01 |122  0.00000 -2.07642e+01 |123  0.00000 -9.04012e+01
124  0.00000  3.37701e+00 |125  0.00000  2.56839e+01 |126  0.00000  2.81795e+01
127  0.00000  9.34135e+00 |128  0.00000 -3.69701e+01 |129  0.00000 -1.38336e+01
130  0.00000 -3.72289e+00 |131  0.00000  1.08069e+01 |132  0.00000  5.17758e+00
133  0.00000  1.49294e+00 |134  0.00000  1.14216e-01 |135  0.27523 -3.69328e+01
136  0.18628 -5.81835e+01 |

Intermediate statistics: 136 variables; iteration 20; function evaluation 25; phase 1
Function value 7.3429467e+03; maximum gradient component mag -1.1268e+02
Var    Value     Gradient |Var    Value     Gradient |Var    Value     Gradient
  1 -0.42545 -3.05681e+01 |  2 -0.10919 -1.12683e+02 |  3 -0.01001  1.61945e-01
  4 -0.01015  1.90190e-01 |  5 -0.01026  2.21601e-01 |  6 -0.01037  2.56463e-01
  7 -0.01046  2.95092e-01 |  8 -0.01053  3.37757e-01 |  9 -0.01057  3.84757e-01
 10 -0.01060  4.36400e-01 | 11 -0.01060  4.92984e-01 | 12 -0.01057  5.54828e-01
 13 -0.01052  6.22255e-01 | 14 -0.01043  6.95579e-01 | 15 -0.01030  7.75138e-01
 16 -0.01014  8.61271e-01 | 17 -0.00995  9.54298e-01 | 18 -0.00971  1.05447e+00
 19 -0.00942  1.16197e+00 | 20 -0.00909  1.27689e+00 | 21 -0.00872  1.39940e+00
 22 -0.00829  1.52972e+00 | 23 -0.00782  1.66809e+00 | 24 -0.00729  1.81473e+00
 25 -0.00670  1.96981e+00 | 26 -0.00606  2.13330e+00 | 27 -0.00536  2.30497e+00
 28 -0.00459  2.48429e+00 | 29 -0.00376  2.67039e+00 | 30 -0.00288  2.86177e+00
 31 -0.00194  3.05740e+00 | 32 -0.00095  3.25507e+00 | 33  0.00008  3.45217e+00
 34  0.00113  3.64522e+00 | 35  0.00219  3.82962e+00 | 36  0.00322  3.99958e+00
 37  0.00422  4.14844e+00 | 38  0.00513  4.26851e+00 | 39  0.00592  4.35148e+00
 40  0.00655  4.38867e+00 | 41  0.00699  4.37109e+00 | 42  0.00720  4.28979e+00
 43  0.00714  4.13698e+00 | 44  0.00680  3.90626e+00 | 45  0.00617  3.59321e+00
 46  0.00525  3.19583e+00 | 47  0.00407  2.71410e+00 | 48  0.00264  2.14972e+00
 49  0.00102  1.50776e+00 | 50 -0.00074  7.96831e-01 | 51 -0.00258  3.09400e-02
 52 -0.00439 -7.69159e-01 | 53 -0.00603 -1.57385e+00 | 54 -0.00731 -2.34295e+00
 55 -0.00799 -3.02408e+00 | 56 -0.00777 -3.55624e+00 | 57 -0.00629 -3.86937e+00
 58 -0.00316 -3.89740e+00 | 59  0.00195 -3.59798e+00 | 60  0.00920 -2.98347e+00
 61  0.01837 -2.16035e+00 | 62  0.02855 -1.35907e+00 | 63  0.03792 -9.14082e-01
 64  0.04387 -1.16407e+00 | 65  0.04375 -2.30371e+00 | 66  0.03654 -4.28488e+00
 67  0.02420 -6.79231e+00 | 68  0.01104 -9.26342e+00 | 69  0.00112 -1.11162e+01
 70 -0.00399 -1.20950e+01 | 71 -0.00450 -1.22309e+01 | 72 -0.00074 -1.15802e+01
 73  0.00800 -1.00412e+01 | 74  0.02214 -7.57979e+00 | 75  0.03856 -4.68896e+00
 76  0.05013 -2.31160e+00 | 77  0.05118 -1.21153e+00 | 78  0.04265 -1.59411e+00
 79  0.02961 -3.10891e+00 | 80  0.01621 -5.17837e+00 | 81  0.00466 -7.28631e+00
 82 -0.00301 -8.87321e+00 | 83 -0.00540 -9.59183e+00 | 84 -0.00492 -9.97457e+00
 85 -0.00286 -1.02788e+01 | 86  0.00950 -8.84066e+00 | 87  0.01711 -8.72583e+00
 88  0.01922 -9.76352e+00 | 89 -0.00535 -1.46032e+01 | 90  0.00807 -1.32949e+01
 91  0.01540 -1.24008e+01 | 92  0.00180 -1.37810e+01 | 93  0.00092 -1.18282e+01
 94  0.02787 -7.84622e+00 | 95 -0.03468 -2.00843e+01 | 96  0.07715 -3.05045e+00
 97 -0.05329 -1.96492e+01 | 98 -0.01966 -1.60268e+01 | 99  0.10763 -1.24749e+01
100  0.00953 -1.11497e+01 |101 -0.05889 -1.50502e+01 |102  0.03320  7.65316e+00
103 -0.00927 -2.87388e+00 |104  0.05260  1.62662e+01 |105 -0.03152  5.40538e+00
106 -0.02124  5.04657e+01 |107 -0.02785  6.56587e+01 |108 -0.02808  5.89743e+01
109 -0.04473  1.35170e+01 |110  0.06176  1.07464e+01 |111  0.00905  2.01689e-01
112  0.01939  9.69841e+00 |113 -0.03062  3.56576e+00 |114 -0.06860  2.10973e+00
115 -0.01052  2.97874e+00 |116  0.01247  7.48571e+00 |117 -0.02607  2.89937e+00
118  0.01641 -1.39211e+00 |119  0.08382  1.33956e+00 |120 -0.03838 -1.43917e+01
121  0.09258  2.41439e-02 |122 -0.02761 -1.30842e+01 |123  0.11368 -1.78821e+01
124 -0.01207 -2.77977e+00 |125 -0.04704  4.88513e-01 |126 -0.05264  2.04044e+00
127 -0.02161  6.66128e-01 |128  0.09538  1.43274e+00 |129  0.03339  1.02379e+00
130  0.01762  5.71832e-01 |131 -0.02914 -1.26299e-01 |132 -0.02863 -3.06845e+00
133 -0.01237 -1.58918e+00 |134 -0.00073 -7.83318e-02 |135  0.29817 -3.06287e+00
136  0.20390 -2.11882e+01 |

 - final statistics:
136 variables; iteration 34; function evaluation 46
Function value 7.3343e+03; maximum gradient component mag 9.1422e+00
Exit code = 1;  converg criter 1.0000e+01
Var    Value     Gradient |Var    Value     Gradient |Var    Value     Gradient
  1 -0.42350 -8.18724e+00 |  2 -0.09350  9.04287e+00 |  3 -0.00937  2.62258e-01
  4 -0.00958  2.68268e-01 |  5 -0.00979  2.74152e-01 |  6 -0.00999  2.79877e-01
  7 -0.01019  2.85418e-01 |  8 -0.01038  2.90737e-01 |  9 -0.01057  2.95799e-01
 10 -0.01075  3.00572e-01 | 11 -0.01092  3.05029e-01 | 12 -0.01109  3.09144e-01
 13 -0.01124  3.12892e-01 | 14 -0.01138  3.16254e-01 | 15 -0.01151  3.19209e-01
 16 -0.01162  3.21735e-01 | 17 -0.01172  3.23806e-01 | 18 -0.01180  3.25397e-01
 19 -0.01186  3.26487e-01 | 20 -0.01190  3.27062e-01 | 21 -0.01192  3.27116e-01
 22 -0.01192  3.26638e-01 | 23 -0.01189  3.25612e-01 | 24 -0.01183  3.24016e-01
 25 -0.01175  3.21824e-01 | 26 -0.01164  3.19009e-01 | 27 -0.01150  3.15548e-01
 28 -0.01132  3.11438e-01 | 29 -0.01111  3.06698e-01 | 30 -0.01086  3.01354e-01
 31 -0.01058  2.95544e-01 | 32 -0.01026  2.89387e-01 | 33 -0.00991  2.83063e-01
 34 -0.00953  2.76802e-01 | 35 -0.00913  2.70862e-01 | 36 -0.00870  2.65525e-01
 37 -0.00826  2.61078e-01 | 38 -0.00782  2.57776e-01 | 39 -0.00739  2.55835e-01
 40 -0.00697  2.55414e-01 | 41 -0.00657  2.56592e-01 | 42 -0.00621  2.59328e-01
 43 -0.00589  2.63469e-01 | 44 -0.00560  2.68712e-01 | 45 -0.00533  2.74610e-01
 46 -0.00509  2.80618e-01 | 47 -0.00484  2.86051e-01 | 48 -0.00457  2.89997e-01
 49 -0.00425  2.91399e-01 | 50 -0.00387  2.89034e-01 | 51 -0.00339  2.81750e-01
 52 -0.00279  2.68713e-01 | 53 -0.00204  2.50121e-01 | 54 -0.00108  2.27992e-01
 55  0.00012  2.06781e-01 | 56  0.00162  1.93473e-01 | 57  0.00347  1.94287e-01
 58  0.00568  2.07576e-01 | 59  0.00818  2.11875e-01 | 60  0.01074  1.57722e-01
 61  0.01303 -1.33604e-02 | 62  0.01499 -2.95504e-01 | 63  0.01725 -5.22566e-01
 64  0.02067 -4.94248e-01 | 65  0.02395 -4.54222e-01 | 66  0.02624 -5.27656e-01
 67  0.02972 -2.61107e-01 | 68  0.03370  2.17638e-01 | 69  0.03625  5.61445e-01
 70  0.03698  6.95907e-01 | 71  0.03622  6.67220e-01 | 72  0.03427  5.14307e-01
 73  0.03105  2.26705e-01 | 74  0.02628 -2.47571e-01 | 75  0.02055 -8.01804e-01
 76  0.01601 -1.03302e+00 | 77  0.01222 -1.08702e+00 | 78  0.00956 -9.66002e-01
 79  0.00869 -6.06693e-01 | 80  0.00847 -3.02447e-01 | 81  0.00834 -1.41487e-01
 82  0.00794 -1.31836e-01 | 83  0.00710 -2.87788e-01 | 84  0.00663 -5.48801e-01
 85  0.00667 -9.10003e-01 | 86  0.00516 -1.56576e+00 | 87  0.00607 -2.05704e+00
 88  0.00740 -2.70049e+00 | 89  0.01575 -2.27433e+00 | 90  0.01133 -3.58314e+00
 91  0.00595 -4.76083e+00 | 92  0.00961 -3.96836e+00 | 93 -0.00129 -4.50428e+00
 94 -0.00425 -5.28252e+00 | 95  0.03353 -2.10806e+00 | 96  0.01627 -4.87470e+00
 97 -0.00409 -3.41099e+00 | 98  0.00216 -5.62979e+00 | 99  0.09714 -1.65216e+00
100  0.01345 -5.20783e+00 |101 -0.01501 -1.49263e+00 |102  0.00552 -3.59135e-01
103  0.01750 -3.25436e-02 |104  0.03526  2.48149e+00 |105  0.00700  7.27364e+00
106 -0.05799  7.49462e+00 |107 -0.07230  8.81897e+00 |108 -0.06876  9.14218e+00
109 -0.03648  4.28507e+00 |110  0.06961  8.68619e+00 |111  0.02790  6.54742e+00
112  0.01248  1.36116e+00 |113 -0.03265 -2.17399e+00 |114 -0.07056 -1.88451e+00
115 -0.00702 -1.99102e+00 |116  0.00166 -3.23449e+00 |117 -0.03056 -2.64829e+00
118  0.02655 -2.31202e+00 |119  0.07225 -1.46020e+00 |120  0.01209  4.67745e-01
121  0.08178  8.70136e-01 |122  0.01161  2.99627e+00 |123  0.13331  1.24554e+00
124 -0.00565 -5.57816e-02 |125 -0.04676 -5.84603e-02 |126 -0.05658  1.22724e-01
127 -0.02158  1.29700e-01 |128  0.09124 -1.25004e+00 |129  0.03113 -3.09900e-01
130  0.01484 -6.55569e-01 |131 -0.02641  5.59825e-01 |132 -0.01640  3.38931e-01
133 -0.00594 -2.35310e-02 |134 -0.00040  1.46813e-03 |135  0.28020  7.18466e+00
136  0.19060  7.41501e+00 |

 - final statistics:
146 variables; iteration 0; function evaluation 0
Function value 7.3343e+03; maximum gradient component mag 9.1422e+00
Exit code = 0;  converg criter 1.0000e+01
Var    Value     Gradient |Var    Value     Gradient |Var    Value     Gradient
  1 -0.42350 -8.18724e+00 |  2  0.37108  2.78346e+00 |  3 -0.12611  2.69672e+00
  4 -0.01318  3.00036e+00 |  5 -0.70910  2.35824e-01 |  6 -0.60422 -1.50646e+00
  7  0.37624  4.50100e+00 |  8 -0.18520  6.65200e+00 |  9  0.03404  4.28410e+00
 10 -0.60952 -5.75990e-02 | 11 -0.62338  4.92605e-01 | 12 -0.09350  9.04287e+00
 13 -0.00937  2.62258e-01 | 14 -0.00958  2.68268e-01 | 15 -0.00979  2.74152e-01
 16 -0.00999  2.79877e-01 | 17 -0.01019  2.85418e-01 | 18 -0.01038  2.90737e-01
 19 -0.01057  2.95799e-01 | 20 -0.01075  3.00572e-01 | 21 -0.01092  3.05029e-01
 22 -0.01109  3.09144e-01 | 23 -0.01124  3.12892e-01 | 24 -0.01138  3.16254e-01
 25 -0.01151  3.19209e-01 | 26 -0.01162  3.21735e-01 | 27 -0.01172  3.23806e-01
 28 -0.01180  3.25397e-01 | 29 -0.01186  3.26487e-01 | 30 -0.01190  3.27062e-01
 31 -0.01192  3.27116e-01 | 32 -0.01192  3.26638e-01 | 33 -0.01189  3.25612e-01
 34 -0.01183  3.24016e-01 | 35 -0.01175  3.21824e-01 | 36 -0.01164  3.19009e-01
 37 -0.01150  3.15548e-01 | 38 -0.01132  3.11438e-01 | 39 -0.01111  3.06698e-01
 40 -0.01086  3.01354e-01 | 41 -0.01058  2.95544e-01 | 42 -0.01026  2.89387e-01
 43 -0.00991  2.83063e-01 | 44 -0.00953  2.76802e-01 | 45 -0.00913  2.70862e-01
 46 -0.00870  2.65525e-01 | 47 -0.00826  2.61078e-01 | 48 -0.00782  2.57776e-01
 49 -0.00739  2.55835e-01 | 50 -0.00697  2.55414e-01 | 51 -0.00657  2.56592e-01
 52 -0.00621  2.59328e-01 | 53 -0.00589  2.63469e-01 | 54 -0.00560  2.68712e-01
 55 -0.00533  2.74610e-01 | 56 -0.00509  2.80618e-01 | 57 -0.00484  2.86051e-01
 58 -0.00457  2.89997e-01 | 59 -0.00425  2.91399e-01 | 60 -0.00387  2.89034e-01
 61 -0.00339  2.81750e-01 | 62 -0.00279  2.68713e-01 | 63 -0.00204  2.50121e-01
 64 -0.00108  2.27992e-01 | 65  0.00012  2.06781e-01 | 66  0.00162  1.93473e-01
 67  0.00347  1.94287e-01 | 68  0.00568  2.07576e-01 | 69  0.00818  2.11875e-01
 70  0.01074  1.57722e-01 | 71  0.01303 -1.33604e-02 | 72  0.01499 -2.95504e-01
 73  0.01725 -5.22566e-01 | 74  0.02067 -4.94248e-01 | 75  0.02395 -4.54222e-01
 76  0.02624 -5.27656e-01 | 77  0.02972 -2.61107e-01 | 78  0.03370  2.17638e-01
 79  0.03625  5.61445e-01 | 80  0.03698  6.95907e-01 | 81  0.03622  6.67220e-01
 82  0.03427  5.14307e-01 | 83  0.03105  2.26705e-01 | 84  0.02628 -2.47571e-01
 85  0.02055 -8.01804e-01 | 86  0.01601 -1.03302e+00 | 87  0.01222 -1.08702e+00
 88  0.00956 -9.66002e-01 | 89  0.00869 -6.06693e-01 | 90  0.00847 -3.02447e-01
 91  0.00834 -1.41487e-01 | 92  0.00794 -1.31836e-01 | 93  0.00710 -2.87788e-01
 94  0.00663 -5.48801e-01 | 95  0.00667 -9.10003e-01 | 96  0.00516 -1.56576e+00
 97  0.00607 -2.05704e+00 | 98  0.00740 -2.70049e+00 | 99  0.01575 -2.27433e+00
100  0.01133 -3.58314e+00 |101  0.00595 -4.76083e+00 |102  0.00961 -3.96836e+00
103 -0.00129 -4.50428e+00 |104 -0.00425 -5.28252e+00 |105  0.03353 -2.10806e+00
106  0.01627 -4.87470e+00 |107 -0.00409 -3.41099e+00 |108  0.00216 -5.62979e+00
109  0.09714 -1.65216e+00 |110  0.01345 -5.20783e+00 |111 -0.01501 -1.49263e+00
112  0.00552 -3.59135e-01 |113  0.01750 -3.25436e-02 |114  0.03526  2.48149e+00
115  0.00700  7.27364e+00 |116 -0.05799  7.49462e+00 |117 -0.07230  8.81897e+00
118 -0.06876  9.14218e+00 |119 -0.03648  4.28507e+00 |120  0.06961  8.68619e+00
121  0.02790  6.54742e+00 |122  0.01248  1.36116e+00 |123 -0.03265 -2.17399e+00
124 -0.07056 -1.88451e+00 |125 -0.00702 -1.99102e+00 |126  0.00166 -3.23449e+00
127 -0.03056 -2.64829e+00 |128  0.02655 -2.31202e+00 |129  0.07225 -1.46020e+00
130  0.01209  4.67745e-01 |131  0.08178  8.70136e-01 |132  0.01161  2.99627e+00
133  0.13331  1.24554e+00 |134 -0.00565 -5.57816e-02 |135 -0.04676 -5.84603e-02
136 -0.05658  1.22724e-01 |137 -0.02158  1.29700e-01 |138  0.09124 -1.25004e+00
139  0.03113 -3.09900e-01 |140  0.01484 -6.55569e-01 |141 -0.02641  5.59825e-01
142 -0.01640  3.38931e-01 |143 -0.00594 -2.35310e-02 |144 -0.00040  1.46813e-03
145  0.28020  7.18466e+00 |146  0.19060  7.41501e+00 |

Initial statistics: 176 variables; iteration 0; function evaluation 0; phase 3
Function value 7.3343084e+03; maximum gradient component mag -1.0497e+01
Var    Value     Gradient |Var    Value     Gradient |Var    Value     Gradient
  1 -0.42350 -8.18724e+00 |  2  0.37108  2.78346e+00 |  3 -0.12611  2.69672e+00
  4 -0.01318  3.00036e+00 |  5 -0.70910  2.35824e-01 |  6 -0.60422 -1.50646e+00
  7  0.37624  4.50100e+00 |  8 -0.18520  6.65200e+00 |  9  0.03404  4.28410e+00
 10 -0.60952 -5.75990e-02 | 11 -0.62338  4.92605e-01 | 12 -0.09350  9.04287e+00
 13 -0.00937  2.62258e-01 | 14 -0.00958  2.68268e-01 | 15 -0.00979  2.74152e-01
 16 -0.00999  2.79877e-01 | 17 -0.01019  2.85418e-01 | 18 -0.01038  2.90737e-01
 19 -0.01057  2.95799e-01 | 20 -0.01075  3.00572e-01 | 21 -0.01092  3.05029e-01
 22 -0.01109  3.09144e-01 | 23 -0.01124  3.12892e-01 | 24 -0.01138  3.16254e-01
 25 -0.01151  3.19209e-01 | 26 -0.01162  3.21735e-01 | 27 -0.01172  3.23806e-01
 28 -0.01180  3.25397e-01 | 29 -0.01186  3.26487e-01 | 30 -0.01190  3.27062e-01
 31 -0.01192  3.27116e-01 | 32 -0.01192  3.26638e-01 | 33 -0.01189  3.25612e-01
 34 -0.01183  3.24016e-01 | 35 -0.01175  3.21824e-01 | 36 -0.01164  3.19009e-01
 37 -0.01150  3.15548e-01 | 38 -0.01132  3.11438e-01 | 39 -0.01111  3.06698e-01
 40 -0.01086  3.01354e-01 | 41 -0.01058  2.95544e-01 | 42 -0.01026  2.89387e-01
 43 -0.00991  2.83063e-01 | 44 -0.00953  2.76802e-01 | 45 -0.00913  2.70862e-01
 46 -0.00870  2.65525e-01 | 47 -0.00826  2.61078e-01 | 48 -0.00782  2.57776e-01
 49 -0.00739  2.55835e-01 | 50 -0.00697  2.55414e-01 | 51 -0.00657  2.56592e-01
 52 -0.00621  2.59328e-01 | 53 -0.00589  2.63469e-01 | 54 -0.00560  2.68712e-01
 55 -0.00533  2.74610e-01 | 56 -0.00509  2.80618e-01 | 57 -0.00484  2.86051e-01
 58 -0.00457  2.89997e-01 | 59 -0.00425  2.91399e-01 | 60 -0.00387  2.89034e-01
 61 -0.00339  2.81750e-01 | 62 -0.00279  2.68713e-01 | 63 -0.00204  2.50121e-01
 64 -0.00108  2.27992e-01 | 65  0.00012  2.06781e-01 | 66  0.00162  1.93473e-01
 67  0.00347  1.94287e-01 | 68  0.00568  2.07576e-01 | 69  0.00818  2.11875e-01
 70  0.01074  1.57722e-01 | 71  0.01303 -1.33604e-02 | 72  0.01499 -2.95504e-01
 73  0.01725 -5.22566e-01 | 74  0.02067 -4.94248e-01 | 75  0.02395 -4.54222e-01
 76  0.02624 -5.27656e-01 | 77  0.02972 -2.61107e-01 | 78  0.03370  2.17638e-01
 79  0.03625  5.61445e-01 | 80  0.03698  6.95907e-01 | 81  0.03622  6.67220e-01
 82  0.03427  5.14307e-01 | 83  0.03105  2.26705e-01 | 84  0.02628 -2.47571e-01
 85  0.02055 -8.01804e-01 | 86  0.01601 -1.03302e+00 | 87  0.01222 -1.08702e+00
 88  0.00956 -9.66002e-01 | 89  0.00869 -6.06693e-01 | 90  0.00847 -3.02447e-01
 91  0.00834 -1.41487e-01 | 92  0.00794 -1.31836e-01 | 93  0.00710 -2.87788e-01
 94  0.00663 -5.48801e-01 | 95  0.00667 -9.10003e-01 | 96  0.00516 -1.56576e+00
 97  0.00607 -2.05704e+00 | 98  0.00740 -2.70049e+00 | 99  0.01575 -2.27433e+00
100  0.01133 -3.58314e+00 |101  0.00595 -4.76083e+00 |102  0.00961 -3.96836e+00
103 -0.00129 -4.50428e+00 |104 -0.00425 -5.28252e+00 |105  0.03353 -2.10806e+00
106  0.01627 -4.87470e+00 |107 -0.00409 -3.41099e+00 |108  0.00216 -5.62979e+00
109  0.09714 -1.65216e+00 |110  0.01345 -5.20783e+00 |111 -0.01501 -1.49263e+00
112  0.00552 -3.59135e-01 |113  0.01750 -3.25436e-02 |114  0.03526  2.48149e+00
115  0.00700  7.27364e+00 |116 -0.05799  7.49462e+00 |117 -0.07230  8.81897e+00
118 -0.06876  9.14218e+00 |119 -0.03648  4.28507e+00 |120  0.06961  8.68619e+00
121  0.02790  6.54742e+00 |122  0.01248  1.36116e+00 |123 -0.03265 -2.17399e+00
124 -0.07056 -1.88451e+00 |125 -0.00702 -1.99102e+00 |126  0.00166 -3.23449e+00
127 -0.03056 -2.64829e+00 |128  0.02655 -2.31202e+00 |129  0.07225 -1.46020e+00
130  0.01209  4.67745e-01 |131  0.08178  8.70136e-01 |132  0.01161  2.99627e+00
133  0.13331  1.24554e+00 |134 -0.00565 -5.57816e-02 |135 -0.04676 -5.84603e-02
136 -0.05658  1.22724e-01 |137 -0.02158  1.29700e-01 |138  0.09124 -1.25004e+00
139  0.03113 -3.09900e-01 |140  0.01484 -6.55569e-01 |141 -0.02641  5.59825e-01
142 -0.01640  3.38931e-01 |143 -0.00594 -2.35310e-02 |144 -0.00040  1.46813e-03
145  0.28020  7.18466e+00 |146  0.19060  7.41501e+00 |147  0.04655 -2.66418e+00
148  0.29672  1.01159e+00 |149 -0.47550 -1.86418e-01 |150  0.31378  2.18739e-01
151  0.18240 -1.32936e-01 |152  0.25985  1.02529e+00 |153  0.17452 -1.48038e+00
154  0.25418  1.04511e+00 |155  0.10334 -1.14618e+00 |156  0.29675  1.98872e+00
157  0.16884 -1.49094e+00 |158  0.24621  2.16919e+00 |159 -0.35199  2.56987e-01
160  0.24280  8.10097e-02 |161  0.20262 -8.43679e-01 |162  0.31674  3.41514e+00
163 -0.38070  3.83762e-01 |164  0.23598 -1.71494e-01 |165  0.05108 -2.27564e+00
166  0.11964 -3.42588e+00 |167  0.32137  3.08479e+00 |168  0.27251  4.77695e+00
169  0.01338 -9.79463e-01 |170  0.39320 -1.34236e-01 |171  0.09929 -8.67859e+00
172  0.16363 -1.04967e+01 |173  0.21869  8.25651e+00 |174  0.25726  4.32185e+00
175 -0.55411  1.97635e+00 |176  0.17113 -3.84977e-01 |

Intermediate statistics: 176 variables; iteration 20; function evaluation 22; phase 3
Function value 7.3340568e+03; maximum gradient component mag 3.1223e+01
Var    Value     Gradient |Var    Value     Gradient |Var    Value     Gradient
  1 -0.42363 -1.08662e+01 |  2  0.37147  3.12233e+01 |  3 -0.12647 -7.69715e+00
  4 -0.01299  8.30477e+00 |  5 -0.70939 -1.50403e+00 |  6 -0.60456 -1.18700e+01
  7  0.37617 -4.45832e+00 |  8 -0.18535 -1.45516e+01 |  9  0.03415 -8.96190e+00
 10 -0.61023 -2.29185e+00 | 11 -0.62382 -1.42722e+01 | 12 -0.09256  7.84406e+00
 13 -0.00996  4.66396e-02 | 14 -0.01018  4.77264e-02 | 15 -0.01039  4.88249e-02
 16 -0.01060  4.99350e-02 | 17 -0.01081  5.10572e-02 | 18 -0.01101  5.21912e-02
 19 -0.01121  5.33372e-02 | 20 -0.01140  5.44956e-02 | 21 -0.01157  5.56674e-02
 22 -0.01174  5.68539e-02 | 23 -0.01189  5.80572e-02 | 24 -0.01203  5.92799e-02
 25 -0.01216  6.05259e-02 | 26 -0.01227  6.17993e-02 | 27 -0.01236  6.31035e-02
 28 -0.01243  6.44400e-02 | 29 -0.01248  6.58087e-02 | 30 -0.01251  6.72106e-02
 31 -0.01251  6.86511e-02 | 32 -0.01249  7.01384e-02 | 33 -0.01245  7.16821e-02
 34 -0.01237  7.32924e-02 | 35 -0.01227  7.49781e-02 | 36 -0.01213  7.67452e-02
 37 -0.01196  7.85970e-02 | 38 -0.01176  8.05348e-02 | 39 -0.01151  8.25605e-02
 40 -0.01123  8.46759e-02 | 41 -0.01091  8.68995e-02 | 42 -0.01056  8.92485e-02
 43 -0.01017  9.17479e-02 | 44 -0.00975  9.44267e-02 | 45 -0.00931  9.73151e-02
 46 -0.00885  1.00447e-01 | 47 -0.00838  1.03862e-01 | 48 -0.00792  1.07603e-01
 49 -0.00746  1.11715e-01 | 50 -0.00703  1.16231e-01 | 51 -0.00663  1.21164e-01
 52 -0.00627  1.26499e-01 | 53 -0.00595  1.32216e-01 | 54 -0.00568  1.38299e-01
 55 -0.00543  1.44746e-01 | 56 -0.00521  1.51569e-01 | 57 -0.00498  1.58770e-01
 58 -0.00473  1.66312e-01 | 59 -0.00443  1.74165e-01 | 60 -0.00404  1.82267e-01
 61 -0.00355  1.90565e-01 | 62 -0.00291  1.98988e-01 | 63 -0.00210  2.07532e-01
 64 -0.00108  2.16316e-01 | 65  0.00019  2.25588e-01 | 66  0.00172  2.36060e-01
 67  0.00356  2.48335e-01 | 68  0.00571  2.62458e-01 | 69  0.00818  2.76339e-01
 70  0.01093  2.83547e-01 | 71  0.01388  2.73860e-01 | 72  0.01695  2.42790e-01
 73  0.02013  2.11369e-01 | 74  0.02346  2.16224e-01 | 75  0.02658  2.21986e-01
 76  0.02917  2.03463e-01 | 77  0.03151  2.53662e-01 | 78  0.03340  3.53516e-01
 79  0.03439  4.23943e-01 | 80  0.03443  4.41797e-01 | 81  0.03367  4.16327e-01
 82  0.03222  3.58554e-01 | 83  0.03005  2.70126e-01 | 84  0.02705  1.47443e-01
 85  0.02337  2.08481e-02 | 86  0.01950 -3.99951e-02 | 87  0.01561 -7.26775e-02
 88  0.01215 -8.74495e-02 | 89  0.00953 -8.39754e-02 | 90  0.00775 -9.69649e-02
 91  0.00659 -1.29887e-01 | 92  0.00567 -1.78478e-01 | 93  0.00488 -2.39999e-01
 94  0.00473 -3.06768e-01 | 95  0.00534 -3.78638e-01 | 96  0.00545 -4.70448e-01
 97  0.00711 -5.44276e-01 | 98  0.00962 -6.31134e-01 | 99  0.01423 -5.83854e-01
100  0.01393 -7.35752e-01 |101  0.01232 -8.59539e-01 |102  0.01127 -7.65534e-01
103  0.00284 -8.26336e-01 |104  0.00305 -9.67392e-01 |105  0.02401 -7.59957e-01
106  0.02088 -1.09321e+00 |107 -0.00247 -6.51162e-01 |108  0.01412 -1.05223e+00
109  0.08577 -6.20870e-01 |110  0.02644 -1.05220e+00 |111 -0.01438 -3.64098e-01
112  0.00389 -4.45952e-01 |113  0.01876 -2.39188e-01 |114  0.03828  5.41992e-01
115  0.00346  1.20717e+00 |116 -0.06162  1.37987e+00 |117 -0.07793  1.48852e+00
118 -0.07654  1.40236e+00 |119 -0.03359  1.82739e+00 |120  0.07007  1.93271e+00
121  0.02301  1.05048e-01 |122  0.01343 -2.72146e-01 |123 -0.02810 -4.22184e-01
124 -0.06732 -1.28550e-01 |125 -0.00730 -8.12638e-01 |126  0.00390 -8.50455e-01
127 -0.02753 -4.27133e-01 |128  0.02808 -2.85293e-01 |129  0.07309 -3.31408e-02
130  0.01070  1.86531e-01 |131  0.08277  6.85280e-01 |132  0.00540 -1.45104e-02
133  0.13302  5.76019e-01 |134 -0.00527 -2.28020e-02 |135 -0.04646  1.44083e-01
136 -0.05674 -4.11472e-02 |137 -0.02200 -6.70983e-03 |138  0.09418  1.43530e-02
139  0.03193 -5.56667e-02 |140  0.01690  1.22380e-01 |141 -0.02802  7.46727e-03
142 -0.01757 -8.16063e-02 |143 -0.00580  1.44154e-01 |144 -0.00040  4.11162e-04
145  0.27748  3.42197e+00 |146  0.18842  4.51522e+00 |147  0.04640  2.77942e+00
148  0.29641 -5.68588e+00 |149 -0.47562 -8.61511e-02 |150  0.31375  4.50860e-02
151  0.18255 -5.91483e-01 |152  0.26005  2.13909e+00 |153  0.17448 -6.41528e-01
154  0.25434  1.36678e+00 |155  0.10318 -3.86845e+00 |156  0.29740  9.39991e+00
157  0.16846 -6.56955e+00 |158  0.24694  1.08606e+01 |159 -0.35201  6.48666e-01
160  0.24260 -9.29318e-01 |161  0.20292  1.41265e+00 |162  0.31618 -3.49408e+00
163 -0.38076  7.00794e-02 |164  0.23598 -1.04323e-01 |165  0.05100 -3.57650e-01
166  0.11915 -7.56499e+00 |167  0.32121  1.60077e-02 |168  0.27335  1.12620e+01
169  0.01330  6.82913e-02 |170  0.39308 -2.32563e-01 |171  0.09889 -2.97068e+01
172  0.16340 -1.49011e+00 |173  0.21917  2.55400e+01 |174  0.25713 -1.39490e+00
175 -0.55527  8.87422e-01 |176  0.17059 -8.25038e-02 |
176 variables; iteration 40; function evaluation 44; phase 3
Function value 7.3340321e+03; maximum gradient component mag 2.3415e+01
Var    Value     Gradient |Var    Value     Gradient |Var    Value     Gradient
  1 -0.42361 -7.57488e+00 |  2  0.37144  2.34146e+01 |  3 -0.12631 -5.34458e+00
  4 -0.01315  5.72846e+00 |  5 -0.70914 -1.02821e+00 |  6 -0.60450 -8.08976e+00
  7  0.37611 -3.31106e+00 |  8 -0.18531 -1.02340e+01 |  9  0.03427 -6.23160e+00
 10 -0.61008 -1.59340e+00 | 11 -0.62371 -1.05706e+01 | 12 -0.08909  5.42165e+00
 13 -0.01004  2.42066e-02 | 14 -0.01026  2.50241e-02 | 15 -0.01048  2.59067e-02
 16 -0.01069  2.68599e-02 | 17 -0.01090  2.78894e-02 | 18 -0.01110  2.89999e-02
 19 -0.01129  3.01960e-02 | 20 -0.01148  3.14820e-02 | 21 -0.01166  3.28616e-02
 22 -0.01182  3.43383e-02 | 23 -0.01197  3.59151e-02 | 24 -0.01211  3.75946e-02
 25 -0.01224  3.93792e-02 | 26 -0.01234  4.12710e-02 | 27 -0.01243  4.32703e-02
 28 -0.01250  4.53751e-02 | 29 -0.01255  4.75809e-02 | 30 -0.01257  4.98834e-02
 31 -0.01257  5.22822e-02 | 32 -0.01255  5.47780e-02 | 33 -0.01250  5.73725e-02
 34 -0.01242  6.00663e-02 | 35 -0.01231  6.28572e-02 | 36 -0.01217  6.57380e-02
 37 -0.01199  6.86959e-02 | 38 -0.01178  7.17120e-02 | 39 -0.01153  7.47623e-02
 40 -0.01124  7.78135e-02 | 41 -0.01091  8.08421e-02 | 42 -0.01055  8.38071e-02
 43 -0.01016  8.66606e-02 | 44 -0.00973  8.93426e-02 | 45 -0.00929  9.17796e-02
 46 -0.00882  9.38910e-02 | 47 -0.00836  9.55992e-02 | 48 -0.00789  9.68297e-02
 49 -0.00744  9.75180e-02 | 50 -0.00701  9.76054e-02 | 51 -0.00662  9.70348e-02
 52 -0.00627  9.57574e-02 | 53 -0.00597  9.37589e-02 | 54 -0.00571  9.10644e-02
 55 -0.00548  8.77408e-02 | 56 -0.00528  8.38902e-02 | 57 -0.00508  7.96393e-02
 58 -0.00485  7.51426e-02 | 59 -0.00457  7.06027e-02 | 60 -0.00421  6.62451e-02
 61 -0.00373  6.22955e-02 | 62 -0.00311  5.89089e-02 | 63 -0.00232  5.60827e-02
 64 -0.00131  5.35381e-02 | 65 -0.00006  5.06440e-02 | 66  0.00145  4.66301e-02
 67  0.00324  4.10733e-02 | 68  0.00534  3.49113e-02 | 69  0.00777  3.07990e-02
 70  0.01052  3.03348e-02 | 71  0.01353  2.68359e-02 | 72  0.01666  2.44978e-03
 73  0.01978 -4.81600e-02 | 74  0.02291 -8.71089e-02 | 75  0.02584 -1.20487e-01
 76  0.02821 -1.77509e-01 | 77  0.03053 -1.25346e-01 | 78  0.03268  3.11964e-02
 79  0.03394  1.61880e-01 | 80  0.03408  2.14093e-01 | 81  0.03327  1.99797e-01
 82  0.03169  1.41496e-01 | 83  0.02937  5.09903e-02 | 84  0.02631 -5.86291e-02
 85  0.02279 -1.24210e-01 | 86  0.01925 -8.66340e-02 | 87  0.01565 -2.59193e-02
 88  0.01229  1.56423e-02 | 89  0.00950  1.10172e-02 | 90  0.00748 -2.62929e-02
 91  0.00614 -7.39988e-02 | 92  0.00511 -1.22218e-01 | 93  0.00430 -1.63898e-01
 94  0.00418 -2.02269e-01 | 95  0.00484 -2.41471e-01 | 96  0.00518 -2.65866e-01
 97  0.00689 -3.22714e-01 | 98  0.00950 -3.90348e-01 | 99  0.01349 -4.65394e-01
100  0.01366 -5.22611e-01 |101  0.01257 -5.52291e-01 |102  0.01076 -6.30770e-01
103  0.00288 -6.20199e-01 |104  0.00410 -6.16259e-01 |105  0.02217 -1.00475e+00
106  0.02180 -7.72229e-01 |107 -0.00136 -3.67888e-01 |108  0.01510 -7.78614e-01
109  0.08473 -7.29431e-01 |110  0.02799 -6.68039e-01 |111 -0.01372 -2.54710e-02
112  0.00454 -2.22669e-02 |113  0.01961  2.09106e-01 |114  0.03915  7.85541e-01
115  0.00371  1.03730e+00 |116 -0.06113  1.21004e+00 |117 -0.07756  1.24377e+00
118 -0.07560  1.29331e+00 |119 -0.03410  9.07066e-01 |120  0.07060  1.18651e+00
121  0.02442  3.76958e-01 |122  0.01416 -1.53656e-01 |123 -0.02769 -4.02370e-01
124 -0.06688 -5.38080e-02 |125 -0.00602 -2.46446e-01 |126  0.00501 -2.91973e-01
127 -0.02701 -1.25977e-01 |128  0.02935  2.71626e-01 |129  0.07392  3.87639e-01
130  0.01194  4.98152e-01 |131  0.08267  2.89327e-01 |132  0.00683  3.40289e-01
133  0.13329  2.83681e-01 |134 -0.00501 -4.27851e-02 |135 -0.04622  1.46747e-01
136 -0.05631  6.82326e-02 |137 -0.02176  2.89000e-02 |138  0.09420 -1.08830e-01
139  0.03203 -6.15566e-02 |140  0.01685  4.66863e-02 |141 -0.02773  9.92498e-02
142 -0.01769 -1.13085e-01 |143 -0.00539  2.41333e-01 |144 -0.00040  3.03356e-03
145  0.27229  2.55260e+00 |146  0.18267  2.61777e+00 |147  0.04645  2.25308e+00
148  0.29656 -3.84042e+00 |149 -0.47559 -8.19514e-02 |150  0.31413  5.14751e-02
151  0.18224 -6.03936e-01 |152  0.25993  1.50161e+00 |153  0.17427 -1.65000e+00
154  0.25436  2.51638e+00 |155  0.10289 -2.96703e+00 |156  0.29716  6.96284e+00
157  0.16840 -5.34646e+00 |158  0.24676  8.76814e+00 |159 -0.35184  5.56430e-01
160  0.24265 -9.22036e-01 |161  0.20262  8.44895e-01 |162  0.31630 -2.14386e+00
163 -0.38055 -4.72161e-01 |164  0.23638  1.44706e+00 |165  0.05069 -4.43257e-01
166  0.11903 -5.57153e+00 |167  0.32108 -2.72222e-01 |168  0.27288  7.11970e+00
169  0.01347  3.28641e-01 |170  0.39317 -1.59885e-01 |171  0.09898 -2.18767e+01
172  0.16346 -7.27693e-01 |173  0.21908  1.96449e+01 |174  0.25720 -5.71032e-01
175 -0.54881  8.68151e-01 |176  0.17360  1.08032e-01 |

 - final statistics:
176 variables; iteration 53; function evaluation 60
Function value 7.3340e+03; maximum gradient component mag -5.0138e-01
Exit code = 1;  converg criter 1.0000e+00
Var    Value     Gradient |Var    Value     Gradient |Var    Value     Gradient
  1 -0.42332  1.93853e-02 |  2  0.37108  4.48295e-01 |  3 -0.12611 -5.37609e-02
  4 -0.01318  1.03547e-01 |  5 -0.70854  3.76334e-01 |  6 -0.60428 -1.29979e-01
  7  0.37622 -6.58888e-02 |  8 -0.18520 -8.49504e-02 |  9  0.03408  5.07365e-02
 10 -0.60935  1.34910e-01 | 11 -0.62340 -1.55654e-01 | 12 -0.09122 -2.97488e-02
 13 -0.01002 -6.96869e-03 | 14 -0.01024 -6.93042e-03 | 15 -0.01045 -6.84653e-03
 16 -0.01067 -6.71307e-03 | 17 -0.01087 -6.52706e-03 | 18 -0.01108 -6.28512e-03
 19 -0.01127 -5.98472e-03 | 20 -0.01146 -5.62433e-03 | 21 -0.01163 -5.20316e-03
 22 -0.01180 -4.72107e-03 | 23 -0.01195 -4.17852e-03 | 24 -0.01209 -3.57643e-03
 25 -0.01221 -2.91549e-03 | 26 -0.01232 -2.19599e-03 | 27 -0.01241 -1.41764e-03
 28 -0.01248 -5.80175e-04 | 29 -0.01253  3.15824e-04 | 30 -0.01255  1.26933e-03
 31 -0.01255  2.28054e-03 | 32 -0.01253  3.35204e-03 | 33 -0.01248  4.48896e-03
 34 -0.01240  5.69918e-03 | 35 -0.01229  6.99321e-03 | 36 -0.01215  8.38321e-03
 37 -0.01198  9.88186e-03 | 38 -0.01177  1.15004e-02 | 39 -0.01152  1.32475e-02
 40 -0.01123  1.51279e-02 | 41 -0.01091  1.71399e-02 | 42 -0.01055  1.92763e-02
 43 -0.01015  2.15217e-02 | 44 -0.00973  2.38501e-02 | 45 -0.00928  2.62249e-02
 46 -0.00882  2.86002e-02 | 47 -0.00834  3.09269e-02 | 48 -0.00787  3.31562e-02
 49 -0.00742  3.52445e-02 | 50 -0.00698  3.71545e-02 | 51 -0.00658  3.88531e-02
 52 -0.00623  4.03089e-02 | 53 -0.00591  4.14963e-02 | 54 -0.00564  4.23964e-02
 55 -0.00541  4.30027e-02 | 56 -0.00519  4.33241e-02 | 57 -0.00497  4.33796e-02
 58 -0.00473  4.31876e-02 | 59 -0.00444  4.27665e-02 | 60 -0.00407  4.21094e-02
 61 -0.00359  4.11561e-02 | 62 -0.00297  3.97359e-02 | 63 -0.00217  3.75270e-02
 64 -0.00117  3.40553e-02 | 65  0.00006  2.88323e-02 | 66  0.00156  2.17840e-02
 67  0.00334  1.36822e-02 | 68  0.00544  6.03963e-03 | 69  0.00785 -7.65664e-04
 70  0.01056 -9.63115e-03 | 71  0.01354 -2.16121e-02 | 72  0.01679 -2.17204e-02
 73  0.02031  9.58542e-03 | 74  0.02383  4.35414e-02 | 75  0.02702  5.24820e-02
 76  0.02962  3.11401e-02 | 77  0.03140 -2.40954e-02 | 78  0.03271 -2.56492e-02
 79  0.03343  5.01491e-03 | 80  0.03331  7.82615e-03 | 81  0.03243 -1.78850e-02
 82  0.03104 -4.10415e-02 | 83  0.02925 -3.07305e-02 | 84  0.02702  2.77191e-02
 85  0.02405  8.33662e-02 | 86  0.02012  5.94459e-02 | 87  0.01594  1.23531e-02
 88  0.01227 -3.52598e-03 | 89  0.00954  1.69755e-02 | 90  0.00770  3.33383e-02
 91  0.00650  3.53789e-02 | 92  0.00558  2.71072e-02 | 93  0.00481  1.23453e-02
 94  0.00470 -3.94295e-03 | 95  0.00535 -2.11598e-02 | 96  0.00555 -4.62370e-02
 97  0.00719 -7.34590e-02 | 98  0.00970 -1.04368e-01 | 99  0.01386 -8.10535e-02
100  0.01379 -1.37053e-01 |101  0.01233 -1.89393e-01 |102  0.01098 -1.16240e-01
103  0.00285 -1.16943e-01 |104  0.00335 -1.58180e-01 |105  0.02390  1.25984e-01
106  0.02141 -5.08855e-02 |107 -0.00187  2.32710e-01 |108  0.01639  1.54520e-01
109  0.08407 -3.14527e-02 |110  0.02836 -6.85442e-02 |111 -0.01445 -9.39125e-02
112  0.00452 -4.90526e-02 |113  0.01968  3.35997e-02 |114  0.03926  1.14495e-01
115  0.00293 -9.17199e-02 |116 -0.06282 -2.62987e-01 |117 -0.07822  2.35757e-01
118 -0.07708  7.65833e-02 |119 -0.03426  7.00461e-02 |120  0.06961 -1.99657e-01
121  0.02427  2.46972e-01 |122  0.01396  1.69110e-01 |123 -0.02736  2.72382e-01
124 -0.06642  2.35585e-01 |125 -0.00642 -1.27538e-01 |126  0.00413 -4.21721e-01
127 -0.02728 -1.47070e-01 |128  0.02870  9.71658e-02 |129  0.07417  2.34151e-01
130  0.01024 -6.26920e-02 |131  0.08275 -1.78380e-01 |132  0.00514 -3.48567e-01
133  0.13328  1.85949e-01 |134 -0.00557 -1.64392e-01 |135 -0.04620  9.46122e-02
136 -0.05696 -9.33333e-02 |137 -0.02194 -2.80656e-02 |138  0.09395 -1.79030e-01
139  0.03207  5.24752e-02 |140  0.01697  3.50714e-02 |141 -0.02813 -4.24287e-02
142 -0.01761 -1.51657e-02 |143 -0.00589  3.70167e-03 |144 -0.00041 -1.32665e-03
145  0.27460 -6.15143e-02 |146  0.18620  1.56963e-02 |147  0.04649 -4.81731e-02
148  0.29671 -3.22911e-02 |149 -0.47480  1.36672e-01 |150  0.31451  2.63747e-03
151  0.18266  2.97434e-01 |152  0.26002  2.21586e-01 |153  0.17407 -5.01379e-01
154  0.25389 -2.73502e-01 |155  0.10345  3.43036e-02 |156  0.29683  1.37598e-01
157  0.16849 -2.75870e-01 |158  0.24603  2.47913e-03 |159 -0.35178  7.97979e-02
160  0.24287  2.10334e-02 |161  0.20279  1.31601e-01 |162  0.31679  3.88579e-02
163 -0.37992  9.11827e-02 |164  0.23629  9.12244e-02 |165  0.05108 -3.35603e-02
166  0.11948 -3.73065e-01 |167  0.32136 -1.04416e-02 |168  0.27242 -1.06931e-01
169  0.01355  2.74447e-01 |170  0.39331  8.22613e-03 |171  0.09926 -3.33302e-01
172  0.16360 -1.48420e-01 |173  0.21868  2.61391e-01 |174  0.25726  6.53924e-02
175 -0.55617 -3.60408e-01 |176  0.17070  4.36970e-01 |

Initial statistics: 200 variables; iteration 0; function evaluation 0; phase 4
Function value 7.3340003e+03; maximum gradient component mag 8.2100e-01
Var    Value     Gradient |Var    Value     Gradient |Var    Value     Gradient
  1 -0.42332  1.93853e-02 |  2  0.37108  4.48295e-01 |  3 -0.12611 -5.37609e-02
  4 -0.01318  1.03547e-01 |  5 -0.70854  3.76334e-01 |  6 -0.60428 -1.29979e-01
  7  0.37622 -6.58888e-02 |  8 -0.18520 -8.49504e-02 |  9  0.03408  5.07365e-02
 10 -0.60935  1.34910e-01 | 11 -0.62340 -1.55654e-01 | 12 -0.09122 -2.97488e-02
 13 -0.01002 -6.96869e-03 | 14 -0.01024 -6.93042e-03 | 15 -0.01045 -6.84653e-03
 16 -0.01067 -6.71307e-03 | 17 -0.01087 -6.52706e-03 | 18 -0.01108 -6.28512e-03
 19 -0.01127 -5.98472e-03 | 20 -0.01146 -5.62433e-03 | 21 -0.01163 -5.20316e-03
 22 -0.01180 -4.72107e-03 | 23 -0.01195 -4.17852e-03 | 24 -0.01209 -3.57643e-03
 25 -0.01221 -2.91549e-03 | 26 -0.01232 -2.19599e-03 | 27 -0.01241 -1.41764e-03
 28 -0.01248 -5.80175e-04 | 29 -0.01253  3.15824e-04 | 30 -0.01255  1.26933e-03
 31 -0.01255  2.28054e-03 | 32 -0.01253  3.35204e-03 | 33 -0.01248  4.48896e-03
 34 -0.01240  5.69918e-03 | 35 -0.01229  6.99321e-03 | 36 -0.01215  8.38321e-03
 37 -0.01198  9.88186e-03 | 38 -0.01177  1.15004e-02 | 39 -0.01152  1.32475e-02
 40 -0.01123  1.51279e-02 | 41 -0.01091  1.71399e-02 | 42 -0.01055  1.92763e-02
 43 -0.01015  2.15217e-02 | 44 -0.00973  2.38501e-02 | 45 -0.00928  2.62249e-02
 46 -0.00882  2.86002e-02 | 47 -0.00834  3.09269e-02 | 48 -0.00787  3.31562e-02
 49 -0.00742  3.52445e-02 | 50 -0.00698  3.71545e-02 | 51 -0.00658  3.88531e-02
 52 -0.00623  4.03089e-02 | 53 -0.00591  4.14963e-02 | 54 -0.00564  4.23964e-02
 55 -0.00541  4.30027e-02 | 56 -0.00519  4.33241e-02 | 57 -0.00497  4.33796e-02
 58 -0.00473  4.31876e-02 | 59 -0.00444  4.27665e-02 | 60 -0.00407  4.21094e-02
 61 -0.00359  4.11561e-02 | 62 -0.00297  3.97359e-02 | 63 -0.00217  3.75270e-02
 64 -0.00117  3.40553e-02 | 65  0.00006  2.88323e-02 | 66  0.00156  2.17840e-02
 67  0.00334  1.36822e-02 | 68  0.00544  6.03963e-03 | 69  0.00785 -7.65664e-04
 70  0.01056 -9.63115e-03 | 71  0.01354 -2.16121e-02 | 72  0.01679 -2.17204e-02
 73  0.02031  9.58542e-03 | 74  0.02383  4.35414e-02 | 75  0.02702  5.24820e-02
 76  0.02962  3.11401e-02 | 77  0.03140 -2.40954e-02 | 78  0.03271 -2.56492e-02
 79  0.03343  5.01491e-03 | 80  0.03331  7.82615e-03 | 81  0.03243 -1.78850e-02
 82  0.03104 -4.10415e-02 | 83  0.02925 -3.07305e-02 | 84  0.02702  2.77191e-02
 85  0.02405  8.33662e-02 | 86  0.02012  5.94459e-02 | 87  0.01594  1.23531e-02
 88  0.01227 -3.52598e-03 | 89  0.00954  1.69755e-02 | 90  0.00770  3.33383e-02
 91  0.00650  3.53789e-02 | 92  0.00558  2.71072e-02 | 93  0.00481  1.23453e-02
 94  0.00470 -3.94295e-03 | 95  0.00535 -2.11598e-02 | 96  0.00555 -4.62370e-02
 97  0.00719 -7.34590e-02 | 98  0.00970 -1.04368e-01 | 99  0.01386 -8.10535e-02
100  0.01379 -1.37053e-01 |101  0.01233 -1.89393e-01 |102  0.01098 -1.16240e-01
103  0.00285 -1.16943e-01 |104  0.00335 -1.58180e-01 |105  0.02390  1.25984e-01
106  0.02141 -5.08855e-02 |107 -0.00187  2.32710e-01 |108  0.01639  1.54520e-01
109  0.08407 -3.14527e-02 |110  0.02836 -6.85442e-02 |111 -0.01445 -9.39125e-02
112  0.00452 -4.90526e-02 |113  0.01968  3.35997e-02 |114  0.03926  1.14495e-01
115  0.00293 -9.17199e-02 |116 -0.06282 -2.62987e-01 |117 -0.07822  2.35757e-01
118 -0.07708  7.65833e-02 |119 -0.03426  7.00461e-02 |120  0.06961 -1.99657e-01
121  0.02427  2.46972e-01 |122  0.01396  1.69110e-01 |123 -0.02736  2.72382e-01
124 -0.06642  2.35585e-01 |125 -0.00642 -1.27538e-01 |126  0.00413 -4.21721e-01
127 -0.02728 -1.47070e-01 |128  0.02870  9.71658e-02 |129  0.07417  2.34151e-01
130  0.01024 -6.26920e-02 |131  0.08275 -1.78380e-01 |132  0.00514 -3.48567e-01
133  0.13328  1.85949e-01 |134 -0.00557 -1.64392e-01 |135 -0.04620  9.46122e-02
136 -0.05696 -9.33333e-02 |137 -0.02194 -2.80656e-02 |138  0.09395 -1.79030e-01
139  0.03207  5.24752e-02 |140  0.01697  3.50714e-02 |141 -0.02813 -4.24287e-02
142 -0.01761 -1.51657e-02 |143 -0.00589  3.70167e-03 |144 -0.00041 -1.32665e-03
145  0.27460 -6.15143e-02 |146  0.18620  1.56963e-02 |147  0.04649 -4.81731e-02
148  0.29671 -3.22911e-02 |149  0.01641  7.32801e-03 |150 -0.11482  1.18280e-01
151 -0.47480  1.36672e-01 |152  0.31451  2.63747e-03 |153  0.04880  3.49307e-01
154 -0.23508  2.31769e-02 |155  0.18266  2.97434e-01 |156  0.26002  2.21586e-01
157  0.17407 -5.01379e-01 |158  0.25389 -2.73502e-01 |159  0.00590 -4.76102e-01
160 -0.09831 -1.39409e-01 |161  0.10345  3.43036e-02 |162  0.29683  1.37598e-01
163  0.16849 -2.75870e-01 |164  0.24603  2.47913e-03 |165 -0.35178  7.97979e-02
166  0.24287  2.10334e-02 |167  0.05277  2.89305e-01 |168 -0.18764 -6.30749e-02
169  0.20279  1.31601e-01 |170  0.31679  3.88579e-02 |171  0.07774  8.21000e-01
172 -0.53233  2.05280e-05 |173 -0.37992  9.11827e-02 |174  0.23629  9.12244e-02
175  0.07830  3.98731e-01 |176 -0.12203  3.61730e-01 |177  0.05108 -3.35603e-02
178  0.11948 -3.73065e-01 |179  0.32136 -1.04416e-02 |180  0.27242 -1.06931e-01
181  0.00556 -2.79392e-02 |182  0.00910 -2.58508e-01 |183 -0.15023  1.77415e-02
184 -0.12575  1.09948e-01 |185  0.01355  2.74447e-01 |186  0.39331  8.22613e-03
187  0.01865  3.00771e-01 |188 -0.15439  1.24084e-01 |189  0.09926 -3.33302e-01
190  0.16360 -1.48420e-01 |191  0.21868  2.61391e-01 |192  0.25726  6.53924e-02
193  0.02454  4.04102e-02 |194 -0.00644 -5.92640e-03 |195 -0.17632  3.09175e-01
196 -0.11434  5.33003e-01 |197 -0.55617 -3.60408e-01 |198  0.17070  4.36970e-01
199  0.09515 -6.66561e-01 |200 -0.25356 -9.13161e-03 |

Intermediate statistics: 200 variables; iteration 20; function evaluation 22; phase 4
Function value 7.3339986e+03; maximum gradient component mag 3.2939e+00
Var    Value     Gradient |Var    Value     Gradient |Var    Value     Gradient
  1 -0.42332 -1.41982e-01 |  2  0.37107  1.00514e+00 |  3 -0.12606  2.25585e+00
  4 -0.01318  1.32865e+00 |  5 -0.70912  5.50447e-02 |  6 -0.60422  4.45231e-01
  7  0.37622 -8.54023e-01 |  8 -0.18519 -6.70234e-01 |  9  0.03404 -6.79452e-01
 10 -0.60950  4.06832e-02 | 11 -0.62337  2.43727e-01 | 12 -0.09124  2.33787e+00
 13 -0.00999  1.88987e-03 | 14 -0.01021  1.97692e-03 | 15 -0.01043  2.07142e-03
 16 -0.01064  2.17371e-03 | 17 -0.01085  2.28402e-03 | 18 -0.01105  2.40252e-03
 19 -0.01124  2.52929e-03 | 20 -0.01143  2.66428e-03 | 21 -0.01161  2.80735e-03
 22 -0.01177  2.95829e-03 | 23 -0.01193  3.11686e-03 | 24 -0.01207  3.28279e-03
 25 -0.01219  3.45586e-03 | 26 -0.01230  3.63588e-03 | 27 -0.01239  3.82267e-03
 28 -0.01247  4.01592e-03 | 29 -0.01252  4.21521e-03 | 30 -0.01254  4.42026e-03
 31 -0.01255  4.63117e-03 | 32 -0.01253  4.84850e-03 | 33 -0.01248  5.07325e-03
 34 -0.01240  5.30679e-03 | 35 -0.01230  5.55083e-03 | 36 -0.01216  5.80722e-03
 37 -0.01199  6.07789e-03 | 38 -0.01179  6.36473e-03 | 39 -0.01154  6.66951e-03
 40 -0.01126  6.99374e-03 | 41 -0.01094  7.33928e-03 | 42 -0.01058  7.70722e-03
 43 -0.01020  8.09808e-03 | 44 -0.00978  8.51122e-03 | 45 -0.00934  8.94458e-03
 46 -0.00888  9.39496e-03 | 47 -0.00841  9.85888e-03 | 48 -0.00795  1.03331e-02
 49 -0.00750  1.08153e-02 | 50 -0.00707  1.13043e-02 | 51 -0.00667  1.17987e-02
 52 -0.00632  1.22971e-02 | 53 -0.00601  1.27988e-02 | 54 -0.00574  1.33053e-02
 55 -0.00551  1.38208e-02 | 56 -0.00529  1.43540e-02 | 57 -0.00507  1.49155e-02
 58 -0.00483  1.55150e-02 | 59 -0.00454  1.61627e-02 | 60 -0.00416  1.68636e-02
 61 -0.00368  1.76143e-02 | 62 -0.00305  1.83905e-02 | 63 -0.00225  1.91406e-02
 64 -0.00124  1.97813e-02 | 65  0.00001  2.02093e-02 | 66  0.00153  2.03884e-02
 67  0.00334  2.04078e-02 | 68  0.00546  2.05065e-02 | 69  0.00790  2.07405e-02
 70  0.01065  2.04805e-02 | 71  0.01367  1.93725e-02 | 72  0.01692  2.07953e-02
 73  0.02033  3.01293e-02 | 74  0.02373  4.10592e-02 | 75  0.02688  4.58088e-02
 76  0.02956  4.16070e-02 | 77  0.03155  2.62598e-02 | 78  0.03287  2.64410e-02
 79  0.03347  3.64391e-02 | 80  0.03334  3.74227e-02 | 81  0.03256  2.92350e-02
 82  0.03126  2.18523e-02 | 83  0.02942  2.45455e-02 | 84  0.02697  4.05510e-02
 85  0.02380  5.41270e-02 | 86  0.01995  4.59173e-02 | 87  0.01593  3.33908e-02
 88  0.01231  2.97332e-02 | 89  0.00949  3.48033e-02 | 90  0.00758  3.97480e-02
 91  0.00636  4.30357e-02 | 92  0.00544  4.57307e-02 | 93  0.00469  4.86021e-02
 94  0.00461  5.24844e-02 | 95  0.00528  5.70595e-02 | 96  0.00553  6.00917e-02
 97  0.00723  6.27347e-02 | 98  0.00982  6.43914e-02 | 99  0.01386  7.90644e-02
100  0.01395  7.50168e-02 |101  0.01267  6.71662e-02 |102  0.01107  8.08980e-02
103  0.00299  6.94709e-02 |104  0.00373  4.82244e-02 |105  0.02340  1.03277e-01
106  0.02161  4.21623e-02 |107 -0.00247  6.48882e-02 |108  0.01606  7.34640e-02
109  0.08420  8.67775e-02 |110  0.02848  6.39884e-02 |111 -0.01426  3.67526e-02
112  0.00459  2.42663e-02 |113  0.01961 -2.78411e-03 |114  0.03894 -9.64248e-03
115  0.00309 -1.61986e-02 |116 -0.06226 -3.17064e-03 |117 -0.07875 -1.93762e-02
118 -0.07713 -2.71150e-02 |119 -0.03441 -3.21216e-02 |120  0.06993 -9.35791e-02
121  0.02382 -5.22309e-02 |122  0.01402 -3.08077e-02 |123 -0.02775 -3.29709e-02
124 -0.06698 -3.38515e-02 |125 -0.00629 -4.46358e-02 |126  0.00485 -3.52464e-02
127 -0.02708 -2.97980e-02 |128  0.02844 -4.99852e-02 |129  0.07375 -5.24425e-02
130  0.01053 -5.24542e-02 |131  0.08276 -3.13701e-02 |132  0.00587 -1.24165e-02
133  0.13304 -1.42852e-02 |134 -0.00520 -9.46842e-03 |135 -0.04640 -6.54461e-03
136 -0.05668 -1.20437e-02 |137 -0.02189 -2.55835e-03 |138  0.09424 -1.25879e-02
139  0.03193 -1.50666e-02 |140  0.01686 -7.10354e-03 |141 -0.02798 -6.45494e-03
142 -0.01758 -5.23943e-03 |143 -0.00588 -1.88100e-03 |144 -0.00040 -4.09171e-04
145  0.27476  3.15801e-01 |146  0.18602  1.31319e+00 |147  0.04652  3.55018e-01
148  0.29670 -5.75960e-01 |149  0.01643  1.59892e-01 |150 -0.11482  3.74472e-01
151 -0.47490  4.80485e-02 |152  0.31436  1.42383e-02 |153  0.04866  8.51377e-02
154 -0.23504  1.50011e-02 |155  0.18239  1.34093e-01 |156  0.25987 -1.54063e-01
157  0.17447 -1.00039e-01 |158  0.25414 -6.15305e-02 |159  0.00585 -1.60763e-01
160 -0.09834 -4.45644e-02 |161  0.10326  3.89777e-03 |162  0.29674 -6.31757e-03
163  0.16879 -1.16822e-02 |164  0.24621  3.72681e-02 |165 -0.35191  1.78842e-02
166  0.24284  6.54976e-02 |167  0.05276  1.21018e-01 |168 -0.18765  7.27432e-01
169  0.20271  3.09919e-02 |170  0.31676 -7.57653e-03 |171  0.07772  1.26231e-01
172 -0.53233 -3.67500e-05 |173 -0.38007  8.26366e-02 |174  0.23619 -8.49309e-02
175  0.07823  8.30017e-02 |176 -0.12203  4.42438e-01 |177  0.05107  4.53321e-02
178  0.11959 -1.45841e-01 |179  0.32136 -7.51817e-02 |180  0.27248 -5.13014e-02
181  0.00557  2.32862e-02 |182  0.00908 -1.73866e-01 |183 -0.15024  1.00683e-01
184 -0.12577 -5.68988e-02 |185  0.01342  1.31490e-01 |186  0.39320 -3.52697e-02
187  0.01867  1.43910e-01 |188 -0.15439  8.22943e-02 |189  0.09926 -1.10625e+00
190  0.16361  5.44677e-01 |191  0.21868  4.33253e-01 |192  0.25725 -7.91114e-01
193  0.02452 -1.06274e+00 |194 -0.00642  2.23094e-01 |195 -0.17632  5.81051e-02
196 -0.11433  1.49177e+00 |197 -0.55558  1.73940e-01 |198  0.17055  4.05095e-02
199  0.09532  3.29388e+00 |200 -0.25370  1.06605e+00 |
200 variables; iteration 40; function evaluation 42; phase 4
Function value 7.3339985e+03; maximum gradient component mag 3.2264e+00
Var    Value     Gradient |Var    Value     Gradient |Var    Value     Gradient
  1 -0.42332 -8.20002e-02 |  2  0.37108  1.01506e+00 |  3 -0.12606  2.16385e+00
  4 -0.01319  1.23037e+00 |  5 -0.70906  7.38260e-02 |  6 -0.60423  3.23561e-01
  7  0.37622 -7.60065e-01 |  8 -0.18519 -6.64902e-01 |  9  0.03404 -7.07471e-01
 10 -0.60955 -1.14072e-02 | 11 -0.62337  1.45276e-01 | 12 -0.09123  2.21582e+00
 13 -0.00999  1.75822e-03 | 14 -0.01021  1.82578e-03 | 15 -0.01043  1.89849e-03
 16 -0.01064  1.97670e-03 | 17 -0.01085  2.06067e-03 | 18 -0.01105  2.15067e-03
 19 -0.01124  2.24690e-03 | 20 -0.01143  2.34951e-03 | 21 -0.01161  2.45859e-03
 22 -0.01177  2.57420e-03 | 23 -0.01193  2.69638e-03 | 24 -0.01207  2.82518e-03
 25 -0.01219  2.96065e-03 | 26 -0.01230  3.10291e-03 | 27 -0.01239  3.25201e-03
 28 -0.01247  3.40796e-03 | 29 -0.01252  3.57062e-03 | 30 -0.01254  3.73997e-03
 31 -0.01255  3.91629e-03 | 32 -0.01253  4.10020e-03 | 33 -0.01248  4.29260e-03
 34 -0.01241  4.49462e-03 | 35 -0.01230  4.70751e-03 | 36 -0.01216  4.93250e-03
 37 -0.01199  5.17073e-03 | 38 -0.01179  5.42315e-03 | 39 -0.01154  5.69058e-03
 40 -0.01126  5.97350e-03 | 41 -0.01094  6.27288e-03 | 42 -0.01059  6.58904e-03
 43 -0.01020  6.92207e-03 | 44 -0.00978  7.27132e-03 | 45 -0.00934  7.63523e-03
 46 -0.00888  8.01164e-03 | 47 -0.00841  8.39839e-03 | 48 -0.00795  8.79348e-03
 49 -0.00750  9.19552e-03 | 50 -0.00707  9.60328e-03 | 51 -0.00668  1.00149e-02
 52 -0.00632  1.04275e-02 | 53 -0.00601  1.08386e-02 | 54 -0.00574  1.12471e-02
 55 -0.00551  1.16546e-02 | 56 -0.00529  1.20654e-02 | 57 -0.00507  1.24853e-02
 58 -0.00483  1.29188e-02 | 59 -0.00454  1.33712e-02 | 60 -0.00417  1.38455e-02
 61 -0.00368  1.43414e-02 | 62 -0.00306  1.48492e-02 | 63 -0.00225  1.53505e-02
 64 -0.00124  1.58184e-02 | 65  0.00001  1.62255e-02 | 66  0.00153  1.65907e-02
 67  0.00334  1.69799e-02 | 68  0.00547  1.75030e-02 | 69  0.00791  1.81954e-02
 70  0.01066  1.89301e-02 | 71  0.01369  1.97414e-02 | 72  0.01694  2.11795e-02
 73  0.02032  2.32147e-02 | 74  0.02367  2.45025e-02 | 75  0.02680  2.51064e-02
 76  0.02950  2.61283e-02 | 77  0.03158  2.86734e-02 | 78  0.03291  2.99623e-02
 79  0.03346  2.97970e-02 | 80  0.03332  3.06154e-02 | 81  0.03260  3.24256e-02
 82  0.03133  3.37894e-02 | 83  0.02948  3.39114e-02 | 84  0.02695  3.35709e-02
 85  0.02371  3.45562e-02 | 86  0.01991  3.55316e-02 | 87  0.01595  3.50905e-02
 88  0.01234  3.51454e-02 | 89  0.00951  3.73220e-02 | 90  0.00759  4.02296e-02
 91  0.00637  4.32130e-02 | 92  0.00545  4.63024e-02 | 93  0.00471  4.95449e-02
 94  0.00463  5.31556e-02 | 95  0.00529  5.67968e-02 | 96  0.00554  5.89981e-02
 97  0.00724  6.10799e-02 | 98  0.00983  6.27831e-02 | 99  0.01382  6.70876e-02
100  0.01394  6.72351e-02 |101  0.01269  6.51139e-02 |102  0.01102  6.61298e-02
103  0.00297  6.03556e-02 |104  0.00382  5.43112e-02 |105  0.02327  7.06657e-02
106  0.02169  5.54744e-02 |107 -0.00240  5.71735e-02 |108  0.01603  5.43392e-02
109  0.08419  7.67109e-02 |110  0.02848  3.76273e-02 |111 -0.01428  1.99657e-02
112  0.00456  1.17562e-02 |113  0.01963 -4.30223e-03 |114  0.03895 -1.76332e-02
115  0.00308 -3.33699e-02 |116 -0.06230 -2.83984e-02 |117 -0.07873 -1.35492e-02
118 -0.07712 -1.27632e-02 |119 -0.03438 -8.58809e-03 |120  0.06994 -6.18317e-02
121  0.02382 -2.55901e-02 |122  0.01401 -1.50879e-02 |123 -0.02773 -1.35106e-02
124 -0.06696 -1.55744e-02 |125 -0.00630 -3.94743e-02 |126  0.00480 -4.89881e-02
127 -0.02710 -2.83480e-02 |128  0.02847 -1.80816e-02 |129  0.07374 -8.93691e-03
130  0.01059 -1.71248e-02 |131  0.08274 -3.02376e-02 |132  0.00584 -2.34444e-02
133  0.13304  1.99109e-04 |134 -0.00522 -1.60617e-02 |135 -0.04640 -6.00046e-04
136 -0.05667 -9.97049e-03 |137 -0.02189 -4.27607e-03 |138  0.09423 -2.41901e-02
139  0.03193 -9.12424e-03 |140  0.01686 -5.52069e-03 |141 -0.02798 -4.25405e-03
142 -0.01758 -4.64126e-03 |143 -0.00586  2.00647e-03 |144 -0.00040 -1.40614e-04
145  0.27477  3.14282e-01 |146  0.18592  1.27227e+00 |147  0.04653  2.58873e-01
148  0.29671 -4.10256e-01 |149  0.01642  9.51470e-02 |150 -0.11484  2.05562e-01
151 -0.47538  2.82047e-02 |152  0.31388 -4.02299e-03 |153  0.04879  6.05988e-02
154 -0.23509  7.85719e-03 |155  0.18236  4.52672e-02 |156  0.25986 -3.63367e-02
157  0.17444 -2.96449e-01 |158  0.25415  1.99670e-01 |159  0.00586 -2.11996e-01
160 -0.09836 -1.58619e-01 |161  0.10327  4.11133e-02 |162  0.29674 -7.91567e-02
163  0.16876 -7.18680e-02 |164  0.24620  9.56222e-02 |165 -0.35204  2.06309e-02
166  0.24279  2.59545e-02 |167  0.05279  1.71253e-01 |168 -0.18766  6.75754e-01
169  0.20260  2.39702e-02 |170  0.31671 -1.25402e-01 |171  0.07773  6.68130e-03
172 -0.53232 -4.17048e-05 |173 -0.38075  7.24104e-02 |174  0.23596 -9.49556e-02
175  0.07839  1.58406e-01 |176 -0.12203  3.22945e-01 |177  0.05104 -7.42385e-03
178  0.11958 -1.14094e-01 |179  0.32135 -3.80130e-02 |180  0.27248 -1.10953e-01
181  0.00558 -2.02656e-02 |182  0.00908 -1.23663e-01 |183 -0.15026  4.50599e-02
184 -0.12575  2.31082e-01 |185  0.01339  7.07459e-02 |186  0.39319 -2.03125e-02
187  0.01867  8.34061e-02 |188 -0.15440  5.03439e-02 |189  0.09926 -1.04691e+00
190  0.16362  6.40195e-01 |191  0.21868  3.47592e-01 |192  0.25726 -5.60149e-01
193  0.02452 -1.10497e+00 |194 -0.00640  3.78529e-01 |195 -0.17633  3.84572e-02
196 -0.11433  1.61377e+00 |197 -0.55407  2.55420e-01 |198  0.17116  1.86938e-02
199  0.09519  3.22643e+00 |200 -0.25358  1.03899e+00 |
200 variables; iteration 60; function evaluation 62; phase 4
Function value 7.3339983e+03; maximum gradient component mag 4.0231e-01
Var    Value     Gradient |Var    Value     Gradient |Var    Value     Gradient
  1 -0.42333 -8.19745e-03 |  2  0.37107  1.12717e-01 |  3 -0.12609  2.51722e-01
  4 -0.01318  1.81357e-01 |  5 -0.70910  8.29325e-03 |  6 -0.60423  3.70882e-02
  7  0.37622 -9.59587e-02 |  8 -0.18519 -8.43305e-02 |  9  0.03406 -7.89803e-02
 10 -0.60958 -2.09326e-02 | 11 -0.62337  1.98745e-02 | 12 -0.09133  2.73317e-01
 13 -0.00999  3.38550e-04 | 14 -0.01021  3.27008e-04 | 15 -0.01042  3.14357e-04
 16 -0.01063  3.01047e-04 | 17 -0.01084  2.87629e-04 | 18 -0.01105  2.74776e-04
 19 -0.01124  2.63270e-04 | 20 -0.01143  2.53986e-04 | 21 -0.01161  2.47891e-04
 22 -0.01177  2.46026e-04 | 23 -0.01193  2.49486e-04 | 24 -0.01207  2.59403e-04
 25 -0.01219  2.76927e-04 | 26 -0.01230  3.03177e-04 | 27 -0.01239  3.39238e-04
 28 -0.01246  3.86159e-04 | 29 -0.01251  4.45010e-04 | 30 -0.01254  5.16910e-04
 31 -0.01255  6.02980e-04 | 32 -0.01252  7.04272e-04 | 33 -0.01248  8.21685e-04
 34 -0.01240  9.55848e-04 | 35 -0.01230  1.10700e-03 | 36 -0.01216  1.27489e-03
 37 -0.01199  1.45874e-03 | 38 -0.01178  1.65728e-03 | 39 -0.01154  1.86885e-03
 40 -0.01126  2.09128e-03 | 41 -0.01094  2.32297e-03 | 42 -0.01058  2.56176e-03
 43 -0.01019  2.80568e-03 | 44 -0.00977  3.05309e-03 | 45 -0.00933  3.30269e-03
 46 -0.00888  3.55374e-03 | 47 -0.00841  3.80591e-03 | 48 -0.00794  4.05841e-03
 49 -0.00749  4.30939e-03 | 50 -0.00706  4.55505e-03 | 51 -0.00667  4.78907e-03
 52 -0.00631  5.00290e-03 | 53 -0.00600  5.18738e-03 | 54 -0.00573  5.33288e-03
 55 -0.00550  5.42918e-03 | 56 -0.00528  5.46536e-03 | 57 -0.00507  5.42922e-03
 58 -0.00483  5.30703e-03 | 59 -0.00453  5.08747e-03 | 60 -0.00416  4.76347e-03
 61 -0.00368  4.33948e-03 | 62 -0.00306  3.83889e-03 | 63 -0.00226  3.31647e-03
 64 -0.00124  2.86185e-03 | 65  0.00001  2.57659e-03 | 66  0.00153  2.50599e-03
 67  0.00334  2.53562e-03 | 68  0.00547  2.40850e-03 | 69  0.00791  2.01550e-03
 70  0.01066  1.53189e-03 | 71  0.01369  5.36060e-04 | 72  0.01693 -1.49340e-03
 73  0.02031 -3.67134e-04 | 74  0.02369  6.37713e-03 | 75  0.02686  1.19492e-02
 76  0.02955  8.63295e-03 | 77  0.03153 -8.86326e-03 | 78  0.03285 -9.86980e-03
 79  0.03346  9.81692e-04 | 80  0.03333  1.75670e-03 | 81  0.03255 -7.68415e-03
 82  0.03124 -1.53684e-02 | 83  0.02942 -1.10208e-02 | 84  0.02697  5.52445e-03
 85  0.02377  1.42755e-02 | 86  0.01993  6.64334e-03 | 87  0.01595  3.99073e-03
 88  0.01235  6.79990e-03 | 89  0.00952  7.18626e-03 | 90  0.00759  6.61329e-03
 91  0.00637  7.09863e-03 | 92  0.00545  8.41346e-03 | 93  0.00472  9.99818e-03
 94  0.00463  1.10372e-02 | 95  0.00530  1.14371e-02 | 96  0.00555  1.22982e-02
 97  0.00725  1.25024e-02 | 98  0.00985  1.22571e-02 | 99  0.01382  8.51975e-03
100  0.01395  9.63556e-03 |101  0.01273  1.15000e-02 |102  0.01102  3.66872e-03
103  0.00298  2.99841e-03 |104  0.00386  7.61753e-03 |105  0.02318 -1.63782e-02
106  0.02175  6.88441e-03 |107 -0.00247 -7.80846e-03 |108  0.01604  6.36466e-03
109  0.08415 -5.68780e-03 |110  0.02849  1.38741e-02 |111 -0.01428  1.70068e-02
112  0.00456  1.81664e-02 |113  0.01964  1.50684e-02 |114  0.03891 -2.46984e-03
115  0.00307 -2.66117e-03 |116 -0.06228  1.24196e-02 |117 -0.07871  3.34613e-02
118 -0.07708  3.79265e-02 |119 -0.03441  1.61243e-02 |120  0.06993  4.19653e-03
121  0.02378 -1.23200e-02 |122  0.01394 -3.62435e-02 |123 -0.02777 -3.02113e-02
124 -0.06700 -2.62938e-02 |125 -0.00628 -2.42040e-02 |126  0.00480 -4.47097e-02
127 -0.02715 -4.09756e-02 |128  0.02842 -3.06736e-02 |129  0.07369 -9.52914e-03
130  0.01060  6.62443e-03 |131  0.08275  2.47602e-02 |132  0.00588  1.39610e-02
133  0.13302  1.86443e-02 |134 -0.00522 -5.91545e-03 |135 -0.04642 -6.15532e-03
136 -0.05669 -1.02165e-02 |137 -0.02188  2.39828e-03 |138  0.09423 -5.09888e-03
139  0.03192 -5.45219e-04 |140  0.01684 -7.05922e-03 |141 -0.02798  4.27766e-04
142 -0.01757  2.86912e-03 |143 -0.00587 -2.34102e-03 |144 -0.00040  2.40239e-04
145  0.27483  3.74461e-02 |146  0.18599  1.67248e-01 |147  0.04653  2.89541e-02
148  0.29672 -5.00930e-02 |149  0.01641 -4.29385e-03 |150 -0.11484  3.51803e-02
151 -0.47596 -2.19395e-02 |152  0.31350  1.41557e-03 |153  0.04895  7.39971e-04
154 -0.23514 -2.45882e-03 |155  0.18236  1.65405e-02 |156  0.25985  2.55038e-03
157  0.17451 -3.42060e-02 |158  0.25418  3.01407e-02 |159  0.00589 -3.41832e-02
160 -0.09834 -1.26941e-02 |161  0.10326 -1.03293e-03 |162  0.29673 -1.10006e-02
163  0.16880 -1.76231e-03 |164  0.24621  1.67674e-02 |165 -0.35210 -1.09789e-02
166  0.24276 -2.65318e-03 |167  0.05280  2.38699e-02 |168 -0.18765  8.27975e-02
169  0.20244 -2.17302e-02 |170  0.31669 -2.31291e-02 |171  0.07775  3.19609e-03
172 -0.53228 -3.14460e-05 |173 -0.38086  8.49884e-03 |174  0.23593 -1.59200e-02
175  0.07836  2.01050e-02 |176 -0.12206  3.39822e-02 |177  0.05098 -2.44486e-02
178  0.11962 -1.67250e-02 |179  0.32134 -8.25273e-03 |180  0.27250 -1.71669e-02
181  0.00564 -8.61031e-03 |182  0.00911 -2.05094e-02 |183 -0.15023  5.15101e-02
184 -0.12577  3.25633e-02 |185  0.01336  2.12837e-03 |186  0.39318 -1.67447e-02
187  0.01866  3.48181e-03 |188 -0.15440  1.55190e-02 |189  0.09927 -1.34725e-01
190  0.16361  5.98810e-02 |191  0.21868  3.66239e-02 |192  0.25726 -7.51035e-02
193  0.02454 -1.33909e-01 |194 -0.00640  7.44874e-02 |195 -0.17634  5.49846e-03
196 -0.11436  1.98892e-01 |197 -0.55432  1.76002e-02 |198  0.17105  1.28515e-02
199  0.09517  4.02313e-01 |200 -0.25363  1.28170e-01 |
200 variables; iteration 80; function evaluation 85; phase 4
Function value 7.3339982e+03; maximum gradient component mag 1.5520e-02
Var    Value     Gradient |Var    Value     Gradient |Var    Value     Gradient
  1 -0.42333 -6.91291e-04 |  2  0.37108 -2.27119e-03 |  3 -0.12609 -1.99271e-03
  4 -0.01319  7.95040e-03 |  5 -0.70910  2.08519e-03 |  6 -0.60423 -9.81965e-04
  7  0.37623 -5.59998e-04 |  8 -0.18518 -6.85332e-04 |  9  0.03405  4.51292e-04
 10 -0.60955  5.25404e-03 | 11 -0.62337 -5.29435e-04 | 12 -0.09126  6.53353e-03
 13 -0.00999 -8.69541e-05 | 14 -0.01021 -9.32606e-05 | 15 -0.01042 -9.97952e-05
 16 -0.01063 -1.06489e-04 | 17 -0.01084 -1.13271e-04 | 18 -0.01105 -1.20061e-04
 19 -0.01124 -1.26784e-04 | 20 -0.01143 -1.33370e-04 | 21 -0.01160 -1.39762e-04
 22 -0.01177 -1.45922e-04 | 23 -0.01193 -1.51829e-04 | 24 -0.01207 -1.57488e-04
 25 -0.01219 -1.62924e-04 | 26 -0.01230 -1.68188e-04 | 27 -0.01239 -1.73349e-04
 28 -0.01246 -1.78499e-04 | 29 -0.01251 -1.83747e-04 | 30 -0.01254 -1.89215e-04
 31 -0.01255 -1.95030e-04 | 32 -0.01253 -2.01319e-04 | 33 -0.01248 -2.08205e-04
 34 -0.01240 -2.15808e-04 | 35 -0.01230 -2.24246e-04 | 36 -0.01216 -2.33642e-04
 37 -0.01199 -2.44132e-04 | 38 -0.01179 -2.55878e-04 | 39 -0.01154 -2.69079e-04
 40 -0.01126 -2.83970e-04 | 41 -0.01094 -3.00841e-04 | 42 -0.01059 -3.19985e-04
 43 -0.01020 -3.41676e-04 | 44 -0.00978 -3.66110e-04 | 45 -0.00934 -3.93341e-04
 46 -0.00888 -4.23251e-04 | 47 -0.00842 -4.55571e-04 | 48 -0.00795 -4.89939e-04
 49 -0.00750 -5.25982e-04 | 50 -0.00708 -5.63374e-04 | 51 -0.00668 -6.01824e-04
 52 -0.00633 -6.41061e-04 | 53 -0.00602 -6.80880e-04 | 54 -0.00575 -7.21164e-04
 55 -0.00551 -7.61925e-04 | 56 -0.00530 -8.03297e-04 | 57 -0.00508 -8.45392e-04
 58 -0.00484 -8.88061e-04 | 59 -0.00455 -9.30813e-04 | 60 -0.00417 -9.72209e-04
 61 -0.00369 -1.00921e-03 | 62 -0.00306 -1.03591e-03 | 63 -0.00226 -1.04293e-03
 64 -0.00125 -1.01880e-03 | 65  0.00000 -9.56200e-04 | 66  0.00152 -8.64854e-04
 67  0.00334 -7.74152e-04 | 68  0.00546 -7.10416e-04 | 69  0.00790 -6.67542e-04
 70  0.01066 -6.42027e-04 | 71  0.01369 -5.80035e-04 | 72  0.01694 -2.63684e-04
 73  0.02032 -2.06320e-04 | 74  0.02366 -9.06095e-04 | 75  0.02679 -1.00417e-03
 76  0.02950  7.50453e-06 | 77  0.03158  4.16321e-04 | 78  0.03290  3.69677e-04
 79  0.03346  1.45682e-03 | 80  0.03332  1.74732e-03 | 81  0.03259  1.27650e-03
 82  0.03133  1.43848e-03 | 83  0.02948  1.96472e-03 | 84  0.02695  1.05876e-03
 85  0.02370 -2.20689e-04 | 86  0.01990  5.96816e-04 | 87  0.01595  7.48625e-04
 88  0.01234  3.80661e-04 | 89  0.00950  4.27723e-04 | 90  0.00758  3.16313e-04
 91  0.00636 -6.25705e-06 | 92  0.00544 -4.08712e-04 | 93  0.00470 -8.18254e-04
 94  0.00462 -1.20353e-03 | 95  0.00528 -1.52373e-03 | 96  0.00553 -1.70913e-03
 97  0.00724 -1.74859e-03 | 98  0.00983 -1.61406e-03 | 99  0.01382 -6.45024e-04
100  0.01395 -3.02580e-04 |101  0.01270  8.35599e-05 |102  0.01103  1.50022e-03
103  0.00298  1.39293e-03 |104  0.00384 -7.50536e-05 |105  0.02325  1.62235e-03
106  0.02170 -1.33741e-03 |107 -0.00243 -5.04157e-04 |108  0.01602 -2.83943e-03
109  0.08419 -4.00426e-03 |110  0.02847 -3.59800e-03 |111 -0.01428  1.49655e-03
112  0.00457  6.53243e-03 |113  0.01965  1.26284e-02 |114  0.03895  1.28516e-02
115  0.00309  5.99129e-03 |116 -0.06227  5.05822e-03 |117 -0.07873  6.09001e-03
118 -0.07712  2.72271e-03 |119 -0.03440  2.44391e-03 |120  0.06995  2.63305e-03
121  0.02380 -2.74515e-03 |122  0.01398 -2.06481e-03 |123 -0.02774  3.53510e-03
124 -0.06696 -2.07076e-03 |125 -0.00630 -5.54380e-03 |126  0.00485  2.26471e-03
127 -0.02707  3.77342e-03 |128  0.02846  1.23209e-03 |129  0.07371 -5.34899e-03
130  0.01059 -5.03907e-03 |131  0.08274 -7.14465e-03 |132  0.00587  2.53102e-04
133  0.13302  1.59724e-03 |134 -0.00521 -1.47201e-03 |135 -0.04640  1.75770e-03
136 -0.05665  2.29239e-03 |137 -0.02188 -1.89796e-04 |138  0.09425 -1.89689e-04
139  0.03193 -6.92471e-04 |140  0.01686  1.49645e-03 |141 -0.02798 -1.13356e-03
142 -0.01758 -2.11271e-04 |143 -0.00587 -7.06359e-05 |144 -0.00040  2.57941e-05
145  0.27472  2.98025e-03 |146  0.18587  4.78785e-03 |147  0.04652 -4.47135e-03
148  0.29672 -1.20133e-03 |149  0.01643  3.28349e-03 |150 -0.11485  9.50141e-04
151 -0.47548 -1.08331e-03 |152  0.31385  3.71974e-03 |153  0.04879 -3.15468e-03
154 -0.23510  6.61823e-04 |155  0.18234 -3.60510e-03 |156  0.25985 -5.87501e-04
157  0.17450 -1.98718e-04 |158  0.25417  1.41146e-03 |159  0.00592  1.23082e-03
160 -0.09834  1.01503e-03 |161  0.10326  3.90856e-04 |162  0.29674  9.07461e-04
163  0.16879  8.81508e-04 |164  0.24620  7.68507e-04 |165 -0.35199  9.86995e-04
166  0.24280 -1.78146e-03 |167  0.05278 -1.10544e-03 |168 -0.18766 -3.22238e-03
169  0.20264  8.42817e-04 |170  0.31674 -2.90255e-03 |171  0.07772 -3.46808e-04
172 -0.53225 -3.79161e-05 |173 -0.38085 -1.08211e-03 |174  0.23593 -1.11273e-03
175  0.07835 -8.03616e-04 |176 -0.12206 -1.74935e-03 |177  0.05107 -7.46293e-03
178  0.11962 -3.83178e-04 |179  0.32136 -7.36380e-03 |180  0.27251 -1.15009e-03
181  0.00556 -1.55027e-02 |182  0.00911 -1.77974e-03 |183 -0.15025  1.55199e-02
184 -0.12578  1.21562e-03 |185  0.01337  1.75673e-03 |186  0.39319  4.64605e-04
187  0.01866  1.06780e-03 |188 -0.15442 -4.23738e-03 |189  0.09927 -1.44580e-03
190  0.16361 -3.91481e-03 |191  0.21868 -3.56382e-04 |192  0.25726 -2.26820e-03
193  0.02454 -1.19039e-03 |194 -0.00641  7.03788e-03 |195 -0.17635  4.72354e-04
196 -0.11436  1.65270e-03 |197 -0.55412  1.39940e-03 |198  0.17112 -1.92531e-03
199  0.09515  1.41992e-03 |200 -0.25361  3.14062e-03 |

 - final statistics:
200 variables; iteration 90; function evaluation 102
Function value 7.3340e+03; maximum gradient component mag -6.1327e-04
Exit code = 1;  converg criter 1.0000e-03
Var    Value     Gradient |Var    Value     Gradient |Var    Value     Gradient
  1 -0.42333 -1.58520e-05 |  2  0.37108 -1.74944e-05 |  3 -0.12609 -3.43549e-05
  4 -0.01319  1.06866e-04 |  5 -0.70910  2.27252e-04 |  6 -0.60423 -3.12116e-05
  7  0.37623 -1.25004e-05 |  8 -0.18518 -1.23940e-05 |  9  0.03405  2.17064e-05
 10 -0.60955  9.53458e-05 | 11 -0.62337 -1.34642e-05 | 12 -0.09126  5.41336e-05
 13 -0.00999 -6.84121e-06 | 14 -0.01021 -8.80554e-06 | 15 -0.01042 -1.13357e-05
 16 -0.01064 -1.44454e-05 | 17 -0.01084 -1.81271e-05 | 18 -0.01105 -2.23528e-05
 19 -0.01124 -2.70693e-05 | 20 -0.01143 -3.21973e-05 | 21 -0.01160 -3.76324e-05
 22 -0.01177 -4.32482e-05 | 23 -0.01193 -4.88997e-05 | 24 -0.01207 -5.44274e-05
 25 -0.01219 -5.96637e-05 | 26 -0.01230 -6.44399e-05 | 27 -0.01239 -6.85883e-05
 28 -0.01246 -7.19434e-05 | 29 -0.01251 -7.43414e-05 | 30 -0.01254 -7.56244e-05
 31 -0.01255 -7.56561e-05 | 32 -0.01253 -7.43319e-05 | 33 -0.01248 -7.15893e-05
 34 -0.01240 -6.74210e-05 | 35 -0.01230 -6.18849e-05 | 36 -0.01216 -5.51098e-05
 37 -0.01199 -4.72919e-05 | 38 -0.01179 -3.86811e-05 | 39 -0.01154 -2.95583e-05
 40 -0.01126 -2.02295e-05 | 41 -0.01094 -1.09285e-05 | 42 -0.01059 -1.87718e-06
 43 -0.01020  6.78305e-06 | 44 -0.00978  1.50028e-05 | 45 -0.00934  2.28031e-05
 46 -0.00888  3.02331e-05 | 47 -0.00842  3.73026e-05 | 48 -0.00795  4.39078e-05
 49 -0.00750  4.98247e-05 | 50 -0.00707  5.47443e-05 | 51 -0.00668  5.83458e-05
 52 -0.00632  6.03694e-05 | 53 -0.00601  6.06712e-05 | 54 -0.00575  5.91951e-05
 55 -0.00551  5.59427e-05 | 56 -0.00530  5.09731e-05 | 57 -0.00508  4.44388e-05
 58 -0.00484  3.66886e-05 | 59 -0.00454  2.84676e-05 | 60 -0.00417  2.10612e-05
 61 -0.00369  1.62045e-05 | 62 -0.00306  1.52608e-05 | 63 -0.00226  1.70177e-05
 64 -0.00125  1.42980e-05 | 65  0.00000 -7.20720e-06 | 66  0.00152 -5.96217e-05
 67  0.00334 -1.30211e-04 | 68  0.00546 -1.73631e-04 | 69  0.00791 -1.57057e-04
 70  0.01066 -6.98094e-05 | 71  0.01369  1.12782e-04 | 72  0.01694  1.27481e-04
 73  0.02031 -1.31132e-04 | 74  0.02366  7.15013e-05 | 75  0.02680  2.64292e-04
 76  0.02950  1.88028e-05 | 77  0.03158  9.79225e-05 | 78  0.03290  1.68743e-04
 79  0.03345 -2.18502e-04 | 80  0.03332 -2.70189e-04 | 81  0.03259  5.50527e-06
 82  0.03132  6.96858e-05 | 83  0.02947 -1.20278e-04 | 84  0.02694  9.84049e-05
 85  0.02370  3.10172e-04 | 86  0.01990 -4.14207e-05 | 87  0.01595  2.45294e-04
 88  0.01234  2.21193e-04 | 89  0.00950 -5.05313e-05 | 90  0.00758 -3.77265e-05
 91  0.00636  8.29939e-06 | 92  0.00544 -9.78317e-06 | 93  0.00471 -7.48017e-05
 94  0.00462 -1.01162e-04 | 95  0.00529 -6.46011e-05 | 96  0.00554 -8.14713e-05
 97  0.00724  2.96030e-05 | 98  0.00984  2.29487e-04 | 99  0.01382 -3.08844e-05
100  0.01395  1.22291e-04 |101  0.01270  1.86300e-04 |102  0.01102 -7.89296e-05
103  0.00297 -9.68883e-05 |104  0.00384 -3.04308e-04 |105  0.02324  5.31470e-05
106  0.02171  1.06355e-04 |107 -0.00243  1.09364e-04 |108  0.01602  5.85580e-07
109  0.08419  2.47279e-04 |110  0.02847 -6.13273e-04 |111 -0.01428 -5.48817e-06
112  0.00456  4.99504e-04 |113  0.01964  1.90081e-05 |114  0.03894  1.12568e-04
115  0.00310  3.18996e-04 |116 -0.06228  1.41079e-05 |117 -0.07874  3.69971e-04
118 -0.07712  7.79449e-05 |119 -0.03440 -2.79458e-04 |120  0.06995  1.23671e-05
121  0.02380  2.34478e-04 |122  0.01399  4.09372e-05 |123 -0.02775 -1.48989e-04
124 -0.06696 -2.00328e-04 |125 -0.00629 -9.38333e-05 |126  0.00484  3.01043e-04
127 -0.02708  3.47290e-05 |128  0.02846 -3.84227e-05 |129  0.07372 -8.01343e-06
130  0.01060 -3.25454e-05 |131  0.08275  4.48476e-05 |132  0.00587  1.13489e-04
133  0.13302  5.44104e-05 |134 -0.00521  5.57328e-04 |135 -0.04640 -3.28554e-04
136 -0.05665  2.48179e-04 |137 -0.02188 -4.63948e-04 |138  0.09425  1.74773e-04
139  0.03193 -6.67105e-05 |140  0.01686  9.71283e-05 |141 -0.02798 -1.84373e-04
142 -0.01758  3.64380e-04 |143 -0.00587  4.21466e-05 |144 -0.00040 -1.98028e-05
145  0.27472  1.87866e-04 |146  0.18587 -3.11321e-05 |147  0.04652 -5.20353e-05
148  0.29672 -1.87234e-05 |149  0.01642  2.46678e-05 |150 -0.11485  2.64379e-05
151 -0.47553  3.01803e-05 |152  0.31379  2.48057e-06 |153  0.04880 -5.37968e-05
154 -0.23511 -1.10231e-06 |155  0.18235 -8.62432e-07 |156  0.25985  5.50990e-06
157  0.17450 -3.13194e-04 |158  0.25417 -1.56036e-04 |159  0.00592  2.93568e-04
160 -0.09835  1.12325e-05 |161  0.10326 -3.82647e-05 |162  0.29674 -1.37881e-05
163  0.16879 -3.83461e-04 |164  0.24620 -2.37611e-04 |165 -0.35200  2.98737e-05
166  0.24280 -2.62475e-05 |167  0.05278 -3.48273e-05 |168 -0.18765 -8.25714e-05
169  0.20264 -2.25069e-05 |170  0.31674 -5.45930e-05 |171  0.07773 -2.12694e-06
172 -0.53220 -3.37284e-05 |173 -0.38082 -2.61100e-05 |174  0.23594 -2.17989e-05
175  0.07835 -2.19106e-05 |176 -0.12206 -1.61366e-05 |177  0.05106 -1.35470e-04
178  0.11962  4.54375e-04 |179  0.32136 -1.24651e-04 |180  0.27251  2.07062e-04
181  0.00559 -2.48063e-04 |182  0.00911 -5.28713e-04 |183 -0.15026  2.59597e-04
184 -0.12578  9.92573e-05 |185  0.01337 -1.09979e-04 |186  0.39319 -7.73940e-05
187  0.01866  1.20799e-04 |188 -0.15441 -8.76017e-05 |189  0.09927 -2.39975e-05
190  0.16361 -6.00885e-05 |191  0.21868 -3.51758e-06 |192  0.25726 -3.50253e-05
193  0.02454 -2.14743e-05 |194 -0.00641  1.03973e-04 |195 -0.17635  1.00904e-05
196 -0.11436  2.83373e-05 |197 -0.55412  2.99807e-05 |198  0.17112  3.98513e-05
199  0.09516  6.65617e-05 |200 -0.25362  3.57968e-05 |

 - final statistics:
213 variables; iteration 0; function evaluation 0
Function value 7.3340e+03; maximum gradient component mag -6.1327e-04
Exit code = 0;  converg criter 1.0000e-03
Var    Value     Gradient |Var    Value     Gradient |Var    Value     Gradient
  1 -0.42333 -1.58520e-05 |  2  0.37108 -1.74944e-05 |  3 -0.12609 -3.43549e-05
  4 -0.01319  1.06866e-04 |  5 -0.70910  2.27252e-04 |  6 -0.60423 -3.12115e-05
  7  0.37623 -1.25004e-05 |  8 -0.18518 -1.23940e-05 |  9  0.03405  2.17064e-05
 10 -0.60955  9.53458e-05 | 11 -0.62337 -1.34643e-05 | 12 -0.09126  5.41336e-05
 13 -0.00999 -6.84121e-06 | 14 -0.01021 -8.80554e-06 | 15 -0.01042 -1.13357e-05
 16 -0.01064 -1.44454e-05 | 17 -0.01084 -1.81271e-05 | 18 -0.01105 -2.23528e-05
 19 -0.01124 -2.70693e-05 | 20 -0.01143 -3.21973e-05 | 21 -0.01160 -3.76324e-05
 22 -0.01177 -4.32482e-05 | 23 -0.01193 -4.88997e-05 | 24 -0.01207 -5.44274e-05
 25 -0.01219 -5.96637e-05 | 26 -0.01230 -6.44399e-05 | 27 -0.01239 -6.85883e-05
 28 -0.01246 -7.19434e-05 | 29 -0.01251 -7.43414e-05 | 30 -0.01254 -7.56244e-05
 31 -0.01255 -7.56561e-05 | 32 -0.01253 -7.43319e-05 | 33 -0.01248 -7.15893e-05
 34 -0.01240 -6.74210e-05 | 35 -0.01230 -6.18849e-05 | 36 -0.01216 -5.51098e-05
 37 -0.01199 -4.72919e-05 | 38 -0.01179 -3.86811e-05 | 39 -0.01154 -2.95583e-05
 40 -0.01126 -2.02295e-05 | 41 -0.01094 -1.09285e-05 | 42 -0.01059 -1.87718e-06
 43 -0.01020  6.78305e-06 | 44 -0.00978  1.50028e-05 | 45 -0.00934  2.28031e-05
 46 -0.00888  3.02331e-05 | 47 -0.00842  3.73026e-05 | 48 -0.00795  4.39078e-05
 49 -0.00750  4.98247e-05 | 50 -0.00707  5.47443e-05 | 51 -0.00668  5.83458e-05
 52 -0.00632  6.03694e-05 | 53 -0.00601  6.06712e-05 | 54 -0.00575  5.91951e-05
 55 -0.00551  5.59427e-05 | 56 -0.00530  5.09731e-05 | 57 -0.00508  4.44388e-05
 58 -0.00484  3.66886e-05 | 59 -0.00454  2.84676e-05 | 60 -0.00417  2.10612e-05
 61 -0.00369  1.62045e-05 | 62 -0.00306  1.52608e-05 | 63 -0.00226  1.70177e-05
 64 -0.00125  1.42980e-05 | 65  0.00000 -7.20720e-06 | 66  0.00152 -5.96217e-05
 67  0.00334 -1.30211e-04 | 68  0.00546 -1.73631e-04 | 69  0.00791 -1.57057e-04
 70  0.01066 -6.98094e-05 | 71  0.01369  1.12782e-04 | 72  0.01694  1.27481e-04
 73  0.02031 -1.31132e-04 | 74  0.02366  7.15013e-05 | 75  0.02680  2.64292e-04
 76  0.02950  1.88028e-05 | 77  0.03158  9.79225e-05 | 78  0.03290  1.68743e-04
 79  0.03345 -2.18502e-04 | 80  0.03332 -2.70189e-04 | 81  0.03259  5.50527e-06
 82  0.03132  6.96858e-05 | 83  0.02947 -1.20278e-04 | 84  0.02694  9.84049e-05
 85  0.02370  3.10172e-04 | 86  0.01990 -4.14207e-05 | 87  0.01595  2.45294e-04
 88  0.01234  2.21193e-04 | 89  0.00950 -5.05313e-05 | 90  0.00758 -3.77265e-05
 91  0.00636  8.29938e-06 | 92  0.00544 -9.78317e-06 | 93  0.00471 -7.48017e-05
 94  0.00462 -1.01162e-04 | 95  0.00529 -6.46011e-05 | 96  0.00554 -8.14713e-05
 97  0.00724  2.96030e-05 | 98  0.00984  2.29487e-04 | 99  0.01382 -3.08844e-05
100  0.01395  1.22291e-04 |101  0.01270  1.86300e-04 |102  0.01102 -7.89296e-05
103  0.00297 -9.68883e-05 |104  0.00384 -3.04308e-04 |105  0.02324  5.31470e-05
106  0.02171  1.06355e-04 |107 -0.00243  1.09364e-04 |108  0.01602  5.85580e-07
109  0.08419  2.47279e-04 |110  0.02847 -6.13273e-04 |111 -0.01428 -5.48817e-06
112  0.00456  4.99504e-04 |113  0.01964  1.90081e-05 |114  0.03894  1.12568e-04
115  0.00310  3.18996e-04 |116 -0.06228  1.41079e-05 |117 -0.07874  3.69971e-04
118 -0.07712  7.79449e-05 |119 -0.03440 -2.79458e-04 |120  0.06995  1.23671e-05
121  0.02380  2.34478e-04 |122  0.01399  4.09372e-05 |123 -0.02775 -1.48989e-04
124 -0.06696 -2.00328e-04 |125 -0.00629 -9.38333e-05 |126  0.00484  3.01043e-04
127 -0.02708  3.47290e-05 |128  0.02846 -3.84227e-05 |129  0.07372 -8.01343e-06
130  0.01060 -3.25454e-05 |131  0.08275  4.48476e-05 |132  0.00587  1.13489e-04
133  0.13302  5.44104e-05 |134 -0.00521  5.57328e-04 |135 -0.04640 -3.28554e-04
136 -0.05665  2.48179e-04 |137 -0.02188 -4.63948e-04 |138  0.09425  1.74773e-04
139  0.03193 -6.67105e-05 |140  0.01686  9.71283e-05 |141 -0.02798 -1.84373e-04
142 -0.01758  3.64380e-04 |143 -0.00587  4.21466e-05 |144 -0.00040 -1.98028e-05
145  0.00000  0.00000e+00 |146  0.00000  0.00000e+00 |147  0.00000  0.00000e+00
148  0.00000  0.00000e+00 |149  0.00000  0.00000e+00 |150  0.00000  0.00000e+00
151  0.00000  0.00000e+00 |152  0.00000  0.00000e+00 |153  0.00000  0.00000e+00
154  0.00000  0.00000e+00 |155  0.00000  0.00000e+00 |156  0.00000  0.00000e+00
157  0.00000  0.00000e+00 |158  0.27472  1.87866e-04 |159  0.18587 -3.11321e-05
160  0.04652 -5.20353e-05 |161  0.29672 -1.87234e-05 |162  0.01642  2.46678e-05
163 -0.11485  2.64379e-05 |164 -0.47553  3.01803e-05 |165  0.31379  2.48057e-06
166  0.04880 -5.37968e-05 |167 -0.23511 -1.10231e-06 |168  0.18235 -8.62431e-07
169  0.25985  5.50989e-06 |170  0.17450 -3.13194e-04 |171  0.25417 -1.56036e-04
172  0.00592  2.93568e-04 |173 -0.09835  1.12325e-05 |174  0.10326 -3.82647e-05
175  0.29674 -1.37881e-05 |176  0.16879 -3.83461e-04 |177  0.24620 -2.37611e-04
178 -0.35200  2.98737e-05 |179  0.24280 -2.62475e-05 |180  0.05278 -3.48273e-05
181 -0.18765 -8.25714e-05 |182  0.20264 -2.25069e-05 |183  0.31674 -5.45930e-05
184  0.07773 -2.12694e-06 |185 -0.53220 -3.37284e-05 |186 -0.38082 -2.61100e-05
187  0.23594 -2.17989e-05 |188  0.07835 -2.19106e-05 |189 -0.12206 -1.61366e-05
190  0.05106 -1.35470e-04 |191  0.11962  4.54375e-04 |192  0.32136 -1.24651e-04
193  0.27251  2.07062e-04 |194  0.00559 -2.48063e-04 |195  0.00911 -5.28713e-04
196 -0.15026  2.59597e-04 |197 -0.12578  9.92573e-05 |198  0.01337 -1.09979e-04
199  0.39319 -7.73940e-05 |200  0.01866  1.20799e-04 |201 -0.15441 -8.76017e-05
202  0.09927 -2.39975e-05 |203  0.16361 -6.00885e-05 |204  0.21868 -3.51758e-06
205  0.25726 -3.50253e-05 |206  0.02454 -2.14743e-05 |207 -0.00641  1.03973e-04
208 -0.17635  1.00904e-05 |209 -0.11436  2.83373e-05 |210 -0.55412  2.99807e-05
211  0.17112  3.98513e-05 |212  0.09516  6.65617e-05 |213 -0.25362  3.57968e-05
size of file gradfil1.tmp = 0
size of file gradfil2.tmp = 0
size of file varssave.tmp = 0
size of file cmpdiff.tmp = 1000000040
