
 - final statistics:
3 variables; iteration 0; function evaluation 0
Function value 6.6463e+03; maximum gradient component mag 2.3554e-04
Exit code = 0;  converg criter 1.0000e+01
Var    Value     Gradient |Var    Value     Gradient |Var    Value     Gradient
  1  0.82552  2.35540e-04 |  2 -0.64808 -1.25124e-04 |  3 -0.99393  6.18941e-07

Initial statistics: 15 variables; iteration 0; function evaluation 0; phase 2
Function value 6.6463220e+03; maximum gradient component mag -1.4086e+02
Var    Value     Gradient |Var    Value     Gradient |Var    Value     Gradient
  1 -0.38767  1.54123e+01 |  2  0.35802 -7.19898e+01 |  3 -0.14696 -1.25817e+02
  4  0.02639 -1.16038e+02 |  5 -0.68375  1.62880e+01 |  6 -0.61919  3.62809e+01
  7 -0.41866  1.23057e+01 |  8  0.35663 -7.27346e+01 |  9 -0.20076 -1.40858e+02
 10  0.08187 -1.20259e+02 | 11 -0.61141  9.89048e+00 | 12 -0.63626 -2.97444e+01
 13  0.82552  2.35540e-04 | 14 -0.64808 -1.25124e-04 | 15 -0.99393  6.18941e-07

 - final statistics:
15 variables; iteration 16; function evaluation 23
Function value 6.6447e+03; maximum gradient component mag 2.2794e+00
Exit code = 1;  converg criter 1.0000e+01
Var    Value     Gradient |Var    Value     Gradient |Var    Value     Gradient
  1 -0.39043 -5.47816e-01 |  2  0.34838  2.27941e+00 |  3 -0.15046  1.01519e+00
  4  0.04478  1.18441e+00 |  5 -0.71512  3.24549e-01 |  6 -0.61951  7.86584e-01
  7 -0.42151  9.50105e-02 |  8  0.34890  5.62719e-01 |  9 -0.20329  9.02258e-01
 10  0.10092  2.52171e-01 | 11 -0.64214 -6.55271e-02 | 12 -0.63353 -3.85074e-01
 13  0.82688  1.50071e-01 | 14 -0.65110 -9.71266e-02 | 15 -0.99728  2.79139e-03

Initial statistics: 174 variables; iteration 0; function evaluation 0; phase 3
Function value 6.6447041e+03; maximum gradient component mag 2.1615e+01
Var    Value     Gradient |Var    Value     Gradient |Var    Value     Gradient
  1 -0.39043 -5.47816e-01 |  2  0.34838  2.27941e+00 |  3 -0.15046  1.01519e+00
  4  0.04478  1.18441e+00 |  5 -0.71512  3.24549e-01 |  6 -0.61951  7.86584e-01
  7 -0.42151  9.50105e-02 |  8  0.34890  5.62719e-01 |  9 -0.20329  9.02258e-01
 10  0.10092  2.52171e-01 | 11 -0.64214 -6.55271e-02 | 12 -0.63353 -3.85074e-01
 13  0.82688  1.50071e-01 | 14 -0.00261 -2.21562e-02 | 15 -0.00262 -2.08215e-02
 16 -0.00263 -1.93271e-02 | 17 -0.00262 -1.76599e-02 | 18 -0.00261 -1.58466e-02
 19 -0.00258 -1.39078e-02 | 20 -0.00255 -1.18764e-02 | 21 -0.00250 -9.78491e-03
 22 -0.00244 -7.65983e-03 | 23 -0.00237 -5.52878e-03 | 24 -0.00229 -3.41130e-03
 25 -0.00219 -1.31864e-03 | 26 -0.00208  7.89896e-04 | 27 -0.00196  2.95600e-03
 28 -0.00182  5.24522e-03 | 29 -0.00167  7.78919e-03 | 30 -0.00151  1.07067e-02
 31 -0.00133  1.41483e-02 | 32 -0.00114  1.82500e-02 | 33 -0.00093  2.31265e-02
 34 -0.00072  2.88296e-02 | 35 -0.00049  3.53392e-02 | 36 -0.00026  4.25121e-02
 37 -0.00002  5.00908e-02 | 38  0.00020  5.76646e-02 | 39  0.00041  6.47071e-02
 40  0.00060  7.05316e-02 | 41  0.00075  7.44089e-02 | 42  0.00086  7.55476e-02
 43  0.00091  7.31936e-02 | 44  0.00090  6.66842e-02 | 45  0.00083  5.55219e-02
 46  0.00069  3.94570e-02 | 47  0.00050  1.85097e-02 | 48  0.00026 -7.04727e-03
 49 -0.00001 -3.66738e-02 | 50 -0.00030 -6.96124e-02 | 51 -0.00056 -1.05098e-01
 52 -0.00079 -1.42447e-01 | 53 -0.00094 -1.81188e-01 | 54 -0.00099 -2.21271e-01
 55 -0.00091 -2.63263e-01 | 56 -0.00066 -3.08215e-01 | 57 -0.00022 -3.57784e-01
 58  0.00045 -4.13860e-01 | 59  0.00137 -4.78309e-01 | 60  0.00256 -5.52455e-01
 61  0.00404 -6.36646e-01 | 62  0.00580 -7.30144e-01 | 63  0.00783 -8.31150e-01
 64  0.01011 -9.37341e-01 | 65  0.01256 -1.04661e+00 | 66  0.01508 -1.15792e+00
 67  0.01752 -1.27143e+00 | 68  0.01970 -1.38819e+00 | 69  0.02143 -1.50891e+00
 70  0.02254 -1.63209e+00 | 71  0.02293 -1.75250e+00 | 72  0.02261 -1.86076e+00
 73  0.02168 -1.94445e+00 | 74  0.02023 -1.99147e+00 | 75  0.01831 -1.99426e+00
 76  0.01590 -1.95419e+00 | 77  0.01291 -1.88336e+00 | 78  0.00931 -1.80103e+00
 79  0.00522 -1.72435e+00 | 80  0.00097 -1.65395e+00 | 81 -0.00296 -1.58437e+00
 82 -0.00620 -1.49828e+00 | 83 -0.00860 -1.38320e+00 | 84 -0.01033 -1.23873e+00
 85 -0.01173 -1.07384e+00 | 86 -0.01293 -8.99518e-01 | 87 -0.01352 -7.43358e-01
 88 -0.01312 -6.08186e-01 | 89 -0.01209 -4.20040e-01 | 90 -0.00933 -2.65860e-01
 91 -0.00485 -1.46900e-01 | 92  0.00133 -5.10695e-02 | 93  0.00519  2.69832e-01
 94  0.00820  8.24504e-01 | 95  0.01087  1.52576e+00 | 96  0.00611  2.19720e+00
 97  0.00747  2.62654e+00 | 98  0.02557  2.97611e+00 | 99  0.01874  2.71466e+00
100  0.00021  2.49659e+00 |101  0.01997  3.48797e+00 |102  0.08630  6.33152e+00
103  0.03406  6.61947e+00 |104 -0.00555  5.37102e+00 |105  0.00548  5.49563e+00
106  0.01794  7.33464e+00 |107  0.03196  1.56861e+01 |108 -0.00073  2.00405e+01
109 -0.06704  1.44979e+01 |110 -0.08406  1.11790e+01 |111 -0.08247  8.48138e+00
112 -0.04737  5.72782e+00 |113  0.06416  1.67972e+01 |114  0.01510  7.77395e+00
115  0.00908  2.31163e+00 |116 -0.04026 -3.31881e+00 |117 -0.08121 -5.52638e+00
118 -0.03137 -9.24336e+00 |119 -0.02415 -6.99053e+00 |120 -0.04966 -9.19745e+00
121  0.00275 -1.48637e+01 |122  0.03969 -2.01625e+01 |123 -0.00317 -1.61637e+01
124  0.04570 -9.24094e+00 |125 -0.01655 -1.85578e+00 |126  0.10265 -4.48888e+00
127 -0.01123 -2.86798e+00 |128 -0.05016 -2.67831e+00 |129 -0.06006 -1.23197e+00
130 -0.02641 -1.17447e+00 |131  0.08554  2.65030e+00 |132  0.02400 -8.73225e-01
133  0.01266 -2.19200e-01 |134 -0.03397 -1.15087e+00 |135 -0.01914 -2.34563e-01
136 -0.00406 -4.73767e-01 |137 -0.00000 -5.17832e-06 |138 -0.65110 -9.71266e-02
139 -0.99728  2.79139e-03 |140  0.03121  2.07639e+01 |141 -0.58651  9.60169e-04
142  0.03495 -1.35972e+01 |143 -0.10991  2.58193e+00 |144  0.20000 -1.30551e+00
145  0.16748  9.56580e+00 |146 -0.58136  3.56201e-04 |147 -0.00720 -7.82071e+00
148  0.12386  4.03282e+00 |149 -0.04033 -2.88479e+00 |150  0.09532  3.70201e+00
151  0.04853 -5.16554e+00 |152  0.14563  6.10405e+00 |153 -0.03738 -4.96247e+00
154 -0.58548  4.61994e-01 |155 -0.50980  6.52088e-04 |156 -0.20972 -1.60755e-01
157 -0.21217  2.32743e+00 |158  0.19395  4.78616e+00 |159  0.08261 -3.26105e+00
160 -0.39563  4.91878e-01 |161 -0.20088 -2.73111e+00 |162 -0.03778 -1.30789e+00
163  0.08906  7.79050e+00 |164 -0.52696  2.01181e-03 |165  0.07864 -5.98968e+00
166  0.06407  1.85070e+01 |167 -0.17462  2.16154e+01 |168 -0.15651 -3.25688e+00
169  0.22776  4.97899e-01 |170  0.01200 -6.86666e-01 |171 -0.36298  3.89134e-01
172 -0.44269 -4.55201e-03 |173 -0.04126 -1.04609e+00 |174 -0.30026 -7.74991e-01

Intermediate statistics: 174 variables; iteration 20; function evaluation 25; phase 3
Function value 6.6436312e+03; maximum gradient component mag -4.4992e+01
Var    Value     Gradient |Var    Value     Gradient |Var    Value     Gradient
  1 -0.38843 -7.91727e+00 |  2  0.34606 -4.49925e+01 |  3 -0.15104 -4.49697e+01
  4  0.04635 -3.87509e+01 |  5 -0.72370 -1.87935e-01 |  6 -0.61925 -1.27809e+01
  7 -0.41931  3.87203e+00 |  8  0.34795 -1.71727e+01 |  9 -0.20287  1.06511e+01
 10  0.10105 -3.89743e+00 | 11 -0.64139 -3.93462e-01 | 12 -0.63365 -9.94099e+00
 13  0.83119  1.49297e+00 | 14 -0.00220  3.44392e-02 | 15 -0.00221  3.55130e-02
 16 -0.00221  3.66052e-02 | 17 -0.00221  3.77142e-02 | 18 -0.00220  3.88353e-02
 19 -0.00217  3.99640e-02 | 20 -0.00214  4.10942e-02 | 21 -0.00210  4.22197e-02
 22 -0.00205  4.33337e-02 | 23 -0.00198  4.44290e-02 | 24 -0.00191  4.54980e-02
 25 -0.00182  4.65330e-02 | 26 -0.00172  4.75288e-02 | 27 -0.00161  4.84796e-02
 28 -0.00148  4.93803e-02 | 29 -0.00135  5.02293e-02 | 30 -0.00121  5.10236e-02
 31 -0.00105  5.17613e-02 | 32 -0.00089  5.24389e-02 | 33 -0.00072  5.30510e-02
 34 -0.00054  5.35863e-02 | 35 -0.00037  5.40279e-02 | 36 -0.00019  5.43485e-02
 37 -0.00001  5.45108e-02 | 38  0.00015  5.44643e-02 | 39  0.00029  5.41470e-02
 40  0.00041  5.34829e-02 | 41  0.00050  5.23899e-02 | 42  0.00054  5.07796e-02
 43  0.00054  4.85663e-02 | 44  0.00049  4.56727e-02 | 45  0.00038  4.20372e-02
 46  0.00022  3.76218e-02 | 47  0.00002  3.24132e-02 | 48 -0.00022  2.64217e-02
 49 -0.00049  1.96790e-02 | 50 -0.00076  1.22327e-02 | 51 -0.00102  4.12833e-03
 52 -0.00124 -4.59774e-03 | 53 -0.00139 -1.39275e-02 | 54 -0.00144 -2.38748e-02
 55 -0.00136 -3.44968e-02 | 56 -0.00113 -4.58850e-02 | 57 -0.00069 -5.81767e-02
 58 -0.00002 -7.15366e-02 | 59  0.00092 -8.61483e-02 | 60  0.00214 -1.02186e-01
 61  0.00367 -1.19781e-01 | 62  0.00550 -1.38994e-01 | 63  0.00761 -1.59786e-01
 64  0.00995 -1.82009e-01 | 65  0.01246 -2.05448e-01 | 66  0.01503 -2.29910e-01
 67  0.01752 -2.55297e-01 | 68  0.01975 -2.81645e-01 | 69  0.02156 -3.08999e-01
 70  0.02279 -3.37067e-01 | 71  0.02332 -3.64842e-01 | 72  0.02314 -3.90498e-01
 73  0.02228 -4.11726e-01 | 74  0.02081 -4.26531e-01 | 75  0.01874 -4.33982e-01
 76  0.01606 -4.34665e-01 | 77  0.01276 -4.30404e-01 | 78  0.00888 -4.23180e-01
 79  0.00464 -4.13839e-01 | 80  0.00034 -4.00705e-01 | 81 -0.00361 -3.83532e-01
 82 -0.00691 -3.61073e-01 | 83 -0.00947 -3.32160e-01 | 84 -0.01143 -2.95669e-01
 85 -0.01308 -2.50800e-01 | 86 -0.01450 -1.98892e-01 | 87 -0.01519 -1.44833e-01
 88 -0.01476 -8.76964e-02 | 89 -0.01383 -2.16194e-02 | 90 -0.01095  3.66088e-02
 91 -0.00610  9.11102e-02 | 92  0.00070  1.55630e-01 | 93  0.00448  2.49654e-01
 94  0.00675  3.27982e-01 | 95  0.00819  4.22402e-01 | 96  0.00217  5.06157e-01
 97  0.00346  5.27607e-01 | 98  0.02226  6.83130e-01 | 99  0.01664  8.39147e-01
100 -0.00111  7.19001e-01 |101  0.01813  9.12758e-01 |102  0.08609  1.46645e+00
103  0.02681  1.56621e+00 |104 -0.01015  1.04626e+00 |105  0.00425  1.43128e+00
106  0.01946  2.53198e+00 |107  0.02728  4.23068e+00 |108 -0.01379  4.57704e+00
109 -0.07929  2.60531e+00 |110 -0.09342  1.90820e+00 |111 -0.08911  1.42002e+00
112 -0.04496  1.40178e+00 |113  0.05648  4.26313e+00 |114  0.00982  1.96725e+00
115  0.00560  6.61457e-02 |116 -0.03740 -5.02503e-01 |117 -0.07403 -1.33200e+00
118 -0.02418 -2.29159e+00 |119 -0.02829 -2.91472e+00 |120 -0.04398 -2.66366e+00
121  0.00975 -4.24529e+00 |122  0.04877 -4.86062e+00 |123  0.01669 -2.42036e+00
124  0.05015 -1.74301e+00 |125 -0.01516 -1.31907e-01 |126  0.10879 -6.73108e-01
127 -0.00411  1.05977e-01 |128 -0.04184 -5.55295e-02 |129 -0.05589 -6.71830e-02
130 -0.02231 -8.62343e-02 |131  0.07916  1.59046e-01 |132  0.02761  2.99972e-02
133  0.01390 -1.48939e-01 |134 -0.02935 -2.37033e-01 |135 -0.01786 -1.08007e-01
136 -0.00212 -7.47673e-02 |137 -0.00000 -3.76287e-07 |138 -0.64841  4.85508e-01
139 -0.99724  1.70847e-02 |140  0.03053  8.67032e+00 |141 -0.58651  4.68485e-04
142  0.03376 -5.30176e+00 |143 -0.11570  7.26728e-01 |144  0.19137 -1.10633e+00
145  0.16793  4.63705e+00 |146 -0.58136  2.81953e-04 |147 -0.00889 -3.82454e+00
148  0.11974  1.43453e+00 |149 -0.04490 -1.25600e+00 |150  0.09480 -3.49974e-01
151  0.04735  4.99270e-01 |152  0.14199  4.52798e-01 |153 -0.03904 -6.63977e-01
154 -0.58571  9.36516e-01 |155 -0.50979  3.01134e-03 |156 -0.20913  5.55774e-03
157 -0.21162  1.01131e+01 |158  0.18904  7.10774e-01 |159  0.08381 -8.81038e-01
160 -0.39398  1.29397e-01 |161 -0.20094 -8.23609e-01 |162 -0.03891 -8.00904e-01
163  0.08767  3.03575e+00 |164 -0.52696  4.81534e-04 |165  0.08003 -2.31617e+00
166  0.06373  3.12338e+01 |167 -0.17389  4.22769e+01 |168 -0.15575 -4.27752e+00
169  0.22969  5.80919e-01 |170  0.00968 -8.77499e-01 |171 -0.36261 -1.61373e-01
172 -0.44266 -4.92304e-03 |173 -0.03970 -2.35435e-01 |174 -0.30053 -5.20034e-01
174 variables; iteration 40; function evaluation 45; phase 3
Function value 6.6435353e+03; maximum gradient component mag -1.4333e+01
Var    Value     Gradient |Var    Value     Gradient |Var    Value     Gradient
  1 -0.38832 -2.65459e+00 |  2  0.34641 -1.38870e+01 |  3 -0.15067 -1.43326e+01
  4  0.04634 -1.27726e+01 |  5 -0.72334  3.44234e-02 |  6 -0.61904 -4.44188e+00
  7 -0.41931  1.69664e+00 |  8  0.34805 -5.71677e+00 |  9 -0.20314  3.42797e+00
 10  0.10143 -6.92159e-01 | 11 -0.64159 -1.67542e-01 | 12 -0.63348 -3.25276e+00
 13  0.84461  1.03372e-01 | 14 -0.00211  5.27781e-02 | 15 -0.00212  5.36853e-02
 16 -0.00212  5.44996e-02 | 17 -0.00212  5.52054e-02 | 18 -0.00211  5.57833e-02
 19 -0.00209  5.62132e-02 | 20 -0.00206  5.64728e-02 | 21 -0.00202  5.65382e-02
 22 -0.00196  5.63840e-02 | 23 -0.00190  5.59831e-02 | 24 -0.00183  5.53066e-02
 25 -0.00175  5.43245e-02 | 26 -0.00166  5.30078e-02 | 27 -0.00155  5.13265e-02
 28 -0.00144  4.92515e-02 | 29 -0.00131  4.67585e-02 | 30 -0.00118  4.38244e-02
 31 -0.00104  4.04318e-02 | 32 -0.00089  3.65677e-02 | 33 -0.00073  3.22243e-02
 34 -0.00057  2.73966e-02 | 35 -0.00041  2.20820e-02 | 36 -0.00025  1.62745e-02
 37 -0.00010  9.96369e-03 | 38  0.00004  3.12812e-03 | 39  0.00017 -4.26419e-03
 40  0.00026 -1.22613e-02 | 41  0.00033 -2.09155e-02 | 42  0.00035 -3.02808e-02
 43  0.00032 -4.03953e-02 | 44  0.00025 -5.12651e-02 | 45  0.00011 -6.28473e-02
 46 -0.00007 -7.50339e-02 | 47 -0.00030 -8.76492e-02 | 48 -0.00057 -1.00460e-01
 49 -0.00085 -1.13188e-01 | 50 -0.00114 -1.25537e-01 | 51 -0.00141 -1.37224e-01
 52 -0.00164 -1.48000e-01 | 53 -0.00179 -1.57649e-01 | 54 -0.00185 -1.65995e-01
 55 -0.00177 -1.72894e-01 | 56 -0.00152 -1.78224e-01 | 57 -0.00106 -1.81915e-01
 58 -0.00036 -1.83991e-01 | 59  0.00061 -1.84644e-01 | 60  0.00188 -1.84271e-01
 61  0.00345 -1.83432e-01 | 62  0.00533 -1.82724e-01 | 63  0.00748 -1.82573e-01
 64  0.00988 -1.83165e-01 | 65  0.01244 -1.84643e-01 | 66  0.01505 -1.87482e-01
 67  0.01757 -1.92467e-01 | 68  0.01983 -1.99958e-01 | 69  0.02166 -2.08948e-01
 70  0.02292 -2.17335e-01 | 71  0.02349 -2.23874e-01 | 72  0.02335 -2.29558e-01
 73  0.02251 -2.36049e-01 | 74  0.02103 -2.42482e-01 | 75  0.01895 -2.44595e-01
 76  0.01629 -2.38411e-01 | 77  0.01302 -2.26329e-01 | 78  0.00917 -2.18759e-01
 79  0.00488 -2.25413e-01 | 80  0.00050 -2.44160e-01 | 81 -0.00354 -2.66309e-01
 82 -0.00692 -2.86661e-01 | 83 -0.00956 -3.04889e-01 | 84 -0.01159 -3.18796e-01
 85 -0.01329 -3.20269e-01 | 86 -0.01471 -3.00846e-01 | 87 -0.01537 -2.69068e-01
 88 -0.01490 -2.19397e-01 | 89 -0.01383 -1.23393e-01 | 90 -0.01090 -4.42992e-02
 91 -0.00601  2.57913e-02 | 92  0.00081  7.19808e-02 | 93  0.00472  1.49452e-01
 94  0.00685  1.41635e-01 | 95  0.00801  9.48177e-02 | 96  0.00156  4.22891e-02
 97  0.00207 -1.32805e-01 | 98  0.02108 -4.66711e-02 | 99  0.01650  4.14293e-01
100 -0.00151  4.50990e-01 |101  0.01851  6.83272e-01 |102  0.08521  8.58427e-01
103  0.02753  1.33455e+00 |104 -0.00963  8.72922e-01 |105  0.00362  6.38276e-01
106  0.01888  8.22686e-01 |107  0.02459  9.67724e-01 |108 -0.01497  1.93747e+00
109 -0.08115  6.57434e-01 |110 -0.09534  1.52028e-01 |111 -0.09035  1.77663e-01
112 -0.04702 -2.28814e-01 |113  0.05532  1.79014e+00 |114  0.00921  1.03463e+00
115  0.00533  2.16610e-01 |116 -0.03665  2.02743e-01 |117 -0.07454 -6.92118e-01
118 -0.02356 -7.44565e-01 |119 -0.02732 -9.68511e-01 |120 -0.04282 -7.78760e-01
121  0.01166 -1.33962e+00 |122  0.05015 -1.75805e+00 |123  0.01897 -2.23473e-01
124  0.05081 -6.99915e-01 |125 -0.01604 -5.25898e-01 |126  0.10982  2.80842e-01
127 -0.00492 -3.46854e-01 |128 -0.04276 -4.50010e-01 |129 -0.05397  5.97305e-01
130 -0.02116  3.78343e-01 |131  0.08044  5.33794e-01 |132  0.02861  2.01590e-01
133  0.01516  2.61798e-01 |134 -0.02948 -3.19702e-01 |135 -0.01760 -1.54250e-02
136 -0.00259 -1.46700e-01 |137 -0.00000 -5.02102e-07 |138 -0.65685 -7.50215e-01
139 -0.99854  4.09081e-03 |140  0.02993  2.29822e+00 |141 -0.58654  1.32301e-04
142  0.03349 -1.70375e+00 |143 -0.11646  2.26921e-01 |144  0.19105 -4.29176e-01
145  0.16832  2.43904e+00 |146 -0.58142  2.98376e-04 |147 -0.00849 -1.44002e-01
148  0.11621  1.65450e-01 |149 -0.04879 -1.25899e+00 |150  0.09449 -1.33607e-01
151  0.04678 -4.20194e-02 |152  0.14104 -2.01984e-01 |153 -0.03966 -3.20929e-01
154 -0.59172 -2.66903e-02 |155 -0.50985  7.82126e-04 |156 -0.21597 -1.08198e-02
157 -0.21315  2.50693e+00 |158  0.18781 -5.60845e-01 |159  0.08479  3.17116e-01
160 -0.36843 -3.76474e-01 |161 -0.21009 -8.40753e-01 |162 -0.01795  5.48276e-01
163  0.08723  8.84049e-01 |164 -0.52661 -8.82950e-05 |165  0.08085 -5.82979e-02
166  0.06276  9.62096e+00 |167 -0.17429  1.42636e+01 |168 -0.15590 -1.16313e+00
169  0.22756 -2.06497e-01 |170  0.00858 -1.36007e-04 |171 -0.36873 -6.44740e-01
172 -0.44016 -6.88716e-03 |173 -0.04360 -1.88857e-01 |174 -0.29787  6.13232e-02
174 variables; iteration 60; function evaluation 70; phase 3
Function value 6.6435051e+03; maximum gradient component mag 1.6663e+00
Var    Value     Gradient |Var    Value     Gradient |Var    Value     Gradient
  1 -0.38802 -4.02876e-01 |  2  0.34593 -1.45120e+00 |  3 -0.15083 -1.51741e+00
  4  0.04736 -1.08338e+00 |  5 -0.72516 -1.01304e-02 |  6 -0.61890 -5.93046e-01
  7 -0.41912  2.01677e-01 |  8  0.34810 -7.27458e-01 |  9 -0.20328  4.59012e-01
 10  0.10161  3.45638e-01 | 11 -0.64215 -9.43949e-02 | 12 -0.63339 -2.58490e-01
 13  0.84033 -1.66219e-03 | 14 -0.00220  6.62212e-03 | 15 -0.00222  6.86281e-03
 16 -0.00222  7.12099e-03 | 17 -0.00222  7.39797e-03 | 18 -0.00221  7.69258e-03
 19 -0.00218  8.00401e-03 | 20 -0.00215  8.33060e-03 | 21 -0.00211  8.67068e-03
 22 -0.00206  9.02306e-03 | 23 -0.00199  9.38638e-03 | 24 -0.00192  9.75993e-03
 25 -0.00183  1.01435e-02 | 26 -0.00173  1.05400e-02 | 27 -0.00162  1.09523e-02
 28 -0.00150  1.13842e-02 | 29 -0.00136  1.18425e-02 | 30 -0.00122  1.23318e-02
 31 -0.00106  1.28564e-02 | 32 -0.00090  1.34171e-02 | 33 -0.00073  1.40099e-02
 34 -0.00055  1.46242e-02 | 35 -0.00037  1.52423e-02 | 36 -0.00019  1.58393e-02
 37 -0.00002  1.63852e-02 | 38  0.00014  1.68483e-02 | 39  0.00029  1.71994e-02
 40  0.00041  1.74144e-02 | 41  0.00049  1.74784e-02 | 42  0.00054  1.73822e-02
 43  0.00054  1.71174e-02 | 44  0.00049  1.66692e-02 | 45  0.00039  1.60085e-02
 46  0.00024  1.50916e-02 | 47  0.00004  1.38649e-02 | 48 -0.00020  1.22781e-02
 49 -0.00046  1.03016e-02 | 50 -0.00073  7.93891e-03 | 51 -0.00098  5.22323e-03
 52 -0.00119  2.20664e-03 | 53 -0.00134 -1.05999e-03 | 54 -0.00139 -4.55466e-03
 55 -0.00131 -8.30925e-03 | 56 -0.00107 -1.24154e-02 | 57 -0.00063 -1.70417e-02
 58  0.00004 -2.24207e-02 | 59  0.00098 -2.88181e-02 | 60  0.00220 -3.64373e-02
 61  0.00372 -4.52774e-02 | 62  0.00553 -5.50151e-02 | 63  0.00763 -6.50245e-02
 64  0.00997 -7.44576e-02 | 65  0.01247 -8.19325e-02 | 66  0.01506 -8.48888e-02
 67  0.01759 -8.06693e-02 | 68  0.01991 -7.08010e-02 | 69  0.02178 -6.37642e-02
 70  0.02301 -6.88243e-02 | 71  0.02350 -8.58415e-02 | 72  0.02326 -1.03393e-01
 73  0.02240 -1.05936e-01 | 74  0.02101 -8.67409e-02 | 75  0.01904 -5.90697e-02
 76  0.01637 -4.83584e-02 | 77  0.01296 -5.99836e-02 | 78  0.00902 -6.52560e-02
 79  0.00483 -4.43225e-02 | 80  0.00063 -1.51854e-02 | 81 -0.00326  5.40036e-03
 82 -0.00652  2.21419e-02 | 83 -0.00904  3.98312e-02 | 84 -0.01098  5.66267e-02
 85 -0.01262  6.92694e-02 | 86 -0.01407  7.54329e-02 | 87 -0.01484  7.22908e-02
 88 -0.01453  5.93380e-02 | 89 -0.01380  4.10696e-02 | 90 -0.01111  2.44465e-02
 91 -0.00633  2.77241e-02 | 92  0.00048  3.65787e-02 | 93  0.00396 -1.95885e-02
 94  0.00639  1.81357e-02 | 95  0.00776  7.94475e-03 | 96  0.00130 -6.79599e-02
 97  0.00305  2.50024e-02 | 98  0.02262  1.59609e-01 | 99  0.01540 -1.38798e-01
100 -0.00190 -6.61080e-02 |101  0.01702 -1.06304e-01 |102  0.08594  4.50491e-02
103  0.02575  1.56326e-01 |104 -0.01007  1.62170e-01 |105  0.00421  9.96148e-02
106  0.01832  7.51000e-02 |107  0.02489  2.23826e-01 |108 -0.01645  4.44561e-01
109 -0.08168  4.25751e-02 |110 -0.09566 -1.81810e-01 |111 -0.09051 -9.27680e-02
112 -0.04597 -1.40883e-01 |113  0.05364  1.79212e-01 |114  0.00856 -1.33231e-02
115  0.00547  5.29972e-02 |116 -0.03698  1.14591e-01 |117 -0.07401 -2.48888e-01
118 -0.02353 -2.39556e-01 |119 -0.02762 -4.67088e-01 |120 -0.04213  4.20995e-02
121  0.01180 -2.21410e-01 |122  0.05133 -1.85394e-01 |123  0.01853  1.22906e-01
124  0.05086 -1.71899e-01 |125 -0.01577 -1.46459e-01 |126  0.10911  2.13702e-01
127 -0.00499 -2.32098e-01 |128 -0.04147  1.71488e-01 |129 -0.05592 -9.00962e-03
130 -0.02193  9.48146e-02 |131  0.07893  1.29626e-01 |132  0.02772 -5.96330e-02
133  0.01364 -1.82815e-01 |134 -0.02837  1.12270e-01 |135 -0.01785 -5.60724e-02
136 -0.00170  4.56686e-02 |137 -0.00000 -1.55049e-07 |138 -0.65378 -2.13409e-01
139 -0.99792  1.25342e-03 |140  0.02970 -1.02882e-01 |141 -0.58656  1.99644e-05
142  0.03348 -7.30613e-02 |143 -0.11635 -1.30173e-01 |144  0.19238  4.37407e-01
145  0.16791  3.58780e-01 |146 -0.58148  1.29944e-04 |147 -0.00884  3.59295e-01
148  0.11870  6.59191e-02 |149 -0.04549 -6.41013e-02 |150  0.09542  8.36666e-02
151  0.04736  1.21748e-01 |152  0.14166 -3.54882e-02 |153 -0.03880  2.75422e-03
154 -0.58680  1.55980e-01 |155 -0.50989  2.75594e-04 |156 -0.21161 -1.47416e-01
157 -0.21312  8.94375e-01 |158  0.18788 -9.71943e-02 |159  0.08487  1.21123e-01
160 -0.38950 -8.51059e-02 |161 -0.20175 -3.09915e-01 |162 -0.03486 -1.21961e-01
163  0.08666 -1.62298e-01 |164 -0.52623 -5.59920e-04 |165  0.08061 -2.60874e-01
166  0.06256  8.07457e-01 |167 -0.17461  1.66631e+00 |168 -0.15566 -1.43933e-02
169  0.23132  4.18253e-01 |170  0.01042 -5.21814e-01 |171 -0.35956  9.76867e-02
172 -0.43726 -2.95442e-03 |173 -0.03671  7.76325e-02 |174 -0.30114  3.04321e-02

 - final statistics:
174 variables; iteration 65; function evaluation 78
Function value 6.6435e+03; maximum gradient component mag 7.9767e-01
Exit code = 1;  converg criter 1.0000e+00
Var    Value     Gradient |Var    Value     Gradient |Var    Value     Gradient
  1 -0.38803 -1.97696e-01 |  2  0.34596 -7.08618e-01 |  3 -0.15080 -7.30038e-01
  4  0.04729 -5.38330e-01 |  5 -0.72502  5.59078e-02 |  6 -0.61890 -2.73717e-01
  7 -0.41914  6.38234e-02 |  8  0.34816 -3.40326e-01 |  9 -0.20325  2.01390e-01
 10  0.10148  1.51360e-01 | 11 -0.64210 -8.80983e-02 | 12 -0.63338 -1.17462e-01
 13  0.83992  9.81327e-04 | 14 -0.00221  2.97330e-03 | 15 -0.00222  3.04693e-03
 16 -0.00222  3.12462e-03 | 17 -0.00222  3.20642e-03 | 18 -0.00221  3.29124e-03
 19 -0.00219  3.37811e-03 | 20 -0.00216  3.46567e-03 | 21 -0.00212  3.55257e-03
 22 -0.00206  3.63770e-03 | 23 -0.00200  3.71999e-03 | 24 -0.00192  3.79871e-03
 25 -0.00184  3.87347e-03 | 26 -0.00174  3.94506e-03 | 27 -0.00163  4.01410e-03
 28 -0.00151  4.08125e-03 | 29 -0.00137  4.14743e-03 | 30 -0.00123  4.21186e-03
 31 -0.00108  4.27212e-03 | 32 -0.00092  4.32310e-03 | 33 -0.00075  4.35648e-03
 34 -0.00057  4.36077e-03 | 35 -0.00039  4.32198e-03 | 36 -0.00022  4.22532e-03
 37 -0.00005  4.05739e-03 | 38  0.00011  3.80905e-03 | 39  0.00026  3.47749e-03
 40  0.00037  3.06790e-03 | 41  0.00046  2.59184e-03 | 42  0.00050  2.06490e-03
 43  0.00050  1.50127e-03 | 44  0.00045  9.08098e-04 | 45  0.00035  2.80215e-04
 46  0.00019 -4.02571e-04 | 47 -0.00001 -1.17302e-03 | 48 -0.00024 -2.06800e-03
 49 -0.00050 -3.11558e-03 | 50 -0.00077 -4.32079e-03 | 51 -0.00102 -5.65758e-03
 52 -0.00123 -7.07251e-03 | 53 -0.00137 -8.50059e-03 | 54 -0.00142 -9.89083e-03
 55 -0.00133 -1.12336e-02 | 56 -0.00109 -1.25767e-02 | 57 -0.00064 -1.40256e-02
 58  0.00004 -1.57054e-02 | 59  0.00098 -1.76647e-02 | 60  0.00221 -1.97135e-02
 61  0.00375 -2.12591e-02 | 62  0.00560 -2.12940e-02 | 63  0.00774 -1.86881e-02
 64  0.01013 -1.27859e-02 | 65  0.01269 -4.81335e-03 | 66  0.01530 -1.39658e-03
 67  0.01773 -1.64756e-02 | 68  0.01979 -5.77328e-02 | 69  0.02141 -1.00034e-01
 70  0.02268 -9.39061e-02 | 71  0.02359 -2.46626e-02 | 72  0.02384  5.61389e-02
 73  0.02308  7.44271e-02 | 74  0.02131  1.48771e-02 | 75  0.01890 -4.94092e-02
 76  0.01622 -4.36559e-02 | 77  0.01309 -6.39468e-05 | 78  0.00923  8.64173e-03
 79  0.00492 -1.82817e-03 | 80  0.00065  3.17927e-03 | 81 -0.00327  1.13272e-02
 82 -0.00655  1.52745e-02 | 83 -0.00910  1.87139e-02 | 84 -0.01106  2.17293e-02
 85 -0.01273  2.25658e-02 | 86 -0.01419  2.03428e-02 | 87 -0.01496  1.40462e-02
 88 -0.01463  4.09747e-03 | 89 -0.01387 -5.57822e-03 | 90 -0.01113 -9.50668e-03
 91 -0.00632  5.51240e-03 | 92  0.00047  1.50667e-02 | 93  0.00415  9.94381e-03
 94  0.00639  8.64643e-03 | 95  0.00776  7.99936e-03 | 96  0.00153 -7.33815e-03
 97  0.00342  1.17875e-01 | 98  0.02191  1.30159e-02 | 99  0.01583 -2.25789e-02
100 -0.00179 -2.43697e-02 |101  0.01718 -6.24998e-02 |102  0.08592  1.21398e-03
103  0.02566  7.72433e-02 |104 -0.01009  1.21874e-01 |105  0.00432  9.51567e-02
106  0.01836 -2.05230e-03 |107  0.02479  4.56014e-02 |108 -0.01659  2.80476e-01
109 -0.08174 -2.61808e-02 |110 -0.09543 -8.70129e-02 |111 -0.09056 -8.72111e-02
112 -0.04580 -4.87042e-02 |113  0.05362  1.14479e-01 |114  0.00845 -7.57336e-02
115  0.00559  1.00984e-01 |116 -0.03743 -1.00029e-01 |117 -0.07342  7.18703e-02
118 -0.02334 -3.52717e-02 |119 -0.02719 -2.37667e-01 |120 -0.04266 -9.91981e-02
121  0.01187 -1.54871e-01 |122  0.05161 -2.73889e-02 |123  0.01832  8.16863e-02
124  0.05095 -1.33524e-01 |125 -0.01561 -8.59693e-02 |126  0.10901  8.22943e-02
127 -0.00498 -2.36097e-01 |128 -0.04138  2.13543e-01 |129 -0.05588  1.45245e-02
130 -0.02215  1.69777e-02 |131  0.07863 -2.49423e-02 |132  0.02795  1.34167e-02
133  0.01391 -8.40111e-02 |134 -0.02858  3.44471e-02 |135 -0.01776 -2.29253e-02
136 -0.00170  4.66783e-02 |137  0.00000  4.74411e-08 |138 -0.65347 -1.07625e-01
139 -0.99730  8.38734e-04 |140  0.02972 -5.16030e-02 |141 -0.58658  2.18005e-05
142  0.03350 -3.04778e-02 |143 -0.11651 -5.76355e-02 |144  0.19187  2.19371e-01
145  0.16782  1.42976e-01 |146 -0.58154  9.19632e-05 |147 -0.00895  1.63997e-01
148  0.11869  3.28213e-02 |149 -0.04548 -2.44939e-02 |150  0.09511  2.03639e-02
151  0.04715  5.29986e-02 |152  0.14165 -2.15102e-02 |153 -0.03881 -2.37632e-03
154 -0.58579  8.26276e-02 |155 -0.50991  1.50156e-04 |156 -0.21004 -7.63650e-02
157 -0.21320  4.66644e-01 |158  0.18800 -6.43947e-03 |159  0.08493  1.01243e-01
160 -0.38816 -5.33939e-02 |161 -0.20198 -8.35130e-02 |162 -0.03363 -1.02057e-03
163  0.08673 -7.49657e-02 |164 -0.52591 -4.79794e-04 |165  0.08071 -1.16696e-01
166  0.06256  3.79462e-01 |167 -0.17463  7.97670e-01 |168 -0.15566 -4.74722e-03
169  0.23073  1.81528e-01 |170  0.01030 -2.30043e-01 |171 -0.36036  4.75447e-02
172 -0.43467 -3.32423e-03 |173 -0.03740  2.80742e-02 |174 -0.30091  2.68057e-02

Initial statistics: 189 variables; iteration 0; function evaluation 0; phase 4
Function value 6.6435035e+03; maximum gradient component mag 1.4958e+02
Var    Value     Gradient |Var    Value     Gradient |Var    Value     Gradient
  1 -0.38803 -1.97696e-01 |  2  0.34596 -7.08618e-01 |  3 -0.15080 -7.30038e-01
  4  0.04729 -5.38330e-01 |  5 -0.72502  5.59078e-02 |  6 -0.61890 -2.73717e-01
  7 -0.41914  6.38234e-02 |  8  0.34816 -3.40326e-01 |  9 -0.20325  2.01390e-01
 10  0.10148  1.51360e-01 | 11 -0.64210 -8.80983e-02 | 12 -0.63338 -1.17462e-01
 13  0.83992  9.81327e-04 | 14 -0.00221  2.97330e-03 | 15 -0.00222  3.04693e-03
 16 -0.00222  3.12462e-03 | 17 -0.00222  3.20642e-03 | 18 -0.00221  3.29124e-03
 19 -0.00219  3.37811e-03 | 20 -0.00216  3.46567e-03 | 21 -0.00212  3.55257e-03
 22 -0.00206  3.63770e-03 | 23 -0.00200  3.71999e-03 | 24 -0.00192  3.79871e-03
 25 -0.00184  3.87347e-03 | 26 -0.00174  3.94506e-03 | 27 -0.00163  4.01410e-03
 28 -0.00151  4.08125e-03 | 29 -0.00137  4.14743e-03 | 30 -0.00123  4.21186e-03
 31 -0.00108  4.27212e-03 | 32 -0.00092  4.32310e-03 | 33 -0.00075  4.35648e-03
 34 -0.00057  4.36077e-03 | 35 -0.00039  4.32198e-03 | 36 -0.00022  4.22532e-03
 37 -0.00005  4.05739e-03 | 38  0.00011  3.80905e-03 | 39  0.00026  3.47749e-03
 40  0.00037  3.06790e-03 | 41  0.00046  2.59184e-03 | 42  0.00050  2.06490e-03
 43  0.00050  1.50127e-03 | 44  0.00045  9.08098e-04 | 45  0.00035  2.80215e-04
 46  0.00019 -4.02571e-04 | 47 -0.00001 -1.17302e-03 | 48 -0.00024 -2.06800e-03
 49 -0.00050 -3.11558e-03 | 50 -0.00077 -4.32079e-03 | 51 -0.00102 -5.65758e-03
 52 -0.00123 -7.07251e-03 | 53 -0.00137 -8.50059e-03 | 54 -0.00142 -9.89083e-03
 55 -0.00133 -1.12336e-02 | 56 -0.00109 -1.25767e-02 | 57 -0.00064 -1.40256e-02
 58  0.00004 -1.57054e-02 | 59  0.00098 -1.76647e-02 | 60  0.00221 -1.97135e-02
 61  0.00375 -2.12591e-02 | 62  0.00560 -2.12940e-02 | 63  0.00774 -1.86881e-02
 64  0.01013 -1.27859e-02 | 65  0.01269 -4.81335e-03 | 66  0.01530 -1.39658e-03
 67  0.01773 -1.64756e-02 | 68  0.01979 -5.77328e-02 | 69  0.02141 -1.00034e-01
 70  0.02268 -9.39061e-02 | 71  0.02359 -2.46626e-02 | 72  0.02384  5.61389e-02
 73  0.02308  7.44271e-02 | 74  0.02131  1.48771e-02 | 75  0.01890 -4.94092e-02
 76  0.01622 -4.36559e-02 | 77  0.01309 -6.39468e-05 | 78  0.00923  8.64173e-03
 79  0.00492 -1.82817e-03 | 80  0.00065  3.17927e-03 | 81 -0.00327  1.13272e-02
 82 -0.00655  1.52745e-02 | 83 -0.00910  1.87139e-02 | 84 -0.01106  2.17293e-02
 85 -0.01273  2.25658e-02 | 86 -0.01419  2.03428e-02 | 87 -0.01496  1.40462e-02
 88 -0.01463  4.09747e-03 | 89 -0.01387 -5.57822e-03 | 90 -0.01113 -9.50668e-03
 91 -0.00632  5.51240e-03 | 92  0.00047  1.50667e-02 | 93  0.00415  9.94381e-03
 94  0.00639  8.64643e-03 | 95  0.00776  7.99936e-03 | 96  0.00153 -7.33815e-03
 97  0.00342  1.17875e-01 | 98  0.02191  1.30159e-02 | 99  0.01583 -2.25789e-02
100 -0.00179 -2.43697e-02 |101  0.01718 -6.24998e-02 |102  0.08592  1.21398e-03
103  0.02566  7.72433e-02 |104 -0.01009  1.21874e-01 |105  0.00432  9.51567e-02
106  0.01836 -2.05230e-03 |107  0.02479  4.56014e-02 |108 -0.01659  2.80476e-01
109 -0.08174 -2.61808e-02 |110 -0.09543 -8.70129e-02 |111 -0.09056 -8.72111e-02
112 -0.04580 -4.87042e-02 |113  0.05362  1.14479e-01 |114  0.00845 -7.57336e-02
115  0.00559  1.00984e-01 |116 -0.03743 -1.00029e-01 |117 -0.07342  7.18703e-02
118 -0.02334 -3.52717e-02 |119 -0.02719 -2.37667e-01 |120 -0.04266 -9.91981e-02
121  0.01187 -1.54871e-01 |122  0.05161 -2.73889e-02 |123  0.01832  8.16863e-02
124  0.05095 -1.33524e-01 |125 -0.01561 -8.59693e-02 |126  0.10901  8.22943e-02
127 -0.00498 -2.36097e-01 |128 -0.04138  2.13543e-01 |129 -0.05588  1.45245e-02
130 -0.02215  1.69777e-02 |131  0.07863 -2.49423e-02 |132  0.02795  1.34167e-02
133  0.01391 -8.40111e-02 |134 -0.02858  3.44471e-02 |135 -0.01776 -2.29253e-02
136 -0.00170  4.66783e-02 |137  0.00000  4.74411e-08 |138 -0.65347 -1.07625e-01
139 -0.99730  8.38734e-04 |140  0.02972 -5.16030e-02 |141 -0.58658  2.18005e-05
142  0.03350 -3.04778e-02 |143 -0.40376  4.37393e-01 |144  0.81922  8.72565e+01
145 -0.11651 -5.76355e-02 |146  0.19187  2.19371e-01 |147 -0.23782 -5.04663e-01
148  0.16782  1.42976e-01 |149 -0.58154  9.19632e-05 |150 -0.00895  1.63997e-01
151 -0.42445  1.08401e+00 |152  0.82196  4.06970e+01 |153  0.11869  3.28213e-02
154 -0.04548 -2.44939e-02 |155 -0.12018  9.83122e-01 |156  0.09511  2.03639e-02
157  0.04715  5.29986e-02 |158  0.14165 -2.15102e-02 |159 -0.03881 -2.37632e-03
160 -0.58579  8.26276e-02 |161 -0.50991  1.50156e-04 |162 -0.21004 -7.63650e-02
163 -0.21320  4.66644e-01 |164  0.80064  2.13095e+00 |165  0.18800 -6.43947e-03
166  0.08493  1.01243e-01 |167 -0.25929 -1.30186e+00 |168 -0.38816 -5.33939e-02
169 -0.20198 -8.35130e-02 |170 -0.03363 -1.02057e-03 |171 -0.28409 -5.04719e-01
172  0.81681 -2.34741e+00 |173  0.08673 -7.49657e-02 |174 -0.52591 -4.79794e-04
175  0.08071 -1.16696e-01 |176 -0.40554 -4.63574e-01 |177 -0.14465  4.02119e+00
178  0.06256  3.79462e-01 |179 -0.17463  7.97670e-01 |180 -0.15566 -4.74722e-03
181 -0.99999  3.20291e-05 |182 -0.13819  1.01766e+01 |183  0.23073  1.81528e-01
184  0.01030 -2.30043e-01 |185 -0.36036  4.75447e-02 |186 -0.43467 -3.32423e-03
187 -0.03740  2.80742e-02 |188 -0.30091  2.68057e-02 |189  0.80943  1.49584e+02

Intermediate statistics: 189 variables; iteration 20; function evaluation 24; phase 4
Function value 6.6434511e+03; maximum gradient component mag 1.9221e+01
Var    Value     Gradient |Var    Value     Gradient |Var    Value     Gradient
  1 -0.38911  1.92180e+00 |  2  0.34561 -4.37350e+00 |  3 -0.14999  3.77275e+00
  4  0.04720  7.01660e-01 |  5 -0.72430  3.92460e-01 |  6 -0.61913 -2.89102e+00
  7 -0.42034 -8.22141e+00 |  8  0.34792 -2.20162e+00 |  9 -0.20281 -1.23090e+01
 10  0.10157 -1.87381e+00 | 11 -0.64139 -2.05112e-01 | 12 -0.63354 -3.74692e+00
 13  0.84440  6.37721e-01 | 14 -0.00231  4.43908e-02 | 15 -0.00233  4.56892e-02
 16 -0.00233  4.70181e-02 | 17 -0.00233  4.83779e-02 | 18 -0.00232  4.97685e-02
 19 -0.00230  5.11899e-02 | 20 -0.00227  5.26421e-02 | 21 -0.00223  5.41248e-02
 22 -0.00218  5.56376e-02 | 23 -0.00211  5.71800e-02 | 24 -0.00204  5.87515e-02
 25 -0.00195  6.03512e-02 | 26 -0.00185  6.19786e-02 | 27 -0.00174  6.36325e-02
 28 -0.00162  6.53123e-02 | 29 -0.00148  6.70168e-02 | 30 -0.00134  6.87449e-02
 31 -0.00118  7.04954e-02 | 32 -0.00101  7.22669e-02 | 33 -0.00084  7.40574e-02
 34 -0.00066  7.58650e-02 | 35 -0.00048  7.76871e-02 | 36 -0.00029  7.95213e-02
 37 -0.00011  8.13650e-02 | 38  0.00006  8.32162e-02 | 39  0.00021  8.50734e-02
 40  0.00034  8.69361e-02 | 41  0.00044  8.88052e-02 | 42  0.00049  9.06823e-02
 43  0.00051  9.25702e-02 | 44  0.00047  9.44721e-02 | 45  0.00039  9.63918e-02
 46  0.00025  9.83333e-02 | 47  0.00007  1.00302e-01 | 48 -0.00015  1.02304e-01
 49 -0.00039  1.04350e-01 | 50 -0.00064  1.06455e-01 | 51 -0.00087  1.08638e-01
 52 -0.00106  1.10922e-01 | 53 -0.00118  1.13331e-01 | 54 -0.00120  1.15890e-01
 55 -0.00110  1.18618e-01 | 56 -0.00084  1.21530e-01 | 57 -0.00037  1.24632e-01
 58  0.00033  1.27927e-01 | 59  0.00129  1.31418e-01 | 60  0.00255  1.35127e-01
 61  0.00411  1.39115e-01 | 62  0.00597  1.43497e-01 | 63  0.00812  1.48413e-01
 64  0.01051  1.53940e-01 | 65  0.01307  1.59821e-01 | 66  0.01568  1.64688e-01
 67  0.01819  1.65337e-01 | 68  0.02043  1.59191e-01 | 69  0.02223  1.50638e-01
 70  0.02350  1.50588e-01 | 71  0.02416  1.62938e-01 | 72  0.02411  1.75838e-01
 73  0.02330  1.72063e-01 | 74  0.02176  1.48987e-01 | 75  0.01961  1.23737e-01
 76  0.01691  1.11197e-01 | 77  0.01361  1.03135e-01 | 78  0.00972  8.63746e-02
 79  0.00545  6.51675e-02 | 80  0.00114  4.49466e-02 | 81 -0.00281  2.40755e-02
 82 -0.00611  1.80970e-03 | 83 -0.00868 -2.14505e-02 | 84 -0.01065 -4.55942e-02
 85 -0.01233 -7.02548e-02 | 86 -0.01381 -9.46458e-02 | 87 -0.01458 -1.18328e-01
 88 -0.01425 -1.40921e-01 | 89 -0.01349 -1.60919e-01 | 90 -0.01078 -1.80689e-01
 91 -0.00606 -2.04097e-01 | 92  0.00069 -2.33863e-01 | 93  0.00439 -2.56987e-01
 94  0.00665 -2.77820e-01 | 95  0.00806 -2.91264e-01 | 96  0.00188 -2.83912e-01
 97  0.00333 -2.92020e-01 | 98  0.02227 -3.65444e-01 | 99  0.01623 -3.18966e-01
100 -0.00147 -2.84663e-01 |101  0.01767 -3.48764e-01 |102  0.08622 -5.43172e-01
103  0.02548 -2.17271e-01 |104 -0.01046 -1.54481e-01 |105  0.00398 -1.46171e-01
106  0.01844 -2.01894e-01 |107  0.02480 -1.68131e-01 |108 -0.01743 -2.57082e-02
109 -0.08183 -1.68437e-03 |110 -0.09558  7.08455e-02 |111 -0.09086  1.06596e-01
112 -0.04604  1.29872e-01 |113  0.05326  5.56911e-01 |114  0.00845  4.41643e-01
115  0.00523  1.96936e-01 |116 -0.03738  1.06858e-01 |117 -0.07387 -9.48493e-02
118 -0.02372  9.63770e-02 |119 -0.02717  3.43563e-02 |120 -0.04299  4.12747e-03
121  0.01160 -6.08048e-02 |122  0.05110 -1.01712e-01 |123  0.01768 -1.01535e-01
124  0.05082 -5.91913e-02 |125 -0.01565  4.86619e-02 |126  0.10859 -1.83855e-01
127 -0.00460 -2.81519e-02 |128 -0.04208 -7.64366e-02 |129 -0.05600 -2.72688e-02
130 -0.02224 -1.57544e-02 |131  0.07875  7.28111e-03 |132  0.02795  2.87732e-02
133  0.01415 -1.73985e-02 |134 -0.02868 -1.00228e-02 |135 -0.01769 -2.64442e-02
136 -0.00187 -4.26862e-05 |137 -0.00000  3.44977e-09 |138 -0.64445 -1.63130e-01
139 -0.99730  1.08113e-02 |140  0.02908  2.20043e-01 |141 -0.58658  1.58370e-04
142  0.03308 -3.18469e-01 |143 -0.40143  4.33703e-02 |144  0.81905  1.34819e+01
145 -0.11756  3.91876e-01 |146  0.19128 -7.79991e-02 |147 -0.23754  2.52387e-01
148  0.16736  4.88468e-02 |149 -0.58154  2.39678e-04 |150 -0.00925  5.23477e-01
151 -0.42316 -4.09792e-02 |152  0.82175 -1.81153e+01 |153  0.11762  1.00365e+00
154 -0.04672 -5.45084e-01 |155 -0.12731  6.52115e-01 |156  0.09327  6.29599e-01
157  0.04638 -7.61726e-01 |158  0.14076  8.22743e-01 |159 -0.03930 -6.38119e-01
160 -0.58603  2.95462e-01 |161 -0.50991  1.31658e-03 |162 -0.20979  4.85825e-02
163 -0.21393  3.72092e+00 |164  0.80066  1.10895e+01 |165  0.18650  6.26584e-01
166  0.08460 -1.57305e-01 |167 -0.25884  1.48647e+00 |168 -0.38848 -1.90304e-01
169 -0.20302 -4.94777e-01 |170 -0.03351  2.23190e-02 |171 -0.28223 -7.21085e-01
172  0.81678  1.92212e+01 |173  0.08547 -1.60851e-01 |174 -0.52591 -4.64199e-04
175  0.08020 -3.61164e-01 |176 -0.40277 -4.06973e-01 |177 -0.14577  1.40649e+00
178  0.06263  2.52501e-01 |179 -0.17491 -3.47467e-02 |180 -0.15564 -1.21050e-01
181 -0.99999  1.39581e-05 |182 -0.13971 -2.33164e+00 |183  0.22997  3.38573e-01
184  0.01031 -3.00171e-01 |185 -0.36081 -5.10725e-01 |186 -0.43468 -2.69991e-03
187 -0.03940  3.04377e-01 |188 -0.30189 -1.90909e+00 |189  0.80906 -4.62274e-01
189 variables; iteration 40; function evaluation 45; phase 4
Function value 6.6434420e+03; maximum gradient component mag -1.6971e+01
Var    Value     Gradient |Var    Value     Gradient |Var    Value     Gradient
  1 -0.38923  2.74452e+00 |  2  0.34598 -2.82482e+00 |  3 -0.14955  2.36648e+00
  4  0.04638 -1.79364e-01 |  5 -0.72402  1.54700e-01 |  6 -0.61908 -1.81728e+00
  7 -0.42044 -8.08137e+00 |  8  0.34808 -2.26172e+00 |  9 -0.20238 -1.09933e+01
 10  0.10094 -2.37956e+00 | 11 -0.64151 -2.92982e-01 | 12 -0.63349 -3.31026e+00
 13  0.83694  3.02603e-01 | 14 -0.00231  4.85648e-02 | 15 -0.00232  4.99282e-02
 16 -0.00233  5.13124e-02 | 17 -0.00233  5.27157e-02 | 18 -0.00232  5.41363e-02
 19 -0.00230  5.55720e-02 | 20 -0.00227  5.70203e-02 | 21 -0.00223  5.84785e-02
 22 -0.00218  5.99432e-02 | 23 -0.00211  6.14110e-02 | 24 -0.00204  6.28777e-02
 25 -0.00195  6.43388e-02 | 26 -0.00185  6.57892e-02 | 27 -0.00174  6.72236e-02
 28 -0.00162  6.86359e-02 | 29 -0.00148  7.00199e-02 | 30 -0.00134  7.13690e-02
 31 -0.00118  7.26763e-02 | 32 -0.00102  7.39348e-02 | 33 -0.00084  7.51374e-02
 34 -0.00066  7.62766e-02 | 35 -0.00048  7.73454e-02 | 36 -0.00030  7.83363e-02
 37 -0.00012  7.92419e-02 | 38  0.00005  8.00549e-02 | 39  0.00020  8.07678e-02
 40  0.00033  8.13731e-02 | 41  0.00042  8.18640e-02 | 42  0.00048  8.22343e-02
 43  0.00049  8.24793e-02 | 44  0.00045  8.25973e-02 | 45  0.00037  8.25895e-02
 46  0.00023  8.24620e-02 | 47  0.00004  8.22258e-02 | 48 -0.00018  8.18975e-02
 49 -0.00042  8.14992e-02 | 50 -0.00067  8.10576e-02 | 51 -0.00090  8.06040e-02
 52 -0.00110  8.01732e-02 | 53 -0.00122  7.98020e-02 | 54 -0.00125  7.95282e-02
 55 -0.00115  7.93887e-02 | 56 -0.00089  7.94171e-02 | 57 -0.00043  7.96428e-02
 58  0.00027  8.00889e-02 | 59  0.00123  8.07706e-02 | 60  0.00249  8.16891e-02
 61  0.00405  8.28184e-02 | 62  0.00591  8.40866e-02 | 63  0.00806  8.53631e-02
 64  0.01044  8.64795e-02 | 65  0.01298  8.73217e-02 | 66  0.01559  8.80819e-02
 67  0.01812  8.94459e-02 | 68  0.02041  9.17638e-02 | 69  0.02228  9.33411e-02
 70  0.02355  9.10633e-02 | 71  0.02411  8.39855e-02 | 72  0.02396  7.49615e-02
 73  0.02313  6.82265e-02 | 74  0.02168  6.48353e-02 | 75  0.01962  6.05364e-02
 76  0.01692  5.08895e-02 | 77  0.01358  3.81028e-02 | 78  0.00968  2.62853e-02
 79  0.00542  1.41321e-02 | 80  0.00112  3.35938e-04 | 81 -0.00284 -1.43942e-02
 82 -0.00615 -3.00979e-02 | 83 -0.00872 -4.68338e-02 | 84 -0.01071 -6.44978e-02
 85 -0.01240 -8.29437e-02 | 86 -0.01389 -1.02084e-01 | 87 -0.01465 -1.22308e-01
 88 -0.01431 -1.43952e-01 | 89 -0.01352 -1.66014e-01 | 90 -0.01077 -1.90518e-01
 91 -0.00600 -2.19724e-01 | 92  0.00078 -2.54195e-01 | 93  0.00449 -2.78332e-01
 94  0.00675 -3.01533e-01 | 95  0.00814 -3.24467e-01 | 96  0.00196 -3.33121e-01
 97  0.00331 -3.74851e-01 | 98  0.02217 -4.72945e-01 | 99  0.01604 -4.96302e-01
100 -0.00172 -4.76099e-01 |101  0.01736 -5.54763e-01 |102  0.08592 -9.25461e-01
103  0.02526 -5.19134e-01 |104 -0.01073 -3.40413e-01 |105  0.00338 -3.50686e-01
106  0.01827 -3.30247e-01 |107  0.02444 -2.91026e-01 |108 -0.01777 -4.96124e-02
109 -0.08208 -4.79017e-02 |110 -0.09583  2.55863e-02 |111 -0.09124  9.04208e-02
112 -0.04636  2.12365e-01 |113  0.05316  7.58673e-01 |114  0.00780  4.54738e-01
115  0.00486  2.93602e-01 |116 -0.03778  1.12116e-01 |117 -0.07423 -3.07323e-02
118 -0.02419  2.98919e-02 |119 -0.02769 -5.39226e-02 |120 -0.04343 -6.42033e-02
121  0.01116 -1.22710e-01 |122  0.05067 -1.26603e-01 |123  0.01736 -7.64816e-02
124  0.05039 -9.68043e-02 |125 -0.01607 -5.69828e-02 |126  0.10817 -1.61428e-01
127 -0.00502 -1.13386e-01 |128 -0.04214 -3.21864e-02 |129 -0.05606 -3.24482e-02
130 -0.02230 -2.09807e-02 |131  0.07858 -4.97204e-02 |132  0.02772 -1.23959e-02
133  0.01393 -4.08513e-02 |134 -0.02874  4.08303e-03 |135 -0.01767 -1.35456e-02
136 -0.00190 -1.32317e-03 |137 -0.00000 -1.45868e-09 |138 -0.64082 -3.46011e-01
139 -0.99741  6.74663e-03 |140  0.02877 -1.55149e-01 |141 -0.58660  1.83829e-04
142  0.03295  6.64752e-02 |143 -0.40006  1.37255e-01 |144  0.81900  1.26569e+01
145 -0.12224  7.19893e-02 |146  0.18926 -9.26372e-02 |147 -0.23553  2.01441e-01
148  0.16724 -2.21525e-01 |149 -0.58155  2.30746e-04 |150 -0.00927  8.10416e-01
151 -0.42279 -9.51656e-02 |152  0.82171 -1.69710e+01 |153  0.11635  7.80498e-01
154 -0.04831 -5.92768e-01 |155 -0.13292 -9.62829e-02 |156  0.09198  1.25320e-01
157  0.04584 -2.84855e-01 |158  0.14017  4.63030e-01 |159 -0.03965 -4.16971e-01
160 -0.58572  3.35134e-01 |161 -0.50992  1.13210e-03 |162 -0.20932 -4.27389e-05
163 -0.21312  3.67699e+00 |164  0.80076  1.02425e+01 |165  0.18532  1.53971e-01
166  0.08425  1.54372e-02 |167 -0.25869  4.46812e-01 |168 -0.38608 -1.19360e-01
169 -0.20923 -5.11180e-01 |170 -0.03244 -8.29294e-02 |171 -0.27625 -2.93525e-01
172  0.81672  1.40317e+01 |173  0.08471 -1.34593e-01 |174 -0.52589 -3.49431e-04
175  0.08011  6.54376e-02 |176 -0.40083  2.31124e-03 |177 -0.14594  1.92017e+00
178  0.06264  3.44529e-01 |179 -0.17496  3.30982e-01 |180 -0.15558 -7.40598e-02
181 -0.99999  2.94065e-05 |182 -0.13999 -3.00042e+00 |183  0.22640 -1.26940e-01
184  0.00848  7.05695e-02 |185 -0.36557 -6.71433e-01 |186 -0.43489 -3.18608e-03
187 -0.04284  1.58371e-01 |188 -0.29985 -1.24846e+00 |189  0.80906  4.59694e+00
189 variables; iteration 60; function evaluation 65; phase 4
Function value 6.6434358e+03; maximum gradient component mag 1.1423e+00
Var    Value     Gradient |Var    Value     Gradient |Var    Value     Gradient
  1 -0.38934  8.34519e-02 |  2  0.34616 -1.60232e-01 |  3 -0.14951  7.04373e-02
  4  0.04615  1.08248e-02 |  5 -0.72389  2.85928e-02 |  6 -0.61902 -9.66104e-02
  7 -0.42029 -3.46772e-01 |  8  0.34828 -8.96055e-02 |  9 -0.20201 -4.59034e-01
 10  0.10033 -1.47486e-01 | 11 -0.64148 -5.18450e-02 | 12 -0.63339 -1.76089e-01
 13  0.84010  3.37740e-02 | 14 -0.00235 -1.40023e-03 | 15 -0.00237 -1.35060e-03
 16 -0.00238 -1.28752e-03 | 17 -0.00237 -1.20969e-03 | 18 -0.00236 -1.11584e-03
 19 -0.00234 -1.00465e-03 | 20 -0.00231 -8.74774e-04 | 21 -0.00227 -7.24851e-04
 22 -0.00222 -5.53454e-04 | 23 -0.00216 -3.59137e-04 | 24 -0.00208 -1.40388e-04
 25 -0.00199  1.04328e-04 | 26 -0.00189  3.76645e-04 | 27 -0.00178  6.78145e-04
 28 -0.00165  1.01037e-03 | 29 -0.00152  1.37472e-03 | 30 -0.00137  1.77228e-03
 31 -0.00121  2.20368e-03 | 32 -0.00104  2.66888e-03 | 33 -0.00086  3.16700e-03
 34 -0.00068  3.69618e-03 | 35 -0.00049  4.25357e-03 | 36 -0.00030  4.83550e-03
 37 -0.00012  5.43765e-03 | 38  0.00005  6.05563e-03 | 39  0.00021  6.68531e-03
 40  0.00034  7.32322e-03 | 41  0.00045  7.96652e-03 | 42  0.00051  8.61260e-03
 43  0.00053  9.25807e-03 | 44  0.00050  9.89749e-03 | 45  0.00042  1.05220e-02
 46  0.00028  1.11183e-02 | 47  0.00010  1.16690e-02 | 48 -0.00011  1.21538e-02
 49 -0.00035  1.25523e-02 | 50 -0.00059  1.28472e-02 | 51 -0.00082  1.30276e-02
 52 -0.00101  1.30903e-02 | 53 -0.00113  1.30408e-02 | 54 -0.00116  1.28922e-02
 55 -0.00105  1.26641e-02 | 56 -0.00079  1.23795e-02 | 57 -0.00033  1.20610e-02
 58  0.00037  1.17290e-02 | 59  0.00133  1.14063e-02 | 60  0.00258  1.11427e-02
 61  0.00414  1.10547e-02 | 62  0.00600  1.13391e-02 | 63  0.00815  1.21833e-02
 64  0.01053  1.35400e-02 | 65  0.01308  1.48800e-02 | 66  0.01569  1.54514e-02
 67  0.01821  1.61270e-02 | 68  0.02051  2.06308e-02 | 69  0.02240  2.93164e-02
 70  0.02369  3.31373e-02 | 71  0.02423  2.54306e-02 | 72  0.02404  1.51788e-02
 73  0.02323  1.68587e-02 | 74  0.02182  2.92640e-02 | 75  0.01978  3.69582e-02
 76  0.01708  3.65967e-02 | 77  0.01376  3.84533e-02 | 78  0.00988  4.00976e-02
 79  0.00562  3.86787e-02 | 80  0.00133  3.87908e-02 | 81 -0.00261  3.86889e-02
 82 -0.00591  3.72332e-02 | 83 -0.00846  3.44643e-02 | 84 -0.01044  3.01947e-02
 85 -0.01212  2.45151e-02 | 86 -0.01360  1.75703e-02 | 87 -0.01436  9.12477e-03
 88 -0.01404 -1.12016e-03 | 89 -0.01327 -1.26977e-02 | 90 -0.01056 -2.62172e-02
 91 -0.00583 -3.81261e-02 | 92  0.00095 -4.17415e-02 | 93  0.00468 -4.53183e-02
 94  0.00694 -4.78467e-02 | 95  0.00835 -4.68662e-02 | 96  0.00216 -4.47190e-02
 97  0.00350 -5.23984e-02 | 98  0.02240 -6.49270e-02 | 99  0.01636 -3.90826e-02
100 -0.00148 -3.12798e-02 |101  0.01761 -1.09510e-02 |102  0.08626  6.60481e-02
103  0.02538  6.29491e-02 |104 -0.01067  5.37580e-02 |105  0.00360  6.66426e-02
106  0.01841  3.27490e-02 |107  0.02453 -3.97999e-02 |108 -0.01782 -6.97674e-02
109 -0.08205 -8.60010e-02 |110 -0.09587 -6.11957e-02 |111 -0.09126 -2.78129e-02
112 -0.04648 -1.40259e-02 |113  0.05296  1.55399e-01 |114  0.00782  8.64445e-02
115  0.00471 -4.63033e-02 |116 -0.03780 -2.82036e-02 |117 -0.07418 -1.12862e-02
118 -0.02415 -3.54591e-03 |119 -0.02757 -1.93750e-02 |120 -0.04340 -3.93395e-02
121  0.01124 -4.46324e-02 |122  0.05080 -6.43001e-03 |123  0.01748  4.67790e-02
124  0.05073  1.21739e-01 |125 -0.01584  2.76723e-02 |126  0.10832 -4.88386e-02
127 -0.00474  9.69324e-03 |128 -0.04205  1.60083e-02 |129 -0.05586  5.06642e-02
130 -0.02216  4.40165e-02 |131  0.07887  4.79703e-02 |132  0.02792  4.03649e-02
133  0.01419  4.88316e-02 |134 -0.02868  2.47210e-02 |135 -0.01769 -7.91659e-03
136 -0.00191 -9.35327e-05 |137 -0.00000  4.65568e-09 |138 -0.64180 -6.16364e-02
139 -0.99686  1.09765e-03 |140  0.02880  1.78522e-02 |141 -0.58681  1.83821e-04
142  0.03292 -8.33497e-03 |143 -0.39975  3.34600e-02 |144  0.81897  4.98222e-01
145 -0.12320 -6.46380e-02 |146  0.18882 -5.56478e-02 |147 -0.23520  5.74783e-02
148  0.16711  2.24625e-02 |149 -0.58173  1.63868e-04 |150 -0.00946  4.06513e-02
151 -0.42271  1.68573e-02 |152  0.82171 -2.62633e-01 |153  0.11596  5.77082e-02
154 -0.04838  2.36519e-02 |155 -0.13342 -6.12845e-02 |156  0.09177 -1.93711e-02
157  0.04580 -5.78384e-03 |158  0.13997  4.28196e-03 |159 -0.03966 -3.19346e-02
160 -0.58608  1.19494e-02 |161 -0.50995  9.46947e-05 |162 -0.20993 -2.82296e-02
163 -0.21321  1.07888e-01 |164  0.80050  7.61813e-01 |165  0.18457  4.85711e-03
166  0.08384 -1.99354e-01 |167 -0.25853  1.78785e-02 |168 -0.38455 -4.58679e-02
169 -0.20870 -1.31510e-01 |170 -0.03113  6.47691e-02 |171 -0.27698 -9.25072e-02
172  0.81671  1.14229e+00 |173  0.08485  1.71560e-01 |174 -0.52562 -1.28216e-04
175  0.08018  2.05438e-01 |176 -0.40039  9.27756e-02 |177 -0.14635  8.72578e-02
178  0.06260  3.09117e-02 |179 -0.17497  4.31040e-02 |180 -0.15553 -3.33382e-03
181 -0.99999 -7.26050e-05 |182 -0.13984 -1.05731e-01 |183  0.22673  2.50621e-02
184  0.00859 -6.99431e-02 |185 -0.36418  5.88674e-02 |186 -0.43731  1.91777e-03
187 -0.04218 -3.24956e-02 |188 -0.29993 -6.94216e-02 |189  0.80903  3.31994e-01
189 variables; iteration 80; function evaluation 89; phase 4
Function value 6.6434355e+03; maximum gradient component mag 1.3781e+00
Var    Value     Gradient |Var    Value     Gradient |Var    Value     Gradient
  1 -0.38932 -1.01615e-01 |  2  0.34618  2.75921e-02 |  3 -0.14951 -2.88887e-02
  4  0.04613  1.60437e-02 |  5 -0.72393  4.44234e-03 |  6 -0.61902  1.10702e-02
  7 -0.42026  7.79963e-02 |  8  0.34827  1.89856e-02 |  9 -0.20200  1.92765e-01
 10  0.10034  8.91791e-02 | 11 -0.64152 -3.03732e-02 | 12 -0.63339  2.31074e-02
 13  0.83830  2.13563e-03 | 14 -0.00235 -1.11606e-03 | 15 -0.00236 -1.18951e-03
 16 -0.00237 -1.26138e-03 | 17 -0.00237 -1.33100e-03 | 18 -0.00236 -1.39768e-03
 19 -0.00234 -1.46073e-03 | 20 -0.00231 -1.51941e-03 | 21 -0.00227 -1.57296e-03
 22 -0.00222 -1.62053e-03 | 23 -0.00215 -1.66126e-03 | 24 -0.00208 -1.69416e-03
 25 -0.00199 -1.71820e-03 | 26 -0.00189 -1.73212e-03 | 27 -0.00178 -1.73464e-03
 28 -0.00165 -1.72430e-03 | 29 -0.00152 -1.69961e-03 | 30 -0.00137 -1.65905e-03
 31 -0.00121 -1.60124e-03 | 32 -0.00105 -1.52499e-03 | 33 -0.00087 -1.42941e-03
 34 -0.00069 -1.31387e-03 | 35 -0.00050 -1.17795e-03 | 36 -0.00032 -1.02105e-03
 37 -0.00013 -8.42049e-04 | 38  0.00004 -6.38662e-04 | 39  0.00019 -4.06938e-04
 40  0.00033 -1.40812e-04 | 41  0.00043  1.67748e-04 | 42  0.00049  5.28276e-04
 43  0.00051  9.50556e-04 | 44  0.00047  1.44295e-03 | 45  0.00039  2.01043e-03
 46  0.00026  2.65275e-03 | 47  0.00008  3.36345e-03 | 48 -0.00013  4.13021e-03
 49 -0.00037  4.93644e-03 | 50 -0.00061  5.76419e-03 | 51 -0.00084  6.59645e-03
 52 -0.00102  7.41868e-03 | 53 -0.00114  8.21868e-03 | 54 -0.00116  8.98485e-03
 55 -0.00106  9.70386e-03 | 56 -0.00079  1.03581e-02 | 57 -0.00033  1.09236e-02
 58  0.00037  1.13717e-02 | 59  0.00134  1.16824e-02 | 60  0.00259  1.18757e-02
 61  0.00415  1.20424e-02 | 62  0.00602  1.23083e-02 | 63  0.00816  1.26704e-02
 64  0.01055  1.28626e-02 | 65  0.01310  1.26173e-02 | 66  0.01570  1.22913e-02
 67  0.01823  1.24175e-02 | 68  0.02051  1.18273e-02 | 69  0.02235  9.66343e-03
 70  0.02362  8.54917e-03 | 71  0.02422  1.00897e-02 | 72  0.02410  1.19943e-02
 73  0.02328  1.09935e-02 | 74  0.02180  7.17957e-03 | 75  0.01972  4.89129e-03
 76  0.01702  4.13002e-03 | 77  0.01369  2.47258e-03 | 78  0.00981  1.90865e-03
 79  0.00555 -7.96481e-05 | 80  0.00125 -1.51759e-03 | 81 -0.00270 -2.56768e-03
 82 -0.00599 -3.94142e-03 | 83 -0.00855 -4.96902e-03 | 84 -0.01052 -5.52995e-03
 85 -0.01219 -5.75129e-03 | 86 -0.01366 -5.98753e-03 | 87 -0.01441 -6.87300e-03
 88 -0.01407 -8.43601e-03 | 89 -0.01328 -1.00883e-02 | 90 -0.01054 -1.32944e-02
 91 -0.00579 -1.69389e-02 | 92  0.00099 -1.47896e-02 | 93  0.00469 -1.53648e-02
 94  0.00695 -1.20408e-02 | 95  0.00834 -6.29689e-03 | 96  0.00217  1.71984e-03
 97  0.00357  1.65896e-02 | 98  0.02244  1.36891e-02 | 99  0.01636  8.80840e-03
100 -0.00150 -1.25835e-02 |101  0.01750 -9.14028e-03 |102  0.08614  4.07975e-02
103  0.02544  6.45499e-02 |104 -0.01063  7.10808e-02 |105  0.00352  5.19238e-02
106  0.01835  7.39704e-03 |107  0.02452 -3.13875e-02 |108 -0.01789 -5.01300e-02
109 -0.08195 -6.05630e-03 |110 -0.09581  3.20025e-03 |111 -0.09129 -3.70878e-03
112 -0.04639  2.41393e-02 |113  0.05283  1.43197e-02 |114  0.00766 -1.03743e-02
115  0.00480 -7.93323e-03 |116 -0.03775 -2.37492e-03 |117 -0.07426 -4.05844e-02
118 -0.02422 -3.78123e-02 |119 -0.02768 -4.90041e-02 |120 -0.04336 -6.66034e-04
121  0.01132  2.56155e-02 |122  0.05072 -1.34612e-02 |123  0.01741  1.23106e-03
124  0.05051 -1.61361e-02 |125 -0.01587  8.33268e-03 |126  0.10830 -1.33417e-02
127 -0.00484 -1.90440e-02 |128 -0.04217 -1.22521e-02 |129 -0.05592  4.11314e-02
130 -0.02225  1.55898e-02 |131  0.07870 -1.26864e-02 |132  0.02780  3.25380e-03
133  0.01395 -2.41977e-02 |134 -0.02899 -5.86676e-02 |135 -0.01762  1.74180e-02
136 -0.00189  2.84195e-03 |137 -0.00000  4.91915e-09 |138 -0.64045  3.20008e-02
139 -0.99689 -3.03290e-04 |140  0.02884  8.20230e-03 |141 -0.58697  1.64113e-04
142  0.03295  2.13128e-03 |143 -0.39987 -1.16576e-02 |144  0.81898 -2.60969e-01
145 -0.12179 -1.10357e-03 |146  0.18948 -1.45113e-02 |147 -0.23586  2.22780e-02
148  0.16710  1.96784e-02 |149 -0.58187  1.46298e-04 |150 -0.00946  3.02235e-04
151 -0.42273  4.01636e-03 |152  0.82172  4.34350e-01 |153  0.11574 -2.17004e-02
154 -0.04862  4.90631e-03 |155 -0.13323 -1.83403e-02 |156  0.09185  1.67111e-03
157  0.04586  1.49296e-02 |158  0.14002 -4.14086e-03 |159 -0.03960  6.43267e-03
160 -0.58546 -5.36650e-03 |161 -0.50999  1.05009e-05 |162 -0.20904 -7.42619e-03
163 -0.21304 -6.47786e-02 |164  0.80051  1.41610e-01 |165  0.18513  4.55897e-02
166  0.08415 -6.74209e-02 |167 -0.25866 -2.02026e-02 |168 -0.38697  1.66399e-02
169 -0.20689  3.45274e-02 |170 -0.03294 -1.33248e-02 |171 -0.27769  3.47471e-03
172  0.81672  1.37808e+00 |173  0.08465  4.40012e-02 |174 -0.52542 -1.86524e-04
175  0.08002  3.26128e-02 |176 -0.40013  4.11281e-02 |177 -0.14638 -3.09937e-02
178  0.06261  5.31972e-04 |179 -0.17498  1.46196e-03 |180 -0.15551  8.51329e-03
181 -0.99990  4.65795e-02 |182 -0.13982  5.77175e-02 |183  0.22668 -8.08451e-03
184  0.00860 -2.71749e-02 |185 -0.36480  3.80101e-02 |186 -0.43902  1.89837e-03
187 -0.04268 -3.88116e-02 |188 -0.29970  2.59792e-02 |189  0.80903  7.06937e-01
189 variables; iteration 100; function evaluation 122; phase 4
Function value 6.6434354e+03; maximum gradient component mag -1.3096e-01
Var    Value     Gradient |Var    Value     Gradient |Var    Value     Gradient
  1 -0.38932  1.06744e-02 |  2  0.34617 -3.62385e-03 |  3 -0.14952  3.20993e-03
  4  0.04615 -9.59428e-04 |  5 -0.72396  2.58145e-04 |  6 -0.61901 -8.22982e-04
  7 -0.42026 -6.72176e-03 |  8  0.34827 -1.58831e-03 |  9 -0.20200 -1.73624e-02
 10  0.10033 -1.12334e-02 | 11 -0.64143  8.33856e-03 | 12 -0.63340 -2.49690e-03
 13  0.83868 -4.06684e-03 | 14 -0.00234  3.55119e-05 | 15 -0.00236  5.38502e-05
 16 -0.00237  7.08738e-05 | 17 -0.00237  8.65380e-05 | 18 -0.00236  1.00765e-04
 19 -0.00234  1.13457e-04 | 20 -0.00231  1.24493e-04 | 21 -0.00227  1.33741e-04
 22 -0.00221  1.41026e-04 | 23 -0.00215  1.46181e-04 | 24 -0.00207  1.49011e-04
 25 -0.00199  1.49325e-04 | 26 -0.00189  1.46924e-04 | 27 -0.00177  1.41622e-04
 28 -0.00165  1.33224e-04 | 29 -0.00151  1.21601e-04 | 30 -0.00137  1.06699e-04
 31 -0.00121  8.86864e-05 | 32 -0.00104  6.80729e-05 | 33 -0.00087  4.59707e-05
 34 -0.00069  2.41640e-05 | 35 -0.00050  5.28731e-06 | 36 -0.00032 -7.56554e-06
 37 -0.00013 -1.13641e-05 | 38  0.00004 -4.44897e-06 | 39  0.00019  1.20668e-05
 40  0.00033  3.28200e-05 | 41  0.00043  4.77324e-05 | 42  0.00049  4.27913e-05
 43  0.00050  2.77196e-06 | 44  0.00047 -8.47173e-05 | 45  0.00039 -2.24730e-04
 46  0.00025 -4.11947e-04 | 47  0.00007 -6.30756e-04 | 48 -0.00015 -8.59422e-04
 49 -0.00038 -1.07722e-03 | 50 -0.00063 -1.27112e-03 | 51 -0.00086 -1.43851e-03
 52 -0.00104 -1.58533e-03 | 53 -0.00117 -1.72151e-03 | 54 -0.00119 -1.85730e-03
 55 -0.00109 -2.00218e-03 | 56 -0.00082 -2.16491e-03 | 57 -0.00036 -2.34716e-03
 58  0.00034 -2.52017e-03 | 59  0.00131 -2.59489e-03 | 60  0.00256 -2.47883e-03
 61  0.00412 -2.31482e-03 | 62  0.00599 -2.39366e-03 | 63  0.00814 -1.95710e-03
 64  0.01053 -1.93564e-04 | 65  0.01307 -1.15636e-03 | 66  0.01567 -4.09123e-03
 67  0.01820 -2.79459e-03 | 68  0.02048 -2.47337e-03 | 69  0.02235 -7.85144e-04
 70  0.02362 -1.67859e-03 | 71  0.02422  6.45417e-04 | 72  0.02404 -8.78222e-03
 73  0.02325 -1.78797e-03 | 74  0.02178 -3.76782e-03 | 75  0.01972 -6.34083e-04
 76  0.01702 -5.72292e-04 | 77  0.01369 -2.20169e-03 | 78  0.00982  2.83317e-03
 79  0.00555 -3.47289e-04 | 80  0.00125  1.86729e-04 | 81 -0.00269  6.96249e-04
 82 -0.00599  2.53601e-04 | 83 -0.00855  3.78670e-04 | 84 -0.01052  1.76005e-03
 85 -0.01219  3.19869e-03 | 86 -0.01366  3.12095e-03 | 87 -0.01442  1.78141e-03
 88 -0.01408  1.32793e-03 | 89 -0.01328  3.73573e-03 | 90 -0.01052  6.58086e-03
 91 -0.00579 -5.27465e-04 | 92  0.00099 -7.70464e-05 | 93  0.00471 -2.45486e-04
 94  0.00695 -3.91262e-03 | 95  0.00833 -3.42378e-03 | 96  0.00217  7.81395e-04
 97  0.00352  6.29433e-04 | 98  0.02241 -2.61422e-03 | 99  0.01635  5.30617e-04
100 -0.00144 -8.83136e-04 |101  0.01760  6.94101e-04 |102  0.08613 -6.04208e-03
103  0.02536 -4.17910e-03 |104 -0.01075 -7.45264e-03 |105  0.00348 -1.32636e-03
106  0.01835 -1.86055e-03 |107  0.02455 -5.22130e-04 |108 -0.01781  1.03381e-02
109 -0.08196  2.21941e-03 |110 -0.09583 -5.63228e-03 |111 -0.09127  8.18228e-04
112 -0.04642  2.55774e-03 |113  0.05282 -6.19578e-03 |114  0.00770  5.39761e-03
115  0.00479  1.95770e-03 |116 -0.03778 -1.49202e-03 |117 -0.07420 -1.23044e-03
118 -0.02418  5.12910e-03 |119 -0.02758  8.05175e-03 |120 -0.04340 -6.09491e-03
121  0.01125  1.76058e-03 |122  0.05078  4.84346e-03 |123  0.01736 -9.26901e-03
124  0.05056  8.83716e-03 |125 -0.01591 -6.19341e-03 |126  0.10832  2.75426e-03
127 -0.00480  4.66058e-03 |128 -0.04213  2.67022e-03 |129 -0.05605 -9.01590e-03
130 -0.02229  1.34595e-03 |131  0.07872 -1.57986e-03 |132  0.02779  2.76741e-03
133  0.01402  1.21991e-03 |134 -0.02878  5.20255e-03 |135 -0.01764  7.79244e-03
136 -0.00190  6.99322e-04 |137 -0.00000 -4.24783e-09 |138 -0.64069  1.34700e-03
139 -0.99660 -1.29107e-04 |140  0.02883 -7.43246e-04 |141 -0.58805  6.34795e-05
142  0.03294  4.05777e-04 |143 -0.39986 -7.12637e-04 |144  0.81898  1.94510e-02
145 -0.12148 -1.31554e-04 |146  0.18963  4.14412e-03 |147 -0.23600 -2.42005e-03
148  0.16710 -2.52048e-04 |149 -0.58283  5.68977e-05 |150 -0.00947  6.09268e-04
151 -0.42275 -8.67425e-03 |152  0.82172 -4.19923e-02 |153  0.11578  1.27475e-03
154 -0.04857 -2.35111e-03 |155 -0.13312  6.91214e-04 |156  0.09185  2.59728e-03
157  0.04585 -8.70258e-04 |158  0.14003  3.96527e-03 |159 -0.03959  2.60319e-03
160 -0.58534 -1.27036e-03 |161 -0.51030  1.48115e-05 |162 -0.20887  1.09021e-03
163 -0.21299 -2.71359e-02 |164  0.80045 -1.30962e-01 |165  0.18493 -4.43119e-03
166  0.08413  8.63689e-03 |167 -0.25861  1.87988e-03 |168 -0.38637 -6.00927e-03
169 -0.20757 -1.81188e-02 |170 -0.03254  3.10094e-03 |171 -0.27729 -1.20110e-02
172  0.81672 -9.43142e-02 |173  0.08466 -5.29497e-03 |174 -0.52396 -1.05694e-04
175  0.08001 -4.47677e-03 |176 -0.40024 -3.85835e-03 |177 -0.14636  2.94836e-03
178  0.06260 -1.92759e-03 |179 -0.17497 -2.81766e-03 |180 -0.15553  1.32887e-03
181 -0.99998  6.73052e-03 |182 -0.13982 -5.67698e-03 |183  0.22704  5.32947e-04
184  0.00886  2.62799e-03 |185 -0.36475 -1.93265e-03 |186 -0.45051  6.85909e-04
187 -0.04258  1.53165e-03 |188 -0.29968  2.43385e-03 |189  0.80903  1.22921e-02
189 variables; iteration 120; function evaluation 155; phase 4
Function value 6.6434354e+03; maximum gradient component mag -2.6152e-03
Var    Value     Gradient |Var    Value     Gradient |Var    Value     Gradient
  1 -0.38932  1.44750e-04 |  2  0.34617 -8.76101e-05 |  3 -0.14952  7.12953e-05
  4  0.04615  2.83836e-05 |  5 -0.72396  6.07786e-05 |  6 -0.61901 -7.56961e-05
  7 -0.42026 -8.14945e-05 |  8  0.34827 -1.78152e-05 |  9 -0.20200 -1.63421e-04
 10  0.10033 -5.89612e-05 | 11 -0.64146 -2.17258e-04 | 12 -0.63340 -8.36401e-05
 13  0.83865 -1.21476e-04 | 14 -0.00234  1.13576e-04 | 15 -0.00236  1.12055e-04
 16 -0.00237  1.10818e-04 | 17 -0.00237  1.09881e-04 | 18 -0.00236  1.09247e-04
 19 -0.00234  1.08908e-04 | 20 -0.00231  1.08831e-04 | 21 -0.00226  1.08974e-04
 22 -0.00221  1.09279e-04 | 23 -0.00215  1.09670e-04 | 24 -0.00207  1.10063e-04
 25 -0.00199  1.10364e-04 | 26 -0.00189  1.10481e-04 | 27 -0.00177  1.10318e-04
 28 -0.00165  1.09783e-04 | 29 -0.00151  1.08793e-04 | 30 -0.00137  1.07264e-04
 31 -0.00121  1.05112e-04 | 32 -0.00104  1.02256e-04 | 33 -0.00087  9.86234e-05
 34 -0.00069  9.41836e-05 | 35 -0.00050  8.89685e-05 | 36 -0.00031  8.31138e-05
 37 -0.00013  7.68580e-05 | 38  0.00004  7.05136e-05 | 39  0.00019  6.43873e-05
 40  0.00033  5.86902e-05 | 41  0.00043  5.34687e-05 | 42  0.00049  4.86207e-05
 43  0.00050  4.39944e-05 | 44  0.00047  3.95541e-05 | 45  0.00039  3.55349e-05
 46  0.00025  3.24930e-05 | 47  0.00007  3.11335e-05 | 48 -0.00014  3.18934e-05
 49 -0.00038  3.44516e-05 | 50 -0.00062  3.75722e-05 | 51 -0.00085  3.95548e-05
 52 -0.00104  3.91493e-05 | 53 -0.00116  3.63377e-05 | 54 -0.00119  3.23303e-05
 55 -0.00108  2.85353e-05 | 56 -0.00082  2.47281e-05 | 57 -0.00035  1.76622e-05
 58  0.00035  3.91105e-06 | 59  0.00131 -1.10880e-05 | 60  0.00257 -1.46944e-05
 61  0.00413 -1.29979e-05 | 62  0.00599 -1.68291e-05 | 63  0.00814 -4.00629e-05
 64  0.01052  6.22949e-05 | 65  0.01307  1.18062e-04 | 66  0.01568 -1.13797e-05
 67  0.01821 -2.18298e-05 | 68  0.02049 -6.19670e-05 | 69  0.02234  2.01520e-04
 70  0.02362  2.45907e-05 | 71  0.02421 -1.02610e-04 | 72  0.02408  1.08388e-04
 73  0.02326 -1.10408e-04 | 74  0.02180  2.03259e-04 | 75  0.01972  1.76610e-05
 76  0.01702  1.57180e-05 | 77  0.01369 -1.36688e-05 | 78  0.00980  1.02963e-04
 79  0.00555  5.88557e-05 | 80  0.00125  6.32285e-05 | 81 -0.00269 -1.68809e-06
 82 -0.00599 -1.11878e-04 | 83 -0.00855  6.98848e-05 | 84 -0.01052  5.25538e-05
 85 -0.01220 -2.42483e-05 | 86 -0.01367 -5.52848e-05 | 87 -0.01442 -1.48473e-04
 88 -0.01408 -1.54848e-04 | 89 -0.01329  1.18062e-05 | 90 -0.01054  1.22285e-05
 91 -0.00578 -8.35466e-05 | 92  0.00100  1.34284e-04 | 93  0.00471  2.09615e-04
 94  0.00696  1.27370e-04 | 95  0.00835  2.11311e-05 | 96  0.00216 -1.76614e-04
 97  0.00352 -2.09296e-04 | 98  0.02242  1.35412e-04 | 99  0.01634 -2.49818e-04
100 -0.00144  1.64241e-04 |101  0.01758 -3.17483e-04 |102  0.08614  9.74964e-05
103  0.02536 -5.16522e-05 |104 -0.01073 -1.14518e-05 |105  0.00347  9.69961e-05
106  0.01835 -1.84705e-04 |107  0.02455  7.77872e-05 |108 -0.01783 -3.60729e-05
109 -0.08196 -1.01474e-04 |110 -0.09582  6.77436e-06 |111 -0.09127  3.78913e-05
112 -0.04642 -5.18627e-05 |113  0.05282  2.41698e-05 |114  0.00769 -5.87737e-05
115  0.00479  1.84391e-05 |116 -0.03777 -1.11341e-05 |117 -0.07419  1.93472e-04
118 -0.02419 -4.16991e-04 |119 -0.02760  1.96678e-04 |120 -0.04338  2.80566e-04
121  0.01125 -3.00782e-04 |122  0.05077 -2.47979e-05 |123  0.01739  1.49234e-04
124  0.05054 -1.54631e-04 |125 -0.01590  1.83804e-05 |126  0.10832 -8.25715e-05
127 -0.00481  1.19509e-04 |128 -0.04214 -8.61792e-05 |129 -0.05603 -2.39763e-05
130 -0.02230 -5.93815e-05 |131  0.07872  9.51977e-05 |132  0.02778 -5.60645e-05
133  0.01402 -1.84503e-04 |134 -0.02880 -8.94950e-05 |135 -0.01767 -3.58109e-05
136 -0.00191  2.95246e-05 |137 -0.00000  3.88355e-10 |138 -0.64067 -4.71636e-05
139 -0.99603 -3.52033e-05 |140  0.02883  7.74970e-06 |141 -0.58887 -1.09507e-05
142  0.03294 -1.36788e-05 |143 -0.39985  5.43604e-05 |144  0.81898  3.94980e-04
145 -0.12152  1.82262e-06 |146  0.18960  8.15002e-06 |147 -0.23599 -4.05853e-06
148  0.16710 -4.47756e-05 |149 -0.58356 -8.81330e-06 |150 -0.00947 -2.34319e-05
151 -0.42273  1.66467e-04 |152  0.82172 -2.20380e-04 |153  0.11578  1.47582e-05
154 -0.04857 -1.14649e-05 |155 -0.13313  1.17594e-04 |156  0.09184 -2.29497e-04
157  0.04585 -1.58048e-04 |158  0.14002 -1.42288e-05 |159 -0.03960 -2.94399e-05
160 -0.58540  2.11179e-04 |161 -0.51056  8.01239e-07 |162 -0.20893 -2.19552e-04
163 -0.21301 -5.06212e-04 |164  0.80046 -2.61517e-03 |165  0.18495  1.12720e-05
166  0.08412  4.58804e-06 |167 -0.25861  5.66336e-06 |168 -0.38651 -4.90798e-05
169 -0.20744 -6.75064e-05 |170 -0.03263  4.69982e-05 |171 -0.27734 -5.64251e-05
172  0.81672  2.65839e-04 |173  0.08466 -8.20301e-06 |174 -0.52271 -4.32826e-06
175  0.08001 -3.80235e-06 |176 -0.40024 -4.08046e-06 |177 -0.14637  2.78454e-05
178  0.06260  2.75871e-04 |179 -0.17497  7.11937e-05 |180 -0.15553  3.96840e-04
181 -0.99999  1.91686e-04 |182 -0.13983 -3.83065e-05 |183  0.22701 -3.38765e-06
184  0.00884  1.39229e-05 |185 -0.36472 -1.33480e-04 |186 -0.45959 -1.41266e-05
187 -0.04256  5.55551e-05 |188 -0.29968 -2.39376e-04 |189  0.80903 -5.78913e-04

 - final statistics:
189 variables; iteration 122; function evaluation 158
Function value 6.6434e+03; maximum gradient component mag -4.7672e-04
Exit code = 1;  converg criter 1.0000e-03
Var    Value     Gradient |Var    Value     Gradient |Var    Value     Gradient
  1 -0.38932  2.48017e-05 |  2  0.34617 -2.95773e-05 |  3 -0.14952  1.88425e-05
  4  0.04615 -5.86407e-06 |  5 -0.72396  8.69244e-05 |  6 -0.61901 -2.99974e-05
  7 -0.42026 -4.38367e-05 |  8  0.34827  7.23474e-06 |  9 -0.20200 -5.35142e-05
 10  0.10033 -8.67621e-06 | 11 -0.64145 -1.39127e-04 | 12 -0.63340 -2.30657e-05
 13  0.83865  1.64865e-05 | 14 -0.00234  4.26115e-05 | 15 -0.00236  4.18791e-05
 16 -0.00237  4.13262e-05 | 17 -0.00237  4.09519e-05 | 18 -0.00236  4.07622e-05
 19 -0.00234  4.07564e-05 | 20 -0.00231  4.09288e-05 | 21 -0.00226  4.12717e-05
 22 -0.00221  4.17740e-05 | 23 -0.00215  4.24216e-05 | 24 -0.00207  4.31912e-05
 25 -0.00199  4.40677e-05 | 26 -0.00189  4.50253e-05 | 27 -0.00177  4.60395e-05
 28 -0.00165  4.70833e-05 | 29 -0.00151  4.81190e-05 | 30 -0.00137  4.91010e-05
 31 -0.00121  4.99541e-05 | 32 -0.00104  5.05764e-05 | 33 -0.00087  5.08133e-05
 34 -0.00069  5.04720e-05 | 35 -0.00050  4.93230e-05 | 36 -0.00031  4.71584e-05
 37 -0.00013  4.38450e-05 | 38  0.00004  3.94197e-05 | 39  0.00019  3.41296e-05
 40  0.00033  2.84333e-05 | 41  0.00043  2.29112e-05 | 42  0.00049  1.81643e-05
 43  0.00050  1.47419e-05 | 44  0.00047  1.31190e-05 | 45  0.00039  1.36617e-05
 46  0.00025  1.64582e-05 | 47  0.00007  2.10517e-05 | 48 -0.00014  2.63125e-05
 49 -0.00038  3.06795e-05 | 50 -0.00062  3.27821e-05 | 51 -0.00085  3.19793e-05
 52 -0.00104  2.85662e-05 | 53 -0.00116  2.35268e-05 | 54 -0.00119  1.82127e-05
 55 -0.00108  1.39734e-05 | 56 -0.00082  1.17070e-05 | 57 -0.00035  1.07583e-05
 58  0.00035  6.72930e-06 | 59  0.00131 -7.85376e-06 | 60  0.00257 -2.41022e-05
 61  0.00413 -8.50537e-06 | 62  0.00599 -1.60147e-06 | 63  0.00814  3.89552e-05
 64  0.01052  3.75102e-05 | 65  0.01307 -5.81403e-05 | 66  0.01568 -3.07778e-05
 67  0.01821  2.30833e-05 | 68  0.02049 -2.46242e-05 | 69  0.02234  1.08799e-04
 70  0.02362 -4.74026e-05 | 71  0.02421 -1.02453e-04 | 72  0.02408  1.37774e-05
 73  0.02326 -1.08750e-05 | 74  0.02180  1.78454e-04 | 75  0.01972  1.90332e-06
 76  0.01702  5.89337e-05 | 77  0.01369  3.26018e-05 | 78  0.00980  8.44605e-05
 79  0.00555 -2.29154e-06 | 80  0.00125  6.12352e-05 | 81 -0.00269  9.31900e-06
 82 -0.00599 -5.11918e-05 | 83 -0.00855  3.04405e-05 | 84 -0.01052  1.04274e-06
 85 -0.01220 -7.91371e-05 | 86 -0.01367 -5.30204e-05 | 87 -0.01442 -1.15589e-04
 88 -0.01408 -7.24009e-05 | 89 -0.01329  1.42283e-04 | 90 -0.01054 -4.42472e-05
 91 -0.00578 -7.31556e-06 | 92  0.00100 -5.92228e-05 | 93  0.00471  2.34418e-04
 94  0.00696  2.72786e-05 | 95  0.00835  5.71416e-05 | 96  0.00216 -8.80444e-05
 97  0.00352 -1.35265e-04 | 98  0.02242  9.43524e-05 | 99  0.01634 -8.21423e-05
100 -0.00144  6.21637e-05 |101  0.01759 -1.48217e-04 |102  0.08614  4.81505e-05
103  0.02536  7.15229e-06 |104 -0.01073 -1.66728e-05 |105  0.00347  3.91409e-05
106  0.01835 -6.92335e-05 |107  0.02455  2.69152e-05 |108 -0.01783 -3.97192e-05
109 -0.08196 -4.52871e-05 |110 -0.09582  1.35697e-05 |111 -0.09127  1.24882e-05
112 -0.04642 -3.15772e-05 |113  0.05282  2.70976e-05 |114  0.00769 -3.12950e-05
115  0.00479 -1.16898e-06 |116 -0.03777  7.91538e-06 |117 -0.07419  1.10885e-04
118 -0.02419 -2.48498e-04 |119 -0.02760  1.34205e-04 |120 -0.04338  8.37930e-05
121  0.01125 -1.21713e-04 |122  0.05077 -1.24224e-05 |123  0.01739  6.14244e-05
124  0.05054 -7.32196e-05 |125 -0.01590  1.72933e-05 |126  0.10832 -4.31777e-05
127 -0.00481  5.70232e-05 |128 -0.04214 -2.55769e-05 |129 -0.05603  4.36253e-05
130 -0.02230  2.99914e-05 |131  0.07872  5.94432e-05 |132  0.02778 -1.15284e-04
133  0.01402 -1.52697e-04 |134 -0.02880 -6.72605e-05 |135 -0.01767 -4.13866e-05
136 -0.00191 -5.06345e-05 |137 -0.00000  3.55118e-10 |138 -0.64067 -3.11525e-05
139 -0.99601 -3.21343e-05 |140  0.02883  6.94132e-06 |141 -0.58885 -9.55932e-06
142  0.03294  1.77611e-06 |143 -0.39985 -1.53566e-06 |144  0.81898  7.54757e-05
145 -0.12152  5.52078e-08 |146  0.18960 -3.68586e-06 |147 -0.23599  6.14147e-06
148  0.16710 -1.75291e-05 |149 -0.58355 -7.65249e-06 |150 -0.00947 -9.88817e-06
151 -0.42273  7.85308e-05 |152  0.82172 -3.59863e-05 |153  0.11578  3.84656e-06
154 -0.04857 -4.12341e-07 |155 -0.13313  5.08651e-05 |156  0.09184 -1.14674e-04
157  0.04585 -7.35484e-05 |158  0.14002  4.30672e-06 |159 -0.03960  2.15141e-06
160 -0.58540  1.10811e-04 |161 -0.51056  1.08859e-06 |162 -0.20893 -7.26320e-05
163 -0.21301  2.45107e-04 |164  0.80046  3.75400e-05 |165  0.18495  1.40534e-05
166  0.08412 -1.77822e-05 |167 -0.25861  2.40144e-07 |168 -0.38651 -6.03214e-06
169 -0.20744  1.41809e-05 |170 -0.03263  1.54077e-05 |171 -0.27734  2.16151e-06
172  0.81672  2.83829e-04 |173  0.08466  1.00452e-05 |174 -0.52271 -4.76858e-06
175  0.08001  8.06596e-06 |176 -0.40024  8.37151e-06 |177 -0.14637  7.46523e-06
178  0.06260  8.95382e-05 |179 -0.17497  3.11962e-05 |180 -0.15553  1.11521e-04
181 -0.99999  5.09811e-05 |182 -0.13983 -1.09346e-05 |183  0.22701 -2.17546e-06
184  0.00884 -4.80412e-07 |185 -0.36472 -7.45604e-05 |186 -0.45951 -8.37890e-06
187 -0.04256  2.54693e-05 |188 -0.29968 -1.59001e-04 |189  0.80903 -4.76718e-04
Warning: the following parameters had issues
  Q_parm[5] is within 0.1% of lower bound: -1.00000e+01 < -9.99988e+00 < 2.00000e+00
  selparm[63] is within 0.1% of lower bound: -2.00000e+00 < -2.00000e+00 < 2.00000e+01


 - final statistics:
202 variables; iteration 0; function evaluation 0
Function value 6.6434e+03; maximum gradient component mag -4.7672e-04
Exit code = 0;  converg criter 1.0000e-03
Var    Value     Gradient |Var    Value     Gradient |Var    Value     Gradient
  1 -0.38932  2.48018e-05 |  2  0.34617 -2.95773e-05 |  3 -0.14952  1.88425e-05
  4  0.04615 -5.86409e-06 |  5 -0.72396  8.69244e-05 |  6 -0.61901 -2.99974e-05
  7 -0.42026 -4.38367e-05 |  8  0.34827  7.23474e-06 |  9 -0.20200 -5.35142e-05
 10  0.10033 -8.67622e-06 | 11 -0.64145 -1.39127e-04 | 12 -0.63340 -2.30657e-05
 13  0.83865  1.64865e-05 | 14 -0.00234  4.26115e-05 | 15 -0.00236  4.18791e-05
 16 -0.00237  4.13262e-05 | 17 -0.00237  4.09519e-05 | 18 -0.00236  4.07622e-05
 19 -0.00234  4.07564e-05 | 20 -0.00231  4.09288e-05 | 21 -0.00226  4.12717e-05
 22 -0.00221  4.17740e-05 | 23 -0.00215  4.24216e-05 | 24 -0.00207  4.31912e-05
 25 -0.00199  4.40677e-05 | 26 -0.00189  4.50253e-05 | 27 -0.00177  4.60395e-05
 28 -0.00165  4.70833e-05 | 29 -0.00151  4.81190e-05 | 30 -0.00137  4.91010e-05
 31 -0.00121  4.99541e-05 | 32 -0.00104  5.05764e-05 | 33 -0.00087  5.08133e-05
 34 -0.00069  5.04720e-05 | 35 -0.00050  4.93230e-05 | 36 -0.00031  4.71584e-05
 37 -0.00013  4.38450e-05 | 38  0.00004  3.94197e-05 | 39  0.00019  3.41296e-05
 40  0.00033  2.84333e-05 | 41  0.00043  2.29112e-05 | 42  0.00049  1.81643e-05
 43  0.00050  1.47419e-05 | 44  0.00047  1.31190e-05 | 45  0.00039  1.36617e-05
 46  0.00025  1.64581e-05 | 47  0.00007  2.10517e-05 | 48 -0.00014  2.63125e-05
 49 -0.00038  3.06795e-05 | 50 -0.00062  3.27821e-05 | 51 -0.00085  3.19793e-05
 52 -0.00104  2.85662e-05 | 53 -0.00116  2.35268e-05 | 54 -0.00119  1.82127e-05
 55 -0.00108  1.39734e-05 | 56 -0.00082  1.17070e-05 | 57 -0.00035  1.07583e-05
 58  0.00035  6.72930e-06 | 59  0.00131 -7.85376e-06 | 60  0.00257 -2.41022e-05
 61  0.00413 -8.50537e-06 | 62  0.00599 -1.60147e-06 | 63  0.00814  3.89551e-05
 64  0.01052  3.75102e-05 | 65  0.01307 -5.81403e-05 | 66  0.01568 -3.07778e-05
 67  0.01821  2.30833e-05 | 68  0.02049 -2.46242e-05 | 69  0.02234  1.08799e-04
 70  0.02362 -4.74026e-05 | 71  0.02421 -1.02453e-04 | 72  0.02408  1.37774e-05
 73  0.02326 -1.08750e-05 | 74  0.02180  1.78454e-04 | 75  0.01972  1.90332e-06
 76  0.01702  5.89337e-05 | 77  0.01369  3.26018e-05 | 78  0.00980  8.44605e-05
 79  0.00555 -2.29154e-06 | 80  0.00125  6.12352e-05 | 81 -0.00269  9.31899e-06
 82 -0.00599 -5.11918e-05 | 83 -0.00855  3.04405e-05 | 84 -0.01052  1.04274e-06
 85 -0.01220 -7.91371e-05 | 86 -0.01367 -5.30204e-05 | 87 -0.01442 -1.15589e-04
 88 -0.01408 -7.24009e-05 | 89 -0.01329  1.42283e-04 | 90 -0.01054 -4.42472e-05
 91 -0.00578 -7.31556e-06 | 92  0.00100 -5.92228e-05 | 93  0.00471  2.34418e-04
 94  0.00696  2.72786e-05 | 95  0.00835  5.71416e-05 | 96  0.00216 -8.80444e-05
 97  0.00352 -1.35265e-04 | 98  0.02242  9.43524e-05 | 99  0.01634 -8.21423e-05
100 -0.00144  6.21637e-05 |101  0.01759 -1.48217e-04 |102  0.08614  4.81505e-05
103  0.02536  7.15229e-06 |104 -0.01073 -1.66728e-05 |105  0.00347  3.91409e-05
106  0.01835 -6.92335e-05 |107  0.02455  2.69152e-05 |108 -0.01783 -3.97192e-05
109 -0.08196 -4.52871e-05 |110 -0.09582  1.35697e-05 |111 -0.09127  1.24882e-05
112 -0.04642 -3.15772e-05 |113  0.05282  2.70976e-05 |114  0.00769 -3.12950e-05
115  0.00479 -1.16898e-06 |116 -0.03777  7.91539e-06 |117 -0.07419  1.10885e-04
118 -0.02419 -2.48498e-04 |119 -0.02760  1.34205e-04 |120 -0.04338  8.37930e-05
121  0.01125 -1.21713e-04 |122  0.05077 -1.24224e-05 |123  0.01739  6.14244e-05
124  0.05054 -7.32196e-05 |125 -0.01590  1.72933e-05 |126  0.10832 -4.31777e-05
127 -0.00481  5.70232e-05 |128 -0.04214 -2.55769e-05 |129 -0.05603  4.36253e-05
130 -0.02230  2.99914e-05 |131  0.07872  5.94432e-05 |132  0.02778 -1.15284e-04
133  0.01402 -1.52697e-04 |134 -0.02880 -6.72605e-05 |135 -0.01767 -4.13866e-05
136 -0.00191 -5.06345e-05 |137 -0.00000  3.55118e-10 |138  0.00000  0.00000e+00
139  0.00000  0.00000e+00 |140  0.00000  0.00000e+00 |141  0.00000  0.00000e+00
142  0.00000  0.00000e+00 |143  0.00000  0.00000e+00 |144  0.00000  0.00000e+00
145  0.00000  0.00000e+00 |146  0.00000  0.00000e+00 |147  0.00000  0.00000e+00
148  0.00000  0.00000e+00 |149  0.00000  0.00000e+00 |150  0.00000  0.00000e+00
151 -0.64067 -3.11525e-05 |152 -0.99601 -3.21343e-05 |153  0.02883  6.94130e-06
154 -0.58885 -9.55932e-06 |155  0.03294  1.77613e-06 |156 -0.39985 -1.53567e-06
157  0.81898  7.54751e-05 |158 -0.12152  5.52078e-08 |159  0.18960 -3.68586e-06
160 -0.23599  6.14147e-06 |161  0.16710 -1.75291e-05 |162 -0.58355 -7.65249e-06
163 -0.00947 -9.88816e-06 |164 -0.42273  7.85308e-05 |165  0.82172 -3.59866e-05
166  0.11578  3.84656e-06 |167 -0.04857 -4.12341e-07 |168 -0.13313  5.08651e-05
169  0.09184 -1.14674e-04 |170  0.04585 -7.35484e-05 |171  0.14002  4.30672e-06
172 -0.03960  2.15141e-06 |173 -0.58540  1.10811e-04 |174 -0.51056  1.08859e-06
175 -0.20893 -7.26320e-05 |176 -0.21301  2.45107e-04 |177  0.80046  3.75399e-05
178  0.18495  1.40534e-05 |179  0.08412 -1.77822e-05 |180 -0.25861  2.40145e-07
181 -0.38651 -6.03214e-06 |182 -0.20744  1.41809e-05 |183 -0.03263  1.54077e-05
184 -0.27734  2.16151e-06 |185  0.81672  2.83828e-04 |186  0.08466  1.00452e-05
187 -0.52271 -4.76858e-06 |188  0.08001  8.06596e-06 |189 -0.40024  8.37151e-06
190 -0.14637  7.46523e-06 |191  0.06260  8.95382e-05 |192 -0.17497  3.11962e-05
193 -0.15553  1.11521e-04 |194 -0.99999  5.09870e-05 |195 -0.13983 -1.09346e-05
196  0.22701 -2.17546e-06 |197  0.00884 -4.80411e-07 |198 -0.36472 -7.45604e-05
199 -0.45951 -8.37890e-06 |200 -0.04256  2.54693e-05 |201 -0.29968 -1.59001e-04
202  0.80903 -4.76719e-04 |
size of file gradfil1.tmp = 0
size of file gradfil2.tmp = 0
size of file varssave.tmp = 0
size of file cmpdiff.tmp = 800000032
