
Initial statistics: 136 variables; iteration 0; function evaluation 0; phase 1
Function value 7.3786189e+03; maximum gradient component mag -2.5411e+02
Var    Value     Gradient |Var    Value     Gradient |Var    Value     Gradient
  1 -0.42335 -2.70448e+01 |  2 -0.09168 -2.54111e+02 |  3  0.00000  4.61408e+00
  4  0.00000  4.73278e+00 |  5  0.00000  4.85253e+00 |  6  0.00000  4.97308e+00
  7  0.00000  5.09427e+00 |  8  0.00000  5.21569e+00 |  9  0.00000  5.33696e+00
 10  0.00000  5.45772e+00 | 11  0.00000  5.57759e+00 | 12  0.00000  5.69618e+00
 13  0.00000  5.81310e+00 | 14  0.00000  5.92797e+00 | 15  0.00000  6.04033e+00
 16  0.00000  6.14966e+00 | 17  0.00000  6.25535e+00 | 18  0.00000  6.35672e+00
 19  0.00000  6.45308e+00 | 20  0.00000  6.54389e+00 | 21  0.00000  6.62870e+00
 22  0.00000  6.70697e+00 | 23  0.00000  6.77809e+00 | 24  0.00000  6.84128e+00
 25  0.00000  6.89556e+00 | 26  0.00000  6.93984e+00 | 27  0.00000  6.97284e+00
 28  0.00000  6.99337e+00 | 29  0.00000  7.00028e+00 | 30  0.00000  6.99202e+00
 31  0.00000  6.96886e+00 | 32  0.00000  6.92998e+00 | 33  0.00000  6.87498e+00
 34  0.00000  6.80381e+00 | 35  0.00000  6.71644e+00 | 36  0.00000  6.61305e+00
 37  0.00000  6.49418e+00 | 38  0.00000  6.36032e+00 | 39  0.00000  6.21203e+00
 40  0.00000  6.04973e+00 | 41  0.00000  5.87331e+00 | 42  0.00000  5.68163e+00
 43  0.00000  5.47276e+00 | 44  0.00000  5.24277e+00 | 45  0.00000  4.98569e+00
 46  0.00000  4.69427e+00 | 47  0.00000  4.36024e+00 | 48  0.00000  3.97402e+00
 49  0.00000  3.52600e+00 | 50  0.00000  3.00603e+00 | 51  0.00000  2.40418e+00
 52  0.00000  1.71032e+00 | 53  0.00000  9.15686e-01 | 54  0.00000  1.29588e-02
 55  0.00000 -1.00275e+00 | 56  0.00000 -2.13431e+00 | 57  0.00000 -3.38102e+00
 58  0.00000 -4.73727e+00 | 59  0.00000 -6.19337e+00 | 60  0.00000 -7.73306e+00
 61  0.00000 -9.33450e+00 | 62  0.00000 -1.09681e+01 | 63  0.00000 -1.25989e+01
 64  0.00000 -1.41874e+01 | 65  0.00000 -1.56911e+01 | 66  0.00000 -1.70685e+01
 67  0.00000 -1.82873e+01 | 68  0.00000 -1.93279e+01 | 69  0.00000 -2.01836e+01
 70  0.00000 -2.08602e+01 | 71  0.00000 -2.13618e+01 | 72  0.00000 -2.16830e+01
 73  0.00000 -2.18002e+01 | 74  0.00000 -2.16780e+01 | 75  0.00000 -2.12898e+01
 76  0.00000 -2.06448e+01 | 77  0.00000 -1.98137e+01 | 78  0.00000 -1.89204e+01
 79  0.00000 -1.81114e+01 | 80  0.00000 -1.74793e+01 | 81  0.00000 -1.70411e+01
 82  0.00000 -1.67522e+01 | 83  0.00000 -1.66250e+01 | 84  0.00000 -1.68160e+01
 85  0.00000 -1.73872e+01 | 86  0.00000 -1.80956e+01 | 87  0.00000 -1.94164e+01
 88  0.00000 -2.12397e+01 | 89  0.00000 -2.36723e+01 | 90  0.00000 -2.57006e+01
 91  0.00000 -2.77876e+01 | 92  0.00000 -3.01734e+01 | 93  0.00000 -3.17478e+01
 94  0.00000 -3.64094e+01 | 95  0.00000 -4.63038e+01 | 96  0.00000 -5.23624e+01
 97  0.00000 -5.27291e+01 | 98  0.00000 -6.56172e+01 | 99  0.00000 -8.25104e+01
100  0.00000 -6.56965e+01 |101  0.00000 -3.54121e+01 |102  0.00000 -2.60474e+01
103  0.00000 -1.84581e+01 |104  0.00000 -3.91736e+00 |105  0.00000  3.88830e+01
106  0.00000  1.10328e+02 |107  0.00000  1.43095e+02 |108  0.00000  1.34840e+02
109  0.00000  7.23381e+01 |110  0.00000 -5.41370e+00 |111  0.00000  4.47823e+00
112  0.00000  2.69392e+01 |113  0.00000  5.36226e+01 |114  0.00000  7.34322e+01
115  0.00000  4.04537e+01 |116  0.00000  2.42619e+01 |117  0.00000  1.90776e+01
118  0.00000 -1.93526e+01 |119  0.00000 -4.51480e+01 |120  0.00000 -3.17351e+01
121  0.00000 -5.07220e+01 |122  0.00000 -2.07511e+01 |123  0.00000 -9.03898e+01
124  0.00000  3.38609e+00 |125  0.00000  2.56911e+01 |126  0.00000  2.81855e+01
127  0.00000  9.34701e+00 |128  0.00000 -3.69639e+01 |129  0.00000 -1.38277e+01
130  0.00000 -3.71778e+00 |131  0.00000  1.08105e+01 |132  0.00000  5.17927e+00
133  0.00000  1.49338e+00 |134  0.00000  1.14282e-01 |135  0.27523 -3.69679e+01
136  0.18628 -5.81847e+01 |

Intermediate statistics: 136 variables; iteration 20; function evaluation 25; phase 1
Function value 7.3429981e+03; maximum gradient component mag -1.2586e+02
Var    Value     Gradient |Var    Value     Gradient |Var    Value     Gradient
  1 -0.42530 -3.03274e+01 |  2 -0.10787 -1.25864e+02 |  3 -0.00965  4.61888e-01
  4 -0.00977  4.99779e-01 |  5 -0.00987  5.41088e-01 |  6 -0.00996  5.86094e-01
  7 -0.01003  6.35122e-01 |  8 -0.01008  6.88424e-01 |  9 -0.01011  7.46290e-01
 10 -0.01012  8.09015e-01 | 11 -0.01010  8.76890e-01 | 12 -0.01005  9.50221e-01
 13 -0.00997  1.02932e+00 | 14 -0.00986  1.11450e+00 | 15 -0.00972  1.20608e+00
 16 -0.00954  1.30440e+00 | 17 -0.00932  1.40976e+00 | 18 -0.00905  1.52241e+00
 19 -0.00875  1.64249e+00 | 20 -0.00839  1.77010e+00 | 21 -0.00799  1.90541e+00
 22 -0.00754  2.04862e+00 | 23 -0.00704  2.19994e+00 | 24 -0.00648  2.35956e+00
 25 -0.00587  2.52757e+00 | 26 -0.00519  2.70382e+00 | 27 -0.00446  2.88791e+00
 28 -0.00366  3.07908e+00 | 29 -0.00281  3.27621e+00 | 30 -0.00189  3.47735e+00
 31 -0.00093  3.68124e+00 | 32  0.00008  3.88516e+00 | 33  0.00112  4.08596e+00
 34  0.00218  4.27957e+00 | 35  0.00324  4.46070e+00 | 36  0.00426  4.62283e+00
 37  0.00522  4.75861e+00 | 38  0.00609  4.85968e+00 | 39  0.00682  4.91720e+00
 40  0.00738  4.92215e+00 | 41  0.00772  4.86543e+00 | 42  0.00781  4.73823e+00
 43  0.00762  4.53327e+00 | 44  0.00714  4.24486e+00 | 45  0.00635  3.86946e+00
 46  0.00528  3.40628e+00 | 47  0.00395  2.85681e+00 | 48  0.00238  2.22453e+00
 49  0.00063  1.51659e+00 | 50 -0.00124  7.43799e-01 | 51 -0.00315 -7.77345e-02
 52 -0.00500 -9.25479e-01 | 53 -0.00663 -1.76887e+00 | 54 -0.00787 -2.56825e+00
 55 -0.00847 -3.27390e+00 | 56 -0.00816 -3.83107e+00 | 57 -0.00662 -4.17963e+00
 58 -0.00352 -4.26789e+00 | 59  0.00141 -4.07140e+00 | 60  0.00821 -3.61931e+00
 61  0.01660 -3.02498e+00 | 62  0.02564 -2.50197e+00 | 63  0.03368 -2.33506e+00
 64  0.03844 -2.78988e+00 | 65  0.03782 -3.99471e+00 | 66  0.03123 -5.86425e+00
 67  0.02062 -8.08539e+00 | 68  0.00977 -1.01628e+01 | 69  0.00197 -1.16373e+01
 70 -0.00166 -1.23476e+01 | 71 -0.00150 -1.23531e+01 | 72  0.00213 -1.17148e+01
 73  0.00973 -1.03555e+01 | 74  0.02164 -8.23244e+00 | 75  0.03535 -5.70745e+00
 76  0.04501 -3.54175e+00 | 77  0.04589 -2.42015e+00 | 78  0.03864 -2.57421e+00
 79  0.02742 -3.74625e+00 | 80  0.01578 -5.45886e+00 | 81  0.00571 -7.26130e+00
 82 -0.00103 -8.66703e+00 | 83 -0.00325 -9.38805e+00 | 84 -0.00291 -9.88047e+00
 85 -0.00106 -1.03701e+01 | 86  0.00908 -9.55244e+00 | 87  0.01542 -9.95218e+00
 88  0.01729 -1.14058e+01 | 89 -0.00135 -1.56574e+01 | 90  0.00814 -1.55908e+01
 91  0.01248 -1.58373e+01 | 92  0.00091 -1.74317e+01 | 93 -0.00155 -1.64082e+01
 94  0.01889 -1.48338e+01 | 95 -0.02136 -2.28636e+01 | 96  0.06017 -1.48202e+01
 97 -0.05011 -2.26823e+01 | 98 -0.01958 -1.96706e+01 | 99  0.10729 -1.89709e+01
100  0.01061 -1.23046e+01 |101 -0.05637 -1.44346e+01 |102  0.03378  8.40307e+00
103 -0.00516 -2.14955e+00 |104  0.04483  1.14799e+01 |105 -0.03260  4.38134e+00
106 -0.01564  5.61825e+01 |107 -0.03063  6.51985e+01 |108 -0.02692  6.14398e+01
109 -0.05043  1.21255e+01 |110  0.06402  1.57449e+01 |111  0.00057  1.34278e+00
112  0.03495  2.54321e+01 |113 -0.03569  4.63689e+00 |114 -0.07169  1.76071e+00
115 -0.01389  2.28113e+00 |116  0.01231  7.95815e+00 |117 -0.02811  2.86001e+00
118  0.02043  1.02033e+00 |119  0.08236  3.40426e+00 |120 -0.02912 -1.13084e+01
121  0.09074 -5.70584e-01 |122 -0.03223 -1.50264e+01 |123  0.11329 -1.84780e+01
124 -0.01373 -3.59175e+00 |125 -0.04826 -9.53398e-02 |126 -0.05354  1.52863e+00
127 -0.02189  6.60776e-01 |128  0.10589  6.45469e+00 |129  0.03581  2.13397e+00
130  0.01792  4.06036e-01 |131 -0.03027 -5.86017e-01 |132 -0.02903 -3.19658e+00
133 -0.01192 -1.47410e+00 |134 -0.00071 -7.52757e-02 |135  0.29692 -4.25308e+00
136  0.20309 -2.34093e+01 |

 - final statistics:
136 variables; iteration 37; function evaluation 50
Function value 7.3344e+03; maximum gradient component mag 9.9538e+00
Exit code = 1;  converg criter 1.0000e+01
Var    Value     Gradient |Var    Value     Gradient |Var    Value     Gradient
  1 -0.42339 -9.35943e+00 |  2 -0.09650  4.09469e+00 |  3 -0.00973  2.14495e-01
  4 -0.00995  2.18400e-01 |  5 -0.01017  2.22418e-01 |  6 -0.01038  2.26563e-01
  7 -0.01058  2.30851e-01 |  8 -0.01078  2.35295e-01 |  9 -0.01098  2.39911e-01
 10 -0.01116  2.44714e-01 | 11 -0.01134  2.49719e-01 | 12 -0.01150  2.54944e-01
 13 -0.01165  2.60405e-01 | 14 -0.01178  2.66119e-01 | 15 -0.01190  2.72105e-01
 16 -0.01201  2.78375e-01 | 17 -0.01209  2.84941e-01 | 18 -0.01215  2.91816e-01
 19 -0.01220  2.99014e-01 | 20 -0.01221  3.06559e-01 | 21 -0.01221  3.14488e-01
 22 -0.01217  3.22834e-01 | 23 -0.01211  3.31630e-01 | 24 -0.01202  3.40899e-01
 25 -0.01189  3.50649e-01 | 26 -0.01174  3.60861e-01 | 27 -0.01154  3.71494e-01
 28 -0.01131  3.82478e-01 | 29 -0.01104  3.93718e-01 | 30 -0.01073  4.05056e-01
 31 -0.01038  4.16405e-01 | 32 -0.01000  4.27567e-01 | 33 -0.00959  4.38323e-01
 34 -0.00915  4.48427e-01 | 35 -0.00869  4.57614e-01 | 36 -0.00821  4.65639e-01
 37 -0.00774  4.72342e-01 | 38 -0.00727  4.77635e-01 | 39 -0.00682  4.81541e-01
 40 -0.00640  4.84163e-01 | 41 -0.00601  4.85649e-01 | 42 -0.00567  4.86179e-01
 43 -0.00538  4.86062e-01 | 44 -0.00513  4.85658e-01 | 45 -0.00491  4.85369e-01
 46 -0.00471  4.85685e-01 | 47 -0.00450  4.87183e-01 | 48 -0.00426  4.90480e-01
 49 -0.00396  4.96358e-01 | 50 -0.00356  5.05491e-01 | 51 -0.00304  5.18175e-01
 52 -0.00236  5.33540e-01 | 53 -0.00150  5.48652e-01 | 54 -0.00046  5.57027e-01
 55  0.00075  5.46991e-01 | 56  0.00209  5.02183e-01 | 57  0.00350  4.04206e-01
 58  0.00494  2.45799e-01 | 59  0.00653  5.45888e-02 | 60  0.00862 -8.30100e-02
 61  0.01172 -4.46173e-02 | 62  0.01593  1.87015e-01 | 63  0.01981  3.17685e-01
 64  0.02109 -8.50880e-02 | 65  0.02152 -5.91258e-01 | 66  0.02612 -1.74834e-01
 67  0.03204  5.83704e-01 | 68  0.03530  9.53993e-01 | 69  0.03588  9.60690e-01
 70  0.03520  8.59193e-01 | 71  0.03450  8.52000e-01 | 72  0.03401  9.74446e-01
 73  0.03301  1.10044e+00 | 74  0.02997  9.56932e-01 | 75  0.02359  2.59646e-01
 76  0.01572 -6.94086e-01 | 77  0.01355 -4.46481e-01 | 78  0.01357  2.17960e-01
 79  0.01163  2.79991e-01 | 80  0.00927  2.16420e-02 | 81  0.00742 -3.10532e-01
 82  0.00593 -6.60282e-01 | 83  0.00477 -1.00639e+00 | 84  0.00452 -1.33116e+00
 85  0.00549 -1.60223e+00 | 86  0.00558 -2.01664e+00 | 87  0.00520 -2.91129e+00
 88  0.00523 -3.93904e+00 | 89  0.01610 -3.17772e+00 | 90  0.01276 -4.37991e+00
 91  0.01060 -5.06948e+00 | 92  0.00753 -5.81313e+00 | 93  0.00038 -5.78951e+00
 94 -0.00747 -7.85090e+00 | 95  0.02853 -5.77273e+00 | 96  0.01600 -7.40757e+00
 97 -0.00492 -5.51967e+00 | 98  0.00082 -7.78043e+00 | 99  0.09786 -5.33845e+00
100  0.00943 -7.92051e+00 |101 -0.01723 -3.33912e+00 |102  0.00408 -1.50593e+00
103  0.01777  1.90397e-01 |104  0.03695  3.42601e+00 |105  0.00361  6.19294e+00
106 -0.05784  7.48022e+00 |107 -0.07586  7.32098e+00 |108 -0.06863  9.95380e+00
109 -0.03206  6.93729e+00 |110  0.06564  6.64300e+00 |111  0.02682  6.01195e+00
112  0.01231  2.59611e+00 |113 -0.02832  8.97366e-01 |114 -0.07398 -3.04442e+00
115 -0.01107 -3.26494e+00 |116  0.00193 -2.70930e+00 |117 -0.02810 -1.46131e+00
118  0.02299 -2.64393e+00 |119  0.07285 -2.26558e-01 |120  0.01226  1.39478e+00
121  0.08231  2.54683e+00 |122  0.01303  4.14860e+00 |123  0.13247  1.15891e+00
124 -0.00539  1.74497e-01 |125 -0.04636  1.49504e-01 |126 -0.05658  1.59655e-01
127 -0.02086  4.46039e-01 |128  0.09259 -5.10494e-01 |129  0.03092 -3.02054e-01
130  0.01411 -9.16007e-01 |131 -0.02717  3.39724e-01 |132 -0.01709  1.48078e-01
133 -0.00479  2.80480e-01 |134 -0.00035  1.31086e-02 |135  0.28470  6.89727e+00
136  0.19415  5.12704e+00 |

 - final statistics:
146 variables; iteration 0; function evaluation 0
Function value 7.3344e+03; maximum gradient component mag 9.9538e+00
Exit code = 0;  converg criter 1.0000e+01
Var    Value     Gradient |Var    Value     Gradient |Var    Value     Gradient
  1 -0.42339 -9.35943e+00 |  2  0.37108  6.46562e+00 |  3 -0.12611  3.67795e+00
  4 -0.01318  5.42172e+00 |  5 -0.70910  4.63729e-01 |  6 -0.60422 -3.36865e+00
  7  0.37624  5.15699e+00 |  8 -0.18520  7.87019e+00 |  9  0.03404  5.74485e+00
 10 -0.60952  3.04485e-01 | 11 -0.62338  1.83820e-01 | 12 -0.09650  4.09469e+00
 13 -0.00973  2.14495e-01 | 14 -0.00995  2.18400e-01 | 15 -0.01017  2.22418e-01
 16 -0.01038  2.26563e-01 | 17 -0.01058  2.30851e-01 | 18 -0.01078  2.35295e-01
 19 -0.01098  2.39911e-01 | 20 -0.01116  2.44714e-01 | 21 -0.01134  2.49719e-01
 22 -0.01150  2.54944e-01 | 23 -0.01165  2.60405e-01 | 24 -0.01178  2.66119e-01
 25 -0.01190  2.72105e-01 | 26 -0.01201  2.78375e-01 | 27 -0.01209  2.84941e-01
 28 -0.01215  2.91816e-01 | 29 -0.01220  2.99014e-01 | 30 -0.01221  3.06559e-01
 31 -0.01221  3.14488e-01 | 32 -0.01217  3.22834e-01 | 33 -0.01211  3.31630e-01
 34 -0.01202  3.40899e-01 | 35 -0.01189  3.50649e-01 | 36 -0.01174  3.60861e-01
 37 -0.01154  3.71494e-01 | 38 -0.01131  3.82478e-01 | 39 -0.01104  3.93718e-01
 40 -0.01073  4.05056e-01 | 41 -0.01038  4.16405e-01 | 42 -0.01000  4.27567e-01
 43 -0.00959  4.38323e-01 | 44 -0.00915  4.48427e-01 | 45 -0.00869  4.57614e-01
 46 -0.00821  4.65639e-01 | 47 -0.00774  4.72342e-01 | 48 -0.00727  4.77635e-01
 49 -0.00682  4.81541e-01 | 50 -0.00640  4.84163e-01 | 51 -0.00601  4.85649e-01
 52 -0.00567  4.86179e-01 | 53 -0.00538  4.86062e-01 | 54 -0.00513  4.85658e-01
 55 -0.00491  4.85369e-01 | 56 -0.00471  4.85685e-01 | 57 -0.00450  4.87183e-01
 58 -0.00426  4.90480e-01 | 59 -0.00396  4.96358e-01 | 60 -0.00356  5.05491e-01
 61 -0.00304  5.18175e-01 | 62 -0.00236  5.33540e-01 | 63 -0.00150  5.48652e-01
 64 -0.00046  5.57027e-01 | 65  0.00075  5.46991e-01 | 66  0.00209  5.02183e-01
 67  0.00350  4.04206e-01 | 68  0.00494  2.45799e-01 | 69  0.00653  5.45888e-02
 70  0.00862 -8.30100e-02 | 71  0.01172 -4.46173e-02 | 72  0.01593  1.87015e-01
 73  0.01981  3.17685e-01 | 74  0.02109 -8.50880e-02 | 75  0.02152 -5.91258e-01
 76  0.02612 -1.74834e-01 | 77  0.03204  5.83704e-01 | 78  0.03530  9.53993e-01
 79  0.03588  9.60690e-01 | 80  0.03520  8.59193e-01 | 81  0.03450  8.52000e-01
 82  0.03401  9.74446e-01 | 83  0.03301  1.10044e+00 | 84  0.02997  9.56932e-01
 85  0.02359  2.59646e-01 | 86  0.01572 -6.94086e-01 | 87  0.01355 -4.46481e-01
 88  0.01357  2.17960e-01 | 89  0.01163  2.79991e-01 | 90  0.00927  2.16420e-02
 91  0.00742 -3.10532e-01 | 92  0.00593 -6.60282e-01 | 93  0.00477 -1.00639e+00
 94  0.00452 -1.33116e+00 | 95  0.00549 -1.60223e+00 | 96  0.00558 -2.01664e+00
 97  0.00520 -2.91129e+00 | 98  0.00523 -3.93904e+00 | 99  0.01610 -3.17772e+00
100  0.01276 -4.37991e+00 |101  0.01060 -5.06948e+00 |102  0.00753 -5.81313e+00
103  0.00038 -5.78951e+00 |104 -0.00747 -7.85090e+00 |105  0.02853 -5.77273e+00
106  0.01600 -7.40757e+00 |107 -0.00492 -5.51967e+00 |108  0.00082 -7.78043e+00
109  0.09786 -5.33845e+00 |110  0.00943 -7.92051e+00 |111 -0.01723 -3.33912e+00
112  0.00408 -1.50593e+00 |113  0.01777  1.90397e-01 |114  0.03695  3.42601e+00
115  0.00361  6.19294e+00 |116 -0.05784  7.48022e+00 |117 -0.07586  7.32098e+00
118 -0.06863  9.95380e+00 |119 -0.03206  6.93729e+00 |120  0.06564  6.64300e+00
121  0.02682  6.01195e+00 |122  0.01231  2.59611e+00 |123 -0.02832  8.97366e-01
124 -0.07398 -3.04442e+00 |125 -0.01107 -3.26494e+00 |126  0.00193 -2.70930e+00
127 -0.02810 -1.46131e+00 |128  0.02299 -2.64393e+00 |129  0.07285 -2.26558e-01
130  0.01226  1.39478e+00 |131  0.08231  2.54683e+00 |132  0.01303  4.14860e+00
133  0.13247  1.15891e+00 |134 -0.00539  1.74497e-01 |135 -0.04636  1.49504e-01
136 -0.05658  1.59655e-01 |137 -0.02086  4.46039e-01 |138  0.09259 -5.10494e-01
139  0.03092 -3.02054e-01 |140  0.01411 -9.16007e-01 |141 -0.02717  3.39724e-01
142 -0.01709  1.48078e-01 |143 -0.00479  2.80480e-01 |144 -0.00035  1.31086e-02
145  0.28470  6.89727e+00 |146  0.19415  5.12704e+00 |

Initial statistics: 176 variables; iteration 0; function evaluation 0; phase 3
Function value 7.3343565e+03; maximum gradient component mag -1.3707e+01
Var    Value     Gradient |Var    Value     Gradient |Var    Value     Gradient
  1 -0.42339 -9.35943e+00 |  2  0.37108  6.46562e+00 |  3 -0.12611  3.67795e+00
  4 -0.01318  5.42172e+00 |  5 -0.70910  4.63729e-01 |  6 -0.60422 -3.36865e+00
  7  0.37624  5.15699e+00 |  8 -0.18520  7.87019e+00 |  9  0.03404  5.74485e+00
 10 -0.60952  3.04485e-01 | 11 -0.62338  1.83820e-01 | 12 -0.09650  4.09469e+00
 13 -0.00973  2.14495e-01 | 14 -0.00995  2.18400e-01 | 15 -0.01017  2.22418e-01
 16 -0.01038  2.26563e-01 | 17 -0.01058  2.30851e-01 | 18 -0.01078  2.35295e-01
 19 -0.01098  2.39911e-01 | 20 -0.01116  2.44714e-01 | 21 -0.01134  2.49719e-01
 22 -0.01150  2.54944e-01 | 23 -0.01165  2.60405e-01 | 24 -0.01178  2.66119e-01
 25 -0.01190  2.72105e-01 | 26 -0.01201  2.78375e-01 | 27 -0.01209  2.84941e-01
 28 -0.01215  2.91816e-01 | 29 -0.01220  2.99014e-01 | 30 -0.01221  3.06559e-01
 31 -0.01221  3.14488e-01 | 32 -0.01217  3.22834e-01 | 33 -0.01211  3.31630e-01
 34 -0.01202  3.40899e-01 | 35 -0.01189  3.50649e-01 | 36 -0.01174  3.60861e-01
 37 -0.01154  3.71494e-01 | 38 -0.01131  3.82478e-01 | 39 -0.01104  3.93718e-01
 40 -0.01073  4.05056e-01 | 41 -0.01038  4.16405e-01 | 42 -0.01000  4.27567e-01
 43 -0.00959  4.38323e-01 | 44 -0.00915  4.48427e-01 | 45 -0.00869  4.57614e-01
 46 -0.00821  4.65639e-01 | 47 -0.00774  4.72342e-01 | 48 -0.00727  4.77635e-01
 49 -0.00682  4.81541e-01 | 50 -0.00640  4.84163e-01 | 51 -0.00601  4.85649e-01
 52 -0.00567  4.86179e-01 | 53 -0.00538  4.86062e-01 | 54 -0.00513  4.85658e-01
 55 -0.00491  4.85369e-01 | 56 -0.00471  4.85685e-01 | 57 -0.00450  4.87183e-01
 58 -0.00426  4.90480e-01 | 59 -0.00396  4.96358e-01 | 60 -0.00356  5.05491e-01
 61 -0.00304  5.18175e-01 | 62 -0.00236  5.33540e-01 | 63 -0.00150  5.48652e-01
 64 -0.00046  5.57027e-01 | 65  0.00075  5.46991e-01 | 66  0.00209  5.02183e-01
 67  0.00350  4.04206e-01 | 68  0.00494  2.45799e-01 | 69  0.00653  5.45888e-02
 70  0.00862 -8.30100e-02 | 71  0.01172 -4.46173e-02 | 72  0.01593  1.87015e-01
 73  0.01981  3.17685e-01 | 74  0.02109 -8.50880e-02 | 75  0.02152 -5.91258e-01
 76  0.02612 -1.74834e-01 | 77  0.03204  5.83704e-01 | 78  0.03530  9.53993e-01
 79  0.03588  9.60690e-01 | 80  0.03520  8.59193e-01 | 81  0.03450  8.52000e-01
 82  0.03401  9.74446e-01 | 83  0.03301  1.10044e+00 | 84  0.02997  9.56932e-01
 85  0.02359  2.59646e-01 | 86  0.01572 -6.94086e-01 | 87  0.01355 -4.46481e-01
 88  0.01357  2.17960e-01 | 89  0.01163  2.79991e-01 | 90  0.00927  2.16420e-02
 91  0.00742 -3.10532e-01 | 92  0.00593 -6.60282e-01 | 93  0.00477 -1.00639e+00
 94  0.00452 -1.33116e+00 | 95  0.00549 -1.60223e+00 | 96  0.00558 -2.01664e+00
 97  0.00520 -2.91129e+00 | 98  0.00523 -3.93904e+00 | 99  0.01610 -3.17772e+00
100  0.01276 -4.37991e+00 |101  0.01060 -5.06948e+00 |102  0.00753 -5.81313e+00
103  0.00038 -5.78951e+00 |104 -0.00747 -7.85090e+00 |105  0.02853 -5.77273e+00
106  0.01600 -7.40757e+00 |107 -0.00492 -5.51967e+00 |108  0.00082 -7.78043e+00
109  0.09786 -5.33845e+00 |110  0.00943 -7.92051e+00 |111 -0.01723 -3.33912e+00
112  0.00408 -1.50593e+00 |113  0.01777  1.90397e-01 |114  0.03695  3.42601e+00
115  0.00361  6.19294e+00 |116 -0.05784  7.48022e+00 |117 -0.07586  7.32098e+00
118 -0.06863  9.95380e+00 |119 -0.03206  6.93729e+00 |120  0.06564  6.64300e+00
121  0.02682  6.01195e+00 |122  0.01231  2.59611e+00 |123 -0.02832  8.97366e-01
124 -0.07398 -3.04442e+00 |125 -0.01107 -3.26494e+00 |126  0.00193 -2.70930e+00
127 -0.02810 -1.46131e+00 |128  0.02299 -2.64393e+00 |129  0.07285 -2.26558e-01
130  0.01226  1.39478e+00 |131  0.08231  2.54683e+00 |132  0.01303  4.14860e+00
133  0.13247  1.15891e+00 |134 -0.00539  1.74497e-01 |135 -0.04636  1.49504e-01
136 -0.05658  1.59655e-01 |137 -0.02086  4.46039e-01 |138  0.09259 -5.10494e-01
139  0.03092 -3.02054e-01 |140  0.01411 -9.16007e-01 |141 -0.02717  3.39724e-01
142 -0.01709  1.48078e-01 |143 -0.00479  2.80480e-01 |144 -0.00035  1.31086e-02
145  0.28470  6.89727e+00 |146  0.19415  5.12704e+00 |147  0.04655 -5.56745e+00
148  0.29672  5.17407e+00 |149 -0.47550 -3.50971e-01 |150  0.31378  3.23867e-01
151  0.18240 -2.98560e+00 |152  0.25985  6.22094e+00 |153  0.17452 -1.99388e+00
154  0.25418  1.81433e+00 |155  0.10334 -2.20698e+00 |156  0.29675  4.34899e+00
157  0.16884 -1.95118e+00 |158  0.24621  2.98813e+00 |159 -0.35199 -6.27428e-02
160  0.24280  8.04858e-01 |161  0.20262 -9.18420e-01 |162  0.31674  4.05176e+00
163 -0.38070  2.35764e-01 |164  0.23598  4.66023e-01 |165  0.05108 -3.35785e+00
166  0.11964 -3.74286e+00 |167  0.32137  4.73993e+00 |168  0.27251  5.27748e+00
169  0.01338 -1.14676e+00 |170  0.39320  2.28012e-03 |171  0.09929 -9.67752e+00
172  0.16363 -1.37066e+01 |173  0.21869  9.81432e+00 |174  0.25726  7.93592e+00
175 -0.55411  1.73764e+00 |176  0.17113 -6.48026e-01 |

Intermediate statistics: 176 variables; iteration 20; function evaluation 23; phase 3
Function value 7.3340509e+03; maximum gradient component mag -3.9502e+01
Var    Value     Gradient |Var    Value     Gradient |Var    Value     Gradient
  1 -0.42368 -7.18201e+00 |  2  0.37116  2.37210e+01 |  3 -0.12617  9.10055e+00
  4 -0.01285  1.35751e+01 |  5 -0.70947 -8.91339e-01 |  6 -0.60450 -7.68400e+00
  7  0.37627 -5.03174e+00 |  8 -0.18588 -3.67096e+01 |  9  0.03439 -1.47086e+01
 10 -0.60996 -2.13365e+00 | 11 -0.62375 -8.50496e+00 | 12 -0.09428  3.57308e+00
 13 -0.01005  2.45727e-02 | 14 -0.01027  2.52153e-02 | 15 -0.01048  2.58726e-02
 16 -0.01070  2.65448e-02 | 17 -0.01090  2.72310e-02 | 18 -0.01111  2.79317e-02
 19 -0.01130  2.86467e-02 | 20 -0.01149  2.93761e-02 | 21 -0.01166  3.01198e-02
 22 -0.01183  3.08783e-02 | 23 -0.01198  3.16521e-02 | 24 -0.01212  3.24426e-02
 25 -0.01224  3.32518e-02 | 26 -0.01235  3.40826e-02 | 27 -0.01244  3.49379e-02
 28 -0.01251  3.58194e-02 | 29 -0.01255  3.67277e-02 | 30 -0.01258  3.76638e-02
 31 -0.01258  3.86318e-02 | 32 -0.01255  3.96398e-02 | 33 -0.01250  4.06977e-02
 34 -0.01242  4.18174e-02 | 35 -0.01231  4.30111e-02 | 36 -0.01216  4.42905e-02
 37 -0.01198  4.56663e-02 | 38 -0.01176  4.71488e-02 | 39 -0.01151  4.87503e-02
 40 -0.01121  5.04889e-02 | 41 -0.01088  5.23866e-02 | 42 -0.01051  5.44760e-02
 43 -0.01011  5.67957e-02 | 44 -0.00968  5.93863e-02 | 45 -0.00922  6.22892e-02
 46 -0.00875  6.55457e-02 | 47 -0.00827  6.91989e-02 | 48 -0.00779  7.32919e-02
 49 -0.00732  7.78657e-02 | 50 -0.00688  8.29500e-02 | 51 -0.00647  8.85520e-02
 52 -0.00611  9.46553e-02 | 53 -0.00579  1.01243e-01 | 54 -0.00552  1.08318e-01
 55 -0.00528  1.15918e-01 | 56 -0.00506  1.24106e-01 | 57 -0.00484  1.32941e-01
 58 -0.00459  1.42455e-01 | 59 -0.00429  1.52689e-01 | 60 -0.00392  1.63674e-01
 61 -0.00343  1.75466e-01 | 62 -0.00279  1.88112e-01 | 63 -0.00197  2.01687e-01
 64 -0.00094  2.16234e-01 | 65  0.00033  2.31554e-01 | 66  0.00188  2.47264e-01
 67  0.00372  2.62047e-01 | 68  0.00586  2.73889e-01 | 69  0.00829  2.81232e-01
 70  0.01103  2.85887e-01 | 71  0.01407  2.96061e-01 | 72  0.01740  3.19675e-01
 73  0.02083  3.38242e-01 | 74  0.02397  2.99206e-01 | 75  0.02673  2.31616e-01
 76  0.02963  2.71398e-01 | 77  0.03224  3.70531e-01 | 78  0.03386  4.18298e-01
 79  0.03439  4.03628e-01 | 80  0.03412  3.65748e-01 | 81  0.03335  3.39321e-01
 82  0.03215  3.29203e-01 | 83  0.03035  3.13781e-01 | 84  0.02768  2.56011e-01
 85  0.02402  1.37718e-01 | 86  0.01985  2.04580e-02 | 87  0.01609  1.63176e-02
 88  0.01271  1.95877e-02 | 89  0.00989 -2.50356e-02 | 90  0.00793 -8.49264e-02
 91  0.00668 -1.47497e-01 | 92  0.00574 -2.12148e-01 | 93  0.00498 -2.79474e-01
 94  0.00488 -3.53044e-01 | 95  0.00554 -4.36394e-01 | 96  0.00576 -5.28800e-01
 97  0.00741 -6.46276e-01 | 98  0.00988 -7.94892e-01 | 99  0.01406 -9.07897e-01
100  0.01400 -1.08610e+00 |101  0.01272 -1.22967e+00 |102  0.01104 -1.38107e+00
103  0.00298 -1.45247e+00 |104  0.00378 -1.62205e+00 |105  0.02285 -2.18814e+00
106  0.02100 -2.45521e+00 |107 -0.00298 -2.11936e+00 |108  0.01456 -2.73936e+00
109  0.08276 -4.24772e+00 |110  0.02754 -2.48677e+00 |111 -0.01409 -1.05442e+00
112  0.00402 -8.76492e-01 |113  0.01887 -3.43274e-01 |114  0.03860  6.82177e-01
115  0.00314  1.19098e+00 |116 -0.06265  9.14954e-01 |117 -0.07879  1.07856e+00
118 -0.07808  9.08031e-01 |119 -0.03419  2.36137e+00 |120  0.07067  5.32024e+00
121  0.02307  2.66079e+00 |122  0.01372  2.14910e+00 |123 -0.02834  1.12249e+00
124 -0.06649  1.28903e+00 |125 -0.00672  1.02138e+00 |126  0.00376  4.90845e-01
127 -0.02780  2.39243e-01 |128  0.02817  4.52992e-01 |129  0.07275  2.70052e-01
130  0.01009  6.77527e-02 |131  0.08224  2.40177e-01 |132  0.00416 -5.37005e-01
133  0.13248  1.46638e-01 |134 -0.00560 -5.67780e-02 |135 -0.04668  3.40963e-02
136 -0.05691 -4.75174e-02 |137 -0.02227 -7.43994e-02 |138  0.09400  1.29028e-02
139  0.03190 -1.75836e-02 |140  0.01711  1.98861e-01 |141 -0.02813 -3.55739e-02
142 -0.01766 -3.75741e-02 |143 -0.00582  6.05375e-02 |144 -0.00040  2.46977e-04
145  0.27998  3.54620e+00 |146  0.19035  3.32083e+00 |147  0.04635  1.08419e+00
148  0.29637 -4.89354e+00 |149 -0.47552  4.12385e-02 |150  0.31364 -2.60212e-02
151  0.18245 -4.99017e+00 |152  0.26031  1.00820e+01 |153  0.17433 -2.86653e+00
154  0.25447  4.11871e+00 |155  0.10354 -8.37388e-01 |156  0.29689  1.74863e+00
157  0.16894 -5.72607e-01 |158  0.24629  9.24659e-01 |159 -0.35225  1.06327e-01
160  0.24264  2.07855e-03 |161  0.20277 -2.80766e-01 |162  0.31715  2.50308e+00
163 -0.38089  7.69562e-02 |164  0.23589 -1.62082e-01 |165  0.05086 -1.61484e+00
166  0.11936 -5.35247e+00 |167  0.32158  2.49248e+00 |168  0.27315  8.47558e+00
169  0.01316 -5.37346e-01 |170  0.39327  2.89982e-01 |171  0.09932 -6.10514e+00
172  0.16227 -3.95021e+01 |173  0.21900  9.23462e+00 |174  0.25702  3.06097e+01
175 -0.55578  5.57493e-01 |176  0.17047  3.54157e-02 |
176 variables; iteration 40; function evaluation 44; phase 3
Function value 7.3340237e+03; maximum gradient component mag -2.9347e+01
Var    Value     Gradient |Var    Value     Gradient |Var    Value     Gradient
  1 -0.42365 -5.09934e+00 |  2  0.37118  1.79645e+01 |  3 -0.12612  7.21581e+00
  4 -0.01296  1.01447e+01 |  5 -0.70912 -5.17312e-01 |  6 -0.60446 -4.63950e+00
  7  0.37613 -4.08329e+00 |  8 -0.18575 -2.70195e+01 |  9  0.03456 -1.02661e+01
 10 -0.60969 -1.36752e+00 | 11 -0.62372 -6.79190e+00 | 12 -0.09110  3.00278e+00
 13 -0.01005  2.56834e-02 | 14 -0.01027  2.65444e-02 | 15 -0.01048  2.74092e-02
 16 -0.01069  2.82750e-02 | 17 -0.01090  2.91395e-02 | 18 -0.01110  2.99988e-02
 19 -0.01129  3.08494e-02 | 20 -0.01148  3.16881e-02 | 21 -0.01166  3.25117e-02
 22 -0.01182  3.33169e-02 | 23 -0.01197  3.41008e-02 | 24 -0.01211  3.48603e-02
 25 -0.01223  3.55926e-02 | 26 -0.01234  3.62943e-02 | 27 -0.01243  3.69612e-02
 28 -0.01250  3.75869e-02 | 29 -0.01255  3.81639e-02 | 30 -0.01257  3.86841e-02
 31 -0.01257  3.91417e-02 | 32 -0.01255  3.95313e-02 | 33 -0.01250  3.98475e-02
 34 -0.01242  4.00842e-02 | 35 -0.01231  4.02341e-02 | 36 -0.01216  4.02886e-02
 37 -0.01198  4.02381e-02 | 38 -0.01177  4.00736e-02 | 39 -0.01152  3.97887e-02
 40 -0.01123  3.93812e-02 | 41 -0.01090  3.88575e-02 | 42 -0.01053  3.82291e-02
 43 -0.01014  3.75147e-02 | 44 -0.00971  3.67357e-02 | 45 -0.00926  3.59145e-02
 46 -0.00879  3.50705e-02 | 47 -0.00832  3.42170e-02 | 48 -0.00785  3.33569e-02
 49 -0.00739  3.24802e-02 | 50 -0.00696  3.15608e-02 | 51 -0.00656  3.05552e-02
 52 -0.00621  2.94058e-02 | 53 -0.00590  2.80493e-02 | 54 -0.00564  2.64330e-02
 55 -0.00542  2.45224e-02 | 56 -0.00522  2.22928e-02 | 57 -0.00502  1.97141e-02
 58 -0.00480  1.67486e-02 | 59 -0.00454  1.33594e-02 | 60 -0.00419  9.53441e-03
 61 -0.00374  5.34711e-03 | 62 -0.00315  1.06483e-03 | 63 -0.00237 -2.67797e-03
 64 -0.00138 -4.63664e-03 | 65 -0.00014 -2.73978e-03 | 66  0.00141  5.84754e-03
 67  0.00328  2.38207e-02 | 68  0.00551  5.12008e-02 | 69  0.00808  8.14661e-02
 70  0.01091  1.00047e-01 | 71  0.01391  9.40598e-02 | 72  0.01706  7.39175e-02
 73  0.02040  6.86812e-02 | 74  0.02369  5.72636e-02 | 75  0.02649 -4.89823e-03
 76  0.02912 -1.39142e-02 | 77  0.03162  6.91247e-02 | 78  0.03326  1.28287e-01
 79  0.03375  1.20178e-01 | 80  0.03342  8.72311e-02 | 81  0.03261  7.55233e-02
 82  0.03141  8.85834e-02 | 83  0.02960  9.66602e-02 | 84  0.02693  6.95370e-02
 85  0.02354  3.78994e-02 | 86  0.02000  8.56548e-02 | 87  0.01620  1.14855e-01
 88  0.01236  5.66944e-02 | 89  0.00943  2.66665e-02 | 90  0.00756  2.73552e-02
 91  0.00640  2.98206e-02 | 92  0.00553  2.33800e-02 | 93  0.00479  2.98345e-03
 94  0.00466 -3.66543e-02 | 95  0.00521 -1.05801e-01 | 96  0.00541 -1.72827e-01
 97  0.00742 -1.80408e-01 | 98  0.01035 -2.12566e-01 | 99  0.01338 -5.49888e-01
100  0.01375 -6.27181e-01 |101  0.01260 -7.52399e-01 |102  0.01094 -8.89071e-01
103  0.00271 -1.05918e+00 |104  0.00526 -9.10333e-01 |105  0.02123 -2.03402e+00
106  0.02145 -1.91963e+00 |107 -0.00191 -1.58921e+00 |108  0.01530 -2.09493e+00
109  0.08223 -3.48949e+00 |110  0.02904 -1.71140e+00 |111 -0.01414 -6.69945e-01
112  0.00470 -2.22234e-01 |113  0.02014  3.24515e-01 |114  0.03900  7.13990e-01
115  0.00303  7.13801e-01 |116 -0.06184  8.10819e-01 |117 -0.07871  7.19183e-01
118 -0.07681  9.99407e-01 |119 -0.03382  1.74097e+00 |120  0.07071  3.59450e+00
121  0.02432  2.12687e+00 |122  0.01406  1.45921e+00 |123 -0.02741  9.41708e-01
124 -0.06699  6.26233e-01 |125 -0.00612  7.95187e-01 |126  0.00505  6.44014e-01
127 -0.02738  2.21951e-01 |128  0.02872  4.69812e-01 |129  0.07361  4.93489e-01
130  0.01158  4.37545e-01 |131  0.08198 -9.27041e-02 |132  0.00629  1.70144e-01
133  0.13329  5.02162e-01 |134 -0.00520 -2.20253e-02 |135 -0.04645  3.40673e-02
136 -0.05657  1.24330e-02 |137 -0.02180  3.84261e-02 |138  0.09432  1.80189e-02
139  0.03185 -8.61745e-02 |140  0.01663 -5.08977e-02 |141 -0.02785  5.17092e-02
142 -0.01755 -2.57168e-02 |143 -0.00572  8.84984e-02 |144 -0.00040 -6.09889e-04
145  0.27512  2.60436e+00 |146  0.18456  2.17295e+00 |147  0.04627  7.66045e-01
148  0.29642 -3.91549e+00 |149 -0.47536  4.31238e-02 |150  0.31402  1.17027e-04
151  0.18252 -3.50112e+00 |152  0.26029  7.67941e+00 |153  0.17419 -3.69815e+00
154  0.25458  5.36339e+00 |155  0.10315 -1.01198e+00 |156  0.29683  2.06385e+00
157  0.16875 -7.72286e-01 |158  0.24626  1.19865e+00 |159 -0.35183  6.10775e-01
160  0.24254 -1.25826e+00 |161  0.20241 -5.38642e-01 |162  0.31707  2.66605e+00
163 -0.38057 -7.50446e-02 |164  0.23613  3.60016e-01 |165  0.05063 -1.27563e+00
166  0.11894 -4.03738e+00 |167  0.32141  1.63005e+00 |168  0.27250  4.03979e+00
169  0.01378  7.55929e-01 |170  0.39325 -1.61243e-01 |171  0.09922 -5.26399e+00
172  0.16259 -2.93470e+01 |173  0.21888  7.16012e+00 |174  0.25713  2.37219e+01
175 -0.54691  8.35312e-01 |176  0.17471  3.60690e-01 |

 - final statistics:
176 variables; iteration 47; function evaluation 53
Function value 7.3340e+03; maximum gradient component mag -9.5010e-01
Exit code = 1;  converg criter 1.0000e+00
Var    Value     Gradient |Var    Value     Gradient |Var    Value     Gradient
  1 -0.42337 -2.24594e-01 |  2  0.37106  2.56668e-01 |  3 -0.12612  2.68918e-02
  4 -0.01311  1.96607e-01 |  5 -0.70927 -1.99212e-01 |  6 -0.60422 -1.57478e-01
  7  0.37615  1.44704e-01 |  8 -0.18525  4.54523e-03 |  9  0.03425  5.02920e-01
 10 -0.60957 -2.25545e-02 | 11 -0.62340 -1.76668e-01 | 12 -0.09099 -1.48224e-01
 13 -0.01007 -7.30176e-03 | 14 -0.01029 -7.18642e-03 | 15 -0.01051 -7.06502e-03
 16 -0.01072 -6.93959e-03 | 17 -0.01092 -6.81200e-03 | 18 -0.01113 -6.68531e-03
 19 -0.01132 -6.56241e-03 | 20 -0.01150 -6.44639e-03 | 21 -0.01168 -6.34070e-03
 22 -0.01184 -6.24888e-03 | 23 -0.01200 -6.17465e-03 | 24 -0.01214 -6.12203e-03
 25 -0.01226 -6.09499e-03 | 26 -0.01237 -6.09741e-03 | 27 -0.01246 -6.13325e-03
 28 -0.01252 -6.20719e-03 | 29 -0.01257 -6.32507e-03 | 30 -0.01260 -6.49433e-03
 31 -0.01260 -6.72282e-03 | 32 -0.01257 -7.01855e-03 | 33 -0.01252 -7.38905e-03
 34 -0.01244 -7.84072e-03 | 35 -0.01233 -8.37789e-03 | 36 -0.01219 -9.00242e-03
 37 -0.01201 -9.71291e-03 | 38 -0.01179 -1.05046e-02 | 39 -0.01154 -1.13691e-02
 40 -0.01125 -1.22921e-02 | 41 -0.01092 -1.32585e-02 | 42 -0.01056 -1.42447e-02
 43 -0.01016 -1.52221e-02 | 44 -0.00973 -1.61588e-02 | 45 -0.00928 -1.70221e-02
 46 -0.00881 -1.77843e-02 | 47 -0.00833 -1.84273e-02 | 48 -0.00786 -1.89423e-02
 49 -0.00740 -1.93294e-02 | 50 -0.00697 -1.95920e-02 | 51 -0.00657 -1.97321e-02
 52 -0.00621 -1.97502e-02 | 53 -0.00590 -1.96531e-02 | 54 -0.00564 -1.94488e-02
 55 -0.00541 -1.91424e-02 | 56 -0.00520 -1.87351e-02 | 57 -0.00500 -1.82244e-02
 58 -0.00477 -1.76005e-02 | 59 -0.00449 -1.68458e-02 | 60 -0.00413 -1.59058e-02
 61 -0.00366 -1.46477e-02 | 62 -0.00304 -1.27940e-02 | 63 -0.00225 -9.86854e-03
 64 -0.00123 -5.18695e-03 | 65  0.00003  1.96518e-03 | 66  0.00158  1.18132e-02
 67  0.00343  2.31716e-02 | 68  0.00558  3.26259e-02 | 69  0.00803  3.55898e-02
 70  0.01075  3.11434e-02 | 71  0.01376  2.73848e-02 | 72  0.01704  3.34488e-02
 73  0.02043  3.82946e-02 | 74  0.02375  3.44184e-02 | 75  0.02703  6.32201e-02
 76  0.02988  9.22772e-02 | 77  0.03176  5.58335e-02 | 78  0.03287  1.83635e-02
 79  0.03346  2.72158e-02 | 80  0.03346  5.51821e-02 | 81  0.03277  6.54373e-02
 82  0.03144  5.69086e-02 | 83  0.02955  5.24393e-02 | 84  0.02706  6.36606e-02
 85  0.02377  5.58895e-02 | 86  0.01972  6.23319e-03 | 87  0.01577  7.60828e-03
 88  0.01227  3.21586e-02 | 89  0.00945  3.38674e-02 | 90  0.00753  3.40529e-02
 91  0.00633  3.85931e-02 | 92  0.00546  4.50115e-02 | 93  0.00477  5.03266e-02
 94  0.00471  5.00029e-02 | 95  0.00539  4.17342e-02 | 96  0.00564  3.15903e-02
 97  0.00729  8.66440e-03 | 98  0.00969 -4.50070e-02 | 99  0.01382 -3.38956e-02
100  0.01377 -9.48492e-02 |101  0.01246 -1.27410e-01 |102  0.01084 -1.38281e-01
103  0.00292 -1.11570e-01 |104  0.00357 -1.47840e-01 |105  0.02344 -1.19874e-01
106  0.02112 -2.90339e-01 |107 -0.00241 -4.77876e-02 |108  0.01613 -1.05111e-01
109  0.08399 -2.08687e-01 |110  0.02865  2.94954e-02 |111 -0.01398  7.12295e-02
112  0.00419 -1.11260e-01 |113  0.01960  6.88077e-02 |114  0.03939  3.07180e-01
115  0.00314  1.27052e-01 |116 -0.06241 -8.53928e-02 |117 -0.07891 -1.44644e-01
118 -0.07725 -9.36577e-02 |119 -0.03428  1.62384e-01 |120  0.07048  7.13406e-01
121  0.02417  3.84379e-01 |122  0.01430  1.14980e-01 |123 -0.02810 -3.01731e-01
124 -0.06702 -1.70900e-01 |125 -0.00655 -3.39203e-01 |126  0.00484 -1.75198e-01
127 -0.02723 -6.04404e-02 |128  0.02896  3.29894e-01 |129  0.07401  5.02469e-01
130  0.01088  3.31922e-01 |131  0.08346  6.55597e-01 |132  0.00583  3.00896e-02
133  0.13209 -9.50105e-01 |134 -0.00518 -3.45296e-02 |135 -0.04638  4.56674e-03
136 -0.05656  3.16838e-02 |137 -0.02193 -8.18151e-03 |138  0.09435  5.31789e-02
139  0.03192 -1.15605e-02 |140  0.01698  4.06766e-02 |141 -0.02798 -5.14637e-03
142 -0.01772 -4.22215e-02 |143 -0.00590 -1.15979e-02 |144 -0.00040 -4.47404e-04
145  0.27423 -2.09824e-02 |146  0.18621 -4.17526e-02 |147  0.04646 -2.66641e-01
148  0.29671  6.68402e-02 |149 -0.47572 -9.48194e-02 |150  0.31361  1.34885e-02
151  0.18169 -8.02175e-01 |152  0.25954 -6.66466e-02 |153  0.17470  2.13628e-01
154  0.25433  2.10546e-01 |155  0.10329 -5.14747e-02 |156  0.29677  9.51671e-02
157  0.16883 -1.43373e-02 |158  0.24624  8.87067e-02 |159 -0.35199 -2.91008e-02
160  0.24280  2.47760e-02 |161  0.20261 -1.65235e-02 |162  0.31677  2.14464e-01
163 -0.38084 -2.32254e-02 |164  0.23597  3.97455e-02 |165  0.05149  3.20306e-01
166  0.11947 -3.80791e-01 |167  0.32170  6.47037e-01 |168  0.27241 -1.09372e-01
169  0.01326  9.58607e-02 |170  0.39280 -4.36005e-01 |171  0.09926 -9.90331e-03
172  0.16358 -8.42139e-01 |173  0.21868 -5.68513e-03 |174  0.25727  6.29793e-01
175 -0.55800 -2.60167e-01 |176  0.16922 -1.15391e-01 |

Initial statistics: 200 variables; iteration 0; function evaluation 0; phase 4
Function value 7.3339859e+03; maximum gradient component mag -1.1899e+00
Var    Value     Gradient |Var    Value     Gradient |Var    Value     Gradient
  1 -0.42337 -2.24594e-01 |  2  0.37106  2.56668e-01 |  3 -0.12612  2.68918e-02
  4 -0.01311  1.96607e-01 |  5 -0.70927 -1.99212e-01 |  6 -0.60422 -1.57478e-01
  7  0.37615  1.44704e-01 |  8 -0.18525  4.54523e-03 |  9  0.03425  5.02920e-01
 10 -0.60957 -2.25545e-02 | 11 -0.62340 -1.76668e-01 | 12 -0.09099 -1.48224e-01
 13 -0.01007 -7.30176e-03 | 14 -0.01029 -7.18642e-03 | 15 -0.01051 -7.06502e-03
 16 -0.01072 -6.93959e-03 | 17 -0.01092 -6.81200e-03 | 18 -0.01113 -6.68531e-03
 19 -0.01132 -6.56241e-03 | 20 -0.01150 -6.44639e-03 | 21 -0.01168 -6.34070e-03
 22 -0.01184 -6.24888e-03 | 23 -0.01200 -6.17465e-03 | 24 -0.01214 -6.12203e-03
 25 -0.01226 -6.09499e-03 | 26 -0.01237 -6.09741e-03 | 27 -0.01246 -6.13325e-03
 28 -0.01252 -6.20719e-03 | 29 -0.01257 -6.32507e-03 | 30 -0.01260 -6.49433e-03
 31 -0.01260 -6.72282e-03 | 32 -0.01257 -7.01855e-03 | 33 -0.01252 -7.38905e-03
 34 -0.01244 -7.84072e-03 | 35 -0.01233 -8.37789e-03 | 36 -0.01219 -9.00242e-03
 37 -0.01201 -9.71291e-03 | 38 -0.01179 -1.05046e-02 | 39 -0.01154 -1.13691e-02
 40 -0.01125 -1.22921e-02 | 41 -0.01092 -1.32585e-02 | 42 -0.01056 -1.42447e-02
 43 -0.01016 -1.52221e-02 | 44 -0.00973 -1.61588e-02 | 45 -0.00928 -1.70221e-02
 46 -0.00881 -1.77843e-02 | 47 -0.00833 -1.84273e-02 | 48 -0.00786 -1.89423e-02
 49 -0.00740 -1.93294e-02 | 50 -0.00697 -1.95920e-02 | 51 -0.00657 -1.97321e-02
 52 -0.00621 -1.97502e-02 | 53 -0.00590 -1.96531e-02 | 54 -0.00564 -1.94488e-02
 55 -0.00541 -1.91424e-02 | 56 -0.00520 -1.87351e-02 | 57 -0.00500 -1.82244e-02
 58 -0.00477 -1.76005e-02 | 59 -0.00449 -1.68458e-02 | 60 -0.00413 -1.59058e-02
 61 -0.00366 -1.46477e-02 | 62 -0.00304 -1.27940e-02 | 63 -0.00225 -9.86854e-03
 64 -0.00123 -5.18695e-03 | 65  0.00003  1.96518e-03 | 66  0.00158  1.18132e-02
 67  0.00343  2.31716e-02 | 68  0.00558  3.26259e-02 | 69  0.00803  3.55898e-02
 70  0.01075  3.11434e-02 | 71  0.01376  2.73848e-02 | 72  0.01704  3.34488e-02
 73  0.02043  3.82946e-02 | 74  0.02375  3.44184e-02 | 75  0.02703  6.32201e-02
 76  0.02988  9.22772e-02 | 77  0.03176  5.58335e-02 | 78  0.03287  1.83635e-02
 79  0.03346  2.72158e-02 | 80  0.03346  5.51821e-02 | 81  0.03277  6.54373e-02
 82  0.03144  5.69086e-02 | 83  0.02955  5.24393e-02 | 84  0.02706  6.36606e-02
 85  0.02377  5.58895e-02 | 86  0.01972  6.23319e-03 | 87  0.01577  7.60828e-03
 88  0.01227  3.21586e-02 | 89  0.00945  3.38674e-02 | 90  0.00753  3.40529e-02
 91  0.00633  3.85931e-02 | 92  0.00546  4.50115e-02 | 93  0.00477  5.03266e-02
 94  0.00471  5.00029e-02 | 95  0.00539  4.17342e-02 | 96  0.00564  3.15903e-02
 97  0.00729  8.66440e-03 | 98  0.00969 -4.50070e-02 | 99  0.01382 -3.38956e-02
100  0.01377 -9.48492e-02 |101  0.01246 -1.27410e-01 |102  0.01084 -1.38281e-01
103  0.00292 -1.11570e-01 |104  0.00357 -1.47840e-01 |105  0.02344 -1.19874e-01
106  0.02112 -2.90339e-01 |107 -0.00241 -4.77876e-02 |108  0.01613 -1.05111e-01
109  0.08399 -2.08687e-01 |110  0.02865  2.94954e-02 |111 -0.01398  7.12295e-02
112  0.00419 -1.11260e-01 |113  0.01960  6.88077e-02 |114  0.03939  3.07180e-01
115  0.00314  1.27052e-01 |116 -0.06241 -8.53928e-02 |117 -0.07891 -1.44644e-01
118 -0.07725 -9.36577e-02 |119 -0.03428  1.62384e-01 |120  0.07048  7.13406e-01
121  0.02417  3.84379e-01 |122  0.01430  1.14980e-01 |123 -0.02810 -3.01731e-01
124 -0.06702 -1.70900e-01 |125 -0.00655 -3.39203e-01 |126  0.00484 -1.75198e-01
127 -0.02723 -6.04404e-02 |128  0.02896  3.29894e-01 |129  0.07401  5.02469e-01
130  0.01088  3.31922e-01 |131  0.08346  6.55597e-01 |132  0.00583  3.00896e-02
133  0.13209 -9.50105e-01 |134 -0.00518 -3.45296e-02 |135 -0.04638  4.56674e-03
136 -0.05656  3.16838e-02 |137 -0.02193 -8.18151e-03 |138  0.09435  5.31789e-02
139  0.03192 -1.15605e-02 |140  0.01698  4.06766e-02 |141 -0.02798 -5.14637e-03
142 -0.01772 -4.22215e-02 |143 -0.00590 -1.15979e-02 |144 -0.00040 -4.47404e-04
145  0.27423 -2.09824e-02 |146  0.18621 -4.17526e-02 |147  0.04646 -2.66641e-01
148  0.29671  6.68402e-02 |149  0.01641 -1.34443e-01 |150 -0.11482 -5.74026e-02
151 -0.47572 -9.48194e-02 |152  0.31361  1.34885e-02 |153  0.04880 -1.70081e-01
154 -0.23508  3.95458e-03 |155  0.18169 -8.02175e-01 |156  0.25954 -6.66466e-02
157  0.17470  2.13628e-01 |158  0.25433  2.10546e-01 |159  0.00590  2.33366e-01
160 -0.09831  1.28600e-01 |161  0.10329 -5.14747e-02 |162  0.29677  9.51671e-02
163  0.16883 -1.43373e-02 |164  0.24624  8.87067e-02 |165 -0.35199 -2.91008e-02
166  0.24280  2.47760e-02 |167  0.05277 -1.55229e-01 |168 -0.18764 -8.41155e-03
169  0.20261 -1.65235e-02 |170  0.31677  2.14464e-01 |171  0.07774  2.61579e-01
172 -0.53233 -1.55830e-05 |173 -0.38084 -2.32254e-02 |174  0.23597  3.97455e-02
175  0.07830 -1.75195e-01 |176 -0.12203  5.81569e-01 |177  0.05149  3.20306e-01
178  0.11947 -3.80791e-01 |179  0.32170  6.47037e-01 |180  0.27241 -1.09372e-01
181  0.00556  5.28187e-01 |182  0.00910 -2.69758e-01 |183 -0.15023  1.75193e-01
184 -0.12575  5.26763e-02 |185  0.01326  9.58607e-02 |186  0.39280 -4.36005e-01
187  0.01865 -3.29158e-03 |188 -0.15439  6.81380e-02 |189  0.09926 -9.90331e-03
190  0.16358 -8.42139e-01 |191  0.21868 -5.68513e-03 |192  0.25727  6.29793e-01
193  0.02454  1.37571e-01 |194 -0.00644 -3.28164e-01 |195 -0.17632  2.82267e-01
196 -0.11434 -5.77199e-02 |197 -0.55800 -2.60167e-01 |198  0.16922 -1.15391e-01
199  0.09515 -1.18991e+00 |200 -0.25356 -9.98987e-02 |

Intermediate statistics: 200 variables; iteration 20; function evaluation 23; phase 4
Function value 7.3339835e+03; maximum gradient component mag -1.7683e+00
Var    Value     Gradient |Var    Value     Gradient |Var    Value     Gradient
  1 -0.42339 -1.76832e+00 |  2  0.37108 -2.53484e-01 |  3 -0.12612 -1.57100e+00
  4 -0.01317 -8.55487e-01 |  5 -0.70912 -1.28054e-01 |  6 -0.60426 -1.11205e+00
  7  0.37618 -1.32143e+00 |  8 -0.18520 -7.75756e-01 |  9  0.03409 -9.09446e-01
 10 -0.60960 -6.60998e-02 | 11 -0.62339 -4.47432e-01 | 12 -0.09117  2.67515e-01
 13 -0.01006  6.46945e-03 | 14 -0.01028  6.64903e-03 | 15 -0.01049  6.83209e-03
 16 -0.01071  7.01861e-03 | 17 -0.01091  7.20873e-03 | 18 -0.01112  7.40229e-03
 19 -0.01131  7.59921e-03 | 20 -0.01150  7.79953e-03 | 21 -0.01167  8.00328e-03
 22 -0.01184  8.21054e-03 | 23 -0.01199  8.42144e-03 | 24 -0.01213  8.63609e-03
 25 -0.01225  8.85457e-03 | 26 -0.01236  9.07686e-03 | 27 -0.01245  9.30285e-03
 28 -0.01252  9.53235e-03 | 29 -0.01257  9.76529e-03 | 30 -0.01259  1.00017e-02
 31 -0.01259  1.02418e-02 | 32 -0.01257  1.04859e-02 | 33 -0.01252  1.07339e-02
 34 -0.01243  1.09858e-02 | 35 -0.01232  1.12413e-02 | 36 -0.01218  1.14996e-02
 37 -0.01200  1.17601e-02 | 38 -0.01178  1.20217e-02 | 39 -0.01153  1.22838e-02
 40 -0.01123  1.25447e-02 | 41 -0.01090  1.28057e-02 | 42 -0.01053  1.30661e-02
 43 -0.01013  1.33256e-02 | 44 -0.00970  1.35839e-02 | 45 -0.00925  1.38405e-02
 46 -0.00878  1.40944e-02 | 47 -0.00830  1.43448e-02 | 48 -0.00783  1.45901e-02
 49 -0.00737  1.48288e-02 | 50 -0.00693  1.50586e-02 | 51 -0.00653  1.52762e-02
 52 -0.00618  1.54774e-02 | 53 -0.00587  1.56594e-02 | 54 -0.00560  1.58201e-02
 55 -0.00537  1.59592e-02 | 56 -0.00517  1.60792e-02 | 57 -0.00496  1.61841e-02
 58 -0.00473  1.62770e-02 | 59 -0.00445  1.63645e-02 | 60 -0.00409  1.64545e-02
 61 -0.00363  1.65614e-02 | 62 -0.00301  1.67067e-02 | 63 -0.00222  1.69296e-02
 64 -0.00122  1.72934e-02 | 65  0.00002  1.78770e-02 | 66  0.00154  1.87702e-02
 67  0.00335  1.99613e-02 | 68  0.00548  2.12332e-02 | 69  0.00792  2.21389e-02
 70  0.01067  2.23918e-02 | 71  0.01371  2.26845e-02 | 72  0.01697  2.42510e-02
 73  0.02035  2.58439e-02 | 74  0.02370  2.61226e-02 | 75  0.02687  3.22533e-02
 76  0.02961  3.91794e-02 | 77  0.03166  3.28673e-02 | 78  0.03294  2.55241e-02
 79  0.03351  2.79674e-02 | 80  0.03340  3.46003e-02 | 81  0.03268  3.72003e-02
 82  0.03139  3.56403e-02 | 83  0.02953  3.48584e-02 | 84  0.02699  3.68559e-02
 85  0.02373  3.50021e-02 | 86  0.01988  2.68174e-02 | 87  0.01591  2.68730e-02
 88  0.01231  2.92319e-02 | 89  0.00946  2.83620e-02 | 90  0.00752  2.72212e-02
 91  0.00629  2.64393e-02 | 92  0.00536  2.57611e-02 | 93  0.00461  2.49048e-02
 94  0.00452  2.35659e-02 | 95  0.00519  2.15528e-02 | 96  0.00545  1.90314e-02
 97  0.00716  1.48299e-02 | 98  0.00974  6.97145e-03 | 99  0.01375  7.01591e-03
100  0.01387 -2.32524e-03 |101  0.01262 -9.66587e-03 |102  0.01097 -1.60439e-02
103  0.00291 -2.37435e-02 |104  0.00365 -4.13726e-02 |105  0.02320 -4.32226e-02
106  0.02157 -7.78334e-02 |107 -0.00270 -7.36430e-02 |108  0.01594 -8.09897e-02
109  0.08409 -1.76576e-01 |110  0.02829 -1.04646e-01 |111 -0.01435 -6.66792e-02
112  0.00455 -6.17168e-02 |113  0.01961 -7.20975e-02 |114  0.03888 -9.33799e-02
115  0.00305 -7.18469e-02 |116 -0.06227 -2.79913e-02 |117 -0.07872 -2.40229e-02
118 -0.07709 -2.53038e-02 |119 -0.03435 -1.59682e-02 |120  0.07011  7.95699e-03
121  0.02390 -3.41845e-02 |122  0.01402 -1.10900e-01 |123 -0.02765 -6.46727e-02
124 -0.06692 -6.55982e-02 |125 -0.00626 -9.93887e-02 |126  0.00485 -7.74901e-02
127 -0.02706 -2.63209e-02 |128  0.02850  2.15764e-02 |129  0.07382  1.19292e-01
130  0.01066  5.70042e-02 |131  0.08275  7.19568e-02 |132  0.00586  7.68947e-03
133  0.13288 -1.20958e-01 |134 -0.00525 -3.41865e-02 |135 -0.04641 -8.20353e-03
136 -0.05667 -1.17840e-02 |137 -0.02188 -3.32161e-03 |138  0.09425 -1.03451e-02
139  0.03193 -1.32543e-02 |140  0.01686 -1.03922e-02 |141 -0.02797 -5.32517e-03
142 -0.01757 -5.37236e-03 |143 -0.00586 -8.81361e-05 |144 -0.00040 -3.78455e-05
145  0.27465 -1.55538e-01 |146  0.18581  1.04468e-01 |147  0.04649 -1.40771e-01
148  0.29670 -2.31482e-02 |149  0.01640 -1.10853e-01 |150 -0.11484 -7.75876e-02
151 -0.47567 -2.12100e-02 |152  0.31365 -6.05618e-04 |153  0.04884 -3.47865e-02
154 -0.23513 -7.02624e-03 |155  0.18225 -5.27689e-01 |156  0.25985  8.88619e-01
157  0.17448  6.97656e-02 |158  0.25418 -9.99246e-03 |159  0.00595  9.15070e-02
160 -0.09831  1.64683e-01 |161  0.10324  7.92302e-03 |162  0.29673 -3.66033e-02
163  0.16878  2.79821e-02 |164  0.24620 -4.40766e-02 |165 -0.35199  5.65864e-03
166  0.24278 -2.15694e-02 |167  0.05278 -3.39004e-02 |168 -0.18772 -7.64301e-01
169  0.20260 -8.67260e-04 |170  0.31678  2.32291e-01 |171  0.07774  2.88556e-01
172 -0.53233 -1.70069e-05 |173 -0.38084  1.23213e-02 |174  0.23595 -7.09822e-02
175  0.07833 -1.11848e-01 |176 -0.12199  8.26421e-01 |177  0.05118  1.67865e-02
178  0.11960 -1.57257e-01 |179  0.32144  1.28987e-01 |180  0.27250  6.63666e-02
181  0.00551  3.36524e-02 |182  0.00907 -1.51382e-01 |183 -0.15024  1.32743e-02
184 -0.12578 -1.46148e-01 |185  0.01337  9.27845e-02 |186  0.39313 -8.93280e-02
187  0.01867  8.60975e-02 |188 -0.15440  4.95215e-02 |189  0.09927  3.41573e-01
190  0.16360  5.90101e-01 |191  0.21868 -2.75136e-01 |192  0.25723 -1.27855e+00
193  0.02453  2.57466e-01 |194 -0.00645  2.56368e-02 |195 -0.17631  4.35061e-01
196 -0.11434  6.59313e-01 |197 -0.55710 -1.14049e-01 |198  0.16987 -1.84856e-02
199  0.09547  3.15311e-01 |200 -0.25391  8.84820e-02 |
200 variables; iteration 40; function evaluation 46; phase 4
Function value 7.3339833e+03; maximum gradient component mag -1.5186e+00
Var    Value     Gradient |Var    Value     Gradient |Var    Value     Gradient
  1 -0.42338 -1.51864e+00 |  2  0.37107 -3.77943e-01 |  3 -0.12612 -1.42258e+00
  4 -0.01316 -7.38925e-01 |  5 -0.70911 -1.62404e-01 |  6 -0.60427 -1.51090e+00
  7  0.37619 -1.51413e+00 |  8 -0.18518 -5.45372e-01 |  9  0.03407 -8.66433e-01
 10 -0.60955 -3.70553e-02 | 11 -0.62339 -4.48503e-01 | 12 -0.09130  1.76008e-01
 13 -0.01006  4.25903e-03 | 14 -0.01028  4.39620e-03 | 15 -0.01049  4.53601e-03
 16 -0.01071  4.67825e-03 | 17 -0.01091  4.82286e-03 | 18 -0.01111  4.96947e-03
 19 -0.01131  5.11780e-03 | 20 -0.01150  5.26764e-03 | 21 -0.01167  5.41872e-03
 22 -0.01184  5.57084e-03 | 23 -0.01199  5.72377e-03 | 24 -0.01213  5.87729e-03
 25 -0.01225  6.03111e-03 | 26 -0.01236  6.18488e-03 | 27 -0.01245  6.33815e-03
 28 -0.01252  6.49040e-03 | 29 -0.01257  6.64112e-03 | 30 -0.01259  6.78980e-03
 31 -0.01259  6.93601e-03 | 32 -0.01257  7.07923e-03 | 33 -0.01251  7.21890e-03
 34 -0.01243  7.35433e-03 | 35 -0.01232  7.48478e-03 | 36 -0.01218  7.60943e-03
 37 -0.01200  7.72755e-03 | 38 -0.01178  7.83863e-03 | 39 -0.01153  7.94245e-03
 40 -0.01123  8.03863e-03 | 41 -0.01090  8.12891e-03 | 42 -0.01053  8.21416e-03
 43 -0.01013  8.29603e-03 | 44 -0.00970  8.37647e-03 | 45 -0.00925  8.45731e-03
 46 -0.00878  8.53999e-03 | 47 -0.00830  8.62561e-03 | 48 -0.00783  8.71427e-03
 49 -0.00737  8.80547e-03 | 50 -0.00694  8.89821e-03 | 51 -0.00654  8.99107e-03
 52 -0.00618  9.08223e-03 | 53 -0.00587  9.17070e-03 | 54 -0.00561  9.25635e-03
 55 -0.00538  9.34065e-03 | 56 -0.00517  9.42754e-03 | 57 -0.00496  9.52254e-03
 58 -0.00473  9.63144e-03 | 59 -0.00446  9.76344e-03 | 60 -0.00410  9.93151e-03
 61 -0.00363  1.01592e-02 | 62 -0.00301  1.04852e-02 | 63 -0.00222  1.09745e-02
 64 -0.00122  1.17224e-02 | 65  0.00003  1.28352e-02 | 66  0.00154  1.43898e-02
 67  0.00336  1.62918e-02 | 68  0.00549  1.81582e-02 | 69  0.00793  1.93969e-02
 70  0.01068  1.98070e-02 | 71  0.01372  2.03930e-02 | 72  0.01698  2.24185e-02
 73  0.02037  2.43944e-02 | 74  0.02372  2.52223e-02 | 75  0.02688  3.06409e-02
 76  0.02962  3.59899e-02 | 77  0.03167  3.22253e-02 | 78  0.03298  2.83169e-02
 79  0.03354  3.05203e-02 | 80  0.03342  3.51034e-02 | 81  0.03269  3.71456e-02
 82  0.03141  3.64564e-02 | 83  0.02955  3.60792e-02 | 84  0.02701  3.76140e-02
 85  0.02375  3.62080e-02 | 86  0.01990  2.86616e-02 | 87  0.01594  2.81049e-02
 88  0.01233  3.04968e-02 | 89  0.00949  2.96391e-02 | 90  0.00755  2.85207e-02
 91  0.00632  2.79130e-02 | 92  0.00540  2.74476e-02 | 93  0.00466  2.66688e-02
 94  0.00457  2.49905e-02 | 95  0.00523  2.20638e-02 | 96  0.00548  1.83511e-02
 97  0.00717  1.25011e-02 | 98  0.00974  2.45400e-03 | 99  0.01375  1.17562e-03
100  0.01385 -9.69275e-03 |101  0.01260 -1.76258e-02 |102  0.01093 -2.42639e-02
103  0.00289 -2.84892e-02 |104  0.00370 -4.31489e-02 |105  0.02317 -5.07324e-02
106  0.02152 -8.63702e-02 |107 -0.00256 -6.66377e-02 |108  0.01594 -8.95948e-02
109  0.08398 -1.91565e-01 |110  0.02836 -1.07240e-01 |111 -0.01436 -6.95355e-02
112  0.00448 -6.95983e-02 |113  0.01959 -4.94670e-02 |114  0.03891 -2.83586e-02
115  0.00307 -1.60346e-02 |116 -0.06228 -9.24538e-03 |117 -0.07876 -2.95990e-02
118 -0.07713 -4.18475e-02 |119 -0.03440 -3.20641e-02 |120  0.07007  1.71120e-02
121  0.02389  3.62824e-03 |122  0.01402 -5.77737e-02 |123 -0.02767 -3.19566e-02
124 -0.06694 -4.59727e-02 |125 -0.00628 -7.22157e-02 |126  0.00484 -5.11289e-02
127 -0.02710 -2.51328e-02 |128  0.02846  1.22911e-02 |129  0.07375  9.23770e-02
130  0.01062  5.07007e-02 |131  0.08276  1.02879e-01 |132  0.00586  2.74103e-02
133  0.13285 -1.12764e-01 |134 -0.00525 -2.69485e-02 |135 -0.04641 -6.89262e-03
136 -0.05666 -9.31358e-03 |137 -0.02188 -1.43039e-03 |138  0.09426 -2.20776e-03
139  0.03193 -1.41374e-02 |140  0.01686 -8.64391e-03 |141 -0.02797 -6.01505e-03
142 -0.01758 -7.23437e-03 |143 -0.00587 -3.20092e-03 |144 -0.00040 -1.10749e-04
145  0.27477 -1.47771e-01 |146  0.18592  1.39554e-01 |147  0.04649 -1.51166e-01
148  0.29670  8.20157e-03 |149  0.01640 -1.02212e-01 |150 -0.11484 -5.08337e-02
151 -0.47558 -7.30289e-03 |152  0.31373 -2.32417e-05 |153  0.04882 -5.18225e-03
154 -0.23511  2.47163e-03 |155  0.18225 -6.26866e-01 |156  0.25986  1.10723e+00
157  0.17451  1.54795e-01 |158  0.25416 -1.58565e-01 |159  0.00594  7.77172e-02
160 -0.09836 -1.49406e-02 |161  0.10326 -1.84475e-01 |162  0.29678  4.61934e-01
163  0.16880 -5.81291e-02 |164  0.24622  1.28524e-01 |165 -0.35199 -1.95046e-02
166  0.24279 -1.04644e-02 |167  0.05277 -1.25186e-01 |168 -0.18769 -4.99979e-01
169  0.20259  3.22600e-02 |170  0.31679  2.61563e-01 |171  0.07776  5.98947e-01
172 -0.53233  8.33997e-06 |173 -0.38083  1.32121e-02 |174  0.23594 -9.74552e-02
175  0.07831 -1.49813e-01 |176 -0.12198  8.59019e-01 |177  0.05109  7.50655e-02
178  0.11960 -6.19953e-03 |179  0.32141  8.03819e-02 |180  0.27248 -1.36853e-01
181  0.00562  1.16781e-01 |182  0.00909 -4.25544e-02 |183 -0.15023  8.14892e-02
184 -0.12576  1.05557e-01 |185  0.01335  1.10876e-02 |186  0.39316 -4.47688e-02
187  0.01866  2.14098e-03 |188 -0.15441  1.40645e-02 |189  0.09929  5.07902e-01
190  0.16360  5.91884e-01 |191  0.21869 -3.46489e-01 |192  0.25723 -1.24577e+00
193  0.02452  1.15748e-01 |194 -0.00643  5.93384e-02 |195 -0.17634 -1.27923e-02
196 -0.11435  4.54226e-01 |197 -0.55489 -9.07920e-03 |198  0.17079 -7.16185e-03
199  0.09523  3.31333e-01 |200 -0.25366  1.17992e-01 |
200 variables; iteration 60; function evaluation 66; phase 4
Function value 7.3339830e+03; maximum gradient component mag -1.1108e-01
Var    Value     Gradient |Var    Value     Gradient |Var    Value     Gradient
  1 -0.42335 -1.05746e-01 |  2  0.37108 -7.38351e-03 |  3 -0.12609 -6.55095e-02
  4 -0.01318 -8.43779e-02 |  5 -0.70907 -1.54409e-02 |  6 -0.60423 -8.98151e-02
  7  0.37622 -1.11079e-01 |  8 -0.18519 -4.33696e-02 |  9  0.03406 -1.21665e-02
 10 -0.60952  7.04569e-03 | 11 -0.62338 -3.35032e-02 | 12 -0.09130  7.19315e-03
 13 -0.01006 -1.38282e-03 | 14 -0.01028 -1.49452e-03 | 15 -0.01050 -1.60859e-03
 16 -0.01071 -1.72469e-03 | 17 -0.01092 -1.84263e-03 | 18 -0.01112 -1.96189e-03
 19 -0.01132 -2.08206e-03 | 20 -0.01150 -2.20284e-03 | 21 -0.01168 -2.32395e-03
 22 -0.01185 -2.44517e-03 | 23 -0.01200 -2.56634e-03 | 24 -0.01214 -2.68735e-03
 25 -0.01226 -2.80810e-03 | 26 -0.01237 -2.92852e-03 | 27 -0.01246 -3.04845e-03
 28 -0.01253 -3.16756e-03 | 29 -0.01258 -3.28531e-03 | 30 -0.01260 -3.40097e-03
 31 -0.01261 -3.51388e-03 | 32 -0.01258 -3.62322e-03 | 33 -0.01253 -3.72808e-03
 34 -0.01245 -3.82737e-03 | 35 -0.01234 -3.91980e-03 | 36 -0.01219 -4.00382e-03
 37 -0.01201 -4.07768e-03 | 38 -0.01180 -4.13951e-03 | 39 -0.01154 -4.18739e-03
 40 -0.01125 -4.21916e-03 | 41 -0.01092 -4.23435e-03 | 42 -0.01055 -4.23211e-03
 43 -0.01015 -4.21267e-03 | 44 -0.00972 -4.17682e-03 | 45 -0.00926 -4.12540e-03
 46 -0.00879 -4.05855e-03 | 47 -0.00831 -3.97519e-03 | 48 -0.00784 -3.87249e-03
 49 -0.00738 -3.74635e-03 | 50 -0.00694 -3.59244e-03 | 51 -0.00654 -3.40684e-03
 52 -0.00618 -3.18600e-03 | 53 -0.00587 -2.92622e-03 | 54 -0.00560 -2.62385e-03
 55 -0.00537 -2.27671e-03 | 56 -0.00516 -1.88572e-03 | 57 -0.00496 -1.45499e-03
 58 -0.00472 -9.92144e-04 | 59 -0.00444 -5.11707e-04 | 60 -0.00408 -4.16844e-05
 61 -0.00361  3.63426e-04 | 62 -0.00299  6.04906e-04 | 63 -0.00220  5.21489e-04
 64 -0.00120 -1.13025e-04 | 65  0.00004 -1.53303e-03 | 66  0.00155 -3.81619e-03
 67  0.00335 -6.60501e-03 | 68  0.00547 -8.95875e-03 | 69  0.00791 -9.93022e-03
 70  0.01066 -9.98051e-03 | 71  0.01370 -1.10111e-02 | 72  0.01695 -1.28249e-02
 73  0.02033 -1.40095e-02 | 74  0.02368 -1.67316e-02 | 75  0.02687 -8.10328e-03
 76  0.02966  6.25545e-03 | 77  0.03165 -1.14666e-02 | 78  0.03286 -3.36073e-02
 79  0.03344 -2.87476e-02 | 80  0.03339 -1.12983e-02 | 81  0.03269 -4.18569e-03
 82  0.03139 -7.43743e-03 | 83  0.02952 -7.56725e-03 | 84  0.02701 -8.07767e-04
 85  0.02374 -1.96489e-03 | 86  0.01989 -7.33970e-03 | 87  0.01595 -6.40462e-04
 88  0.01233  1.96985e-03 | 89  0.00949  3.66855e-03 | 90  0.00755  5.37901e-03
 91  0.00632  6.20075e-03 | 92  0.00539  6.52287e-03 | 93  0.00464  7.05914e-03
 94  0.00455  8.99866e-03 | 95  0.00522  1.29852e-02 | 96  0.00548  1.75101e-02
 97  0.00719  2.40908e-02 | 98  0.00981  3.35497e-02 | 99  0.01378  3.33072e-02
100  0.01390  3.54290e-02 |101  0.01264  3.44102e-02 |102  0.01092  3.00147e-02
103  0.00285  2.33626e-02 |104  0.00371  2.74927e-02 |105  0.02309  3.47965e-02
106  0.02171  7.11006e-02 |107 -0.00257  1.87512e-02 |108  0.01593  2.16205e-02
109  0.08399  9.37259e-03 |110  0.02844  1.25425e-02 |111 -0.01435 -4.91868e-03
112  0.00447 -2.84620e-02 |113  0.01957 -4.18659e-02 |114  0.03888 -5.76336e-02
115  0.00304 -4.87393e-02 |116 -0.06228 -1.41741e-02 |117 -0.07873 -8.57001e-03
118 -0.07711 -1.05521e-02 |119 -0.03439 -1.42225e-03 |120  0.07004  3.54886e-02
121  0.02388  2.31150e-02 |122  0.01404  3.00518e-03 |123 -0.02767  1.43056e-02
124 -0.06693 -3.71124e-03 |125 -0.00625 -7.12545e-03 |126  0.00486 -1.42397e-02
127 -0.02710 -1.53404e-02 |128  0.02846 -2.64281e-03 |129  0.07372  1.21591e-03
130  0.01052 -1.70112e-02 |131  0.08274  9.21219e-03 |132  0.00583 -1.18361e-03
133  0.13299  1.03079e-02 |134 -0.00524 -6.44397e-03 |135 -0.04641  3.33571e-03
136 -0.05666  2.52135e-03 |137 -0.02191 -6.61103e-03 |138  0.09426  5.44190e-03
139  0.03193  9.48627e-04 |140  0.01688  2.23404e-03 |141 -0.02797  1.69051e-03
142 -0.01759 -6.15653e-03 |143 -0.00585  4.04610e-03 |144 -0.00040  6.69258e-05
145  0.27472 -3.57450e-02 |146  0.18581  1.58781e-02 |147  0.04652 -1.14589e-02
148  0.29672  6.16619e-04 |149  0.01642 -7.97073e-03 |150 -0.11484 -7.86476e-03
151 -0.47521  3.57546e-02 |152  0.31397 -4.89546e-03 |153  0.04874  5.95245e-02
154 -0.23507  1.23192e-02 |155  0.18235 -3.03003e-02 |156  0.25985  7.38704e-02
157  0.17450 -4.79133e-03 |158  0.25417 -2.21695e-02 |159  0.00590 -2.49726e-02
160 -0.09833 -1.40919e-05 |161  0.10329 -2.40810e-04 |162  0.29675  3.52500e-02
163  0.16879 -6.14519e-03 |164  0.24620  1.07607e-02 |165 -0.35200 -3.18960e-03
166  0.24280  3.39666e-03 |167  0.05278 -4.14110e-03 |168 -0.18765 -2.18355e-02
169  0.20258  2.98234e-04 |170  0.31674  3.91426e-02 |171  0.07774  3.86555e-02
172 -0.53228 -3.47652e-05 |173 -0.38076 -6.91920e-04 |174  0.23596 -2.13780e-02
175  0.07832 -5.17104e-02 |176 -0.12205  4.47897e-02 |177  0.05094 -1.94713e-02
178  0.11962  1.19867e-03 |179  0.32136  7.46114e-02 |180  0.27251  4.03146e-03
181  0.00570  3.59357e-02 |182  0.00911 -1.88378e-03 |183 -0.15024  5.60460e-02
184 -0.12577  6.95283e-03 |185  0.01339  1.17468e-02 |186  0.39320 -9.53129e-03
187  0.01864 -1.12625e-02 |188 -0.15442 -2.87533e-02 |189  0.09927  1.03629e-03
190  0.16360  4.37744e-03 |191  0.21868 -3.99688e-02 |192  0.25725 -8.77722e-02
193  0.02454  2.74538e-02 |194 -0.00640  4.32491e-02 |195 -0.17634 -6.83991e-03
196 -0.11436  1.95969e-02 |197 -0.55420 -2.67585e-03 |198  0.17109 -2.95037e-04
199  0.09516  2.83233e-02 |200 -0.25352  3.56062e-02 |
200 variables; iteration 80; function evaluation 92; phase 4
Function value 7.3339830e+03; maximum gradient component mag 2.4151e-02
Var    Value     Gradient |Var    Value     Gradient |Var    Value     Gradient
  1 -0.42334  3.63310e-03 |  2  0.37108  7.73961e-03 |  3 -0.12610  1.66341e-02
  4 -0.01318 -1.07440e-02 |  5 -0.70908  6.63071e-03 |  6 -0.60423  8.44280e-03
  7  0.37622  5.63232e-04 |  8 -0.18519  4.79948e-04 |  9  0.03406  2.03079e-02
 10 -0.60954  3.71879e-03 | 11 -0.62338  7.22673e-04 | 12 -0.09137  4.27335e-03
 13 -0.01006 -8.56161e-04 | 14 -0.01028 -8.80320e-04 | 15 -0.01050 -9.06554e-04
 16 -0.01071 -9.34838e-04 | 17 -0.01092 -9.65146e-04 | 18 -0.01112 -9.97294e-04
 19 -0.01131 -1.03105e-03 | 20 -0.01150 -1.06612e-03 | 21 -0.01168 -1.10214e-03
 22 -0.01184 -1.13867e-03 | 23 -0.01199 -1.17519e-03 | 24 -0.01213 -1.21113e-03
 25 -0.01226 -1.24581e-03 | 26 -0.01237 -1.27850e-03 | 27 -0.01246 -1.30834e-03
 28 -0.01252 -1.33437e-03 | 29 -0.01257 -1.35547e-03 | 30 -0.01260 -1.37045e-03
 31 -0.01260 -1.37813e-03 | 32 -0.01257 -1.37724e-03 | 33 -0.01252 -1.36653e-03
 34 -0.01244 -1.34473e-03 | 35 -0.01233 -1.31067e-03 | 36 -0.01218 -1.26328e-03
 37 -0.01200 -1.20167e-03 | 38 -0.01179 -1.12523e-03 | 39 -0.01153 -1.03363e-03
 40 -0.01124 -9.26773e-04 | 41 -0.01090 -8.05473e-04 | 42 -0.01054 -6.70507e-04
 43 -0.01013 -5.23127e-04 | 44 -0.00970 -3.64905e-04 | 45 -0.00925 -1.97556e-04
 46 -0.00878 -2.29974e-05 | 47 -0.00830  1.56525e-04 | 48 -0.00783  3.38219e-04
 49 -0.00736  5.18454e-04 | 50 -0.00693  6.92658e-04 | 51 -0.00653  8.55439e-04
 52 -0.00617  1.00092e-03 | 53 -0.00586  1.12311e-03 | 54 -0.00560  1.21611e-03
 55 -0.00537  1.27393e-03 | 56 -0.00516  1.29015e-03 | 57 -0.00495  1.25763e-03
 58 -0.00472  1.16838e-03 | 59 -0.00444  1.01520e-03 | 60 -0.00409  7.93940e-04
 61 -0.00362  5.09269e-04 | 62 -0.00300  1.83694e-04 | 63 -0.00221 -1.28513e-04
 64 -0.00121 -3.29638e-04 | 65  0.00003 -2.89103e-04 | 66  0.00155  8.58216e-05
 67  0.00336  7.03968e-04 | 68  0.00549  1.19818e-03 | 69  0.00793  1.23967e-03
 70  0.01069  1.19425e-03 | 71  0.01373  1.63437e-03 | 72  0.01699  1.73662e-03
 73  0.02037  1.46277e-03 | 74  0.02373  1.38908e-03 | 75  0.02687  7.35109e-04
 76  0.02960  3.57670e-03 | 77  0.03167  7.05649e-04 | 78  0.03296 -5.31999e-03
 79  0.03352 -4.54568e-03 | 80  0.03341 -2.61282e-04 | 81  0.03268  1.07280e-03
 82  0.03140 -3.96202e-04 | 83  0.02953 -1.10060e-03 | 84  0.02699 -1.39074e-03
 85  0.02373 -2.41971e-03 | 86  0.01993  4.91836e-04 | 87  0.01595 -5.72676e-04
 88  0.01233 -2.06495e-03 | 89  0.00948 -1.77989e-03 | 90  0.00755 -1.33399e-03
 91  0.00632 -6.02452e-04 | 92  0.00540  3.64402e-04 | 93  0.00466  1.40145e-03
 94  0.00457  2.26769e-03 | 95  0.00524  2.96451e-03 | 96  0.00549  3.98396e-03
 97  0.00718  4.75896e-03 | 98  0.00977  5.20330e-03 | 99  0.01376  6.14850e-03
100  0.01388  7.65495e-03 |101  0.01262  7.79265e-03 |102  0.01093  8.20258e-03
103  0.00288  8.49950e-03 |104  0.00373  1.09716e-02 |105  0.02313  1.66712e-02
106  0.02158  1.38593e-02 |107 -0.00255  7.57757e-03 |108  0.01590  6.95615e-03
109  0.08405  1.94076e-02 |110  0.02838  5.09346e-03 |111 -0.01437 -6.64304e-04
112  0.00450 -1.16116e-03 |113  0.01956 -1.54423e-02 |114  0.03886 -2.39286e-02
115  0.00307 -8.10774e-03 |116 -0.06229 -4.25177e-03 |117 -0.07874 -1.07600e-03
118 -0.07712 -4.20076e-03 |119 -0.03437  7.85229e-03 |120  0.07000  8.79543e-03
121  0.02384  1.60538e-03 |122  0.01405  9.33913e-03 |123 -0.02768  1.24987e-02
124 -0.06692  3.87984e-03 |125 -0.00624  1.06379e-03 |126  0.00483 -1.54248e-02
127 -0.02708 -6.53330e-03 |128  0.02844 -3.99466e-03 |129  0.07369  1.18387e-03
130  0.01057  1.11865e-03 |131  0.08269 -6.16004e-03 |132  0.00582 -7.22804e-03
133  0.13297  6.79667e-03 |134 -0.00524 -1.28642e-03 |135 -0.04642  9.96127e-04
136 -0.05667  1.00436e-03 |137 -0.02191 -3.95835e-03 |138  0.09424 -8.49730e-04
139  0.03193  1.68857e-03 |140  0.01686 -8.72536e-04 |141 -0.02797  1.97666e-03
142 -0.01757  2.56004e-04 |143 -0.00587 -4.37542e-04 |144 -0.00040 -6.50599e-05
145  0.27484 -2.81421e-03 |146  0.18596  1.37946e-02 |147  0.04652  9.25998e-04
148  0.29672  1.05318e-03 |149  0.01642  3.11489e-04 |150 -0.11484 -3.25708e-03
151 -0.47553  9.04688e-03 |152  0.31375 -3.75347e-03 |153  0.04882  2.41508e-02
154 -0.23510  4.60439e-03 |155  0.18236  8.54866e-03 |156  0.25985 -1.27288e-03
157  0.17451 -2.99048e-03 |158  0.25418 -1.75957e-03 |159  0.00590 -1.28929e-02
160 -0.09833 -1.03511e-03 |161  0.10329  5.91980e-03 |162  0.29675  1.59764e-03
163  0.16879 -7.40371e-03 |164  0.24620 -2.98570e-03 |165 -0.35195  6.68072e-03
166  0.24281  1.19413e-03 |167  0.05276 -1.29598e-03 |168 -0.18765  1.72777e-04
169  0.20255 -6.81791e-03 |170  0.31673  5.39646e-03 |171  0.07774 -1.76066e-03
172 -0.53226 -3.40459e-05 |173 -0.38084 -2.26943e-03 |174  0.23593 -8.19422e-03
175  0.07835 -1.50757e-02 |176 -0.12206 -9.36732e-03 |177  0.05108 -1.86023e-03
178  0.11963  1.11454e-04 |179  0.32138  2.02770e-02 |180  0.27251  4.87562e-03
181  0.00557  1.67946e-03 |182  0.00911  2.29821e-03 |183 -0.15024  1.68820e-02
184 -0.12577 -2.45915e-03 |185  0.01336  1.54854e-03 |186  0.39319 -1.25254e-02
187  0.01866 -6.99828e-03 |188 -0.15441 -9.91062e-03 |189  0.09927 -1.29609e-02
190  0.16361 -1.97479e-02 |191  0.21869 -4.45271e-03 |192  0.25726 -8.72465e-05
193  0.02454  5.69394e-03 |194 -0.00641  2.19120e-02 |195 -0.17634 -3.44381e-03
196 -0.11436 -7.33282e-03 |197 -0.55414 -2.37501e-03 |198  0.17112  5.35289e-03
199  0.09516 -2.05482e-03 |200 -0.25361  8.22950e-03 |

 - final statistics:
200 variables; iteration 100; function evaluation 122
Function value 7.3340e+03; maximum gradient component mag 9.2631e-04
Exit code = 1;  converg criter 1.0000e-03
Var    Value     Gradient |Var    Value     Gradient |Var    Value     Gradient
  1 -0.42334  1.30449e-04 |  2  0.37107  2.44888e-04 |  3 -0.12610  4.78264e-04
  4 -0.01317 -2.69595e-04 |  5 -0.70909  9.60899e-05 |  6 -0.60423  2.05049e-04
  7  0.37623 -4.01034e-05 |  8 -0.18519  4.74215e-06 |  9  0.03405  6.75692e-04
 10 -0.60954 -1.46196e-04 | 11 -0.62338  1.46386e-05 | 12 -0.09132 -3.58832e-05
 13 -0.01006 -1.66065e-06 | 14 -0.01028 -3.79714e-06 | 15 -0.01049 -5.97135e-06
 16 -0.01071 -8.16194e-06 | 17 -0.01091 -1.03535e-05 | 18 -0.01112 -1.25251e-05
 19 -0.01131 -1.46608e-05 | 20 -0.01150 -1.67501e-05 | 21 -0.01167 -1.87856e-05
 22 -0.01184 -2.07642e-05 | 23 -0.01199 -2.26866e-05 | 24 -0.01213 -2.45573e-05
 25 -0.01226 -2.63832e-05 | 26 -0.01236 -2.81740e-05 | 27 -0.01245 -2.99409e-05
 28 -0.01252 -3.16978e-05 | 29 -0.01257 -3.34630e-05 | 30 -0.01259 -3.52595e-05
 31 -0.01259 -3.71160e-05 | 32 -0.01257 -3.90620e-05 | 33 -0.01252 -4.11275e-05
 34 -0.01244 -4.33400e-05 | 35 -0.01233 -4.57208e-05 | 36 -0.01218 -4.82800e-05
 37 -0.01200 -5.10096e-05 | 38 -0.01178 -5.38740e-05 | 39 -0.01153 -5.67981e-05
 40 -0.01124 -5.96450e-05 | 41 -0.01090 -6.22390e-05 | 42 -0.01054 -6.43116e-05
 43 -0.01014 -6.55276e-05 | 44 -0.00971 -6.54862e-05 | 45 -0.00925 -6.37369e-05
 46 -0.00878 -5.98085e-05 | 47 -0.00830 -5.32577e-05 | 48 -0.00783 -4.37155e-05
 49 -0.00737 -3.09617e-05 | 50 -0.00693 -1.49869e-05 | 51 -0.00653  3.97836e-06
 52 -0.00618  2.54823e-05 | 53 -0.00587  4.89050e-05 | 54 -0.00560  7.35537e-05
 55 -0.00537  9.86964e-05 | 56 -0.00517  1.23500e-04 | 57 -0.00496  1.46898e-04
 58 -0.00473  1.67379e-04 | 59 -0.00445  1.82788e-04 | 60 -0.00409  1.90099e-04
 61 -0.00362  1.85507e-04 | 62 -0.00301  1.65233e-04 | 63 -0.00221  1.28340e-04
 64 -0.00121  8.21818e-05 | 65  0.00003  4.82465e-05 | 66  0.00155  5.73998e-05
 67  0.00336  1.18068e-04 | 68  0.00548  1.78083e-04 | 69  0.00792  1.75816e-04
 70  0.01068  1.62274e-04 | 71  0.01372  1.91988e-04 | 72  0.01698  1.75346e-04
 73  0.02036  1.33753e-04 | 74  0.02372  7.33401e-05 | 75  0.02686  1.14247e-04
 76  0.02957  4.30650e-04 | 77  0.03165 -2.34212e-04 | 78  0.03299  1.75103e-04
 79  0.03354  2.50909e-04 | 80  0.03340 -4.13352e-04 | 81  0.03266 -4.46321e-04
 82  0.03139 -2.10857e-04 | 83  0.02953 -1.28300e-04 | 84  0.02699  9.14370e-06
 85  0.02373 -1.83273e-04 | 86  0.01992  1.41396e-05 | 87  0.01595 -6.92323e-05
 88  0.01233 -2.10232e-04 | 89  0.00948 -1.83739e-04 | 90  0.00755 -1.34831e-04
 91  0.00632 -5.92362e-05 | 92  0.00540  3.01967e-05 | 93  0.00465  1.05606e-04
 94  0.00456  1.35318e-04 | 95  0.00523  1.33372e-04 | 96  0.00547  1.87674e-04
 97  0.00717  2.08052e-04 | 98  0.00977  2.11679e-04 | 99  0.01375  2.89312e-04
100  0.01387  4.40705e-04 |101  0.01262  4.44968e-04 |102  0.01093  3.75709e-04
103  0.00287  1.96805e-04 |104  0.00372  3.09740e-05 |105  0.02311  3.51463e-04
106  0.02157  1.63150e-04 |107 -0.00254  2.27795e-04 |108  0.01591  1.61703e-04
109  0.08403  9.26308e-04 |110  0.02839 -7.46249e-05 |111 -0.01436 -2.37196e-04
112  0.00449 -1.83655e-04 |113  0.01958 -3.21269e-04 |114  0.03889 -5.22085e-04
115  0.00307 -3.81408e-04 |116 -0.06229 -3.82193e-04 |117 -0.07874  2.14219e-04
118 -0.07710 -6.97346e-05 |119 -0.03438  1.14880e-04 |120  0.07000  2.18351e-04
121  0.02386  1.08319e-04 |122  0.01405  2.35393e-04 |123 -0.02769  3.99428e-04
124 -0.06692 -2.32271e-04 |125 -0.00625 -1.02047e-04 |126  0.00487 -1.79091e-04
127 -0.02707 -2.35319e-04 |128  0.02845 -3.22026e-04 |129  0.07369  5.12267e-05
130  0.01057 -2.95123e-05 |131  0.08271 -3.44382e-04 |132  0.00584 -4.10283e-04
133  0.13297  5.33616e-05 |134 -0.00524  1.03320e-04 |135 -0.04642  3.16443e-04
136 -0.05667 -2.25637e-04 |137 -0.02189  4.15023e-05 |138  0.09424  2.64473e-04
139  0.03193  1.68458e-04 |140  0.01686 -1.34643e-04 |141 -0.02797  5.92431e-05
142 -0.01758 -1.14401e-04 |143 -0.00586  4.44018e-05 |144 -0.00040 -3.48116e-06
145  0.27478  4.43573e-06 |146  0.18589  2.51404e-05 |147  0.04652 -1.82417e-05
148  0.29672  5.09446e-05 |149  0.01642  3.44456e-05 |150 -0.11484 -1.15019e-04
151 -0.47551  3.91188e-04 |152  0.31378 -2.97585e-04 |153  0.04880  6.09118e-04
154 -0.23510  2.69527e-04 |155  0.18235  1.88000e-04 |156  0.25985 -3.86361e-05
157  0.17450 -3.26215e-04 |158  0.25417 -1.75080e-04 |159  0.00592 -1.62017e-04
160 -0.09834 -4.68875e-05 |161  0.10328  7.67813e-04 |162  0.29674  3.14399e-04
163  0.16880 -4.48600e-04 |164  0.24620 -2.16296e-04 |165 -0.35199  1.27711e-04
166  0.24280  8.78313e-06 |167  0.05277 -3.94296e-05 |168 -0.18765 -6.26507e-05
169  0.20260 -2.01023e-04 |170  0.31674  1.54913e-04 |171  0.07773 -3.79710e-05
172 -0.53216 -2.89889e-05 |173 -0.38081 -1.74434e-04 |174  0.23594 -2.62114e-04
175  0.07834 -3.83295e-04 |176 -0.12206 -2.84440e-04 |177  0.05106 -5.99478e-05
178  0.11963 -1.02427e-04 |179  0.32137  5.88181e-04 |180  0.27251  9.63097e-05
181  0.00559  3.16517e-05 |182  0.00911  1.71799e-04 |183 -0.15025  4.88816e-04
184 -0.12577 -9.00727e-05 |185  0.01336  1.42165e-05 |186  0.39320 -3.41536e-04
187  0.01866 -1.82990e-04 |188 -0.15441 -2.93264e-04 |189  0.09928 -3.74880e-04
190  0.16361 -6.51013e-04 |191  0.21869 -1.15213e-04 |192  0.25726  9.87201e-05
193  0.02454  2.02806e-04 |194 -0.00642  6.29907e-04 |195 -0.17634 -8.97667e-05
196 -0.11436 -2.41109e-04 |197 -0.55413 -1.28051e-04 |198  0.17112  1.78402e-04
199  0.09517 -1.99649e-04 |200 -0.25362  6.91432e-04 |

 - final statistics:
213 variables; iteration 0; function evaluation 0
Function value 7.3340e+03; maximum gradient component mag 9.2631e-04
Exit code = 0;  converg criter 1.0000e-03
Var    Value     Gradient |Var    Value     Gradient |Var    Value     Gradient
  1 -0.42334  1.30449e-04 |  2  0.37107  2.44888e-04 |  3 -0.12610  4.78264e-04
  4 -0.01317 -2.69595e-04 |  5 -0.70909  9.60899e-05 |  6 -0.60423  2.05049e-04
  7  0.37623 -4.01034e-05 |  8 -0.18519  4.74215e-06 |  9  0.03405  6.75692e-04
 10 -0.60954 -1.46196e-04 | 11 -0.62338  1.46386e-05 | 12 -0.09132 -3.58832e-05
 13 -0.01006 -1.66065e-06 | 14 -0.01028 -3.79714e-06 | 15 -0.01049 -5.97135e-06
 16 -0.01071 -8.16194e-06 | 17 -0.01091 -1.03535e-05 | 18 -0.01112 -1.25251e-05
 19 -0.01131 -1.46608e-05 | 20 -0.01150 -1.67501e-05 | 21 -0.01167 -1.87856e-05
 22 -0.01184 -2.07642e-05 | 23 -0.01199 -2.26866e-05 | 24 -0.01213 -2.45573e-05
 25 -0.01226 -2.63832e-05 | 26 -0.01236 -2.81740e-05 | 27 -0.01245 -2.99409e-05
 28 -0.01252 -3.16978e-05 | 29 -0.01257 -3.34630e-05 | 30 -0.01259 -3.52595e-05
 31 -0.01259 -3.71160e-05 | 32 -0.01257 -3.90620e-05 | 33 -0.01252 -4.11275e-05
 34 -0.01244 -4.33400e-05 | 35 -0.01233 -4.57208e-05 | 36 -0.01218 -4.82800e-05
 37 -0.01200 -5.10096e-05 | 38 -0.01178 -5.38740e-05 | 39 -0.01153 -5.67981e-05
 40 -0.01124 -5.96450e-05 | 41 -0.01090 -6.22390e-05 | 42 -0.01054 -6.43116e-05
 43 -0.01014 -6.55276e-05 | 44 -0.00971 -6.54862e-05 | 45 -0.00925 -6.37369e-05
 46 -0.00878 -5.98085e-05 | 47 -0.00830 -5.32577e-05 | 48 -0.00783 -4.37155e-05
 49 -0.00737 -3.09617e-05 | 50 -0.00693 -1.49869e-05 | 51 -0.00653  3.97836e-06
 52 -0.00618  2.54823e-05 | 53 -0.00587  4.89050e-05 | 54 -0.00560  7.35537e-05
 55 -0.00537  9.86964e-05 | 56 -0.00517  1.23500e-04 | 57 -0.00496  1.46898e-04
 58 -0.00473  1.67379e-04 | 59 -0.00445  1.82788e-04 | 60 -0.00409  1.90099e-04
 61 -0.00362  1.85507e-04 | 62 -0.00301  1.65233e-04 | 63 -0.00221  1.28340e-04
 64 -0.00121  8.21818e-05 | 65  0.00003  4.82465e-05 | 66  0.00155  5.73998e-05
 67  0.00336  1.18068e-04 | 68  0.00548  1.78083e-04 | 69  0.00792  1.75816e-04
 70  0.01068  1.62274e-04 | 71  0.01372  1.91988e-04 | 72  0.01698  1.75346e-04
 73  0.02036  1.33753e-04 | 74  0.02372  7.33401e-05 | 75  0.02686  1.14247e-04
 76  0.02957  4.30650e-04 | 77  0.03165 -2.34212e-04 | 78  0.03299  1.75103e-04
 79  0.03354  2.50909e-04 | 80  0.03340 -4.13352e-04 | 81  0.03266 -4.46321e-04
 82  0.03139 -2.10857e-04 | 83  0.02953 -1.28300e-04 | 84  0.02699  9.14370e-06
 85  0.02373 -1.83273e-04 | 86  0.01992  1.41396e-05 | 87  0.01595 -6.92323e-05
 88  0.01233 -2.10232e-04 | 89  0.00948 -1.83739e-04 | 90  0.00755 -1.34831e-04
 91  0.00632 -5.92362e-05 | 92  0.00540  3.01967e-05 | 93  0.00465  1.05606e-04
 94  0.00456  1.35318e-04 | 95  0.00523  1.33372e-04 | 96  0.00547  1.87674e-04
 97  0.00717  2.08052e-04 | 98  0.00977  2.11679e-04 | 99  0.01375  2.89312e-04
100  0.01387  4.40705e-04 |101  0.01262  4.44968e-04 |102  0.01093  3.75709e-04
103  0.00287  1.96805e-04 |104  0.00372  3.09740e-05 |105  0.02311  3.51463e-04
106  0.02157  1.63150e-04 |107 -0.00254  2.27795e-04 |108  0.01591  1.61703e-04
109  0.08403  9.26308e-04 |110  0.02839 -7.46249e-05 |111 -0.01436 -2.37196e-04
112  0.00449 -1.83655e-04 |113  0.01958 -3.21269e-04 |114  0.03889 -5.22085e-04
115  0.00307 -3.81408e-04 |116 -0.06229 -3.82193e-04 |117 -0.07874  2.14219e-04
118 -0.07710 -6.97346e-05 |119 -0.03438  1.14880e-04 |120  0.07000  2.18351e-04
121  0.02386  1.08319e-04 |122  0.01405  2.35393e-04 |123 -0.02769  3.99428e-04
124 -0.06692 -2.32271e-04 |125 -0.00625 -1.02047e-04 |126  0.00487 -1.79091e-04
127 -0.02707 -2.35319e-04 |128  0.02845 -3.22026e-04 |129  0.07369  5.12267e-05
130  0.01057 -2.95123e-05 |131  0.08271 -3.44382e-04 |132  0.00584 -4.10283e-04
133  0.13297  5.33616e-05 |134 -0.00524  1.03320e-04 |135 -0.04642  3.16443e-04
136 -0.05667 -2.25637e-04 |137 -0.02189  4.15023e-05 |138  0.09424  2.64473e-04
139  0.03193  1.68458e-04 |140  0.01686 -1.34643e-04 |141 -0.02797  5.92431e-05
142 -0.01758 -1.14401e-04 |143 -0.00586  4.44018e-05 |144 -0.00040 -3.48116e-06
145  0.00000  0.00000e+00 |146  0.00000  0.00000e+00 |147  0.00000  0.00000e+00
148  0.00000  0.00000e+00 |149  0.00000  0.00000e+00 |150  0.00000  0.00000e+00
151  0.00000  0.00000e+00 |152  0.00000  0.00000e+00 |153  0.00000  0.00000e+00
154  0.00000  0.00000e+00 |155  0.00000  0.00000e+00 |156  0.00000  0.00000e+00
157  0.00000  0.00000e+00 |158  0.27478  4.43573e-06 |159  0.18589  2.51404e-05
160  0.04652 -1.82417e-05 |161  0.29672  5.09446e-05 |162  0.01642  3.44456e-05
163 -0.11484 -1.15019e-04 |164 -0.47551  3.91188e-04 |165  0.31378 -2.97585e-04
166  0.04880  6.09118e-04 |167 -0.23510  2.69527e-04 |168  0.18235  1.88000e-04
169  0.25985 -3.86361e-05 |170  0.17450 -3.26215e-04 |171  0.25417 -1.75080e-04
172  0.00592 -1.62017e-04 |173 -0.09834 -4.68875e-05 |174  0.10328  7.67813e-04
175  0.29674  3.14399e-04 |176  0.16880 -4.48600e-04 |177  0.24620 -2.16296e-04
178 -0.35199  1.27711e-04 |179  0.24280  8.78313e-06 |180  0.05277 -3.94296e-05
181 -0.18765 -6.26507e-05 |182  0.20260 -2.01023e-04 |183  0.31674  1.54913e-04
184  0.07773 -3.79710e-05 |185 -0.53216 -2.89889e-05 |186 -0.38081 -1.74434e-04
187  0.23594 -2.62114e-04 |188  0.07834 -3.83295e-04 |189 -0.12206 -2.84440e-04
190  0.05106 -5.99478e-05 |191  0.11963 -1.02427e-04 |192  0.32137  5.88181e-04
193  0.27251  9.63097e-05 |194  0.00559  3.16517e-05 |195  0.00911  1.71799e-04
196 -0.15025  4.88816e-04 |197 -0.12577 -9.00727e-05 |198  0.01336  1.42165e-05
199  0.39320 -3.41536e-04 |200  0.01866 -1.82990e-04 |201 -0.15441 -2.93264e-04
202  0.09928 -3.74880e-04 |203  0.16361 -6.51013e-04 |204  0.21869 -1.15213e-04
205  0.25726  9.87201e-05 |206  0.02454  2.02806e-04 |207 -0.00642  6.29907e-04
208 -0.17634 -8.97667e-05 |209 -0.11436 -2.41109e-04 |210 -0.55413 -1.28051e-04
211  0.17112  1.78402e-04 |212  0.09517 -1.99649e-04 |213 -0.25362  6.91432e-04
size of file gradfil1.tmp = 0
size of file gradfil2.tmp = 0
size of file varssave.tmp = 0
size of file cmpdiff.tmp = 1000000040
