
Initial statistics: 136 variables; iteration 0; function evaluation 0; phase 1
Function value 7.0025845e+03; maximum gradient component mag 6.8196e+01
Var    Value     Gradient |Var    Value     Gradient |Var    Value     Gradient
  1 -0.42335  6.81960e+01 |  2 -0.09168 -3.21340e+01 |  3 -0.01012 -7.62881e-01
  4 -0.01034 -7.83707e-01 |  5 -0.01056 -8.04879e-01 |  6 -0.01077 -8.26380e-01
  7 -0.01098 -8.48200e-01 |  8 -0.01118 -8.70279e-01 |  9 -0.01137 -8.92583e-01
 10 -0.01156 -9.15078e-01 | 11 -0.01173 -9.37717e-01 | 12 -0.01190 -9.60477e-01
 13 -0.01205 -9.83337e-01 | 14 -0.01219 -1.00626e+00 | 15 -0.01231 -1.02924e+00
 16 -0.01242 -1.05226e+00 | 17 -0.01251 -1.07531e+00 | 18 -0.01257 -1.09837e+00
 19 -0.01262 -1.12144e+00 | 20 -0.01264 -1.14453e+00 | 21 -0.01264 -1.16771e+00
 22 -0.01261 -1.19104e+00 | 23 -0.01256 -1.21458e+00 | 24 -0.01247 -1.23840e+00
 25 -0.01236 -1.26251e+00 | 26 -0.01221 -1.28690e+00 | 27 -0.01203 -1.31151e+00
 28 -0.01181 -1.33628e+00 | 29 -0.01155 -1.36108e+00 | 30 -0.01125 -1.38571e+00
 31 -0.01091 -1.41028e+00 | 32 -0.01054 -1.43472e+00 | 33 -0.01013 -1.45903e+00
 34 -0.00969 -1.48330e+00 | 35 -0.00923 -1.50767e+00 | 36 -0.00875 -1.53233e+00
 37 -0.00826 -1.55765e+00 | 38 -0.00778 -1.58403e+00 | 39 -0.00731 -1.61197e+00
 40 -0.00686 -1.64190e+00 | 41 -0.00645 -1.67405e+00 | 42 -0.00608 -1.70826e+00
 43 -0.00576 -1.74413e+00 | 44 -0.00548 -1.78091e+00 | 45 -0.00524 -1.81764e+00
 46 -0.00503 -1.85343e+00 | 47 -0.00482 -1.88738e+00 | 48 -0.00458 -1.91855e+00
 49 -0.00430 -1.94656e+00 | 50 -0.00394 -1.97110e+00 | 51 -0.00348 -1.99238e+00
 52 -0.00287 -2.01060e+00 | 53 -0.00209 -2.02627e+00 | 54 -0.00109 -2.04035e+00
 55  0.00014 -2.05343e+00 | 56  0.00165 -2.06872e+00 | 57  0.00344 -2.08806e+00
 58  0.00556 -2.11471e+00 | 59  0.00799 -2.15378e+00 | 60  0.01073 -2.21118e+00
 61  0.01376 -2.29409e+00 | 62  0.01701 -2.40975e+00 | 63  0.02039 -2.56543e+00
 64  0.02374 -2.76648e+00 | 65  0.02688 -3.01394e+00 | 66  0.02959 -3.30120e+00
 67  0.03167 -3.61199e+00 | 68  0.03301 -3.91937e+00 | 69  0.03356 -4.18908e+00
 70  0.03342 -4.38854e+00 | 71  0.03269 -4.49582e+00 | 72  0.03142 -4.50780e+00
 73  0.02955 -4.44330e+00 | 74  0.02701 -4.33670e+00 | 75  0.02374 -4.22500e+00
 76  0.01993 -4.12978e+00 | 77  0.01595 -4.04723e+00 | 78  0.01232 -3.94901e+00
 79  0.00947 -3.79971e+00 | 80  0.00753 -3.57284e+00 | 81  0.00629 -3.26825e+00
 82  0.00535 -2.90467e+00 | 83  0.00459 -2.49839e+00 | 84  0.00449 -2.03238e+00
 85  0.00513 -1.44729e+00 | 86  0.00537 -7.15264e-01 | 87  0.00705  6.44408e-02
 88  0.00963  7.82551e-01 | 89  0.01361  1.44373e+00 | 90  0.01372  2.12380e+00
 91  0.01248  2.91150e+00 | 92  0.01080  3.78851e+00 | 93  0.00276  4.64800e+00
 94  0.00363  6.19809e+00 | 95  0.02300  9.00510e+00 | 96  0.02148  9.56625e+00
 97 -0.00261  7.14276e+00 | 98  0.01586  6.47147e+00 | 99  0.08394  7.97720e+00
100  0.02835  5.05124e+00 |101 -0.01439  6.37963e+00 |102  0.00446  1.23206e+01
103  0.01955  1.81390e+01 |104  0.03886  2.63765e+01 |105  0.00304  2.15665e+01
106 -0.06231  1.18019e+01 |107 -0.07875  1.07037e+01 |108 -0.07712  6.92775e+00
109 -0.03440  2.53275e+00 |110  0.06997  3.06674e+00 |111  0.02382  4.35503e+00
112  0.01399  4.52034e+00 |113 -0.02776  2.27658e+00 |114 -0.06698  7.33328e-02
115 -0.00633 -1.19621e+00 |116  0.00477 -3.05955e+00 |117 -0.02715 -2.59373e+00
118  0.02836 -4.25823e+00 |119  0.07361 -5.34162e+00 |120  0.01051 -2.63224e+00
121  0.08266 -3.34829e+00 |122  0.00582 -1.27373e+00 |123  0.13296 -2.06066e+00
124 -0.00525 -3.17864e-01 |125 -0.04642 -1.47910e-01 |126 -0.05667 -1.01016e-01
127 -0.02189 -3.01983e-02 |128  0.09425 -2.49914e-03 |129  0.03193 -1.10669e-05
130  0.01687  4.90394e-06 |131 -0.02797 -2.95496e-07 |132 -0.01758 -4.92519e-06
133 -0.00587  1.20980e-05 |134 -0.00040 -1.51483e-06 |135  0.27523 -6.12629e-05
136  0.18628  3.94426e-04 |

Intermediate statistics: 136 variables; iteration 20; function evaluation 27; phase 1
Function value 7.0019142e+03; maximum gradient component mag 1.7009e+01
Var    Value     Gradient |Var    Value     Gradient |Var    Value     Gradient
  1 -0.42379  1.70092e+01 |  2 -0.08574  3.93487e+00 |  3 -0.00927 -9.83413e-02
  4 -0.00947 -1.00228e-01 |  5 -0.00966 -1.02011e-01 |  6 -0.00985 -1.03675e-01
  7 -0.01003 -1.05197e-01 |  8 -0.01021 -1.06539e-01 |  9 -0.01037 -1.07682e-01
 10 -0.01053 -1.08608e-01 | 11 -0.01068 -1.09284e-01 | 12 -0.01082 -1.09708e-01
 13 -0.01095 -1.09878e-01 | 14 -0.01106 -1.09780e-01 | 15 -0.01116 -1.09440e-01
 16 -0.01124 -1.08882e-01 | 17 -0.01131 -1.08150e-01 | 18 -0.01135 -1.07300e-01
 19 -0.01138 -1.06419e-01 | 20 -0.01138 -1.05599e-01 | 21 -0.01136 -1.04959e-01
 22 -0.01132 -1.04632e-01 | 23 -0.01125 -1.04742e-01 | 24 -0.01115 -1.05430e-01
 25 -0.01103 -1.06825e-01 | 26 -0.01088 -1.09036e-01 | 27 -0.01070 -1.12166e-01
 28 -0.01048 -1.16303e-01 | 29 -0.01024 -1.21511e-01 | 30 -0.00995 -1.27857e-01
 31 -0.00964 -1.35410e-01 | 32 -0.00930 -1.44295e-01 | 33 -0.00892 -1.54619e-01
 34 -0.00853 -1.66612e-01 | 35 -0.00812 -1.80531e-01 | 36 -0.00770 -1.96710e-01
 37 -0.00728 -2.15555e-01 | 38 -0.00687 -2.37460e-01 | 39 -0.00649 -2.62790e-01
 40 -0.00613 -2.91745e-01 | 41 -0.00581 -3.24267e-01 | 42 -0.00554 -3.59973e-01
 43 -0.00532 -3.98144e-01 | 44 -0.00514 -4.37753e-01 | 45 -0.00500 -4.77534e-01
 46 -0.00488 -5.16048e-01 | 47 -0.00476 -5.51705e-01 | 48 -0.00461 -5.82866e-01
 49 -0.00441 -6.08061e-01 | 50 -0.00413 -6.25877e-01 | 51 -0.00373 -6.35191e-01
 52 -0.00317 -6.35145e-01 | 53 -0.00243 -6.25363e-01 | 54 -0.00147 -6.06403e-01
 55 -0.00027 -5.79979e-01 | 56  0.00119 -5.50330e-01 | 57  0.00291 -5.23770e-01
 58  0.00488 -5.09722e-01 | 59  0.00706 -5.20272e-01 | 60  0.00940 -5.68043e-01
 61  0.01184 -6.62377e-01 | 62  0.01436 -8.02749e-01 | 63  0.01694 -9.71409e-01
 64  0.01968 -1.12869e+00 | 65  0.02273 -1.21774e+00 | 66  0.02622 -1.18587e+00
 67  0.03005 -1.01883e+00 | 68  0.03379 -7.63748e-01 | 69  0.03667 -5.18522e-01
 70  0.03788 -3.90224e-01 | 71  0.03694 -4.44720e-01 | 72  0.03401 -6.75197e-01
 73  0.02981 -9.86928e-01 | 74  0.02535 -1.23688e+00 | 75  0.02133 -1.31925e+00
 76  0.01788 -1.23757e+00 | 77  0.01477 -1.08256e+00 | 78  0.01188 -9.38871e-01
 79  0.00939 -8.24665e-01 | 80  0.00748 -7.10062e-01 | 81  0.00612 -5.67819e-01
 82  0.00505 -3.98060e-01 | 83  0.00419 -2.20264e-01 | 84  0.00390 -3.68542e-02
 85  0.00421  1.83592e-01 | 86  0.00399  4.50542e-01 | 87  0.00517  6.98512e-01
 88  0.00727  8.16869e-01 | 89  0.01092  8.36977e-01 | 90  0.01083  8.32788e-01
 91  0.00937  8.85804e-01 | 92  0.00779  1.08304e+00 | 93  0.00033  1.51389e+00
 94  0.00061  2.16073e+00 | 95  0.01720  2.87420e+00 | 96  0.01313  2.17025e+00
 97 -0.00880  1.21646e+00 | 98  0.01435  1.64754e+00 | 99  0.08916  2.04728e+00
100  0.03334  1.16966e+00 |101 -0.01424  1.04952e+00 |102 -0.00078  1.87400e+00
103  0.01521  3.91292e+00 |104  0.03133  6.33319e+00 |105 -0.00534  4.51785e+00
106 -0.06534  3.24352e+00 |107 -0.08579  2.42678e+00 |108 -0.08145  1.50136e+00
109 -0.03092  1.50426e+00 |110  0.07319  1.02603e+00 |111  0.02040  1.46705e-01
112  0.01186  5.00883e-01 |113 -0.03063 -4.55438e-01 |114 -0.06718 -2.49899e-01
115 -0.00585 -3.88551e-01 |116  0.00747 -7.19794e-01 |117 -0.02518 -5.90825e-01
118  0.03011 -1.53605e+00 |119  0.07589 -1.95537e+00 |120  0.01229 -7.56879e-01
121  0.08563 -5.12961e-01 |122  0.00794  5.79629e-02 |123  0.13590  3.69837e-01
124 -0.00418  1.64572e-02 |125 -0.04500  2.56578e-01 |126 -0.05553  1.84509e-01
127 -0.02115  1.22097e-01 |128  0.09472 -1.37570e-02 |129  0.03237  4.49680e-02
130  0.01742  1.10784e-01 |131 -0.02772  3.27771e-02 |132 -0.01750  6.14206e-04
133 -0.00586 -1.93345e-03 |134 -0.00040 -5.86339e-05 |135  0.26830  2.32487e+00
136  0.18113  5.12723e+00 |

 - final statistics:
136 variables; iteration 24; function evaluation 32
Function value 7.0019e+03; maximum gradient component mag 7.8557e+00
Exit code = 1;  converg criter 1.0000e+01
Var    Value     Gradient |Var    Value     Gradient |Var    Value     Gradient
  1 -0.42396  7.85565e+00 |  2 -0.08533  1.78099e+00 |  3 -0.00923 -4.26608e-02
  4 -0.00943 -4.40621e-02 |  5 -0.00963 -4.55176e-02 |  6 -0.00982 -4.70281e-02
  7 -0.01001 -4.85959e-02 |  8 -0.01019 -5.02217e-02 |  9 -0.01037 -5.19052e-02
 10 -0.01054 -5.36470e-02 | 11 -0.01070 -5.54483e-02 | 12 -0.01085 -5.73097e-02
 13 -0.01099 -5.92324e-02 | 14 -0.01112 -6.12191e-02 | 15 -0.01123 -6.32720e-02
 16 -0.01133 -6.53943e-02 | 17 -0.01142 -6.75891e-02 | 18 -0.01148 -6.98606e-02
 19 -0.01153 -7.22138e-02 | 20 -0.01155 -7.46562e-02 | 21 -0.01155 -7.71982e-02
 22 -0.01153 -7.98504e-02 | 23 -0.01149 -8.26237e-02 | 24 -0.01141 -8.55264e-02
 25 -0.01131 -8.85631e-02 | 26 -0.01118 -9.17328e-02 | 27 -0.01101 -9.50267e-02
 28 -0.01081 -9.84291e-02 | 29 -0.01057 -1.01917e-01 | 30 -0.01029 -1.05448e-01
 31 -0.00998 -1.08999e-01 | 32 -0.00963 -1.12514e-01 | 33 -0.00926 -1.15929e-01
 34 -0.00885 -1.19167e-01 | 35 -0.00842 -1.22137e-01 | 36 -0.00798 -1.24743e-01
 37 -0.00752 -1.26904e-01 | 38 -0.00706 -1.28565e-01 | 39 -0.00661 -1.29716e-01
 40 -0.00617 -1.30412e-01 | 41 -0.00576 -1.30772e-01 | 42 -0.00538 -1.30972e-01
 43 -0.00504 -1.31255e-01 | 44 -0.00474 -1.31885e-01 | 45 -0.00448 -1.33136e-01
 46 -0.00425 -1.35298e-01 | 47 -0.00403 -1.38681e-01 | 48 -0.00381 -1.43605e-01
 49 -0.00357 -1.50472e-01 | 50 -0.00329 -1.59742e-01 | 51 -0.00293 -1.71953e-01
 52 -0.00246 -1.87615e-01 | 53 -0.00187 -2.07094e-01 | 54 -0.00111 -2.30311e-01
 55 -0.00015 -2.56124e-01 | 56  0.00104 -2.82006e-01 | 57  0.00252 -3.02793e-01
 58  0.00434 -3.10788e-01 | 59  0.00657 -2.97227e-01 | 60  0.00924 -2.56687e-01
 61  0.01234 -1.95909e-01 | 62  0.01571 -1.44517e-01 | 63  0.01903 -1.57602e-01
 64  0.02189 -2.92637e-01 | 65  0.02408 -5.53211e-01 | 66  0.02590 -8.29731e-01
 67  0.02826 -9.17148e-01 | 68  0.03181 -6.69977e-01 | 69  0.03578 -2.11281e-01
 70  0.03784  7.49270e-02 | 71  0.03625 -9.50981e-02 | 72  0.03197 -5.75779e-01
 73  0.02766 -9.33693e-01 | 74  0.02473 -9.19064e-01 | 75  0.02255 -6.56240e-01
 76  0.01992 -4.13422e-01 | 77  0.01657 -3.13203e-01 | 78  0.01316 -2.96394e-01
 79  0.01034 -2.76569e-01 | 80  0.00826 -2.30712e-01 | 81  0.00668 -1.78000e-01
 82  0.00528 -1.38172e-01 | 83  0.00404 -1.08319e-01 | 84  0.00344 -6.88781e-02
 85  0.00342 -7.51477e-03 | 86  0.00278  7.10957e-02 | 87  0.00368  1.59431e-01
 88  0.00609  2.55192e-01 | 89  0.01037  3.20532e-01 | 90  0.01099  3.85394e-01
 91  0.01012  4.92245e-01 | 92  0.00837  5.61983e-01 | 93 -0.00037  6.03316e-01
 94 -0.00070  9.68538e-01 | 95  0.01497  1.29627e+00 | 96  0.01331  1.24412e+00
 97 -0.00892  4.33198e-01 | 98  0.01371  6.43590e-01 | 99  0.08916  7.30979e-01
100  0.03452  6.34456e-01 |101 -0.01388  4.77884e-01 |102 -0.00072  8.07199e-01
103  0.01474  1.99248e+00 |104  0.02993  3.20659e+00 |105 -0.00723  1.55430e+00
106 -0.06618  1.63766e+00 |107 -0.08666  1.22695e+00 |108 -0.08182  7.49886e-01
109 -0.03110  9.56497e-01 |110  0.07377  6.63005e-01 |111  0.01966 -5.10952e-01
112  0.01069 -1.84154e-01 |113 -0.02890  4.63579e-01 |114 -0.06654  1.97666e-01
115 -0.00556  3.50020e-02 |116  0.00716 -5.21087e-01 |117 -0.02570 -4.99277e-01
118  0.03056 -8.63175e-01 |119  0.07687 -8.28358e-01 |120  0.01283 -2.74305e-01
121  0.08532 -6.17416e-01 |122  0.00757 -1.85905e-01 |123  0.13541 -1.75518e-01
124 -0.00412  2.61369e-02 |125 -0.04482  3.27124e-01 |126 -0.05545  2.11148e-01
127 -0.02109  1.50298e-01 |128  0.09506  1.46484e-01 |129  0.03237  5.29629e-02
130  0.01735  7.88548e-02 |131 -0.02792 -3.20040e-02 |132 -0.01758 -1.98434e-02
133 -0.00584  2.10526e-03 |134 -0.00040 -1.50426e-05 |135  0.26744  1.06657e+00
136  0.18034  2.32822e+00 |

Initial statistics: 146 variables; iteration 0; function evaluation 0; phase 2
Function value 7.0018779e+03; maximum gradient component mag 1.1244e+02
Var    Value     Gradient |Var    Value     Gradient |Var    Value     Gradient
  1 -0.42396  7.85565e+00 |  2  0.37108  2.55852e+01 |  3 -0.12611  7.07208e+01
  4 -0.01318  3.33980e+01 |  5 -0.70910  1.84385e+01 |  6 -0.60422  2.59454e+00
  7  0.37624  2.85914e+01 |  8 -0.18520  1.12441e+02 |  9  0.03404  3.80858e+01
 10 -0.60952  1.23300e+01 | 11 -0.62338 -3.37064e+01 | 12 -0.08533  1.78099e+00
 13 -0.00923 -4.26608e-02 | 14 -0.00943 -4.40621e-02 | 15 -0.00963 -4.55176e-02
 16 -0.00982 -4.70281e-02 | 17 -0.01001 -4.85959e-02 | 18 -0.01019 -5.02217e-02
 19 -0.01037 -5.19052e-02 | 20 -0.01054 -5.36470e-02 | 21 -0.01070 -5.54483e-02
 22 -0.01085 -5.73097e-02 | 23 -0.01099 -5.92324e-02 | 24 -0.01112 -6.12191e-02
 25 -0.01123 -6.32720e-02 | 26 -0.01133 -6.53943e-02 | 27 -0.01142 -6.75891e-02
 28 -0.01148 -6.98606e-02 | 29 -0.01153 -7.22138e-02 | 30 -0.01155 -7.46562e-02
 31 -0.01155 -7.71982e-02 | 32 -0.01153 -7.98504e-02 | 33 -0.01149 -8.26237e-02
 34 -0.01141 -8.55264e-02 | 35 -0.01131 -8.85631e-02 | 36 -0.01118 -9.17328e-02
 37 -0.01101 -9.50267e-02 | 38 -0.01081 -9.84291e-02 | 39 -0.01057 -1.01917e-01
 40 -0.01029 -1.05448e-01 | 41 -0.00998 -1.08999e-01 | 42 -0.00963 -1.12514e-01
 43 -0.00926 -1.15929e-01 | 44 -0.00885 -1.19167e-01 | 45 -0.00842 -1.22137e-01
 46 -0.00798 -1.24743e-01 | 47 -0.00752 -1.26904e-01 | 48 -0.00706 -1.28565e-01
 49 -0.00661 -1.29716e-01 | 50 -0.00617 -1.30412e-01 | 51 -0.00576 -1.30772e-01
 52 -0.00538 -1.30972e-01 | 53 -0.00504 -1.31255e-01 | 54 -0.00474 -1.31885e-01
 55 -0.00448 -1.33136e-01 | 56 -0.00425 -1.35298e-01 | 57 -0.00403 -1.38681e-01
 58 -0.00381 -1.43605e-01 | 59 -0.00357 -1.50472e-01 | 60 -0.00329 -1.59742e-01
 61 -0.00293 -1.71953e-01 | 62 -0.00246 -1.87615e-01 | 63 -0.00187 -2.07094e-01
 64 -0.00111 -2.30311e-01 | 65 -0.00015 -2.56124e-01 | 66  0.00104 -2.82006e-01
 67  0.00252 -3.02793e-01 | 68  0.00434 -3.10788e-01 | 69  0.00657 -2.97227e-01
 70  0.00924 -2.56687e-01 | 71  0.01234 -1.95909e-01 | 72  0.01571 -1.44517e-01
 73  0.01903 -1.57602e-01 | 74  0.02189 -2.92637e-01 | 75  0.02408 -5.53211e-01
 76  0.02590 -8.29731e-01 | 77  0.02826 -9.17148e-01 | 78  0.03181 -6.69977e-01
 79  0.03578 -2.11281e-01 | 80  0.03784  7.49270e-02 | 81  0.03625 -9.50981e-02
 82  0.03197 -5.75779e-01 | 83  0.02766 -9.33693e-01 | 84  0.02473 -9.19064e-01
 85  0.02255 -6.56240e-01 | 86  0.01992 -4.13422e-01 | 87  0.01657 -3.13203e-01
 88  0.01316 -2.96394e-01 | 89  0.01034 -2.76569e-01 | 90  0.00826 -2.30712e-01
 91  0.00668 -1.78000e-01 | 92  0.00528 -1.38172e-01 | 93  0.00404 -1.08319e-01
 94  0.00344 -6.88781e-02 | 95  0.00342 -7.51477e-03 | 96  0.00278  7.10957e-02
 97  0.00368  1.59431e-01 | 98  0.00609  2.55192e-01 | 99  0.01037  3.20532e-01
100  0.01099  3.85394e-01 |101  0.01012  4.92245e-01 |102  0.00837  5.61983e-01
103 -0.00037  6.03316e-01 |104 -0.00070  9.68538e-01 |105  0.01497  1.29627e+00
106  0.01331  1.24412e+00 |107 -0.00892  4.33198e-01 |108  0.01371  6.43590e-01
109  0.08916  7.30979e-01 |110  0.03452  6.34456e-01 |111 -0.01388  4.77884e-01
112 -0.00072  8.07199e-01 |113  0.01474  1.99248e+00 |114  0.02993  3.20659e+00
115 -0.00723  1.55430e+00 |116 -0.06618  1.63766e+00 |117 -0.08666  1.22695e+00
118 -0.08182  7.49886e-01 |119 -0.03110  9.56497e-01 |120  0.07377  6.63005e-01
121  0.01966 -5.10952e-01 |122  0.01069 -1.84154e-01 |123 -0.02890  4.63579e-01
124 -0.06654  1.97666e-01 |125 -0.00556  3.50020e-02 |126  0.00716 -5.21087e-01
127 -0.02570 -4.99277e-01 |128  0.03056 -8.63175e-01 |129  0.07687 -8.28358e-01
130  0.01283 -2.74305e-01 |131  0.08532 -6.17416e-01 |132  0.00757 -1.85905e-01
133  0.13541 -1.75518e-01 |134 -0.00412  2.61369e-02 |135 -0.04482  3.27124e-01
136 -0.05545  2.11148e-01 |137 -0.02109  1.50298e-01 |138  0.09506  1.46484e-01
139  0.03237  5.29629e-02 |140  0.01735  7.88548e-02 |141 -0.02792 -3.20040e-02
142 -0.01758 -1.98434e-02 |143 -0.00584  2.10526e-03 |144 -0.00040 -1.50426e-05
145  0.26744  1.06657e+00 |146  0.18034  2.32822e+00 |

Intermediate statistics: 146 variables; iteration 20; function evaluation 24; phase 2
Function value 7.0014695e+03; maximum gradient component mag 5.1438e+01
Var    Value     Gradient |Var    Value     Gradient |Var    Value     Gradient
  1 -0.42238  5.14384e+01 |  2  0.37209  3.06049e+01 |  3 -0.12770 -2.00791e+01
  4 -0.01391 -1.26036e+01 |  5 -0.72374  9.69133e+00 |  6 -0.60271  1.45904e+01
  7  0.37455  1.09638e+01 |  8 -0.18751  1.66162e+01 |  9  0.03757  2.52108e+00
 10 -0.62501  5.42722e+00 | 11 -0.62135 -1.26269e+01 | 12 -0.08705 -1.48259e+01
 13 -0.00925 -1.70602e-01 | 14 -0.00945 -1.75097e-01 | 15 -0.00965 -1.79692e-01
 16 -0.00984 -1.84386e-01 | 17 -0.01003 -1.89183e-01 | 18 -0.01021 -1.94080e-01
 19 -0.01039 -1.99075e-01 | 20 -0.01056 -2.04167e-01 | 21 -0.01072 -2.09359e-01
 22 -0.01087 -2.14649e-01 | 23 -0.01101 -2.20042e-01 | 24 -0.01113 -2.25540e-01
 25 -0.01125 -2.31145e-01 | 26 -0.01135 -2.36860e-01 | 27 -0.01143 -2.42680e-01
 28 -0.01149 -2.48600e-01 | 29 -0.01154 -2.54617e-01 | 30 -0.01156 -2.60735e-01
 31 -0.01156 -2.66965e-01 | 32 -0.01154 -2.73322e-01 | 33 -0.01149 -2.79818e-01
 34 -0.01141 -2.86461e-01 | 35 -0.01131 -2.93254e-01 | 36 -0.01117 -3.00188e-01
 37 -0.01100 -3.07247e-01 | 38 -0.01079 -3.14412e-01 | 39 -0.01055 -3.21659e-01
 40 -0.01027 -3.28943e-01 | 41 -0.00996 -3.36287e-01 | 42 -0.00961 -3.43658e-01
 43 -0.00923 -3.51029e-01 | 44 -0.00883 -3.58365e-01 | 45 -0.00840 -3.65619e-01
 46 -0.00795 -3.72736e-01 | 47 -0.00749 -3.79677e-01 | 48 -0.00704 -3.86408e-01
 49 -0.00659 -3.92923e-01 | 50 -0.00616 -3.99237e-01 | 51 -0.00575 -4.05379e-01
 52 -0.00538 -4.11384e-01 | 53 -0.00505 -4.17348e-01 | 54 -0.00475 -4.23383e-01
 55 -0.00450 -4.29626e-01 | 56 -0.00427 -4.36273e-01 | 57 -0.00406 -4.43559e-01
 58 -0.00384 -4.51698e-01 | 59 -0.00360 -4.61002e-01 | 60 -0.00331 -4.71783e-01
 61 -0.00294 -4.84432e-01 | 62 -0.00246 -4.99258e-01 | 63 -0.00184 -5.16542e-01
 64 -0.00104 -5.36381e-01 | 65 -0.00005 -5.58278e-01 | 66  0.00118 -5.81608e-01
 67  0.00269 -6.04353e-01 | 68  0.00450 -6.23889e-01 | 69  0.00665 -6.37950e-01
 70  0.00916 -6.46308e-01 | 71  0.01201 -6.53688e-01 | 72  0.01511 -6.71185e-01
 73  0.01835 -7.13026e-01 | 74  0.02158 -7.85927e-01 | 75  0.02470 -8.77613e-01
 76  0.02768 -9.57535e-01 | 77  0.03045 -9.95950e-01 | 78  0.03281 -9.90591e-01
 79  0.03438 -9.73408e-01 | 80  0.03486 -9.73321e-01 | 81  0.03418 -9.95121e-01
 82  0.03239 -1.04213e+00 | 83  0.02976 -1.08825e+00 | 84  0.02671 -1.08538e+00
 85  0.02344 -1.02683e+00 | 86  0.01996 -9.51995e-01 | 87  0.01640 -8.97131e-01
 88  0.01310 -8.60762e-01 | 89  0.01038 -8.23638e-01 | 90  0.00833 -7.78872e-01
 91  0.00674 -7.34252e-01 | 92  0.00532 -6.99269e-01 | 93  0.00406 -6.73067e-01
 94  0.00345 -6.38148e-01 | 95  0.00341 -5.86415e-01 | 96  0.00250 -5.46123e-01
 97  0.00344 -4.54502e-01 | 98  0.00588 -3.37747e-01 | 99  0.01047 -1.93650e-01
100  0.01086 -9.48345e-02 |101  0.00988  7.62699e-02 |102  0.00820  2.61142e-01
103 -0.00092  3.95905e-01 |104 -0.00157  8.50216e-01 |105  0.01438  1.43420e+00
106  0.01250  1.56765e+00 |107 -0.00972  1.16915e+00 |108  0.01239  1.89509e+00
109  0.09199  4.96521e+00 |110  0.03152  3.31510e+00 |111 -0.01334  3.26641e+00
112  0.00098  4.46854e+00 |113  0.01599  6.36676e+00 |114  0.02976  7.93864e+00
115 -0.00559  5.26830e+00 |116 -0.06650  3.24124e+00 |117 -0.08665  2.04081e+00
118 -0.08042  1.27548e+00 |119 -0.02895  6.37924e-01 |120  0.07024 -1.62611e+00
121  0.01726 -2.26656e+00 |122  0.01062 -1.36810e+00 |123 -0.02897 -5.82000e-01
124 -0.06576 -2.79885e-02 |125 -0.00536 -8.39184e-01 |126  0.00610 -1.39995e+00
127 -0.02530 -8.44549e-01 |128  0.03511 -5.86635e-01 |129  0.06959 -2.56448e+00
130  0.02071  4.75687e-01 |131  0.07836 -2.10016e+00 |132  0.00637 -6.61674e-01
133  0.13226 -9.93700e-01 |134 -0.00283  3.33635e-01 |135 -0.04396  6.52965e-01
136 -0.05420  3.11300e-01 |137 -0.02124  1.15474e-01 |138  0.09209  8.96491e-02
139  0.03366  1.28461e-01 |140  0.01724  2.11919e-01 |141 -0.02584  1.98716e-01
142 -0.01753 -1.23153e-01 |143 -0.00301  6.96340e-01 |144 -0.00038  2.66119e-03
145  0.26840 -6.73693e+00 |146  0.18252  7.50230e-01 |

 - final statistics:
146 variables; iteration 33; function evaluation 42
Function value 7.0012e+03; maximum gradient component mag 6.8576e+00
Exit code = 1;  converg criter 1.0000e+01
Var    Value     Gradient |Var    Value     Gradient |Var    Value     Gradient
  1 -0.42399  5.84631e+00 |  2  0.37004  6.85755e+00 |  3 -0.12811 -1.67016e+00
  4 -0.01055 -5.92239e-01 |  5 -0.73863  2.16269e+00 |  6 -0.60227  2.38842e+00
  7  0.37163 -3.21251e+00 |  8 -0.18901  1.44496e+00 |  9  0.04315 -1.25321e+00
 10 -0.64040  6.33398e-01 | 11 -0.61991 -9.68701e-01 | 12 -0.08215 -7.15695e-01
 13 -0.00935 -5.76059e-02 | 14 -0.00955 -5.92291e-02 | 15 -0.00975 -6.08812e-02
 16 -0.00995 -6.25609e-02 | 17 -0.01014 -6.42671e-02 | 18 -0.01032 -6.59976e-02
 19 -0.01050 -6.77506e-02 | 20 -0.01067 -6.95247e-02 | 21 -0.01084 -7.13181e-02
 22 -0.01099 -7.31294e-02 | 23 -0.01113 -7.49576e-02 | 24 -0.01126 -7.68017e-02
 25 -0.01137 -7.86600e-02 | 26 -0.01147 -8.05287e-02 | 27 -0.01156 -8.24010e-02
 28 -0.01162 -8.42700e-02 | 29 -0.01166 -8.61325e-02 | 30 -0.01169 -8.79887e-02
 31 -0.01169 -8.98389e-02 | 32 -0.01166 -9.16827e-02 | 33 -0.01162 -9.35191e-02
 34 -0.01154 -9.53444e-02 | 35 -0.01143 -9.71516e-02 | 36 -0.01129 -9.89301e-02
 37 -0.01112 -1.00666e-01 | 38 -0.01091 -1.02347e-01 | 39 -0.01067 -1.03961e-01
 40 -0.01038 -1.05497e-01 | 41 -0.01007 -1.06966e-01 | 42 -0.00971 -1.08372e-01
 43 -0.00933 -1.09725e-01 | 44 -0.00892 -1.11045e-01 | 45 -0.00849 -1.12362e-01
 46 -0.00804 -1.13716e-01 | 47 -0.00758 -1.15170e-01 | 48 -0.00713 -1.16789e-01
 49 -0.00668 -1.18633e-01 | 50 -0.00625 -1.20721e-01 | 51 -0.00585 -1.23021e-01
 52 -0.00549 -1.25459e-01 | 53 -0.00517 -1.27977e-01 | 54 -0.00489 -1.30558e-01
 55 -0.00464 -1.33211e-01 | 56 -0.00442 -1.35952e-01 | 57 -0.00422 -1.38783e-01
 58 -0.00401 -1.41689e-01 | 59 -0.00377 -1.44669e-01 | 60 -0.00348 -1.47694e-01
 61 -0.00311 -1.50730e-01 | 62 -0.00262 -1.53704e-01 | 63 -0.00200 -1.56574e-01
 64 -0.00119 -1.59411e-01 | 65 -0.00018 -1.62509e-01 | 66  0.00105 -1.66783e-01
 67  0.00254 -1.73443e-01 | 68  0.00429 -1.83334e-01 | 69  0.00634 -1.94404e-01
 70  0.00873 -1.97496e-01 | 71  0.01154 -1.75517e-01 | 72  0.01481 -1.17977e-01
 73  0.01833 -5.61926e-02 | 74  0.02163 -7.13614e-02 | 75  0.02440 -1.86417e-01
 76  0.02727 -2.34290e-01 | 77  0.03094 -5.24256e-02 | 78  0.03393  1.17323e-01
 79  0.03377 -1.30030e-01 | 80  0.03226 -4.44115e-01 | 81  0.03308 -1.63360e-01
 82  0.03330  1.79518e-01 | 83  0.03027  7.85922e-02 | 84  0.02641 -6.40755e-02
 85  0.02334  3.81006e-02 | 86  0.02020  1.78907e-01 | 87  0.01650  1.98099e-01
 88  0.01296  1.67745e-01 | 89  0.01010  1.50561e-01 | 90  0.00794  1.47659e-01
 91  0.00630  1.54479e-01 | 92  0.00493  1.70726e-01 | 93  0.00377  1.88906e-01
 94  0.00321  1.91122e-01 | 95  0.00316  1.77927e-01 | 96  0.00226  1.68593e-01
 97  0.00305  1.20259e-01 | 98  0.00533  7.24246e-02 | 99  0.00946 -4.67510e-02
100  0.01008 -3.49290e-02 |101  0.00896 -8.89320e-02 |102  0.00732 -1.08179e-01
103 -0.00167 -1.09005e-01 |104 -0.00268 -3.63084e-02 |105  0.01342  1.43867e-01
106  0.01240  3.32231e-01 |107 -0.00963  1.36647e-01 |108  0.01498  7.95576e-01
109  0.09105  3.27908e-01 |110  0.03299  8.40532e-01 |111 -0.01324  4.15666e-01
112  0.00120  1.54466e-01 |113  0.01496  4.54782e-01 |114  0.02797  1.19687e+00
115 -0.00498  8.54926e-01 |116 -0.06753  5.40563e-01 |117 -0.08710  3.57496e-01
118 -0.07903  3.72742e-01 |119 -0.02453  7.09912e-01 |120  0.06944 -3.52721e-01
121  0.01829 -4.89336e-01 |122  0.01260 -2.68903e-01 |123 -0.02683  1.14284e-01
124 -0.06381  2.18782e-01 |125 -0.00325  1.31929e-01 |126  0.00880  3.51832e-01
127 -0.02494 -6.66059e-01 |128  0.03793  5.63159e-01 |129  0.07088 -4.98183e-01
130  0.02275  3.09037e-01 |131  0.07814  2.50656e-02 |132  0.00521 -1.51721e-01
133  0.13177 -1.53642e-01 |134 -0.00255 -4.15358e-01 |135 -0.04305  1.78359e-01
136 -0.05332  7.74990e-02 |137 -0.02169 -1.15786e-01 |138  0.08954  3.08529e-01
139  0.03449 -1.76465e-01 |140  0.01702  3.42202e-02 |141 -0.02562 -2.84277e-01
142 -0.01741  1.42932e-01 |143 -0.00230  2.76267e-01 |144 -0.00040 -2.72503e-03
145  0.26283 -9.65873e-01 |146  0.17662 -1.81189e-01 |

Initial statistics: 176 variables; iteration 0; function evaluation 0; phase 3
Function value 7.0011841e+03; maximum gradient component mag 3.3988e+01
Var    Value     Gradient |Var    Value     Gradient |Var    Value     Gradient
  1 -0.42399  5.84631e+00 |  2  0.37004  6.85755e+00 |  3 -0.12811 -1.67016e+00
  4 -0.01055 -5.92239e-01 |  5 -0.73863  2.16269e+00 |  6 -0.60227  2.38842e+00
  7  0.37163 -3.21251e+00 |  8 -0.18901  1.44496e+00 |  9  0.04315 -1.25321e+00
 10 -0.64040  6.33398e-01 | 11 -0.61991 -9.68701e-01 | 12 -0.08215 -7.15695e-01
 13 -0.00935 -5.76059e-02 | 14 -0.00955 -5.92291e-02 | 15 -0.00975 -6.08812e-02
 16 -0.00995 -6.25609e-02 | 17 -0.01014 -6.42671e-02 | 18 -0.01032 -6.59976e-02
 19 -0.01050 -6.77506e-02 | 20 -0.01067 -6.95247e-02 | 21 -0.01084 -7.13181e-02
 22 -0.01099 -7.31294e-02 | 23 -0.01113 -7.49576e-02 | 24 -0.01126 -7.68017e-02
 25 -0.01137 -7.86600e-02 | 26 -0.01147 -8.05287e-02 | 27 -0.01156 -8.24010e-02
 28 -0.01162 -8.42700e-02 | 29 -0.01166 -8.61325e-02 | 30 -0.01169 -8.79887e-02
 31 -0.01169 -8.98389e-02 | 32 -0.01166 -9.16827e-02 | 33 -0.01162 -9.35191e-02
 34 -0.01154 -9.53444e-02 | 35 -0.01143 -9.71516e-02 | 36 -0.01129 -9.89301e-02
 37 -0.01112 -1.00666e-01 | 38 -0.01091 -1.02347e-01 | 39 -0.01067 -1.03961e-01
 40 -0.01038 -1.05497e-01 | 41 -0.01007 -1.06966e-01 | 42 -0.00971 -1.08372e-01
 43 -0.00933 -1.09725e-01 | 44 -0.00892 -1.11045e-01 | 45 -0.00849 -1.12362e-01
 46 -0.00804 -1.13716e-01 | 47 -0.00758 -1.15170e-01 | 48 -0.00713 -1.16789e-01
 49 -0.00668 -1.18633e-01 | 50 -0.00625 -1.20721e-01 | 51 -0.00585 -1.23021e-01
 52 -0.00549 -1.25459e-01 | 53 -0.00517 -1.27977e-01 | 54 -0.00489 -1.30558e-01
 55 -0.00464 -1.33211e-01 | 56 -0.00442 -1.35952e-01 | 57 -0.00422 -1.38783e-01
 58 -0.00401 -1.41689e-01 | 59 -0.00377 -1.44669e-01 | 60 -0.00348 -1.47694e-01
 61 -0.00311 -1.50730e-01 | 62 -0.00262 -1.53704e-01 | 63 -0.00200 -1.56574e-01
 64 -0.00119 -1.59411e-01 | 65 -0.00018 -1.62509e-01 | 66  0.00105 -1.66783e-01
 67  0.00254 -1.73443e-01 | 68  0.00429 -1.83334e-01 | 69  0.00634 -1.94404e-01
 70  0.00873 -1.97496e-01 | 71  0.01154 -1.75517e-01 | 72  0.01481 -1.17977e-01
 73  0.01833 -5.61926e-02 | 74  0.02163 -7.13614e-02 | 75  0.02440 -1.86417e-01
 76  0.02727 -2.34290e-01 | 77  0.03094 -5.24256e-02 | 78  0.03393  1.17323e-01
 79  0.03377 -1.30030e-01 | 80  0.03226 -4.44115e-01 | 81  0.03308 -1.63360e-01
 82  0.03330  1.79518e-01 | 83  0.03027  7.85922e-02 | 84  0.02641 -6.40755e-02
 85  0.02334  3.81006e-02 | 86  0.02020  1.78907e-01 | 87  0.01650  1.98099e-01
 88  0.01296  1.67745e-01 | 89  0.01010  1.50561e-01 | 90  0.00794  1.47659e-01
 91  0.00630  1.54479e-01 | 92  0.00493  1.70726e-01 | 93  0.00377  1.88906e-01
 94  0.00321  1.91122e-01 | 95  0.00316  1.77927e-01 | 96  0.00226  1.68593e-01
 97  0.00305  1.20259e-01 | 98  0.00533  7.24246e-02 | 99  0.00946 -4.67510e-02
100  0.01008 -3.49290e-02 |101  0.00896 -8.89320e-02 |102  0.00732 -1.08179e-01
103 -0.00167 -1.09005e-01 |104 -0.00268 -3.63084e-02 |105  0.01342  1.43867e-01
106  0.01240  3.32231e-01 |107 -0.00963  1.36647e-01 |108  0.01498  7.95576e-01
109  0.09105  3.27908e-01 |110  0.03299  8.40532e-01 |111 -0.01324  4.15666e-01
112  0.00120  1.54466e-01 |113  0.01496  4.54782e-01 |114  0.02797  1.19687e+00
115 -0.00498  8.54926e-01 |116 -0.06753  5.40563e-01 |117 -0.08710  3.57496e-01
118 -0.07903  3.72742e-01 |119 -0.02453  7.09912e-01 |120  0.06944 -3.52721e-01
121  0.01829 -4.89336e-01 |122  0.01260 -2.68903e-01 |123 -0.02683  1.14284e-01
124 -0.06381  2.18782e-01 |125 -0.00325  1.31929e-01 |126  0.00880  3.51832e-01
127 -0.02494 -6.66059e-01 |128  0.03793  5.63159e-01 |129  0.07088 -4.98183e-01
130  0.02275  3.09037e-01 |131  0.07814  2.50656e-02 |132  0.00521 -1.51721e-01
133  0.13177 -1.53642e-01 |134 -0.00255 -4.15358e-01 |135 -0.04305  1.78359e-01
136 -0.05332  7.74990e-02 |137 -0.02169 -1.15786e-01 |138  0.08954  3.08529e-01
139  0.03449 -1.76465e-01 |140  0.01702  3.42202e-02 |141 -0.02562 -2.84277e-01
142 -0.01741  1.42932e-01 |143 -0.00230  2.76267e-01 |144 -0.00040 -2.72503e-03
145  0.26283 -9.65873e-01 |146  0.17662 -1.81189e-01 |147  0.04655 -4.78007e+00
148  0.29672  4.36460e+00 |149 -0.47550  7.97038e-02 |150  0.31378 -1.95647e-01
151  0.18240 -8.58856e+00 |152  0.25985  1.13618e+01 |153  0.17452 -3.93206e-01
154  0.25418  6.33546e-02 |155  0.10334 -2.02931e+00 |156  0.29675  3.08129e+00
157  0.16884  7.72234e-01 |158  0.24621 -1.86036e+00 |159 -0.35199  8.86698e-01
160  0.24280 -1.35552e+00 |161  0.20262  3.87814e+00 |162  0.31674 -8.98424e+00
163 -0.38070 -6.77674e-01 |164  0.23598  1.09513e+00 |165  0.05108  3.41391e+00
166  0.11964  9.21654e+00 |167  0.32137 -4.34427e+00 |168  0.27251 -1.04253e+01
169  0.01338  2.13805e+00 |170  0.39320  1.42778e-01 |171  0.09929  3.39885e+01
172  0.16363 -2.21980e+00 |173  0.21869 -2.62568e+01 |174  0.25726  5.47183e+00
175 -0.55411  3.37097e-01 |176  0.17113  1.44991e-01 |

Intermediate statistics: 176 variables; iteration 20; function evaluation 23; phase 3
Function value 7.0011293e+03; maximum gradient component mag 2.7421e+01
Var    Value     Gradient |Var    Value     Gradient |Var    Value     Gradient
  1 -0.42428 -7.01642e+00 |  2  0.36936  1.86766e+01 |  3 -0.12812  2.65690e+01
  4 -0.00920  2.06263e+01 |  5 -0.74300  5.21456e-01 |  6 -0.60209  6.22468e-01
  7  0.37121 -1.01620e+01 |  8 -0.18935 -6.71884e+00 |  9  0.04393 -6.91466e+00
 10 -0.64226 -4.22252e-01 | 11 -0.61996 -7.91657e+00 | 12 -0.08337  9.37814e+00
 13 -0.00928  3.03096e-02 | 14 -0.00948  3.11219e-02 | 15 -0.00967  3.19539e-02
 16 -0.00987  3.28058e-02 | 17 -0.01005  3.36793e-02 | 18 -0.01024  3.45736e-02
 19 -0.01041  3.54889e-02 | 20 -0.01058  3.64257e-02 | 21 -0.01074  3.73849e-02
 22 -0.01089  3.83675e-02 | 23 -0.01103  3.93751e-02 | 24 -0.01116  4.04094e-02
 25 -0.01127  4.14721e-02 | 26 -0.01137  4.25640e-02 | 27 -0.01145  4.36848e-02
 28 -0.01152  4.48336e-02 | 29 -0.01156  4.60101e-02 | 30 -0.01158  4.72156e-02
 31 -0.01158  4.84550e-02 | 32 -0.01156  4.97335e-02 | 33 -0.01151  5.10571e-02
 34 -0.01143  5.24311e-02 | 35 -0.01132  5.38588e-02 | 36 -0.01119  5.53415e-02
 37 -0.01101  5.68780e-02 | 38 -0.01081  5.84667e-02 | 39 -0.01056  6.01058e-02
 40 -0.01028  6.17890e-02 | 41 -0.00997  6.35298e-02 | 42 -0.00962  6.53290e-02
 43 -0.00924  6.71913e-02 | 44 -0.00883  6.91214e-02 | 45 -0.00840  7.11199e-02
 46 -0.00796  7.31863e-02 | 47 -0.00751  7.53232e-02 | 48 -0.00706  7.75334e-02
 49 -0.00661  7.98240e-02 | 50 -0.00619  8.22036e-02 | 51 -0.00579  8.46744e-02
 52 -0.00543  8.72268e-02 | 53 -0.00511  8.98515e-02 | 54 -0.00483  9.25395e-02
 55 -0.00458  9.52936e-02 | 56 -0.00436  9.81403e-02 | 57 -0.00415  1.01117e-01
 58 -0.00394  1.04249e-01 | 59 -0.00370  1.07579e-01 | 60 -0.00341  1.11146e-01
 61 -0.00303  1.15003e-01 | 62 -0.00254  1.19191e-01 | 63 -0.00190  1.23767e-01
 64 -0.00109  1.28793e-01 | 65 -0.00007  1.34268e-01 | 66  0.00118  1.40257e-01
 67  0.00269  1.46630e-01 | 68  0.00449  1.53287e-01 | 69  0.00658  1.60487e-01
 70  0.00900  1.69470e-01 | 71  0.01174  1.83013e-01 | 72  0.01479  2.03669e-01
 73  0.01809  2.27500e-01 | 74  0.02146  2.39470e-01 | 75  0.02472  2.31196e-01
 76  0.02784  2.34135e-01 | 77  0.03080  2.88472e-01 | 78  0.03313  3.43080e-01
 79  0.03406  2.93674e-01 | 80  0.03394  2.24323e-01 | 81  0.03366  3.01271e-01
 82  0.03253  3.89350e-01 | 83  0.03000  3.67093e-01 | 84  0.02680  3.37608e-01
 85  0.02340  3.60777e-01 | 86  0.01977  3.88079e-01 | 87  0.01608  3.91848e-01
 88  0.01272  3.89390e-01 | 89  0.00998  3.91976e-01 | 90  0.00789  3.99236e-01
 91  0.00628  4.09905e-01 | 92  0.00488  4.23032e-01 | 93  0.00368  4.37377e-01
 94  0.00314  4.50763e-01 | 95  0.00314  4.61572e-01 | 96  0.00224  4.68283e-01
 97  0.00319  4.69387e-01 | 98  0.00562  4.67614e-01 | 99  0.01019  4.43822e-01
100  0.01069  4.17262e-01 |101  0.00969  3.56422e-01 |102  0.00806  2.69031e-01
103 -0.00106  1.60895e-01 |104 -0.00236  5.63605e-02 |105  0.01327 -9.30250e-02
106  0.01161 -2.45315e-01 |107 -0.00978 -3.02926e-01 |108  0.01275 -4.51470e-01
109  0.09176 -1.33904e+00 |110  0.03063 -8.94973e-01 |111 -0.01419 -7.41705e-01
112  0.00119 -8.74487e-01 |113  0.01434 -9.29932e-01 |114  0.02587 -8.64740e-01
115 -0.00581 -6.30514e-01 |116 -0.06849 -2.82192e-01 |117 -0.08777 -1.74413e-01
118 -0.07948 -1.58652e-01 |119 -0.02544 -1.97964e-01 |120  0.06884 -6.88651e-01
121  0.01820 -4.56432e-01 |122  0.01273 -3.20919e-01 |123 -0.02701 -1.88240e-01
124 -0.06394  3.28099e-02 |125 -0.00275  8.09470e-02 |126  0.00798  1.83355e-01
127 -0.02215  4.38814e-02 |128  0.03646  9.29227e-02 |129  0.07245  5.25275e-02
130  0.02241 -8.92995e-02 |131  0.07778  1.39615e-02 |132  0.00533  1.57734e-02
133  0.13169 -7.90854e-02 |134 -0.00147 -5.05849e-02 |135 -0.04304  2.80537e-02
136 -0.05338 -1.93804e-02 |137 -0.02124  3.07850e-02 |138  0.08798  3.13388e-02
139  0.03547 -1.00622e-01 |140  0.01699  3.89991e-02 |141 -0.02440 -8.86683e-03
142 -0.01809 -2.12388e-02 |143 -0.00285  1.78883e-02 |144 -0.00038 -1.39978e-04
145  0.26547  1.75020e+00 |146  0.17887  2.41075e+00 |147  0.04744  3.28239e+00
148  0.29672 -3.14534e+00 |149 -0.47543 -7.93676e-03 |150  0.31461 -1.04051e-01
151  0.18499 -1.51878e+00 |152  0.26051  2.30148e+00 |153  0.17471  3.14972e-01
154  0.25428 -9.89730e-02 |155  0.10517  4.49659e-01 |156  0.29714 -6.95423e-01
157  0.16918  1.11304e+00 |158  0.24650 -1.50287e+00 |159 -0.35270  1.20086e-01
160  0.24281  7.82947e-02 |161  0.19986  2.12940e-01 |162  0.31780 -8.62174e-02
163 -0.37933 -5.41517e-02 |164  0.23616 -1.71525e-01 |165  0.04996 -1.39970e-01
166  0.11864  1.89341e+00 |167  0.32242  6.72357e-01 |168  0.27306 -1.32395e+00
169  0.01189  6.17088e-01 |170  0.39185 -2.09047e-01 |171  0.09907  2.74207e+01
172  0.16356  5.17762e+00 |173  0.21890 -1.94556e+01 |174  0.25695 -6.21226e+00
175 -0.55598  7.84251e-01 |176  0.17049  1.53608e-01 |
176 variables; iteration 40; function evaluation 44; phase 3
Function value 7.0011215e+03; maximum gradient component mag 2.3875e+01
Var    Value     Gradient |Var    Value     Gradient |Var    Value     Gradient
  1 -0.42421 -4.83789e+00 |  2  0.36949  1.63962e+01 |  3 -0.12807  2.33397e+01
  4 -0.00953  1.71818e+01 |  5 -0.74320  3.25133e-01 |  6 -0.60204 -5.39271e-01
  7  0.37118 -8.89389e+00 |  8 -0.18944 -5.81989e+00 |  9  0.04406 -5.26049e+00
 10 -0.64216 -1.20382e-01 | 11 -0.61993 -6.55379e+00 | 12 -0.08713  6.63657e+00
 13 -0.00924  2.10254e-02 | 14 -0.00943  2.15772e-02 | 15 -0.00963  2.21428e-02
 16 -0.00982  2.27229e-02 | 17 -0.01001  2.33182e-02 | 18 -0.01019  2.39290e-02
 19 -0.01037  2.45558e-02 | 20 -0.01053  2.51992e-02 | 21 -0.01069  2.58601e-02
 22 -0.01084  2.65395e-02 | 23 -0.01098  2.72388e-02 | 24 -0.01110  2.79592e-02
 25 -0.01122  2.87022e-02 | 26 -0.01131  2.94690e-02 | 27 -0.01139  3.02607e-02
 28 -0.01146  3.10777e-02 | 29 -0.01150  3.19208e-02 | 30 -0.01152  3.27913e-02
 31 -0.01152  3.36922e-02 | 32 -0.01149  3.46277e-02 | 33 -0.01144  3.56019e-02
 34 -0.01136  3.66192e-02 | 35 -0.01126  3.76828e-02 | 36 -0.01112  3.87945e-02
 37 -0.01094  3.99543e-02 | 38 -0.01073  4.11616e-02 | 39 -0.01049  4.24151e-02
 40 -0.01021  4.37109e-02 | 41 -0.00989  4.50549e-02 | 42 -0.00954  4.64472e-02
 43 -0.00916  4.78901e-02 | 44 -0.00875  4.93850e-02 | 45 -0.00832  5.09311e-02
 46 -0.00788  5.25259e-02 | 47 -0.00743  5.41686e-02 | 48 -0.00697  5.58581e-02
 49 -0.00653  5.75955e-02 | 50 -0.00610  5.93820e-02 | 51 -0.00571  6.12138e-02
 52 -0.00534  6.30776e-02 | 53 -0.00502  6.49603e-02 | 54 -0.00474  6.68514e-02
 55 -0.00449  6.87518e-02 | 56 -0.00427  7.06803e-02 | 57 -0.00407  7.26626e-02
 58 -0.00386  7.47163e-02 | 59 -0.00361  7.68700e-02 | 60 -0.00332  7.91501e-02
 61 -0.00294  8.15956e-02 | 62 -0.00245  8.42396e-02 | 63 -0.00181  8.71293e-02
 64 -0.00100  9.03168e-02 | 65  0.00002  9.38116e-02 | 66  0.00127  9.76686e-02
 67  0.00279  1.01805e-01 | 68  0.00459  1.06144e-01 | 69  0.00669  1.10872e-01
 70  0.00911  1.17014e-01 | 71  0.01186  1.27294e-01 | 72  0.01493  1.45260e-01
 73  0.01825  1.68589e-01 | 74  0.02165  1.79277e-01 | 75  0.02489  1.60225e-01
 76  0.02798  1.51900e-01 | 77  0.03109  2.27408e-01 | 78  0.03363  3.11933e-01
 79  0.03431  2.09480e-01 | 80  0.03382  6.87245e-02 | 81  0.03387  2.00314e-01
 82  0.03308  3.48010e-01 | 83  0.03043  3.00765e-01 | 84  0.02713  2.51427e-01
 85  0.02379  2.84723e-01 | 86  0.02019  3.18514e-01 | 87  0.01650  3.22030e-01
 88  0.01315  3.20791e-01 | 89  0.01043  3.25981e-01 | 90  0.00836  3.35943e-01
 91  0.00677  3.48979e-01 | 92  0.00540  3.63967e-01 | 93  0.00422  3.79638e-01
 94  0.00369  3.94319e-01 | 95  0.00370  4.06427e-01 | 96  0.00277  4.12926e-01
 97  0.00367  4.14752e-01 | 98  0.00601  4.12958e-01 | 99  0.01056  3.96567e-01
100  0.01100  3.76648e-01 |101  0.00993  3.28185e-01 |102  0.00832  2.64203e-01
103 -0.00096  1.74580e-01 |104 -0.00253  9.27742e-02 |105  0.01340  1.14920e-02
106  0.01154 -1.11945e-01 |107 -0.01044 -2.30240e-01 |108  0.01275 -2.93558e-01
109  0.09153 -1.05830e+00 |110  0.02992 -7.14785e-01 |111 -0.01444 -6.00241e-01
112  0.00079 -7.42788e-01 |113  0.01384 -7.77454e-01 |114  0.02531 -7.13453e-01
115 -0.00642 -5.20862e-01 |116 -0.06896 -1.94204e-01 |117 -0.08821 -8.54521e-02
118 -0.07995 -6.10068e-02 |119 -0.02596 -6.80385e-02 |120  0.06815 -3.76276e-01
121  0.01757 -3.05156e-01 |122  0.01207 -2.18909e-01 |123 -0.02769 -1.90507e-01
124 -0.06455 -4.89763e-02 |125 -0.00358 -1.17802e-01 |126  0.00713 -3.71325e-02
127 -0.02292 -1.43889e-01 |128  0.03594 -1.71611e-02 |129  0.07162 -1.13864e-01
130  0.02211 -8.46208e-02 |131  0.07726 -1.43146e-02 |132  0.00500 -8.51052e-03
133  0.13127 -4.39866e-02 |134 -0.00176 -6.28587e-02 |135 -0.04328  1.15629e-02
136 -0.05355 -3.80588e-02 |137 -0.02142  1.00745e-02 |138  0.08783  7.56548e-02
139  0.03507 -1.55254e-01 |140  0.01680  2.58771e-02 |141 -0.02462 -4.71410e-02
142 -0.01813 -2.49150e-02 |143 -0.00281  3.31791e-02 |144 -0.00037  1.50287e-03
145  0.27070  1.28334e+00 |146  0.18478  1.87939e+00 |147  0.04752  2.75789e+00
148  0.29669 -2.74080e+00 |149 -0.47547 -1.58091e-02 |150  0.31423 -1.20083e-01
151  0.18536 -1.29103e+00 |152  0.26056  2.12433e+00 |153  0.17492  5.06197e-01
154  0.25432 -2.09286e-01 |155  0.10534  6.89732e-01 |156  0.29705 -1.48545e+00
157  0.16939  2.44581e+00 |158  0.24635 -3.77982e+00 |159 -0.35292 -1.54965e-01
160  0.24286  5.89422e-01 |161  0.20007  2.93293e-01 |162  0.31782 -3.81401e-01
163 -0.38051 -2.08676e-01 |164  0.23566 -2.41424e-01 |165  0.04991 -5.16823e-01
166  0.11878  1.63610e+00 |167  0.32248  1.19198e+00 |168  0.27316 -6.65537e-01
169  0.01193  3.87688e-01 |170  0.39210  4.51828e-02 |171  0.09915  2.38750e+01
172  0.16360  3.95101e+00 |173  0.21904 -1.58192e+01 |174  0.25694 -5.20107e+00
175 -0.56377  2.65869e-01 |176  0.16687 -1.19194e-02 |

 - final statistics:
176 variables; iteration 58; function evaluation 67
Function value 7.0011e+03; maximum gradient component mag 8.9771e-01
Exit code = 1;  converg criter 1.0000e+00
Var    Value     Gradient |Var    Value     Gradient |Var    Value     Gradient
  1 -0.42405 -1.01886e-01 |  2  0.36940  7.42509e-01 |  3 -0.12843  8.97711e-01
  4 -0.00945  7.09350e-01 |  5 -0.74362 -8.10824e-02 |  6 -0.60202 -1.06160e-02
  7  0.37127 -2.85790e-01 |  8 -0.18939 -1.68287e-01 |  9  0.04409 -1.77331e-01
 10 -0.64250  8.10935e-03 | 11 -0.61978 -2.12635e-01 | 12 -0.08735  1.10207e-01
 13 -0.00922  1.24794e-03 | 14 -0.00942  1.31271e-03 | 15 -0.00961  1.38026e-03
 16 -0.00981  1.45081e-03 | 17 -0.00999  1.52463e-03 | 18 -0.01017  1.60211e-03
 19 -0.01035  1.68370e-03 | 20 -0.01052  1.76991e-03 | 21 -0.01067  1.86123e-03
 22 -0.01082  1.95822e-03 | 23 -0.01096  2.06143e-03 | 24 -0.01108  2.17139e-03
 25 -0.01120  2.28860e-03 | 26 -0.01129  2.41368e-03 | 27 -0.01137  2.54751e-03
 28 -0.01143  2.69132e-03 | 29 -0.01148  2.84636e-03 | 30 -0.01150  3.01343e-03
 31 -0.01149  3.19297e-03 | 32 -0.01147  3.38528e-03 | 33 -0.01142  3.59071e-03
 34 -0.01134  3.80952e-03 | 35 -0.01123  4.04187e-03 | 36 -0.01109  4.28756e-03
 37 -0.01092  4.54578e-03 | 38 -0.01071  4.81492e-03 | 39 -0.01046  5.09248e-03
 40 -0.01018  5.37500e-03 | 41 -0.00986  5.65991e-03 | 42 -0.00951  5.94432e-03
 43 -0.00913  6.22637e-03 | 44 -0.00872  6.50581e-03 | 45 -0.00829  6.78420e-03
 46 -0.00785  7.06560e-03 | 47 -0.00740  7.35710e-03 | 48 -0.00694  7.66715e-03
 49 -0.00650  8.00274e-03 | 50 -0.00607  8.36457e-03 | 51 -0.00568  8.74363e-03
 52 -0.00531  9.12255e-03 | 53 -0.00499  9.48331e-03 | 54 -0.00471  9.81286e-03
 55 -0.00446  1.01038e-02 | 56 -0.00424  1.03507e-02 | 57 -0.00404  1.05470e-02
 58 -0.00383  1.06841e-02 | 59 -0.00359  1.07552e-02 | 60 -0.00329  1.07521e-02
 61 -0.00291  1.06679e-02 | 62 -0.00242  1.04977e-02 | 63 -0.00179  1.02515e-02
 64 -0.00098  9.97110e-03 | 65  0.00004  9.74961e-03 | 66  0.00130  9.74709e-03
 67  0.00282  1.00848e-02 | 68  0.00462  1.06315e-02 | 69  0.00673  1.07861e-02
 70  0.00915  9.90005e-03 | 71  0.01189  8.83651e-03 | 72  0.01492  1.03269e-02
 73  0.01819  1.37644e-02 | 74  0.02158  1.21288e-02 | 75  0.02494  5.92459e-03
 76  0.02814  5.19230e-03 | 77  0.03093  6.12481e-03 | 78  0.03307  4.07060e-03
 79  0.03439  5.20587e-03 | 80  0.03476  6.66480e-03 | 81  0.03414  3.81864e-03
 82  0.03259  7.53554e-04 | 83  0.03026  7.81962e-04 | 84  0.02726 -2.77331e-03
 85  0.02379 -2.45851e-03 | 86  0.02010  2.43916e-03 | 87  0.01642  3.89432e-04
 88  0.01311 -3.82647e-03 | 89  0.01040 -5.51450e-03 | 90  0.00834 -5.79527e-03
 91  0.00674 -6.17883e-03 | 92  0.00535 -7.98544e-03 | 93  0.00414 -1.16276e-02
 94  0.00358 -1.49422e-02 | 95  0.00358 -1.71668e-02 | 96  0.00262 -2.13981e-02
 97  0.00354 -1.89745e-02 | 98  0.00592 -1.38761e-02 | 99  0.01054 -7.31954e-03
100  0.01095 -4.17097e-03 |101  0.00991  1.27607e-03 |102  0.00830  6.73932e-03
103 -0.00094  1.30757e-02 |104 -0.00238  4.00648e-02 |105  0.01350  7.16200e-02
106  0.01169  7.23297e-02 |107 -0.01013  3.43356e-02 |108  0.01256  3.41094e-02
109  0.09179 -1.16797e-01 |110  0.02976 -7.41164e-02 |111 -0.01465 -1.11046e-01
112  0.00076 -7.13869e-02 |113  0.01390  4.81630e-03 |114  0.02523  3.40717e-02
115 -0.00656  2.36277e-02 |116 -0.06911  2.45438e-02 |117 -0.08851 -4.56658e-02
118 -0.08026 -5.84649e-02 |119 -0.02602 -1.94796e-02 |120  0.06803 -2.54681e-02
121  0.01767  2.82338e-02 |122  0.01190 -7.06815e-02 |123 -0.02782 -6.56514e-02
124 -0.06451  1.96023e-02 |125 -0.00363 -2.27053e-02 |126  0.00691 -3.94885e-03
127 -0.02254  3.20274e-02 |128  0.03574 -2.17076e-02 |129  0.07168 -3.23852e-02
130  0.02218  1.00699e-02 |131  0.07708 -8.94267e-02 |132  0.00476 -7.52621e-02
133  0.13158  2.69290e-01 |134 -0.00169  6.09181e-02 |135 -0.04321  9.43823e-03
136 -0.05352  1.45173e-03 |137 -0.02141 -1.09968e-02 |138  0.08765  7.98405e-03
139  0.03546  1.70547e-02 |140  0.01684 -9.07380e-03 |141 -0.02439 -1.20109e-02
142 -0.01827 -3.36347e-02 |143 -0.00290 -1.41719e-02 |144 -0.00038  1.51017e-03
145  0.27076  4.96092e-02 |146  0.18435  4.46146e-02 |147  0.04729  6.46656e-02
148  0.29666 -8.12445e-02 |149 -0.47469  1.39374e-02 |150  0.31602  1.89824e-02
151  0.18566 -1.25125e-01 |152  0.26056  6.60932e-02 |153  0.17455 -2.20086e-01
154  0.25408 -1.58651e-01 |155  0.10537  2.00871e-02 |156  0.29712 -4.09875e-02
157  0.16925  6.30999e-02 |158  0.24655 -1.28188e-01 |159 -0.35298 -4.24225e-02
160  0.24272  9.57230e-04 |161  0.19988 -3.07111e-02 |162  0.31786 -3.04516e-02
163 -0.37891 -1.59249e-02 |164  0.23626 -1.70605e-02 |165  0.05004  4.87864e-02
166  0.11846  2.38067e-02 |167  0.32223  8.32369e-02 |168  0.27303 -3.70020e-02
169  0.01182  1.14298e-01 |170  0.39215  1.66931e-01 |171  0.09878  8.25220e-01
172  0.16357  1.00667e-01 |173  0.21919 -5.70701e-01 |174  0.25700 -1.45692e-01
175 -0.56164 -4.14475e-02 |176  0.16808  1.68660e-01 |

Initial statistics: 200 variables; iteration 0; function evaluation 0; phase 4
Function value 7.0011065e+03; maximum gradient component mag 1.0980e+01
Var    Value     Gradient |Var    Value     Gradient |Var    Value     Gradient
  1 -0.42405 -1.01886e-01 |  2  0.36940  7.42509e-01 |  3 -0.12843  8.97711e-01
  4 -0.00945  7.09350e-01 |  5 -0.74362 -8.10824e-02 |  6 -0.60202 -1.06160e-02
  7  0.37127 -2.85790e-01 |  8 -0.18939 -1.68287e-01 |  9  0.04409 -1.77331e-01
 10 -0.64250  8.10935e-03 | 11 -0.61978 -2.12635e-01 | 12 -0.08735  1.10207e-01
 13 -0.00922  1.24794e-03 | 14 -0.00942  1.31271e-03 | 15 -0.00961  1.38026e-03
 16 -0.00981  1.45081e-03 | 17 -0.00999  1.52463e-03 | 18 -0.01017  1.60211e-03
 19 -0.01035  1.68370e-03 | 20 -0.01052  1.76991e-03 | 21 -0.01067  1.86123e-03
 22 -0.01082  1.95822e-03 | 23 -0.01096  2.06143e-03 | 24 -0.01108  2.17139e-03
 25 -0.01120  2.28860e-03 | 26 -0.01129  2.41368e-03 | 27 -0.01137  2.54751e-03
 28 -0.01143  2.69132e-03 | 29 -0.01148  2.84636e-03 | 30 -0.01150  3.01343e-03
 31 -0.01149  3.19297e-03 | 32 -0.01147  3.38528e-03 | 33 -0.01142  3.59071e-03
 34 -0.01134  3.80952e-03 | 35 -0.01123  4.04187e-03 | 36 -0.01109  4.28756e-03
 37 -0.01092  4.54578e-03 | 38 -0.01071  4.81492e-03 | 39 -0.01046  5.09248e-03
 40 -0.01018  5.37500e-03 | 41 -0.00986  5.65991e-03 | 42 -0.00951  5.94432e-03
 43 -0.00913  6.22637e-03 | 44 -0.00872  6.50581e-03 | 45 -0.00829  6.78420e-03
 46 -0.00785  7.06560e-03 | 47 -0.00740  7.35710e-03 | 48 -0.00694  7.66715e-03
 49 -0.00650  8.00274e-03 | 50 -0.00607  8.36457e-03 | 51 -0.00568  8.74363e-03
 52 -0.00531  9.12255e-03 | 53 -0.00499  9.48331e-03 | 54 -0.00471  9.81286e-03
 55 -0.00446  1.01038e-02 | 56 -0.00424  1.03507e-02 | 57 -0.00404  1.05470e-02
 58 -0.00383  1.06841e-02 | 59 -0.00359  1.07552e-02 | 60 -0.00329  1.07521e-02
 61 -0.00291  1.06679e-02 | 62 -0.00242  1.04977e-02 | 63 -0.00179  1.02515e-02
 64 -0.00098  9.97110e-03 | 65  0.00004  9.74961e-03 | 66  0.00130  9.74709e-03
 67  0.00282  1.00848e-02 | 68  0.00462  1.06315e-02 | 69  0.00673  1.07861e-02
 70  0.00915  9.90005e-03 | 71  0.01189  8.83651e-03 | 72  0.01492  1.03269e-02
 73  0.01819  1.37644e-02 | 74  0.02158  1.21288e-02 | 75  0.02494  5.92459e-03
 76  0.02814  5.19230e-03 | 77  0.03093  6.12481e-03 | 78  0.03307  4.07060e-03
 79  0.03439  5.20587e-03 | 80  0.03476  6.66480e-03 | 81  0.03414  3.81864e-03
 82  0.03259  7.53554e-04 | 83  0.03026  7.81962e-04 | 84  0.02726 -2.77331e-03
 85  0.02379 -2.45851e-03 | 86  0.02010  2.43916e-03 | 87  0.01642  3.89432e-04
 88  0.01311 -3.82647e-03 | 89  0.01040 -5.51450e-03 | 90  0.00834 -5.79527e-03
 91  0.00674 -6.17883e-03 | 92  0.00535 -7.98544e-03 | 93  0.00414 -1.16276e-02
 94  0.00358 -1.49422e-02 | 95  0.00358 -1.71668e-02 | 96  0.00262 -2.13981e-02
 97  0.00354 -1.89745e-02 | 98  0.00592 -1.38761e-02 | 99  0.01054 -7.31954e-03
100  0.01095 -4.17097e-03 |101  0.00991  1.27607e-03 |102  0.00830  6.73932e-03
103 -0.00094  1.30757e-02 |104 -0.00238  4.00648e-02 |105  0.01350  7.16200e-02
106  0.01169  7.23297e-02 |107 -0.01013  3.43356e-02 |108  0.01256  3.41094e-02
109  0.09179 -1.16797e-01 |110  0.02976 -7.41164e-02 |111 -0.01465 -1.11046e-01
112  0.00076 -7.13869e-02 |113  0.01390  4.81630e-03 |114  0.02523  3.40717e-02
115 -0.00656  2.36277e-02 |116 -0.06911  2.45438e-02 |117 -0.08851 -4.56658e-02
118 -0.08026 -5.84649e-02 |119 -0.02602 -1.94796e-02 |120  0.06803 -2.54681e-02
121  0.01767  2.82338e-02 |122  0.01190 -7.06815e-02 |123 -0.02782 -6.56514e-02
124 -0.06451  1.96023e-02 |125 -0.00363 -2.27053e-02 |126  0.00691 -3.94885e-03
127 -0.02254  3.20274e-02 |128  0.03574 -2.17076e-02 |129  0.07168 -3.23852e-02
130  0.02218  1.00699e-02 |131  0.07708 -8.94267e-02 |132  0.00476 -7.52621e-02
133  0.13158  2.69290e-01 |134 -0.00169  6.09181e-02 |135 -0.04321  9.43823e-03
136 -0.05352  1.45173e-03 |137 -0.02141 -1.09968e-02 |138  0.08765  7.98405e-03
139  0.03546  1.70547e-02 |140  0.01684 -9.07380e-03 |141 -0.02439 -1.20109e-02
142 -0.01827 -3.36347e-02 |143 -0.00290 -1.41719e-02 |144 -0.00038  1.51017e-03
145  0.27076  4.96092e-02 |146  0.18435  4.46146e-02 |147  0.04729  6.46656e-02
148  0.29666 -8.12445e-02 |149  0.01641 -1.16457e+00 |150 -0.11482 -3.85481e+00
151 -0.47469  1.39374e-02 |152  0.31602  1.89824e-02 |153  0.04880 -2.11579e-01
154 -0.23508 -3.48142e-01 |155  0.18566 -1.25125e-01 |156  0.26056  6.60932e-02
157  0.17455 -2.20086e-01 |158  0.25408 -1.58651e-01 |159  0.00590 -6.93159e-01
160 -0.09831 -1.96357e+00 |161  0.10537  2.00871e-02 |162  0.29712 -4.09875e-02
163  0.16925  6.30999e-02 |164  0.24655 -1.28188e-01 |165 -0.35298 -4.24225e-02
166  0.24272  9.57230e-04 |167  0.05277 -1.80799e+00 |168 -0.18764  1.09801e+01
169  0.19988 -3.07111e-02 |170  0.31786 -3.04516e-02 |171  0.07774 -1.01142e+00
172 -0.53233 -1.88949e-04 |173 -0.37891 -1.59249e-02 |174  0.23626 -1.70605e-02
175  0.07830 -4.89540e-01 |176 -0.12203  5.92116e-01 |177  0.05004  4.87864e-02
178  0.11846  2.38067e-02 |179  0.32223  8.32369e-02 |180  0.27303 -3.70020e-02
181  0.00556  5.57662e-01 |182  0.00910 -1.03524e+00 |183 -0.15023  3.43501e+00
184 -0.12575 -1.03706e+00 |185  0.01182  1.14298e-01 |186  0.39215  1.66931e-01
187  0.01865 -4.24025e-01 |188 -0.15439  2.74793e-01 |189  0.09878  8.25220e-01
190  0.16357  1.00667e-01 |191  0.21919 -5.70701e-01 |192  0.25700 -1.45692e-01
193  0.02454 -5.99983e+00 |194 -0.00644 -1.64800e+00 |195 -0.17632 -2.86968e+00
196 -0.11434 -7.89366e+00 |197 -0.56164 -4.14475e-02 |198  0.16808  1.68660e-01
199  0.09515  1.71155e+00 |200 -0.25356  5.14236e-01 |

Intermediate statistics: 200 variables; iteration 20; function evaluation 23; phase 4
Function value 7.0010899e+03; maximum gradient component mag -4.2013e+00
Var    Value     Gradient |Var    Value     Gradient |Var    Value     Gradient
  1 -0.42410 -1.46435e+00 |  2  0.36932  4.17386e+00 |  3 -0.12866  2.17192e+00
  4 -0.00906  2.97412e+00 |  5 -0.74370  2.22351e-02 |  6 -0.60201  2.97715e-01
  7  0.37110  3.33956e+00 |  8 -0.18968  8.16377e-02 |  9  0.04471  1.44548e+00
 10 -0.64338 -1.54490e-01 | 11 -0.61973 -3.98469e-01 | 12 -0.08642 -2.77402e+00
 13 -0.00926 -1.93871e-03 | 14 -0.00945 -2.03409e-03 | 15 -0.00965 -2.13471e-03
 16 -0.00984 -2.24089e-03 | 17 -0.01003 -2.35293e-03 | 18 -0.01021 -2.47122e-03
 19 -0.01039 -2.59616e-03 | 20 -0.01056 -2.72810e-03 | 21 -0.01072 -2.86742e-03
 22 -0.01087 -3.01448e-03 | 23 -0.01100 -3.16964e-03 | 24 -0.01113 -3.33323e-03
 25 -0.01124 -3.50561e-03 | 26 -0.01134 -3.68722e-03 | 27 -0.01142 -3.87864e-03
 28 -0.01149 -4.08061e-03 | 29 -0.01153 -4.29379e-03 | 30 -0.01155 -4.51865e-03
 31 -0.01155 -4.75558e-03 | 32 -0.01152 -5.00496e-03 | 33 -0.01147 -5.26725e-03
 34 -0.01140 -5.54294e-03 | 35 -0.01129 -5.83258e-03 | 36 -0.01115 -6.13664e-03
 37 -0.01098 -6.45548e-03 | 38 -0.01077 -6.78926e-03 | 39 -0.01053 -7.13792e-03
 40 -0.01025 -7.50094e-03 | 41 -0.00993 -7.87855e-03 | 42 -0.00958 -8.27045e-03
 43 -0.00920 -8.67654e-03 | 44 -0.00880 -9.09678e-03 | 45 -0.00837 -9.53083e-03
 46 -0.00792 -9.97822e-03 | 47 -0.00747 -1.04386e-02 | 48 -0.00702 -1.09113e-02
 49 -0.00658 -1.13953e-02 | 50 -0.00615 -1.18888e-02 | 51 -0.00575 -1.23880e-02
 52 -0.00539 -1.28875e-02 | 53 -0.00507 -1.33824e-02 | 54 -0.00479 -1.38688e-02
 55 -0.00454 -1.43456e-02 | 56 -0.00432 -1.48147e-02 | 57 -0.00411 -1.52787e-02
 58 -0.00390 -1.57390e-02 | 59 -0.00366 -1.61998e-02 | 60 -0.00336 -1.66651e-02
 61 -0.00298 -1.71420e-02 | 62 -0.00249 -1.76364e-02 | 63 -0.00185 -1.81577e-02
 64 -0.00103 -1.87180e-02 | 65 -0.00001 -1.93232e-02 | 66  0.00124 -1.99950e-02
 67  0.00276 -2.07335e-02 | 68  0.00457 -2.15466e-02 | 69  0.00668 -2.24736e-02
 70  0.00910 -2.35775e-02 | 71  0.01184 -2.48438e-02 | 72  0.01486 -2.60334e-02
 73  0.01812 -2.70852e-02 | 74  0.02151 -2.87747e-02 | 75  0.02490 -3.12777e-02
 76  0.02809 -3.31313e-02 | 77  0.03087 -3.46629e-02 | 78  0.03301 -3.66291e-02
 79  0.03432 -3.77944e-02 | 80  0.03468 -3.86578e-02 | 81  0.03406 -4.01766e-02
 82  0.03253 -4.15178e-02 | 83  0.03019 -4.21118e-02 | 84  0.02719 -4.32408e-02
 85  0.02372 -4.37428e-02 | 86  0.02001 -4.38681e-02 | 87  0.01635 -4.51748e-02
 88  0.01305 -4.70003e-02 | 89  0.01037 -4.90684e-02 | 90  0.00832 -5.15963e-02
 91  0.00674 -5.46568e-02 | 92  0.00538 -5.81284e-02 | 93  0.00420 -6.18168e-02
 94  0.00367 -6.60092e-02 | 95  0.00368 -7.09948e-02 | 96  0.00271 -7.53074e-02
 97  0.00359 -8.12063e-02 | 98  0.00593 -8.73266e-02 | 99  0.01053 -9.46761e-02
100  0.01096 -1.00707e-01 |101  0.00993 -1.01842e-01 |102  0.00834 -9.89894e-02
103 -0.00091 -8.84555e-02 |104 -0.00239 -7.48273e-02 |105  0.01353 -6.44433e-02
106  0.01168 -5.47350e-02 |107 -0.01003 -1.65590e-02 |108  0.01273  1.43843e-02
109  0.09239  3.86950e-02 |110  0.02984  1.65522e-02 |111 -0.01441  3.91260e-02
112  0.00079  5.89073e-02 |113  0.01396  3.37882e-02 |114  0.02535  1.36455e-02
115 -0.00648  1.86649e-03 |116 -0.06902  2.08076e-02 |117 -0.08829  2.49291e-02
118 -0.08007  3.82569e-02 |119 -0.02588  3.21887e-02 |120  0.06830 -7.20022e-02
121  0.01761 -7.87743e-02 |122  0.01232  1.20574e-02 |123 -0.02728 -7.02854e-05
124 -0.06429  2.92746e-02 |125 -0.00333  4.15267e-02 |126  0.00714 -1.77453e-02
127 -0.02244 -2.22546e-03 |128  0.03604  2.76185e-02 |129  0.07190  4.69460e-02
130  0.02231  3.59009e-03 |131  0.07724  5.52901e-02 |132  0.00496  7.42661e-03
133  0.13115 -4.21294e-02 |134 -0.00171 -1.38668e-02 |135 -0.04320  1.10960e-02
136 -0.05350  2.88050e-03 |137 -0.02139 -2.22167e-03 |138  0.08756 -1.46291e-03
139  0.03540 -7.76153e-03 |140  0.01688  1.49016e-02 |141 -0.02435  1.76172e-03
142 -0.01814  5.12129e-03 |143 -0.00281  6.17261e-03 |144 -0.00038 -1.71072e-04
145  0.27274 -2.86352e-01 |146  0.18429 -1.84439e+00 |147  0.04698 -8.72612e-02
148  0.29662 -2.73582e-01 |149  0.01651 -2.50942e-01 |150 -0.11437 -5.34028e-01
151 -0.47513  3.68501e-02 |152  0.31605  3.97610e-03 |153  0.04895 -3.61654e-02
154 -0.23416  6.34771e-02 |155  0.18587  1.05633e-01 |156  0.26068 -1.35010e-01
157  0.17426  3.16845e-01 |158  0.25399 -5.20352e-01 |159  0.00629  9.36839e-02
160 -0.09786  1.87816e-02 |161  0.10553  1.37149e-01 |162  0.29719 -3.51798e-01
163  0.16940  2.32355e-01 |164  0.24662 -3.35070e-01 |165 -0.35487  3.07196e-02
166  0.24174  8.19020e-03 |167  0.05326 -6.63253e-01 |168 -0.18924 -7.67792e-01
169  0.19932 -2.98861e-02 |170  0.31780  2.63801e-02 |171  0.07783 -5.77449e-01
172 -0.53233 -1.19062e-04 |173 -0.37933  6.63553e-02 |174  0.23613  1.00045e-02
175  0.07855 -3.10505e-02 |176 -0.12216  1.50325e-02 |177  0.05061  4.43615e-03
178  0.11783 -4.94860e-01 |179  0.32209 -2.08534e-01 |180  0.27287  5.03406e-01
181  0.00519  2.49569e-03 |182  0.00981 -1.01854e-01 |183 -0.15158 -9.21617e-02
184 -0.12572 -5.75916e-01 |185  0.01059  2.72368e-02 |186  0.39164  2.19883e-02
187  0.01981 -1.02530e-02 |188 -0.15482  1.40294e-02 |189  0.09825 -1.95652e+00
190  0.16341  1.80600e+00 |191  0.21887  5.35458e-01 |192  0.25694 -2.43804e+00
193  0.02492 -1.90361e+00 |194 -0.00629  3.80919e-01 |195 -0.17628 -8.49675e-01
196 -0.11404  5.29747e-01 |197 -0.56108 -3.37686e-01 |198  0.16789 -1.17532e-01
199  0.09486 -4.20131e+00 |200 -0.25459 -1.47530e+00 |
200 variables; iteration 40; function evaluation 45; phase 4
Function value 7.0010895e+03; maximum gradient component mag -4.2719e+00
Var    Value     Gradient |Var    Value     Gradient |Var    Value     Gradient
  1 -0.42410 -1.47164e+00 |  2  0.36932  4.02323e+00 |  3 -0.12867  2.22733e+00
  4 -0.00906  2.86074e+00 |  5 -0.74370  2.18716e-02 |  6 -0.60201  4.30847e-01
  7  0.37107  3.18722e+00 |  8 -0.18970  1.52167e-01 |  9  0.04478  1.50072e+00
 10 -0.64333 -1.09371e-01 | 11 -0.61976 -7.47869e-01 | 12 -0.08668 -2.60778e+00
 13 -0.00925  3.81836e-04 | 14 -0.00945  3.61707e-04 | 15 -0.00964  3.39228e-04
 16 -0.00983  3.14224e-04 | 17 -0.01002  2.86556e-04 | 18 -0.01020  2.55976e-04
 19 -0.01038  2.22257e-04 | 20 -0.01055  1.85200e-04 | 21 -0.01071  1.44619e-04
 22 -0.01086  1.00350e-04 | 23 -0.01099  5.22469e-05 | 24 -0.01112  1.77271e-07
 25 -0.01123 -5.60081e-05 | 26 -0.01133 -1.16519e-04 | 27 -0.01141 -1.81692e-04
 28 -0.01147 -2.51983e-04 | 29 -0.01152 -3.27808e-04 | 30 -0.01154 -4.09356e-04
 31 -0.01154 -4.96587e-04 | 32 -0.01151 -5.89448e-04 | 33 -0.01146 -6.87918e-04
 34 -0.01138 -7.92066e-04 | 35 -0.01128 -9.02073e-04 | 36 -0.01114 -1.01821e-03
 37 -0.01097 -1.14073e-03 | 38 -0.01076 -1.26981e-03 | 39 -0.01051 -1.40537e-03
 40 -0.01023 -1.54718e-03 | 41 -0.00992 -1.69474e-03 | 42 -0.00957 -1.84766e-03
 43 -0.00919 -2.00562e-03 | 44 -0.00878 -2.16851e-03 | 45 -0.00835 -2.33630e-03
 46 -0.00791 -2.50905e-03 | 47 -0.00745 -2.68691e-03 | 48 -0.00700 -2.86998e-03
 49 -0.00656 -3.05826e-03 | 50 -0.00613 -3.25150e-03 | 51 -0.00574 -3.44896e-03
 52 -0.00537 -3.64922e-03 | 53 -0.00505 -3.85078e-03 | 54 -0.00477 -4.05237e-03
 55 -0.00452 -4.25374e-03 | 56 -0.00430 -4.45652e-03 | 57 -0.00409 -4.66340e-03
 58 -0.00388 -4.87718e-03 | 59 -0.00364 -5.10192e-03 | 60 -0.00334 -5.34234e-03
 61 -0.00296 -5.60486e-03 | 62 -0.00247 -5.89660e-03 | 63 -0.00183 -6.22739e-03
 64 -0.00101 -6.61060e-03 | 65  0.00001 -7.06098e-03 | 66  0.00126 -7.60292e-03
 67  0.00278 -8.25365e-03 | 68  0.00459 -9.02402e-03 | 69  0.00670 -9.91732e-03
 70  0.00912 -1.09421e-02 | 71  0.01186 -1.21465e-02 | 72  0.01488 -1.35979e-02
 73  0.01814 -1.52854e-02 | 74  0.02153 -1.71231e-02 | 75  0.02492 -1.91472e-02
 76  0.02812 -2.14666e-02 | 77  0.03090 -2.40080e-02 | 78  0.03304 -2.66817e-02
 79  0.03435 -2.95122e-02 | 80  0.03471 -3.24226e-02 | 81  0.03409 -3.53138e-02
 82  0.03256 -3.82204e-02 | 83  0.03022 -4.11847e-02 | 84  0.02722 -4.41507e-02
 85  0.02375 -4.72680e-02 | 86  0.02003 -5.06572e-02 | 87  0.01637 -5.43131e-02
 88  0.01308 -5.84680e-02 | 89  0.01039 -6.34354e-02 | 90  0.00834 -6.93549e-02
 91  0.00677 -7.62247e-02 | 92  0.00540 -8.37687e-02 | 93  0.00421 -9.15264e-02
 94  0.00368 -9.93628e-02 | 95  0.00367 -1.06698e-01 | 96  0.00270 -1.10916e-01
 97  0.00358 -1.14481e-01 | 98  0.00591 -1.16982e-01 | 99  0.01052 -1.20972e-01
100  0.01095 -1.21749e-01 |101  0.00994 -1.16086e-01 |102  0.00836 -1.06240e-01
103 -0.00089 -8.91069e-02 |104 -0.00234 -7.07666e-02 |105  0.01355 -6.25339e-02
106  0.01169 -5.20610e-02 |107 -0.01000 -1.94535e-02 |108  0.01267 -9.93925e-03
109  0.09237  2.03935e-02 |110  0.02981  1.19326e-02 |111 -0.01444  5.42817e-02
112  0.00069  9.72842e-02 |113  0.01395  1.21182e-01 |114  0.02543  1.16905e-01
115 -0.00657  4.43038e-02 |116 -0.06908  2.17891e-02 |117 -0.08834  1.54072e-02
118 -0.08015  2.99248e-02 |119 -0.02594  4.80124e-02 |120  0.06832 -1.63045e-02
121  0.01747 -9.05953e-02 |122  0.01217 -4.35643e-02 |123 -0.02735 -3.63087e-02
124 -0.06433  1.08412e-02 |125 -0.00344 -2.12380e-03 |126  0.00707 -4.10370e-02
127 -0.02249 -1.75661e-02 |128  0.03597 -5.43942e-03 |129  0.07174 -2.24834e-02
130  0.02226 -3.28091e-02 |131  0.07704 -5.05310e-02 |132  0.00487 -2.42634e-02
133  0.13110 -7.94914e-03 |134 -0.00170  1.26954e-02 |135 -0.04320  1.97698e-02
136 -0.05349  8.90713e-03 |137 -0.02138  1.91833e-03 |138  0.08756  2.02977e-03
139  0.03537 -5.02726e-03 |140  0.01685  1.77925e-02 |141 -0.02437  8.19790e-03
142 -0.01815  7.73617e-03 |143 -0.00280  9.70447e-03 |144 -0.00038  1.51816e-04
145  0.27315 -2.89914e-01 |146  0.18496 -1.64646e+00 |147  0.04698  4.37699e-01
148  0.29660 -9.33079e-01 |149  0.01654  5.08348e-02 |150 -0.11434 -4.41740e-02
151 -0.47580  1.69394e-02 |152  0.31566  6.34776e-03 |153  0.04920 -3.68183e-03
154 -0.23424  5.64156e-02 |155  0.18581  7.49569e-02 |156  0.26065 -1.93905e-01
157  0.17426 -9.72990e-02 |158  0.25407  1.26807e-01 |159  0.00626  2.82116e-03
160 -0.09784 -8.56994e-02 |161  0.10556 -1.65592e-02 |162  0.29723  7.19664e-02
163  0.16940  4.07701e-01 |164  0.24659 -6.45517e-01 |165 -0.35600 -2.42943e-01
166  0.24140  1.93041e-01 |167  0.05347 -8.03038e-01 |168 -0.18925 -8.28183e-01
169  0.19887 -5.30169e-02 |170  0.31771  2.71154e-02 |171  0.07791 -2.98032e-01
172 -0.53233 -6.96842e-05 |173 -0.38041 -6.10720e-02 |174  0.23580  2.04816e-01
175  0.07877 -8.87130e-02 |176 -0.12216 -1.03495e-01 |177  0.05097  2.17786e-03
178  0.11799 -2.61830e-01 |179  0.32231  1.64304e-01 |180  0.27291  2.74904e-01
181  0.00495  5.62697e-02 |182  0.00963 -2.32326e-01 |183 -0.15151 -1.09227e-01
184 -0.12568 -4.60177e-01 |185  0.01046  8.20812e-03 |186  0.39160 -2.74627e-03
187  0.01992  2.22614e-02 |188 -0.15485 -4.24358e-03 |189  0.09831 -1.75118e+00
190  0.16336  1.51716e+00 |191  0.21892  6.49432e-01 |192  0.25692 -2.60429e+00
193  0.02487 -2.11949e+00 |194 -0.00626  3.02592e-01 |195 -0.17623 -5.86428e-01
196 -0.11404  2.85868e-01 |197 -0.56034 -3.45641e-01 |198  0.16826 -3.43191e-02
199  0.09467 -4.27192e+00 |200 -0.25460 -1.40785e+00 |
200 variables; iteration 60; function evaluation 66; phase 4
Function value 7.0010889e+03; maximum gradient component mag -1.1762e+00
Var    Value     Gradient |Var    Value     Gradient |Var    Value     Gradient
  1 -0.42403 -3.96330e-01 |  2  0.36927  1.09824e+00 |  3 -0.12869  5.77843e-01
  4 -0.00903  9.23955e-01 |  5 -0.74369  1.11538e-02 |  6 -0.60203  1.13770e-01
  7  0.37103  8.58338e-01 |  8 -0.18967  1.64651e-02 |  9  0.04477  4.87131e-01
 10 -0.64325 -1.14537e-02 | 11 -0.61974 -2.15414e-01 | 12 -0.08653 -7.69761e-01
 13 -0.00924  2.74678e-03 | 14 -0.00944  2.83345e-03 | 15 -0.00964  2.92259e-03
 16 -0.00983  3.01419e-03 | 17 -0.01002  3.10829e-03 | 18 -0.01020  3.20485e-03
 19 -0.01037  3.30384e-03 | 20 -0.01054  3.40526e-03 | 21 -0.01070  3.50904e-03
 22 -0.01085  3.61517e-03 | 23 -0.01099  3.72359e-03 | 24 -0.01111  3.83427e-03
 25 -0.01122  3.94719e-03 | 26 -0.01132  4.06234e-03 | 27 -0.01140  4.17963e-03
 28 -0.01146  4.29883e-03 | 29 -0.01151  4.41963e-03 | 30 -0.01153  4.54174e-03
 31 -0.01153  4.66499e-03 | 32 -0.01150  4.78920e-03 | 33 -0.01145  4.91420e-03
 34 -0.01137  5.03974e-03 | 35 -0.01126  5.16534e-03 | 36 -0.01113  5.29021e-03
 37 -0.01095  5.41310e-03 | 38 -0.01074  5.53244e-03 | 39 -0.01050  5.64640e-03
 40 -0.01022  5.75285e-03 | 41 -0.00990  5.85048e-03 | 42 -0.00955  5.93754e-03
 43 -0.00917  6.01231e-03 | 44 -0.00877  6.07290e-03 | 45 -0.00834  6.11714e-03
 46 -0.00789  6.14276e-03 | 47 -0.00744  6.14760e-03 | 48 -0.00699  6.12904e-03
 49 -0.00654  6.08379e-03 | 50 -0.00612  6.00703e-03 | 51 -0.00572  5.89225e-03
 52 -0.00536  5.73226e-03 | 53 -0.00504  5.52163e-03 | 54 -0.00476  5.25703e-03
 55 -0.00451  4.93652e-03 | 56 -0.00429  4.55845e-03 | 57 -0.00409  4.12090e-03
 58 -0.00387  3.62212e-03 | 59 -0.00363  3.06218e-03 | 60 -0.00334  2.44206e-03
 61 -0.00296  1.76477e-03 | 62 -0.00247  1.03519e-03 | 63 -0.00183  2.61524e-04
 64 -0.00102 -5.44841e-04 | 65 -0.00000 -1.37046e-03 | 66  0.00125 -2.20598e-03
 67  0.00277 -3.04874e-03 | 68  0.00457 -3.89125e-03 | 69  0.00668 -4.68318e-03
 70  0.00910 -5.32604e-03 | 71  0.01184 -5.84769e-03 | 72  0.01486 -6.51990e-03
 73  0.01812 -7.24613e-03 | 74  0.02151 -7.41231e-03 | 75  0.02490 -7.48429e-03
 76  0.02810 -7.90674e-03 | 77  0.03088 -8.23189e-03 | 78  0.03302 -8.70045e-03
 79  0.03433 -8.80956e-03 | 80  0.03469 -8.77456e-03 | 81  0.03407 -9.19577e-03
 82  0.03254 -9.56041e-03 | 83  0.03020 -9.64592e-03 | 84  0.02721 -9.88752e-03
 85  0.02374 -1.00588e-02 | 86  0.02002 -1.06372e-02 | 87  0.01636 -1.07616e-02
 88  0.01307 -1.05531e-02 | 89  0.01039 -1.06586e-02 | 90  0.00834 -1.11141e-02
 91  0.00677 -1.18693e-02 | 92  0.00540 -1.28859e-02 | 93  0.00422 -1.41840e-02
 94  0.00368 -1.57049e-02 | 95  0.00368 -1.73696e-02 | 96  0.00271 -1.94099e-02
 97  0.00358 -2.07920e-02 | 98  0.00592 -2.23359e-02 | 99  0.01052 -2.43123e-02
100  0.01095 -2.77706e-02 |101  0.00994 -2.94612e-02 |102  0.00834 -3.15325e-02
103 -0.00090 -3.25978e-02 |104 -0.00234 -3.44637e-02 |105  0.01354 -4.08764e-02
106  0.01168 -4.75371e-02 |107 -0.01000 -4.52816e-02 |108  0.01263 -5.56830e-02
109  0.09238 -7.94551e-02 |110  0.02983 -5.95555e-02 |111 -0.01446 -3.77575e-02
112  0.00063 -4.66570e-02 |113  0.01388 -4.40770e-02 |114  0.02538 -2.97183e-02
115 -0.00656 -1.82204e-02 |116 -0.06906 -7.22097e-03 |117 -0.08836 -2.00400e-02
118 -0.08016 -1.54281e-02 |119 -0.02597 -1.82489e-02 |120  0.06831 -2.13113e-02
121  0.01755  4.15595e-04 |122  0.01219  9.99204e-03 |123 -0.02740 -9.71423e-03
124 -0.06433  1.48423e-02 |125 -0.00337  4.81915e-02 |126  0.00709  2.49083e-02
127 -0.02250  1.28220e-02 |128  0.03597  3.56649e-02 |129  0.07171  3.06553e-02
130  0.02232  1.85853e-02 |131  0.07710  1.59178e-02 |132  0.00485 -8.05706e-03
133  0.13114  1.86639e-02 |134 -0.00168  1.42405e-02 |135 -0.04322 -3.26866e-03
136 -0.05352 -8.10213e-03 |137 -0.02141 -9.83232e-03 |138  0.08749 -3.20900e-02
139  0.03535 -1.55699e-02 |140  0.01683 -2.52354e-03 |141 -0.02438  5.93642e-04
142 -0.01816  6.26020e-04 |143 -0.00277  7.02240e-03 |144 -0.00038  3.84270e-04
145  0.27290 -1.32141e-01 |146  0.18465 -5.06313e-01 |147  0.04697  1.31461e-01
148  0.29663 -2.66107e-01 |149  0.01653  2.86649e-02 |150 -0.11433 -5.66197e-03
151 -0.47719 -9.91541e-02 |152  0.31442 -1.29316e-02 |153  0.04950 -2.19092e-01
154 -0.23447 -1.42900e-02 |155  0.18582  3.73664e-02 |156  0.26066 -6.35852e-02
157  0.17424 -6.29531e-02 |158  0.25405  9.96220e-03 |159  0.00623 -3.71436e-02
160 -0.09783  1.44116e-02 |161  0.10549 -1.38236e-02 |162  0.29720  3.07964e-03
163  0.16938  1.30494e-01 |164  0.24662 -1.74786e-01 |165 -0.35571 -3.86066e-02
166  0.24150  8.61053e-02 |167  0.05349 -2.00704e-01 |168 -0.18922 -1.92405e-01
169  0.19851 -5.56182e-02 |170  0.31764 -1.30216e-03 |171  0.07796 -8.85908e-02
172 -0.53228 -4.09602e-05 |173 -0.38062  1.81668e-02 |174  0.23574  1.69022e-01
175  0.07894  2.71631e-01 |176 -0.12214  2.35868e-02 |177  0.05121  1.22783e-01
178  0.11797 -1.25386e-01 |179  0.32240  1.51367e-01 |180  0.27289  2.41177e-02
181  0.00479  1.18987e-01 |182  0.00960 -1.79763e-01 |183 -0.15155 -1.22151e-01
184 -0.12565 -9.41010e-02 |185  0.01033 -4.33444e-02 |186  0.39157  2.16308e-02
187  0.02000  3.45555e-02 |188 -0.15484  4.35856e-02 |189  0.09830 -5.35868e-01
190  0.16336  4.16222e-01 |191  0.21891  1.59663e-01 |192  0.25696 -7.40503e-01
193  0.02491 -5.85867e-01 |194 -0.00627  8.25800e-02 |195 -0.17624 -1.69588e-01
196 -0.11404  8.32126e-02 |197 -0.55977 -8.62192e-02 |198  0.16852 -1.55119e-02
199  0.09469 -1.17620e+00 |200 -0.25435 -3.89906e-01 |
200 variables; iteration 80; function evaluation 90; phase 4
Function value 7.0010887e+03; maximum gradient component mag 1.0438e-01
Var    Value     Gradient |Var    Value     Gradient |Var    Value     Gradient
  1 -0.42401 -3.41058e-02 |  2  0.36928  9.64982e-02 |  3 -0.12868  4.64515e-02
  4 -0.00907  1.04379e-01 |  5 -0.74368  7.36826e-03 |  6 -0.60203  7.54374e-03
  7  0.37103  6.54435e-02 |  8 -0.18966 -4.77152e-03 |  9  0.04474  5.49993e-02
 10 -0.64331 -1.76199e-02 | 11 -0.61973 -2.13840e-02 | 12 -0.08670 -6.66559e-02
 13 -0.00925 -8.50547e-04 | 14 -0.00945 -8.51576e-04 | 15 -0.00964 -8.50575e-04
 16 -0.00983 -8.47457e-04 | 17 -0.01002 -8.42003e-04 | 18 -0.01020 -8.34230e-04
 19 -0.01038 -8.24084e-04 | 20 -0.01055 -8.11446e-04 | 21 -0.01071 -7.96185e-04
 22 -0.01085 -7.78137e-04 | 23 -0.01099 -7.57121e-04 | 24 -0.01112 -7.32946e-04
 25 -0.01123 -7.05445e-04 | 26 -0.01133 -6.74519e-04 | 27 -0.01141 -6.40148e-04
 28 -0.01147 -6.02342e-04 | 29 -0.01151 -5.60978e-04 | 30 -0.01153 -5.15707e-04
 31 -0.01153 -4.65950e-04 | 32 -0.01151 -4.11215e-04 | 33 -0.01146 -3.51098e-04
 34 -0.01138 -2.85363e-04 | 35 -0.01127 -2.14010e-04 | 36 -0.01113 -1.37267e-04
 37 -0.01096 -5.55383e-05 | 38 -0.01075  3.08000e-05 | 39 -0.01051  1.21439e-04
 40 -0.01023  2.15719e-04 | 41 -0.00991  3.14320e-04 | 42 -0.00956  4.16609e-04
 43 -0.00918  5.21660e-04 | 44 -0.00877  6.27852e-04 | 45 -0.00834  7.32611e-04
 46 -0.00790  8.32483e-04 | 47 -0.00745  9.23304e-04 | 48 -0.00699  9.99976e-04
 49 -0.00655  1.05736e-03 | 50 -0.00613  1.09131e-03 | 51 -0.00573  1.09983e-03
 52 -0.00536  1.08354e-03 | 53 -0.00504  1.04535e-03 | 54 -0.00476  9.87899e-04
 55 -0.00452  9.12490e-04 | 56 -0.00430  8.20192e-04 | 57 -0.00409  7.12875e-04
 58 -0.00388  5.93519e-04 | 59 -0.00364  4.67816e-04 | 60 -0.00334  3.44049e-04
 61 -0.00296  2.34356e-04 | 62 -0.00247  1.54211e-04 | 63 -0.00183  1.21624e-04
 64 -0.00102  1.52349e-04 | 65  0.00000  2.52797e-04 | 66  0.00126  4.18816e-04
 67  0.00278  6.57242e-04 | 68  0.00459  1.02822e-03 | 69  0.00670  1.61455e-03
 70  0.00912  2.31103e-03 | 71  0.01186  2.78500e-03 | 72  0.01489  3.11661e-03
 73  0.01815  3.45643e-03 | 74  0.02154  2.74776e-03 | 75  0.02492  1.56571e-03
 76  0.02812  1.08595e-03 | 77  0.03090  6.51968e-04 | 78  0.03304  4.93267e-04
 79  0.03434  1.52842e-04 | 80  0.03470 -2.19803e-04 | 81  0.03409 -2.93971e-04
 82  0.03255 -3.26836e-04 | 83  0.03022 -4.25136e-04 | 84  0.02723 -1.42789e-04
 85  0.02376  3.13462e-04 | 86  0.02005  1.38599e-03 | 87  0.01639  1.12868e-03
 88  0.01310  1.31922e-04 | 89  0.01041 -6.57340e-04 | 90  0.00836 -1.22346e-03
 91  0.00678 -1.38311e-03 | 92  0.00542 -8.30697e-04 | 93  0.00424  4.88883e-04
 94  0.00371  1.57695e-03 | 95  0.00371  1.74562e-03 | 96  0.00273  2.14950e-03
 97  0.00359 -4.66433e-04 | 98  0.00592 -3.18822e-03 | 99  0.01051 -5.79773e-03
100  0.01095 -4.88946e-03 |101  0.00994 -4.60119e-03 |102  0.00835 -4.30922e-03
103 -0.00090 -6.48375e-03 |104 -0.00236 -1.29599e-02 |105  0.01353 -1.20627e-02
106  0.01165 -1.78158e-02 |107 -0.01002 -1.61705e-02 |108  0.01273  1.65891e-03
109  0.09230 -3.83131e-02 |110  0.02986 -9.15129e-03 |111 -0.01445 -3.87987e-03
112  0.00066 -3.21746e-04 |113  0.01391 -2.03966e-03 |114  0.02536 -1.01021e-02
115 -0.00660 -7.85539e-03 |116 -0.06910 -6.02233e-03 |117 -0.08835  3.51284e-03
118 -0.08016  1.72127e-03 |119 -0.02596 -1.17895e-03 |120  0.06828 -1.71630e-02
121  0.01748 -4.63866e-03 |122  0.01216  1.01861e-02 |123 -0.02739  9.17002e-03
124 -0.06433  9.71903e-03 |125 -0.00347  6.05497e-03 |126  0.00705  7.30558e-03
127 -0.02251  2.25923e-03 |128  0.03593  4.63167e-03 |129  0.07167 -2.45500e-04
130  0.02233  1.32734e-02 |131  0.07706  3.37147e-03 |132  0.00487  9.42854e-03
133  0.13111  1.55685e-02 |134 -0.00172 -4.07594e-04 |135 -0.04322 -3.17914e-03
136 -0.05349 -4.14265e-04 |137 -0.02138 -1.15114e-03 |138  0.08754 -9.15149e-03
139  0.03537 -2.20358e-03 |140  0.01682 -6.65113e-03 |141 -0.02439 -4.04866e-03
142 -0.01814  5.76708e-03 |143 -0.00278  4.49784e-03 |144 -0.00038 -1.79194e-04
145  0.27317 -1.79000e-02 |146  0.18502 -3.80528e-02 |147  0.04698  9.10765e-03
148  0.29664 -2.70408e-02 |149  0.01654  7.07329e-03 |150 -0.11432  9.83814e-04
151 -0.47625  8.95582e-04 |152  0.31517 -6.72941e-03 |153  0.04933 -2.84411e-02
154 -0.23443 -1.06926e-02 |155  0.18581 -9.95667e-03 |156  0.26066 -1.49699e-02
157  0.17430 -1.14961e-02 |158  0.25407 -3.44450e-03 |159  0.00622 -1.26688e-02
160 -0.09783  6.54809e-03 |161  0.10552 -3.90446e-03 |162  0.29721 -2.53316e-03
163  0.16937  1.43610e-02 |164  0.24663 -1.51855e-02 |165 -0.35593 -1.03944e-02
166  0.24141  6.49143e-03 |167  0.05354 -1.15439e-02 |168 -0.18922 -1.29796e-02
169  0.19896  6.63218e-03 |170  0.31773 -1.47089e-04 |171  0.07790 -1.23854e-02
172 -0.53223 -5.37795e-05 |173 -0.38114 -1.97101e-03 |174  0.23553  3.17554e-02
175  0.07897  7.26593e-02 |176 -0.12213  1.07792e-02 |177  0.05095  1.84004e-02
178  0.11798 -2.13681e-02 |179  0.32227  2.42419e-02 |180  0.27289 -6.90671e-03
181  0.00493  2.71982e-02 |182  0.00966 -3.23625e-02 |183 -0.15151 -1.70110e-02
184 -0.12564 -3.40312e-03 |185  0.01050 -1.66003e-03 |186  0.39162  6.67450e-03
187  0.01987 -4.78382e-03 |188 -0.15482  1.90794e-02 |189  0.09832 -5.49340e-02
190  0.16337  4.09783e-02 |191  0.21892  1.21296e-02 |192  0.25698 -6.91610e-02
193  0.02491 -5.14238e-02 |194 -0.00628  3.38750e-03 |195 -0.17624 -1.62180e-02
196 -0.11404  9.30113e-03 |197 -0.55993 -7.05770e-03 |198  0.16844 -9.23807e-03
199  0.09470 -9.57661e-02 |200 -0.25446 -4.35659e-02 |

 - final statistics:
200 variables; iteration 100; function evaluation 120
Function value 7.0011e+03; maximum gradient component mag -6.4014e-04
Exit code = 1;  converg criter 1.0000e-03
Var    Value     Gradient |Var    Value     Gradient |Var    Value     Gradient
  1 -0.42401 -1.62465e-04 |  2  0.36928  4.64556e-04 |  3 -0.12867  2.34488e-04
  4 -0.00908  5.20296e-04 |  5 -0.74369  2.23398e-05 |  6 -0.60203  3.70441e-05
  7  0.37103  2.75392e-04 |  8 -0.18966 -3.44177e-05 |  9  0.04472  2.58101e-04
 10 -0.64326 -1.38560e-04 | 11 -0.61973 -9.97777e-05 | 12 -0.08673 -2.93188e-04
 13 -0.00924  3.80333e-06 | 14 -0.00944  4.42172e-06 | 15 -0.00964  4.98769e-06
 16 -0.00983  5.48455e-06 | 17 -0.01002  5.89362e-06 | 18 -0.01020  6.20022e-06
 19 -0.01037  6.38965e-06 | 20 -0.01054  6.44769e-06 | 21 -0.01070  6.36140e-06
 22 -0.01085  6.11830e-06 | 23 -0.01099  5.70728e-06 | 24 -0.01111  5.11865e-06
 25 -0.01123  4.34455e-06 | 26 -0.01132  3.38091e-06 | 27 -0.01141  2.22797e-06
 28 -0.01147  8.89828e-07 | 29 -0.01151 -6.28627e-07 | 30 -0.01153 -2.32165e-06
 31 -0.01153 -4.18514e-06 | 32 -0.01150 -6.21057e-06 | 33 -0.01145 -8.38323e-06
 34 -0.01138 -1.06787e-05 | 35 -0.01127 -1.30596e-05 | 36 -0.01113 -1.54746e-05
 37 -0.01096 -1.78577e-05 | 38 -0.01075 -2.01312e-05 | 39 -0.01051 -2.22025e-05
 40 -0.01023 -2.39496e-05 | 41 -0.00991 -2.52848e-05 | 42 -0.00956 -2.60744e-05
 43 -0.00918 -2.62009e-05 | 44 -0.00877 -2.55754e-05 | 45 -0.00834 -2.41488e-05
 46 -0.00790 -2.19344e-05 | 47 -0.00745 -1.90297e-05 | 48 -0.00699 -1.56229e-05
 49 -0.00655 -1.20027e-05 | 50 -0.00613 -8.53223e-06 | 51 -0.00573 -5.57099e-06
 52 -0.00537 -3.36842e-06 | 53 -0.00504 -1.99710e-06 | 54 -0.00476 -1.38890e-06
 55 -0.00452 -1.45078e-06 | 56 -0.00430 -2.14952e-06 | 57 -0.00409 -3.51121e-06
 58 -0.00388 -5.58276e-06 | 59 -0.00363 -8.37226e-06 | 60 -0.00334 -1.17842e-05
 61 -0.00296 -1.54721e-05 | 62 -0.00247 -1.86674e-05 | 63 -0.00183 -2.00306e-05
 64 -0.00101 -1.77771e-05 | 65  0.00001 -1.02577e-05 | 66  0.00126  3.02473e-06
 67  0.00278  2.00980e-05 | 68  0.00459  3.29879e-05 | 69  0.00670  2.38787e-05
 70  0.00912 -1.43356e-05 | 71  0.01186 -3.87502e-05 | 72  0.01488 -4.43242e-06
 73  0.01814  1.19158e-04 | 74  0.02153  1.86729e-04 | 75  0.02492  5.38276e-05
 76  0.02812  4.74089e-06 | 77  0.03090  1.02374e-05 | 78  0.03304  2.47350e-05
 79  0.03435 -9.33874e-05 | 80  0.03471 -2.75666e-04 | 81  0.03409 -1.37561e-04
 82  0.03256 -1.54453e-05 | 83  0.03023 -3.77895e-06 | 84  0.02723  1.04074e-05
 85  0.02376  1.03682e-04 | 86  0.02005  1.96869e-04 | 87  0.01639  5.29051e-05
 88  0.01310 -1.14766e-05 | 89  0.01041 -8.43551e-06 | 90  0.00837 -1.87226e-06
 91  0.00679 -8.65587e-06 | 92  0.00542 -2.45775e-05 | 93  0.00424 -2.81086e-05
 94  0.00371 -1.67988e-05 | 95  0.00370 -9.04968e-06 | 96  0.00272  1.22102e-05
 97  0.00359 -2.40979e-05 | 98  0.00593 -3.98989e-05 | 99  0.01053 -2.11510e-06
100  0.01095 -2.59312e-05 |101  0.00994 -1.67664e-06 |102  0.00834  1.26064e-05
103 -0.00091  3.41631e-05 |104 -0.00234 -6.00552e-05 |105  0.01353 -9.76977e-05
106  0.01167 -2.46774e-04 |107 -0.00999 -1.65941e-04 |108  0.01266 -2.02893e-04
109  0.09235  1.81705e-04 |110  0.02983 -1.26204e-04 |111 -0.01446 -3.60218e-04
112  0.00065 -3.10577e-04 |113  0.01390  1.11457e-04 |114  0.02537  2.17944e-04
115 -0.00661 -1.76751e-05 |116 -0.06909 -6.40137e-04 |117 -0.08836  3.18285e-04
118 -0.08017  7.09213e-05 |119 -0.02597 -1.88055e-04 |120  0.06829 -1.71796e-04
121  0.01748  3.52935e-04 |122  0.01214 -2.21628e-04 |123 -0.02740  3.80162e-05
124 -0.06435  1.33504e-04 |125 -0.00347  1.08556e-04 |126  0.00704 -1.59963e-04
127 -0.02251  1.60943e-04 |128  0.03592 -6.37054e-05 |129  0.07169 -1.32132e-04
130  0.02229  5.09154e-04 |131  0.07706 -2.03944e-04 |132  0.00485  2.26736e-04
133  0.13110  1.31147e-04 |134 -0.00172 -2.62442e-04 |135 -0.04321 -1.10112e-05
136 -0.05349  1.46201e-04 |137 -0.02138  3.11143e-05 |138  0.08756  8.26134e-05
139  0.03537  1.11035e-04 |140  0.01683 -3.77381e-04 |141 -0.02438  1.06819e-04
142 -0.01816 -9.77938e-05 |143 -0.00279  1.82198e-04 |144 -0.00038 -4.66994e-06
145  0.27322 -5.81631e-05 |146  0.18503 -2.37993e-04 |147  0.04698  2.64539e-05
148  0.29665 -1.37653e-04 |149  0.01653  5.60143e-05 |150 -0.11432 -3.32682e-06
151 -0.47635 -4.69727e-05 |152  0.31518 -2.66320e-05 |153  0.04938 -1.59866e-04
154 -0.23441  2.57715e-04 |155  0.18582 -1.38920e-04 |156  0.26066 -1.13562e-04
157  0.17431  5.37548e-05 |158  0.25408  4.74915e-05 |159  0.00622 -1.62755e-04
160 -0.09783  3.31809e-05 |161  0.10553  1.51224e-04 |162  0.29721  6.01476e-05
163  0.16937  4.30123e-06 |164  0.24662 -1.13779e-04 |165 -0.35590 -2.28650e-07
166  0.24142  5.11682e-05 |167  0.05354 -7.35265e-05 |168 -0.18922 -7.11511e-05
169  0.19890 -4.95938e-06 |170  0.31772 -6.35784e-06 |171  0.07791 -6.08279e-05
172 -0.53208 -3.73119e-05 |173 -0.38097 -4.36664e-05 |174  0.23557  1.59208e-04
175  0.07891  3.70185e-04 |176 -0.12213  6.39117e-05 |177  0.05094  6.04160e-05
178  0.11798 -1.34529e-04 |179  0.32226  1.08173e-04 |180  0.27290 -4.38662e-05
181  0.00492  1.65124e-04 |182  0.00967 -1.30599e-04 |183 -0.15150 -9.57841e-05
184 -0.12565 -2.36539e-05 |185  0.01049  6.13096e-05 |186  0.39161  7.89229e-05
187  0.01989 -7.29018e-05 |188 -0.15484  1.06067e-04 |189  0.09833 -2.79825e-04
190  0.16337  2.08801e-04 |191  0.21892  6.15663e-05 |192  0.25698 -3.56895e-04
193  0.02491 -2.59523e-04 |194 -0.00628  2.47175e-05 |195 -0.17624 -8.47273e-05
196 -0.11404  4.48222e-05 |197 -0.55983 -8.55243e-05 |198  0.16850  9.80662e-06
199  0.09468 -3.40749e-04 |200 -0.25440 -1.68383e-04 |

 - final statistics:
213 variables; iteration 0; function evaluation 0
Function value 7.0011e+03; maximum gradient component mag -6.4014e-04
Exit code = 0;  converg criter 1.0000e-03
Var    Value     Gradient |Var    Value     Gradient |Var    Value     Gradient
  1 -0.42401 -1.62465e-04 |  2  0.36928  4.64556e-04 |  3 -0.12867  2.34488e-04
  4 -0.00908  5.20296e-04 |  5 -0.74369  2.23398e-05 |  6 -0.60203  3.70441e-05
  7  0.37103  2.75392e-04 |  8 -0.18966 -3.44177e-05 |  9  0.04472  2.58101e-04
 10 -0.64326 -1.38560e-04 | 11 -0.61973 -9.97777e-05 | 12 -0.08673 -2.93188e-04
 13 -0.00924  3.80333e-06 | 14 -0.00944  4.42172e-06 | 15 -0.00964  4.98769e-06
 16 -0.00983  5.48455e-06 | 17 -0.01002  5.89362e-06 | 18 -0.01020  6.20022e-06
 19 -0.01037  6.38965e-06 | 20 -0.01054  6.44769e-06 | 21 -0.01070  6.36140e-06
 22 -0.01085  6.11830e-06 | 23 -0.01099  5.70728e-06 | 24 -0.01111  5.11865e-06
 25 -0.01123  4.34455e-06 | 26 -0.01132  3.38091e-06 | 27 -0.01141  2.22797e-06
 28 -0.01147  8.89828e-07 | 29 -0.01151 -6.28628e-07 | 30 -0.01153 -2.32165e-06
 31 -0.01153 -4.18514e-06 | 32 -0.01150 -6.21057e-06 | 33 -0.01145 -8.38323e-06
 34 -0.01138 -1.06787e-05 | 35 -0.01127 -1.30596e-05 | 36 -0.01113 -1.54746e-05
 37 -0.01096 -1.78577e-05 | 38 -0.01075 -2.01312e-05 | 39 -0.01051 -2.22025e-05
 40 -0.01023 -2.39496e-05 | 41 -0.00991 -2.52848e-05 | 42 -0.00956 -2.60744e-05
 43 -0.00918 -2.62009e-05 | 44 -0.00877 -2.55754e-05 | 45 -0.00834 -2.41488e-05
 46 -0.00790 -2.19344e-05 | 47 -0.00745 -1.90297e-05 | 48 -0.00699 -1.56229e-05
 49 -0.00655 -1.20027e-05 | 50 -0.00613 -8.53223e-06 | 51 -0.00573 -5.57099e-06
 52 -0.00537 -3.36842e-06 | 53 -0.00504 -1.99710e-06 | 54 -0.00476 -1.38890e-06
 55 -0.00452 -1.45078e-06 | 56 -0.00430 -2.14952e-06 | 57 -0.00409 -3.51121e-06
 58 -0.00388 -5.58276e-06 | 59 -0.00363 -8.37226e-06 | 60 -0.00334 -1.17842e-05
 61 -0.00296 -1.54721e-05 | 62 -0.00247 -1.86674e-05 | 63 -0.00183 -2.00306e-05
 64 -0.00101 -1.77771e-05 | 65  0.00001 -1.02577e-05 | 66  0.00126  3.02473e-06
 67  0.00278  2.00980e-05 | 68  0.00459  3.29879e-05 | 69  0.00670  2.38787e-05
 70  0.00912 -1.43356e-05 | 71  0.01186 -3.87502e-05 | 72  0.01488 -4.43242e-06
 73  0.01814  1.19158e-04 | 74  0.02153  1.86729e-04 | 75  0.02492  5.38276e-05
 76  0.02812  4.74089e-06 | 77  0.03090  1.02374e-05 | 78  0.03304  2.47350e-05
 79  0.03435 -9.33874e-05 | 80  0.03471 -2.75666e-04 | 81  0.03409 -1.37561e-04
 82  0.03256 -1.54453e-05 | 83  0.03023 -3.77895e-06 | 84  0.02723  1.04074e-05
 85  0.02376  1.03682e-04 | 86  0.02005  1.96869e-04 | 87  0.01639  5.29051e-05
 88  0.01310 -1.14766e-05 | 89  0.01041 -8.43551e-06 | 90  0.00837 -1.87226e-06
 91  0.00679 -8.65587e-06 | 92  0.00542 -2.45775e-05 | 93  0.00424 -2.81086e-05
 94  0.00371 -1.67988e-05 | 95  0.00370 -9.04968e-06 | 96  0.00272  1.22102e-05
 97  0.00359 -2.40979e-05 | 98  0.00593 -3.98989e-05 | 99  0.01053 -2.11510e-06
100  0.01095 -2.59312e-05 |101  0.00994 -1.67664e-06 |102  0.00834  1.26064e-05
103 -0.00091  3.41631e-05 |104 -0.00234 -6.00552e-05 |105  0.01353 -9.76977e-05
106  0.01167 -2.46774e-04 |107 -0.00999 -1.65941e-04 |108  0.01266 -2.02893e-04
109  0.09235  1.81705e-04 |110  0.02983 -1.26204e-04 |111 -0.01446 -3.60218e-04
112  0.00065 -3.10577e-04 |113  0.01390  1.11457e-04 |114  0.02537  2.17944e-04
115 -0.00661 -1.76751e-05 |116 -0.06909 -6.40137e-04 |117 -0.08836  3.18285e-04
118 -0.08017  7.09213e-05 |119 -0.02597 -1.88055e-04 |120  0.06829 -1.71796e-04
121  0.01748  3.52935e-04 |122  0.01214 -2.21628e-04 |123 -0.02740  3.80162e-05
124 -0.06435  1.33504e-04 |125 -0.00347  1.08556e-04 |126  0.00704 -1.59963e-04
127 -0.02251  1.60943e-04 |128  0.03592 -6.37054e-05 |129  0.07169 -1.32132e-04
130  0.02229  5.09154e-04 |131  0.07706 -2.03944e-04 |132  0.00485  2.26736e-04
133  0.13110  1.31147e-04 |134 -0.00172 -2.62442e-04 |135 -0.04321 -1.10112e-05
136 -0.05349  1.46201e-04 |137 -0.02138  3.11143e-05 |138  0.08756  8.26134e-05
139  0.03537  1.11035e-04 |140  0.01683 -3.77381e-04 |141 -0.02438  1.06819e-04
142 -0.01816 -9.77938e-05 |143 -0.00279  1.82198e-04 |144 -0.00038 -4.66994e-06
145  0.00000  0.00000e+00 |146  0.00000  0.00000e+00 |147  0.00000  0.00000e+00
148  0.00000  0.00000e+00 |149  0.00000  0.00000e+00 |150  0.00000  0.00000e+00
151  0.00000  0.00000e+00 |152  0.00000  0.00000e+00 |153  0.00000  0.00000e+00
154  0.00000  0.00000e+00 |155  0.00000  0.00000e+00 |156  0.00000  0.00000e+00
157  0.00000  0.00000e+00 |158  0.27322 -5.81631e-05 |159  0.18503 -2.37993e-04
160  0.04698  2.64539e-05 |161  0.29665 -1.37653e-04 |162  0.01653  5.60143e-05
163 -0.11432 -3.32682e-06 |164 -0.47635 -4.69727e-05 |165  0.31518 -2.66320e-05
166  0.04938 -1.59866e-04 |167 -0.23441  2.57715e-04 |168  0.18582 -1.38920e-04
169  0.26066 -1.13562e-04 |170  0.17431  5.37548e-05 |171  0.25408  4.74915e-05
172  0.00622 -1.62755e-04 |173 -0.09783  3.31809e-05 |174  0.10553  1.51224e-04
175  0.29721  6.01476e-05 |176  0.16937  4.30123e-06 |177  0.24662 -1.13779e-04
178 -0.35590 -2.28650e-07 |179  0.24142  5.11682e-05 |180  0.05354 -7.35265e-05
181 -0.18922 -7.11511e-05 |182  0.19890 -4.95938e-06 |183  0.31772 -6.35784e-06
184  0.07791 -6.08279e-05 |185 -0.53208 -3.73119e-05 |186 -0.38097 -4.36664e-05
187  0.23557  1.59208e-04 |188  0.07891  3.70185e-04 |189 -0.12213  6.39117e-05
190  0.05094  6.04160e-05 |191  0.11798 -1.34529e-04 |192  0.32226  1.08173e-04
193  0.27290 -4.38662e-05 |194  0.00492  1.65124e-04 |195  0.00967 -1.30599e-04
196 -0.15150 -9.57841e-05 |197 -0.12565 -2.36539e-05 |198  0.01049  6.13096e-05
199  0.39161  7.89229e-05 |200  0.01989 -7.29018e-05 |201 -0.15484  1.06067e-04
202  0.09833 -2.79825e-04 |203  0.16337  2.08801e-04 |204  0.21892  6.15664e-05
205  0.25698 -3.56895e-04 |206  0.02491 -2.59523e-04 |207 -0.00628  2.47175e-05
208 -0.17624 -8.47273e-05 |209 -0.11404  4.48222e-05 |210 -0.55983 -8.55243e-05
211  0.16850  9.80662e-06 |212  0.09468 -3.40749e-04 |213 -0.25440 -1.68383e-04
size of file gradfil1.tmp = 0
size of file gradfil2.tmp = 0
size of file varssave.tmp = 0
size of file cmpdiff.tmp = 800000032
