
Initial statistics: 136 variables; iteration 0; function evaluation 0; phase 1
Function value 6.8697081e+03; maximum gradient component mag -2.5463e+01
Var    Value     Gradient |Var    Value     Gradient |Var    Value     Gradient
  1 -0.42335  1.87621e+01 |  2 -0.09168  5.25351e+00 |  3 -0.01012 -3.88767e-01
  4 -0.01034 -3.97282e-01 |  5 -0.01056 -4.05777e-01 |  6 -0.01077 -4.14243e-01
  7 -0.01098 -4.22669e-01 |  8 -0.01118 -4.31014e-01 |  9 -0.01137 -4.39264e-01
 10 -0.01156 -4.47399e-01 | 11 -0.01173 -4.55390e-01 | 12 -0.01190 -4.63228e-01
 13 -0.01205 -4.70906e-01 | 14 -0.01219 -4.78398e-01 | 15 -0.01231 -4.85703e-01
 16 -0.01242 -4.92811e-01 | 17 -0.01251 -4.99708e-01 | 18 -0.01257 -5.06365e-01
 19 -0.01262 -5.12758e-01 | 20 -0.01264 -5.18838e-01 | 21 -0.01264 -5.24564e-01
 22 -0.01261 -5.29873e-01 | 23 -0.01256 -5.34669e-01 | 24 -0.01247 -5.38834e-01
 25 -0.01236 -5.42225e-01 | 26 -0.01221 -5.44647e-01 | 27 -0.01203 -5.45906e-01
 28 -0.01181 -5.45791e-01 | 29 -0.01155 -5.44114e-01 | 30 -0.01125 -5.40674e-01
 31 -0.01091 -5.35471e-01 | 32 -0.01054 -5.28487e-01 | 33 -0.01013 -5.19832e-01
 34 -0.00969 -5.09754e-01 | 35 -0.00923 -4.98614e-01 | 36 -0.00875 -4.86887e-01
 37 -0.00826 -4.75201e-01 | 38 -0.00778 -4.64244e-01 | 39 -0.00731 -4.54815e-01
 40 -0.00686 -4.47739e-01 | 41 -0.00645 -4.43784e-01 | 42 -0.00608 -4.43553e-01
 43 -0.00576 -4.47384e-01 | 44 -0.00548 -4.55246e-01 | 45 -0.00524 -4.66807e-01
 46 -0.00503 -4.81518e-01 | 47 -0.00482 -4.98648e-01 | 48 -0.00458 -5.17404e-01
 49 -0.00430 -5.37175e-01 | 50 -0.00394 -5.57497e-01 | 51 -0.00348 -5.78389e-01
 52 -0.00287 -6.00396e-01 | 53 -0.00209 -6.24609e-01 | 54 -0.00109 -6.52772e-01
 55  0.00014 -6.86658e-01 | 56  0.00165 -7.28649e-01 | 57  0.00344 -7.79828e-01
 58  0.00556 -8.40317e-01 | 59  0.00799 -9.09271e-01 | 60  0.01073 -9.84560e-01
 61  0.01376 -1.06359e+00 | 62  0.01701 -1.14384e+00 | 63  0.02039 -1.22406e+00
 64  0.02374 -1.30437e+00 | 65  0.02688 -1.38580e+00 | 66  0.02959 -1.46893e+00
 67  0.03167 -1.55233e+00 | 68  0.03301 -1.63073e+00 | 69  0.03356 -1.69438e+00
 70  0.03342 -1.73063e+00 | 71  0.03269 -1.72748e+00 | 72  0.03142 -1.67760e+00
 73  0.02955 -1.58407e+00 | 74  0.02701 -1.46111e+00 | 75  0.02374 -1.33052e+00
 76  0.01993 -1.21041e+00 | 77  0.01595 -1.10445e+00 | 78  0.01232 -9.98709e-01
 79  0.00947 -8.72541e-01 | 80  0.00753 -7.13267e-01 | 81  0.00629 -5.26566e-01
 82  0.00535 -3.32929e-01 | 83  0.00459 -1.56360e-01 | 84  0.00449 -8.44501e-03
 85  0.00513  1.22071e-01 | 86  0.00537  2.61216e-01 | 87  0.00705  4.36422e-01
 88  0.00963  6.59760e-01 | 89  0.01361  9.69939e-01 | 90  0.01372  1.42550e+00
 91  0.01248  2.12449e+00 | 92  0.01080  3.01479e+00 | 93  0.00276  3.70209e+00
 94  0.00363  4.38727e+00 | 95  0.02300  5.38406e+00 | 96  0.02148  5.11474e+00
 97 -0.00261  4.21403e+00 | 98  0.01586  5.85134e+00 | 99  0.08394  1.32080e+01
100  0.02835  1.09741e+01 |101 -0.01439  8.95652e+00 |102  0.00446  1.07077e+01
103  0.01955  1.33214e+01 |104  0.03886  2.28413e+01 |105  0.00304  2.53909e+01
106 -0.06231  1.65652e+01 |107 -0.07875  1.20336e+01 |108 -0.07712  9.65154e+00
109 -0.03440  8.12363e+00 |110  0.06997  9.47223e+00 |111  0.02382  4.43880e+00
112  0.01399  2.30708e+00 |113 -0.02776 -1.78928e+00 |114 -0.06698 -4.35772e+00
115 -0.00633 -1.04233e+01 |116  0.00477 -1.07322e+01 |117 -0.02715 -1.01984e+01
118  0.02836 -1.76541e+01 |119  0.07361 -2.54626e+01 |120  0.01051 -1.36388e+01
121  0.08266 -1.62542e+01 |122  0.00582 -5.43374e+00 |123  0.13296 -8.73061e+00
124 -0.00525 -1.86591e+00 |125 -0.04642 -8.06132e-01 |126 -0.05667 -7.19906e-02
127 -0.02189 -7.57749e-01 |128  0.09425 -5.29486e-01 |129  0.03193 -4.80164e-02
130  0.01687  1.11163e-01 |131 -0.02797 -6.20490e-02 |132 -0.01758 -6.70940e-06
133 -0.00587  1.20011e-05 |134 -0.00040 -1.51491e-06 |135  0.27523 -6.12629e-05
136  0.18628  3.94426e-04 |

 - final statistics:
136 variables; iteration 17; function evaluation 24
Function value 6.8684e+03; maximum gradient component mag 8.8383e+00
Exit code = 1;  converg criter 1.0000e+01
Var    Value     Gradient |Var    Value     Gradient |Var    Value     Gradient
  1 -0.42320  8.83829e+00 |  2 -0.10776  4.36640e-01 |  3 -0.00942 -5.65532e-02
  4 -0.00963 -5.92897e-02 |  5 -0.00984 -6.21905e-02 |  6 -0.01005 -6.52561e-02
  7 -0.01025 -6.84910e-02 |  8 -0.01045 -7.19080e-02 |  9 -0.01065 -7.55041e-02
 10 -0.01083 -7.92780e-02 | 11 -0.01101 -8.32351e-02 | 12 -0.01118 -8.73648e-02
 13 -0.01133 -9.16555e-02 | 14 -0.01148 -9.61073e-02 | 15 -0.01161 -1.00702e-01
 16 -0.01172 -1.05427e-01 | 17 -0.01182 -1.10270e-01 | 18 -0.01190 -1.15220e-01
 19 -0.01196 -1.20261e-01 | 20 -0.01200 -1.25395e-01 | 21 -0.01201 -1.30629e-01
 22 -0.01200 -1.35988e-01 | 23 -0.01197 -1.41526e-01 | 24 -0.01191 -1.47315e-01
 25 -0.01182 -1.53442e-01 | 26 -0.01171 -1.60029e-01 | 27 -0.01157 -1.67190e-01
 28 -0.01140 -1.75048e-01 | 29 -0.01119 -1.83711e-01 | 30 -0.01096 -1.93263e-01
 31 -0.01070 -2.03769e-01 | 32 -0.01042 -2.15232e-01 | 33 -0.01011 -2.27600e-01
 34 -0.00978 -2.40738e-01 | 35 -0.00943 -2.54423e-01 | 36 -0.00907 -2.68353e-01
 37 -0.00870 -2.82160e-01 | 38 -0.00834 -2.95442e-01 | 39 -0.00797 -3.07769e-01
 40 -0.00762 -3.18726e-01 | 41 -0.00728 -3.27922e-01 | 42 -0.00697 -3.35022e-01
 43 -0.00669 -3.39877e-01 | 44 -0.00643 -3.42560e-01 | 45 -0.00618 -3.43366e-01
 46 -0.00595 -3.42833e-01 | 47 -0.00572 -3.41649e-01 | 48 -0.00546 -3.40444e-01
 49 -0.00515 -3.39821e-01 | 50 -0.00478 -3.40173e-01 | 51 -0.00431 -3.41593e-01
 52 -0.00371 -3.43603e-01 | 53 -0.00293 -3.45321e-01 | 54 -0.00193 -3.45403e-01
 55 -0.00066 -3.42146e-01 | 56  0.00091 -3.34407e-01 | 57  0.00282 -3.21170e-01
 58  0.00509 -3.02468e-01 | 59  0.00773 -2.79390e-01 | 60  0.01071 -2.53449e-01
 61  0.01398 -2.25820e-01 | 62  0.01749 -1.96873e-01 | 63  0.02113 -1.67072e-01
 64  0.02475 -1.39027e-01 | 65  0.02814 -1.19807e-01 | 66  0.03104 -1.19988e-01
 67  0.03323 -1.46432e-01 | 68  0.03457 -1.94761e-01 | 69  0.03511 -2.46742e-01
 70  0.03501 -2.72995e-01 | 71  0.03446 -2.49491e-01 | 72  0.03351 -1.68334e-01
 73  0.03199 -5.31632e-02 | 74  0.02962  4.70499e-02 | 75  0.02625  8.47959e-02
 76  0.02212  5.25760e-02 | 77  0.01782 -1.15825e-02 | 78  0.01398 -6.52320e-02
 79  0.01097 -9.57628e-02 | 80  0.00880 -1.13758e-01 | 81  0.00726 -1.29423e-01
 82  0.00602 -1.44036e-01 | 83  0.00510 -1.51847e-01 | 84  0.00504 -1.46301e-01
 85  0.00592 -1.28477e-01 | 86  0.00645 -1.03220e-01 | 87  0.00842 -7.95460e-02
 88  0.01126 -6.45643e-02 | 89  0.01530 -8.23998e-02 | 90  0.01479 -1.15405e-01
 91  0.01186 -1.81728e-01 | 92  0.00770 -2.83362e-01 | 93 -0.00188 -2.56932e-01
 94 -0.00097  6.40797e-02 | 95  0.01874  4.48574e-01 | 96  0.02050  8.85834e-01
 97 -0.00307  6.37708e-01 | 98  0.01578  1.03408e+00 | 99  0.07834  1.93546e+00
100  0.02186  1.42954e+00 |101 -0.02069  8.69785e-01 |102 -0.00082  1.18011e+00
103  0.01908  2.35959e+00 |104  0.03250  3.75188e+00 |105 -0.01596  2.47463e+00
106 -0.07807  9.70724e-01 |107 -0.08756  2.28317e+00 |108 -0.08464  2.34563e+00
109 -0.04046  1.65646e+00 |110  0.06389  8.46497e-01 |111  0.01710  3.51190e-01
112  0.00757  1.33495e+00 |113 -0.02937  1.11719e+00 |114 -0.06943 -1.01647e+00
115 -0.00361 -1.25616e+00 |116 -0.00000 -1.88412e+00 |117 -0.02336 -1.90738e-01
118  0.03418 -8.75029e-01 |119  0.08592 -1.53772e+00 |120  0.02041 -5.61530e-01
121  0.09190 -1.42848e+00 |122  0.00876 -8.86879e-01 |123  0.14080  1.00139e+00
124 -0.00413 -9.49229e-01 |125 -0.04698 -1.04580e+00 |126 -0.05641  9.91715e-03
127 -0.01936  7.76482e-02 |128  0.09340 -8.00457e-01 |129  0.03298  3.27004e-01
130  0.01779  4.80145e-01 |131 -0.02629  4.73732e-01 |132 -0.01700  1.50616e-01
133 -0.00585  3.40346e-03 |134 -0.00039  2.73532e-03 |135  0.30089  1.54429e+00
136  0.20713  1.47811e+00 |

Initial statistics: 146 variables; iteration 0; function evaluation 0; phase 2
Function value 6.8683820e+03; maximum gradient component mag -1.2039e+02
Var    Value     Gradient |Var    Value     Gradient |Var    Value     Gradient
  1 -0.42320  8.83829e+00 |  2  0.37108 -4.27356e+01 |  3 -0.12611 -1.05705e+02
  4 -0.01318 -9.69497e+01 |  5 -0.70910  1.35320e+01 |  6 -0.60422  7.38819e+00
  7  0.37624 -5.32625e+01 |  8 -0.18520 -1.20388e+02 |  9  0.03404 -1.07916e+02
 10 -0.60952  4.34855e+00 | 11 -0.62338 -5.91222e+01 | 12 -0.10776  4.36640e-01
 13 -0.00942 -5.65532e-02 | 14 -0.00963 -5.92897e-02 | 15 -0.00984 -6.21905e-02
 16 -0.01005 -6.52561e-02 | 17 -0.01025 -6.84910e-02 | 18 -0.01045 -7.19080e-02
 19 -0.01065 -7.55041e-02 | 20 -0.01083 -7.92780e-02 | 21 -0.01101 -8.32351e-02
 22 -0.01118 -8.73648e-02 | 23 -0.01133 -9.16555e-02 | 24 -0.01148 -9.61073e-02
 25 -0.01161 -1.00702e-01 | 26 -0.01172 -1.05427e-01 | 27 -0.01182 -1.10270e-01
 28 -0.01190 -1.15220e-01 | 29 -0.01196 -1.20261e-01 | 30 -0.01200 -1.25395e-01
 31 -0.01201 -1.30629e-01 | 32 -0.01200 -1.35988e-01 | 33 -0.01197 -1.41526e-01
 34 -0.01191 -1.47315e-01 | 35 -0.01182 -1.53442e-01 | 36 -0.01171 -1.60029e-01
 37 -0.01157 -1.67190e-01 | 38 -0.01140 -1.75048e-01 | 39 -0.01119 -1.83711e-01
 40 -0.01096 -1.93263e-01 | 41 -0.01070 -2.03769e-01 | 42 -0.01042 -2.15232e-01
 43 -0.01011 -2.27600e-01 | 44 -0.00978 -2.40738e-01 | 45 -0.00943 -2.54423e-01
 46 -0.00907 -2.68353e-01 | 47 -0.00870 -2.82160e-01 | 48 -0.00834 -2.95442e-01
 49 -0.00797 -3.07769e-01 | 50 -0.00762 -3.18726e-01 | 51 -0.00728 -3.27922e-01
 52 -0.00697 -3.35022e-01 | 53 -0.00669 -3.39877e-01 | 54 -0.00643 -3.42560e-01
 55 -0.00618 -3.43366e-01 | 56 -0.00595 -3.42833e-01 | 57 -0.00572 -3.41649e-01
 58 -0.00546 -3.40444e-01 | 59 -0.00515 -3.39821e-01 | 60 -0.00478 -3.40173e-01
 61 -0.00431 -3.41593e-01 | 62 -0.00371 -3.43603e-01 | 63 -0.00293 -3.45321e-01
 64 -0.00193 -3.45403e-01 | 65 -0.00066 -3.42146e-01 | 66  0.00091 -3.34407e-01
 67  0.00282 -3.21170e-01 | 68  0.00509 -3.02468e-01 | 69  0.00773 -2.79390e-01
 70  0.01071 -2.53449e-01 | 71  0.01398 -2.25820e-01 | 72  0.01749 -1.96873e-01
 73  0.02113 -1.67072e-01 | 74  0.02475 -1.39027e-01 | 75  0.02814 -1.19807e-01
 76  0.03104 -1.19988e-01 | 77  0.03323 -1.46432e-01 | 78  0.03457 -1.94761e-01
 79  0.03511 -2.46742e-01 | 80  0.03501 -2.72995e-01 | 81  0.03446 -2.49491e-01
 82  0.03351 -1.68334e-01 | 83  0.03199 -5.31632e-02 | 84  0.02962  4.70499e-02
 85  0.02625  8.47959e-02 | 86  0.02212  5.25760e-02 | 87  0.01782 -1.15825e-02
 88  0.01398 -6.52320e-02 | 89  0.01097 -9.57628e-02 | 90  0.00880 -1.13758e-01
 91  0.00726 -1.29423e-01 | 92  0.00602 -1.44036e-01 | 93  0.00510 -1.51847e-01
 94  0.00504 -1.46301e-01 | 95  0.00592 -1.28477e-01 | 96  0.00645 -1.03220e-01
 97  0.00842 -7.95460e-02 | 98  0.01126 -6.45643e-02 | 99  0.01530 -8.23998e-02
100  0.01479 -1.15405e-01 |101  0.01186 -1.81728e-01 |102  0.00770 -2.83362e-01
103 -0.00188 -2.56932e-01 |104 -0.00097  6.40797e-02 |105  0.01874  4.48574e-01
106  0.02050  8.85834e-01 |107 -0.00307  6.37708e-01 |108  0.01578  1.03408e+00
109  0.07834  1.93546e+00 |110  0.02186  1.42954e+00 |111 -0.02069  8.69785e-01
112 -0.00082  1.18011e+00 |113  0.01908  2.35959e+00 |114  0.03250  3.75188e+00
115 -0.01596  2.47463e+00 |116 -0.07807  9.70724e-01 |117 -0.08756  2.28317e+00
118 -0.08464  2.34563e+00 |119 -0.04046  1.65646e+00 |120  0.06389  8.46497e-01
121  0.01710  3.51190e-01 |122  0.00757  1.33495e+00 |123 -0.02937  1.11719e+00
124 -0.06943 -1.01647e+00 |125 -0.00361 -1.25616e+00 |126 -0.00000 -1.88412e+00
127 -0.02336 -1.90738e-01 |128  0.03418 -8.75029e-01 |129  0.08592 -1.53772e+00
130  0.02041 -5.61530e-01 |131  0.09190 -1.42848e+00 |132  0.00876 -8.86879e-01
133  0.14080  1.00139e+00 |134 -0.00413 -9.49229e-01 |135 -0.04698 -1.04580e+00
136 -0.05641  9.91715e-03 |137 -0.01936  7.76482e-02 |138  0.09340 -8.00457e-01
139  0.03298  3.27004e-01 |140  0.01779  4.80145e-01 |141 -0.02629  4.73732e-01
142 -0.01700  1.50616e-01 |143 -0.00585  3.40346e-03 |144 -0.00039  2.73532e-03
145  0.30089  1.54429e+00 |146  0.20713  1.47811e+00 |

Intermediate statistics: 146 variables; iteration 20; function evaluation 25; phase 2
Function value 6.8673825e+03; maximum gradient component mag -1.1062e+02
Var    Value     Gradient |Var    Value     Gradient |Var    Value     Gradient
  1 -0.42401 -6.23261e+00 |  2  0.36722 -1.10615e+02 |  3 -0.12523 -3.54090e+01
  4 -0.00899 -8.26646e+01 |  5 -0.72660  8.72116e+00 |  6 -0.60289  2.83252e+01
  7  0.36859 -8.46408e+01 |  8 -0.18591 -2.82313e+01 |  9  0.04570 -7.20711e+01
 10 -0.63270  7.98849e+00 | 11 -0.61955  2.63663e+01 | 12 -0.10562 -1.48490e+01
 13 -0.00942 -5.65037e-02 | 14 -0.00963 -5.87568e-02 | 15 -0.00984 -6.11215e-02
 16 -0.01004 -6.36002e-02 | 17 -0.01024 -6.61964e-02 | 18 -0.01044 -6.89175e-02
 19 -0.01063 -7.17633e-02 | 20 -0.01081 -7.47335e-02 | 21 -0.01099 -7.78303e-02
 22 -0.01115 -8.10486e-02 | 23 -0.01130 -8.43834e-02 | 24 -0.01144 -8.78358e-02
 25 -0.01157 -9.14010e-02 | 26 -0.01168 -9.50791e-02 | 27 -0.01177 -9.88691e-02
 28 -0.01184 -1.02769e-01 | 29 -0.01190 -1.06766e-01 | 30 -0.01193 -1.10851e-01
 31 -0.01194 -1.15016e-01 | 32 -0.01192 -1.19271e-01 | 33 -0.01189 -1.23641e-01
 34 -0.01182 -1.28169e-01 | 35 -0.01173 -1.32906e-01 | 36 -0.01161 -1.37921e-01
 37 -0.01146 -1.43273e-01 | 38 -0.01128 -1.49017e-01 | 39 -0.01107 -1.55189e-01
 40 -0.01083 -1.61802e-01 | 41 -0.01055 -1.68866e-01 | 42 -0.01025 -1.76359e-01
 43 -0.00993 -1.84243e-01 | 44 -0.00958 -1.92448e-01 | 45 -0.00922 -2.00860e-01
 46 -0.00884 -2.09321e-01 | 47 -0.00845 -2.17640e-01 | 48 -0.00806 -2.25612e-01
 49 -0.00768 -2.33042e-01 | 50 -0.00732 -2.39771e-01 | 51 -0.00697 -2.45678e-01
 52 -0.00665 -2.50643e-01 | 53 -0.00636 -2.54585e-01 | 54 -0.00611 -2.57448e-01
 55 -0.00587 -2.59256e-01 | 56 -0.00565 -2.60196e-01 | 57 -0.00542 -2.60566e-01
 58 -0.00517 -2.60639e-01 | 59 -0.00487 -2.60680e-01 | 60 -0.00449 -2.60864e-01
 61 -0.00402 -2.61256e-01 | 62 -0.00341 -2.61675e-01 | 63 -0.00262 -2.61808e-01
 64 -0.00161 -2.61210e-01 | 65 -0.00035 -2.59303e-01 | 66  0.00121 -2.55960e-01
 67  0.00310 -2.51035e-01 | 68  0.00533 -2.44884e-01 | 69  0.00791 -2.38354e-01
 70  0.01081 -2.32396e-01 | 71  0.01400 -2.27843e-01 | 72  0.01741 -2.25176e-01
 73  0.02092 -2.24825e-01 | 74  0.02441 -2.27413e-01 | 75  0.02769 -2.33661e-01
 76  0.03058 -2.43695e-01 | 77  0.03289 -2.56493e-01 | 78  0.03448 -2.70279e-01
 79  0.03531 -2.83369e-01 | 80  0.03538 -2.94287e-01 | 81  0.03474 -3.01579e-01
 82  0.03340 -3.03811e-01 | 83  0.03135 -3.01183e-01 | 84  0.02856 -2.97274e-01
 85  0.02508 -2.99718e-01 | 86  0.02112 -3.15061e-01 | 87  0.01709 -3.41135e-01
 88  0.01345 -3.68913e-01 | 89  0.01056 -3.93415e-01 | 90  0.00846 -4.17244e-01
 91  0.00695 -4.45659e-01 | 92  0.00568 -4.82659e-01 | 93  0.00463 -5.28442e-01
 94  0.00444 -5.68744e-01 | 95  0.00521 -5.98206e-01 | 96  0.00524 -6.67250e-01
 97  0.00716 -7.00159e-01 | 98  0.01009 -7.43166e-01 | 99  0.01467 -7.53715e-01
100  0.01396 -8.27786e-01 |101  0.01126 -8.90968e-01 |102  0.00752 -9.23561e-01
103 -0.00255 -9.71345e-01 |104 -0.00172 -9.65267e-01 |105  0.01870 -8.84244e-01
106  0.01904 -6.42624e-01 |107 -0.00486 -8.36410e-01 |108  0.01218 -9.94681e-01
109  0.08158 -3.00894e-01 |110  0.01760  8.16723e-02 |111 -0.02045  1.29598e-01
112  0.00041  1.96019e-01 |113  0.01994  9.73184e-01 |114  0.03111  1.95811e+00
115 -0.01479  2.30556e+00 |116 -0.07773  1.02690e+00 |117 -0.08904  1.73015e+00
118 -0.08503  1.27785e+00 |119 -0.03866  7.95242e-01 |120  0.06229  4.29735e+00
121  0.01609  4.02160e+00 |122  0.00812  2.72011e+00 |123 -0.02859  2.00805e+00
124 -0.06645 -9.27146e-01 |125 -0.00249 -5.50962e-01 |126 -0.00101 -7.74684e-01
127 -0.02295 -1.05045e-01 |128  0.03958 -3.64562e-01 |129  0.07739 -2.11134e+00
130  0.03273  7.24242e-01 |131  0.08512 -2.67511e-01 |132  0.00817  5.03493e-01
133  0.13649  2.05419e-01 |134 -0.00086 -9.43680e-01 |135 -0.04376 -1.16218e+00
136 -0.05416 -1.74680e-01 |137 -0.01933  1.10686e-01 |138  0.09033  6.35327e-02
139  0.03448  4.03686e-01 |140  0.01717 -1.57724e-01 |141 -0.02432  3.27260e-01
142 -0.01670  1.74533e-01 |143 -0.00257 -3.08725e-02 |144 -0.00038  1.32205e-03
145  0.29565 -5.21235e+00 |146  0.20490 -9.17624e-01 |

 - final statistics:
146 variables; iteration 33; function evaluation 44
Function value 6.8668e+03; maximum gradient component mag 2.5109e+00
Exit code = 1;  converg criter 1.0000e+01
Var    Value     Gradient |Var    Value     Gradient |Var    Value     Gradient
  1 -0.42355 -1.20316e+00 |  2  0.36516  7.11004e-01 |  3 -0.12836 -1.63991e-01
  4 -0.00101  1.04215e+00 |  5 -0.74323 -2.61080e-01 |  6 -0.60332 -1.00712e+00
  7  0.36454  3.23752e-01 |  8 -0.18913  6.11234e-01 |  9  0.05797  1.06153e+00
 10 -0.65558  6.20722e-01 | 11 -0.61906  2.96155e-01 | 12 -0.10468  2.51090e+00
 13 -0.00926  1.94085e-02 | 14 -0.00946  1.99885e-02 | 15 -0.00966  2.05868e-02
 16 -0.00986  2.12037e-02 | 17 -0.01006  2.18395e-02 | 18 -0.01025  2.24942e-02
 19 -0.01043  2.31677e-02 | 20 -0.01060  2.38598e-02 | 21 -0.01077  2.45703e-02
 22 -0.01092  2.52990e-02 | 23 -0.01107  2.60455e-02 | 24 -0.01120  2.68092e-02
 25 -0.01131  2.75893e-02 | 26 -0.01142  2.83846e-02 | 27 -0.01150  2.91936e-02
 28 -0.01156  3.00134e-02 | 29 -0.01161  3.08399e-02 | 30 -0.01163  3.16694e-02
 31 -0.01163  3.25000e-02 | 32 -0.01161  3.33288e-02 | 33 -0.01156  3.41508e-02
 34 -0.01149  3.49594e-02 | 35 -0.01139  3.57448e-02 | 36 -0.01126  3.64948e-02
 37 -0.01110  3.71950e-02 | 38 -0.01091  3.78311e-02 | 39 -0.01068  3.83906e-02
 40 -0.01043  3.88608e-02 | 41 -0.01014  3.92423e-02 | 42 -0.00983  3.95303e-02
 43 -0.00949  3.97215e-02 | 44 -0.00913  3.98097e-02 | 45 -0.00875  3.97845e-02
 46 -0.00835  3.96324e-02 | 47 -0.00795  3.93370e-02 | 48 -0.00756  3.88759e-02
 49 -0.00717  3.82192e-02 | 50 -0.00679  3.73256e-02 | 51 -0.00645  3.61424e-02
 52 -0.00613  3.46152e-02 | 53 -0.00585  3.27098e-02 | 54 -0.00561  3.04196e-02
 55 -0.00539  2.77625e-02 | 56 -0.00518  2.47699e-02 | 57 -0.00498  2.14734e-02
 58 -0.00475  1.79030e-02 | 59 -0.00447  1.40978e-02 | 60 -0.00412  1.00936e-02
 61 -0.00367  5.91766e-03 | 62 -0.00307  1.56601e-03 | 63 -0.00230 -3.00626e-03
 64 -0.00132 -7.91461e-03 | 65 -0.00008 -1.33558e-02 | 66  0.00144 -1.95487e-02
 67  0.00327 -2.66478e-02 | 68  0.00544 -3.45202e-02 | 69  0.00795 -4.25534e-02
 70  0.01078 -4.96573e-02 | 71  0.01391 -5.45899e-02 | 72  0.01727 -5.68398e-02
 73  0.02074 -5.83696e-02 | 74  0.02416 -6.56731e-02 | 75  0.02731 -8.72017e-02
 76  0.03001 -1.19348e-01 | 77  0.03222 -1.34697e-01 | 78  0.03397 -1.04250e-01
 79  0.03513 -3.90183e-02 | 80  0.03542  8.08000e-03 | 81  0.03465 -1.14040e-04
 82  0.03295 -4.30545e-02 | 83  0.03069 -5.49081e-02 | 84  0.02801 -3.11052e-03
 85  0.02474  6.43157e-02 | 86  0.02086  9.42194e-02 | 87  0.01684  1.02048e-01
 88  0.01325  1.18752e-01 | 89  0.01043  1.48185e-01 | 90  0.00843  1.84743e-01
 91  0.00703  2.25798e-01 | 92  0.00587  2.69778e-01 | 93  0.00489  3.12883e-01
 94  0.00470  3.50861e-01 | 95  0.00543  3.86174e-01 | 96  0.00550  4.34493e-01
 97  0.00737  4.67777e-01 | 98  0.01028  4.92497e-01 | 99  0.01467  4.49364e-01
100  0.01442  4.81296e-01 |101  0.01175  4.05002e-01 |102  0.00807  2.74793e-01
103 -0.00210  9.82979e-02 |104 -0.00179 -4.68206e-02 |105  0.01784 -2.58777e-01
106  0.01808 -3.77099e-01 |107 -0.00642 -5.12463e-01 |108  0.01344  9.52031e-02
109  0.08036 -3.70549e-01 |110  0.01934  2.89213e-01 |111 -0.01989  1.92915e-01
112  0.00142 -6.42262e-02 |113  0.01984 -5.29434e-01 |114  0.02924 -7.56414e-01
115 -0.01359 -3.23748e-01 |116 -0.07714  1.33322e-01 |117 -0.09089  1.01857e-01
118 -0.08538 -1.51260e-01 |119 -0.03639 -2.91004e-01 |120  0.05745 -5.80476e-01
121  0.01259 -5.84411e-01 |122  0.00687 -2.27128e-01 |123 -0.02701  4.19062e-01
124 -0.06316  3.73728e-01 |125 -0.00425 -5.67069e-01 |126  0.00026  1.56269e-01
127 -0.02375 -3.67261e-01 |128  0.03711 -3.61382e-01 |129  0.07670 -3.65063e-01
130  0.03361  1.54442e-01 |131  0.07952 -6.60660e-02 |132  0.00455 -5.36102e-02
133  0.13109  2.59654e-01 |134  0.00258 -1.96494e-01 |135 -0.04041 -3.12584e-02
136 -0.05268  1.22329e-04 |137 -0.01982  1.54004e-03 |138  0.08691  5.29168e-01
139  0.03548  2.01836e-01 |140  0.01559 -3.73433e-01 |141 -0.02444  2.96740e-02
142 -0.01724  1.00333e-01 |143 -0.00158  5.95163e-02 |144 -0.00038 -7.75738e-04
145  0.29632  8.02368e-01 |146  0.20434  2.88701e-01 |

Initial statistics: 176 variables; iteration 0; function evaluation 0; phase 3
Function value 6.8668153e+03; maximum gradient component mag 5.7775e+01
Var    Value     Gradient |Var    Value     Gradient |Var    Value     Gradient
  1 -0.42355 -1.20316e+00 |  2  0.36516  7.11004e-01 |  3 -0.12836 -1.63991e-01
  4 -0.00101  1.04215e+00 |  5 -0.74323 -2.61080e-01 |  6 -0.60332 -1.00712e+00
  7  0.36454  3.23752e-01 |  8 -0.18913  6.11234e-01 |  9  0.05797  1.06153e+00
 10 -0.65558  6.20722e-01 | 11 -0.61906  2.96155e-01 | 12 -0.10468  2.51090e+00
 13 -0.00926  1.94085e-02 | 14 -0.00946  1.99885e-02 | 15 -0.00966  2.05868e-02
 16 -0.00986  2.12037e-02 | 17 -0.01006  2.18395e-02 | 18 -0.01025  2.24942e-02
 19 -0.01043  2.31677e-02 | 20 -0.01060  2.38598e-02 | 21 -0.01077  2.45703e-02
 22 -0.01092  2.52990e-02 | 23 -0.01107  2.60455e-02 | 24 -0.01120  2.68092e-02
 25 -0.01131  2.75893e-02 | 26 -0.01142  2.83846e-02 | 27 -0.01150  2.91936e-02
 28 -0.01156  3.00134e-02 | 29 -0.01161  3.08399e-02 | 30 -0.01163  3.16694e-02
 31 -0.01163  3.25000e-02 | 32 -0.01161  3.33288e-02 | 33 -0.01156  3.41508e-02
 34 -0.01149  3.49594e-02 | 35 -0.01139  3.57448e-02 | 36 -0.01126  3.64948e-02
 37 -0.01110  3.71950e-02 | 38 -0.01091  3.78311e-02 | 39 -0.01068  3.83906e-02
 40 -0.01043  3.88608e-02 | 41 -0.01014  3.92423e-02 | 42 -0.00983  3.95303e-02
 43 -0.00949  3.97215e-02 | 44 -0.00913  3.98097e-02 | 45 -0.00875  3.97845e-02
 46 -0.00835  3.96324e-02 | 47 -0.00795  3.93370e-02 | 48 -0.00756  3.88759e-02
 49 -0.00717  3.82192e-02 | 50 -0.00679  3.73256e-02 | 51 -0.00645  3.61424e-02
 52 -0.00613  3.46152e-02 | 53 -0.00585  3.27098e-02 | 54 -0.00561  3.04196e-02
 55 -0.00539  2.77625e-02 | 56 -0.00518  2.47699e-02 | 57 -0.00498  2.14734e-02
 58 -0.00475  1.79030e-02 | 59 -0.00447  1.40978e-02 | 60 -0.00412  1.00936e-02
 61 -0.00367  5.91766e-03 | 62 -0.00307  1.56601e-03 | 63 -0.00230 -3.00626e-03
 64 -0.00132 -7.91461e-03 | 65 -0.00008 -1.33558e-02 | 66  0.00144 -1.95487e-02
 67  0.00327 -2.66478e-02 | 68  0.00544 -3.45202e-02 | 69  0.00795 -4.25534e-02
 70  0.01078 -4.96573e-02 | 71  0.01391 -5.45899e-02 | 72  0.01727 -5.68398e-02
 73  0.02074 -5.83696e-02 | 74  0.02416 -6.56731e-02 | 75  0.02731 -8.72017e-02
 76  0.03001 -1.19348e-01 | 77  0.03222 -1.34697e-01 | 78  0.03397 -1.04250e-01
 79  0.03513 -3.90183e-02 | 80  0.03542  8.08000e-03 | 81  0.03465 -1.14040e-04
 82  0.03295 -4.30545e-02 | 83  0.03069 -5.49081e-02 | 84  0.02801 -3.11052e-03
 85  0.02474  6.43157e-02 | 86  0.02086  9.42194e-02 | 87  0.01684  1.02048e-01
 88  0.01325  1.18752e-01 | 89  0.01043  1.48185e-01 | 90  0.00843  1.84743e-01
 91  0.00703  2.25798e-01 | 92  0.00587  2.69778e-01 | 93  0.00489  3.12883e-01
 94  0.00470  3.50861e-01 | 95  0.00543  3.86174e-01 | 96  0.00550  4.34493e-01
 97  0.00737  4.67777e-01 | 98  0.01028  4.92497e-01 | 99  0.01467  4.49364e-01
100  0.01442  4.81296e-01 |101  0.01175  4.05002e-01 |102  0.00807  2.74793e-01
103 -0.00210  9.82979e-02 |104 -0.00179 -4.68206e-02 |105  0.01784 -2.58777e-01
106  0.01808 -3.77099e-01 |107 -0.00642 -5.12463e-01 |108  0.01344  9.52031e-02
109  0.08036 -3.70549e-01 |110  0.01934  2.89213e-01 |111 -0.01989  1.92915e-01
112  0.00142 -6.42262e-02 |113  0.01984 -5.29434e-01 |114  0.02924 -7.56414e-01
115 -0.01359 -3.23748e-01 |116 -0.07714  1.33322e-01 |117 -0.09089  1.01857e-01
118 -0.08538 -1.51260e-01 |119 -0.03639 -2.91004e-01 |120  0.05745 -5.80476e-01
121  0.01259 -5.84411e-01 |122  0.00687 -2.27128e-01 |123 -0.02701  4.19062e-01
124 -0.06316  3.73728e-01 |125 -0.00425 -5.67069e-01 |126  0.00026  1.56269e-01
127 -0.02375 -3.67261e-01 |128  0.03711 -3.61382e-01 |129  0.07670 -3.65063e-01
130  0.03361  1.54442e-01 |131  0.07952 -6.60660e-02 |132  0.00455 -5.36102e-02
133  0.13109  2.59654e-01 |134  0.00258 -1.96494e-01 |135 -0.04041 -3.12584e-02
136 -0.05268  1.22329e-04 |137 -0.01982  1.54004e-03 |138  0.08691  5.29168e-01
139  0.03548  2.01836e-01 |140  0.01559 -3.73433e-01 |141 -0.02444  2.96740e-02
142 -0.01724  1.00333e-01 |143 -0.00158  5.95163e-02 |144 -0.00038 -7.75738e-04
145  0.29632  8.02368e-01 |146  0.20434  2.88701e-01 |147  0.04655 -1.56362e+01
148  0.29672  2.74480e+01 |149 -0.47550 -9.65920e-01 |150  0.31378  1.96279e-01
151  0.18240 -3.05849e+01 |152  0.25985  5.07661e+01 |153  0.17452  1.36555e+00
154  0.25418  1.01440e+00 |155  0.10334 -6.52370e+00 |156  0.29675  1.43247e+01
157  0.16884  2.67171e+00 |158  0.24621 -3.00979e+00 |159 -0.35199  1.09795e+00
160  0.24280 -1.25163e+00 |161  0.20262  6.47202e+00 |162  0.31674 -1.18918e+01
163 -0.38070 -2.42732e+00 |164  0.23598  5.78313e+00 |165  0.05108  4.30941e+00
166  0.11964  1.80234e+01 |167  0.32137 -5.84603e+00 |168  0.27251 -1.98067e+01
169  0.01338  5.38738e+00 |170  0.39320 -9.65402e-01 |171  0.09929  5.77750e+01
172  0.16363  1.12561e+01 |173  0.21869 -4.08412e+01 |174  0.25726  7.50734e+00
175 -0.55411  1.00841e+00 |176  0.17113 -3.41684e-01 |

Intermediate statistics: 176 variables; iteration 20; function evaluation 25; phase 3
Function value 6.8665576e+03; maximum gradient component mag -2.6305e+01
Var    Value     Gradient |Var    Value     Gradient |Var    Value     Gradient
  1 -0.42350 -8.74157e+00 |  2  0.36521 -1.69640e+01 |  3 -0.12886 -2.63048e+01
  4 -0.00119 -1.87176e+01 |  5 -0.74283 -4.56832e-01 |  6 -0.60329 -4.90660e+00
  7  0.36465  1.02779e+01 |  8 -0.18919  1.29599e+01 |  9  0.05804  8.51464e+00
 10 -0.65583  3.16418e-01 | 11 -0.61905  1.10381e-01 | 12 -0.10595  9.86979e+00
 13 -0.00937  2.94669e-02 | 14 -0.00958  3.02345e-02 | 15 -0.00979  3.10170e-02
 16 -0.00999  3.18143e-02 | 17 -0.01019  3.26280e-02 | 18 -0.01038  3.34572e-02
 19 -0.01057  3.43020e-02 | 20 -0.01074  3.51630e-02 | 21 -0.01091  3.60408e-02
 22 -0.01107  3.69360e-02 | 23 -0.01122  3.78493e-02 | 24 -0.01136  3.87809e-02
 25 -0.01148  3.97305e-02 | 26 -0.01158  4.06970e-02 | 27 -0.01167  4.16794e-02
 28 -0.01174  4.26780e-02 | 29 -0.01179  4.36952e-02 | 30 -0.01182  4.47337e-02
 31 -0.01182  4.57963e-02 | 32 -0.01180  4.68831e-02 | 33 -0.01176  4.79928e-02
 34 -0.01169  4.91230e-02 | 35 -0.01160  5.02705e-02 | 36 -0.01147  5.14324e-02
 37 -0.01132  5.26074e-02 | 38 -0.01113  5.37973e-02 | 39 -0.01091  5.50054e-02
 40 -0.01066  5.62293e-02 | 41 -0.01038  5.74865e-02 | 42 -0.01007  5.87763e-02
 43 -0.00973  6.01001e-02 | 44 -0.00937  6.14598e-02 | 45 -0.00900  6.28555e-02
 46 -0.00861  6.42875e-02 | 47 -0.00821  6.57595e-02 | 48 -0.00781  6.72711e-02
 49 -0.00743  6.88210e-02 | 50 -0.00705  7.04064e-02 | 51 -0.00671  7.20237e-02
 52 -0.00639  7.36723e-02 | 53 -0.00611  7.53706e-02 | 54 -0.00586  7.71428e-02
 55 -0.00564  7.90124e-02 | 56 -0.00543  8.10085e-02 | 57 -0.00522  8.31646e-02
 58 -0.00499  8.55071e-02 | 59 -0.00470  8.80849e-02 | 60 -0.00435  9.09399e-02
 61 -0.00389  9.41295e-02 | 62 -0.00329  9.76908e-02 | 63 -0.00251  1.01674e-01
 64 -0.00152  1.06134e-01 | 65 -0.00027  1.11074e-01 | 66  0.00126  1.16631e-01
 67  0.00311  1.22809e-01 | 68  0.00530  1.29675e-01 | 69  0.00783  1.37421e-01
 70  0.01068  1.46310e-01 | 71  0.01383  1.56674e-01 | 72  0.01719  1.68661e-01
 73  0.02067  1.81761e-01 | 74  0.02412  1.93991e-01 | 75  0.02735  2.02251e-01
 76  0.03019  2.06580e-01 | 77  0.03247  2.14955e-01 | 78  0.03414  2.37081e-01
 79  0.03510  2.69773e-01 | 80  0.03526  2.95046e-01 | 81  0.03458  3.00024e-01
 82  0.03311  2.91998e-01 | 83  0.03096  2.92685e-01 | 84  0.02817  3.11039e-01
 85  0.02475  3.30963e-01 | 86  0.02085  3.38084e-01 | 87  0.01689  3.39202e-01
 88  0.01334  3.43658e-01 | 89  0.01053  3.52942e-01 | 90  0.00851  3.65878e-01
 91  0.00709  3.81665e-01 | 92  0.00591  3.98989e-01 | 93  0.00491  4.16311e-01
 94  0.00473  4.34772e-01 | 95  0.00548  4.55657e-01 | 96  0.00550  4.75991e-01
 97  0.00736  4.98773e-01 | 98  0.01027  5.24499e-01 | 99  0.01488  5.38575e-01
100  0.01447  5.50374e-01 |101  0.01189  5.22229e-01 |102  0.00837  4.70143e-01
103 -0.00165  3.99302e-01 |104 -0.00135  3.62596e-01 |105  0.01853  3.18630e-01
106  0.01868  2.40171e-01 |107 -0.00563  7.03611e-02 |108  0.01207 -1.43708e-02
109  0.08009 -3.49742e-01 |110  0.01720 -2.31189e-01 |111 -0.02159 -2.99388e-01
112 -0.00021 -3.96380e-01 |113  0.01864 -4.95899e-01 |114  0.02815 -6.11842e-01
115 -0.01496 -3.91553e-01 |116 -0.07883 -3.51908e-01 |117 -0.09232 -3.73599e-01
118 -0.08617 -3.54283e-01 |119 -0.03703 -6.01120e-01 |120  0.05684 -1.08667e+00
121  0.01293 -6.68055e-01 |122  0.00702 -6.06219e-01 |123 -0.02768 -4.14218e-01
124 -0.06377 -3.64769e-01 |125 -0.00226 -4.91012e-01 |126  0.00060 -4.23102e-01
127 -0.02163 -2.92302e-01 |128  0.03972 -3.41200e-01 |129  0.08052 -3.35823e-01
130  0.03579 -2.57193e-02 |131  0.08344 -2.97540e-02 |132  0.00696 -5.10453e-03
133  0.13416  7.20153e-02 |134  0.00471  1.09823e-01 |135 -0.03937 -1.42275e-02
136 -0.05216  2.03299e-02 |137 -0.01945 -6.20867e-02 |138  0.08619 -1.11528e-01
139  0.03529  5.82182e-02 |140  0.01694 -5.50775e-02 |141 -0.02423 -2.33870e-02
142 -0.01731  3.53421e-02 |143 -0.00165  1.01376e-02 |144 -0.00035  4.13588e-04
145  0.29891  1.51663e+00 |146  0.20682  2.16353e+00 |147  0.04760  2.83562e+00
148  0.29522 -3.73036e+00 |149 -0.47190 -1.33402e-01 |150  0.31344 -1.37069e-01
151  0.18910 -1.12350e+00 |152  0.26004  2.36457e+00 |153  0.17342  3.71526e-01
154  0.25311 -1.00529e-01 |155  0.10572 -6.01364e-01 |156  0.29620  1.49306e+00
157  0.16790 -5.73762e-01 |158  0.24580  8.63925e-01 |159 -0.35283  3.67507e-01
160  0.24261 -4.94048e-01 |161  0.19721  1.02021e+00 |162  0.31691 -3.93800e+00
163 -0.37966 -7.80798e-01 |164  0.23532  1.94575e+00 |165  0.05014  1.12434e+00
166  0.11770  2.70757e+00 |167  0.32236 -1.55163e+00 |168  0.27324 -2.74837e+00
169  0.01018  7.42775e-01 |170  0.39088 -6.51085e-01 |171  0.09848  1.24095e+01
172  0.16286  8.53902e+00 |173  0.21918 -7.24926e+00 |174  0.25623 -7.72753e+00
175 -0.55709  9.14840e-01 |176  0.17058  2.13920e-01 |
176 variables; iteration 40; function evaluation 47; phase 3
Function value 6.8665510e+03; maximum gradient component mag -2.2013e+01
Var    Value     Gradient |Var    Value     Gradient |Var    Value     Gradient
  1 -0.42345 -7.30932e+00 |  2  0.36515 -1.49472e+01 |  3 -0.12885 -2.20135e+01
  4 -0.00106 -1.58013e+01 |  5 -0.74297 -4.26349e-01 |  6 -0.60330 -4.83570e+00
  7  0.36466  9.07332e+00 |  8 -0.18922  1.07815e+01 |  9  0.05799  7.02385e+00
 10 -0.65579  3.65775e-01 | 11 -0.61904  7.44448e-01 | 12 -0.10667  8.08464e+00
 13 -0.00936  2.58098e-02 | 14 -0.00957  2.66108e-02 | 15 -0.00977  2.74360e-02
 16 -0.00998  2.82859e-02 | 17 -0.01017  2.91625e-02 | 18 -0.01037  3.00655e-02
 19 -0.01055  3.09956e-02 | 20 -0.01073  3.19537e-02 | 21 -0.01090  3.29408e-02
 22 -0.01105  3.39578e-02 | 23 -0.01120  3.50058e-02 | 24 -0.01133  3.60854e-02
 25 -0.01145  3.71967e-02 | 26 -0.01156  3.83392e-02 | 27 -0.01165  3.95121e-02
 28 -0.01171  4.07161e-02 | 29 -0.01176  4.19544e-02 | 30 -0.01179  4.32299e-02
 31 -0.01179  4.45455e-02 | 32 -0.01177  4.59017e-02 | 33 -0.01173  4.72985e-02
 34 -0.01166  4.87351e-02 | 35 -0.01156  5.02103e-02 | 36 -0.01143  5.17232e-02
 37 -0.01128  5.32744e-02 | 38 -0.01109  5.48666e-02 | 39 -0.01087  5.65034e-02
 40 -0.01061  5.81819e-02 | 41 -0.01033  5.99181e-02 | 42 -0.01002  6.17103e-02
 43 -0.00968  6.35591e-02 | 44 -0.00932  6.54664e-02 | 45 -0.00894  6.74325e-02
 46 -0.00855  6.94575e-02 | 47 -0.00815  7.15453e-02 | 48 -0.00776  7.36964e-02
 49 -0.00737  7.59119e-02 | 50 -0.00700  7.81928e-02 | 51 -0.00665  8.05388e-02
 52 -0.00633  8.29480e-02 | 53 -0.00605  8.54294e-02 | 54 -0.00580  8.79913e-02
 55 -0.00558  9.06417e-02 | 56 -0.00537  9.34032e-02 | 57 -0.00516  9.63094e-02
 58 -0.00493  9.93861e-02 | 59 -0.00464  1.02682e-01 | 60 -0.00429  1.06241e-01
 61 -0.00383  1.10126e-01 | 62 -0.00323  1.14386e-01 | 63 -0.00245  1.19100e-01
 64 -0.00146  1.24375e-01 | 65 -0.00022  1.30295e-01 | 66  0.00132  1.37110e-01
 67  0.00318  1.44921e-01 | 68  0.00537  1.53807e-01 | 69  0.00790  1.63780e-01
 70  0.01076  1.74678e-01 | 71  0.01391  1.86274e-01 | 72  0.01727  1.98447e-01
 73  0.02075  2.11539e-01 | 74  0.02422  2.26252e-01 | 75  0.02750  2.42273e-01
 76  0.03040  2.56910e-01 | 77  0.03272  2.68019e-01 | 78  0.03434  2.77855e-01
 79  0.03521  2.88697e-01 | 80  0.03531  2.97460e-01 | 81  0.03466  3.01249e-01
 82  0.03328  3.03136e-01 | 83  0.03119  3.05422e-01 | 84  0.02834  3.03003e-01
 85  0.02482  2.94123e-01 | 86  0.02091  2.86510e-01 | 87  0.01699  2.82186e-01
 88  0.01346  2.76903e-01 | 89  0.01065  2.70145e-01 | 90  0.00863  2.63189e-01
 91  0.00720  2.56530e-01 | 92  0.00602  2.49834e-01 | 93  0.00504  2.43153e-01
 94  0.00488  2.37710e-01 | 95  0.00565  2.32763e-01 | 96  0.00564  2.23073e-01
 97  0.00744  2.14247e-01 | 98  0.01023  2.05189e-01 | 99  0.01491  2.09983e-01
100  0.01438  1.91208e-01 |101  0.01178  1.75535e-01 |102  0.00838  1.62607e-01
103 -0.00167  1.56703e-01 |104 -0.00165  1.54891e-01 |105  0.01874  1.81697e-01
106  0.01870  1.89644e-01 |107 -0.00603  1.08605e-01 |108  0.01176 -4.37714e-02
109  0.08064 -1.66320e-02 |110  0.01646 -1.20939e-01 |111 -0.02149 -9.19581e-02
112 -0.00014 -1.36875e-01 |113  0.01853 -2.28919e-01 |114  0.02804 -3.80927e-01
115 -0.01520 -3.29466e-01 |116 -0.07906 -3.40346e-01 |117 -0.09249 -3.26977e-01
118 -0.08621 -2.22022e-01 |119 -0.03709 -4.02934e-01 |120  0.05666 -7.54371e-01
121  0.01282 -4.35827e-01 |122  0.00690 -4.20257e-01 |123 -0.02792 -3.67164e-01
124 -0.06395 -3.54969e-01 |125 -0.00270 -5.89050e-01 |126  0.00042 -4.15755e-01
127 -0.02171 -2.70725e-01 |128  0.03941 -3.69647e-01 |129  0.08039 -3.20259e-01
130  0.03547 -9.98262e-02 |131  0.08331 -2.03452e-02 |132  0.00665 -8.50358e-02
133  0.13398  3.21227e-02 |134  0.00462  1.08248e-01 |135 -0.03961 -8.18352e-02
136 -0.05220  2.57867e-02 |137 -0.01952 -6.51675e-02 |138  0.08590 -1.81678e-01
139  0.03524  4.60030e-02 |140  0.01690 -4.08465e-02 |141 -0.02406  4.15254e-02
142 -0.01717  8.10398e-02 |143 -0.00169  1.20949e-03 |144 -0.00033  6.63973e-03
145  0.29994  1.41953e+00 |146  0.20952  1.89443e+00 |147  0.04746  2.36939e+00
148  0.29511 -4.45557e+00 |149 -0.47247 -3.04639e-01 |150  0.31335 -7.68456e-02
151  0.18918 -1.12959e+00 |152  0.26006  2.47981e+00 |153  0.17336 -3.11922e-01
154  0.25315  7.70350e-01 |155  0.10559 -5.64542e-01 |156  0.29611  1.16207e+00
157  0.16804  6.60092e-01 |158  0.24570 -1.08819e+00 |159 -0.35291  7.55953e-02
160  0.24272  2.14069e-01 |161  0.19716  8.18706e-01 |162  0.31695 -3.63960e+00
163 -0.37975 -1.04994e+00 |164  0.23540  2.65156e+00 |165  0.04986  7.71205e-02
166  0.11754  1.98740e+00 |167  0.32249 -3.46045e-01 |168  0.27315 -2.59211e+00
169  0.01022  5.98574e-01 |170  0.39117 -3.51116e-01 |171  0.09843  1.02062e+01
172  0.16283  7.11247e+00 |173  0.21914 -6.67661e+00 |174  0.25622 -6.72153e+00
175 -0.56656  3.36736e-01 |176  0.16612  1.26956e-02 |
176 variables; iteration 60; function evaluation 73; phase 3
Function value 6.8665390e+03; maximum gradient component mag -1.7387e+00
Var    Value     Gradient |Var    Value     Gradient |Var    Value     Gradient
  1 -0.42334 -5.76774e-01 |  2  0.36518 -1.16629e+00 |  3 -0.12860 -1.73874e+00
  4 -0.00100 -1.24778e+00 |  5 -0.74284 -7.88185e-03 |  6 -0.60324 -3.93589e-01
  7  0.36456  7.24826e-01 |  8 -0.18935  8.49036e-01 |  9  0.05807  5.24474e-01
 10 -0.65567  1.09838e-01 | 11 -0.61912  4.93760e-02 | 12 -0.10767  6.15482e-01
 13 -0.00936  2.32835e-03 | 14 -0.00956  2.56185e-03 | 15 -0.00977  2.81676e-03
 16 -0.00997  3.09419e-03 | 17 -0.01016  3.39544e-03 | 18 -0.01035  3.72129e-03
 19 -0.01054  4.07249e-03 | 20 -0.01072  4.44970e-03 | 21 -0.01088  4.85330e-03
 22 -0.01104  5.28350e-03 | 23 -0.01119  5.74029e-03 | 24 -0.01132  6.22345e-03
 25 -0.01144  6.73240e-03 | 26 -0.01154  7.26622e-03 | 27 -0.01163  7.82391e-03
 28 -0.01169  8.40510e-03 | 29 -0.01174  9.00979e-03 | 30 -0.01176  9.63708e-03
 31 -0.01176  1.02851e-02 | 32 -0.01174  1.09517e-02 | 33 -0.01170  1.16353e-02
 34 -0.01163  1.23344e-02 | 35 -0.01153  1.30479e-02 | 36 -0.01140  1.37753e-02
 37 -0.01124  1.45154e-02 | 38 -0.01105  1.52668e-02 | 39 -0.01083  1.60263e-02
 40 -0.01057  1.67869e-02 | 41 -0.01029  1.75455e-02 | 42 -0.00998  1.82931e-02
 43 -0.00964  1.90216e-02 | 44 -0.00928  1.97233e-02 | 45 -0.00890  2.03896e-02
 46 -0.00850  2.10108e-02 | 47 -0.00810  2.15777e-02 | 48 -0.00771  2.20807e-02
 49 -0.00732  2.25110e-02 | 50 -0.00694  2.28609e-02 | 51 -0.00660  2.31217e-02
 52 -0.00628  2.32806e-02 | 53 -0.00600  2.33226e-02 | 54 -0.00575  2.32296e-02
 55 -0.00553  2.29865e-02 | 56 -0.00532  2.25879e-02 | 57 -0.00512  2.20371e-02
 58 -0.00488  2.13394e-02 | 59 -0.00460  2.05105e-02 | 60 -0.00425  1.95736e-02
 61 -0.00379  1.85673e-02 | 62 -0.00320  1.75438e-02 | 63 -0.00242  1.65758e-02
 64 -0.00144  1.57493e-02 | 65 -0.00019  1.51313e-02 | 66  0.00134  1.47392e-02
 67  0.00320  1.44465e-02 | 68  0.00539  1.39988e-02 | 69  0.00792  1.31791e-02
 70  0.01077  1.20698e-02 | 71  0.01391  1.10403e-02 | 72  0.01727  9.94532e-03
 73  0.02074  7.34513e-03 | 74  0.02418  3.11456e-03 | 75  0.02747  4.65559e-03
 76  0.03045  2.01265e-02 | 77  0.03286  3.45080e-02 | 78  0.03442  1.95082e-02
 79  0.03506 -2.14107e-02 | 80  0.03502 -4.82608e-02 | 81  0.03447 -3.28019e-02
 82  0.03334  6.95874e-03 | 83  0.03133  2.17662e-02 | 84  0.02840  3.71641e-03
 85  0.02487 -4.08900e-03 | 86  0.02100  1.36649e-03 | 87  0.01706 -2.09182e-03
 88  0.01351 -7.57813e-03 | 89  0.01070 -9.01698e-03 | 90  0.00870 -8.30378e-03
 91  0.00730 -6.97945e-03 | 92  0.00614 -5.63272e-03 | 93  0.00518 -4.72961e-03
 94  0.00503 -3.45709e-03 | 95  0.00581 -8.89574e-04 | 96  0.00582  2.75579e-03
 97  0.00766  9.58619e-03 | 98  0.01049  1.78583e-02 | 99  0.01509  1.18588e-02
100  0.01467  3.41143e-02 |101  0.01203  3.68814e-02 |102  0.00859  4.09012e-02
103 -0.00152  4.69891e-02 |104 -0.00158  4.19740e-02 |105  0.01864  2.74673e-02
106  0.01848  1.60836e-02 |107 -0.00609  4.22256e-02 |108  0.01203  2.14138e-02
109  0.08017 -7.07949e-02 |110  0.01665 -1.53302e-02 |111 -0.02184 -8.18266e-02
112 -0.00038 -3.60898e-02 |113  0.01812 -8.21726e-02 |114  0.02769 -3.63818e-02
115 -0.01544 -8.00592e-03 |116 -0.07903  3.58346e-02 |117 -0.09262 -1.45670e-02
118 -0.08650  1.55384e-02 |119 -0.03733  3.58598e-02 |120  0.05636 -6.93268e-02
121  0.01252 -3.27817e-02 |122  0.00653 -4.53697e-02 |123 -0.02806 -1.00522e-02
124 -0.06417 -3.42212e-02 |125 -0.00277 -6.70145e-02 |126  0.00018 -7.83438e-03
127 -0.02174 -1.74743e-03 |128  0.03903 -1.69334e-01 |129  0.08052 -1.36638e-02
130  0.03521 -9.13901e-02 |131  0.08316  4.68319e-02 |132  0.00661 -3.37768e-02
133  0.13384  8.71154e-02 |134  0.00458  6.65861e-02 |135 -0.03929  7.12827e-02
136 -0.05229 -3.26143e-02 |137 -0.01951 -3.10823e-02 |138  0.08606 -8.59539e-02
139  0.03516 -3.69507e-02 |140  0.01681 -5.33518e-02 |141 -0.02420  1.06116e-02
142 -0.01713  5.51236e-02 |143 -0.00169 -2.91097e-03 |144 -0.00034  1.55355e-03
145  0.30112  1.25308e-01 |146  0.21040  1.31070e-01 |147  0.04749  1.90901e-01
148  0.29525 -3.55860e-01 |149 -0.47030  3.89417e-02 |150  0.31588  1.63792e-02
151  0.18929 -1.00046e-01 |152  0.25995  1.78034e-01 |153  0.17325 -6.65411e-02
154  0.25298  3.47915e-02 |155  0.10572 -1.00465e-01 |156  0.29603  5.99932e-02
157  0.16790 -4.11806e-02 |158  0.24568 -1.36127e-01 |159 -0.35307 -3.18392e-02
160  0.24264 -1.20164e-03 |161  0.19744  1.03868e-01 |162  0.31767 -2.75099e-01
163 -0.37985 -1.55900e-01 |164  0.23489  1.68226e-01 |165  0.05000  8.16726e-02
166  0.11735  4.78019e-02 |167  0.32265  4.09707e-02 |168  0.27329 -2.87946e-01
169  0.00995  7.42434e-02 |170  0.39123 -8.23081e-02 |171  0.09826  7.93864e-01
172  0.16265  5.46022e-01 |173  0.21919 -5.32264e-01 |174  0.25621 -5.15924e-01
175 -0.56644  8.10175e-02 |176  0.16604 -1.20671e-01 |

 - final statistics:
176 variables; iteration 63; function evaluation 77
Function value 6.8665e+03; maximum gradient component mag -8.8250e-01
Exit code = 1;  converg criter 1.0000e+00
Var    Value     Gradient |Var    Value     Gradient |Var    Value     Gradient
  1 -0.42333 -2.92191e-01 |  2  0.36518 -5.88747e-01 |  3 -0.12860 -8.82503e-01
  4 -0.00099 -6.34434e-01 |  5 -0.74285  2.27178e-02 |  6 -0.60323 -2.01636e-01
  7  0.36454  3.64052e-01 |  8 -0.18937  4.29667e-01 |  9  0.05810  2.68233e-01
 10 -0.65583  3.87228e-02 | 11 -0.61911  2.62349e-02 | 12 -0.10773  3.11151e-01
 13 -0.00935  2.32270e-03 | 14 -0.00955  2.45936e-03 | 15 -0.00976  2.60126e-03
 16 -0.00996  2.74846e-03 | 17 -0.01016  2.90115e-03 | 18 -0.01035  3.05937e-03
 19 -0.01053  3.22326e-03 | 20 -0.01071  3.39299e-03 | 21 -0.01088  3.56876e-03
 22 -0.01103  3.75083e-03 | 23 -0.01118  3.93953e-03 | 24 -0.01131  4.13528e-03
 25 -0.01143  4.33854e-03 | 26 -0.01154  4.54977e-03 | 27 -0.01162  4.76945e-03
 28 -0.01169  4.99836e-03 | 29 -0.01174  5.23753e-03 | 30 -0.01176  5.48769e-03
 31 -0.01177  5.74924e-03 | 32 -0.01175  6.02264e-03 | 33 -0.01170  6.30864e-03
 34 -0.01163  6.60816e-03 | 35 -0.01153  6.92238e-03 | 36 -0.01141  7.25258e-03
 37 -0.01125  7.60005e-03 | 38 -0.01106  7.96585e-03 | 39 -0.01084  8.35036e-03
 40 -0.01059  8.75247e-03 | 41 -0.01030  9.17226e-03 | 42 -0.00999  9.60755e-03
 43 -0.00965  1.00563e-02 | 44 -0.00929  1.05166e-02 | 45 -0.00891  1.09858e-02
 46 -0.00852  1.14601e-02 | 47 -0.00812  1.19352e-02 | 48 -0.00772  1.24060e-02
 49 -0.00733  1.28679e-02 | 50 -0.00696  1.33188e-02 | 51 -0.00661  1.37583e-02
 52 -0.00629  1.41847e-02 | 53 -0.00601  1.45913e-02 | 54 -0.00576  1.49638e-02
 55 -0.00554  1.52847e-02 | 56 -0.00533  1.55424e-02 | 57 -0.00512  1.57317e-02
 58 -0.00489  1.58457e-02 | 59 -0.00460  1.58787e-02 | 60 -0.00425  1.58245e-02
 61 -0.00379  1.56822e-02 | 62 -0.00319  1.54576e-02 | 63 -0.00241  1.51774e-02
 64 -0.00142  1.49045e-02 | 65 -0.00018  1.47469e-02 | 66  0.00136  1.48664e-02
 67  0.00321  1.53939e-02 | 68  0.00541  1.63152e-02 | 69  0.00795  1.74147e-02
 70  0.01082  1.86196e-02 | 71  0.01397  2.08529e-02 | 72  0.01736  2.57697e-02
 73  0.02087  3.09006e-02 | 74  0.02430  2.33910e-02 | 75  0.02744 -3.64192e-03
 76  0.03027 -1.68784e-02 | 77  0.03275  1.09361e-02 | 78  0.03447  2.37801e-02
 79  0.03508 -2.24334e-02 | 80  0.03498 -5.90440e-02 | 81  0.03454 -2.63734e-02
 82  0.03341  1.31370e-02 | 83  0.03120 -8.01314e-03 | 84  0.02834 -1.39742e-02
 85  0.02508  3.04398e-02 | 86  0.02116  2.72528e-02 | 87  0.01706 -9.20437e-03
 88  0.01347 -2.38716e-02 | 89  0.01067 -2.34820e-02 | 90  0.00869 -2.05662e-02
 91  0.00729 -1.78488e-02 | 92  0.00614 -1.53379e-02 | 93  0.00519 -1.26504e-02
 94  0.00505 -9.43197e-03 | 95  0.00584 -5.93552e-03 | 96  0.00586 -2.98602e-04
 97  0.00769  4.92449e-03 | 98  0.01053  1.50703e-02 | 99  0.01506 -9.02017e-03
100  0.01472  2.90711e-02 |101  0.01202  1.97496e-02 |102  0.00857  2.29797e-02
103 -0.00153  3.53694e-02 |104 -0.00159  3.26551e-02 |105  0.01869  3.76148e-02
106  0.01857  3.16067e-02 |107 -0.00614  2.18411e-02 |108  0.01189 -1.57627e-02
109  0.08023 -6.47877e-02 |110  0.01654 -2.63349e-02 |111 -0.02173 -1.90112e-02
112 -0.00039  1.31134e-02 |113  0.01825  2.14965e-03 |114  0.02763 -3.98306e-02
115 -0.01554 -6.59662e-02 |116 -0.07902  4.41919e-02 |117 -0.09254  3.79178e-02
118 -0.08654  2.21031e-03 |119 -0.03740  7.80266e-03 |120  0.05636 -3.46337e-02
121  0.01253  1.13672e-03 |122  0.00648 -5.91846e-02 |123 -0.02808 -1.52123e-02
124 -0.06417 -1.24658e-02 |125 -0.00264  2.04950e-02 |126  0.00014  2.57688e-03
127 -0.02193 -4.80928e-02 |128  0.03919 -1.07533e-01 |129  0.08037 -2.32530e-02
130  0.03539 -2.77017e-02 |131  0.08309  4.80587e-02 |132  0.00664 -2.03074e-02
133  0.13374  2.36872e-02 |134  0.00453  2.96703e-02 |135 -0.03928  7.40742e-02
136 -0.05223 -1.38929e-02 |137 -0.01951 -2.51321e-02 |138  0.08609 -6.94792e-02
139  0.03521 -2.27662e-02 |140  0.01690 -2.38188e-02 |141 -0.02414  2.51308e-02
142 -0.01729  5.86974e-03 |143 -0.00175 -1.65656e-02 |144 -0.00033  3.25868e-03
145  0.30119  6.77295e-02 |146  0.21047  6.63469e-02 |147  0.04749  9.66858e-02
148  0.29526 -1.80908e-01 |149 -0.47043  1.70547e-02 |150  0.31573  1.11573e-02
151  0.18931 -5.32558e-02 |152  0.25996  9.01006e-02 |153  0.17327 -3.37109e-02
154  0.25298  1.81910e-02 |155  0.10576 -6.99452e-02 |156  0.29605  2.21841e-02
157  0.16803  1.99767e-02 |158  0.24576 -4.36401e-02 |159 -0.35309 -4.10929e-02
160  0.24263 -1.09182e-02 |161  0.19741  4.11075e-02 |162  0.31769 -1.43644e-01
163 -0.37959 -8.22023e-02 |164  0.23497  8.50943e-02 |165  0.04996  4.02744e-02
166  0.11737  2.37406e-02 |167  0.32263  1.99542e-02 |168  0.27332 -1.46365e-01
169  0.00994  3.20871e-02 |170  0.39124 -5.13576e-02 |171  0.09826  4.03466e-01
172  0.16265  2.76963e-01 |173  0.21919 -2.70352e-01 |174  0.25621 -2.61792e-01
175 -0.56652  4.00506e-02 |176  0.16609 -6.00883e-02 |

Initial statistics: 200 variables; iteration 0; function evaluation 0; phase 4
Function value 6.8665389e+03; maximum gradient component mag 2.2796e+01
Var    Value     Gradient |Var    Value     Gradient |Var    Value     Gradient
  1 -0.42333 -2.92191e-01 |  2  0.36518 -5.88747e-01 |  3 -0.12860 -8.82503e-01
  4 -0.00099 -6.34434e-01 |  5 -0.74285  2.27178e-02 |  6 -0.60323 -2.01636e-01
  7  0.36454  3.64052e-01 |  8 -0.18937  4.29667e-01 |  9  0.05810  2.68233e-01
 10 -0.65583  3.87228e-02 | 11 -0.61911  2.62349e-02 | 12 -0.10773  3.11151e-01
 13 -0.00935  2.32270e-03 | 14 -0.00955  2.45936e-03 | 15 -0.00976  2.60126e-03
 16 -0.00996  2.74846e-03 | 17 -0.01016  2.90115e-03 | 18 -0.01035  3.05937e-03
 19 -0.01053  3.22326e-03 | 20 -0.01071  3.39299e-03 | 21 -0.01088  3.56876e-03
 22 -0.01103  3.75083e-03 | 23 -0.01118  3.93953e-03 | 24 -0.01131  4.13528e-03
 25 -0.01143  4.33854e-03 | 26 -0.01154  4.54977e-03 | 27 -0.01162  4.76945e-03
 28 -0.01169  4.99836e-03 | 29 -0.01174  5.23753e-03 | 30 -0.01176  5.48769e-03
 31 -0.01177  5.74924e-03 | 32 -0.01175  6.02264e-03 | 33 -0.01170  6.30864e-03
 34 -0.01163  6.60816e-03 | 35 -0.01153  6.92238e-03 | 36 -0.01141  7.25258e-03
 37 -0.01125  7.60005e-03 | 38 -0.01106  7.96585e-03 | 39 -0.01084  8.35036e-03
 40 -0.01059  8.75247e-03 | 41 -0.01030  9.17226e-03 | 42 -0.00999  9.60755e-03
 43 -0.00965  1.00563e-02 | 44 -0.00929  1.05166e-02 | 45 -0.00891  1.09858e-02
 46 -0.00852  1.14601e-02 | 47 -0.00812  1.19352e-02 | 48 -0.00772  1.24060e-02
 49 -0.00733  1.28679e-02 | 50 -0.00696  1.33188e-02 | 51 -0.00661  1.37583e-02
 52 -0.00629  1.41847e-02 | 53 -0.00601  1.45913e-02 | 54 -0.00576  1.49638e-02
 55 -0.00554  1.52847e-02 | 56 -0.00533  1.55424e-02 | 57 -0.00512  1.57317e-02
 58 -0.00489  1.58457e-02 | 59 -0.00460  1.58787e-02 | 60 -0.00425  1.58245e-02
 61 -0.00379  1.56822e-02 | 62 -0.00319  1.54576e-02 | 63 -0.00241  1.51774e-02
 64 -0.00142  1.49045e-02 | 65 -0.00018  1.47469e-02 | 66  0.00136  1.48664e-02
 67  0.00321  1.53939e-02 | 68  0.00541  1.63152e-02 | 69  0.00795  1.74147e-02
 70  0.01082  1.86196e-02 | 71  0.01397  2.08529e-02 | 72  0.01736  2.57697e-02
 73  0.02087  3.09006e-02 | 74  0.02430  2.33910e-02 | 75  0.02744 -3.64192e-03
 76  0.03027 -1.68784e-02 | 77  0.03275  1.09361e-02 | 78  0.03447  2.37801e-02
 79  0.03508 -2.24334e-02 | 80  0.03498 -5.90440e-02 | 81  0.03454 -2.63734e-02
 82  0.03341  1.31370e-02 | 83  0.03120 -8.01314e-03 | 84  0.02834 -1.39742e-02
 85  0.02508  3.04398e-02 | 86  0.02116  2.72528e-02 | 87  0.01706 -9.20437e-03
 88  0.01347 -2.38716e-02 | 89  0.01067 -2.34820e-02 | 90  0.00869 -2.05662e-02
 91  0.00729 -1.78488e-02 | 92  0.00614 -1.53379e-02 | 93  0.00519 -1.26504e-02
 94  0.00505 -9.43197e-03 | 95  0.00584 -5.93552e-03 | 96  0.00586 -2.98602e-04
 97  0.00769  4.92449e-03 | 98  0.01053  1.50703e-02 | 99  0.01506 -9.02017e-03
100  0.01472  2.90711e-02 |101  0.01202  1.97496e-02 |102  0.00857  2.29797e-02
103 -0.00153  3.53694e-02 |104 -0.00159  3.26551e-02 |105  0.01869  3.76148e-02
106  0.01857  3.16067e-02 |107 -0.00614  2.18411e-02 |108  0.01189 -1.57627e-02
109  0.08023 -6.47877e-02 |110  0.01654 -2.63349e-02 |111 -0.02173 -1.90112e-02
112 -0.00039  1.31134e-02 |113  0.01825  2.14965e-03 |114  0.02763 -3.98306e-02
115 -0.01554 -6.59662e-02 |116 -0.07902  4.41919e-02 |117 -0.09254  3.79178e-02
118 -0.08654  2.21031e-03 |119 -0.03740  7.80266e-03 |120  0.05636 -3.46337e-02
121  0.01253  1.13672e-03 |122  0.00648 -5.91846e-02 |123 -0.02808 -1.52123e-02
124 -0.06417 -1.24658e-02 |125 -0.00264  2.04950e-02 |126  0.00014  2.57688e-03
127 -0.02193 -4.80928e-02 |128  0.03919 -1.07533e-01 |129  0.08037 -2.32530e-02
130  0.03539 -2.77017e-02 |131  0.08309  4.80587e-02 |132  0.00664 -2.03074e-02
133  0.13374  2.36872e-02 |134  0.00453  2.96703e-02 |135 -0.03928  7.40742e-02
136 -0.05223 -1.38929e-02 |137 -0.01951 -2.51321e-02 |138  0.08609 -6.94792e-02
139  0.03521 -2.27662e-02 |140  0.01690 -2.38188e-02 |141 -0.02414  2.51308e-02
142 -0.01729  5.86974e-03 |143 -0.00175 -1.65656e-02 |144 -0.00033  3.25868e-03
145  0.30119  6.77295e-02 |146  0.21047  6.63469e-02 |147  0.04749  9.66858e-02
148  0.29526 -1.80908e-01 |149  0.01641  1.20526e+00 |150 -0.11482  2.34198e+00
151 -0.47043  1.70547e-02 |152  0.31573  1.11573e-02 |153  0.04880 -1.36778e-01
154 -0.23508 -1.24800e+00 |155  0.18931 -5.32558e-02 |156  0.25996  9.01006e-02
157  0.17327 -3.37109e-02 |158  0.25298  1.81910e-02 |159  0.00590 -8.17196e-01
160 -0.09831  2.27026e+00 |161  0.10576 -6.99452e-02 |162  0.29605  2.21841e-02
163  0.16803  1.99767e-02 |164  0.24576 -4.36401e-02 |165 -0.35309 -4.10929e-02
166  0.24263 -1.09182e-02 |167  0.05277 -6.16319e-01 |168 -0.18764  2.10334e+01
169  0.19741  4.11075e-02 |170  0.31769 -1.43644e-01 |171  0.07774 -5.08147e+00
172 -0.53233 -6.99560e-04 |173 -0.37959 -8.22023e-02 |174  0.23497  8.50943e-02
175  0.07830  6.75256e-01 |176 -0.12203 -1.10823e+01 |177  0.04996  4.02744e-02
178  0.11737  2.37406e-02 |179  0.32263  1.99542e-02 |180  0.27332 -1.46365e-01
181  0.00556  9.33529e-03 |182  0.00910 -1.03087e+00 |183 -0.15023 -1.65415e+00
184 -0.12575  2.62113e+00 |185  0.00994  3.20871e-02 |186  0.39124 -5.13576e-02
187  0.01865 -7.91746e-01 |188 -0.15439  1.36847e+00 |189  0.09826  4.03466e-01
190  0.16265  2.76963e-01 |191  0.21919 -2.70352e-01 |192  0.25621 -2.61792e-01
193  0.02454 -7.57943e+00 |194 -0.00644 -3.47258e-01 |195 -0.17632 -1.93473e+00
196 -0.11434  2.27962e+01 |197 -0.56652  4.00506e-02 |198  0.16609 -6.00883e-02
199  0.09515  3.83888e-01 |200 -0.25356  3.20696e-02 |

Intermediate statistics: 200 variables; iteration 20; function evaluation 22; phase 4
Function value 6.8664894e+03; maximum gradient component mag -2.5460e+01
Var    Value     Gradient |Var    Value     Gradient |Var    Value     Gradient
  1 -0.42344  6.99825e-01 |  2  0.36539  1.08590e+01 |  3 -0.12782  1.08995e+01
  4 -0.00156  9.08025e+00 |  5 -0.74237  6.16632e-02 |  6 -0.60322  1.49383e+00
  7  0.36480  1.87655e+01 |  8 -0.18852  1.97425e+01 |  9  0.05749  1.35723e+01
 10 -0.65564  3.72137e-01 | 11 -0.61904  7.13516e-01 | 12 -0.10618  4.22348e+00
 13 -0.00933  3.96384e-03 | 14 -0.00954  4.11226e-03 | 15 -0.00974  4.26649e-03
 16 -0.00994  4.42683e-03 | 17 -0.01014  4.59370e-03 | 18 -0.01033  4.76721e-03
 19 -0.01051  4.94753e-03 | 20 -0.01069  5.13493e-03 | 21 -0.01086  5.32973e-03
 22 -0.01101  5.53238e-03 | 23 -0.01116  5.74347e-03 | 24 -0.01129  5.96390e-03
 25 -0.01141  6.19492e-03 | 26 -0.01152  6.43786e-03 | 27 -0.01160  6.69363e-03
 28 -0.01167  6.96215e-03 | 29 -0.01171  7.24291e-03 | 30 -0.01174  7.53626e-03
 31 -0.01174  7.84379e-03 | 32 -0.01172  8.16746e-03 | 33 -0.01168  8.50943e-03
 34 -0.01160  8.87186e-03 | 35 -0.01151  9.25657e-03 | 36 -0.01138  9.66477e-03
 37 -0.01122  1.00971e-02 | 38 -0.01103  1.05544e-02 | 39 -0.01081  1.10375e-02
 40 -0.01055  1.15469e-02 | 41 -0.01027  1.20872e-02 | 42 -0.00996  1.26608e-02
 43 -0.00962  1.32701e-02 | 44 -0.00926  1.39168e-02 | 45 -0.00888  1.46015e-02
 46 -0.00848  1.53245e-02 | 47 -0.00808  1.60860e-02 | 48 -0.00768  1.68856e-02
 49 -0.00729  1.77226e-02 | 50 -0.00692  1.85948e-02 | 51 -0.00657  1.94994e-02
 52 -0.00625  2.04335e-02 | 53 -0.00597  2.13993e-02 | 54 -0.00572  2.24013e-02
 55 -0.00549  2.34433e-02 | 56 -0.00529  2.45276e-02 | 57 -0.00507  2.56555e-02
 58 -0.00484  2.68253e-02 | 59 -0.00455  2.80415e-02 | 60 -0.00420  2.93063e-02
 61 -0.00374  3.06270e-02 | 62 -0.00314  3.20073e-02 | 63 -0.00236  3.34588e-02
 64 -0.00137  3.50031e-02 | 65 -0.00013  3.66598e-02 | 66  0.00141  3.85038e-02
 67  0.00326  4.05680e-02 | 68  0.00545  4.28665e-02 | 69  0.00798  4.53835e-02
 70  0.01083  4.81162e-02 | 71  0.01398  5.12995e-02 | 72  0.01734  5.53924e-02
 73  0.02082  5.98438e-02 | 74  0.02427  6.09600e-02 | 75  0.02749  5.60068e-02
 76  0.03036  5.46088e-02 | 77  0.03272  6.62623e-02 | 78  0.03437  7.32300e-02
 79  0.03513  5.99040e-02 | 80  0.03515  4.93988e-02 | 81  0.03456  6.21933e-02
 82  0.03326  7.66509e-02 | 83  0.03112  7.06130e-02 | 84  0.02826  6.94824e-02
 85  0.02482  8.30321e-02 | 86  0.02090  8.22928e-02 | 87  0.01692  7.39076e-02
 88  0.01336  7.30138e-02 | 89  0.01056  7.73945e-02 | 90  0.00855  8.40231e-02
 91  0.00714  9.23866e-02 | 92  0.00598  1.02206e-01 | 93  0.00502  1.13148e-01
 94  0.00487  1.24510e-01 | 95  0.00566  1.32952e-01 | 96  0.00566  1.34891e-01
 97  0.00748  1.35519e-01 | 98  0.01029  1.38145e-01 | 99  0.01493  1.35584e-01
100  0.01451  1.44471e-01 |101  0.01191  1.47773e-01 |102  0.00852  1.46507e-01
103 -0.00157  1.39899e-01 |104 -0.00156  1.71866e-01 |105  0.01882  2.26940e-01
106  0.01870  1.93105e-01 |107 -0.00605  1.87362e-01 |108  0.01206  2.24130e-01
109  0.08011  2.96684e-01 |110  0.01604  3.07086e-02 |111 -0.02223  1.12941e-01
112 -0.00110  2.13196e-01 |113  0.01782  2.20494e-01 |114  0.02722  1.30463e-01
115 -0.01604 -5.01369e-02 |116 -0.07954 -4.33235e-02 |117 -0.09307 -6.65023e-02
118 -0.08709 -2.20562e-02 |119 -0.03784 -7.18908e-02 |120  0.05609 -6.80509e-01
121  0.01204 -7.62613e-01 |122  0.00640 -6.07649e-01 |123 -0.02802 -4.76267e-01
124 -0.06412 -1.81321e-01 |125 -0.00278 -3.51840e-01 |126  0.00006 -4.11117e-01
127 -0.02184 -1.75100e-01 |128  0.03946 -1.27323e-01 |129  0.08050 -6.31461e-02
130  0.03565  5.18331e-02 |131  0.08345  1.20650e-01 |132  0.00707  3.95258e-02
133  0.13446  4.04523e-01 |134  0.00485  1.20899e-01 |135 -0.03917  9.46412e-02
136 -0.05189  7.99620e-02 |137 -0.01905  4.67391e-02 |138  0.08713  1.32482e-01
139  0.03583  9.89910e-02 |140  0.01738  7.70150e-02 |141 -0.02402  4.69796e-02
142 -0.01725  4.32228e-02 |143 -0.00171  1.77715e-02 |144 -0.00035  1.68356e-03
145  0.30555  3.76237e-01 |146  0.20841  1.96413e+00 |147  0.04758  1.69339e+00
148  0.29512 -2.54336e+00 |149  0.01635  7.37487e-01 |150 -0.11557  1.46448e+00
151 -0.47066 -3.89995e-02 |152  0.31586 -1.79237e-02 |153  0.04871 -5.66684e-02
154 -0.23194  5.43062e-03 |155  0.18873  1.20764e+00 |156  0.25968 -2.16698e+00
157  0.17215 -2.91284e-01 |158  0.25235 -5.10861e-02 |159  0.00730 -3.51755e-01
160 -0.09957 -1.33068e-01 |161  0.10448 -1.76079e-01 |162  0.29572  4.63579e-01
163  0.16711 -2.03859e-01 |164  0.24550  3.15234e-01 |165 -0.35411  3.01090e-01
166  0.24153 -3.59506e-01 |167  0.05295  8.28938e-02 |168 -0.19061  2.45012e+00
169  0.19427  5.71233e-01 |170  0.31722 -1.02974e-01 |171  0.07832  6.37945e-01
172 -0.53233 -1.56368e-04 |173 -0.37959 -5.07487e-01 |174  0.23539  1.31539e+00
175  0.07858  3.58661e-02 |176 -0.12154 -5.98734e+00 |177  0.04978 -3.06518e-01
178  0.11632  4.83636e-02 |179  0.32292  2.85716e-01 |180  0.27296 -7.08492e-02
181  0.00545 -2.21770e-01 |182  0.01064  1.54299e-01 |183 -0.14985  4.49974e-01
184 -0.12670  3.82915e-01 |185  0.00814 -1.71805e-01 |186  0.39064  1.15631e-01
187  0.02048 -4.53581e-01 |188 -0.15613  1.09206e-01 |189  0.09724 -1.16684e+01
190  0.16230  1.88411e+01 |191  0.21879  7.56331e+00 |192  0.25555 -2.54596e+01
193  0.02518 -7.39955e+00 |194 -0.00530  4.78134e+00 |195 -0.17694 -2.12480e+00
196 -0.11533  1.82530e+01 |197 -0.56655  4.48041e-01 |198  0.16624  1.16699e-02
199  0.09546  5.86508e+00 |200 -0.25394  1.68151e+00 |
200 variables; iteration 40; function evaluation 43; phase 4
Function value 6.8664875e+03; maximum gradient component mag -2.5595e+01
Var    Value     Gradient |Var    Value     Gradient |Var    Value     Gradient
  1 -0.42345  8.16600e-02 |  2  0.36534  9.79833e+00 |  3 -0.12783  1.14005e+01
  4 -0.00150  8.78105e+00 |  5 -0.74247  8.88382e-03 |  6 -0.60325  4.68425e-01
  7  0.36478  1.86938e+01 |  8 -0.18861  1.82074e+01 |  9  0.05758  1.31874e+01
 10 -0.65575  4.76935e-01 | 11 -0.61899  2.48149e+00 | 12 -0.10695  3.69700e+00
 13 -0.00931  5.00592e-03 | 14 -0.00952  5.17777e-03 | 15 -0.00972  5.35544e-03
 16 -0.00992  5.53913e-03 | 17 -0.01012  5.72865e-03 | 18 -0.01031  5.92439e-03
 19 -0.01049  6.12649e-03 | 20 -0.01067  6.33501e-03 | 21 -0.01084  6.55002e-03
 22 -0.01099  6.77162e-03 | 23 -0.01114  6.99998e-03 | 24 -0.01127  7.23555e-03
 25 -0.01139  7.47912e-03 | 26 -0.01149  7.73172e-03 | 27 -0.01158  7.99415e-03
 28 -0.01165  8.26641e-03 | 29 -0.01169  8.54796e-03 | 30 -0.01172  8.83879e-03
 31 -0.01172  9.13945e-03 | 32 -0.01170  9.45109e-03 | 33 -0.01165  9.77510e-03
 34 -0.01158  1.01130e-02 | 35 -0.01148  1.04661e-02 | 36 -0.01135  1.08353e-02
 37 -0.01119  1.12211e-02 | 38 -0.01100  1.16236e-02 | 39 -0.01078  1.20432e-02
 40 -0.01053  1.24817e-02 | 41 -0.01024  1.29399e-02 | 42 -0.00993  1.34210e-02
 43 -0.00959  1.39276e-02 | 44 -0.00923  1.44619e-02 | 45 -0.00885  1.50259e-02
 46 -0.00846  1.56213e-02 | 47 -0.00806  1.62496e-02 | 48 -0.00766  1.69115e-02
 49 -0.00727  1.76065e-02 | 50 -0.00689  1.83311e-02 | 51 -0.00654  1.90794e-02
 52 -0.00623  1.98457e-02 | 53 -0.00594  2.06289e-02 | 54 -0.00569  2.14337e-02
 55 -0.00547  2.22673e-02 | 56 -0.00526  2.31365e-02 | 57 -0.00505  2.40460e-02
 58 -0.00481  2.49987e-02 | 59 -0.00453  2.60011e-02 | 60 -0.00418  2.70580e-02
 61 -0.00372  2.81787e-02 | 62 -0.00312  2.93706e-02 | 63 -0.00234  3.06475e-02
 64 -0.00135  3.20323e-02 | 65 -0.00010  3.35456e-02 | 66  0.00143  3.52547e-02
 67  0.00329  3.71819e-02 | 68  0.00548  3.93123e-02 | 69  0.00801  4.15892e-02
 70  0.01087  4.39699e-02 | 71  0.01401  4.66272e-02 | 72  0.01738  4.98369e-02
 73  0.02086  5.29701e-02 | 74  0.02431  5.35371e-02 | 75  0.02756  5.07725e-02
 76  0.03043  5.07262e-02 | 77  0.03278  5.67571e-02 | 78  0.03442  5.97290e-02
 79  0.03524  5.41305e-02 | 80  0.03531  4.94459e-02 | 81  0.03469  5.34952e-02
 82  0.03335  5.83239e-02 | 83  0.03123  5.39174e-02 | 84  0.02838  5.11655e-02
 85  0.02492  5.73511e-02 | 86  0.02101  5.52345e-02 | 87  0.01703  4.62215e-02
 88  0.01348  4.19936e-02 | 89  0.01067  4.20606e-02 | 90  0.00866  4.40138e-02
 91  0.00725  4.74332e-02 | 92  0.00609  5.23367e-02 | 93  0.00513  5.87600e-02
 94  0.00498  6.61108e-02 | 95  0.00576  7.16259e-02 | 96  0.00576  7.35341e-02
 97  0.00757  7.50140e-02 | 98  0.01039  7.94715e-02 | 99  0.01503  7.89860e-02
100  0.01460  9.11316e-02 |101  0.01200  1.01823e-01 |102  0.00861  1.10926e-01
103 -0.00146  1.24034e-01 |104 -0.00144  1.73253e-01 |105  0.01892  2.38557e-01
106  0.01876  2.19919e-01 |107 -0.00601  2.17576e-01 |108  0.01201  2.52809e-01
109  0.07996  3.62018e-01 |110  0.01592  1.11504e-01 |111 -0.02237  2.00583e-01
112 -0.00129  3.64631e-01 |113  0.01769  4.57672e-01 |114  0.02721  3.95345e-01
115 -0.01620  1.00086e-01 |116 -0.07965  2.55003e-02 |117 -0.09317 -1.08070e-02
118 -0.08721  4.59368e-02 |119 -0.03789  7.82091e-02 |120  0.05603 -4.09557e-01
121  0.01181 -6.50879e-01 |122  0.00618 -5.57325e-01 |123 -0.02814 -4.51578e-01
124 -0.06424 -2.07915e-01 |125 -0.00301 -4.34492e-01 |126 -0.00017 -5.04278e-01
127 -0.02201 -2.61317e-01 |128  0.03922 -2.73038e-01 |129  0.08023 -2.40286e-01
130  0.03549 -5.47392e-02 |131  0.08316 -3.07257e-02 |132  0.00689 -2.63469e-02
133  0.13415  2.13837e-01 |134  0.00478  1.12107e-01 |135 -0.03923  7.93393e-02
136 -0.05198  6.41257e-02 |137 -0.01915  1.82984e-02 |138  0.08696  7.38099e-02
139  0.03575  7.23261e-02 |140  0.01728  4.52608e-02 |141 -0.02404  4.05825e-02
142 -0.01726  4.89637e-02 |143 -0.00171  1.74110e-02 |144 -0.00035  2.88573e-03
145  0.30675  3.31467e-01 |146  0.20958  2.09466e+00 |147  0.04761  2.31817e+00
148  0.29508 -3.88157e+00 |149  0.01631  8.20317e-01 |150 -0.11552  1.77925e+00
151 -0.47016 -1.37246e-02 |152  0.31628 -7.92046e-03 |153  0.04855 -3.47362e-02
154 -0.23192  1.80795e-03 |155  0.18884  1.12016e+00 |156  0.25974 -1.85205e+00
157  0.17219 -4.05260e-01 |158  0.25239  1.85459e-01 |159  0.00733 -3.16580e-01
160 -0.09956 -2.73458e-01 |161  0.10460 -1.98974e-01 |162  0.29576  5.46465e-01
163  0.16722  4.38802e-02 |164  0.24551 -3.84745e-02 |165 -0.35526 -2.82640e-01
166  0.24125  2.18107e-01 |167  0.05307 -8.79610e-01 |168 -0.19061  2.28515e+00
169  0.19097 -2.22276e-01 |170  0.31652  6.21970e-02 |171  0.07874 -1.20994e+00
172 -0.53232 -1.30773e-04 |173 -0.37937 -7.18011e-01 |174  0.23562  1.92600e+00
175  0.07852 -8.92777e-02 |176 -0.12141 -4.85966e+00 |177  0.04988 -4.84202e-01
178  0.11643 -7.44573e-01 |179  0.32298  4.72084e-01 |180  0.27310  1.02340e+00
181  0.00532 -4.00780e-01 |182  0.01045 -4.88966e-01 |183 -0.14988 -8.01461e-02
184 -0.12670 -5.12408e-01 |185  0.00813 -9.53022e-02 |186  0.39062  3.73970e-02
187  0.02051 -3.50257e-01 |188 -0.15606  2.21647e-01 |189  0.09729 -1.11908e+01
190  0.16216  1.72586e+01 |191  0.21882  7.35368e+00 |192  0.25546 -2.55948e+01
193  0.02516 -7.20329e+00 |194 -0.00520  4.21300e+00 |195 -0.17688 -1.82190e+00
196 -0.11531  1.77363e+01 |197 -0.56617  4.03312e-01 |198  0.16652  1.27043e-01
199  0.09530  5.67203e+00 |200 -0.25383  1.73222e+00 |
200 variables; iteration 60; function evaluation 64; phase 4
Function value 6.8664709e+03; maximum gradient component mag -7.6130e-01
Var    Value     Gradient |Var    Value     Gradient |Var    Value     Gradient
  1 -0.42353 -5.21876e-02 |  2  0.36540  4.26772e-01 |  3 -0.12772  5.00479e-01
  4 -0.00189 -1.67712e-01 |  5 -0.74223 -1.47600e-02 |  6 -0.60325  4.44253e-02
  7  0.36469  5.90779e-01 |  8 -0.18860  5.76121e-01 |  9  0.05725  2.78389e-01
 10 -0.65530  1.46745e-01 | 11 -0.61906  4.37197e-02 | 12 -0.10654  3.65301e-02
 13 -0.00933  1.87993e-04 | 14 -0.00954  1.73249e-04 | 15 -0.00974  1.56297e-04
 16 -0.00994  1.36890e-04 | 17 -0.01014  1.15472e-04 | 18 -0.01033  9.13334e-05
 19 -0.01052  6.41395e-05 | 20 -0.01069  3.38616e-05 | 21 -0.01086  4.82249e-07
 22 -0.01102 -3.58953e-05 | 23 -0.01116 -7.51393e-05 | 24 -0.01130 -1.17209e-04
 25 -0.01142 -1.62330e-04 | 26 -0.01152 -2.11141e-04 | 27 -0.01161 -2.64631e-04
 28 -0.01167 -3.23670e-04 | 29 -0.01172 -3.88357e-04 | 30 -0.01175 -4.58084e-04
 31 -0.01175 -5.31606e-04 | 32 -0.01173 -6.08596e-04 | 33 -0.01168 -6.89260e-04
 34 -0.01161 -7.74522e-04 | 35 -0.01151 -8.65879e-04 | 36 -0.01139 -9.65006e-04
 37 -0.01123 -1.07328e-03 | 38 -0.01104 -1.19095e-03 | 39 -0.01082 -1.31747e-03
 40 -0.01056 -1.45383e-03 | 41 -0.01028 -1.59479e-03 | 42 -0.00997 -1.74098e-03
 43 -0.00963 -1.89271e-03 | 44 -0.00927 -2.05068e-03 | 45 -0.00889 -2.21602e-03
 46 -0.00849 -2.38951e-03 | 47 -0.00810 -2.57093e-03 | 48 -0.00770 -2.76042e-03
 49 -0.00731 -2.95767e-03 | 50 -0.00693 -3.16188e-03 | 51 -0.00659 -3.37091e-03
 52 -0.00627 -3.58002e-03 | 53 -0.00598 -3.78084e-03 | 54 -0.00573 -3.96587e-03
 55 -0.00551 -4.13217e-03 | 56 -0.00530 -4.28151e-03 | 57 -0.00509 -4.41750e-03
 58 -0.00485 -4.54332e-03 | 59 -0.00457 -4.65999e-03 | 60 -0.00421 -4.76947e-03
 61 -0.00375 -4.87413e-03 | 62 -0.00315 -4.97882e-03 | 63 -0.00238 -5.08992e-03
 64 -0.00139 -5.21609e-03 | 65 -0.00014 -5.36493e-03 | 66  0.00139 -5.54496e-03
 67  0.00325 -5.74706e-03 | 68  0.00544 -5.93685e-03 | 69  0.00797 -6.06903e-03
 70  0.01083 -6.09677e-03 | 71  0.01397 -5.88005e-03 | 72  0.01734 -4.97041e-03
 73  0.02082 -3.41280e-03 | 74  0.02428 -4.71988e-03 | 75  0.02750 -1.32302e-02
 76  0.03036 -1.89260e-02 | 77  0.03274 -9.11231e-03 | 78  0.03440 -4.08438e-03
 79  0.03515 -2.25428e-02 | 80  0.03516 -3.70326e-02 | 81  0.03459 -2.33380e-02
 82  0.03331 -7.11601e-03 | 83  0.03115 -1.46153e-02 | 84  0.02829 -1.56991e-02
 85  0.02486 -1.78165e-03 | 86  0.02093 -3.57021e-03 | 87  0.01696 -9.53358e-03
 88  0.01341 -8.59585e-03 | 89  0.01060 -5.27918e-03 | 90  0.00859 -1.74975e-03
 91  0.00718  1.77930e-03 | 92  0.00600  5.12602e-03 | 93  0.00503  8.03602e-03
 94  0.00487  1.09642e-02 | 95  0.00564  1.41640e-02 | 96  0.00564  1.57881e-02
 97  0.00747  2.08258e-02 | 98  0.01030  2.96726e-02 | 99  0.01499  4.22816e-02
100  0.01459  6.32288e-02 |101  0.01204  7.99773e-02 |102  0.00868  9.41976e-02
103 -0.00144  8.49165e-02 |104 -0.00145  8.25684e-02 |105  0.01889  9.23332e-02
106  0.01873  4.90050e-02 |107 -0.00604  2.69045e-03 |108  0.01197 -3.50378e-02
109  0.08001 -1.56019e-01 |110  0.01589 -1.83304e-01 |111 -0.02245 -1.44857e-01
112 -0.00144 -1.12922e-01 |113  0.01771  5.29473e-02 |114  0.02730  2.16778e-01
115 -0.01598  2.30809e-01 |116 -0.07964  3.30159e-02 |117 -0.09311  1.45748e-02
118 -0.08702  8.06793e-02 |119 -0.03803 -5.35432e-02 |120  0.05600 -2.72065e-01
121  0.01185 -2.34199e-01 |122  0.00629 -1.42093e-01 |123 -0.02806 -5.51039e-02
124 -0.06422 -4.17974e-02 |125 -0.00291 -8.30423e-02 |126  0.00006 -2.79403e-02
127 -0.02186  1.72964e-02 |128  0.03943  4.50452e-03 |129  0.08038 -1.94038e-02
130  0.03568  7.33395e-02 |131  0.08338  4.00334e-02 |132  0.00704  1.15568e-02
133  0.13430  4.35990e-03 |134  0.00494  6.88446e-02 |135 -0.03907  4.96259e-02
136 -0.05174  4.60392e-02 |137 -0.01893  3.23178e-02 |138  0.08722  3.35402e-03
139  0.03588  1.42643e-02 |140  0.01757  4.61902e-02 |141 -0.02396  1.41067e-02
142 -0.01721  3.27033e-03 |143 -0.00169  1.00705e-02 |144 -0.00035 -2.24697e-04
145  0.30623 -1.54539e-01 |146  0.20879 -7.19165e-03 |147  0.04758  1.78089e-01
148  0.29520 -8.00115e-02 |149  0.01636  6.37014e-02 |150 -0.11566 -4.64478e-02
151 -0.46908  1.52740e-01 |152  0.31714 -6.83724e-03 |153  0.04846  3.29099e-01
154 -0.23179  5.25994e-02 |155  0.18842 -1.47425e-01 |156  0.25961 -1.58876e-01
157  0.17259  2.19921e-01 |158  0.25261  8.34822e-02 |159  0.00725  9.80025e-03
160 -0.09962 -2.96611e-01 |161  0.10464  6.02855e-02 |162  0.29573  3.84104e-02
163  0.16729  7.93491e-02 |164  0.24556  4.70320e-02 |165 -0.35486  2.77854e-02
166  0.24134  5.39038e-02 |167  0.05312 -1.54532e-02 |168 -0.19074  2.08358e-01
169  0.19083 -1.18206e-01 |170  0.31652  2.85867e-01 |171  0.07881  2.87030e-02
172 -0.53229 -1.32972e-05 |173 -0.37942 -3.45290e-02 |174  0.23541  1.01211e-01
175  0.07860  4.44094e-02 |176 -0.12095 -1.36340e-01 |177  0.04960 -2.70497e-03
178  0.11651  1.10528e-01 |179  0.32265 -2.69913e-01 |180  0.27306  9.91149e-02
181  0.00571 -5.21713e-02 |182  0.01049 -2.10564e-02 |183 -0.15002 -1.12419e-01
184 -0.12670 -5.79169e-02 |185  0.00781  1.27557e-02 |186  0.39038 -7.76076e-02
187  0.02096 -1.57528e-01 |188 -0.15651 -2.12448e-01 |189  0.09748 -2.58197e-01
190  0.16195  5.55323e-01 |191  0.21875  1.92187e-01 |192  0.25579 -7.61300e-01
193  0.02517 -2.00406e-01 |194 -0.00491  8.39694e-02 |195 -0.17690 -7.56649e-02
196 -0.11568  4.42657e-01 |197 -0.56614  3.84078e-03 |198  0.16644  4.49519e-02
199  0.09522  2.58589e-01 |200 -0.25369 -1.55160e-03 |
200 variables; iteration 80; function evaluation 87; phase 4
Function value 6.8664704e+03; maximum gradient component mag -5.6857e-02
Var    Value     Gradient |Var    Value     Gradient |Var    Value     Gradient
  1 -0.42352  1.71382e-02 |  2  0.36531 -1.36566e-03 |  3 -0.12783  1.67104e-02
  4 -0.00169 -8.09578e-03 |  5 -0.74231  4.12950e-03 |  6 -0.60325  3.56052e-03
  7  0.36464  9.81687e-04 |  8 -0.18866  8.66104e-03 |  9  0.05738  2.68544e-03
 10 -0.65566 -2.14707e-02 | 11 -0.61904  4.45253e-03 | 12 -0.10685 -3.80679e-02
 13 -0.00932 -4.02250e-04 | 14 -0.00953 -4.45037e-04 | 15 -0.00973 -4.88907e-04
 16 -0.00994 -5.33519e-04 | 17 -0.01013 -5.78574e-04 | 18 -0.01032 -6.23502e-04
 19 -0.01051 -6.67728e-04 | 20 -0.01068 -7.10657e-04 | 21 -0.01085 -7.51626e-04
 22 -0.01101 -7.89921e-04 | 23 -0.01115 -8.24801e-04 | 24 -0.01129 -8.55515e-04
 25 -0.01141 -8.81254e-04 | 26 -0.01151 -9.01114e-04 | 27 -0.01160 -9.14009e-04
 28 -0.01166 -9.18765e-04 | 29 -0.01171 -9.14275e-04 | 30 -0.01173 -8.99455e-04
 31 -0.01174 -8.73122e-04 | 32 -0.01171 -8.34014e-04 | 33 -0.01167 -7.80889e-04
 34 -0.01160 -7.12492e-04 | 35 -0.01150 -6.27580e-04 | 36 -0.01137 -5.24949e-04
 37 -0.01121 -4.03439e-04 | 38 -0.01102 -2.61990e-04 | 39 -0.01080 -9.95945e-05
 40 -0.01054  8.47772e-05 | 41 -0.01026  2.91791e-04 | 42 -0.00995  5.22244e-04
 43 -0.00961  7.76774e-04 | 44 -0.00924  1.05575e-03 | 45 -0.00886  1.35936e-03
 46 -0.00847  1.68775e-03 | 47 -0.00807  2.04092e-03 | 48 -0.00767  2.41865e-03
 49 -0.00728  2.82009e-03 | 50 -0.00690  3.24278e-03 | 51 -0.00655  3.68174e-03
 52 -0.00623  4.12915e-03 | 53 -0.00595  4.57558e-03 | 54 -0.00570  5.01189e-03
 55 -0.00547  5.43036e-03 | 56 -0.00526  5.82292e-03 | 57 -0.00505  6.17889e-03
 58 -0.00481  6.48393e-03 | 59 -0.00453  6.72159e-03 | 60 -0.00417  6.87293e-03
 61 -0.00371  6.91793e-03 | 62 -0.00311  6.83583e-03 | 63 -0.00234  6.60831e-03
 64 -0.00135  6.22281e-03 | 65 -0.00010  5.67588e-03 | 66  0.00143  4.98278e-03
 67  0.00328  4.15578e-03 | 68  0.00546  3.17218e-03 | 69  0.00799  1.95477e-03
 70  0.01084  4.27778e-04 | 71  0.01397 -1.51614e-03 | 72  0.01732 -4.45919e-03
 73  0.02078 -8.35869e-03 | 74  0.02424 -7.53126e-03 | 75  0.02756  3.49419e-03
 76  0.03048  8.87793e-03 | 77  0.03275 -2.59175e-03 | 78  0.03435 -6.95633e-03
 79  0.03528  6.48327e-03 | 80  0.03543  1.59567e-02 | 81  0.03473  5.63769e-03
 82  0.03328 -8.96852e-03 | 83  0.03121 -2.75871e-03 | 84  0.02837 -1.48510e-03
 85  0.02477 -2.04740e-02 | 86  0.02088 -1.65948e-02 | 87  0.01700 -6.16962e-03
 88  0.01346 -5.54600e-03 | 89  0.01065 -6.16607e-03 | 90  0.00864 -5.51912e-03
 91  0.00722 -4.11453e-03 | 92  0.00606 -2.36789e-03 | 93  0.00510 -6.78530e-04
 94  0.00495  9.51717e-04 | 95  0.00574  2.63380e-03 | 96  0.00575  2.57344e-03
 97  0.00758  3.91900e-03 | 98  0.01041  6.17622e-03 | 99  0.01509  9.69433e-03
100  0.01458  1.85346e-03 |101  0.01198  1.18678e-03 |102  0.00856  5.86584e-04
103 -0.00152  5.40966e-03 |104 -0.00153  8.93277e-04 |105  0.01879  2.02095e-03
106  0.01870  3.19310e-03 |107 -0.00605 -5.21586e-03 |108  0.01195 -1.91043e-02
109  0.08009 -9.07441e-03 |110  0.01602 -9.90486e-03 |111 -0.02225  2.00033e-02
112 -0.00131  6.68874e-03 |113  0.01763  4.07541e-03 |114  0.02710  1.44075e-02
115 -0.01619  2.53993e-02 |116 -0.07961  1.03965e-03 |117 -0.09321 -5.19239e-02
118 -0.08730 -5.68571e-02 |119 -0.03803 -1.18038e-02 |120  0.05606  1.13029e-02
121  0.01183 -3.12710e-02 |122  0.00633  3.07032e-02 |123 -0.02805  3.63370e-02
124 -0.06420  4.48809e-03 |125 -0.00292 -2.43348e-02 |126  0.00000 -7.33094e-03
127 -0.02199 -1.67026e-02 |128  0.03935 -1.50457e-03 |129  0.08038  9.48598e-03
130  0.03552  1.11292e-02 |131  0.08322 -4.54714e-03 |132  0.00690 -1.27383e-02
133  0.13422  1.62316e-02 |134  0.00471 -3.26612e-02 |135 -0.03918  2.26782e-03
136 -0.05188 -4.05834e-04 |137 -0.01904  3.56095e-03 |138  0.08713  8.31819e-03
139  0.03585  2.04837e-02 |140  0.01742 -4.61222e-03 |141 -0.02391  2.76979e-02
142 -0.01724 -6.09306e-03 |143 -0.00168  7.47351e-03 |144 -0.00035  2.03389e-04
145  0.30690 -1.69113e-02 |146  0.20921 -2.11771e-02 |147  0.04755 -1.47518e-02
148  0.29520  6.09833e-04 |149  0.01635  1.56672e-02 |150 -0.11561 -1.13480e-02
151 -0.46996  2.80997e-03 |152  0.31645 -3.50580e-03 |153  0.04851  1.25509e-03
154 -0.23185  1.83296e-02 |155  0.18864 -2.32679e-02 |156  0.25972 -5.46416e-03
157  0.17237  2.86738e-02 |158  0.25248  1.93844e-02 |159  0.00734 -2.17090e-02
160 -0.09951 -9.09025e-03 |161  0.10460  3.40760e-04 |162  0.29571  6.06098e-03
163  0.16723 -9.37225e-03 |164  0.24551 -1.08417e-03 |165 -0.35499  3.57774e-02
166  0.24128  1.13301e-02 |167  0.05313 -1.17901e-02 |168 -0.19082 -1.11616e-02
169  0.19118 -1.58267e-02 |170  0.31657  1.62651e-04 |171  0.07876 -1.09897e-03
172 -0.53225 -2.79424e-05 |173 -0.37935 -5.20889e-03 |174  0.23541 -8.14055e-04
175  0.07856  7.07493e-03 |176 -0.12095 -5.85210e-03 |177  0.05026  2.94656e-02
178  0.11641 -5.44744e-03 |179  0.32294  3.39394e-03 |180  0.27301  4.05536e-03
181  0.00518 -3.19097e-02 |182  0.01056  5.96036e-03 |183 -0.14987 -1.00860e-02
184 -0.12667 -6.96390e-03 |185  0.00770  1.37951e-02 |186  0.39041 -3.36548e-02
187  0.02104 -3.47357e-02 |188 -0.15636  7.62179e-03 |189  0.09749 -1.23705e-02
190  0.16196  2.24873e-03 |191  0.21876  6.74909e-03 |192  0.25581 -6.43447e-03
193  0.02517 -1.15468e-02 |194 -0.00493 -7.37145e-04 |195 -0.17686 -7.47452e-03
196 -0.11565 -5.78727e-03 |197 -0.56603  9.29763e-03 |198  0.16637 -2.27888e-02
199  0.09507 -1.05193e-02 |200 -0.25335  2.53034e-02 |
200 variables; iteration 100; function evaluation 116; phase 4
Function value 6.8664703e+03; maximum gradient component mag 1.5877e-03
Var    Value     Gradient |Var    Value     Gradient |Var    Value     Gradient
  1 -0.42352  2.72318e-04 |  2  0.36531 -6.23160e-05 |  3 -0.12783  2.79971e-04
  4 -0.00169 -9.86454e-05 |  5 -0.74232  6.31540e-05 |  6 -0.60325  4.72572e-05
  7  0.36464 -1.99600e-05 |  8 -0.18866  1.54186e-04 |  9  0.05738  4.17615e-05
 10 -0.65562 -1.99342e-04 | 11 -0.61904  7.71684e-05 | 12 -0.10685 -1.85769e-04
 13 -0.00932  5.62706e-05 | 14 -0.00953  5.27506e-05 | 15 -0.00973  4.93740e-05
 16 -0.00993  4.61841e-05 | 17 -0.01013  4.32275e-05 | 18 -0.01032  4.05336e-05
 19 -0.01050  3.81264e-05 | 20 -0.01068  3.60239e-05 | 21 -0.01085  3.42345e-05
 22 -0.01101  3.27586e-05 | 23 -0.01115  3.15849e-05 | 24 -0.01128  3.06899e-05
 25 -0.01140  3.00368e-05 | 26 -0.01151  2.95758e-05 | 27 -0.01159  2.92455e-05
 28 -0.01166  2.89752e-05 | 29 -0.01171  2.86958e-05 | 30 -0.01173  2.83553e-05
 31 -0.01173  2.79287e-05 | 32 -0.01171  2.73776e-05 | 33 -0.01167  2.66544e-05
 34 -0.01159  2.57010e-05 | 35 -0.01150  2.44466e-05 | 36 -0.01137  2.28209e-05
 37 -0.01121  2.07654e-05 | 38 -0.01102  1.82683e-05 | 39 -0.01080  1.53721e-05
 40 -0.01054  1.21419e-05 | 41 -0.01026  8.86713e-06 | 42 -0.00995  5.78105e-06
 43 -0.00961  3.20542e-06 | 44 -0.00925  1.52920e-06 | 45 -0.00887  1.20520e-06
 46 -0.00847  2.78291e-06 | 47 -0.00807  6.88060e-06 | 48 -0.00767  1.41308e-05
 49 -0.00728  2.51006e-05 | 50 -0.00691  4.01406e-05 | 51 -0.00656  5.92633e-05
 52 -0.00624  8.21473e-05 | 53 -0.00596  1.08225e-04 | 54 -0.00571  1.36975e-04
 55 -0.00549  1.68042e-04 | 56 -0.00528  2.00926e-04 | 57 -0.00506  2.34715e-04
 58 -0.00483  2.68095e-04 | 59 -0.00454  2.99067e-04 | 60 -0.00419  3.24745e-04
 61 -0.00373  3.40955e-04 | 62 -0.00313  3.42193e-04 | 63 -0.00235  3.21921e-04
 64 -0.00136  2.74572e-04 | 65 -0.00012  2.00106e-04 | 66  0.00142  1.09861e-04
 67  0.00327  2.91427e-05 | 68  0.00546 -8.75503e-06 | 69  0.00799  3.03409e-05
 70  0.01084  1.55162e-04 | 71  0.01399  2.84628e-04 | 72  0.01735  2.64037e-04
 73  0.02082 -6.46900e-05 | 74  0.02428 -1.44547e-04 | 75  0.02755  3.11190e-04
 76  0.03043 -1.63092e-04 | 77  0.03276  3.34507e-04 | 78  0.03438 -3.50398e-04
 79  0.03524 -2.71082e-04 | 80  0.03533  5.21499e-04 | 81  0.03468 -6.12640e-04
 82  0.03331 -7.13304e-05 | 83  0.03120 -2.07725e-04 | 84  0.02836 -1.29388e-04
 85  0.02486 -4.94675e-04 | 86  0.02095 -2.00338e-04 | 87  0.01701 -2.60508e-04
 88  0.01347 -3.68182e-04 | 89  0.01066 -4.15515e-04 | 90  0.00865 -5.30033e-04
 91  0.00723 -5.46449e-04 | 92  0.00606 -4.27421e-04 | 93  0.00509 -2.27632e-04
 94  0.00494 -4.39883e-05 | 95  0.00573  8.86184e-05 | 96  0.00573  1.27869e-04
 97  0.00756  2.91845e-04 | 98  0.01038  4.49694e-04 | 99  0.01505  1.11842e-04
100  0.01459  3.86803e-04 |101  0.01198 -5.85691e-05 |102  0.00857 -2.16368e-04
103 -0.00152  2.87398e-04 |104 -0.00153 -5.72536e-04 |105  0.01879  1.03532e-04
106  0.01868  4.50828e-04 |107 -0.00605  2.51987e-04 |108  0.01199 -1.01361e-03
109  0.08009 -3.34983e-04 |110  0.01605 -4.67372e-04 |111 -0.02230  2.00807e-04
112 -0.00131  8.77840e-04 |113  0.01764  5.70000e-04 |114  0.02711 -1.14481e-04
115 -0.01624 -1.31083e-04 |116 -0.07962 -3.81751e-04 |117 -0.09313 -8.32557e-04
118 -0.08722 -5.12964e-04 |119 -0.03804 -1.02261e-04 |120  0.05604  3.50155e-04
121  0.01189 -9.02743e-04 |122  0.00628  1.67218e-04 |123 -0.02810  5.66579e-04
124 -0.06421  5.93636e-04 |125 -0.00287  3.19493e-04 |126 -0.00001 -5.68773e-04
127 -0.02195 -3.46920e-04 |128  0.03935 -8.25306e-04 |129  0.08037 -1.95649e-04
130  0.03550  9.18453e-04 |131  0.08324  5.26737e-04 |132  0.00693 -5.56077e-04
133  0.13421  1.97072e-06 |134  0.00478 -2.98371e-04 |135 -0.03919 -7.03048e-05
136 -0.05189 -7.15464e-05 |137 -0.01906  3.47635e-05 |138  0.08711  4.81476e-04
139  0.03580  8.07215e-04 |140  0.01742 -3.42702e-04 |141 -0.02400  7.32490e-04
142 -0.01722  1.02978e-03 |143 -0.00171  1.58772e-03 |144 -0.00035  4.44914e-05
145  0.30692 -5.87237e-04 |146  0.20932  4.30660e-04 |147  0.04756 -3.06013e-04
148  0.29520 -1.96325e-06 |149  0.01633  3.16374e-04 |150 -0.11560 -2.16451e-04
151 -0.47000  8.20378e-04 |152  0.31644 -1.10162e-03 |153  0.04853 -4.36711e-04
154 -0.23189  4.33220e-04 |155  0.18867 -6.06970e-04 |156  0.25973 -1.83838e-04
157  0.17230  4.54408e-04 |158  0.25245  3.24457e-04 |159  0.00739 -3.38245e-04
160 -0.09951 -1.58700e-04 |161  0.10460  4.31575e-04 |162  0.29571  2.83950e-04
163  0.16724  1.59782e-04 |164  0.24552  1.85617e-04 |165 -0.35523  3.92940e-04
166  0.24120  1.32551e-04 |167  0.05318 -7.22928e-05 |168 -0.19082 -8.32936e-05
169  0.19127 -2.61051e-04 |170  0.31659 -1.12009e-05 |171  0.07875 -3.09914e-05
172 -0.53217 -2.49293e-05 |173 -0.37919  3.58746e-06 |174  0.23547 -3.12364e-06
175  0.07852  1.44565e-04 |176 -0.12095 -7.13851e-05 |177  0.05000  6.23423e-04
178  0.11641 -7.71538e-04 |179  0.32286  4.66282e-05 |180  0.27301 -2.65697e-04
181  0.00541 -4.06306e-04 |182  0.01055  8.08603e-04 |183 -0.14989 -2.46392e-05
184 -0.12666 -2.42413e-04 |185  0.00763  1.81902e-04 |186  0.39042 -6.33002e-04
187  0.02111 -5.15807e-04 |188 -0.15638  1.11592e-04 |189  0.09749 -1.95411e-04
190  0.16196 -2.54278e-05 |191  0.21876  9.19592e-05 |192  0.25581 -5.35603e-05
193  0.02517 -1.88889e-04 |194 -0.00494 -9.65119e-06 |195 -0.17686 -1.35258e-04
196 -0.11565 -1.59706e-04 |197 -0.56610  1.34321e-04 |198  0.16636 -6.92478e-04
199  0.09509  2.28851e-04 |200 -0.25350  7.99972e-04 |

 - final statistics:
200 variables; iteration 105; function evaluation 125
Function value 6.8665e+03; maximum gradient component mag 9.2173e-04
Exit code = 1;  converg criter 1.0000e-03
Var    Value     Gradient |Var    Value     Gradient |Var    Value     Gradient
  1 -0.42352  1.02187e-04 |  2  0.36531  4.53518e-07 |  3 -0.12783  1.15882e-04
  4 -0.00169 -2.46122e-05 |  5 -0.74232  4.23440e-05 |  6 -0.60325  1.33479e-05
  7  0.36464 -2.53521e-05 |  8 -0.18866  7.09070e-05 |  9  0.05738  5.52099e-05
 10 -0.65562 -1.68498e-04 | 11 -0.61904  4.05044e-05 | 12 -0.10685 -5.12775e-05
 13 -0.00932 -8.56677e-06 | 14 -0.00953 -1.01990e-05 | 15 -0.00973 -1.18798e-05
 16 -0.00993 -1.35991e-05 | 17 -0.01013 -1.53443e-05 | 18 -0.01032 -1.70997e-05
 19 -0.01050 -1.88485e-05 | 20 -0.01068 -2.05720e-05 | 21 -0.01085 -2.22498e-05
 22 -0.01101 -2.38603e-05 | 23 -0.01115 -2.53820e-05 | 24 -0.01128 -2.67951e-05
 25 -0.01140 -2.80807e-05 | 26 -0.01151 -2.92201e-05 | 27 -0.01159 -3.01926e-05
 28 -0.01166 -3.09773e-05 | 29 -0.01171 -3.15559e-05 | 30 -0.01173 -3.19083e-05
 31 -0.01173 -3.20057e-05 | 32 -0.01171 -3.18216e-05 | 33 -0.01167 -3.13331e-05
 34 -0.01159 -3.05192e-05 | 35 -0.01150 -2.93605e-05 | 36 -0.01137 -2.78365e-05
 37 -0.01121 -2.59224e-05 | 38 -0.01102 -2.35853e-05 | 39 -0.01080 -2.07851e-05
 40 -0.01054 -1.74847e-05 | 41 -0.01026 -1.36226e-05 | 42 -0.00995 -9.16368e-06
 43 -0.00961 -4.07531e-06 | 44 -0.00925  1.66566e-06 | 45 -0.00887  8.07747e-06
 46 -0.00847  1.51845e-05 | 47 -0.00807  2.30169e-05 | 48 -0.00767  3.16075e-05
 49 -0.00728  4.09793e-05 | 50 -0.00691  5.11140e-05 | 51 -0.00656  6.19198e-05
 52 -0.00624  7.32270e-05 | 53 -0.00596  8.48136e-05 | 54 -0.00571  9.64679e-05
 55 -0.00549  1.08013e-04 | 56 -0.00528  1.19235e-04 | 57 -0.00506  1.29817e-04
 58 -0.00483  1.39335e-04 | 59 -0.00455  1.47265e-04 | 60 -0.00419  1.52955e-04
 61 -0.00373  1.55599e-04 | 62 -0.00313  1.54198e-04 | 63 -0.00235  1.47530e-04
 64 -0.00136  1.34271e-04 | 65 -0.00012  1.13537e-04 | 66  0.00142  8.62298e-05
 67  0.00327  5.64955e-05 | 68  0.00546  3.22137e-05 | 69  0.00799  2.39377e-05
 70  0.01084  3.49681e-05 | 71  0.01399  3.58083e-05 | 72  0.01734 -2.61782e-05
 73  0.02082 -1.07419e-04 | 74  0.02428  8.04768e-05 | 75  0.02755  1.35883e-04
 76  0.03043  1.09345e-04 | 77  0.03276 -1.79046e-04 | 78  0.03438  6.16003e-06
 79  0.03524  2.65604e-04 | 80  0.03533 -9.65328e-05 | 81  0.03468  3.89337e-04
 82  0.03331 -2.39506e-04 | 83  0.03120 -8.01069e-05 | 84  0.02836 -6.67780e-05
 85  0.02486 -1.41762e-04 | 86  0.02095 -2.74801e-04 | 87  0.01701 -6.20310e-05
 88  0.01347 -7.65298e-05 | 89  0.01066 -1.10634e-04 | 90  0.00865 -1.44050e-04
 91  0.00723 -1.45651e-04 | 92  0.00607 -1.16822e-04 | 93  0.00509 -8.02157e-05
 94  0.00494 -5.68109e-05 | 95  0.00572 -4.68323e-05 | 96  0.00573 -7.87354e-05
 97  0.00756 -4.42710e-05 | 98  0.01038  2.48517e-05 | 99  0.01505  3.97785e-05
100  0.01458  5.80975e-05 |101  0.01199  6.75329e-05 |102  0.00857  1.23131e-04
103 -0.00152  3.00496e-04 |104 -0.00152  3.57987e-05 |105  0.01879  2.27429e-04
106  0.01868  2.06672e-04 |107 -0.00605 -2.78369e-04 |108  0.01199 -5.88141e-04
109  0.08009 -2.26792e-04 |110  0.01605 -1.25579e-04 |111 -0.02230  9.21727e-04
112 -0.00132 -4.45522e-05 |113  0.01764  1.16311e-04 |114  0.02711  1.20524e-04
115 -0.01624 -1.20251e-04 |116 -0.07962  5.29085e-05 |117 -0.09313 -8.17004e-04
118 -0.08722  6.65350e-05 |119 -0.03804  3.06870e-05 |120  0.05604  1.85419e-05
121  0.01189 -2.20229e-04 |122  0.00628 -4.34785e-07 |123 -0.02811  1.32416e-04
124 -0.06421  7.31904e-04 |125 -0.00287  8.36243e-05 |126 -0.00001 -4.37131e-04
127 -0.02195 -2.47680e-04 |128  0.03935 -1.19812e-04 |129  0.08037 -2.04040e-04
130  0.03549  3.48879e-04 |131  0.08324  2.82897e-04 |132  0.00693 -4.60556e-04
133  0.13421 -1.38827e-05 |134  0.00478  8.31249e-05 |135 -0.03919 -2.06271e-04
136 -0.05189  5.29873e-07 |137 -0.01906  1.17633e-05 |138  0.08711  4.17527e-04
139  0.03579  2.06531e-04 |140  0.01742 -6.91134e-05 |141 -0.02400 -4.97519e-05
142 -0.01722  5.03997e-04 |143 -0.00171  3.67281e-04 |144 -0.00035  1.10951e-05
145  0.30692 -2.25951e-04 |146  0.20932  2.05754e-04 |147  0.04756 -1.38189e-04
148  0.29520 -6.43775e-06 |149  0.01633  1.43082e-04 |150 -0.11560 -9.60693e-05
151 -0.47000  2.96477e-04 |152  0.31644 -3.85323e-04 |153  0.04853 -1.52977e-04
154 -0.23189  1.27630e-04 |155  0.18867 -2.76031e-04 |156  0.25973 -8.18274e-05
157  0.17230  2.38546e-04 |158  0.25245  1.66622e-04 |159  0.00739 -1.85271e-04
160 -0.09951 -6.94504e-05 |161  0.10460  6.08900e-05 |162  0.29571  7.47310e-05
163  0.16724  7.05483e-05 |164  0.24552  8.41333e-05 |165 -0.35523  2.19973e-04
166  0.24120  8.67363e-05 |167  0.05318 -2.97703e-05 |168 -0.19082 -1.97672e-05
169  0.19127 -1.02203e-04 |170  0.31659  1.17325e-06 |171  0.07875 -1.78217e-05
172 -0.53216 -2.38219e-05 |173 -0.37919  9.62330e-06 |174  0.23547  8.12547e-06
175  0.07852  6.36531e-05 |176 -0.12095 -3.19027e-05 |177  0.04999  2.92650e-04
178  0.11641 -3.34691e-04 |179  0.32286  2.70939e-05 |180  0.27301 -1.13038e-04
181  0.00542 -1.81701e-04 |182  0.01055  3.51505e-04 |183 -0.14989 -7.54109e-06
184 -0.12666 -1.04886e-04 |185  0.00763  4.90823e-05 |186  0.39042 -2.86481e-04
187  0.02111 -2.07133e-04 |188 -0.15638  4.34926e-05 |189  0.09749 -7.76224e-05
190  0.16196 -2.68028e-05 |191  0.21876  4.06574e-05 |192  0.25581 -4.88424e-06
193  0.02517 -7.75341e-05 |194 -0.00494 -1.15292e-05 |195 -0.17686 -5.78528e-05
196 -0.11565 -8.94019e-05 |197 -0.56610  8.23212e-05 |198  0.16636 -2.86333e-04
199  0.09509  1.83021e-04 |200 -0.25350  2.99501e-04 |

 - final statistics:
213 variables; iteration 0; function evaluation 0
Function value 6.8665e+03; maximum gradient component mag 9.2173e-04
Exit code = 0;  converg criter 1.0000e-03
Var    Value     Gradient |Var    Value     Gradient |Var    Value     Gradient
  1 -0.42352  1.02187e-04 |  2  0.36531  4.53506e-07 |  3 -0.12783  1.15882e-04
  4 -0.00169 -2.46122e-05 |  5 -0.74232  4.23440e-05 |  6 -0.60325  1.33480e-05
  7  0.36464 -2.53521e-05 |  8 -0.18866  7.09070e-05 |  9  0.05738  5.52099e-05
 10 -0.65562 -1.68498e-04 | 11 -0.61904  4.05044e-05 | 12 -0.10685 -5.12775e-05
 13 -0.00932 -8.56677e-06 | 14 -0.00953 -1.01990e-05 | 15 -0.00973 -1.18798e-05
 16 -0.00993 -1.35991e-05 | 17 -0.01013 -1.53443e-05 | 18 -0.01032 -1.70997e-05
 19 -0.01050 -1.88485e-05 | 20 -0.01068 -2.05720e-05 | 21 -0.01085 -2.22498e-05
 22 -0.01101 -2.38603e-05 | 23 -0.01115 -2.53820e-05 | 24 -0.01128 -2.67951e-05
 25 -0.01140 -2.80807e-05 | 26 -0.01151 -2.92201e-05 | 27 -0.01159 -3.01926e-05
 28 -0.01166 -3.09773e-05 | 29 -0.01171 -3.15559e-05 | 30 -0.01173 -3.19083e-05
 31 -0.01173 -3.20057e-05 | 32 -0.01171 -3.18216e-05 | 33 -0.01167 -3.13331e-05
 34 -0.01159 -3.05192e-05 | 35 -0.01150 -2.93605e-05 | 36 -0.01137 -2.78365e-05
 37 -0.01121 -2.59224e-05 | 38 -0.01102 -2.35853e-05 | 39 -0.01080 -2.07851e-05
 40 -0.01054 -1.74847e-05 | 41 -0.01026 -1.36226e-05 | 42 -0.00995 -9.16368e-06
 43 -0.00961 -4.07531e-06 | 44 -0.00925  1.66566e-06 | 45 -0.00887  8.07747e-06
 46 -0.00847  1.51845e-05 | 47 -0.00807  2.30169e-05 | 48 -0.00767  3.16075e-05
 49 -0.00728  4.09793e-05 | 50 -0.00691  5.11140e-05 | 51 -0.00656  6.19198e-05
 52 -0.00624  7.32270e-05 | 53 -0.00596  8.48136e-05 | 54 -0.00571  9.64679e-05
 55 -0.00549  1.08013e-04 | 56 -0.00528  1.19235e-04 | 57 -0.00506  1.29817e-04
 58 -0.00483  1.39335e-04 | 59 -0.00455  1.47265e-04 | 60 -0.00419  1.52955e-04
 61 -0.00373  1.55599e-04 | 62 -0.00313  1.54198e-04 | 63 -0.00235  1.47530e-04
 64 -0.00136  1.34271e-04 | 65 -0.00012  1.13537e-04 | 66  0.00142  8.62298e-05
 67  0.00327  5.64955e-05 | 68  0.00546  3.22137e-05 | 69  0.00799  2.39377e-05
 70  0.01084  3.49681e-05 | 71  0.01399  3.58083e-05 | 72  0.01734 -2.61782e-05
 73  0.02082 -1.07419e-04 | 74  0.02428  8.04768e-05 | 75  0.02755  1.35883e-04
 76  0.03043  1.09345e-04 | 77  0.03276 -1.79046e-04 | 78  0.03438  6.16003e-06
 79  0.03524  2.65604e-04 | 80  0.03533 -9.65328e-05 | 81  0.03468  3.89337e-04
 82  0.03331 -2.39506e-04 | 83  0.03120 -8.01069e-05 | 84  0.02836 -6.67780e-05
 85  0.02486 -1.41762e-04 | 86  0.02095 -2.74801e-04 | 87  0.01701 -6.20310e-05
 88  0.01347 -7.65298e-05 | 89  0.01066 -1.10634e-04 | 90  0.00865 -1.44050e-04
 91  0.00723 -1.45651e-04 | 92  0.00607 -1.16822e-04 | 93  0.00509 -8.02157e-05
 94  0.00494 -5.68109e-05 | 95  0.00572 -4.68323e-05 | 96  0.00573 -7.87354e-05
 97  0.00756 -4.42710e-05 | 98  0.01038  2.48517e-05 | 99  0.01505  3.97785e-05
100  0.01458  5.80975e-05 |101  0.01199  6.75329e-05 |102  0.00857  1.23131e-04
103 -0.00152  3.00496e-04 |104 -0.00152  3.57987e-05 |105  0.01879  2.27429e-04
106  0.01868  2.06672e-04 |107 -0.00605 -2.78369e-04 |108  0.01199 -5.88141e-04
109  0.08009 -2.26792e-04 |110  0.01605 -1.25579e-04 |111 -0.02230  9.21727e-04
112 -0.00132 -4.45522e-05 |113  0.01764  1.16311e-04 |114  0.02711  1.20524e-04
115 -0.01624 -1.20251e-04 |116 -0.07962  5.29085e-05 |117 -0.09313 -8.17004e-04
118 -0.08722  6.65350e-05 |119 -0.03804  3.06870e-05 |120  0.05604  1.85419e-05
121  0.01189 -2.20229e-04 |122  0.00628 -4.34785e-07 |123 -0.02811  1.32416e-04
124 -0.06421  7.31904e-04 |125 -0.00287  8.36243e-05 |126 -0.00001 -4.37131e-04
127 -0.02195 -2.47680e-04 |128  0.03935 -1.19812e-04 |129  0.08037 -2.04040e-04
130  0.03549  3.48879e-04 |131  0.08324  2.82897e-04 |132  0.00693 -4.60556e-04
133  0.13421 -1.38827e-05 |134  0.00478  8.31249e-05 |135 -0.03919 -2.06271e-04
136 -0.05189  5.29873e-07 |137 -0.01906  1.17633e-05 |138  0.08711  4.17527e-04
139  0.03579  2.06531e-04 |140  0.01742 -6.91134e-05 |141 -0.02400 -4.97519e-05
142 -0.01722  5.03997e-04 |143 -0.00171  3.67281e-04 |144 -0.00035  1.10951e-05
145  0.00000  0.00000e+00 |146  0.00000  0.00000e+00 |147  0.00000  0.00000e+00
148  0.00000  0.00000e+00 |149  0.00000  0.00000e+00 |150  0.00000  0.00000e+00
151  0.00000  0.00000e+00 |152  0.00000  0.00000e+00 |153  0.00000  0.00000e+00
154  0.00000  0.00000e+00 |155  0.00000  0.00000e+00 |156  0.00000  0.00000e+00
157  0.00000  0.00000e+00 |158  0.30692 -2.25951e-04 |159  0.20932  2.05754e-04
160  0.04756 -1.38189e-04 |161  0.29520 -6.43775e-06 |162  0.01633  1.43082e-04
163 -0.11560 -9.60693e-05 |164 -0.47000  2.96477e-04 |165  0.31644 -3.85323e-04
166  0.04853 -1.52977e-04 |167 -0.23189  1.27630e-04 |168  0.18867 -2.76031e-04
169  0.25973 -8.18274e-05 |170  0.17230  2.38546e-04 |171  0.25245  1.66622e-04
172  0.00739 -1.85271e-04 |173 -0.09951 -6.94504e-05 |174  0.10460  6.08900e-05
175  0.29571  7.47310e-05 |176  0.16724  7.05483e-05 |177  0.24552  8.41333e-05
178 -0.35523  2.19973e-04 |179  0.24120  8.67363e-05 |180  0.05318 -2.97703e-05
181 -0.19082 -1.97672e-05 |182  0.19127 -1.02203e-04 |183  0.31659  1.17325e-06
184  0.07875 -1.78217e-05 |185 -0.53216 -2.38219e-05 |186 -0.37919  9.62330e-06
187  0.23547  8.12547e-06 |188  0.07852  6.36531e-05 |189 -0.12095 -3.19027e-05
190  0.04999  2.92650e-04 |191  0.11641 -3.34691e-04 |192  0.32286  2.70939e-05
193  0.27301 -1.13038e-04 |194  0.00542 -1.81701e-04 |195  0.01055  3.51505e-04
196 -0.14989 -7.54109e-06 |197 -0.12666 -1.04886e-04 |198  0.00763  4.90823e-05
199  0.39042 -2.86481e-04 |200  0.02111 -2.07133e-04 |201 -0.15638  4.34926e-05
202  0.09749 -7.76224e-05 |203  0.16196 -2.68028e-05 |204  0.21876  4.06574e-05
205  0.25581 -4.88424e-06 |206  0.02517 -7.75341e-05 |207 -0.00494 -1.15293e-05
208 -0.17686 -5.78528e-05 |209 -0.11565 -8.94019e-05 |210 -0.56610  8.23212e-05
211  0.16636 -2.86333e-04 |212  0.09509  1.83021e-04 |213 -0.25350  2.99501e-04
size of file gradfil1.tmp = 0
size of file gradfil2.tmp = 0
size of file varssave.tmp = 0
size of file cmpdiff.tmp = 800000032
