
Initial statistics: 136 variables; iteration 0; function evaluation 0; phase 1
Function value 5.5047404e+02; maximum gradient component mag 2.3956e+02
Var    Value     Gradient |Var    Value     Gradient |Var    Value     Gradient
  1 -0.42335  2.39564e+02 |  2 -0.09168  5.10827e+01 |  3 -0.01012 -1.82570e+00
  4 -0.01034 -1.86112e+00 |  5 -0.01056 -1.89532e+00 |  6 -0.01077 -1.92805e+00
  7 -0.01098 -1.95906e+00 |  8 -0.01118 -1.98801e+00 |  9 -0.01137 -2.01458e+00
 10 -0.01156 -2.03844e+00 | 11 -0.01173 -2.05925e+00 | 12 -0.01190 -2.07666e+00
 13 -0.01205 -2.09032e+00 | 14 -0.01219 -2.09988e+00 | 15 -0.01231 -2.10494e+00
 16 -0.01242 -2.10509e+00 | 17 -0.01251 -2.09985e+00 | 18 -0.01257 -2.08876e+00
 19 -0.01262 -2.07142e+00 | 20 -0.01264 -2.04747e+00 | 21 -0.01264 -2.01661e+00
 22 -0.01261 -1.97844e+00 | 23 -0.01256 -1.93250e+00 | 24 -0.01247 -1.87826e+00
 25 -0.01236 -1.81510e+00 | 26 -0.01221 -1.74239e+00 | 27 -0.01203 -1.65954e+00
 28 -0.01181 -1.56608e+00 | 29 -0.01155 -1.46169e+00 | 30 -0.01125 -1.34614e+00
 31 -0.01091 -1.21971e+00 | 32 -0.01054 -1.08266e+00 | 33 -0.01013 -9.35509e-01
 34 -0.00969 -7.79242e-01 | 35 -0.00923 -6.15218e-01 | 36 -0.00875 -4.45297e-01
 37 -0.00826 -2.71755e-01 | 38 -0.00778 -9.71524e-02 | 39 -0.00731  7.57764e-02
 40 -0.00686  2.44307e-01 | 41 -0.00645  4.05842e-01 | 42 -0.00608  5.58142e-01
 43 -0.00576  6.99866e-01 | 44 -0.00548  8.31222e-01 | 45 -0.00524  9.54405e-01
 46 -0.00503  1.07359e+00 | 47 -0.00482  1.19437e+00 | 48 -0.00458  1.32313e+00
 49 -0.00430  1.46728e+00 | 50 -0.00394  1.63481e+00 | 51 -0.00348  1.83456e+00
 52 -0.00287  2.07549e+00 | 53 -0.00209  2.36710e+00 | 54 -0.00109  2.71915e+00
 55  0.00014  3.14018e+00 | 56  0.00165  3.64121e+00 | 57  0.00344  4.22928e+00
 58  0.00556  4.90984e+00 | 59  0.00799  5.68689e+00 | 60  0.01073  6.55926e+00
 61  0.01376  7.52062e+00 | 62  0.01701  8.55466e+00 | 63  0.02039  9.63459e+00
 64  0.02374  1.07203e+01 | 65  0.02688  1.17573e+01 | 66  0.02959  1.26812e+01
 67  0.03167  1.34332e+01 | 68  0.03301  1.39726e+01 | 69  0.03356  1.42875e+01
 70  0.03342  1.43963e+01 | 71  0.03269  1.43221e+01 | 72  0.03142  1.40751e+01
 73  0.02955  1.36357e+01 | 74  0.02701  1.29691e+01 | 75  0.02374  1.20609e+01
 76  0.01993  1.09537e+01 | 77  0.01595  9.75984e+00 | 78  0.01232  8.62771e+00
 79  0.00947  7.69272e+00 | 80  0.00753  7.02035e+00 | 81  0.00629  6.59629e+00
 82  0.00535  6.34598e+00 | 83  0.00459  6.20689e+00 | 84  0.00449  6.18712e+00
 85  0.00513  6.30884e+00 | 86  0.00537  6.48552e+00 | 87  0.00705  6.65726e+00
 88  0.00963  6.56257e+00 | 89  0.01361  6.08570e+00 | 90  0.01372  5.05127e+00
 91  0.01248  3.65404e+00 | 92  0.01080  1.77677e+00 | 93  0.00276 -6.57141e-01
 94  0.00363 -3.60291e+00 | 95  0.02300 -8.72835e+00 | 96  0.02148 -1.47700e+01
 97 -0.00261 -1.78687e+01 | 98  0.01586 -2.54170e+01 | 99  0.08394 -4.54803e+01
100  0.02835 -2.71047e+01 |101 -0.01439 -1.46742e+01 |102  0.00446 -1.23519e+01
103  0.01955 -1.33203e+01 |104  0.03886 -1.40099e+01 |105  0.00304 -1.10510e+01
106 -0.06231 -1.16526e+01 |107 -0.07875 -1.24554e+01 |108 -0.07712 -1.49641e+01
109 -0.03440 -1.80585e+01 |110  0.06997  9.76137e+00 |111  0.02382  1.09758e+01
112  0.01399  1.24517e+01 |113 -0.02776 -8.25006e+00 |114 -0.06698 -1.76351e+01
115 -0.00633 -2.14498e+00 |116  0.00477 -2.10075e+00 |117 -0.02715 -2.50228e+00
118  0.02836  8.26861e+00 |119  0.07361  2.69871e+01 |120  0.01051  7.49673e+00
121  0.08266  2.54133e+01 |122  0.00582  5.70031e+00 |123  0.13296  3.72372e+01
124 -0.00525 -1.04286e+00 |125 -0.04642 -7.99680e+00 |126 -0.05667 -1.10547e+01
127 -0.02189 -2.25945e+00 |128  0.09425  1.61361e+01 |129  0.03193 -3.39710e-01
130  0.01687  1.02397e-01 |131 -0.02797 -8.27418e+00 |132 -0.01758 -4.88291e+00
133 -0.00587 -1.45760e+00 |134 -0.00040 -1.51492e-06 |135  0.27523 -6.12629e-05
136  0.18628  3.94426e-04 |

Intermediate statistics: 136 variables; iteration 20; function evaluation 28; phase 1
Function value 5.3747674e+02; maximum gradient component mag 1.3042e+01
Var    Value     Gradient |Var    Value     Gradient |Var    Value     Gradient
  1 -0.43895  1.30416e+01 |  2 -0.11927 -5.38959e+00 |  3 -0.00075  1.30614e-02
  4 -0.00078  1.22196e-02 |  5 -0.00080  1.12802e-02 |  6 -0.00083  1.02392e-02
  7 -0.00086  9.08974e-03 |  8 -0.00090  7.83046e-03 |  9 -0.00093  6.45928e-03
 10 -0.00096  4.97359e-03 | 11 -0.00100  3.37141e-03 | 12 -0.00103  1.65084e-03
 13 -0.00107 -1.89779e-04 | 14 -0.00111 -2.15171e-03 | 15 -0.00115 -4.23512e-03
 16 -0.00119 -6.43797e-03 | 17 -0.00124 -8.75505e-03 | 18 -0.00128 -1.11784e-02
 19 -0.00133 -1.37002e-02 | 20 -0.00138 -1.63135e-02 | 21 -0.00143 -1.90154e-02
 22 -0.00148 -2.17994e-02 | 23 -0.00153 -2.46560e-02 | 24 -0.00158 -2.75700e-02
 25 -0.00164 -3.05188e-02 | 26 -0.00169 -3.34721e-02 | 27 -0.00175 -3.63935e-02
 28 -0.00181 -3.92460e-02 | 29 -0.00187 -4.19933e-02 | 30 -0.00193 -4.45889e-02
 31 -0.00199 -4.70341e-02 | 32 -0.00205 -4.93003e-02 | 33 -0.00212 -5.13695e-02
 34 -0.00218 -5.32311e-02 | 35 -0.00225 -5.48788e-02 | 36 -0.00231 -5.63197e-02
 37 -0.00238 -5.75809e-02 | 38 -0.00245 -5.86982e-02 | 39 -0.00253 -5.97143e-02
 40 -0.00261 -6.06644e-02 | 41 -0.00269 -6.15671e-02 | 42 -0.00277 -6.24275e-02
 43 -0.00286 -6.32540e-02 | 44 -0.00295 -6.40430e-02 | 45 -0.00304 -6.47546e-02
 46 -0.00313 -6.52893e-02 | 47 -0.00323 -6.54786e-02 | 48 -0.00333 -6.50944e-02
 49 -0.00343 -6.38607e-02 | 50 -0.00353 -6.14528e-02 | 51 -0.00363 -5.75031e-02
 52 -0.00372 -5.16215e-02 | 53 -0.00381 -4.33948e-02 | 54 -0.00390 -3.23896e-02
 55 -0.00397 -1.82243e-02 | 56 -0.00403 -3.98073e-04 | 57 -0.00408  2.13911e-02
 58 -0.00412  4.73387e-02 | 59 -0.00414  7.75414e-02 | 60 -0.00414  1.11814e-01
 61 -0.00413  1.49704e-01 | 62 -0.00411  1.90303e-01 | 63 -0.00407  2.32284e-01
 64 -0.00403  2.73847e-01 | 65 -0.00399  3.12767e-01 | 66 -0.00396  3.46692e-01
 67 -0.00394  3.73765e-01 | 68 -0.00392  3.93110e-01 | 69 -0.00390  4.05125e-01
 70 -0.00386  4.11289e-01 | 71 -0.00379  4.13156e-01 | 72 -0.00367  4.11404e-01
 73 -0.00348  4.04835e-01 | 74 -0.00322  3.90118e-01 | 75 -0.00289  3.62403e-01
 76 -0.00247  3.17101e-01 | 77 -0.00194  2.52685e-01 | 78 -0.00128  1.73484e-01
 79 -0.00048  9.04412e-02 | 80  0.00036  1.73901e-02 | 81  0.00108 -3.78909e-02
 82  0.00145 -7.67641e-02 | 83  0.00152 -1.06568e-01 | 84  0.00174 -1.35063e-01
 85  0.00207 -1.66353e-01 | 86  0.00133 -2.12900e-01 | 87  0.00175 -2.98370e-01
 88  0.00350 -4.26492e-01 | 89  0.00745 -5.78829e-01 | 90  0.00831 -7.19474e-01
 91  0.00772 -8.36282e-01 | 92  0.00717 -8.86219e-01 | 93  0.00143 -7.50642e-01
 94  0.00444 -5.95488e-01 | 95  0.02577 -1.06181e+00 | 96  0.02798 -1.72597e+00
 97  0.01181 -5.11813e-01 | 98  0.03370 -1.04076e+00 | 99  0.11560 -1.19415e+00
100  0.02546 -1.96469e+00 |101 -0.01774 -7.03040e-01 |102 -0.01095 -2.78989e+00
103  0.00887 -2.35714e+00 |104  0.03110  4.38330e-01 |105 -0.00069  1.70439e+00
106 -0.05303  1.55107e+00 |107 -0.06808  4.37806e-01 |108 -0.06295 -1.02986e+00
109 -0.00383 -1.72742e+00 |110  0.02708 -1.73297e+00 |111  0.00042  2.82707e-01
112 -0.01480  4.59029e+00 |113 -0.01340  2.09246e+00 |114 -0.02617  9.84335e-02
115 -0.02421 -2.40074e+00 |116 -0.00321 -1.56146e+00 |117 -0.01541  1.37525e+00
118  0.01850  1.44285e+00 |119  0.00994  7.46118e-01 |120  0.01195  6.32221e-01
121  0.03606  2.63873e+00 |122  0.01312  2.96728e-01 |123  0.04474 -1.63325e+00
124  0.00327 -8.93688e-01 |125 -0.02682 -9.57026e-01 |126 -0.01990  7.21494e-01
127 -0.01561 -8.36947e-01 |128  0.02642 -2.14384e+00 |129  0.04039  4.01059e-02
130  0.01193  1.61020e-01 |131  0.00259  8.45002e-01 |132 -0.00087 -7.87945e-02
133 -0.00043 -4.43632e-03 |134 -0.00042  2.62283e-03 |135  0.32006  4.11661e+00
136  0.22183 -9.22173e+00 |

 - final statistics:
136 variables; iteration 21; function evaluation 30
Function value 5.3738e+02; maximum gradient component mag 4.0719e+00
Exit code = 1;  converg criter 1.0000e+01
Var    Value     Gradient |Var    Value     Gradient |Var    Value     Gradient
  1 -0.43948  4.07186e+00 |  2 -0.11968 -2.81017e+00 |  3 -0.00087 -1.44480e-02
  4 -0.00090 -1.45633e-02 |  5 -0.00092 -1.46398e-02 |  6 -0.00095 -1.46717e-02
  7 -0.00097 -1.46530e-02 |  8 -0.00100 -1.45769e-02 |  9 -0.00103 -1.44362e-02
 10 -0.00105 -1.42236e-02 | 11 -0.00108 -1.39312e-02 | 12 -0.00111 -1.35510e-02
 13 -0.00114 -1.30744e-02 | 14 -0.00117 -1.24924e-02 | 15 -0.00120 -1.17953e-02
 16 -0.00123 -1.09729e-02 | 17 -0.00126 -1.00144e-02 | 18 -0.00129 -8.90947e-03
 19 -0.00132 -7.64836e-03 | 20 -0.00135 -6.22190e-03 | 21 -0.00139 -4.61949e-03
 22 -0.00142 -2.82915e-03 | 23 -0.00145 -8.37133e-04 | 24 -0.00149  1.37121e-03
 25 -0.00152  3.81086e-03 | 26 -0.00156  6.49572e-03 | 27 -0.00159  9.43739e-03
 28 -0.00163  1.26451e-02 | 29 -0.00166  1.61251e-02 | 30 -0.00170  1.98758e-02
 31 -0.00173  2.39089e-02 | 32 -0.00177  2.82225e-02 | 33 -0.00181  3.28153e-02
 34 -0.00184  3.76814e-02 | 35 -0.00188  4.28079e-02 | 36 -0.00192  4.81770e-02
 37 -0.00197  5.37727e-02 | 38 -0.00201  5.95778e-02 | 39 -0.00206  6.55805e-02
 40 -0.00211  7.17720e-02 | 41 -0.00216  7.81395e-02 | 42 -0.00222  8.46638e-02
 43 -0.00228  9.13461e-02 | 44 -0.00234  9.82092e-02 | 45 -0.00240  1.05304e-01
 46 -0.00246  1.12717e-01 | 47 -0.00253  1.20540e-01 | 48 -0.00260  1.28828e-01
 49 -0.00267  1.37646e-01 | 50 -0.00275  1.47009e-01 | 51 -0.00282  1.56914e-01
 52 -0.00290  1.67271e-01 | 53 -0.00298  1.77955e-01 | 54 -0.00306  1.88787e-01
 55 -0.00315  1.99419e-01 | 56 -0.00324  2.09640e-01 | 57 -0.00334  2.18855e-01
 58 -0.00345  2.26381e-01 | 59 -0.00357  2.31468e-01 | 60 -0.00371  2.33230e-01
 61 -0.00385  2.30777e-01 | 62 -0.00402  2.23330e-01 | 63 -0.00419  2.10448e-01
 64 -0.00439  1.92263e-01 | 65 -0.00458  1.69789e-01 | 66 -0.00478  1.45121e-01
 67 -0.00495  1.21141e-01 | 68 -0.00508  1.00987e-01 | 69 -0.00516  8.73573e-02
 70 -0.00517  8.18328e-02 | 71 -0.00509  8.54522e-02 | 72 -0.00491  9.90634e-02
 73 -0.00460  1.23719e-01 | 74 -0.00416  1.59594e-01 | 75 -0.00355  2.03949e-01
 76 -0.00278  2.49714e-01 | 77 -0.00187  2.86711e-01 | 78 -0.00084  3.06177e-01
 79  0.00026  3.06293e-01 | 80  0.00131  2.93441e-01 | 81  0.00212  2.76608e-01
 82  0.00251  2.58837e-01 | 83  0.00252  2.35504e-01 | 84  0.00263  1.98943e-01
 85  0.00276  1.42336e-01 | 86  0.00177  4.93215e-02 | 87  0.00194 -8.50867e-02
 88  0.00353 -2.48196e-01 | 89  0.00741 -4.15012e-01 | 90  0.00823 -5.65074e-01
 91  0.00759 -7.08173e-01 | 92  0.00692 -8.13941e-01 | 93  0.00090 -7.72835e-01
 94  0.00395 -6.21215e-01 | 95  0.02624 -8.72808e-01 | 96  0.02910 -1.44929e+00
 97  0.00859 -1.28739e+00 | 98  0.03952 -2.83756e-02 | 99  0.11081 -1.74885e+00
100  0.02985 -7.69872e-01 |101 -0.01663  1.86931e-01 |102 -0.00691 -8.33467e-01
103  0.01101 -1.17533e+00 |104  0.03032 -1.05862e-01 |105 -0.00428 -3.29847e-01
106 -0.05505  2.79373e-01 |107 -0.06957 -3.27581e-01 |108 -0.06303 -8.41214e-01
109 -0.00119  1.42228e-01 |110  0.03162  8.30909e-01 |111  0.00101  3.06084e-01
112 -0.02428 -2.60532e-02 |113 -0.01776 -4.06370e-01 |114 -0.02427  7.48419e-01
115 -0.01753  2.89038e-01 |116  0.00095  2.86657e-01 |117 -0.01838  5.49497e-01
118  0.01708  8.24938e-01 |119  0.01000  4.24047e-01 |120  0.01290  3.76091e-01
121  0.03091  6.99288e-01 |122  0.01366  9.61387e-02 |123  0.04647 -1.17807e+00
124  0.00358 -7.86019e-01 |125 -0.02717 -1.09680e+00 |126 -0.02125  3.20579e-01
127 -0.01340 -6.83930e-02 |128  0.03169 -5.59497e-01 |129  0.04123  5.55011e-01
130  0.01340  5.68723e-01 |131  0.00154  5.24410e-01 |132 -0.00098 -1.30720e-01
133 -0.00061 -5.36882e-02 |134 -0.00044 -2.83911e-03 |135  0.31935  7.39402e-01
136  0.22328 -3.05208e+00 |

Initial statistics: 146 variables; iteration 0; function evaluation 0; phase 2
Function value 5.3738409e+02; maximum gradient component mag -4.3874e+02
Var    Value     Gradient |Var    Value     Gradient |Var    Value     Gradient
  1 -0.43948  4.07186e+00 |  2  0.37108  4.46343e+01 |  3 -0.12611 -2.43250e+01
  4 -0.01318  5.23122e+01 |  5 -0.70910  6.26446e+00 |  6 -0.60422 -4.38743e+02
  7  0.37624 -2.72316e+01 |  8 -0.18520 -1.03025e+02 |  9  0.03404 -3.76993e+01
 10 -0.60952  3.76488e+00 | 11 -0.62338 -3.87726e+02 | 12 -0.11968 -2.81017e+00
 13 -0.00087 -1.44480e-02 | 14 -0.00090 -1.45633e-02 | 15 -0.00092 -1.46398e-02
 16 -0.00095 -1.46717e-02 | 17 -0.00097 -1.46530e-02 | 18 -0.00100 -1.45769e-02
 19 -0.00103 -1.44362e-02 | 20 -0.00105 -1.42236e-02 | 21 -0.00108 -1.39312e-02
 22 -0.00111 -1.35510e-02 | 23 -0.00114 -1.30744e-02 | 24 -0.00117 -1.24924e-02
 25 -0.00120 -1.17953e-02 | 26 -0.00123 -1.09729e-02 | 27 -0.00126 -1.00144e-02
 28 -0.00129 -8.90947e-03 | 29 -0.00132 -7.64836e-03 | 30 -0.00135 -6.22190e-03
 31 -0.00139 -4.61949e-03 | 32 -0.00142 -2.82915e-03 | 33 -0.00145 -8.37133e-04
 34 -0.00149  1.37121e-03 | 35 -0.00152  3.81086e-03 | 36 -0.00156  6.49572e-03
 37 -0.00159  9.43739e-03 | 38 -0.00163  1.26451e-02 | 39 -0.00166  1.61251e-02
 40 -0.00170  1.98758e-02 | 41 -0.00173  2.39089e-02 | 42 -0.00177  2.82225e-02
 43 -0.00181  3.28153e-02 | 44 -0.00184  3.76814e-02 | 45 -0.00188  4.28079e-02
 46 -0.00192  4.81770e-02 | 47 -0.00197  5.37727e-02 | 48 -0.00201  5.95778e-02
 49 -0.00206  6.55805e-02 | 50 -0.00211  7.17720e-02 | 51 -0.00216  7.81395e-02
 52 -0.00222  8.46638e-02 | 53 -0.00228  9.13461e-02 | 54 -0.00234  9.82092e-02
 55 -0.00240  1.05304e-01 | 56 -0.00246  1.12717e-01 | 57 -0.00253  1.20540e-01
 58 -0.00260  1.28828e-01 | 59 -0.00267  1.37646e-01 | 60 -0.00275  1.47009e-01
 61 -0.00282  1.56914e-01 | 62 -0.00290  1.67271e-01 | 63 -0.00298  1.77955e-01
 64 -0.00306  1.88787e-01 | 65 -0.00315  1.99419e-01 | 66 -0.00324  2.09640e-01
 67 -0.00334  2.18855e-01 | 68 -0.00345  2.26381e-01 | 69 -0.00357  2.31468e-01
 70 -0.00371  2.33230e-01 | 71 -0.00385  2.30777e-01 | 72 -0.00402  2.23330e-01
 73 -0.00419  2.10448e-01 | 74 -0.00439  1.92263e-01 | 75 -0.00458  1.69789e-01
 76 -0.00478  1.45121e-01 | 77 -0.00495  1.21141e-01 | 78 -0.00508  1.00987e-01
 79 -0.00516  8.73573e-02 | 80 -0.00517  8.18328e-02 | 81 -0.00509  8.54522e-02
 82 -0.00491  9.90634e-02 | 83 -0.00460  1.23719e-01 | 84 -0.00416  1.59594e-01
 85 -0.00355  2.03949e-01 | 86 -0.00278  2.49714e-01 | 87 -0.00187  2.86711e-01
 88 -0.00084  3.06177e-01 | 89  0.00026  3.06293e-01 | 90  0.00131  2.93441e-01
 91  0.00212  2.76608e-01 | 92  0.00251  2.58837e-01 | 93  0.00252  2.35504e-01
 94  0.00263  1.98943e-01 | 95  0.00276  1.42336e-01 | 96  0.00177  4.93215e-02
 97  0.00194 -8.50867e-02 | 98  0.00353 -2.48196e-01 | 99  0.00741 -4.15012e-01
100  0.00823 -5.65074e-01 |101  0.00759 -7.08173e-01 |102  0.00692 -8.13941e-01
103  0.00090 -7.72835e-01 |104  0.00395 -6.21215e-01 |105  0.02624 -8.72808e-01
106  0.02910 -1.44929e+00 |107  0.00859 -1.28739e+00 |108  0.03952 -2.83756e-02
109  0.11081 -1.74885e+00 |110  0.02985 -7.69872e-01 |111 -0.01663  1.86931e-01
112 -0.00691 -8.33467e-01 |113  0.01101 -1.17533e+00 |114  0.03032 -1.05862e-01
115 -0.00428 -3.29847e-01 |116 -0.05505  2.79373e-01 |117 -0.06957 -3.27581e-01
118 -0.06303 -8.41214e-01 |119 -0.00119  1.42228e-01 |120  0.03162  8.30909e-01
121  0.00101  3.06084e-01 |122 -0.02428 -2.60532e-02 |123 -0.01776 -4.06370e-01
124 -0.02427  7.48419e-01 |125 -0.01753  2.89038e-01 |126  0.00095  2.86657e-01
127 -0.01838  5.49497e-01 |128  0.01708  8.24938e-01 |129  0.01000  4.24047e-01
130  0.01290  3.76091e-01 |131  0.03091  6.99288e-01 |132  0.01366  9.61387e-02
133  0.04647 -1.17807e+00 |134  0.00358 -7.86019e-01 |135 -0.02717 -1.09680e+00
136 -0.02125  3.20579e-01 |137 -0.01340 -6.83930e-02 |138  0.03169 -5.59497e-01
139  0.04123  5.55011e-01 |140  0.01340  5.68723e-01 |141  0.00154  5.24410e-01
142 -0.00098 -1.30720e-01 |143 -0.00061 -5.36882e-02 |144 -0.00044 -2.83911e-03
145  0.31935  7.39402e-01 |146  0.22328 -3.05208e+00 |

Intermediate statistics: 146 variables; iteration 20; function evaluation 25; phase 2
Function value 5.1365327e+02; maximum gradient component mag -1.1848e+02
Var    Value     Gradient |Var    Value     Gradient |Var    Value     Gradient
  1 -0.45098 -2.55584e+01 |  2  0.34127 -5.41477e+01 |  3 -0.15793  9.53818e+00
  4  0.06189 -1.45199e+01 |  5 -0.84565  3.35396e+00 |  6 -0.55150 -9.64648e+01
  7  0.34725  6.89597e+01 |  8 -0.22516 -1.18477e+02 |  9  0.19462 -4.02681e+00
 10 -0.85765 -2.91409e-01 | 11 -0.56716  5.13322e+00 | 12 -0.09413 -4.91124e+01
 13 -0.00076 -2.61104e-01 | 14 -0.00078 -2.68572e-01 | 15 -0.00080 -2.76251e-01
 16 -0.00083 -2.84145e-01 | 17 -0.00085 -2.92277e-01 | 18 -0.00087 -3.00640e-01
 19 -0.00090 -3.09234e-01 | 20 -0.00092 -3.18065e-01 | 21 -0.00095 -3.27135e-01
 22 -0.00098 -3.36452e-01 | 23 -0.00100 -3.46023e-01 | 24 -0.00103 -3.55860e-01
 25 -0.00106 -3.65978e-01 | 26 -0.00109 -3.76393e-01 | 27 -0.00112 -3.87118e-01
 28 -0.00115 -3.98157e-01 | 29 -0.00118 -4.09499e-01 | 30 -0.00122 -4.21124e-01
 31 -0.00125 -4.33038e-01 | 32 -0.00129 -4.45256e-01 | 33 -0.00132 -4.57815e-01
 34 -0.00136 -4.70759e-01 | 35 -0.00140 -4.84134e-01 | 36 -0.00144 -4.97972e-01
 37 -0.00148 -5.12278e-01 | 38 -0.00152 -5.27042e-01 | 39 -0.00156 -5.42219e-01
 40 -0.00161 -5.57666e-01 | 41 -0.00165 -5.73497e-01 | 42 -0.00170 -5.89642e-01
 43 -0.00174 -6.06108e-01 | 44 -0.00179 -6.22927e-01 | 45 -0.00184 -6.40094e-01
 46 -0.00189 -6.57577e-01 | 47 -0.00194 -6.75379e-01 | 48 -0.00199 -6.93496e-01
 49 -0.00205 -7.12014e-01 | 50 -0.00210 -7.31115e-01 | 51 -0.00216 -7.50992e-01
 52 -0.00222 -7.71697e-01 | 53 -0.00228 -7.93193e-01 | 54 -0.00234 -8.15220e-01
 55 -0.00240 -8.37470e-01 | 56 -0.00246 -8.59922e-01 | 57 -0.00252 -8.82781e-01
 58 -0.00258 -9.06082e-01 | 59 -0.00264 -9.30010e-01 | 60 -0.00270 -9.54532e-01
 61 -0.00276 -9.79718e-01 | 62 -0.00283 -1.00526e+00 | 63 -0.00289 -1.03102e+00
 64 -0.00294 -1.05701e+00 | 65 -0.00300 -1.08271e+00 | 66 -0.00305 -1.10938e+00
 67 -0.00310 -1.13633e+00 | 68 -0.00314 -1.16316e+00 | 69 -0.00318 -1.18989e+00
 70 -0.00321 -1.21613e+00 | 71 -0.00323 -1.24171e+00 | 72 -0.00324 -1.26619e+00
 73 -0.00323 -1.28954e+00 | 74 -0.00321 -1.31207e+00 | 75 -0.00317 -1.33439e+00
 76 -0.00312 -1.35742e+00 | 77 -0.00306 -1.38275e+00 | 78 -0.00299 -1.41204e+00
 79 -0.00292 -1.44664e+00 | 80 -0.00284 -1.48791e+00 | 81 -0.00276 -1.53660e+00
 82 -0.00266 -1.59362e+00 | 83 -0.00257 -1.65999e+00 | 84 -0.00246 -1.73680e+00
 85 -0.00233 -1.82479e+00 | 86 -0.00217 -1.92318e+00 | 87 -0.00195 -2.02922e+00
 88 -0.00163 -2.13645e+00 | 89 -0.00119 -2.23642e+00 | 90 -0.00063 -2.31779e+00
 91 -0.00016 -2.37665e+00 | 92 -0.00017 -2.41896e+00 | 93 -0.00107 -2.47062e+00
 94 -0.00259 -2.55011e+00 | 95 -0.00398 -2.60446e+00 | 96 -0.00693 -2.66082e+00
 97 -0.00938 -2.69394e+00 | 98 -0.00936 -2.63668e+00 | 99 -0.00378 -2.20020e+00
100 -0.00111 -1.85561e+00 |101 -0.00276 -1.71081e+00 |102 -0.00344 -1.50234e+00
103 -0.01080 -9.71644e-01 |104 -0.01029 -1.18434e-01 |105  0.01810  1.87889e+00
106  0.03469  4.58609e+00 |107  0.00677  1.33587e+00 |108  0.02043  7.32532e-01
109  0.11582  1.29837e+01 |110  0.08597  1.22041e+01 |111  0.00026  7.63969e+00
112  0.00258  8.34123e+00 |113  0.01804  9.33465e+00 |114  0.03473  3.48425e+00
115  0.02544  6.80873e+00 |116 -0.04959 -2.28392e-01 |117 -0.07171 -2.43890e+00
118 -0.08004  4.11897e-02 |119 -0.02203 -4.94908e+00 |120  0.01140 -5.36850e+00
121  0.01024 -2.82786e+00 |122 -0.03304 -3.43372e+00 |123 -0.02289  4.97612e-01
124 -0.03282  1.35355e+00 |125 -0.03593 -3.74171e-01 |126 -0.01244 -2.38878e+00
127 -0.03399  7.80236e-01 |128  0.01302  2.68125e+00 |129  0.01147  1.29268e+00
130  0.01553  1.96511e+00 |131  0.04104  3.09133e+00 |132  0.00805 -2.83831e+00
133  0.07030  4.61004e+00 |134  0.01452 -1.46989e+00 |135 -0.01926 -5.30997e-01
136 -0.01879 -8.44208e-02 |137 -0.02027 -1.15560e+00 |138  0.02880 -4.83697e-01
139  0.05573  2.04565e+00 |140  0.02491  1.24172e+00 |141  0.00583  7.26268e-02
142  0.00089  1.99890e-02 |143  0.00207  9.67165e-01 |144 -0.00027  1.77176e-02
145  0.26510 -4.19485e+01 |146  0.19959  2.54330e+01 |
146 variables; iteration 40; function evaluation 56; phase 2
Function value 5.1104576e+02; maximum gradient component mag -1.6979e+01
Var    Value     Gradient |Var    Value     Gradient |Var    Value     Gradient
  1 -0.45092  8.64863e+00 |  2  0.33794 -5.59465e+00 |  3 -0.17252 -3.06985e+00
  4  0.08338 -4.29102e+00 |  5 -0.96975  6.07766e-01 |  6 -0.53395  5.26355e+00
  7  0.34389 -4.00680e+00 |  8 -0.22155 -7.49173e+00 |  9  0.19863 -1.54920e+00
 10 -0.91569  3.26602e-01 | 11 -0.56977 -1.42132e+00 | 12 -0.07544 -1.69790e+01
 13 -0.00064 -7.26952e-02 | 14 -0.00065 -7.47642e-02 | 15 -0.00067 -7.68965e-02
 16 -0.00069 -7.90947e-02 | 17 -0.00071 -8.13656e-02 | 18 -0.00073 -8.37090e-02
 19 -0.00075 -8.61268e-02 | 20 -0.00078 -8.86225e-02 | 21 -0.00080 -9.11992e-02
 22 -0.00082 -9.38607e-02 | 23 -0.00084 -9.66109e-02 | 24 -0.00087 -9.94542e-02
 25 -0.00089 -1.02394e-01 | 26 -0.00092 -1.05434e-01 | 27 -0.00095 -1.08575e-01
 28 -0.00097 -1.11816e-01 | 29 -0.00100 -1.15161e-01 | 30 -0.00103 -1.18616e-01
 31 -0.00106 -1.22190e-01 | 32 -0.00109 -1.25886e-01 | 33 -0.00113 -1.29709e-01
 34 -0.00116 -1.33661e-01 | 35 -0.00119 -1.37746e-01 | 36 -0.00123 -1.41961e-01
 37 -0.00127 -1.46305e-01 | 38 -0.00130 -1.50778e-01 | 39 -0.00134 -1.55378e-01
 40 -0.00138 -1.60078e-01 | 41 -0.00142 -1.64923e-01 | 42 -0.00146 -1.69900e-01
 43 -0.00150 -1.75003e-01 | 44 -0.00155 -1.80230e-01 | 45 -0.00159 -1.85570e-01
 46 -0.00164 -1.91010e-01 | 47 -0.00169 -1.96547e-01 | 48 -0.00174 -2.02173e-01
 49 -0.00179 -2.07889e-01 | 50 -0.00184 -2.13704e-01 | 51 -0.00189 -2.19619e-01
 52 -0.00194 -2.25620e-01 | 53 -0.00199 -2.31723e-01 | 54 -0.00205 -2.37923e-01
 55 -0.00210 -2.44191e-01 | 56 -0.00216 -2.50523e-01 | 57 -0.00222 -2.56946e-01
 58 -0.00228 -2.63450e-01 | 59 -0.00234 -2.70088e-01 | 60 -0.00240 -2.76843e-01
 61 -0.00246 -2.83737e-01 | 62 -0.00252 -2.90673e-01 | 63 -0.00258 -2.97599e-01
 64 -0.00264 -3.04495e-01 | 65 -0.00269 -3.11151e-01 | 66 -0.00275 -3.17962e-01
 67 -0.00281 -3.24650e-01 | 68 -0.00286 -3.31014e-01 | 69 -0.00291 -3.36989e-01
 70 -0.00295 -3.42348e-01 | 71 -0.00299 -3.46915e-01 | 72 -0.00302 -3.50400e-01
 73 -0.00303 -3.52613e-01 | 74 -0.00303 -3.53446e-01 | 75 -0.00302 -3.52839e-01
 76 -0.00299 -3.50787e-01 | 77 -0.00294 -3.47436e-01 | 78 -0.00287 -3.42852e-01
 79 -0.00277 -3.36866e-01 | 80 -0.00265 -3.29172e-01 | 81 -0.00248 -3.19221e-01
 82 -0.00227 -3.06593e-01 | 83 -0.00201 -2.91181e-01 | 84 -0.00169 -2.73260e-01
 85 -0.00129 -2.53237e-01 | 86 -0.00082 -2.31372e-01 | 87 -0.00024 -2.08717e-01
 88  0.00043 -1.90879e-01 | 89  0.00116 -1.94538e-01 | 90  0.00176 -2.50203e-01
 91  0.00198 -3.77047e-01 | 92  0.00157 -5.51579e-01 | 93  0.00048 -7.09660e-01
 94 -0.00053 -7.30141e-01 | 95 -0.00077 -5.80776e-01 | 96 -0.00201 -2.82382e-01
 97 -0.00397 -2.17589e-01 | 98 -0.00467 -3.61092e-01 | 99 -0.00046 -3.56571e-01
100 -0.00034 -8.19136e-01 |101 -0.00277 -9.59852e-01 |102 -0.00389 -1.05391e+00
103 -0.00988 -3.86862e-01 |104 -0.01337 -8.79433e-01 |105  0.01043 -9.22317e-01
106  0.02344 -6.14567e-01 |107  0.00569 -7.65499e-01 |108  0.03221  4.66944e-02
109  0.08997 -1.41837e+00 |110  0.08278 -4.21952e-02 |111 -0.00737  1.06489e-01
112 -0.00573  7.19511e-01 |113  0.00701  1.25034e+00 |114  0.03790 -1.26385e-01
115  0.01600 -8.67694e-01 |116 -0.04313  1.51559e+00 |117 -0.06439  1.06374e+00
118 -0.08328  3.44208e-01 |119 -0.01578  1.06385e+00 |120  0.01812  2.05096e+00
121  0.01305  8.97713e-01 |122 -0.02848  2.16821e-01 |123 -0.02256  1.61400e+00
124 -0.03516  1.36860e+00 |125 -0.03391  1.99104e+00 |126 -0.00770  6.78523e-01
127 -0.03576  1.00183e+00 |128  0.00769  8.38490e-01 |129  0.01232  5.38102e-01
130  0.01346 -1.32874e-02 |131  0.03260 -5.69101e-01 |132  0.02183 -4.01401e-02
133  0.05915 -4.21648e-01 |134  0.02074 -5.69537e-01 |135 -0.01823 -4.86989e-01
136 -0.01677  3.07462e-01 |137 -0.01596  4.08343e-01 |138  0.03095  1.13222e-01
139  0.05137  4.01659e-01 |140  0.02321  5.05673e-02 |141  0.00665  9.48195e-02
142  0.00140  1.21380e-01 |143 -0.00154  2.86133e-02 |144 -0.00032  1.57856e-03
145  0.25079 -2.40685e+00 |146  0.17062 -7.09975e+00 |

 - final statistics:
146 variables; iteration 44; function evaluation 62
Function value 5.1101e+02; maximum gradient component mag -9.5835e+00
Exit code = 1;  converg criter 1.0000e+01
Var    Value     Gradient |Var    Value     Gradient |Var    Value     Gradient
  1 -0.45090  4.38404e+00 |  2  0.33751  3.97751e+00 |  3 -0.17358 -1.62910e+00
  4  0.08597  3.57427e-01 |  5 -0.99286  1.48136e-01 |  6 -0.53385  1.46074e+00
  7  0.34421  7.23546e+00 |  8 -0.22172 -7.15474e-02 |  9  0.19863  2.58833e+00
 10 -0.94127  1.86919e-01 | 11 -0.56954 -9.45041e-01 | 12 -0.07214 -9.58350e+00
 13 -0.00048 -1.19031e-02 | 14 -0.00049 -1.22987e-02 | 15 -0.00051 -1.26981e-02
 16 -0.00052 -1.31003e-02 | 17 -0.00054 -1.35033e-02 | 18 -0.00055 -1.39059e-02
 19 -0.00057 -1.43062e-02 | 20 -0.00058 -1.47022e-02 | 21 -0.00060 -1.50922e-02
 22 -0.00062 -1.54752e-02 | 23 -0.00063 -1.58505e-02 | 24 -0.00065 -1.62177e-02
 25 -0.00067 -1.65773e-02 | 26 -0.00069 -1.69302e-02 | 27 -0.00071 -1.72776e-02
 28 -0.00073 -1.76199e-02 | 29 -0.00075 -1.79526e-02 | 30 -0.00077 -1.82680e-02
 31 -0.00079 -1.85637e-02 | 32 -0.00081 -1.88468e-02 | 33 -0.00083 -1.91258e-02
 34 -0.00086 -1.94098e-02 | 35 -0.00088 -1.97067e-02 | 36 -0.00091 -2.00206e-02
 37 -0.00093 -2.03503e-02 | 38 -0.00096 -2.06888e-02 | 39 -0.00098 -2.10263e-02
 40 -0.00101 -2.13591e-02 | 41 -0.00104 -2.16775e-02 | 42 -0.00107 -2.19897e-02
 43 -0.00110 -2.23116e-02 | 44 -0.00113 -2.26643e-02 | 45 -0.00116 -2.30680e-02
 46 -0.00119 -2.35426e-02 | 47 -0.00122 -2.41094e-02 | 48 -0.00126 -2.47940e-02
 49 -0.00129 -2.56255e-02 | 50 -0.00133 -2.66362e-02 | 51 -0.00137 -2.78504e-02
 52 -0.00142 -2.92683e-02 | 53 -0.00146 -3.08528e-02 | 54 -0.00150 -3.25528e-02
 55 -0.00155 -3.43369e-02 | 56 -0.00159 -3.62202e-02 | 57 -0.00164 -3.82310e-02
 58 -0.00169 -4.03770e-02 | 59 -0.00174 -4.26417e-02 | 60 -0.00179 -4.50239e-02
 61 -0.00185 -4.75138e-02 | 62 -0.00190 -5.01237e-02 | 63 -0.00195 -5.28644e-02
 64 -0.00201 -5.57522e-02 | 65 -0.00206 -5.88439e-02 | 66 -0.00212 -6.20803e-02
 67 -0.00217 -6.55362e-02 | 68 -0.00222 -6.92815e-02 | 69 -0.00228 -7.33694e-02
 70 -0.00233 -7.78943e-02 | 71 -0.00238 -8.29552e-02 | 72 -0.00243 -8.86842e-02
 73 -0.00247 -9.52082e-02 | 74 -0.00251 -1.02648e-01 | 75 -0.00255 -1.11118e-01
 76 -0.00258 -1.20723e-01 | 77 -0.00261 -1.31572e-01 | 78 -0.00262 -1.43881e-01
 79 -0.00262 -1.58076e-01 | 80 -0.00261 -1.74867e-01 | 81 -0.00259 -1.95260e-01
 82 -0.00255 -2.20479e-01 | 83 -0.00250 -2.51858e-01 | 84 -0.00243 -2.90898e-01
 85 -0.00235 -3.39653e-01 | 86 -0.00225 -4.01136e-01 | 87 -0.00212 -4.78498e-01
 88 -0.00193 -5.68406e-01 | 89 -0.00156 -6.44767e-01 | 90 -0.00075 -6.31321e-01
 91  0.00074 -4.33338e-01 | 92  0.00245 -7.95603e-02 | 93  0.00296  1.70223e-01
 94  0.00146  5.72392e-02 | 95 -0.00060 -2.19600e-01 | 96 -0.00407 -4.66559e-01
 97 -0.00545 -2.38615e-01 | 98 -0.00512 -9.25203e-02 | 99 -0.00195 -3.12853e-01
100  0.00132  1.61710e-02 |101 -0.00273 -4.94341e-01 |102 -0.00382 -6.00074e-01
103 -0.01021 -7.24889e-02 |104 -0.01365 -5.39327e-01 |105  0.01037 -4.74774e-01
106  0.02301 -3.75775e-01 |107  0.00583 -4.46126e-01 |108  0.02924 -3.49608e-01
109  0.09076 -1.01254e+00 |110  0.08192 -5.74260e-01 |111 -0.00760 -1.32951e-01
112 -0.00518  7.30908e-01 |113  0.00532  4.79414e-01 |114  0.03770 -1.41322e-01
115  0.01852  8.67279e-02 |116 -0.04407  8.69692e-01 |117 -0.06562  2.76528e-01
118 -0.08558 -7.52439e-01 |119 -0.01603  5.81196e-01 |120  0.01658  8.47332e-01
121  0.01338  3.01973e-01 |122 -0.02756  3.07705e-01 |123 -0.02454  4.59157e-01
124 -0.03248  2.05161e+00 |125 -0.03662  5.94105e-01 |126 -0.00681  4.97234e-01
127 -0.03802 -1.26870e-01 |128  0.00504 -5.37217e-01 |129  0.01216  7.84106e-02
130  0.01435  1.58914e-01 |131  0.03381 -9.74450e-02 |132  0.02217  1.67256e-02
133  0.05866 -5.64179e-01 |134  0.02181 -3.45606e-01 |135 -0.01766 -3.36403e-01
136 -0.01691  2.35435e-01 |137 -0.01667  2.50409e-01 |138  0.03077  5.12427e-02
139  0.05080  1.83760e-01 |140  0.02299 -1.09078e-01 |141  0.00625 -5.74919e-02
142  0.00097  2.29599e-02 |143 -0.00148  4.67315e-02 |144 -0.00031  3.01372e-03
145  0.24647 -2.04876e+00 |146  0.16729 -3.25025e+00 |

Initial statistics: 176 variables; iteration 0; function evaluation 0; phase 3
Function value 5.1100502e+02; maximum gradient component mag -2.2164e+02
Var    Value     Gradient |Var    Value     Gradient |Var    Value     Gradient
  1 -0.45090  4.38404e+00 |  2  0.33751  3.97751e+00 |  3 -0.17358 -1.62910e+00
  4  0.08597  3.57427e-01 |  5 -0.99286  1.48136e-01 |  6 -0.53385  1.46074e+00
  7  0.34421  7.23546e+00 |  8 -0.22172 -7.15474e-02 |  9  0.19863  2.58833e+00
 10 -0.94127  1.86919e-01 | 11 -0.56954 -9.45041e-01 | 12 -0.07214 -9.58350e+00
 13 -0.00048 -1.19031e-02 | 14 -0.00049 -1.22987e-02 | 15 -0.00051 -1.26981e-02
 16 -0.00052 -1.31003e-02 | 17 -0.00054 -1.35033e-02 | 18 -0.00055 -1.39059e-02
 19 -0.00057 -1.43062e-02 | 20 -0.00058 -1.47022e-02 | 21 -0.00060 -1.50922e-02
 22 -0.00062 -1.54752e-02 | 23 -0.00063 -1.58505e-02 | 24 -0.00065 -1.62177e-02
 25 -0.00067 -1.65773e-02 | 26 -0.00069 -1.69302e-02 | 27 -0.00071 -1.72776e-02
 28 -0.00073 -1.76199e-02 | 29 -0.00075 -1.79526e-02 | 30 -0.00077 -1.82680e-02
 31 -0.00079 -1.85637e-02 | 32 -0.00081 -1.88468e-02 | 33 -0.00083 -1.91258e-02
 34 -0.00086 -1.94098e-02 | 35 -0.00088 -1.97067e-02 | 36 -0.00091 -2.00206e-02
 37 -0.00093 -2.03503e-02 | 38 -0.00096 -2.06888e-02 | 39 -0.00098 -2.10263e-02
 40 -0.00101 -2.13591e-02 | 41 -0.00104 -2.16775e-02 | 42 -0.00107 -2.19897e-02
 43 -0.00110 -2.23116e-02 | 44 -0.00113 -2.26643e-02 | 45 -0.00116 -2.30680e-02
 46 -0.00119 -2.35426e-02 | 47 -0.00122 -2.41094e-02 | 48 -0.00126 -2.47940e-02
 49 -0.00129 -2.56255e-02 | 50 -0.00133 -2.66362e-02 | 51 -0.00137 -2.78504e-02
 52 -0.00142 -2.92683e-02 | 53 -0.00146 -3.08528e-02 | 54 -0.00150 -3.25528e-02
 55 -0.00155 -3.43369e-02 | 56 -0.00159 -3.62202e-02 | 57 -0.00164 -3.82310e-02
 58 -0.00169 -4.03770e-02 | 59 -0.00174 -4.26417e-02 | 60 -0.00179 -4.50239e-02
 61 -0.00185 -4.75138e-02 | 62 -0.00190 -5.01237e-02 | 63 -0.00195 -5.28644e-02
 64 -0.00201 -5.57522e-02 | 65 -0.00206 -5.88439e-02 | 66 -0.00212 -6.20803e-02
 67 -0.00217 -6.55362e-02 | 68 -0.00222 -6.92815e-02 | 69 -0.00228 -7.33694e-02
 70 -0.00233 -7.78943e-02 | 71 -0.00238 -8.29552e-02 | 72 -0.00243 -8.86842e-02
 73 -0.00247 -9.52082e-02 | 74 -0.00251 -1.02648e-01 | 75 -0.00255 -1.11118e-01
 76 -0.00258 -1.20723e-01 | 77 -0.00261 -1.31572e-01 | 78 -0.00262 -1.43881e-01
 79 -0.00262 -1.58076e-01 | 80 -0.00261 -1.74867e-01 | 81 -0.00259 -1.95260e-01
 82 -0.00255 -2.20479e-01 | 83 -0.00250 -2.51858e-01 | 84 -0.00243 -2.90898e-01
 85 -0.00235 -3.39653e-01 | 86 -0.00225 -4.01136e-01 | 87 -0.00212 -4.78498e-01
 88 -0.00193 -5.68406e-01 | 89 -0.00156 -6.44767e-01 | 90 -0.00075 -6.31321e-01
 91  0.00074 -4.33338e-01 | 92  0.00245 -7.95603e-02 | 93  0.00296  1.70223e-01
 94  0.00146  5.72392e-02 | 95 -0.00060 -2.19600e-01 | 96 -0.00407 -4.66559e-01
 97 -0.00545 -2.38615e-01 | 98 -0.00512 -9.25203e-02 | 99 -0.00195 -3.12853e-01
100  0.00132  1.61710e-02 |101 -0.00273 -4.94341e-01 |102 -0.00382 -6.00074e-01
103 -0.01021 -7.24889e-02 |104 -0.01365 -5.39327e-01 |105  0.01037 -4.74774e-01
106  0.02301 -3.75775e-01 |107  0.00583 -4.46126e-01 |108  0.02924 -3.49608e-01
109  0.09076 -1.01254e+00 |110  0.08192 -5.74260e-01 |111 -0.00760 -1.32951e-01
112 -0.00518  7.30908e-01 |113  0.00532  4.79414e-01 |114  0.03770 -1.41322e-01
115  0.01852  8.67279e-02 |116 -0.04407  8.69692e-01 |117 -0.06562  2.76528e-01
118 -0.08558 -7.52439e-01 |119 -0.01603  5.81196e-01 |120  0.01658  8.47332e-01
121  0.01338  3.01973e-01 |122 -0.02756  3.07705e-01 |123 -0.02454  4.59157e-01
124 -0.03248  2.05161e+00 |125 -0.03662  5.94105e-01 |126 -0.00681  4.97234e-01
127 -0.03802 -1.26870e-01 |128  0.00504 -5.37217e-01 |129  0.01216  7.84106e-02
130  0.01435  1.58914e-01 |131  0.03381 -9.74450e-02 |132  0.02217  1.67256e-02
133  0.05866 -5.64179e-01 |134  0.02181 -3.45606e-01 |135 -0.01766 -3.36403e-01
136 -0.01691  2.35435e-01 |137 -0.01667  2.50409e-01 |138  0.03077  5.12427e-02
139  0.05080  1.83760e-01 |140  0.02299 -1.09078e-01 |141  0.00625 -5.74919e-02
142  0.00097  2.29599e-02 |143 -0.00148  4.67315e-02 |144 -0.00031  3.01372e-03
145  0.24647 -2.04876e+00 |146  0.16729 -3.25025e+00 |147  0.04655 -2.31803e+01
148  0.29672 -9.42602e+01 |149 -0.47550  4.66886e+00 |150  0.31378 -2.20818e+00
151  0.18240 -8.64479e+00 |152  0.25985 -2.65911e+01 |153  0.17452 -4.31145e+01
154  0.25418  1.39103e+01 |155  0.10334 -5.28061e+00 |156  0.29675 -1.99493e+01
157  0.16884 -3.37790e+01 |158  0.24621  2.64827e+01 |159 -0.35199  1.70530e+01
160  0.24280 -2.50536e+01 |161  0.20262  1.35774e+01 |162  0.31674 -4.22212e+01
163 -0.38070  9.92696e+00 |164  0.23598 -2.87053e+01 |165  0.05108  2.94792e+00
166  0.11964 -3.50245e+01 |167  0.32137 -1.93670e+01 |168  0.27251 -6.75612e+00
169  0.01338  5.05456e+00 |170  0.39320 -2.40247e+01 |171  0.09929 -2.21635e+02
172  0.16363 -1.86628e+02 |173  0.21869  3.06134e+01 |174  0.25726  4.10791e-01
175 -0.55411 -1.27800e+00 |176  0.17113  9.94680e-01 |

Intermediate statistics: 176 variables; iteration 20; function evaluation 25; phase 3
Function value 5.0178250e+02; maximum gradient component mag -7.4344e+01
Var    Value     Gradient |Var    Value     Gradient |Var    Value     Gradient
  1 -0.45444 -6.66582e+01 |  2  0.34756  5.91122e+01 |  3 -0.20382  3.22216e+01
  4  0.08313  3.16496e+01 |  5 -0.99379  1.40779e-01 |  6 -0.49878  7.05408e+00
  7  0.34997 -3.70828e+01 |  8 -0.24546  2.05005e+01 |  9  0.19409 -8.17096e+00
 10 -0.94557  4.41591e-01 | 11 -0.53929  1.31301e+01 | 12 -0.07789  4.67104e+01
 13 -0.00048  1.39626e-01 | 14 -0.00049  1.43568e-01 | 15 -0.00051  1.47619e-01
 16 -0.00052  1.51783e-01 | 17 -0.00054  1.56067e-01 | 18 -0.00055  1.60472e-01
 19 -0.00057  1.64999e-01 | 20 -0.00059  1.69652e-01 | 21 -0.00060  1.74435e-01
 22 -0.00062  1.79351e-01 | 23 -0.00064  1.84404e-01 | 24 -0.00066  1.89599e-01
 25 -0.00068  1.94939e-01 | 26 -0.00070  2.00430e-01 | 27 -0.00072  2.06074e-01
 28 -0.00074  2.11873e-01 | 29 -0.00076  2.17830e-01 | 30 -0.00078  2.23948e-01
 31 -0.00080  2.30238e-01 | 32 -0.00082  2.36704e-01 | 33 -0.00085  2.43354e-01
 34 -0.00087  2.50192e-01 | 35 -0.00090  2.57223e-01 | 36 -0.00092  2.64448e-01
 37 -0.00095  2.71869e-01 | 38 -0.00098  2.79488e-01 | 39 -0.00100  2.87305e-01
 40 -0.00103  2.95300e-01 | 41 -0.00106  3.03521e-01 | 42 -0.00109  3.11963e-01
 43 -0.00112  3.20633e-01 | 44 -0.00115  3.29541e-01 | 45 -0.00119  3.38686e-01
 46 -0.00122  3.48069e-01 | 47 -0.00125  3.57701e-01 | 48 -0.00129  3.67584e-01
 49 -0.00133  3.77732e-01 | 50 -0.00136  3.88159e-01 | 51 -0.00140  3.98869e-01
 52 -0.00144  4.09841e-01 | 53 -0.00148  4.21080e-01 | 54 -0.00153  4.32586e-01
 55 -0.00157  4.44362e-01 | 56 -0.00161  4.56436e-01 | 57 -0.00166  4.68835e-01
 58 -0.00170  4.81529e-01 | 59 -0.00175  4.94549e-01 | 60 -0.00180  5.07882e-01
 61 -0.00185  5.21550e-01 | 62 -0.00189  5.35494e-01 | 63 -0.00194  5.49702e-01
 64 -0.00199  5.64195e-01 | 65 -0.00204  5.78847e-01 | 66 -0.00209  5.94004e-01
 67 -0.00214  6.09515e-01 | 68 -0.00219  6.25313e-01 | 69 -0.00224  6.41451e-01
 70 -0.00229  6.57883e-01 | 71 -0.00233  6.74618e-01 | 72 -0.00238  6.91597e-01
 73 -0.00242  7.08831e-01 | 74 -0.00246  7.26360e-01 | 75 -0.00249  7.44204e-01
 76 -0.00252  7.62367e-01 | 77 -0.00254  7.80955e-01 | 78 -0.00256  8.00062e-01
 79 -0.00256  8.19705e-01 | 80 -0.00256  8.39955e-01 | 81 -0.00254  8.60741e-01
 82 -0.00250  8.82046e-01 | 83 -0.00245  9.03875e-01 | 84 -0.00237  9.26308e-01
 85 -0.00227  9.49522e-01 | 86 -0.00213  9.73665e-01 | 87 -0.00195  9.99042e-01
 88 -0.00172  1.02653e+00 | 89 -0.00143  1.05967e+00 | 90 -0.00110  1.10656e+00
 91 -0.00084  1.17693e+00 | 92 -0.00090  1.26487e+00 | 93 -0.00161  1.33932e+00
 94 -0.00285  1.37765e+00 | 95 -0.00418  1.40112e+00 | 96 -0.00691  1.40024e+00
 97 -0.00919  1.44514e+00 | 98 -0.01002  1.50120e+00 | 99 -0.00736  1.54249e+00
100 -0.00601  1.62532e+00 |101 -0.00751  1.61048e+00 |102 -0.00791  1.60771e+00
103 -0.01436  1.57743e+00 |104 -0.01402  1.62136e+00 |105  0.01075  1.86274e+00
106  0.02504  1.81112e+00 |107  0.01161  1.81472e+00 |108  0.03860  1.71564e+00
109  0.10751  1.71036e+00 |110  0.08272  1.06790e+00 |111 -0.00585 -1.90083e-01
112 -0.00679 -6.12346e-01 |113  0.00815 -1.29872e+00 |114  0.04071 -2.37284e+00
115  0.01643 -2.60187e+00 |116 -0.04499 -1.41035e+00 |117 -0.05983 -5.20825e-01
118 -0.07271  2.63459e-01 |119 -0.00523  7.02242e-02 |120  0.02878 -5.63329e-01
121  0.01798 -1.74197e+00 |122 -0.02359 -1.11481e+00 |123 -0.01832 -1.40805e+00
124 -0.03090 -1.12194e+00 |125 -0.03136 -1.12051e+00 |126 -0.00635 -1.93355e+00
127 -0.03565 -1.58542e+00 |128  0.00622 -2.35231e+00 |129  0.00814 -2.37181e+00
130  0.01105 -2.24926e+00 |131  0.02865 -2.13051e+00 |132  0.01867 -1.68864e+00
133  0.05305 -2.05529e+00 |134  0.01590 -1.48547e+00 |135 -0.02136 -7.88550e-01
136 -0.02182 -5.48850e-01 |137 -0.01782 -2.07950e-01 |138  0.02956 -1.18783e-01
139  0.04848 -8.02510e-02 |140  0.01781 -2.26472e-01 |141  0.00339 -8.72391e-02
142 -0.00055 -4.23970e-02 |143 -0.00206 -1.27332e-01 |144 -0.00047 -2.58693e-02
145  0.26214  1.31938e+01 |146  0.17384  1.18130e+01 |147  0.09061  4.00296e+01
148  0.31284 -7.43442e+01 |149 -0.49587 -4.48924e-02 |150  0.31997  2.16777e-01
151  0.21742 -6.01527e+00 |152  0.27196  1.42209e+01 |153  0.21162 -4.56855e+00
154  0.26579 -1.87701e+00 |155  0.16953  2.24912e+01 |156  0.31285 -4.83343e+01
157  0.21696  9.20437e+00 |158  0.26090 -1.19873e+01 |159 -0.37741  8.22359e+00
160  0.23420 -1.62938e+01 |161  0.22878  9.72075e+00 |162  0.32625 -2.49919e+01
163 -0.39932  7.21067e+00 |164  0.23112 -1.57145e+01 |165  0.06516  7.86952e+00
166  0.15544  4.66954e+00 |167  0.32539 -1.49364e+01 |168  0.28302 -1.34737e+01
169  0.03881  3.09895e+00 |170  0.42361 -2.95932e+00 |171  0.11629 -5.56903e+01
172  0.19039 -5.75538e+01 |173  0.22638 -1.07086e+00 |174  0.26450 -2.62889e+01
175 -0.55316  2.50860e+00 |176  0.16980  2.81467e-01 |
176 variables; iteration 40; function evaluation 48; phase 3
Function value 5.0097978e+02; maximum gradient component mag -5.1424e+01
Var    Value     Gradient |Var    Value     Gradient |Var    Value     Gradient
  1 -0.45154 -2.14227e+01 |  2  0.33522  2.63870e+01 |  3 -0.20677 -5.43708e+00
  4  0.11190  1.05370e+01 |  5 -1.02328 -5.51824e-01 |  6 -0.49523  2.72456e+00
  7  0.34363  9.87125e+00 |  8 -0.24650  1.52937e+01 |  9  0.21535  2.04316e+00
 10 -1.17139 -2.01196e+00 | 11 -0.53578  2.16501e+01 | 12 -0.12246 -8.90472e+00
 13 -0.00046 -3.02357e-02 | 14 -0.00047 -3.11116e-02 | 15 -0.00049 -3.20135e-02
 16 -0.00050 -3.29423e-02 | 17 -0.00052 -3.39042e-02 | 18 -0.00053 -3.48959e-02
 19 -0.00055 -3.59164e-02 | 20 -0.00056 -3.69658e-02 | 21 -0.00058 -3.80438e-02
 22 -0.00059 -3.91509e-02 | 23 -0.00061 -4.02876e-02 | 24 -0.00063 -4.14552e-02
 25 -0.00065 -4.26563e-02 | 26 -0.00067 -4.38943e-02 | 27 -0.00068 -4.51731e-02
 28 -0.00070 -4.64938e-02 | 29 -0.00072 -4.78523e-02 | 30 -0.00074 -4.92395e-02
 31 -0.00077 -5.06538e-02 | 32 -0.00079 -5.20965e-02 | 33 -0.00081 -5.35751e-02
 34 -0.00083 -5.51002e-02 | 35 -0.00086 -5.66831e-02 | 36 -0.00088 -5.83327e-02
 37 -0.00091 -6.00509e-02 | 38 -0.00093 -6.18343e-02 | 39 -0.00096 -6.36684e-02
 40 -0.00099 -6.55031e-02 | 41 -0.00101 -6.73780e-02 | 42 -0.00104 -6.92668e-02
 43 -0.00107 -7.11707e-02 | 44 -0.00110 -7.31020e-02 | 45 -0.00113 -7.50593e-02
 46 -0.00116 -7.70328e-02 | 47 -0.00119 -7.90243e-02 | 48 -0.00123 -8.10282e-02
 49 -0.00126 -8.30702e-02 | 50 -0.00130 -8.52152e-02 | 51 -0.00133 -8.75383e-02
 52 -0.00137 -9.00698e-02 | 53 -0.00141 -9.28064e-02 | 54 -0.00145 -9.56551e-02
 55 -0.00149 -9.84990e-02 | 56 -0.00153 -1.01338e-01 | 57 -0.00157 -1.04258e-01
 58 -0.00161 -1.07267e-01 | 59 -0.00166 -1.10435e-01 | 60 -0.00170 -1.13762e-01
 61 -0.00175 -1.17287e-01 | 62 -0.00179 -1.20917e-01 | 63 -0.00184 -1.24618e-01
 64 -0.00188 -1.28423e-01 | 65 -0.00193 -1.32177e-01 | 66 -0.00198 -1.36385e-01
 67 -0.00202 -1.40846e-01 | 68 -0.00207 -1.45476e-01 | 69 -0.00212 -1.50369e-01
 70 -0.00217 -1.55477e-01 | 71 -0.00221 -1.60839e-01 | 72 -0.00226 -1.66386e-01
 73 -0.00230 -1.72167e-01 | 74 -0.00234 -1.78294e-01 | 75 -0.00237 -1.84873e-01
 76 -0.00241 -1.91990e-01 | 77 -0.00244 -1.99883e-01 | 78 -0.00246 -2.08760e-01
 79 -0.00248 -2.18694e-01 | 80 -0.00249 -2.29824e-01 | 81 -0.00250 -2.42043e-01
 82 -0.00249 -2.55288e-01 | 83 -0.00246 -2.69492e-01 | 84 -0.00242 -2.84648e-01
 85 -0.00235 -3.00872e-01 | 86 -0.00225 -3.18217e-01 | 87 -0.00212 -3.36845e-01
 88 -0.00193 -3.57006e-01 | 89 -0.00172 -3.81213e-01 | 90 -0.00153 -4.14374e-01
 91 -0.00150 -4.59943e-01 | 92 -0.00180 -5.03293e-01 | 93 -0.00256 -5.12375e-01
 94 -0.00362 -4.77747e-01 | 95 -0.00480 -4.33908e-01 | 96 -0.00724 -3.78546e-01
 97 -0.00983 -3.41420e-01 | 98 -0.01076 -3.02850e-01 | 99 -0.00771 -2.60735e-01
100 -0.00590 -2.37099e-01 |101 -0.00647 -1.65363e-01 |102 -0.00713 -1.58409e-01
103 -0.01388 -1.62216e-01 |104 -0.01410 -2.18712e-01 |105  0.01068 -1.59054e-01
106  0.02444 -5.24685e-01 |107  0.00726 -9.58799e-01 |108  0.03485 -5.22827e-01
109  0.11150 -6.79431e-01 |110  0.08176 -1.49254e+00 |111 -0.00151 -1.23506e-01
112 -0.00432  1.95334e-01 |113  0.01057  1.24076e+00 |114  0.04490  1.55635e+00
115  0.02488  4.38585e-01 |116 -0.04190  1.73889e-01 |117 -0.05891  4.17200e-01
118 -0.07192  6.88221e-01 |119 -0.01095 -1.28015e-01 |120  0.02544 -1.24694e+00
121  0.01349 -6.11461e-01 |122 -0.02331  1.04484e+00 |123 -0.02054  1.13152e+00
124 -0.03381  9.28299e-01 |125 -0.03558  9.20253e-01 |126 -0.01126  5.99031e-01
127 -0.03726  5.04798e-01 |128  0.00265  1.68849e-01 |129  0.00620 -4.57413e-01
130  0.01129 -3.84700e-01 |131  0.02718 -7.86013e-01 |132  0.01749 -6.17784e-01
133  0.05118 -1.10892e+00 |134  0.01612 -3.00926e-01 |135 -0.02047  5.68126e-01
136 -0.02092  5.17727e-01 |137 -0.01648  6.09783e-01 |138  0.03033  8.65114e-01
139  0.04759  8.21276e-01 |140  0.01749  1.35958e-01 |141  0.00220  2.39243e-02
142 -0.00132 -3.30241e-02 |143 -0.00214 -5.85431e-02 |144 -0.00033 -1.07289e-02
145  0.32394 -4.10538e+00 |146  0.23010 -2.49830e+00 |147  0.09218  8.38963e+00
148  0.31408 -1.87862e+01 |149 -0.49763 -2.26278e-02 |150  0.31350 -2.55237e-01
151  0.22499 -2.40686e+00 |152  0.27334  1.77236e+01 |153  0.21512 -4.92579e+00
154  0.26643  3.23208e+00 |155  0.16505  7.72553e+00 |156  0.31120 -1.92722e+01
157  0.21994 -8.43689e-03 |158  0.26165  5.45636e+00 |159 -0.38003  2.06812e+00
160  0.23617 -4.06766e+00 |161  0.23728  3.05041e+00 |162  0.32973 -8.62458e+00
163 -0.42594  9.30466e-02 |164  0.22215 -8.23589e+00 |165  0.07655  8.93596e+00
166  0.15830 -3.48629e+00 |167  0.33064 -9.65400e-01 |168  0.28323 -2.31935e+00
169  0.03681 -4.74708e+00 |170  0.42481 -8.05564e-01 |171  0.11966 -4.73539e+01
172  0.19634 -5.14241e+01 |173  0.22786  1.24987e+01 |174  0.26685  1.20546e+01
175 -0.55630 -8.72359e-01 |176  0.16929  4.63002e-01 |
176 variables; iteration 60; function evaluation 73; phase 3
Function value 5.0041436e+02; maximum gradient component mag -1.0754e+01
Var    Value     Gradient |Var    Value     Gradient |Var    Value     Gradient
  1 -0.44973  2.03046e+00 |  2  0.33987  1.80804e+00 |  3 -0.20162 -4.79562e+00
  4  0.09376 -4.78622e-01 |  5 -1.00084 -1.85808e-02 |  6 -0.49736  9.19566e-02
  7  0.34678 -1.52173e+00 |  8 -0.24772 -7.18050e+00 |  9  0.20716 -2.77425e+00
 10 -1.02835 -2.39925e-01 | 11 -0.53451  3.40809e+00 | 12 -0.12317 -9.84717e+00
 13 -0.00042 -3.71906e-02 | 14 -0.00043 -3.82761e-02 | 15 -0.00044 -3.93940e-02
 16 -0.00045 -4.05452e-02 | 17 -0.00047 -4.17324e-02 | 18 -0.00048 -4.29555e-02
 19 -0.00049 -4.42151e-02 | 20 -0.00051 -4.55123e-02 | 21 -0.00052 -4.68478e-02
 22 -0.00054 -4.82228e-02 | 23 -0.00055 -4.96384e-02 | 24 -0.00057 -5.10957e-02
 25 -0.00059 -5.25966e-02 | 26 -0.00060 -5.41428e-02 | 27 -0.00062 -5.57363e-02
 28 -0.00064 -5.73784e-02 | 29 -0.00066 -5.90692e-02 | 30 -0.00068 -6.08077e-02
 31 -0.00070 -6.25949e-02 | 32 -0.00072 -6.44321e-02 | 33 -0.00074 -6.63221e-02
 34 -0.00076 -6.82682e-02 | 35 -0.00078 -7.02745e-02 | 36 -0.00080 -7.23442e-02
 37 -0.00083 -7.44791e-02 | 38 -0.00085 -7.66799e-02 | 39 -0.00087 -7.89446e-02
 40 -0.00090 -8.12614e-02 | 41 -0.00092 -8.36435e-02 | 42 -0.00095 -8.60850e-02
 43 -0.00098 -8.85872e-02 | 44 -0.00101 -9.11539e-02 | 45 -0.00103 -9.37851e-02
 46 -0.00106 -9.64791e-02 | 47 -0.00110 -9.92372e-02 | 48 -0.00113 -1.02059e-01
 49 -0.00116 -1.04952e-01 | 50 -0.00119 -1.07934e-01 | 51 -0.00123 -1.11024e-01
 52 -0.00126 -1.14231e-01 | 53 -0.00130 -1.17556e-01 | 54 -0.00133 -1.20982e-01
 55 -0.00137 -1.24484e-01 | 56 -0.00141 -1.28068e-01 | 57 -0.00145 -1.31756e-01
 58 -0.00149 -1.35554e-01 | 59 -0.00153 -1.39484e-01 | 60 -0.00157 -1.43551e-01
 61 -0.00161 -1.47768e-01 | 62 -0.00165 -1.52116e-01 | 63 -0.00169 -1.56589e-01
 64 -0.00174 -1.61204e-01 | 65 -0.00178 -1.65921e-01 | 66 -0.00182 -1.70888e-01
 67 -0.00186 -1.76056e-01 | 68 -0.00191 -1.81408e-01 | 69 -0.00195 -1.86976e-01
 70 -0.00199 -1.92757e-01 | 71 -0.00203 -1.98767e-01 | 72 -0.00207 -2.04996e-01
 73 -0.00210 -2.11467e-01 | 74 -0.00213 -2.18221e-01 | 75 -0.00216 -2.25302e-01
 76 -0.00219 -2.32755e-01 | 77 -0.00221 -2.40670e-01 | 78 -0.00222 -2.49132e-01
 79 -0.00222 -2.58182e-01 | 80 -0.00222 -2.67872e-01 | 81 -0.00220 -2.78172e-01
 82 -0.00217 -2.89055e-01 | 83 -0.00212 -3.00487e-01 | 84 -0.00204 -3.12448e-01
 85 -0.00194 -3.24932e-01 | 86 -0.00181 -3.37870e-01 | 87 -0.00163 -3.51217e-01
 88 -0.00139 -3.65332e-01 | 89 -0.00113 -3.82538e-01 | 90 -0.00089 -4.08888e-01
 91 -0.00086 -4.50884e-01 | 92 -0.00124 -5.00305e-01 | 93 -0.00212 -5.27116e-01
 94 -0.00331 -5.16784e-01 | 95 -0.00455 -5.02505e-01 | 96 -0.00717 -4.94355e-01
 97 -0.00977 -5.27426e-01 | 98 -0.01066 -5.53677e-01 | 99 -0.00766 -5.63061e-01
100 -0.00610 -5.78386e-01 |101 -0.00682 -5.00537e-01 |102 -0.00685 -3.99315e-01
103 -0.01316 -2.44003e-01 |104 -0.01234 -1.21253e-01 |105  0.01270 -1.09332e-01
106  0.02579 -2.60490e-01 |107  0.01116 -4.62763e-01 |108  0.04048  1.01948e-01
109  0.11109 -3.81792e-01 |110  0.08560 -3.01422e-01 |111 -0.00242 -5.91539e-02
112 -0.00452  2.53633e-02 |113  0.00882  1.30547e-01 |114  0.04598  6.76729e-01
115  0.02085  3.90576e-01 |116 -0.04168  6.81722e-01 |117 -0.05950 -1.43457e-03
118 -0.07445  1.47847e-01 |119 -0.00874  3.34598e-01 |120  0.02769  1.20149e+00
121  0.01585  1.30278e+00 |122 -0.02615  6.41678e-01 |123 -0.02111  9.99744e-01
124 -0.03395  9.09678e-01 |125 -0.03576  6.67603e-01 |126 -0.01088  3.98978e-01
127 -0.03787  5.93757e-01 |128  0.00380  6.51397e-01 |129  0.00603  2.74896e-01
130  0.00953  2.29648e-01 |131  0.02712  2.68388e-01 |132  0.01744  3.50673e-01
133  0.05149  2.70325e-01 |134  0.01505  1.73284e-01 |135 -0.02140  3.64392e-01
136 -0.02185  3.32811e-01 |137 -0.01889  8.88364e-03 |138  0.02776 -3.05900e-02
139  0.04551  6.16345e-02 |140  0.01635  5.96450e-02 |141  0.00162  1.88585e-02
142 -0.00171 -6.68830e-02 |143 -0.00224 -1.99709e-02 |144 -0.00039 -6.05240e-03
145  0.32590 -3.10763e+00 |146  0.22895 -1.88410e+00 |147  0.09298 -3.19440e+00
148  0.31517  5.91642e+00 |149 -0.49175  4.49544e-01 |150  0.33121  4.27957e-01
151  0.22165 -1.28414e+00 |152  0.27109  2.53597e+00 |153  0.21753 -1.55421e+00
154  0.26717  1.73849e+00 |155  0.16289 -1.90588e+00 |156  0.31130  2.19945e+00
157  0.21895 -1.83811e+00 |158  0.26063  4.38271e+00 |159 -0.38293 -2.58254e-01
160  0.23604  1.65748e-01 |161  0.24033 -1.18151e-01 |162  0.33234  5.77977e-01
163 -0.41577 -8.05691e-01 |164  0.22779  1.93748e-01 |165  0.06968 -5.23286e-01
166  0.16224 -1.42230e+00 |167  0.32788  1.62789e+00 |168  0.28509  2.88956e+00
169  0.04227 -1.11578e+00 |170  0.42980  1.41067e-01 |171  0.12246 -1.07540e+01
172  0.20199 -6.76035e+00 |173  0.22943  5.08935e+00 |174  0.26938  1.01810e+01
175 -0.54884 -1.69437e-01 |176  0.17143  4.72027e-02 |
Maximum number of function evaluations exceeded

 - final statistics:
176 variables; iteration 77; function evaluation 100
Function value 5.0037e+02; maximum gradient component mag -5.5770e+00
Exit code = 3;  converg criter 1.0000e+00
Var    Value     Gradient |Var    Value     Gradient |Var    Value     Gradient
  1 -0.44925  3.50474e+00 |  2  0.33838 -2.49875e+00 |  3 -0.19903 -4.21505e+00
  4  0.09585 -2.08285e+00 |  5 -1.00077 -1.72628e-02 |  6 -0.49845 -8.40583e-01
  7  0.34399 -4.62139e-01 |  8 -0.24651 -5.10373e+00 |  9  0.21522 -1.09898e+00
 10 -0.99132  7.13579e-02 | 11 -0.53514 -1.04195e+00 | 12 -0.13315 -5.57699e+00
 13 -0.00039 -1.92383e-02 | 14 -0.00040 -1.98034e-02 | 15 -0.00042 -2.03846e-02
 16 -0.00043 -2.09824e-02 | 17 -0.00044 -2.15967e-02 | 18 -0.00045 -2.22283e-02
 19 -0.00047 -2.28779e-02 | 20 -0.00048 -2.35458e-02 | 21 -0.00049 -2.42329e-02
 22 -0.00051 -2.49395e-02 | 23 -0.00052 -2.56662e-02 | 24 -0.00054 -2.64135e-02
 25 -0.00055 -2.71819e-02 | 26 -0.00057 -2.79717e-02 | 27 -0.00058 -2.87831e-02
 28 -0.00060 -2.96170e-02 | 29 -0.00062 -3.04747e-02 | 30 -0.00064 -3.13579e-02
 31 -0.00065 -3.22672e-02 | 32 -0.00067 -3.32032e-02 | 33 -0.00069 -3.41661e-02
 34 -0.00071 -3.51560e-02 | 35 -0.00073 -3.61729e-02 | 36 -0.00075 -3.72170e-02
 37 -0.00078 -3.82893e-02 | 38 -0.00080 -3.93913e-02 | 39 -0.00082 -4.05257e-02
 40 -0.00084 -4.16984e-02 | 41 -0.00087 -4.29066e-02 | 42 -0.00089 -4.41540e-02
 43 -0.00092 -4.54415e-02 | 44 -0.00094 -4.67699e-02 | 45 -0.00097 -4.81417e-02
 46 -0.00100 -4.95608e-02 | 47 -0.00103 -5.10297e-02 | 48 -0.00106 -5.25513e-02
 49 -0.00109 -5.41241e-02 | 50 -0.00112 -5.57415e-02 | 51 -0.00115 -5.73957e-02
 52 -0.00119 -5.90855e-02 | 53 -0.00122 -6.08159e-02 | 54 -0.00125 -6.26023e-02
 55 -0.00129 -6.44603e-02 | 56 -0.00132 -6.63870e-02 | 57 -0.00136 -6.83714e-02
 58 -0.00140 -7.04162e-02 | 59 -0.00143 -7.25181e-02 | 60 -0.00147 -7.46797e-02
 61 -0.00151 -7.68994e-02 | 62 -0.00155 -7.91917e-02 | 63 -0.00159 -8.15633e-02
 64 -0.00163 -8.40122e-02 | 65 -0.00167 -8.65583e-02 | 66 -0.00171 -8.91481e-02
 67 -0.00175 -9.18081e-02 | 68 -0.00178 -9.45505e-02 | 69 -0.00182 -9.73677e-02
 70 -0.00186 -1.00267e-01 | 71 -0.00189 -1.03247e-01 | 72 -0.00192 -1.06315e-01
 73 -0.00195 -1.09467e-01 | 74 -0.00198 -1.12683e-01 | 75 -0.00200 -1.15940e-01
 76 -0.00202 -1.19210e-01 | 77 -0.00202 -1.22442e-01 | 78 -0.00202 -1.25587e-01
 79 -0.00201 -1.28608e-01 | 80 -0.00199 -1.31461e-01 | 81 -0.00195 -1.34126e-01
 82 -0.00190 -1.36579e-01 | 83 -0.00182 -1.38787e-01 | 84 -0.00172 -1.40716e-01
 85 -0.00159 -1.42331e-01 | 86 -0.00142 -1.43638e-01 | 87 -0.00121 -1.44625e-01
 88 -0.00093 -1.45021e-01 | 89 -0.00061 -1.43615e-01 | 90 -0.00026 -1.38736e-01
 91 -0.00003 -1.31000e-01 | 92 -0.00017 -1.21256e-01 | 93 -0.00093 -1.10642e-01
 94 -0.00212 -8.86947e-02 | 95 -0.00315 -6.58937e-03 | 96 -0.00549  8.15852e-02
 97 -0.00860 -5.41438e-02 | 98 -0.01007 -2.21320e-01 | 99 -0.00712 -2.71004e-01
100 -0.00539 -2.84097e-01 |101 -0.00628 -2.87724e-01 |102 -0.00594 -1.14568e-01
103 -0.01287 -1.06592e-01 |104 -0.01303 -2.04992e-01 |105  0.01180 -2.61409e-01
106  0.02528 -3.07550e-01 |107  0.01152 -1.34272e-01 |108  0.03711 -4.07660e-01
109  0.11177  2.24726e-01 |110  0.08954  4.48333e-01 |111 -0.00082  2.25681e-01
112 -0.00399 -5.46665e-02 |113  0.00832 -2.01680e-01 |114  0.04580  5.88801e-02
115  0.02391  6.16967e-01 |116 -0.04201  1.19788e-01 |117 -0.05764  5.34844e-01
118 -0.07604 -2.74301e-01 |119 -0.00892  6.35077e-01 |120  0.02596  3.53469e-01
121  0.01369  1.21105e-02 |122 -0.02614  5.85493e-01 |123 -0.02255  4.40502e-01
124 -0.03583  1.62018e-01 |125 -0.03813 -5.76631e-02 |126 -0.01157  2.46026e-01
127 -0.03957  1.74021e-01 |128  0.00077 -1.50887e-01 |129  0.00461 -1.85181e-01
130  0.00853 -8.25776e-02 |131  0.02595 -2.00073e-01 |132  0.01642  7.09133e-02
133  0.05198  5.94388e-01 |134  0.01581  5.00669e-01 |135 -0.02371 -2.31211e-01
136 -0.02243  3.04829e-01 |137 -0.01896  1.86747e-01 |138  0.02718  8.45260e-02
139  0.04455 -9.27785e-02 |140  0.01603 -8.91265e-02 |141  0.00174  2.85398e-02
142 -0.00194 -1.21510e-01 |143 -0.00217  9.05592e-03 |144 -0.00035  4.91696e-03
145  0.34197 -1.65846e+00 |146  0.24277 -1.22677e+00 |147  0.09289 -1.27961e+00
148  0.31486  1.88978e+00 |149 -0.49578  3.48318e-01 |150  0.31428 -2.79504e-01
151  0.22123 -1.40025e+00 |152  0.27078  2.00122e+00 |153  0.21772 -6.57353e-01
154  0.26715  7.51439e-01 |155  0.16398 -9.10807e-01 |156  0.31158  1.75229e+00
157  0.21860 -9.87623e-01 |158  0.26022  1.61829e+00 |159 -0.38488 -5.99794e-01
160  0.23542  1.95168e-01 |161  0.24353 -2.00414e-01 |162  0.33277  7.78124e-01
163 -0.41434 -4.53744e-01 |164  0.22829  3.72726e-01 |165  0.07037 -4.17724e-01
166  0.16267 -7.62629e-01 |167  0.32714  5.83374e-01 |168  0.28494  1.11400e+00
169  0.04365 -6.68074e-02 |170  0.43059 -3.94056e-02 |171  0.12308 -2.14003e+00
172  0.20197 -2.11495e+00 |173  0.22964  1.54201e+00 |174  0.26928  2.93619e+00
175 -0.55175 -2.86201e-01 |176  0.17030  3.19993e-03 |

Initial statistics: 200 variables; iteration 0; function evaluation 0; phase 4
Function value 5.0037327e+02; maximum gradient component mag -2.4196e+02
Var    Value     Gradient |Var    Value     Gradient |Var    Value     Gradient
  1 -0.44925  3.50474e+00 |  2  0.33838 -2.49875e+00 |  3 -0.19903 -4.21505e+00
  4  0.09585 -2.08285e+00 |  5 -0.99923  1.72628e-02 |  6 -0.49845 -8.40583e-01
  7  0.34399 -4.62139e-01 |  8 -0.24651 -5.10373e+00 |  9  0.21522 -1.09898e+00
 10 -0.99132  7.13579e-02 | 11 -0.53514 -1.04195e+00 | 12 -0.13315 -5.57699e+00
 13 -0.00039 -1.92383e-02 | 14 -0.00040 -1.98034e-02 | 15 -0.00042 -2.03846e-02
 16 -0.00043 -2.09824e-02 | 17 -0.00044 -2.15967e-02 | 18 -0.00045 -2.22283e-02
 19 -0.00047 -2.28779e-02 | 20 -0.00048 -2.35458e-02 | 21 -0.00049 -2.42329e-02
 22 -0.00051 -2.49395e-02 | 23 -0.00052 -2.56662e-02 | 24 -0.00054 -2.64135e-02
 25 -0.00055 -2.71819e-02 | 26 -0.00057 -2.79717e-02 | 27 -0.00058 -2.87831e-02
 28 -0.00060 -2.96170e-02 | 29 -0.00062 -3.04747e-02 | 30 -0.00064 -3.13579e-02
 31 -0.00065 -3.22672e-02 | 32 -0.00067 -3.32032e-02 | 33 -0.00069 -3.41661e-02
 34 -0.00071 -3.51560e-02 | 35 -0.00073 -3.61729e-02 | 36 -0.00075 -3.72170e-02
 37 -0.00078 -3.82893e-02 | 38 -0.00080 -3.93913e-02 | 39 -0.00082 -4.05257e-02
 40 -0.00084 -4.16984e-02 | 41 -0.00087 -4.29066e-02 | 42 -0.00089 -4.41540e-02
 43 -0.00092 -4.54415e-02 | 44 -0.00094 -4.67699e-02 | 45 -0.00097 -4.81417e-02
 46 -0.00100 -4.95608e-02 | 47 -0.00103 -5.10297e-02 | 48 -0.00106 -5.25513e-02
 49 -0.00109 -5.41241e-02 | 50 -0.00112 -5.57415e-02 | 51 -0.00115 -5.73957e-02
 52 -0.00119 -5.90855e-02 | 53 -0.00122 -6.08159e-02 | 54 -0.00125 -6.26023e-02
 55 -0.00129 -6.44603e-02 | 56 -0.00132 -6.63870e-02 | 57 -0.00136 -6.83714e-02
 58 -0.00140 -7.04162e-02 | 59 -0.00143 -7.25181e-02 | 60 -0.00147 -7.46797e-02
 61 -0.00151 -7.68994e-02 | 62 -0.00155 -7.91917e-02 | 63 -0.00159 -8.15633e-02
 64 -0.00163 -8.40122e-02 | 65 -0.00167 -8.65583e-02 | 66 -0.00171 -8.91481e-02
 67 -0.00175 -9.18081e-02 | 68 -0.00178 -9.45505e-02 | 69 -0.00182 -9.73677e-02
 70 -0.00186 -1.00267e-01 | 71 -0.00189 -1.03247e-01 | 72 -0.00192 -1.06315e-01
 73 -0.00195 -1.09467e-01 | 74 -0.00198 -1.12683e-01 | 75 -0.00200 -1.15940e-01
 76 -0.00202 -1.19210e-01 | 77 -0.00202 -1.22442e-01 | 78 -0.00202 -1.25587e-01
 79 -0.00201 -1.28608e-01 | 80 -0.00199 -1.31461e-01 | 81 -0.00195 -1.34126e-01
 82 -0.00190 -1.36579e-01 | 83 -0.00182 -1.38787e-01 | 84 -0.00172 -1.40716e-01
 85 -0.00159 -1.42331e-01 | 86 -0.00142 -1.43638e-01 | 87 -0.00121 -1.44625e-01
 88 -0.00093 -1.45021e-01 | 89 -0.00061 -1.43615e-01 | 90 -0.00026 -1.38736e-01
 91 -0.00003 -1.31000e-01 | 92 -0.00017 -1.21256e-01 | 93 -0.00093 -1.10642e-01
 94 -0.00212 -8.86947e-02 | 95 -0.00315 -6.58937e-03 | 96 -0.00549  8.15852e-02
 97 -0.00860 -5.41438e-02 | 98 -0.01007 -2.21320e-01 | 99 -0.00712 -2.71004e-01
100 -0.00539 -2.84097e-01 |101 -0.00628 -2.87724e-01 |102 -0.00594 -1.14568e-01
103 -0.01287 -1.06592e-01 |104 -0.01303 -2.04992e-01 |105  0.01180 -2.61409e-01
106  0.02528 -3.07550e-01 |107  0.01152 -1.34272e-01 |108  0.03711 -4.07660e-01
109  0.11177  2.24726e-01 |110  0.08954  4.48333e-01 |111 -0.00082  2.25681e-01
112 -0.00399 -5.46665e-02 |113  0.00832 -2.01680e-01 |114  0.04580  5.88801e-02
115  0.02391  6.16967e-01 |116 -0.04201  1.19788e-01 |117 -0.05764  5.34844e-01
118 -0.07604 -2.74301e-01 |119 -0.00892  6.35077e-01 |120  0.02596  3.53469e-01
121  0.01369  1.21105e-02 |122 -0.02614  5.85493e-01 |123 -0.02255  4.40502e-01
124 -0.03583  1.62018e-01 |125 -0.03813 -5.76631e-02 |126 -0.01157  2.46026e-01
127 -0.03957  1.74021e-01 |128  0.00077 -1.50887e-01 |129  0.00461 -1.85181e-01
130  0.00853 -8.25776e-02 |131  0.02595 -2.00073e-01 |132  0.01642  7.09133e-02
133  0.05198  5.94388e-01 |134  0.01581  5.00669e-01 |135 -0.02371 -2.31211e-01
136 -0.02243  3.04829e-01 |137 -0.01896  1.86747e-01 |138  0.02718  8.45260e-02
139  0.04455 -9.27785e-02 |140  0.01603 -8.91265e-02 |141  0.00174  2.85398e-02
142 -0.00194 -1.21510e-01 |143 -0.00217  9.05592e-03 |144 -0.00035  4.91696e-03
145  0.34197 -1.65846e+00 |146  0.24277 -1.22677e+00 |147  0.09289 -1.27961e+00
148  0.31486  1.88978e+00 |149  0.01641 -1.61293e+01 |150 -0.11482 -2.19177e+01
151 -0.49578  3.48318e-01 |152  0.31428 -2.79504e-01 |153  0.04880  1.11653e+00
154 -0.23508  3.26587e+00 |155  0.22123 -1.40025e+00 |156  0.27078  2.00122e+00
157  0.21772 -6.57353e-01 |158  0.26715  7.51439e-01 |159  0.00590  1.06935e+00
160 -0.09831 -2.94580e+01 |161  0.16398 -9.10807e-01 |162  0.31158  1.75229e+00
163  0.21860 -9.87623e-01 |164  0.26022  1.61829e+00 |165 -0.38488 -5.99794e-01
166  0.23542  1.95168e-01 |167  0.05277  7.49503e+00 |168 -0.18764 -1.29263e+01
169  0.24353 -2.00414e-01 |170  0.33277  7.78124e-01 |171  0.07774 -3.95472e+01
172 -0.53233 -7.45619e-03 |173 -0.41434 -4.53744e-01 |174  0.22829  3.72726e-01
175  0.07830  1.96521e+01 |176 -0.12203  7.71352e+01 |177  0.07037 -4.17724e-01
178  0.16267 -7.62629e-01 |179  0.32714  5.83374e-01 |180  0.28494  1.11400e+00
181  0.00556 -3.38768e+00 |182  0.00910 -2.79789e+01 |183 -0.15023 -3.28352e+01
184 -0.12575 -9.92222e+01 |185  0.04365 -6.68074e-02 |186  0.43059 -3.94056e-02
187  0.01865 -5.79992e+00 |188 -0.15439 -1.94358e+01 |189  0.12308 -2.14003e+00
190  0.20197 -2.11495e+00 |191  0.22964  1.54201e+00 |192  0.26928  2.93619e+00
193  0.02454 -1.47518e+02 |194 -0.00644 -6.25501e+01 |195 -0.17632 -1.31827e+02
196 -0.11434 -2.41955e+02 |197 -0.55175 -2.86201e-01 |198  0.17030  3.19993e-03
199  0.09515  1.34273e+01 |200 -0.25356  3.01241e+00 |

Intermediate statistics: 200 variables; iteration 20; function evaluation 23; phase 4
Function value 4.9516388e+02; maximum gradient component mag 2.7929e+02
Var    Value     Gradient |Var    Value     Gradient |Var    Value     Gradient
  1 -0.45000  2.66650e+01 |  2  0.34129  1.79948e+01 |  3 -0.23035 -2.81550e+01
  4  0.10962 -5.55479e+00 |  5 -0.99936  1.33510e-02 |  6 -0.48536  1.78700e+01
  7  0.34386  4.71474e+00 |  8 -0.26808 -6.80027e+00 |  9  0.23233 -7.18387e+00
 10 -0.99195  6.61915e-02 | 11 -0.52631  5.75963e+01 | 12 -0.13931 -6.59273e+01
 13 -0.00062 -2.36769e-01 | 14 -0.00064 -2.43650e-01 | 15 -0.00065 -2.50726e-01
 16 -0.00067 -2.58003e-01 | 17 -0.00069 -2.65498e-01 | 18 -0.00071 -2.73207e-01
 19 -0.00073 -2.81133e-01 | 20 -0.00075 -2.89279e-01 | 21 -0.00078 -2.97651e-01
 22 -0.00080 -3.06255e-01 | 23 -0.00082 -3.15097e-01 | 24 -0.00085 -3.24185e-01
 25 -0.00087 -3.33528e-01 | 26 -0.00089 -3.43136e-01 | 27 -0.00092 -3.53017e-01
 28 -0.00095 -3.63180e-01 | 29 -0.00097 -3.73624e-01 | 30 -0.00100 -3.84346e-01
 31 -0.00103 -3.95356e-01 | 32 -0.00106 -4.06663e-01 | 33 -0.00109 -4.18286e-01
 34 -0.00112 -4.30246e-01 | 35 -0.00116 -4.42563e-01 | 36 -0.00119 -4.55253e-01
 37 -0.00122 -4.68319e-01 | 38 -0.00126 -4.81764e-01 | 39 -0.00129 -4.95575e-01
 40 -0.00133 -5.09662e-01 | 41 -0.00137 -5.24147e-01 | 42 -0.00141 -5.38990e-01
 43 -0.00145 -5.54204e-01 | 44 -0.00149 -5.69825e-01 | 45 -0.00153 -5.85861e-01
 46 -0.00158 -6.02312e-01 | 47 -0.00162 -6.19207e-01 | 48 -0.00167 -6.36546e-01
 49 -0.00171 -6.54370e-01 | 50 -0.00176 -6.72763e-01 | 51 -0.00181 -6.91807e-01
 52 -0.00187 -7.11515e-01 | 53 -0.00192 -7.31925e-01 | 54 -0.00197 -7.52953e-01
 55 -0.00203 -7.74458e-01 | 56 -0.00208 -7.96442e-01 | 57 -0.00214 -8.19023e-01
 58 -0.00220 -8.42176e-01 | 59 -0.00226 -8.66038e-01 | 60 -0.00233 -8.90583e-01
 61 -0.00239 -9.15892e-01 | 62 -0.00246 -9.41756e-01 | 63 -0.00252 -9.68111e-01
 64 -0.00259 -9.95016e-01 | 65 -0.00265 -1.02207e+00 | 66 -0.00272 -1.05046e+00
 67 -0.00279 -1.07970e+00 | 68 -0.00286 -1.10957e+00 | 69 -0.00293 -1.14028e+00
 70 -0.00299 -1.17170e+00 | 71 -0.00306 -1.20390e+00 | 72 -0.00312 -1.23671e+00
 73 -0.00318 -1.27018e+00 | 74 -0.00324 -1.30445e+00 | 75 -0.00329 -1.33959e+00
 76 -0.00333 -1.37563e+00 | 77 -0.00337 -1.41292e+00 | 78 -0.00340 -1.45185e+00
 79 -0.00342 -1.49259e+00 | 80 -0.00342 -1.53554e+00 | 81 -0.00340 -1.58056e+00
 82 -0.00337 -1.62758e+00 | 83 -0.00330 -1.67645e+00 | 84 -0.00320 -1.72710e+00
 85 -0.00306 -1.77984e+00 | 86 -0.00286 -1.83490e+00 | 87 -0.00259 -1.89282e+00
 88 -0.00223 -1.95341e+00 | 89 -0.00179 -2.01793e+00 | 90 -0.00129 -2.08678e+00
 91 -0.00083 -2.16247e+00 | 92 -0.00062 -2.24253e+00 | 93 -0.00084 -2.31788e+00
 94 -0.00140 -2.37628e+00 | 95 -0.00208 -2.41089e+00 | 96 -0.00420 -2.40679e+00
 97 -0.00633 -2.32886e+00 | 98 -0.00696 -2.25570e+00 | 99 -0.00371 -2.26284e+00
100 -0.00141 -2.27747e+00 |101 -0.00132 -2.21164e+00 |102 -0.00080 -2.03028e+00
103 -0.00695 -1.71605e+00 |104 -0.00527 -1.41152e+00 |105  0.02240 -1.30393e+00
106  0.03722 -1.11108e+00 |107  0.02355 -5.47867e-01 |108  0.05433 -2.14819e-01
109  0.13442  1.11283e-01 |110  0.09266  6.86720e-01 |111  0.00109  2.31856e-01
112 -0.00021  8.35122e-01 |113  0.01408  1.68680e+00 |114  0.04840  2.31075e+00
115  0.02220  9.01439e-01 |116 -0.04006  1.04657e+00 |117 -0.05655  1.46632e+00
118 -0.07072  2.03520e+00 |119 -0.00577  4.10352e+00 |120  0.02661  5.02533e+00
121  0.01385  4.38238e+00 |122 -0.02790  3.47246e+00 |123 -0.02528  3.91420e+00
124 -0.03791  3.66912e+00 |125 -0.03920  3.87425e+00 |126 -0.01580  4.31012e+00
127 -0.04307  3.07412e+00 |128 -0.00332  3.38852e+00 |129  0.00045  2.26308e+00
130  0.00521  1.41860e+00 |131  0.02184  8.11921e-01 |132  0.01236  7.34320e-02
133  0.04460 -2.19871e-01 |134  0.01052 -2.95786e-01 |135 -0.02512  2.03124e-01
136 -0.02569  1.96611e-01 |137 -0.02179  2.22158e-01 |138  0.02130  1.71307e-01
139  0.03801 -3.35864e-01 |140  0.01034 -2.81984e-01 |141 -0.00145 -1.39101e-01
142 -0.00233  3.98947e-02 |143 -0.00210  6.09953e-02 |144 -0.00036  1.91871e-02
145  0.34562 -1.31436e+01 |146  0.25457 -6.95625e+00 |147  0.09480 -1.82198e+01
148  0.31647  3.82381e+01 |149  0.01914 -3.88901e+00 |150 -0.10252  4.89853e+00
151 -0.49656  2.20474e-01 |152  0.31480 -5.75965e-02 |153  0.04737  1.00365e-01
154 -0.24215 -1.72564e-01 |155  0.23567  2.70044e+00 |156  0.27368 -3.68472e+00
157  0.22818  1.05961e+01 |158  0.26977 -1.13539e+01 |159 -0.00833  3.68928e+00
160 -0.07848  8.43968e+00 |161  0.18672  5.99337e+00 |162  0.31475 -1.04569e+01
163  0.24478  2.27604e+01 |164  0.26600 -4.10873e+01 |165 -0.37846 -5.16439e-01
166  0.23808  1.27956e-01 |167  0.04856 -1.14225e+00 |168 -0.18605 -3.79563e+01
169  0.21623 -2.03104e+00 |170  0.33041  4.12262e+00 |171  0.08535 -3.07876e+01
172 -0.53230 -5.12534e-03 |173 -0.39108 -2.83479e+00 |174  0.23388  4.42597e+00
175  0.06723  7.01644e+00 |176 -0.13049  2.49352e+00 |177  0.07453 -3.02251e+00
178  0.16096  4.97272e-01 |179  0.33054  5.29227e+00 |180  0.28300 -3.36477e+00
181 -0.00142  1.96613e-01 |182  0.00506 -5.13643e+00 |183 -0.12440 -6.64213e+00
184 -0.10242 -1.44177e+01 |185  0.03941 -1.68146e-01 |186  0.43752 -4.59017e-01
187  0.01925  3.81195e-01 |188 -0.12677  5.44279e-01 |189  0.11988 -1.52449e+02
190  0.19983 -1.65128e+02 |191  0.22930  1.44695e+02 |192  0.27204  2.79292e+02
193  0.02829 -1.19631e+02 |194 -0.01142 -4.17021e+01 |195 -0.16447 -8.23074e+01
196 -0.09847 -9.72894e+01 |197 -0.54230 -2.10523e+00 |198  0.17128 -9.97160e-01
199  0.08980 -1.97819e+01 |200 -0.25151 -5.24132e+00 |
200 variables; iteration 40; function evaluation 47; phase 4
Function value 4.9454886e+02; maximum gradient component mag 2.0121e+02
Var    Value     Gradient |Var    Value     Gradient |Var    Value     Gradient
  1 -0.44931  2.60733e+01 |  2  0.32857  1.06840e+01 |  3 -0.24377 -1.34824e+01
  4  0.15154 -3.44024e+00 |  5 -0.99981 -5.02191e-03 |  6 -0.48333  2.28541e+01
  7  0.33489 -6.42324e+00 |  8 -0.27478  1.76885e+01 |  9  0.26650 -4.37102e+00
 10 -0.99543  3.50419e-02 | 11 -0.52780  5.73283e+01 | 12 -0.14191 -4.98320e+01
 13 -0.00058 -1.65780e-01 | 14 -0.00059 -1.70592e-01 | 15 -0.00061 -1.75540e-01
 16 -0.00063 -1.80628e-01 | 17 -0.00065 -1.85870e-01 | 18 -0.00067 -1.91261e-01
 19 -0.00068 -1.96804e-01 | 20 -0.00070 -2.02502e-01 | 21 -0.00072 -2.08357e-01
 22 -0.00075 -2.14375e-01 | 23 -0.00077 -2.20560e-01 | 24 -0.00079 -2.26916e-01
 25 -0.00081 -2.33452e-01 | 26 -0.00084 -2.40173e-01 | 27 -0.00086 -2.47087e-01
 28 -0.00088 -2.54197e-01 | 29 -0.00091 -2.61505e-01 | 30 -0.00094 -2.69008e-01
 31 -0.00096 -2.76712e-01 | 32 -0.00099 -2.84623e-01 | 33 -0.00102 -2.92756e-01
 34 -0.00105 -3.01124e-01 | 35 -0.00108 -3.09743e-01 | 36 -0.00111 -3.18624e-01
 37 -0.00114 -3.27771e-01 | 38 -0.00117 -3.37186e-01 | 39 -0.00121 -3.46859e-01
 40 -0.00124 -3.56728e-01 | 41 -0.00128 -3.66877e-01 | 42 -0.00131 -3.77277e-01
 43 -0.00135 -3.87937e-01 | 44 -0.00139 -3.98880e-01 | 45 -0.00143 -4.10113e-01
 46 -0.00147 -4.21635e-01 | 47 -0.00151 -4.33463e-01 | 48 -0.00155 -4.45598e-01
 49 -0.00160 -4.58069e-01 | 50 -0.00164 -4.70938e-01 | 51 -0.00169 -4.84264e-01
 52 -0.00174 -4.98063e-01 | 53 -0.00179 -5.12360e-01 | 54 -0.00184 -5.27097e-01
 55 -0.00189 -5.42176e-01 | 56 -0.00194 -5.57602e-01 | 57 -0.00200 -5.73458e-01
 58 -0.00205 -5.89731e-01 | 59 -0.00211 -6.06518e-01 | 60 -0.00217 -6.23801e-01
 61 -0.00223 -6.41637e-01 | 62 -0.00229 -6.59881e-01 | 63 -0.00235 -6.78493e-01
 64 -0.00242 -6.97517e-01 | 65 -0.00248 -7.16684e-01 | 66 -0.00254 -7.36801e-01
 67 -0.00261 -7.57540e-01 | 68 -0.00267 -7.78756e-01 | 69 -0.00274 -8.00584e-01
 70 -0.00280 -8.22933e-01 | 71 -0.00287 -8.45841e-01 | 72 -0.00293 -8.69170e-01
 73 -0.00299 -8.92944e-01 | 74 -0.00304 -9.17246e-01 | 75 -0.00309 -9.42121e-01
 76 -0.00314 -9.67582e-01 | 77 -0.00317 -9.93903e-01 | 78 -0.00320 -1.02136e+00
 79 -0.00322 -1.05006e+00 | 80 -0.00323 -1.08024e+00 | 81 -0.00322 -1.11173e+00
 82 -0.00319 -1.14434e+00 | 83 -0.00313 -1.17781e+00 | 84 -0.00303 -1.21191e+00
 85 -0.00289 -1.24664e+00 | 86 -0.00269 -1.28187e+00 | 87 -0.00243 -1.31753e+00
 88 -0.00206 -1.35292e+00 | 89 -0.00160 -1.38812e+00 | 90 -0.00103 -1.42191e+00
 91 -0.00044 -1.45229e+00 | 92  0.00001 -1.47237e+00 | 93  0.00010 -1.47374e+00
 94 -0.00026 -1.46101e+00 | 95 -0.00102 -1.46546e+00 | 96 -0.00334 -1.47599e+00
 97 -0.00619 -1.43887e+00 | 98 -0.00745 -1.43177e+00 | 99 -0.00454 -1.50412e+00
100 -0.00178 -1.53696e+00 |101 -0.00103 -1.45541e+00 |102 -0.00093 -1.38205e+00
103 -0.00711 -1.17475e+00 |104 -0.00502 -8.25840e-01 |105  0.02190 -6.88553e-01
106  0.03790 -7.77277e-01 |107  0.02487 -2.57529e-01 |108  0.05408  5.99881e-02
109  0.12456 -9.81625e-01 |110  0.09420 -1.49893e+00 |111  0.00024 -9.76888e-01
112 -0.00172  2.34693e-01 |113  0.01188  1.43420e+00 |114  0.04677  1.91676e+00
115  0.03120  1.32257e+00 |116 -0.03579  9.60598e-01 |117 -0.05392  8.31064e-01
118 -0.07062  1.14320e+00 |119 -0.00944  1.42103e+00 |120  0.02749  2.13612e+00
121  0.01578  2.27933e+00 |122 -0.02593  2.45722e+00 |123 -0.02433  2.80059e+00
124 -0.03762  2.74907e+00 |125 -0.04159  2.90044e+00 |126 -0.01899  3.21274e+00
127 -0.04593  2.46155e+00 |128 -0.00691  2.78759e+00 |129 -0.00057  2.03636e+00
130  0.00535  1.59668e+00 |131  0.02133  1.03241e+00 |132  0.01344  6.07016e-01
133  0.04640  1.70819e-01 |134  0.01269 -2.46605e-01 |135 -0.02566 -4.92469e-02
136 -0.02729 -1.90692e-01 |137 -0.02416  2.33672e-02 |138  0.01726 -1.23084e-01
139  0.03688 -4.55578e-01 |140  0.00986 -5.57991e-01 |141 -0.00135 -2.90833e-01
142 -0.00191  3.07974e-03 |143 -0.00248  1.41933e-02 |144 -0.00046  3.45818e-03
145  0.35562 -1.21870e+01 |146  0.26074 -4.75597e+00 |147  0.09747 -1.25442e+01
148  0.31645  1.70454e+01 |149  0.01457 -7.04497e+00 |150 -0.10012 -6.86783e-01
151 -0.49848 -4.97741e-02 |152  0.31545 -1.08036e-02 |153  0.04734 -2.92811e-01
154 -0.24296 -8.15503e-02 |155  0.23920 -1.95844e-01 |156  0.27451  5.46176e-01
157  0.22620  1.93927e+00 |158  0.26854 -9.37971e+00 |159 -0.01693 -8.04998e-01
160 -0.07578  2.46635e+00 |161  0.19032  1.14383e+00 |162  0.31574  6.69853e-03
163  0.24336  1.87149e+01 |164  0.26485 -4.16217e+01 |165 -0.37761  1.45025e+00
166  0.23760 -3.13881e+00 |167  0.04887  1.80374e+00 |168 -0.18816 -4.35624e+01
169  0.15907 -4.40804e+00 |170  0.31762  3.50780e-02 |171  0.09275 -3.02280e+01
172 -0.53219 -4.04522e-03 |173 -0.36468 -1.07145e+00 |174  0.24174  1.17804e+00
175  0.05991 -3.59551e+00 |176 -0.13351 -1.30695e+01 |177  0.09373 -1.50894e+00
178  0.15720 -3.31316e+00 |179  0.33551 -4.13495e-01 |180  0.28082 -1.03205e+01
181 -0.03594 -2.05102e+00 |182 -0.00245 -7.56703e+00 |183 -0.12080 -3.60280e+00
184 -0.09834 -1.23802e+01 |185  0.04586  2.29602e+00 |186  0.44954 -1.06259e-02
187  0.01861  2.39631e+00 |188 -0.12880 -2.01583e+00 |189  0.11995 -1.47694e+02
190  0.21326 -8.87837e+01 |191  0.23003  1.53281e+02 |192  0.27622  2.01206e+02
193  0.02767 -1.00727e+02 |194 -0.05714 -3.68484e+00 |195 -0.16120 -6.75291e+01
196 -0.08830  3.30662e+01 |197 -0.52276 -1.34039e+00 |198  0.18343  2.02994e+00
199  0.08837 -1.16515e+01 |200 -0.25399 -3.95176e+00 |
  ic > imax  in fminim is answer attained ?
Var    Value     Gradient |Var    Value     Gradient |Var    Value     Gradient
  1 -0.44898  2.63086e+01 |  2  0.32675  7.45881e+00 |  3 -0.24442 -1.36553e+01
  4  0.15672 -4.07373e+00 |  5 -0.99986 -1.02476e-02 |  6 -0.48349  2.00970e+01
  7  0.33335 -9.27903e+00 |  8 -0.27593  1.52498e+01 |  9  0.27228 -5.08561e+00
 10 -0.99808  1.41501e-02 | 11 -0.52739  5.53782e+01 | 12 -0.14187 -4.65959e+01
 13 -0.00058 -1.58078e-01 | 14 -0.00059 -1.62661e-01 | 15 -0.00061 -1.67374e-01
 16 -0.00063 -1.72221e-01 | 17 -0.00065 -1.77214e-01 | 18 -0.00066 -1.82349e-01
 19 -0.00068 -1.87629e-01 | 20 -0.00070 -1.93056e-01 | 21 -0.00072 -1.98634e-01
 22 -0.00074 -2.04366e-01 | 23 -0.00077 -2.10257e-01 | 24 -0.00079 -2.16312e-01
 25 -0.00081 -2.22537e-01 | 26 -0.00083 -2.28939e-01 | 27 -0.00086 -2.35523e-01
 28 -0.00088 -2.42296e-01 | 29 -0.00091 -2.49257e-01 | 30 -0.00093 -2.56404e-01
 31 -0.00096 -2.63742e-01 | 32 -0.00099 -2.71276e-01 | 33 -0.00102 -2.79020e-01
 34 -0.00105 -2.86987e-01 | 35 -0.00108 -2.95193e-01 | 36 -0.00111 -3.03648e-01
 37 -0.00114 -3.12357e-01 | 38 -0.00117 -3.21323e-01 | 39 -0.00121 -3.30536e-01
 40 -0.00124 -3.39938e-01 | 41 -0.00128 -3.49606e-01 | 42 -0.00131 -3.59512e-01
 43 -0.00135 -3.69665e-01 | 44 -0.00139 -3.80086e-01 | 45 -0.00143 -3.90781e-01
 46 -0.00147 -4.01748e-01 | 47 -0.00151 -4.13003e-01 | 48 -0.00155 -4.24545e-01
 49 -0.00160 -4.36401e-01 | 50 -0.00164 -4.48630e-01 | 51 -0.00169 -4.61294e-01
 52 -0.00174 -4.74411e-01 | 53 -0.00179 -4.88010e-01 | 54 -0.00184 -5.02037e-01
 55 -0.00189 -5.16392e-01 | 56 -0.00194 -5.31078e-01 | 57 -0.00200 -5.46175e-01
 58 -0.00205 -5.61673e-01 | 59 -0.00211 -5.77666e-01 | 60 -0.00217 -5.94138e-01
 61 -0.00223 -6.11146e-01 | 62 -0.00229 -6.28553e-01 | 63 -0.00235 -6.46320e-01
 64 -0.00241 -6.64491e-01 | 65 -0.00248 -6.82812e-01 | 66 -0.00254 -7.02056e-01
 67 -0.00261 -7.21910e-01 | 68 -0.00267 -7.42240e-01 | 69 -0.00274 -7.63174e-01
 70 -0.00280 -7.84630e-01 | 71 -0.00287 -8.06641e-01 | 72 -0.00293 -8.29079e-01
 73 -0.00299 -8.51962e-01 | 74 -0.00305 -8.75373e-01 | 75 -0.00310 -8.99357e-01
 76 -0.00315 -9.23935e-01 | 77 -0.00319 -9.49380e-01 | 78 -0.00322 -9.75966e-01
 79 -0.00325 -1.00381e+00 | 80 -0.00326 -1.03313e+00 | 81 -0.00325 -1.06374e+00
 82 -0.00322 -1.09544e+00 | 83 -0.00317 -1.12793e+00 | 84 -0.00308 -1.16095e+00
 85 -0.00295 -1.19440e+00 | 86 -0.00276 -1.22807e+00 | 87 -0.00250 -1.26177e+00
 88 -0.00215 -1.29466e+00 | 89 -0.00169 -1.32664e+00 | 90 -0.00112 -1.35611e+00
 91 -0.00052 -1.37965e+00 | 92 -0.00002 -1.38812e+00 | 93  0.00014 -1.37176e+00
 94 -0.00014 -1.34080e+00 | 95 -0.00087 -1.34143e+00 | 96 -0.00315 -1.35239e+00
 97 -0.00602 -1.31135e+00 | 98 -0.00733 -1.31552e+00 | 99 -0.00454 -1.42418e+00
100 -0.00186 -1.48214e+00 |101 -0.00114 -1.41144e+00 |102 -0.00134 -1.39763e+00
103 -0.00766 -1.23461e+00 |104 -0.00575 -9.36147e-01 |105  0.02076 -8.72690e-01
106  0.03653 -1.10568e+00 |107  0.02404 -4.64378e-01 |108  0.05522  2.42052e-01
109  0.12293 -1.30136e+00 |110  0.09600 -1.48667e+00 |111  0.00240 -5.00749e-01
112 -0.00098  4.88758e-01 |113  0.01159  1.24770e+00 |114  0.04669  1.90114e+00
115  0.03278  1.62874e+00 |116 -0.03528  1.04436e+00 |117 -0.05366  9.16028e-01
118 -0.07073  1.17398e+00 |119 -0.00965  1.40775e+00 |120  0.02780  2.16495e+00
121  0.01640  2.49609e+00 |122 -0.02567  2.31828e+00 |123 -0.02445  2.51107e+00
124 -0.03784  2.55352e+00 |125 -0.04224  2.68013e+00 |126 -0.01968  2.98225e+00
127 -0.04652  2.27771e+00 |128 -0.00768  2.54583e+00 |129 -0.00078  1.87340e+00
130  0.00531  1.48393e+00 |131  0.02126  9.43767e-01 |132  0.01340  6.19970e-01
133  0.04645  2.79022e-01 |134  0.01323 -4.28509e-02 |135 -0.02556  3.95161e-02
136 -0.02703 -1.01286e-01 |137 -0.02386  1.01676e-01 |138  0.01753 -5.10277e-03
139  0.03750 -2.21381e-01 |140  0.01028 -4.58149e-01 |141 -0.00142 -3.02168e-01
142 -0.00222 -6.80272e-02 |143 -0.00244  1.19492e-02 |144 -0.00043  5.26389e-03
145  0.35659 -1.14926e+01 |146  0.25981 -4.02484e+00 |147  0.09814 -1.13179e+01
148  0.31681  1.74973e+01 |149  0.01482 -6.29293e+00 |150 -0.10048 -1.89260e+00
151 -0.49850  9.69771e-02 |152  0.31577 -3.02738e-02 |153  0.04752  2.39590e-01
154 -0.24292  1.14116e-01 |155  0.24051  3.71400e-01 |156  0.27510  2.29966e+00
157  0.22658  1.28634e+00 |158  0.26880 -8.50338e+00 |159 -0.01792 -1.02463e+00
160 -0.07562  2.12459e+00 |161  0.19075  8.50496e-01 |162  0.31594  9.89411e-01
163  0.24375  1.76492e+01 |164  0.26514 -3.88673e+01 |165 -0.37660  2.84310e+00
166  0.23686 -7.65533e+00 |167  0.04830 -7.32379e-02 |168 -0.18843 -4.24648e+01
169  0.16174 -4.35055e+00 |170  0.31874  1.92208e+00 |171  0.09245 -2.89556e+01
172 -0.53210 -4.02630e-03 |173 -0.37173 -1.35986e+00 |174  0.23935  7.19601e-01
175  0.06140 -2.79223e+00 |176 -0.13363 -1.20193e+01 |177  0.09577 -6.94637e-01
178  0.15836 -2.39112e+00 |179  0.33653 -1.59150e-01 |180  0.28150 -8.74877e+00
181 -0.03914 -1.57536e+00 |182 -0.00381 -7.43212e+00 |183 -0.11913 -8.70659e-02
184 -0.09809 -1.22384e+01 |185  0.04453  2.03334e+00 |186  0.45204  1.30605e-01
187  0.01955  2.35053e+00 |188 -0.12905 -2.29481e+00 |189  0.11950 -1.44383e+02
190  0.21330 -8.55552e+01 |191  0.22962  1.47608e+02 |192  0.27612  1.93032e+02
193  0.02809 -9.65486e+01 |194 -0.05729 -3.45072e+00 |195 -0.16116 -6.55069e+01
196 -0.08831  3.20330e+01 |197 -0.52047 -1.35532e+00 |198  0.18481  2.76078e+00
199  0.08777 -9.10741e+00 |200 -0.25125 -2.51472e+00 |
Function minimizer not making progress ... is minimum attained?
Minimprove criterion = 0.0000e+00

 - final statistics:
200 variables; iteration 46; function evaluation 84
Function value 4.9445e+02; maximum gradient component mag 1.9303e+02
Exit code = 1;  converg criter 1.0000e-03
Var    Value     Gradient |Var    Value     Gradient |Var    Value     Gradient
  1 -0.44898  2.63086e+01 |  2  0.32675  7.45881e+00 |  3 -0.24442 -1.36553e+01
  4  0.15672 -4.07373e+00 |  5 -0.99986 -1.02476e-02 |  6 -0.48349  2.00970e+01
  7  0.33335 -9.27903e+00 |  8 -0.27593  1.52498e+01 |  9  0.27228 -5.08561e+00
 10 -0.99808  1.41501e-02 | 11 -0.52739  5.53782e+01 | 12 -0.14187 -4.65959e+01
 13 -0.00058 -1.58078e-01 | 14 -0.00059 -1.62661e-01 | 15 -0.00061 -1.67374e-01
 16 -0.00063 -1.72221e-01 | 17 -0.00065 -1.77214e-01 | 18 -0.00066 -1.82349e-01
 19 -0.00068 -1.87629e-01 | 20 -0.00070 -1.93056e-01 | 21 -0.00072 -1.98634e-01
 22 -0.00074 -2.04366e-01 | 23 -0.00077 -2.10257e-01 | 24 -0.00079 -2.16312e-01
 25 -0.00081 -2.22537e-01 | 26 -0.00083 -2.28939e-01 | 27 -0.00086 -2.35523e-01
 28 -0.00088 -2.42296e-01 | 29 -0.00091 -2.49257e-01 | 30 -0.00093 -2.56404e-01
 31 -0.00096 -2.63742e-01 | 32 -0.00099 -2.71276e-01 | 33 -0.00102 -2.79020e-01
 34 -0.00105 -2.86987e-01 | 35 -0.00108 -2.95193e-01 | 36 -0.00111 -3.03648e-01
 37 -0.00114 -3.12357e-01 | 38 -0.00117 -3.21323e-01 | 39 -0.00121 -3.30536e-01
 40 -0.00124 -3.39938e-01 | 41 -0.00128 -3.49606e-01 | 42 -0.00131 -3.59512e-01
 43 -0.00135 -3.69665e-01 | 44 -0.00139 -3.80086e-01 | 45 -0.00143 -3.90781e-01
 46 -0.00147 -4.01748e-01 | 47 -0.00151 -4.13003e-01 | 48 -0.00155 -4.24545e-01
 49 -0.00160 -4.36401e-01 | 50 -0.00164 -4.48630e-01 | 51 -0.00169 -4.61294e-01
 52 -0.00174 -4.74411e-01 | 53 -0.00179 -4.88010e-01 | 54 -0.00184 -5.02037e-01
 55 -0.00189 -5.16392e-01 | 56 -0.00194 -5.31078e-01 | 57 -0.00200 -5.46175e-01
 58 -0.00205 -5.61673e-01 | 59 -0.00211 -5.77666e-01 | 60 -0.00217 -5.94138e-01
 61 -0.00223 -6.11146e-01 | 62 -0.00229 -6.28553e-01 | 63 -0.00235 -6.46320e-01
 64 -0.00241 -6.64491e-01 | 65 -0.00248 -6.82812e-01 | 66 -0.00254 -7.02056e-01
 67 -0.00261 -7.21910e-01 | 68 -0.00267 -7.42240e-01 | 69 -0.00274 -7.63174e-01
 70 -0.00280 -7.84630e-01 | 71 -0.00287 -8.06641e-01 | 72 -0.00293 -8.29079e-01
 73 -0.00299 -8.51962e-01 | 74 -0.00305 -8.75373e-01 | 75 -0.00310 -8.99357e-01
 76 -0.00315 -9.23935e-01 | 77 -0.00319 -9.49380e-01 | 78 -0.00322 -9.75966e-01
 79 -0.00325 -1.00381e+00 | 80 -0.00326 -1.03313e+00 | 81 -0.00325 -1.06374e+00
 82 -0.00322 -1.09544e+00 | 83 -0.00317 -1.12793e+00 | 84 -0.00308 -1.16095e+00
 85 -0.00295 -1.19440e+00 | 86 -0.00276 -1.22807e+00 | 87 -0.00250 -1.26177e+00
 88 -0.00215 -1.29466e+00 | 89 -0.00169 -1.32664e+00 | 90 -0.00112 -1.35611e+00
 91 -0.00052 -1.37965e+00 | 92 -0.00002 -1.38812e+00 | 93  0.00014 -1.37176e+00
 94 -0.00014 -1.34080e+00 | 95 -0.00087 -1.34143e+00 | 96 -0.00315 -1.35239e+00
 97 -0.00602 -1.31135e+00 | 98 -0.00733 -1.31552e+00 | 99 -0.00454 -1.42418e+00
100 -0.00186 -1.48214e+00 |101 -0.00114 -1.41144e+00 |102 -0.00134 -1.39763e+00
103 -0.00766 -1.23461e+00 |104 -0.00575 -9.36147e-01 |105  0.02076 -8.72690e-01
106  0.03653 -1.10568e+00 |107  0.02404 -4.64378e-01 |108  0.05522  2.42052e-01
109  0.12293 -1.30136e+00 |110  0.09600 -1.48667e+00 |111  0.00240 -5.00749e-01
112 -0.00098  4.88758e-01 |113  0.01159  1.24770e+00 |114  0.04669  1.90114e+00
115  0.03278  1.62874e+00 |116 -0.03528  1.04436e+00 |117 -0.05366  9.16028e-01
118 -0.07073  1.17398e+00 |119 -0.00965  1.40775e+00 |120  0.02780  2.16495e+00
121  0.01640  2.49609e+00 |122 -0.02567  2.31828e+00 |123 -0.02445  2.51107e+00
124 -0.03784  2.55352e+00 |125 -0.04224  2.68013e+00 |126 -0.01968  2.98225e+00
127 -0.04652  2.27771e+00 |128 -0.00768  2.54583e+00 |129 -0.00078  1.87340e+00
130  0.00531  1.48393e+00 |131  0.02126  9.43767e-01 |132  0.01340  6.19970e-01
133  0.04645  2.79022e-01 |134  0.01323 -4.28509e-02 |135 -0.02556  3.95161e-02
136 -0.02703 -1.01286e-01 |137 -0.02386  1.01676e-01 |138  0.01753 -5.10277e-03
139  0.03750 -2.21381e-01 |140  0.01028 -4.58149e-01 |141 -0.00142 -3.02168e-01
142 -0.00222 -6.80272e-02 |143 -0.00244  1.19492e-02 |144 -0.00043  5.26389e-03
145  0.35659 -1.14926e+01 |146  0.25981 -4.02484e+00 |147  0.09814 -1.13179e+01
148  0.31681  1.74973e+01 |149  0.01482 -6.29293e+00 |150 -0.10048 -1.89260e+00
151 -0.49850  9.69771e-02 |152  0.31577 -3.02738e-02 |153  0.04752  2.39590e-01
154 -0.24292  1.14116e-01 |155  0.24051  3.71400e-01 |156  0.27510  2.29966e+00
157  0.22658  1.28634e+00 |158  0.26880 -8.50338e+00 |159 -0.01792 -1.02463e+00
160 -0.07562  2.12459e+00 |161  0.19075  8.50496e-01 |162  0.31594  9.89411e-01
163  0.24375  1.76492e+01 |164  0.26514 -3.88673e+01 |165 -0.37660  2.84310e+00
166  0.23686 -7.65533e+00 |167  0.04830 -7.32379e-02 |168 -0.18843 -4.24648e+01
169  0.16174 -4.35055e+00 |170  0.31874  1.92208e+00 |171  0.09245 -2.89556e+01
172 -0.53210 -4.02630e-03 |173 -0.37173 -1.35986e+00 |174  0.23935  7.19601e-01
175  0.06140 -2.79223e+00 |176 -0.13363 -1.20193e+01 |177  0.09577 -6.94637e-01
178  0.15836 -2.39112e+00 |179  0.33653 -1.59150e-01 |180  0.28150 -8.74877e+00
181 -0.03914 -1.57536e+00 |182 -0.00381 -7.43212e+00 |183 -0.11913 -8.70659e-02
184 -0.09809 -1.22384e+01 |185  0.04453  2.03334e+00 |186  0.45204  1.30605e-01
187  0.01955  2.35053e+00 |188 -0.12905 -2.29481e+00 |189  0.11950 -1.44383e+02
190  0.21330 -8.55552e+01 |191  0.22962  1.47608e+02 |192  0.27612  1.93032e+02
193  0.02809 -9.65486e+01 |194 -0.05729 -3.45072e+00 |195 -0.16116 -6.55069e+01
196 -0.08831  3.20330e+01 |197 -0.52047 -1.35532e+00 |198  0.18481  2.76078e+00
199  0.08777 -9.10741e+00 |200 -0.25125 -2.51472e+00 |

Initial statistics: 213 variables; iteration 0; function evaluation 0; phase 5
Function value 4.9444988e+02; maximum gradient component mag 1.9193e+02
Var    Value     Gradient |Var    Value     Gradient |Var    Value     Gradient
  1 -0.44898  2.62097e+01 |  2  0.32675  7.34933e+00 |  3 -0.24442 -1.35892e+01
  4  0.15672 -4.08647e+00 |  5 -0.99986 -9.99607e-03 |  6 -0.48349  1.99484e+01
  7  0.33335 -9.37106e+00 |  8 -0.27593  1.51437e+01 |  9  0.27228 -5.09031e+00
 10 -0.99808  1.22735e-02 | 11 -0.52739  5.51032e+01 | 12 -0.14187 -4.63060e+01
 13 -0.00058 -1.57149e-01 | 14 -0.00059 -1.61705e-01 | 15 -0.00061 -1.66391e-01
 16 -0.00063 -1.71209e-01 | 17 -0.00065 -1.76172e-01 | 18 -0.00066 -1.81278e-01
 19 -0.00068 -1.86527e-01 | 20 -0.00070 -1.91922e-01 | 21 -0.00072 -1.97467e-01
 22 -0.00074 -2.03166e-01 | 23 -0.00077 -2.09022e-01 | 24 -0.00079 -2.15042e-01
 25 -0.00081 -2.21230e-01 | 26 -0.00083 -2.27594e-01 | 27 -0.00086 -2.34140e-01
 28 -0.00088 -2.40873e-01 | 29 -0.00091 -2.47793e-01 | 30 -0.00093 -2.54897e-01
 31 -0.00096 -2.62192e-01 | 32 -0.00099 -2.69682e-01 | 33 -0.00102 -2.77380e-01
 34 -0.00105 -2.85301e-01 | 35 -0.00108 -2.93458e-01 | 36 -0.00111 -3.01863e-01
 37 -0.00114 -3.10521e-01 | 38 -0.00117 -3.19432e-01 | 39 -0.00121 -3.28590e-01
 40 -0.00124 -3.37935e-01 | 41 -0.00128 -3.47545e-01 | 42 -0.00131 -3.57392e-01
 43 -0.00135 -3.67484e-01 | 44 -0.00139 -3.77843e-01 | 45 -0.00143 -3.88475e-01
 46 -0.00147 -3.99377e-01 | 47 -0.00151 -4.10566e-01 | 48 -0.00155 -4.22041e-01
 49 -0.00160 -4.33829e-01 | 50 -0.00164 -4.45987e-01 | 51 -0.00169 -4.58577e-01
 52 -0.00174 -4.71617e-01 | 53 -0.00179 -4.85133e-01 | 54 -0.00184 -4.99074e-01
 55 -0.00189 -5.13341e-01 | 56 -0.00194 -5.27937e-01 | 57 -0.00200 -5.42942e-01
 58 -0.00205 -5.58346e-01 | 59 -0.00211 -5.74241e-01 | 60 -0.00217 -5.90611e-01
 61 -0.00223 -6.07513e-01 | 62 -0.00229 -6.24811e-01 | 63 -0.00235 -6.42467e-01
 64 -0.00241 -6.60524e-01 | 65 -0.00248 -6.78730e-01 | 66 -0.00254 -6.97853e-01
 67 -0.00261 -7.17584e-01 | 68 -0.00267 -7.37788e-01 | 69 -0.00274 -7.58594e-01
 70 -0.00280 -7.79920e-01 | 71 -0.00287 -8.01801e-01 | 72 -0.00293 -8.24111e-01
 73 -0.00299 -8.46870e-01 | 74 -0.00305 -8.70160e-01 | 75 -0.00310 -8.94028e-01
 76 -0.00315 -9.18495e-01 | 77 -0.00319 -9.43830e-01 | 78 -0.00322 -9.70308e-01
 79 -0.00325 -9.98043e-01 | 80 -0.00326 -1.02725e+00 | 81 -0.00325 -1.05776e+00
 82 -0.00322 -1.08937e+00 | 83 -0.00317 -1.12180e+00 | 84 -0.00308 -1.15479e+00
 85 -0.00295 -1.18826e+00 | 86 -0.00276 -1.22201e+00 | 87 -0.00250 -1.25587e+00
 88 -0.00215 -1.28903e+00 | 89 -0.00169 -1.32138e+00 | 90 -0.00112 -1.35131e+00
 91 -0.00052 -1.37541e+00 | 92 -0.00002 -1.38456e+00 | 93  0.00014 -1.36900e+00
 94 -0.00014 -1.33834e+00 | 95 -0.00087 -1.33678e+00 | 96 -0.00315 -1.34286e+00
 97 -0.00602 -1.29934e+00 | 98 -0.00733 -1.29961e+00 | 99 -0.00454 -1.40296e+00
100 -0.00186 -1.46106e+00 |101 -0.00114 -1.39474e+00 |102 -0.00134 -1.38440e+00
103 -0.00766 -1.22411e+00 |104 -0.00575 -9.33672e-01 |105  0.02076 -8.78974e-01
106  0.03653 -1.10560e+00 |107  0.02404 -4.76544e-01 |108  0.05522  2.15880e-01
109  0.12293 -1.28015e+00 |110  0.09600 -1.49757e+00 |111  0.00240 -5.06160e-01
112 -0.00098  4.33046e-01 |113  0.01159  1.23618e+00 |114  0.04669  1.89189e+00
115  0.03278  1.65446e+00 |116 -0.03528  1.04381e+00 |117 -0.05366  8.98774e-01
118 -0.07073  1.17816e+00 |119 -0.00965  1.41609e+00 |120  0.02780  2.17435e+00
121  0.01640  2.54451e+00 |122 -0.02567  2.33987e+00 |123 -0.02445  2.52666e+00
124 -0.03784  2.55813e+00 |125 -0.04224  2.67777e+00 |126 -0.01968  2.96245e+00
127 -0.04652  2.25699e+00 |128 -0.00768  2.52541e+00 |129 -0.00078  1.86242e+00
130  0.00531  1.46454e+00 |131  0.02126  9.22987e-01 |132  0.01340  5.86581e-01
133  0.04645  2.24022e-01 |134  0.01323 -6.62382e-02 |135 -0.02556  4.09161e-02
136 -0.02703 -8.79459e-02 |137 -0.02386  1.06714e-01 |138  0.01753 -4.28487e-03
139  0.03750 -2.16756e-01 |140  0.01028 -4.32886e-01 |141 -0.00142 -2.73802e-01
142 -0.00222 -5.83524e-02 |143 -0.00244  1.16722e-02 |144 -0.00043  5.04621e-03
145  0.00000  0.00000e+00 |146  0.00000  0.00000e+00 |147  0.00000  0.00000e+00
148  0.00000  0.00000e+00 |149  0.00000  0.00000e+00 |150  0.00000  0.00000e+00
151  0.00000  0.00000e+00 |152  0.00000  0.00000e+00 |153  0.00000  0.00000e+00
154  0.00000  0.00000e+00 |155  0.00000  0.00000e+00 |156  0.00000  0.00000e+00
157  0.00000  0.00000e+00 |158  0.35659 -1.14548e+01 |159  0.25981 -3.90696e+00
160  0.09814 -1.12839e+01 |161  0.31681  1.74277e+01 |162  0.01482 -6.28352e+00
163 -0.10048 -1.87451e+00 |164 -0.49850  8.69957e-02 |165  0.31577 -2.67354e-02
166  0.04752  2.09970e-01 |167 -0.24292  8.98281e-02 |168  0.24051  3.91317e-01
169  0.27510  2.37758e+00 |170  0.22658  1.42299e+00 |171  0.26880 -8.33913e+00
172 -0.01792 -9.70561e-01 |173 -0.07562  2.21119e+00 |174  0.19075  8.44633e-01
175  0.31594  1.05152e+00 |176  0.24375  1.74965e+01 |177  0.26514 -3.86555e+01
178 -0.37660  2.84447e+00 |179  0.23686 -7.61655e+00 |180  0.04830 -8.37746e-02
181 -0.18843 -4.23135e+01 |182  0.16174 -4.31305e+00 |183  0.31874  1.92704e+00
184  0.09245 -2.88329e+01 |185 -0.53210 -4.02353e-03 |186 -0.37173 -1.37385e+00
187  0.23935  7.02547e-01 |188  0.06140 -2.78597e+00 |189 -0.13363 -1.19400e+01
190  0.09577 -7.51303e-01 |191  0.15836 -2.58816e+00 |192  0.33653 -2.24031e-01
193  0.28150 -8.74031e+00 |194 -0.03914 -1.62519e+00 |195 -0.00381 -7.43004e+00
196 -0.11913 -1.25882e-01 |197 -0.09809 -1.21674e+01 |198  0.04453  1.91579e+00
199  0.45204  1.55335e-01 |200  0.01955  2.20524e+00 |201 -0.12905 -2.41007e+00
202  0.11950 -1.43667e+02 |203  0.21330 -8.50091e+01 |204  0.22962  1.47051e+02
205  0.27612  1.91928e+02 |206  0.02809 -9.62150e+01 |207 -0.05729 -3.38686e+00
208 -0.16116 -6.51609e+01 |209 -0.08831  3.21485e+01 |210 -0.52047 -1.27898e+00
211  0.18481  2.64138e+00 |212  0.08777 -8.93483e+00 |213 -0.25125 -2.42852e+00
  ic > imax  in fminim is answer attained ?
Var    Value     Gradient |Var    Value     Gradient |Var    Value     Gradient
  1 -0.44898  2.62097e+01 |  2  0.32675  7.34933e+00 |  3 -0.24442 -1.35892e+01
  4  0.15672 -4.08647e+00 |  5 -0.99986 -9.99607e-03 |  6 -0.48349  1.99484e+01
  7  0.33335 -9.37106e+00 |  8 -0.27593  1.51437e+01 |  9  0.27228 -5.09031e+00
 10 -0.99808  1.22735e-02 | 11 -0.52739  5.51032e+01 | 12 -0.14186 -4.63060e+01
 13 -0.00058 -1.57149e-01 | 14 -0.00059 -1.61705e-01 | 15 -0.00061 -1.66391e-01
 16 -0.00063 -1.71209e-01 | 17 -0.00065 -1.76172e-01 | 18 -0.00066 -1.81278e-01
 19 -0.00068 -1.86527e-01 | 20 -0.00070 -1.91922e-01 | 21 -0.00072 -1.97467e-01
 22 -0.00074 -2.03166e-01 | 23 -0.00077 -2.09022e-01 | 24 -0.00079 -2.15042e-01
 25 -0.00081 -2.21230e-01 | 26 -0.00083 -2.27594e-01 | 27 -0.00086 -2.34140e-01
 28 -0.00088 -2.40873e-01 | 29 -0.00091 -2.47793e-01 | 30 -0.00093 -2.54897e-01
 31 -0.00096 -2.62192e-01 | 32 -0.00099 -2.69682e-01 | 33 -0.00102 -2.77380e-01
 34 -0.00105 -2.85301e-01 | 35 -0.00108 -2.93458e-01 | 36 -0.00111 -3.01863e-01
 37 -0.00114 -3.10521e-01 | 38 -0.00117 -3.19432e-01 | 39 -0.00121 -3.28590e-01
 40 -0.00124 -3.37935e-01 | 41 -0.00128 -3.47545e-01 | 42 -0.00131 -3.57392e-01
 43 -0.00135 -3.67484e-01 | 44 -0.00139 -3.77843e-01 | 45 -0.00143 -3.88475e-01
 46 -0.00147 -3.99377e-01 | 47 -0.00151 -4.10566e-01 | 48 -0.00155 -4.22041e-01
 49 -0.00160 -4.33829e-01 | 50 -0.00164 -4.45987e-01 | 51 -0.00169 -4.58577e-01
 52 -0.00174 -4.71617e-01 | 53 -0.00179 -4.85133e-01 | 54 -0.00184 -4.99074e-01
 55 -0.00189 -5.13341e-01 | 56 -0.00194 -5.27937e-01 | 57 -0.00200 -5.42942e-01
 58 -0.00205 -5.58346e-01 | 59 -0.00211 -5.74241e-01 | 60 -0.00217 -5.90611e-01
 61 -0.00223 -6.07513e-01 | 62 -0.00229 -6.24811e-01 | 63 -0.00235 -6.42467e-01
 64 -0.00241 -6.60524e-01 | 65 -0.00248 -6.78730e-01 | 66 -0.00254 -6.97853e-01
 67 -0.00261 -7.17584e-01 | 68 -0.00267 -7.37788e-01 | 69 -0.00274 -7.58594e-01
 70 -0.00280 -7.79920e-01 | 71 -0.00287 -8.01801e-01 | 72 -0.00293 -8.24111e-01
 73 -0.00299 -8.46870e-01 | 74 -0.00305 -8.70160e-01 | 75 -0.00310 -8.94028e-01
 76 -0.00315 -9.18495e-01 | 77 -0.00319 -9.43830e-01 | 78 -0.00322 -9.70308e-01
 79 -0.00325 -9.98043e-01 | 80 -0.00326 -1.02725e+00 | 81 -0.00325 -1.05776e+00
 82 -0.00322 -1.08937e+00 | 83 -0.00317 -1.12180e+00 | 84 -0.00308 -1.15479e+00
 85 -0.00295 -1.18826e+00 | 86 -0.00276 -1.22201e+00 | 87 -0.00250 -1.25587e+00
 88 -0.00215 -1.28903e+00 | 89 -0.00169 -1.32138e+00 | 90 -0.00112 -1.35131e+00
 91 -0.00052 -1.37541e+00 | 92 -0.00002 -1.38456e+00 | 93  0.00014 -1.36900e+00
 94 -0.00014 -1.33834e+00 | 95 -0.00087 -1.33678e+00 | 96 -0.00315 -1.34286e+00
 97 -0.00602 -1.29934e+00 | 98 -0.00733 -1.29961e+00 | 99 -0.00454 -1.40296e+00
100 -0.00186 -1.46106e+00 |101 -0.00114 -1.39474e+00 |102 -0.00134 -1.38440e+00
103 -0.00766 -1.22411e+00 |104 -0.00575 -9.33672e-01 |105  0.02076 -8.78974e-01
106  0.03653 -1.10560e+00 |107  0.02404 -4.76544e-01 |108  0.05522  2.15880e-01
109  0.12293 -1.28015e+00 |110  0.09600 -1.49757e+00 |111  0.00240 -5.06160e-01
112 -0.00098  4.33046e-01 |113  0.01159  1.23618e+00 |114  0.04669  1.89189e+00
115  0.03278  1.65446e+00 |116 -0.03528  1.04381e+00 |117 -0.05366  8.98774e-01
118 -0.07073  1.17816e+00 |119 -0.00965  1.41609e+00 |120  0.02780  2.17435e+00
121  0.01640  2.54451e+00 |122 -0.02567  2.33987e+00 |123 -0.02445  2.52666e+00
124 -0.03784  2.55813e+00 |125 -0.04224  2.67777e+00 |126 -0.01968  2.96245e+00
127 -0.04652  2.25699e+00 |128 -0.00768  2.52541e+00 |129 -0.00078  1.86242e+00
130  0.00531  1.46454e+00 |131  0.02126  9.22987e-01 |132  0.01340  5.86581e-01
133  0.04645  2.24022e-01 |134  0.01323 -6.62382e-02 |135 -0.02556  4.09161e-02
136 -0.02703 -8.79459e-02 |137 -0.02386  1.06714e-01 |138  0.01753 -4.28487e-03
139  0.03750 -2.16756e-01 |140  0.01028 -4.32886e-01 |141 -0.00142 -2.73802e-01
142 -0.00222 -5.83524e-02 |143 -0.00244  1.16722e-02 |144 -0.00043  5.04621e-03
145  0.00000  0.00000e+00 |146  0.00000  0.00000e+00 |147  0.00000  0.00000e+00
148  0.00000  0.00000e+00 |149  0.00000  0.00000e+00 |150  0.00000  0.00000e+00
151  0.00000  0.00000e+00 |152  0.00000  0.00000e+00 |153  0.00000  0.00000e+00
154  0.00000  0.00000e+00 |155  0.00000  0.00000e+00 |156  0.00000  0.00000e+00
157  0.00000  0.00000e+00 |158  0.35659 -1.14548e+01 |159  0.25981 -3.90696e+00
160  0.09814 -1.12839e+01 |161  0.31681  1.74277e+01 |162  0.01482 -6.28352e+00
163 -0.10048 -1.87451e+00 |164 -0.49850  8.69957e-02 |165  0.31577 -2.67354e-02
166  0.04752  2.09970e-01 |167 -0.24292  8.98281e-02 |168  0.24051  3.91317e-01
169  0.27510  2.37758e+00 |170  0.22658  1.42299e+00 |171  0.26880 -8.33913e+00
172 -0.01792 -9.70561e-01 |173 -0.07562  2.21119e+00 |174  0.19075  8.44633e-01
175  0.31594  1.05152e+00 |176  0.24375  1.74965e+01 |177  0.26514 -3.86555e+01
178 -0.37660  2.84447e+00 |179  0.23686 -7.61655e+00 |180  0.04830 -8.37746e-02
181 -0.18842 -4.23135e+01 |182  0.16174 -4.31305e+00 |183  0.31874  1.92704e+00
184  0.09245 -2.88329e+01 |185 -0.53210 -4.02353e-03 |186 -0.37173 -1.37385e+00
187  0.23935  7.02547e-01 |188  0.06140 -2.78597e+00 |189 -0.13363 -1.19400e+01
190  0.09577 -7.51303e-01 |191  0.15836 -2.58816e+00 |192  0.33653 -2.24031e-01
193  0.28150 -8.74031e+00 |194 -0.03913 -1.62519e+00 |195 -0.00381 -7.43004e+00
196 -0.11913 -1.25882e-01 |197 -0.09809 -1.21674e+01 |198  0.04453  1.91579e+00
199  0.45204  1.55335e-01 |200  0.01955  2.20524e+00 |201 -0.12905 -2.41007e+00
202  0.11950 -1.43667e+02 |203  0.21331 -8.50091e+01 |204  0.22962  1.47051e+02
205  0.27611  1.91928e+02 |206  0.02809 -9.62150e+01 |207 -0.05729 -3.38686e+00
208 -0.16116 -6.51609e+01 |209 -0.08831  3.21485e+01 |210 -0.52047 -1.27898e+00
211  0.18481  2.64138e+00 |212  0.08777 -8.93483e+00 |213 -0.25125 -2.42852e+00
Function minimizer not making progress ... is minimum attained?
Minimprove criterion = 0.0000e+00
Warning: the following parameters had issues
  MGparm[5] is within 0.1% of lower bound: 1.0000e-06 < 1.0126e-06 < 1.0000e+00
  MGparm[17] is within 0.1% of lower bound: 1.0000e-06 < 3.2786e-06 < 1.0000e+00


 - final statistics:
213 variables; iteration 1; function evaluation 30
Function value 4.9444e+02; maximum gradient component mag 1.9193e+02
Exit code = 1;  converg criter 1.0000e-03
Var    Value     Gradient |Var    Value     Gradient |Var    Value     Gradient
  1 -0.44898  2.62097e+01 |  2  0.32675  7.34933e+00 |  3 -0.24442 -1.35892e+01
  4  0.15672 -4.08647e+00 |  5 -0.99986 -9.99607e-03 |  6 -0.48349  1.99484e+01
  7  0.33335 -9.37106e+00 |  8 -0.27593  1.51437e+01 |  9  0.27228 -5.09031e+00
 10 -0.99808  1.22735e-02 | 11 -0.52739  5.51032e+01 | 12 -0.14186 -4.63060e+01
 13 -0.00058 -1.57149e-01 | 14 -0.00059 -1.61705e-01 | 15 -0.00061 -1.66391e-01
 16 -0.00063 -1.71209e-01 | 17 -0.00065 -1.76172e-01 | 18 -0.00066 -1.81278e-01
 19 -0.00068 -1.86527e-01 | 20 -0.00070 -1.91922e-01 | 21 -0.00072 -1.97467e-01
 22 -0.00074 -2.03166e-01 | 23 -0.00077 -2.09022e-01 | 24 -0.00079 -2.15042e-01
 25 -0.00081 -2.21230e-01 | 26 -0.00083 -2.27594e-01 | 27 -0.00086 -2.34140e-01
 28 -0.00088 -2.40873e-01 | 29 -0.00091 -2.47793e-01 | 30 -0.00093 -2.54897e-01
 31 -0.00096 -2.62192e-01 | 32 -0.00099 -2.69682e-01 | 33 -0.00102 -2.77380e-01
 34 -0.00105 -2.85301e-01 | 35 -0.00108 -2.93458e-01 | 36 -0.00111 -3.01863e-01
 37 -0.00114 -3.10521e-01 | 38 -0.00117 -3.19432e-01 | 39 -0.00121 -3.28590e-01
 40 -0.00124 -3.37935e-01 | 41 -0.00128 -3.47545e-01 | 42 -0.00131 -3.57392e-01
 43 -0.00135 -3.67484e-01 | 44 -0.00139 -3.77843e-01 | 45 -0.00143 -3.88475e-01
 46 -0.00147 -3.99377e-01 | 47 -0.00151 -4.10566e-01 | 48 -0.00155 -4.22041e-01
 49 -0.00160 -4.33829e-01 | 50 -0.00164 -4.45987e-01 | 51 -0.00169 -4.58577e-01
 52 -0.00174 -4.71617e-01 | 53 -0.00179 -4.85133e-01 | 54 -0.00184 -4.99074e-01
 55 -0.00189 -5.13341e-01 | 56 -0.00194 -5.27937e-01 | 57 -0.00200 -5.42942e-01
 58 -0.00205 -5.58346e-01 | 59 -0.00211 -5.74241e-01 | 60 -0.00217 -5.90611e-01
 61 -0.00223 -6.07513e-01 | 62 -0.00229 -6.24811e-01 | 63 -0.00235 -6.42467e-01
 64 -0.00241 -6.60524e-01 | 65 -0.00248 -6.78730e-01 | 66 -0.00254 -6.97853e-01
 67 -0.00261 -7.17584e-01 | 68 -0.00267 -7.37788e-01 | 69 -0.00274 -7.58594e-01
 70 -0.00280 -7.79920e-01 | 71 -0.00287 -8.01801e-01 | 72 -0.00293 -8.24111e-01
 73 -0.00299 -8.46870e-01 | 74 -0.00305 -8.70160e-01 | 75 -0.00310 -8.94028e-01
 76 -0.00315 -9.18495e-01 | 77 -0.00319 -9.43830e-01 | 78 -0.00322 -9.70308e-01
 79 -0.00325 -9.98043e-01 | 80 -0.00326 -1.02725e+00 | 81 -0.00325 -1.05776e+00
 82 -0.00322 -1.08937e+00 | 83 -0.00317 -1.12180e+00 | 84 -0.00308 -1.15479e+00
 85 -0.00295 -1.18826e+00 | 86 -0.00276 -1.22201e+00 | 87 -0.00250 -1.25587e+00
 88 -0.00215 -1.28903e+00 | 89 -0.00169 -1.32138e+00 | 90 -0.00112 -1.35131e+00
 91 -0.00052 -1.37541e+00 | 92 -0.00002 -1.38456e+00 | 93  0.00014 -1.36900e+00
 94 -0.00014 -1.33834e+00 | 95 -0.00087 -1.33678e+00 | 96 -0.00315 -1.34286e+00
 97 -0.00602 -1.29934e+00 | 98 -0.00733 -1.29961e+00 | 99 -0.00454 -1.40296e+00
100 -0.00186 -1.46106e+00 |101 -0.00114 -1.39474e+00 |102 -0.00134 -1.38440e+00
103 -0.00766 -1.22411e+00 |104 -0.00575 -9.33672e-01 |105  0.02076 -8.78974e-01
106  0.03653 -1.10560e+00 |107  0.02404 -4.76544e-01 |108  0.05522  2.15880e-01
109  0.12293 -1.28015e+00 |110  0.09600 -1.49757e+00 |111  0.00240 -5.06160e-01
112 -0.00098  4.33046e-01 |113  0.01159  1.23618e+00 |114  0.04669  1.89189e+00
115  0.03278  1.65446e+00 |116 -0.03528  1.04381e+00 |117 -0.05366  8.98774e-01
118 -0.07073  1.17816e+00 |119 -0.00965  1.41609e+00 |120  0.02780  2.17435e+00
121  0.01640  2.54451e+00 |122 -0.02567  2.33987e+00 |123 -0.02445  2.52666e+00
124 -0.03784  2.55813e+00 |125 -0.04224  2.67777e+00 |126 -0.01968  2.96245e+00
127 -0.04652  2.25699e+00 |128 -0.00768  2.52541e+00 |129 -0.00078  1.86242e+00
130  0.00531  1.46454e+00 |131  0.02126  9.22987e-01 |132  0.01340  5.86581e-01
133  0.04645  2.24022e-01 |134  0.01323 -6.62382e-02 |135 -0.02556  4.09161e-02
136 -0.02703 -8.79459e-02 |137 -0.02386  1.06714e-01 |138  0.01753 -4.28487e-03
139  0.03750 -2.16756e-01 |140  0.01028 -4.32886e-01 |141 -0.00142 -2.73802e-01
142 -0.00222 -5.83524e-02 |143 -0.00244  1.16722e-02 |144 -0.00043  5.04621e-03
145  0.00000  0.00000e+00 |146  0.00000  0.00000e+00 |147  0.00000  0.00000e+00
148  0.00000  0.00000e+00 |149  0.00000  0.00000e+00 |150  0.00000  0.00000e+00
151  0.00000  0.00000e+00 |152  0.00000  0.00000e+00 |153  0.00000  0.00000e+00
154  0.00000  0.00000e+00 |155  0.00000  0.00000e+00 |156  0.00000  0.00000e+00
157  0.00000  0.00000e+00 |158  0.35659 -1.14548e+01 |159  0.25981 -3.90696e+00
160  0.09814 -1.12839e+01 |161  0.31681  1.74277e+01 |162  0.01482 -6.28352e+00
163 -0.10048 -1.87451e+00 |164 -0.49850  8.69957e-02 |165  0.31577 -2.67354e-02
166  0.04752  2.09970e-01 |167 -0.24292  8.98281e-02 |168  0.24051  3.91317e-01
169  0.27510  2.37758e+00 |170  0.22658  1.42299e+00 |171  0.26880 -8.33913e+00
172 -0.01792 -9.70561e-01 |173 -0.07562  2.21119e+00 |174  0.19075  8.44633e-01
175  0.31594  1.05152e+00 |176  0.24375  1.74965e+01 |177  0.26514 -3.86555e+01
178 -0.37660  2.84447e+00 |179  0.23686 -7.61655e+00 |180  0.04830 -8.37746e-02
181 -0.18842 -4.23135e+01 |182  0.16174 -4.31305e+00 |183  0.31874  1.92704e+00
184  0.09245 -2.88329e+01 |185 -0.53210 -4.02353e-03 |186 -0.37173 -1.37385e+00
187  0.23935  7.02547e-01 |188  0.06140 -2.78597e+00 |189 -0.13363 -1.19400e+01
190  0.09577 -7.51303e-01 |191  0.15836 -2.58816e+00 |192  0.33653 -2.24031e-01
193  0.28150 -8.74031e+00 |194 -0.03913 -1.62519e+00 |195 -0.00381 -7.43004e+00
196 -0.11913 -1.25882e-01 |197 -0.09809 -1.21674e+01 |198  0.04453  1.91579e+00
199  0.45204  1.55335e-01 |200  0.01955  2.20524e+00 |201 -0.12905 -2.41007e+00
202  0.11950 -1.43667e+02 |203  0.21331 -8.50091e+01 |204  0.22962  1.47051e+02
205  0.27611  1.91928e+02 |206  0.02809 -9.62150e+01 |207 -0.05729 -3.38686e+00
208 -0.16116 -6.51609e+01 |209 -0.08831  3.21485e+01 |210 -0.52047 -1.27898e+00
211  0.18481  2.64138e+00 |212  0.08777 -8.93483e+00 |213 -0.25125 -2.42852e+00
size of file gradfil1.tmp = 0
size of file gradfil2.tmp = 0
size of file varssave.tmp = 0
size of file cmpdiff.tmp = 1000000040
