
Initial statistics: 136 variables; iteration 0; function evaluation 0; phase 1
Function value 7.3796087e+03; maximum gradient component mag -2.5350e+02
Var    Value     Gradient |Var    Value     Gradient |Var    Value     Gradient
  1 -0.42335 -2.70975e+01 |  2 -0.09168 -2.53497e+02 |  3  0.00000  4.68020e+00
  4  0.00000  4.80098e+00 |  5  0.00000  4.92278e+00 |  6  0.00000  5.04533e+00
  7  0.00000  5.16848e+00 |  8  0.00000  5.29181e+00 |  9  0.00000  5.41490e+00
 10  0.00000  5.53740e+00 | 11  0.00000  5.65892e+00 | 12  0.00000  5.77906e+00
 13  0.00000  5.89742e+00 | 14  0.00000  6.01359e+00 | 15  0.00000  6.12712e+00
 16  0.00000  6.23747e+00 | 17  0.00000  6.34400e+00 | 18  0.00000  6.44600e+00
 19  0.00000  6.54280e+00 | 20  0.00000  6.63379e+00 | 21  0.00000  6.71853e+00
 22  0.00000  6.79646e+00 | 23  0.00000  6.86694e+00 | 24  0.00000  6.92916e+00
 25  0.00000  6.98211e+00 | 26  0.00000  7.02464e+00 | 27  0.00000  7.05544e+00
 28  0.00000  7.07329e+00 | 29  0.00000  7.07701e+00 | 30  0.00000  7.06497e+00
 31  0.00000  7.03752e+00 | 32  0.00000  6.99377e+00 | 33  0.00000  6.93334e+00
 34  0.00000  6.85618e+00 | 35  0.00000  6.76225e+00 | 36  0.00000  6.65175e+00
 37  0.00000  6.52526e+00 | 38  0.00000  6.38329e+00 | 39  0.00000  6.22646e+00
 40  0.00000  6.05529e+00 | 41  0.00000  5.86977e+00 | 42  0.00000  5.66889e+00
 43  0.00000  5.45087e+00 | 44  0.00000  5.21192e+00 | 45  0.00000  4.94614e+00
 46  0.00000  4.64636e+00 | 47  0.00000  4.30442e+00 | 48  0.00000  3.91077e+00
 49  0.00000  3.45592e+00 | 50  0.00000  2.92973e+00 | 51  0.00000  2.32228e+00
 52  0.00000  1.62344e+00 | 53  0.00000  8.24388e-01 | 54  0.00000 -8.22603e-02
 55  0.00000 -1.10144e+00 | 56  0.00000 -2.23624e+00 | 57  0.00000 -3.48605e+00
 58  0.00000 -4.84542e+00 | 59  0.00000 -6.30483e+00 | 60  0.00000 -7.84815e+00
 61  0.00000 -9.45370e+00 | 62  0.00000 -1.10919e+01 | 63  0.00000 -1.27281e+01
 64  0.00000 -1.43227e+01 | 65  0.00000 -1.58332e+01 | 66  0.00000 -1.72180e+01
 67  0.00000 -1.84448e+01 | 68  0.00000 -1.94935e+01 | 69  0.00000 -2.03572e+01
 70  0.00000 -2.10414e+01 | 71  0.00000 -2.15496e+01 | 72  0.00000 -2.18759e+01
 73  0.00000 -2.19962e+01 | 74  0.00000 -2.18742e+01 | 75  0.00000 -2.14828e+01
 76  0.00000 -2.08304e+01 | 77  0.00000 -1.99869e+01 | 78  0.00000 -1.90753e+01
 79  0.00000 -1.82419e+01 | 80  0.00000 -1.75787e+01 | 81  0.00000 -1.71033e+01
 82  0.00000 -1.67714e+01 | 83  0.00000 -1.65963e+01 | 84  0.00000 -1.67362e+01
 85  0.00000 -1.72561e+01 | 86  0.00000 -1.79161e+01 | 87  0.00000 -1.91955e+01
 88  0.00000 -2.09874e+01 | 89  0.00000 -2.34013e+01 | 90  0.00000 -2.54254e+01
 91  0.00000 -2.75230e+01 | 92  0.00000 -2.99331e+01 | 93  0.00000 -3.15405e+01
 94  0.00000 -3.62389e+01 | 95  0.00000 -4.61688e+01 | 96  0.00000 -5.22569e+01
 97  0.00000 -5.26456e+01 | 98  0.00000 -6.55502e+01 | 99  0.00000 -8.24591e+01
100  0.00000 -6.56690e+01 |101  0.00000 -3.54139e+01 |102  0.00000 -2.60830e+01
103  0.00000 -1.85325e+01 |104  0.00000 -4.03639e+00 |105  0.00000  3.87244e+01
106  0.00000  1.10151e+02 |107  0.00000  1.42921e+02 |108  0.00000  1.34699e+02
109  0.00000  7.22392e+01 |110  0.00000 -5.47761e+00 |111  0.00000  4.44322e+00
112  0.00000  2.69311e+01 |113  0.00000  5.36367e+01 |114  0.00000  7.34690e+01
115  0.00000  4.05066e+01 |116  0.00000  2.43240e+01 |117  0.00000  1.91424e+01
118  0.00000 -1.92910e+01 |119  0.00000 -4.50944e+01 |120  0.00000 -3.16912e+01
121  0.00000 -5.06873e+01 |122  0.00000 -2.07252e+01 |123  0.00000 -9.03708e+01
124  0.00000  3.40004e+00 |125  0.00000  2.57014e+01 |126  0.00000  2.81934e+01
127  0.00000  9.35386e+00 |128  0.00000 -3.69571e+01 |129  0.00000 -1.38214e+01
130  0.00000 -3.71251e+00 |131  0.00000  1.08142e+01 |132  0.00000  5.18093e+00
133  0.00000  1.49380e+00 |134  0.00000  1.14344e-01 |135  0.27523 -3.69358e+01
136  0.18628 -5.81173e+01 |

Intermediate statistics: 136 variables; iteration 20; function evaluation 27; phase 1
Function value 7.3422579e+03; maximum gradient component mag -1.3604e+02
Var    Value     Gradient |Var    Value     Gradient |Var    Value     Gradient
  1 -0.42593 -4.46445e+01 |  2 -0.10762 -1.36044e+02 |  3 -0.00946  4.64288e-01
  4 -0.00960  4.93796e-01 |  5 -0.00973  5.25468e-01 |  6 -0.00985  5.59451e-01
  7 -0.00996  5.95922e-01 |  8 -0.01005  6.34996e-01 |  9 -0.01013  6.76810e-01
 10 -0.01019  7.21508e-01 | 11 -0.01023  7.69226e-01 | 12 -0.01025  8.20110e-01
 13 -0.01025  8.74311e-01 | 14 -0.01022  9.31974e-01 | 15 -0.01017  9.93259e-01
 16 -0.01009  1.05832e+00 | 17 -0.00998  1.12730e+00 | 18 -0.00983  1.20028e+00
 19 -0.00965  1.27731e+00 | 20 -0.00944  1.35839e+00 | 21 -0.00919  1.44360e+00
 22 -0.00890  1.53303e+00 | 23 -0.00857  1.62679e+00 | 24 -0.00820  1.72499e+00
 25 -0.00778  1.82766e+00 | 26 -0.00732  1.93476e+00 | 27 -0.00680  2.04608e+00
 28 -0.00623  2.16124e+00 | 29 -0.00562  2.27967e+00 | 30 -0.00495  2.40034e+00
 31 -0.00423  2.52271e+00 | 32 -0.00347  2.64536e+00 | 33 -0.00267  2.76662e+00
 34 -0.00185  2.88424e+00 | 35 -0.00101  2.99523e+00 | 36 -0.00018  3.09580e+00
 37  0.00062  3.18155e+00 | 38  0.00137  3.24736e+00 | 39  0.00203  3.28769e+00
 40  0.00259  3.29672e+00 | 41  0.00300  3.26837e+00 | 42  0.00325  3.19654e+00
 43  0.00330  3.07589e+00 | 44  0.00314  2.90187e+00 | 45  0.00278  2.67116e+00
 46  0.00222  2.38201e+00 | 47  0.00148  2.03396e+00 | 48  0.00058  1.62762e+00
 49 -0.00043  1.16578e+00 | 50 -0.00152  6.53470e-01 | 51 -0.00263  9.91836e-02
 52 -0.00367 -4.84248e-01 | 53 -0.00455 -1.07815e+00 | 54 -0.00514 -1.65685e+00
 55 -0.00526 -2.18637e+00 | 56 -0.00472 -2.62710e+00 | 57 -0.00326 -2.93271e+00
 58 -0.00063 -3.05877e+00 | 59  0.00340 -2.97550e+00 | 60  0.00896 -2.68740e+00
 61  0.01588 -2.25904e+00 | 62  0.02358 -1.83630e+00 | 63  0.03083 -1.63983e+00
 64  0.03591 -1.90841e+00 | 65  0.03701 -2.79464e+00 | 66  0.03340 -4.26331e+00
 67  0.02627 -6.06108e+00 | 68  0.01840 -7.78351e+00 | 69  0.01240 -9.06553e+00
 70  0.00928 -9.77742e+00 | 71  0.00890 -9.95889e+00 | 72  0.01102 -9.65432e+00
 73  0.01601 -8.80547e+00 | 74  0.02394 -7.38444e+00 | 75  0.03269 -5.67925e+00
 76  0.03777 -4.29763e+00 | 77  0.03603 -3.77604e+00 | 78  0.02859 -4.21856e+00
 79  0.01898 -5.32401e+00 | 80  0.00986 -6.69476e+00 | 81  0.00247 -8.02197e+00
 82 -0.00223 -8.99166e+00 | 83 -0.00350 -9.41616e+00 | 84 -0.00255 -9.61270e+00
 85 -0.00011 -9.74329e+00 | 86  0.00794 -8.88121e+00 | 87  0.01411 -8.80131e+00
 88  0.01760 -9.46793e+00 | 89  0.00664 -1.24216e+01 | 90  0.01361 -1.21475e+01
 91  0.01529 -1.22641e+01 | 92  0.00478 -1.37354e+01 | 93 -0.00326 -1.34590e+01
 94  0.01166 -1.19070e+01 | 95 -0.00572 -1.79754e+01 | 96  0.05391 -1.05073e+01
 97 -0.04817 -2.05100e+01 | 98 -0.02939 -1.90899e+01 | 99  0.12155 -1.61305e+01
100 -0.00552 -1.67895e+01 |101 -0.05923 -1.90246e+01 |102  0.01695 -5.49623e+00
103 -0.00341 -7.23064e+00 |104  0.04413  1.12442e+01 |105 -0.01173  1.53090e+01
106 -0.02428  4.94030e+01 |107 -0.03170  6.16606e+01 |108 -0.03378  5.40017e+01
109 -0.03140  1.97588e+01 |110  0.05366  2.54493e+00 |111  0.00671 -4.27760e+00
112  0.01169  5.62095e+00 |113 -0.02618  7.98542e+00 |114 -0.05065  1.42533e+01
115 -0.00250  1.28111e+01 |116  0.01189  1.23135e+01 |117 -0.02431  5.01394e+00
118  0.01423 -3.27955e+00 |119  0.07582 -5.89546e+00 |120 -0.03643 -1.62030e+01
121  0.08562 -5.39004e+00 |122 -0.02030 -1.04915e+01 |123  0.12269 -8.38472e+00
124 -0.00878 -8.81771e-01 |125 -0.04283  2.24972e+00 |126 -0.04964  3.17837e+00
127 -0.02107  7.64687e-01 |128  0.08862 -1.89791e+00 |129  0.02986 -4.93565e-01
130  0.01659  3.30152e-01 |131 -0.02729  4.95592e-01 |132 -0.02416 -1.80714e+00
133 -0.01000 -1.00534e+00 |134 -0.00060 -4.77646e-02 |135  0.29418 -1.30093e+01
136  0.20082 -3.17760e+01 |

 - final statistics:
136 variables; iteration 35; function evaluation 49
Function value 7.3354e+03; maximum gradient component mag 9.4061e+00
Exit code = 1;  converg criter 1.0000e+01
Var    Value     Gradient |Var    Value     Gradient |Var    Value     Gradient
  1 -0.42343 -4.23776e+00 |  2 -0.09431  8.26672e+00 |  3 -0.01001  8.99596e-02
  4 -0.01024  8.84316e-02 |  5 -0.01047  8.67705e-02 |  6 -0.01070  8.49943e-02
  7 -0.01092  8.31237e-02 |  8 -0.01114  8.11876e-02 |  9 -0.01135  7.92174e-02
 10 -0.01155  7.72480e-02 | 11 -0.01174  7.53194e-02 | 12 -0.01192  7.34737e-02
 13 -0.01208  7.17551e-02 | 14 -0.01223  7.02097e-02 | 15 -0.01237  6.88815e-02
 16 -0.01249  6.78113e-02 | 17 -0.01259  6.70374e-02 | 18 -0.01267  6.66009e-02
 19 -0.01272  6.65517e-02 | 20 -0.01275  6.69516e-02 | 21 -0.01276  6.78629e-02
 22 -0.01273  6.93395e-02 | 23 -0.01268  7.14187e-02 | 24 -0.01260  7.41119e-02
 25 -0.01248  7.73943e-02 | 26 -0.01233  8.12012e-02 | 27 -0.01215  8.54236e-02
 28 -0.01192  8.99166e-02 | 29 -0.01166  9.45029e-02 | 30 -0.01136  9.89585e-02
 31 -0.01102  1.03107e-01 | 32 -0.01065  1.06722e-01 | 33 -0.01025  1.09606e-01
 34 -0.00982  1.11632e-01 | 35 -0.00937  1.12787e-01 | 36 -0.00891  1.13237e-01
 37 -0.00844  1.13370e-01 | 38 -0.00797  1.13770e-01 | 39 -0.00751  1.15182e-01
 40 -0.00708  1.18420e-01 | 41 -0.00667  1.24269e-01 | 42 -0.00629  1.33414e-01
 43 -0.00594  1.46427e-01 | 44 -0.00562  1.63653e-01 | 45 -0.00533  1.85149e-01
 46 -0.00504  2.10715e-01 | 47 -0.00474  2.39942e-01 | 48 -0.00441  2.72215e-01
 49 -0.00403  3.06829e-01 | 50 -0.00356  3.42815e-01 | 51 -0.00298  3.78801e-01
 52 -0.00227  4.12502e-01 | 53 -0.00141  4.40405e-01 | 54 -0.00038  4.57315e-01
 55  0.00082  4.56379e-01 | 56  0.00218  4.31465e-01 | 57  0.00373  3.80349e-01
 58  0.00551  3.12756e-01 | 59  0.00764  2.57286e-01 | 60  0.01031  2.57172e-01
 61  0.01361  3.37471e-01 | 62  0.01726  4.43212e-01 | 63  0.02044  4.21198e-01
 64  0.02250  1.75399e-01 | 65  0.02415 -9.33760e-02 | 66  0.02689 -5.84899e-02
 67  0.03046  2.45607e-01 | 68  0.03340  5.51784e-01 | 69  0.03493  7.26827e-01
 70  0.03523  7.93072e-01 | 71  0.03466  7.99025e-01 | 72  0.03340  7.67671e-01
 73  0.03131  6.75129e-01 | 74  0.02777  4.15433e-01 | 75  0.02265 -4.41319e-02
 76  0.01796 -3.40452e-01 | 77  0.01576 -9.15520e-02 | 78  0.01429  2.45816e-01
 79  0.01207  2.41839e-01 | 80  0.00966 -3.48252e-02 | 81  0.00758 -4.26595e-01
 82  0.00577 -8.54240e-01 | 83  0.00428 -1.28279e+00 | 84  0.00364 -1.70076e+00
 85  0.00404 -2.09512e+00 | 86  0.00405 -2.51241e+00 | 87  0.00498 -3.09573e+00
 88  0.00685 -3.71159e+00 | 89  0.01312 -3.79974e+00 | 90  0.01178 -4.51467e+00
 91  0.00926 -5.11899e+00 | 92  0.00824 -5.27099e+00 | 93 -0.00089 -5.40980e+00
 94 -0.00438 -6.31429e+00 | 95  0.02827 -4.24546e+00 | 96  0.01918 -5.05900e+00
 97 -0.00303 -3.54261e+00 | 98  0.00150 -6.09730e+00 | 99  0.09720 -2.24494e+00
100  0.01023 -6.05072e+00 |101 -0.01481 -1.13901e+00 |102  0.00517  6.61734e-01
103  0.01915  2.34437e+00 |104  0.03773  4.99694e+00 |105  0.00468  6.76484e+00
106 -0.06048  6.01426e+00 |107 -0.07289  8.42445e+00 |108 -0.06952  9.40605e+00
109 -0.02869  8.05300e+00 |110  0.06408  5.34235e+00 |111  0.03076  7.67931e+00
112  0.01594  3.78413e+00 |113 -0.03401 -2.71280e+00 |114 -0.07786 -5.30955e+00
115 -0.01187 -4.04811e+00 |116  0.00623 -9.27134e-01 |117 -0.02336  4.88545e-01
118  0.02130 -2.55079e+00 |119  0.07359  1.09849e+00 |120  0.01920  4.15165e+00
121  0.08095  1.21020e+00 |122  0.00823  1.29073e+00 |123  0.13252  2.38087e-01
124 -0.00580 -1.76633e-01 |125 -0.04450  8.33739e-01 |126 -0.05699 -1.59053e-02
127 -0.02021  6.23388e-01 |128  0.09325 -2.83298e-01 |129  0.03131 -2.07993e-01
130  0.01349 -1.20719e+00 |131 -0.02702  3.68011e-01 |132 -0.01685  2.05262e-01
133 -0.00460  3.25674e-01 |134 -0.00035  1.35372e-02 |135  0.28169  8.43661e+00
136  0.19179  7.58173e+00 |

 - final statistics:
146 variables; iteration 0; function evaluation 0
Function value 7.3354e+03; maximum gradient component mag 9.4061e+00
Exit code = 0;  converg criter 1.0000e+01
Var    Value     Gradient |Var    Value     Gradient |Var    Value     Gradient
  1 -0.42343 -4.23776e+00 |  2  0.37108  5.69978e+00 |  3 -0.12611  4.84610e+00
  4 -0.01318  4.81667e+00 |  5 -0.70910  9.79518e-01 |  6 -0.60422 -1.61392e+00
  7  0.37624  5.46400e+00 |  8 -0.18520  9.09195e+00 |  9  0.03404  5.78648e+00
 10 -0.60952  8.26654e-01 | 11 -0.62338  5.85327e-01 | 12 -0.09431  8.26672e+00
 13 -0.01001  8.99596e-02 | 14 -0.01024  8.84316e-02 | 15 -0.01047  8.67705e-02
 16 -0.01070  8.49943e-02 | 17 -0.01092  8.31237e-02 | 18 -0.01114  8.11876e-02
 19 -0.01135  7.92174e-02 | 20 -0.01155  7.72480e-02 | 21 -0.01174  7.53194e-02
 22 -0.01192  7.34737e-02 | 23 -0.01208  7.17551e-02 | 24 -0.01223  7.02097e-02
 25 -0.01237  6.88815e-02 | 26 -0.01249  6.78113e-02 | 27 -0.01259  6.70374e-02
 28 -0.01267  6.66009e-02 | 29 -0.01272  6.65517e-02 | 30 -0.01275  6.69516e-02
 31 -0.01276  6.78629e-02 | 32 -0.01273  6.93395e-02 | 33 -0.01268  7.14187e-02
 34 -0.01260  7.41119e-02 | 35 -0.01248  7.73943e-02 | 36 -0.01233  8.12012e-02
 37 -0.01215  8.54236e-02 | 38 -0.01192  8.99166e-02 | 39 -0.01166  9.45029e-02
 40 -0.01136  9.89585e-02 | 41 -0.01102  1.03107e-01 | 42 -0.01065  1.06722e-01
 43 -0.01025  1.09606e-01 | 44 -0.00982  1.11632e-01 | 45 -0.00937  1.12787e-01
 46 -0.00891  1.13237e-01 | 47 -0.00844  1.13370e-01 | 48 -0.00797  1.13770e-01
 49 -0.00751  1.15182e-01 | 50 -0.00708  1.18420e-01 | 51 -0.00667  1.24269e-01
 52 -0.00629  1.33414e-01 | 53 -0.00594  1.46427e-01 | 54 -0.00562  1.63653e-01
 55 -0.00533  1.85149e-01 | 56 -0.00504  2.10715e-01 | 57 -0.00474  2.39942e-01
 58 -0.00441  2.72215e-01 | 59 -0.00403  3.06829e-01 | 60 -0.00356  3.42815e-01
 61 -0.00298  3.78801e-01 | 62 -0.00227  4.12502e-01 | 63 -0.00141  4.40405e-01
 64 -0.00038  4.57315e-01 | 65  0.00082  4.56379e-01 | 66  0.00218  4.31465e-01
 67  0.00373  3.80349e-01 | 68  0.00551  3.12756e-01 | 69  0.00764  2.57286e-01
 70  0.01031  2.57172e-01 | 71  0.01361  3.37471e-01 | 72  0.01726  4.43212e-01
 73  0.02044  4.21198e-01 | 74  0.02250  1.75399e-01 | 75  0.02415 -9.33760e-02
 76  0.02689 -5.84899e-02 | 77  0.03046  2.45607e-01 | 78  0.03340  5.51784e-01
 79  0.03493  7.26827e-01 | 80  0.03523  7.93072e-01 | 81  0.03466  7.99025e-01
 82  0.03340  7.67671e-01 | 83  0.03131  6.75129e-01 | 84  0.02777  4.15433e-01
 85  0.02265 -4.41319e-02 | 86  0.01796 -3.40452e-01 | 87  0.01576 -9.15520e-02
 88  0.01429  2.45816e-01 | 89  0.01207  2.41839e-01 | 90  0.00966 -3.48252e-02
 91  0.00758 -4.26595e-01 | 92  0.00577 -8.54240e-01 | 93  0.00428 -1.28279e+00
 94  0.00364 -1.70076e+00 | 95  0.00404 -2.09512e+00 | 96  0.00405 -2.51241e+00
 97  0.00498 -3.09573e+00 | 98  0.00685 -3.71159e+00 | 99  0.01312 -3.79974e+00
100  0.01178 -4.51467e+00 |101  0.00926 -5.11899e+00 |102  0.00824 -5.27099e+00
103 -0.00089 -5.40980e+00 |104 -0.00438 -6.31429e+00 |105  0.02827 -4.24546e+00
106  0.01918 -5.05900e+00 |107 -0.00303 -3.54261e+00 |108  0.00150 -6.09730e+00
109  0.09720 -2.24494e+00 |110  0.01023 -6.05072e+00 |111 -0.01481 -1.13901e+00
112  0.00517  6.61734e-01 |113  0.01915  2.34437e+00 |114  0.03773  4.99694e+00
115  0.00468  6.76484e+00 |116 -0.06048  6.01426e+00 |117 -0.07289  8.42445e+00
118 -0.06952  9.40605e+00 |119 -0.02869  8.05300e+00 |120  0.06408  5.34235e+00
121  0.03076  7.67931e+00 |122  0.01594  3.78413e+00 |123 -0.03401 -2.71280e+00
124 -0.07786 -5.30955e+00 |125 -0.01187 -4.04811e+00 |126  0.00623 -9.27134e-01
127 -0.02336  4.88545e-01 |128  0.02130 -2.55079e+00 |129  0.07359  1.09849e+00
130  0.01920  4.15165e+00 |131  0.08095  1.21020e+00 |132  0.00823  1.29073e+00
133  0.13252  2.38087e-01 |134 -0.00580 -1.76633e-01 |135 -0.04450  8.33739e-01
136 -0.05699 -1.59053e-02 |137 -0.02021  6.23388e-01 |138  0.09325 -2.83298e-01
139  0.03131 -2.07993e-01 |140  0.01349 -1.20719e+00 |141 -0.02702  3.68011e-01
142 -0.01685  2.05262e-01 |143 -0.00460  3.25674e-01 |144 -0.00035  1.35372e-02
145  0.28169  8.43661e+00 |146  0.19179  7.58173e+00 |

Initial statistics: 176 variables; iteration 0; function evaluation 0; phase 3
Function value 7.3353695e+03; maximum gradient component mag -1.2265e+01
Var    Value     Gradient |Var    Value     Gradient |Var    Value     Gradient
  1 -0.42343 -4.23776e+00 |  2  0.37108  5.69978e+00 |  3 -0.12611  4.84610e+00
  4 -0.01318  4.81667e+00 |  5 -0.70910  9.79518e-01 |  6 -0.60422 -1.61392e+00
  7  0.37624  5.46400e+00 |  8 -0.18520  9.09195e+00 |  9  0.03404  5.78648e+00
 10 -0.60952  8.26654e-01 | 11 -0.62338  5.85327e-01 | 12 -0.09431  8.26672e+00
 13 -0.01001  8.99596e-02 | 14 -0.01024  8.84316e-02 | 15 -0.01047  8.67705e-02
 16 -0.01070  8.49943e-02 | 17 -0.01092  8.31237e-02 | 18 -0.01114  8.11876e-02
 19 -0.01135  7.92174e-02 | 20 -0.01155  7.72480e-02 | 21 -0.01174  7.53194e-02
 22 -0.01192  7.34737e-02 | 23 -0.01208  7.17551e-02 | 24 -0.01223  7.02097e-02
 25 -0.01237  6.88815e-02 | 26 -0.01249  6.78113e-02 | 27 -0.01259  6.70374e-02
 28 -0.01267  6.66009e-02 | 29 -0.01272  6.65517e-02 | 30 -0.01275  6.69516e-02
 31 -0.01276  6.78629e-02 | 32 -0.01273  6.93395e-02 | 33 -0.01268  7.14187e-02
 34 -0.01260  7.41119e-02 | 35 -0.01248  7.73943e-02 | 36 -0.01233  8.12012e-02
 37 -0.01215  8.54236e-02 | 38 -0.01192  8.99166e-02 | 39 -0.01166  9.45029e-02
 40 -0.01136  9.89585e-02 | 41 -0.01102  1.03107e-01 | 42 -0.01065  1.06722e-01
 43 -0.01025  1.09606e-01 | 44 -0.00982  1.11632e-01 | 45 -0.00937  1.12787e-01
 46 -0.00891  1.13237e-01 | 47 -0.00844  1.13370e-01 | 48 -0.00797  1.13770e-01
 49 -0.00751  1.15182e-01 | 50 -0.00708  1.18420e-01 | 51 -0.00667  1.24269e-01
 52 -0.00629  1.33414e-01 | 53 -0.00594  1.46427e-01 | 54 -0.00562  1.63653e-01
 55 -0.00533  1.85149e-01 | 56 -0.00504  2.10715e-01 | 57 -0.00474  2.39942e-01
 58 -0.00441  2.72215e-01 | 59 -0.00403  3.06829e-01 | 60 -0.00356  3.42815e-01
 61 -0.00298  3.78801e-01 | 62 -0.00227  4.12502e-01 | 63 -0.00141  4.40405e-01
 64 -0.00038  4.57315e-01 | 65  0.00082  4.56379e-01 | 66  0.00218  4.31465e-01
 67  0.00373  3.80349e-01 | 68  0.00551  3.12756e-01 | 69  0.00764  2.57286e-01
 70  0.01031  2.57172e-01 | 71  0.01361  3.37471e-01 | 72  0.01726  4.43212e-01
 73  0.02044  4.21198e-01 | 74  0.02250  1.75399e-01 | 75  0.02415 -9.33760e-02
 76  0.02689 -5.84899e-02 | 77  0.03046  2.45607e-01 | 78  0.03340  5.51784e-01
 79  0.03493  7.26827e-01 | 80  0.03523  7.93072e-01 | 81  0.03466  7.99025e-01
 82  0.03340  7.67671e-01 | 83  0.03131  6.75129e-01 | 84  0.02777  4.15433e-01
 85  0.02265 -4.41319e-02 | 86  0.01796 -3.40452e-01 | 87  0.01576 -9.15520e-02
 88  0.01429  2.45816e-01 | 89  0.01207  2.41839e-01 | 90  0.00966 -3.48252e-02
 91  0.00758 -4.26595e-01 | 92  0.00577 -8.54240e-01 | 93  0.00428 -1.28279e+00
 94  0.00364 -1.70076e+00 | 95  0.00404 -2.09512e+00 | 96  0.00405 -2.51241e+00
 97  0.00498 -3.09573e+00 | 98  0.00685 -3.71159e+00 | 99  0.01312 -3.79974e+00
100  0.01178 -4.51467e+00 |101  0.00926 -5.11899e+00 |102  0.00824 -5.27099e+00
103 -0.00089 -5.40980e+00 |104 -0.00438 -6.31429e+00 |105  0.02827 -4.24546e+00
106  0.01918 -5.05900e+00 |107 -0.00303 -3.54261e+00 |108  0.00150 -6.09730e+00
109  0.09720 -2.24494e+00 |110  0.01023 -6.05072e+00 |111 -0.01481 -1.13901e+00
112  0.00517  6.61734e-01 |113  0.01915  2.34437e+00 |114  0.03773  4.99694e+00
115  0.00468  6.76484e+00 |116 -0.06048  6.01426e+00 |117 -0.07289  8.42445e+00
118 -0.06952  9.40605e+00 |119 -0.02869  8.05300e+00 |120  0.06408  5.34235e+00
121  0.03076  7.67931e+00 |122  0.01594  3.78413e+00 |123 -0.03401 -2.71280e+00
124 -0.07786 -5.30955e+00 |125 -0.01187 -4.04811e+00 |126  0.00623 -9.27134e-01
127 -0.02336  4.88545e-01 |128  0.02130 -2.55079e+00 |129  0.07359  1.09849e+00
130  0.01920  4.15165e+00 |131  0.08095  1.21020e+00 |132  0.00823  1.29073e+00
133  0.13252  2.38087e-01 |134 -0.00580 -1.76633e-01 |135 -0.04450  8.33739e-01
136 -0.05699 -1.59053e-02 |137 -0.02021  6.23388e-01 |138  0.09325 -2.83298e-01
139  0.03131 -2.07993e-01 |140  0.01349 -1.20719e+00 |141 -0.02702  3.68011e-01
142 -0.01685  2.05262e-01 |143 -0.00460  3.25674e-01 |144 -0.00035  1.35372e-02
145  0.28169  8.43661e+00 |146  0.19179  7.58173e+00 |147  0.04655 -4.49709e+00
148  0.29672  3.35923e+00 |149 -0.47550 -3.84270e-01 |150  0.31378  2.24098e-01
151  0.18240 -2.41640e+00 |152  0.25985  4.77466e+00 |153  0.17452 -1.95508e+00
154  0.25418  1.72566e+00 |155  0.10334 -1.86206e+00 |156  0.29675  3.30036e+00
157  0.16884 -2.06897e+00 |158  0.24621  2.97612e+00 |159 -0.35199 -7.36601e-02
160  0.24280  6.44087e-01 |161  0.20262 -1.26612e+00 |162  0.31674  3.89136e+00
163 -0.38070  3.83571e-01 |164  0.23598  2.26594e-01 |165  0.05108 -3.09984e+00
166  0.11964 -4.20231e+00 |167  0.32137  4.00034e+00 |168  0.27251  5.50432e+00
169  0.01338 -1.13364e+00 |170  0.39320 -1.13783e-01 |171  0.09929 -1.21594e+01
172  0.16363 -1.22650e+01 |173  0.21869  1.05446e+01 |174  0.25726  6.69701e+00
175 -0.55411  2.01734e+00 |176  0.17113 -5.35677e-01 |

Intermediate statistics: 176 variables; iteration 20; function evaluation 20; phase 3
Function value 7.3350808e+03; maximum gradient component mag -4.3249e+01
Var    Value     Gradient |Var    Value     Gradient |Var    Value     Gradient
  1 -0.42311  8.54959e+00 |  2  0.37156  4.21570e+01 |  3 -0.12656  2.55409e-01
  4 -0.01290  1.56617e+01 |  5 -0.70921 -1.50591e+00 |  6 -0.60468 -1.33048e+01
  7  0.37614 -1.54233e+01 |  8 -0.18586 -4.32494e+01 |  9  0.03425 -2.14012e+01
 10 -0.60994 -2.18005e+00 | 11 -0.62370 -9.51454e+00 | 12 -0.09353 -3.95180e+00
 13 -0.01009 -1.21908e-04 | 14 -0.01031 -2.19624e-04 | 15 -0.01052 -3.12162e-04
 16 -0.01073 -3.97755e-04 | 17 -0.01094 -4.75327e-04 | 18 -0.01114 -5.42501e-04
 19 -0.01134 -5.97416e-04 | 20 -0.01152 -6.38413e-04 | 21 -0.01170 -6.63566e-04
 22 -0.01186 -6.70861e-04 | 23 -0.01201 -6.58013e-04 | 24 -0.01215 -6.22079e-04
 25 -0.01227 -5.59189e-04 | 26 -0.01238 -4.64636e-04 | 27 -0.01247 -3.33849e-04
 28 -0.01253 -1.64325e-04 | 29 -0.01258  4.37951e-05 | 30 -0.01260  2.90855e-04
 31 -0.01260  5.80341e-04 | 32 -0.01257  9.19415e-04 | 33 -0.01251  1.31692e-03
 34 -0.01243  1.78241e-03 | 35 -0.01231  2.32440e-03 | 36 -0.01216  2.94842e-03
 37 -0.01198  3.65560e-03 | 38 -0.01175  4.44225e-03 | 39 -0.01149  5.30178e-03
 40 -0.01119  6.22773e-03 | 41 -0.01085  7.21331e-03 | 42 -0.01048  8.25733e-03
 43 -0.01007  9.36128e-03 | 44 -0.00963  1.05288e-02 | 45 -0.00917  1.17664e-02
 46 -0.00868  1.30882e-02 | 47 -0.00820  1.45201e-02 | 48 -0.00771  1.61026e-02
 49 -0.00724  1.78908e-02 | 50 -0.00679  1.99461e-02 | 51 -0.00637  2.23234e-02
 52 -0.00600  2.50610e-02 | 53 -0.00568  2.81837e-02 | 54 -0.00540  3.17079e-02
 55 -0.00515  3.56484e-02 | 56 -0.00493  4.00168e-02 | 57 -0.00471  4.48107e-02
 58 -0.00446  5.00055e-02 | 59 -0.00417  5.55724e-02 | 60 -0.00380  6.14634e-02
 61 -0.00332  6.76070e-02 | 62 -0.00269  7.38614e-02 | 63 -0.00189  7.99829e-02
 64 -0.00088  8.55561e-02 | 65  0.00036  8.99025e-02 | 66  0.00187  9.22369e-02
 67  0.00367  9.17384e-02 | 68  0.00577  8.83648e-02 | 69  0.00819  8.39754e-02
 70  0.01094  8.28577e-02 | 71  0.01401  8.90698e-02 | 72  0.01733  9.77518e-02
 73  0.02070  8.72242e-02 | 74  0.02385  3.64834e-02 | 75  0.02672 -2.89559e-02
 76  0.02940 -4.94386e-02 | 77  0.03174 -2.07744e-02 | 78  0.03337  9.88109e-03
 79  0.03411  1.27885e-02 | 80  0.03403 -1.02493e-02 | 81  0.03329 -4.96344e-02
 82  0.03198 -1.00055e-01 | 83  0.03002 -1.64772e-01 | 84  0.02725 -2.59233e-01
 85  0.02366 -3.80095e-01 | 86  0.01972 -4.67026e-01 | 87  0.01597 -4.83764e-01
 88  0.01256 -5.05481e-01 | 89  0.00972 -5.75595e-01 | 90  0.00769 -6.76653e-01
 91  0.00635 -7.90735e-01 | 92  0.00532 -9.09776e-01 | 93  0.00449 -1.03080e+00
 94  0.00433 -1.15823e+00 | 95  0.00495 -1.29520e+00 | 96  0.00514 -1.43501e+00
 97  0.00675 -1.60177e+00 | 98  0.00924 -1.78366e+00 | 99  0.01339 -1.93987e+00
100  0.01336 -2.09920e+00 |101  0.01201 -2.20647e+00 |102  0.01041 -2.25149e+00
103  0.00230 -2.17759e+00 |104  0.00279 -2.24578e+00 |105  0.02268 -2.40262e+00
106  0.02053 -2.37047e+00 |107 -0.00312 -1.60882e+00 |108  0.01382 -1.76376e+00
109  0.08502 -1.27517e+00 |110  0.02630 -9.48889e-01 |111 -0.01437  1.64278e-01
112  0.00402  6.40302e-01 |113  0.01888  1.40045e+00 |114  0.03851  2.87441e+00
115  0.00367  3.18429e+00 |116 -0.06140  2.68347e+00 |117 -0.07747  2.80676e+00
118 -0.07585  2.84095e+00 |119 -0.03332  3.49730e+00 |120  0.07021  5.14358e+00
121  0.02368  2.43823e+00 |122  0.01367  1.50230e+00 |123 -0.02821  4.61326e-01
124 -0.06717  4.93572e-01 |125 -0.00751 -3.81088e-01 |126  0.00303 -7.40281e-01
127 -0.02792 -2.49819e-01 |128  0.02833  3.48218e-01 |129  0.07337  8.60564e-01
130  0.01069  5.34034e-01 |131  0.08252  9.76501e-01 |132  0.00552  1.34914e-01
133  0.13240  2.34304e-01 |134 -0.00539 -7.67835e-02 |135 -0.04659  1.65731e-01
136 -0.05672 -1.86303e-02 |137 -0.02207  8.08400e-03 |138  0.09383 -1.16268e-01
139  0.03191 -8.29034e-02 |140  0.01692  1.79207e-01 |141 -0.02796  4.79341e-02
142 -0.01760 -1.28544e-01 |143 -0.00568  2.11253e-01 |144 -0.00039  1.50830e-03
145  0.27879  2.51713e+00 |146  0.18932  1.86325e+00 |147  0.04633 -2.30609e-01
148  0.29637 -3.70828e+00 |149 -0.47564 -1.15269e-01 |150  0.31379  6.01701e-02
151  0.18229 -6.53058e+00 |152  0.26028  1.25531e+01 |153  0.17431 -3.60437e+00
154  0.25447  4.84521e+00 |155  0.10327 -3.43835e+00 |156  0.29711  7.21373e+00
157  0.16873 -3.51016e+00 |158  0.24642  5.14145e+00 |159 -0.35205  4.15378e-01
160  0.24256 -7.43360e-01 |161  0.20279  3.42321e-01 |162  0.31640 -1.04856e+00
163 -0.38085  1.36849e-01 |164  0.23593  2.16692e-02 |165  0.05098 -1.00583e+00
166  0.11913 -9.08759e+00 |167  0.32111  8.23606e-01 |168  0.27329  1.27181e+01
169  0.01314 -8.16263e-01 |170  0.39314  1.25628e-01 |171  0.09884 -3.64240e+01
172  0.16304 -1.75868e+01 |173  0.21908  2.82993e+01 |174  0.25704  1.08198e+01
175 -0.55518  4.34097e-01 |176  0.17052 -2.00292e-01 |
176 variables; iteration 40; function evaluation 42; phase 3
Function value 7.3350301e+03; maximum gradient component mag 2.5872e+01
Var    Value     Gradient |Var    Value     Gradient |Var    Value     Gradient
  1 -0.42327  5.35179e+00 |  2  0.37156  2.58716e+01 |  3 -0.12617  9.90903e-01
  4 -0.01346  8.01438e+00 |  5 -0.70882 -7.96557e-01 |  6 -0.60451 -7.48377e+00
  7  0.37603 -9.38456e+00 |  8 -0.18565 -2.56438e+01 |  9  0.03445 -1.19886e+01
 10 -0.60988 -1.17944e+00 | 11 -0.62359 -5.75677e+00 | 12 -0.09064 -2.69503e+00
 13 -0.01012  9.77845e-04 | 14 -0.01034  1.96556e-03 | 15 -0.01055  2.99969e-03
 16 -0.01076  4.07595e-03 | 17 -0.01096  5.19010e-03 | 18 -0.01116  6.33480e-03
 19 -0.01135  7.50260e-03 | 20 -0.01153  8.68549e-03 | 21 -0.01170  9.87460e-03
 22 -0.01186  1.10609e-02 | 23 -0.01201  1.22353e-02 | 24 -0.01215  1.33885e-02
 25 -0.01227  1.45122e-02 | 26 -0.01237  1.55990e-02 | 27 -0.01245  1.66419e-02
 28 -0.01252  1.76320e-02 | 29 -0.01256  1.85580e-02 | 30 -0.01258  1.94067e-02
 31 -0.01258  2.01679e-02 | 32 -0.01255  2.08346e-02 | 33 -0.01249  2.14038e-02
 34 -0.01241  2.18786e-02 | 35 -0.01229  2.22686e-02 | 36 -0.01214  2.25907e-02
 37 -0.01196  2.28696e-02 | 38 -0.01174  2.31371e-02 | 39 -0.01148  2.34323e-02
 40 -0.01118  2.38024e-02 | 41 -0.01084  2.42970e-02 | 42 -0.01047  2.49695e-02
 43 -0.01006  2.58694e-02 | 44 -0.00962  2.70268e-02 | 45 -0.00915  2.84415e-02
 46 -0.00867  3.00683e-02 | 47 -0.00817  3.18129e-02 | 48 -0.00768  3.35348e-02
 49 -0.00721  3.50593e-02 | 50 -0.00676  3.61950e-02 | 51 -0.00634  3.67507e-02
 52 -0.00598  3.65522e-02 | 53 -0.00566  3.54616e-02 | 54 -0.00540  3.34055e-02
 55 -0.00517  3.03915e-02 | 56 -0.00498  2.64970e-02 | 57 -0.00478  2.18455e-02
 58 -0.00457  1.65970e-02 | 59 -0.00432  1.09514e-02 | 60 -0.00398  5.17446e-03
 61 -0.00354 -3.48019e-04 | 62 -0.00296 -5.01532e-03 | 63 -0.00219 -7.92565e-03
 64 -0.00119 -7.82570e-03 | 65  0.00006 -3.27141e-03 | 66  0.00160  6.77235e-03
 67  0.00346  2.18186e-02 | 68  0.00565  3.84259e-02 | 69  0.00814  5.01746e-02
 70  0.01090  5.15456e-02 | 71  0.01392  4.56433e-02 | 72  0.01719  4.41579e-02
 73  0.02059  4.24043e-02 | 74  0.02377  1.02329e-04 | 75  0.02651 -8.98546e-02
 76  0.02901 -1.40238e-01 | 77  0.03137 -1.01458e-01 | 78  0.03317 -3.53512e-02
 79  0.03402 -6.00526e-03 | 80  0.03395 -1.95392e-02 | 81  0.03316 -5.94733e-02
 82  0.03176 -1.14658e-01 | 83  0.02969 -1.88394e-01 | 84  0.02679 -2.95499e-01
 85  0.02320 -4.02663e-01 | 86  0.01945 -4.34067e-01 | 87  0.01567 -4.40207e-01
 88  0.01195 -5.07200e-01 | 89  0.00897 -5.88232e-01 | 90  0.00702 -6.46377e-01
 91  0.00584 -6.91487e-01 | 92  0.00497 -7.36675e-01 | 93  0.00426 -7.89982e-01
 94  0.00415 -8.60316e-01 | 95  0.00473 -9.56061e-01 | 96  0.00486 -1.06374e+00
 97  0.00656 -1.16431e+00 | 98  0.00911 -1.28667e+00 | 99  0.01293 -1.43352e+00
100  0.01299 -1.51167e+00 |101  0.01184 -1.52261e+00 |102  0.01020 -1.48900e+00
103  0.00263 -1.29157e+00 |104  0.00447 -1.06009e+00 |105  0.02213 -1.46401e+00
106  0.02123 -1.22029e+00 |107 -0.00132 -5.26065e-01 |108  0.01477 -8.13889e-01
109  0.08399 -4.46737e-01 |110  0.02831 -9.76489e-02 |111 -0.01423  4.04110e-01
112  0.00446  8.33319e-01 |113  0.01985  1.46342e+00 |114  0.03933  2.30244e+00
115  0.00362  2.06914e+00 |116 -0.06146  1.62682e+00 |117 -0.07761  1.69696e+00
118 -0.07585  1.74840e+00 |119 -0.03325  2.08907e+00 |120  0.07046  2.79507e+00
121  0.02459  1.47374e+00 |122  0.01403  6.17807e-01 |123 -0.02796  6.13155e-03
124 -0.06722  1.37628e-01 |125 -0.00626  1.74988e-01 |126  0.00549  3.94880e-01
127 -0.02764  3.34047e-02 |128  0.02959  7.31809e-01 |129  0.07363  6.88348e-01
130  0.01165  5.44358e-01 |131  0.08250  2.73753e-01 |132  0.00599  1.47533e-02
133  0.13304  1.36557e-01 |134 -0.00514 -1.08188e-01 |135 -0.04621  1.78807e-01
136 -0.05641  2.69517e-02 |137 -0.02194 -1.52034e-02 |138  0.09438 -1.64432e-02
139  0.03191 -8.41513e-02 |140  0.01687  4.60321e-02 |141 -0.02787  5.10182e-02
142 -0.01765 -1.44037e-01 |143 -0.00561  1.95884e-01 |144 -0.00040 -1.84119e-03
145  0.27439  2.11134e+00 |146  0.18366  2.13211e-01 |147  0.04605 -1.47019e+00
148  0.29633 -2.82670e+00 |149 -0.47557 -5.64889e-02 |150  0.31403  2.72889e-02
151  0.18208 -4.17350e+00 |152  0.26003  7.48413e+00 |153  0.17421 -2.53971e+00
154  0.25427  3.08776e+00 |155  0.10305 -2.11553e+00 |156  0.29690  4.24275e+00
157  0.16864 -2.33542e+00 |158  0.24630  3.33034e+00 |159 -0.35183  4.87343e-01
160  0.24265 -7.81321e-01 |161  0.20251  1.93512e-02 |162  0.31645 -6.70193e-01
163 -0.38065  2.97851e-01 |164  0.23593 -5.17773e-01 |165  0.05076 -8.33076e-01
166  0.11896 -6.25610e+00 |167  0.32105  1.69337e-01 |168  0.27268  6.78482e+00
169  0.01433  1.71296e+00 |170  0.39292 -8.37657e-01 |171  0.09902 -2.19437e+01
172  0.16326 -1.06281e+01 |173  0.21894  1.73058e+01 |174  0.25713  6.74357e+00
175 -0.54604  5.79399e-01 |176  0.17487  1.39946e-01 |

 - final statistics:
176 variables; iteration 54; function evaluation 62
Function value 7.3350e+03; maximum gradient component mag 7.9411e-01
Exit code = 1;  converg criter 1.0000e+00
Var    Value     Gradient |Var    Value     Gradient |Var    Value     Gradient
  1 -0.42334  1.66368e-01 |  2  0.37111  7.94111e-01 |  3 -0.12610  1.19229e-01
  4 -0.01323  2.06810e-01 |  5 -0.70910 -4.49507e-02 |  6 -0.60422 -1.36439e-01
  7  0.37631 -8.76227e-02 |  8 -0.18519 -3.64855e-01 |  9  0.03393 -2.94761e-01
 10 -0.60940 -3.03855e-02 | 11 -0.62338 -9.95022e-02 | 12 -0.09177 -2.42821e-01
 13 -0.01013 -3.91410e-03 | 14 -0.01035 -3.81772e-03 | 15 -0.01057 -3.70040e-03
 16 -0.01078 -3.56243e-03 | 17 -0.01099 -3.40420e-03 | 18 -0.01119 -3.22701e-03
 19 -0.01138 -3.03237e-03 | 20 -0.01157 -2.82210e-03 | 21 -0.01174 -2.59840e-03
 22 -0.01191 -2.36362e-03 | 23 -0.01206 -2.12029e-03 | 24 -0.01219 -1.87098e-03
 25 -0.01232 -1.61816e-03 | 26 -0.01242 -1.36408e-03 | 27 -0.01251 -1.11090e-03
 28 -0.01258 -8.60929e-04 | 29 -0.01262 -6.16933e-04 | 30 -0.01264 -3.82150e-04
 31 -0.01264 -1.59358e-04 | 32 -0.01261  4.92525e-05 | 33 -0.01255  2.42599e-04
 34 -0.01247  4.20913e-04 | 35 -0.01236  5.86015e-04 | 36 -0.01221  7.41202e-04
 37 -0.01202  8.90956e-04 | 38 -0.01180  1.04025e-03 | 39 -0.01154  1.19356e-03
 40 -0.01124  1.35355e-03 | 41 -0.01090  1.52130e-03 | 42 -0.01053  1.69301e-03
 43 -0.01012  1.85974e-03 | 44 -0.00968  2.00486e-03 | 45 -0.00922  2.10274e-03
 46 -0.00874  2.11918e-03 | 47 -0.00825  2.01571e-03 | 48 -0.00777  1.75572e-03
 49 -0.00730  1.31313e-03 | 50 -0.00685  6.79782e-04 | 51 -0.00644 -1.31848e-04
 52 -0.00607 -1.09232e-03 | 53 -0.00576 -2.16304e-03 | 54 -0.00549 -3.30623e-03
 55 -0.00525 -4.48735e-03 | 56 -0.00504 -5.66876e-03 | 57 -0.00483 -6.80191e-03
 58 -0.00460 -7.82046e-03 | 59 -0.00432 -8.63379e-03 | 60 -0.00396 -9.12114e-03
 61 -0.00350 -9.13684e-03 | 62 -0.00288 -8.53415e-03 | 63 -0.00209 -7.23764e-03
 64 -0.00109 -5.38482e-03 | 65  0.00015 -3.53909e-03 | 66  0.00166 -2.85218e-03
 67  0.00346 -4.80386e-03 | 68  0.00555 -9.96193e-03 | 69  0.00796 -1.59509e-02
 70  0.01070 -1.74529e-02 | 71  0.01375 -1.27747e-02 | 72  0.01702 -1.07499e-02
 73  0.02038 -1.48426e-02 | 74  0.02378 -6.17442e-03 | 75  0.02697  3.47486e-03
 76  0.02955 -2.40779e-02 | 77  0.03152 -4.59205e-02 | 78  0.03295 -2.72631e-02
 79  0.03363 -5.05235e-03 | 80  0.03350 -4.25919e-03 | 81  0.03269 -1.85563e-02
 82  0.03132 -3.54915e-02 | 83  0.02941 -4.62576e-02 | 84  0.02691 -3.72491e-02
 85  0.02379 -7.87532e-03 | 86  0.01996 -1.07347e-02 | 87  0.01591 -2.57783e-02
 88  0.01238 -3.95649e-03 | 89  0.00958  9.86183e-03 | 90  0.00761  2.35163e-03
 91  0.00632 -1.07804e-02 | 92  0.00535 -2.04338e-02 | 93  0.00459 -2.39708e-02
 94  0.00450 -2.36738e-02 | 95  0.00518 -2.05717e-02 | 96  0.00544 -1.73061e-02
 97  0.00707 -3.54165e-02 | 98  0.00961 -4.97943e-02 | 99  0.01365 -4.35015e-02
100  0.01373 -5.77520e-02 |101  0.01242 -7.73308e-02 |102  0.01079 -7.21822e-02
103  0.00277 -6.35318e-02 |104  0.00333 -1.23425e-01 |105  0.02335  1.65040e-02
106  0.02126 -9.11872e-02 |107 -0.00250  2.18782e-02 |108  0.01590 -7.84493e-03
109  0.08380 -2.65136e-02 |110  0.02829  1.26456e-02 |111 -0.01437  4.56135e-02
112  0.00447  6.92833e-02 |113  0.01948  6.05781e-02 |114  0.03887  7.65359e-02
115  0.00300  4.41596e-02 |116 -0.06223  8.11994e-02 |117 -0.07858  1.31876e-01
118 -0.07704  9.37932e-02 |119 -0.03450  2.94340e-02 |120  0.07005  1.34566e-01
121  0.02374  2.22723e-02 |122  0.01402  6.25456e-02 |123 -0.02782  6.90275e-03
124 -0.06690  7.45467e-02 |125 -0.00639  4.01772e-02 |126  0.00493  1.09992e-01
127 -0.02695  8.71589e-02 |128  0.02813 -7.50614e-02 |129  0.07366 -7.38208e-02
130  0.01016 -9.20259e-02 |131  0.08300  1.51961e-01 |132  0.00555 -9.37023e-02
133  0.13290 -8.35441e-02 |134 -0.00534 -2.74076e-02 |135 -0.04649 -1.84308e-02
136 -0.05680 -4.10388e-02 |137 -0.02185  1.32384e-02 |138  0.09440  6.77270e-02
139  0.03197  2.52871e-02 |140  0.01686  7.40105e-03 |141 -0.02817 -5.70162e-02
142 -0.01766 -1.82237e-02 |143 -0.00597 -1.82177e-02 |144 -0.00040  4.62263e-04
145  0.27537  3.21644e-02 |146  0.18657 -1.03284e-01 |147  0.04655 -6.28474e-02
148  0.29671 -2.25909e-02 |149 -0.47512  4.49138e-02 |150  0.31444  4.10117e-02
151  0.18238 -1.26318e-01 |152  0.25984  1.30699e-01 |153  0.17479  2.43602e-01
154  0.25436  2.64922e-01 |155  0.10334 -5.36128e-02 |156  0.29675  8.39887e-02
157  0.16881 -6.90862e-02 |158  0.24619  5.96472e-02 |159 -0.35204 -2.35311e-02
160  0.24277 -1.87303e-02 |161  0.20259 -6.03403e-02 |162  0.31673 -2.73938e-02
163 -0.38099 -3.11267e-02 |164  0.23587 -3.00047e-02 |165  0.05102 -7.23635e-02
166  0.11969 -9.94488e-04 |167  0.32133 -1.71630e-02 |168  0.27255  2.01995e-01
169  0.01324 -1.77824e-01 |170  0.39298 -1.07653e-01 |171  0.09929 -4.10571e-01
172  0.16364 -2.83125e-01 |173  0.21869  3.20118e-01 |174  0.25726  2.09954e-01
175 -0.55520 -7.49956e-02 |176  0.17055 -6.46697e-02 |

Initial statistics: 200 variables; iteration 0; function evaluation 0; phase 4
Function value 7.3349922e+03; maximum gradient component mag 7.9411e-01
Var    Value     Gradient |Var    Value     Gradient |Var    Value     Gradient
  1 -0.42334  1.66368e-01 |  2  0.37111  7.94111e-01 |  3 -0.12610  1.19229e-01
  4 -0.01323  2.06810e-01 |  5 -0.70910 -4.49507e-02 |  6 -0.60422 -1.36439e-01
  7  0.37631 -8.76227e-02 |  8 -0.18519 -3.64855e-01 |  9  0.03393 -2.94761e-01
 10 -0.60940 -3.03855e-02 | 11 -0.62338 -9.95022e-02 | 12 -0.09177 -2.42821e-01
 13 -0.01013 -3.91410e-03 | 14 -0.01035 -3.81772e-03 | 15 -0.01057 -3.70040e-03
 16 -0.01078 -3.56243e-03 | 17 -0.01099 -3.40420e-03 | 18 -0.01119 -3.22701e-03
 19 -0.01138 -3.03237e-03 | 20 -0.01157 -2.82210e-03 | 21 -0.01174 -2.59840e-03
 22 -0.01191 -2.36362e-03 | 23 -0.01206 -2.12029e-03 | 24 -0.01219 -1.87098e-03
 25 -0.01232 -1.61816e-03 | 26 -0.01242 -1.36408e-03 | 27 -0.01251 -1.11090e-03
 28 -0.01258 -8.60929e-04 | 29 -0.01262 -6.16933e-04 | 30 -0.01264 -3.82150e-04
 31 -0.01264 -1.59358e-04 | 32 -0.01261  4.92525e-05 | 33 -0.01255  2.42599e-04
 34 -0.01247  4.20913e-04 | 35 -0.01236  5.86015e-04 | 36 -0.01221  7.41202e-04
 37 -0.01202  8.90956e-04 | 38 -0.01180  1.04025e-03 | 39 -0.01154  1.19356e-03
 40 -0.01124  1.35355e-03 | 41 -0.01090  1.52130e-03 | 42 -0.01053  1.69301e-03
 43 -0.01012  1.85974e-03 | 44 -0.00968  2.00486e-03 | 45 -0.00922  2.10274e-03
 46 -0.00874  2.11918e-03 | 47 -0.00825  2.01571e-03 | 48 -0.00777  1.75572e-03
 49 -0.00730  1.31313e-03 | 50 -0.00685  6.79782e-04 | 51 -0.00644 -1.31848e-04
 52 -0.00607 -1.09232e-03 | 53 -0.00576 -2.16304e-03 | 54 -0.00549 -3.30623e-03
 55 -0.00525 -4.48735e-03 | 56 -0.00504 -5.66876e-03 | 57 -0.00483 -6.80191e-03
 58 -0.00460 -7.82046e-03 | 59 -0.00432 -8.63379e-03 | 60 -0.00396 -9.12114e-03
 61 -0.00350 -9.13684e-03 | 62 -0.00288 -8.53415e-03 | 63 -0.00209 -7.23764e-03
 64 -0.00109 -5.38482e-03 | 65  0.00015 -3.53909e-03 | 66  0.00166 -2.85218e-03
 67  0.00346 -4.80386e-03 | 68  0.00555 -9.96193e-03 | 69  0.00796 -1.59509e-02
 70  0.01070 -1.74529e-02 | 71  0.01375 -1.27747e-02 | 72  0.01702 -1.07499e-02
 73  0.02038 -1.48426e-02 | 74  0.02378 -6.17442e-03 | 75  0.02697  3.47486e-03
 76  0.02955 -2.40779e-02 | 77  0.03152 -4.59205e-02 | 78  0.03295 -2.72631e-02
 79  0.03363 -5.05235e-03 | 80  0.03350 -4.25919e-03 | 81  0.03269 -1.85563e-02
 82  0.03132 -3.54915e-02 | 83  0.02941 -4.62576e-02 | 84  0.02691 -3.72491e-02
 85  0.02379 -7.87532e-03 | 86  0.01996 -1.07347e-02 | 87  0.01591 -2.57783e-02
 88  0.01238 -3.95649e-03 | 89  0.00958  9.86183e-03 | 90  0.00761  2.35163e-03
 91  0.00632 -1.07804e-02 | 92  0.00535 -2.04338e-02 | 93  0.00459 -2.39708e-02
 94  0.00450 -2.36738e-02 | 95  0.00518 -2.05717e-02 | 96  0.00544 -1.73061e-02
 97  0.00707 -3.54165e-02 | 98  0.00961 -4.97943e-02 | 99  0.01365 -4.35015e-02
100  0.01373 -5.77520e-02 |101  0.01242 -7.73308e-02 |102  0.01079 -7.21822e-02
103  0.00277 -6.35318e-02 |104  0.00333 -1.23425e-01 |105  0.02335  1.65040e-02
106  0.02126 -9.11872e-02 |107 -0.00250  2.18782e-02 |108  0.01590 -7.84493e-03
109  0.08380 -2.65136e-02 |110  0.02829  1.26456e-02 |111 -0.01437  4.56135e-02
112  0.00447  6.92833e-02 |113  0.01948  6.05781e-02 |114  0.03887  7.65359e-02
115  0.00300  4.41596e-02 |116 -0.06223  8.11994e-02 |117 -0.07858  1.31876e-01
118 -0.07704  9.37932e-02 |119 -0.03450  2.94340e-02 |120  0.07005  1.34566e-01
121  0.02374  2.22723e-02 |122  0.01402  6.25456e-02 |123 -0.02782  6.90275e-03
124 -0.06690  7.45467e-02 |125 -0.00639  4.01772e-02 |126  0.00493  1.09992e-01
127 -0.02695  8.71589e-02 |128  0.02813 -7.50614e-02 |129  0.07366 -7.38208e-02
130  0.01016 -9.20259e-02 |131  0.08300  1.51961e-01 |132  0.00555 -9.37023e-02
133  0.13290 -8.35441e-02 |134 -0.00534 -2.74076e-02 |135 -0.04649 -1.84308e-02
136 -0.05680 -4.10388e-02 |137 -0.02185  1.32384e-02 |138  0.09440  6.77270e-02
139  0.03197  2.52871e-02 |140  0.01686  7.40105e-03 |141 -0.02817 -5.70162e-02
142 -0.01766 -1.82237e-02 |143 -0.00597 -1.82177e-02 |144 -0.00040  4.62263e-04
145  0.27537  3.21644e-02 |146  0.18657 -1.03284e-01 |147  0.04655 -6.28474e-02
148  0.29671 -2.25909e-02 |149  0.01641 -4.84241e-02 |150 -0.11482 -6.19764e-02
151 -0.47512  4.49138e-02 |152  0.31444  4.10117e-02 |153  0.04880  1.53690e-01
154 -0.23508 -1.06785e-02 |155  0.18238 -1.26318e-01 |156  0.25984  1.30699e-01
157  0.17479  2.43602e-01 |158  0.25436  2.64922e-01 |159  0.00590  2.88445e-01
160 -0.09831  1.13753e-01 |161  0.10334 -5.36128e-02 |162  0.29675  8.39887e-02
163  0.16881 -6.90862e-02 |164  0.24619  5.96472e-02 |165 -0.35204 -2.35311e-02
166  0.24277 -1.87303e-02 |167  0.05277 -8.82240e-02 |168 -0.18764 -2.42021e-03
169  0.20259 -6.03403e-02 |170  0.31673 -2.73938e-02 |171  0.07774 -4.50783e-01
172 -0.53233 -8.16441e-05 |173 -0.38099 -3.11267e-02 |174  0.23587 -3.00047e-02
175  0.07830 -1.42926e-01 |176 -0.12203 -1.80267e-01 |177  0.05102 -7.23635e-02
178  0.11969 -9.94488e-04 |179  0.32133 -1.71630e-02 |180  0.27255  2.01995e-01
181  0.00556 -8.16562e-02 |182  0.00910  5.51101e-02 |183 -0.15023 -5.48857e-02
184 -0.12575  4.57967e-03 |185  0.01324 -1.77824e-01 |186  0.39298 -1.07653e-01
187  0.01865 -2.07487e-01 |188 -0.15439 -5.59195e-02 |189  0.09929 -4.10571e-01
190  0.16364 -2.83125e-01 |191  0.21869  3.20118e-01 |192  0.25726  2.09954e-01
193  0.02454 -1.87824e-01 |194 -0.00644 -1.09450e-01 |195 -0.17632 -4.39490e-02
196 -0.11434 -2.07208e-01 |197 -0.55520 -7.49956e-02 |198  0.17055 -6.46697e-02
199  0.09515 -5.25275e-01 |200 -0.25356 -1.08667e-01 |

Intermediate statistics: 200 variables; iteration 20; function evaluation 21; phase 4
Function value 7.3349919e+03; maximum gradient component mag 8.2892e-01
Var    Value     Gradient |Var    Value     Gradient |Var    Value     Gradient
  1 -0.42333  2.09759e-01 |  2  0.37110  4.35190e-01 |  3 -0.12612 -4.88885e-01
  4 -0.01320 -8.58706e-02 |  5 -0.70909  1.55002e-04 |  6 -0.60421  9.54639e-02
  7  0.37627  4.91048e-01 |  8 -0.18521 -3.57834e-01 |  9  0.03401  1.29474e-01
 10 -0.60948  3.23061e-03 | 11 -0.62337  1.65129e-01 | 12 -0.09185  6.25985e-01
 13 -0.01012 -6.19795e-04 | 14 -0.01034 -6.07655e-04 | 15 -0.01056 -5.93159e-04
 16 -0.01077 -5.76367e-04 | 17 -0.01098 -5.57313e-04 | 18 -0.01118 -5.36168e-04
 19 -0.01137 -5.13102e-04 | 20 -0.01156 -4.88297e-04 | 21 -0.01173 -4.61960e-04
 22 -0.01190 -4.34307e-04 | 23 -0.01205 -4.05549e-04 | 24 -0.01219 -3.75897e-04
 25 -0.01231 -3.45537e-04 | 26 -0.01242 -3.14632e-04 | 27 -0.01251 -2.83312e-04
 28 -0.01257 -2.51688e-04 | 29 -0.01262 -2.19872e-04 | 30 -0.01264 -1.88021e-04
 31 -0.01264 -1.56256e-04 | 32 -0.01261 -1.24667e-04 | 33 -0.01256 -9.32204e-05
 34 -0.01247 -6.17306e-05 | 35 -0.01236 -2.98031e-05 | 36 -0.01221  3.17530e-06
 37 -0.01203  3.80215e-05 | 38 -0.01181  7.56960e-05 | 39 -0.01155  1.17151e-04
 40 -0.01125  1.63084e-04 | 41 -0.01091  2.14271e-04 | 42 -0.01054  2.70734e-04
 43 -0.01013  3.31971e-04 | 44 -0.00969  3.96617e-04 | 45 -0.00923  4.62180e-04
 46 -0.00875  5.24996e-04 | 47 -0.00826  5.80667e-04 | 48 -0.00777  6.24719e-04
 49 -0.00730  6.53794e-04 | 50 -0.00686  6.66795e-04 | 51 -0.00644  6.65415e-04
 52 -0.00608  6.53693e-04 | 53 -0.00575  6.37006e-04 | 54 -0.00548  6.20465e-04
 55 -0.00524  6.08554e-04 | 56 -0.00503  6.06299e-04 | 57 -0.00482  6.20325e-04
 58 -0.00458  6.59336e-04 | 59 -0.00430  7.35560e-04 | 60 -0.00394  8.65379e-04
 61 -0.00348  1.06980e-03 | 62 -0.00287  1.37163e-03 | 63 -0.00208  1.78771e-03
 64 -0.00109  2.30963e-03 | 65  0.00015  2.86858e-03 | 66  0.00165  3.30386e-03
 67  0.00345  3.37193e-03 | 68  0.00556  2.92603e-03 | 69  0.00799  2.28758e-03
 70  0.01074  2.38906e-03 | 71  0.01377  3.70119e-03 | 72  0.01702  4.61703e-03
 73  0.02040  4.25631e-03 | 74  0.02376  6.84373e-03 | 75  0.02692  9.93033e-03
 76  0.02960  3.31645e-03 | 77  0.03165 -2.39308e-03 | 78  0.03301  2.99042e-03
 79  0.03361  9.49166e-03 | 80  0.03347  9.77565e-03 | 81  0.03271  5.65929e-03
 82  0.03141  8.63291e-04 | 83  0.02954 -2.07117e-03 | 84  0.02700  2.57465e-04
 85  0.02378  7.23248e-03 | 86  0.01995  6.12191e-03 | 87  0.01596  2.71061e-03
 88  0.01235  6.95193e-03 | 89  0.00950  9.50507e-03 | 90  0.00755  8.59124e-03
 91  0.00630  7.31105e-03 | 92  0.00536  7.17404e-03 | 93  0.00460  8.50702e-03
 94  0.00449  1.08066e-02 | 95  0.00515  1.37545e-02 | 96  0.00539  1.67232e-02
 97  0.00708  1.63093e-02 | 98  0.00965  1.66971e-02 | 99  0.01365  2.18215e-02
100  0.01377  2.27742e-02 |101  0.01252  2.20326e-02 |102  0.01086  2.46742e-02
103  0.00282  2.43010e-02 |104  0.00360  1.33650e-02 |105  0.02310  4.24303e-02
106  0.02145  1.37851e-02 |107 -0.00265  2.06630e-02 |108  0.01584  2.46915e-02
109  0.08386  3.13644e-02 |110  0.02827  1.59469e-02 |111 -0.01444  1.11646e-02
112  0.00439  9.41368e-03 |113  0.01947  4.73287e-03 |114  0.03883  5.69491e-03
115  0.00303 -3.28359e-03 |116 -0.06231 -5.22159e-04 |117 -0.07876 -2.71428e-03
118 -0.07714 -1.22939e-04 |119 -0.03442 -1.14340e-04 |120  0.06993 -1.72698e-02
121  0.02379 -1.80070e-02 |122  0.01394 -9.17405e-03 |123 -0.02779 -4.20634e-03
124 -0.06701  6.86955e-03 |125 -0.00636  5.95178e-03 |126  0.00474  1.20252e-04
127 -0.02717  1.86124e-03 |128  0.02829 -7.13135e-03 |129  0.07363  2.56527e-03
130  0.01043 -1.19225e-02 |131  0.08266 -1.73100e-03 |132  0.00581 -3.03090e-03
133  0.13293 -1.21511e-02 |134 -0.00527  5.02318e-03 |135 -0.04643  7.20271e-03
136 -0.05668  3.18233e-03 |137 -0.02189  3.23300e-03 |138  0.09425  3.02837e-03
139  0.03192  3.30455e-03 |140  0.01686  5.17772e-03 |141 -0.02799 -4.04293e-04
142 -0.01760 -2.59843e-03 |143 -0.00589  2.59049e-04 |144 -0.00040  2.06830e-04
145  0.27550  1.25758e-01 |146  0.18650  3.09727e-01 |147  0.04656  1.37448e-01
148  0.29670 -3.27551e-01 |149  0.01640 -1.34112e-02 |150 -0.11483 -1.49766e-01
151 -0.47511  1.05919e-02 |152  0.31422  2.12496e-02 |153  0.04869  1.91236e-02
154 -0.23503  4.46349e-03 |155  0.18240 -8.87478e-02 |156  0.25985  1.15464e-01
157  0.17453 -3.48905e-02 |158  0.25418  6.62657e-02 |159  0.00592  8.31846e-03
160 -0.09833 -1.01040e-01 |161  0.10336  1.73584e-02 |162  0.29674 -6.27526e-02
163  0.16884  9.34008e-03 |164  0.24621 -3.15673e-02 |165 -0.35200 -3.78531e-03
166  0.24280  7.59377e-03 |167  0.05277  1.96217e-02 |168 -0.18764  3.42545e-01
169  0.20255 -7.04739e-02 |170  0.31675  5.57890e-02 |171  0.07774 -4.50301e-01
172 -0.53233 -8.22174e-05 |173 -0.38093 -4.08932e-02 |174  0.23591  9.84608e-02
175  0.07835  2.79957e-02 |176 -0.12204 -2.83151e-01 |177  0.05105  1.80312e-02
178  0.11963 -1.21622e-01 |179  0.32136 -3.09277e-02 |180  0.27252  1.52962e-01
181  0.00558  1.15010e-02 |182  0.00909 -5.17558e-02 |183 -0.15022  2.36596e-02
184 -0.12575 -8.27400e-02 |185  0.01337 -4.11672e-03 |186  0.39317 -1.69360e-02
187  0.01866 -9.98376e-04 |188 -0.15438  4.72990e-04 |189  0.09929 -1.89023e-01
190  0.16365  3.31495e-01 |191  0.21868 -2.21137e-01 |192  0.25726 -1.66147e-01
193  0.02452 -6.87822e-01 |194 -0.00643  1.97682e-01 |195 -0.17633 -3.39023e-01
196 -0.11433  8.36427e-02 |197 -0.55498  3.11128e-02 |198  0.17075 -1.62988e-02
199  0.09525  8.28915e-01 |200 -0.25361  2.56774e-01 |
200 variables; iteration 40; function evaluation 43; phase 4
Function value 7.3349919e+03; maximum gradient component mag 7.5423e-01
Var    Value     Gradient |Var    Value     Gradient |Var    Value     Gradient
  1 -0.42333  2.34802e-01 |  2  0.37110  4.40373e-01 |  3 -0.12613 -5.19296e-01
  4 -0.01319 -6.99310e-02 |  5 -0.70911 -4.83622e-03 |  6 -0.60421  1.84382e-01
  7  0.37627  4.59292e-01 |  8 -0.18522 -3.50259e-01 |  9  0.03401  1.49752e-01
 10 -0.60948  1.54953e-03 | 11 -0.62338  1.23468e-01 | 12 -0.09201  6.31473e-01
 13 -0.01012 -6.24552e-04 | 14 -0.01034 -6.02452e-04 | 15 -0.01055 -5.76451e-04
 16 -0.01077 -5.46589e-04 | 17 -0.01097 -5.12929e-04 | 18 -0.01118 -4.75668e-04
 19 -0.01137 -4.35044e-04 | 20 -0.01156 -3.91348e-04 | 21 -0.01173 -3.44930e-04
 22 -0.01190 -2.96170e-04 | 23 -0.01205 -2.45472e-04 | 24 -0.01219 -1.93247e-04
 25 -0.01231 -1.39878e-04 | 26 -0.01242 -8.57031e-05 | 27 -0.01250 -3.10161e-05
 28 -0.01257  2.38924e-05 | 29 -0.01262  7.86753e-05 | 30 -0.01264  1.32890e-04
 31 -0.01264  1.86139e-04 | 32 -0.01261  2.38118e-04 | 33 -0.01255  2.88724e-04
 34 -0.01247  3.38111e-04 | 35 -0.01236  3.86748e-04 | 36 -0.01221  4.35413e-04
 37 -0.01202  4.85138e-04 | 38 -0.01180  5.37085e-04 | 39 -0.01154  5.92346e-04
 40 -0.01124  6.51719e-04 | 41 -0.01091  7.15716e-04 | 42 -0.01053  7.84042e-04
 43 -0.01012  8.55546e-04 | 44 -0.00969  9.27806e-04 | 45 -0.00922  9.96881e-04
 46 -0.00874  1.05735e-03 | 47 -0.00826  1.10305e-03 | 48 -0.00777  1.12809e-03
 49 -0.00730  1.12843e-03 | 50 -0.00685  1.10313e-03 | 51 -0.00644  1.05485e-03
 52 -0.00607  9.89177e-04 | 53 -0.00575  9.13310e-04 | 54 -0.00548  8.34314e-04
 55 -0.00524  7.58762e-04 | 56 -0.00503  6.94036e-04 | 57 -0.00481  6.49600e-04
 58 -0.00458  6.37848e-04 | 59 -0.00430  6.75679e-04 | 60 -0.00394  7.85116e-04
 61 -0.00348  9.92817e-04 | 62 -0.00287  1.32525e-03 | 63 -0.00208  1.79663e-03
 64 -0.00109  2.38390e-03 | 65  0.00015  2.98784e-03 | 66  0.00166  3.40996e-03
 67  0.00346  3.39373e-03 | 68  0.00557  2.84922e-03 | 69  0.00799  2.19985e-03
 70  0.01074  2.34054e-03 | 71  0.01377  3.48994e-03 | 72  0.01703  4.16906e-03
 73  0.02040  3.91195e-03 | 74  0.02376  5.40779e-03 | 75  0.02691  6.79344e-03
 76  0.02961  3.78219e-03 | 77  0.03168  1.84992e-03 | 78  0.03302  4.05276e-03
 79  0.03359  6.38016e-03 | 80  0.03346  6.67670e-03 | 81  0.03272  5.54257e-03
 82  0.03144  4.01704e-03 | 83  0.02957  2.92623e-03 | 84  0.02703  4.00419e-03
 85  0.02379  7.97487e-03 | 86  0.01997  7.96095e-03 | 87  0.01598  6.03716e-03
 88  0.01237  9.98410e-03 | 89  0.00953  1.30225e-02 | 90  0.00758  1.27761e-02
 91  0.00633  1.18425e-02 | 92  0.00539  1.17792e-02 | 93  0.00463  1.30347e-02
 94  0.00453  1.52384e-02 | 95  0.00518  1.80657e-02 | 96  0.00542  2.06869e-02
 97  0.00709  1.99049e-02 | 98  0.00967  2.00565e-02 | 99  0.01366  2.39714e-02
100  0.01377  2.37001e-02 |101  0.01252  2.18044e-02 |102  0.01084  2.24715e-02
103  0.00281  2.14688e-02 |104  0.00362  1.06408e-02 |105  0.02308  3.50489e-02
106  0.02143  9.51266e-03 |107 -0.00260  2.01962e-02 |108  0.01582  1.62737e-02
109  0.08381  2.23401e-02 |110  0.02827  1.04468e-02 |111 -0.01445  1.42183e-02
112  0.00438  1.66470e-02 |113  0.01946  1.26202e-02 |114  0.03880  8.63901e-03
115  0.00300 -4.49071e-03 |116 -0.06233  1.86621e-03 |117 -0.07877  5.38229e-03
118 -0.07715  3.52500e-03 |119 -0.03445 -4.55549e-03 |120  0.06990 -1.51226e-02
121  0.02375 -2.47548e-02 |122  0.01391 -1.64862e-02 |123 -0.02783 -1.48820e-02
124 -0.06703  4.51232e-03 |125 -0.00640 -4.56636e-03 |126  0.00473 -2.45579e-03
127 -0.02718 -3.05511e-04 |128  0.02825 -2.02558e-02 |129  0.07358 -1.80835e-02
130  0.01041 -1.65979e-02 |131  0.08267  1.25876e-02 |132  0.00579 -5.28075e-03
133  0.13293  2.93049e-03 |134 -0.00528  2.15002e-03 |135 -0.04644  3.47842e-03
136 -0.05670 -1.72586e-03 |137 -0.02189  3.62804e-03 |138  0.09425  9.64820e-03
139  0.03192  4.85328e-03 |140  0.01686  5.71353e-03 |141 -0.02800 -4.56262e-03
142 -0.01759 -2.55329e-03 |143 -0.00589 -1.95785e-04 |144 -0.00040  1.52316e-04
145  0.27573  1.51222e-01 |146  0.18670  3.05936e-01 |147  0.04657  1.18650e-01
148  0.29670 -2.99070e-01 |149  0.01640 -1.80865e-02 |150 -0.11482 -1.16188e-01
151 -0.47539  4.65118e-04 |152  0.31388  5.74297e-03 |153  0.04876 -1.91408e-03
154 -0.23506 -1.55298e-03 |155  0.18244 -4.77776e-02 |156  0.25986  8.72996e-02
157  0.17455 -3.15927e-02 |158  0.25418  4.40283e-02 |159  0.00589 -1.54740e-02
160 -0.09832 -1.00440e-01 |161  0.10337 -3.51389e-02 |162  0.29675  5.82232e-02
163  0.16884 -2.23575e-02 |164  0.24621  8.51309e-03 |165 -0.35198  9.75281e-03
166  0.24281  6.12290e-03 |167  0.05276  6.12961e-02 |168 -0.18763  3.94466e-01
169  0.20249 -8.03072e-02 |170  0.31674  8.21188e-02 |171  0.07775 -4.14986e-01
172 -0.53232 -7.58398e-05 |173 -0.38070 -3.06021e-02 |174  0.23598  5.92800e-02
175  0.07828 -2.60217e-02 |176 -0.12204 -2.40918e-01 |177  0.05108  1.19682e-02
178  0.11965 -3.17637e-02 |179  0.32137 -2.18521e-02 |180  0.27253  1.39871e-01
181  0.00556  4.64460e-03 |182  0.00910  4.14285e-02 |183 -0.15021  7.21842e-03
184 -0.12573  2.28863e-02 |185  0.01338  1.50798e-02 |186  0.39317 -1.78311e-02
187  0.01867  2.29698e-02 |188 -0.15438  4.43071e-03 |189  0.09929 -1.81400e-01
190  0.16365  2.96623e-01 |191  0.21868 -2.12427e-01 |192  0.25726 -1.67932e-01
193  0.02452 -6.54565e-01 |194 -0.00643  1.85670e-01 |195 -0.17632 -3.66951e-01
196 -0.11432  1.06537e-01 |197 -0.55416  6.13307e-02 |198  0.17110 -4.06671e-03
199  0.09515  7.54227e-01 |200 -0.25351  2.44934e-01 |
200 variables; iteration 60; function evaluation 63; phase 4
Function value 7.3349919e+03; maximum gradient component mag 1.8613e-01
Var    Value     Gradient |Var    Value     Gradient |Var    Value     Gradient
  1 -0.42334  6.18206e-02 |  2  0.37109  1.07160e-01 |  3 -0.12612 -1.37962e-01
  4 -0.01319 -4.58929e-03 |  5 -0.70911 -1.32235e-03 |  6 -0.60421  4.56876e-02
  7  0.37626  1.22442e-01 |  8 -0.18521 -8.54859e-02 |  9  0.03401  2.71912e-02
 10 -0.60951 -6.32088e-03 | 11 -0.62338  3.24416e-02 | 12 -0.09205  1.67039e-01
 13 -0.01012 -3.41403e-04 | 14 -0.01034 -3.04356e-04 | 15 -0.01055 -2.60074e-04
 16 -0.01077 -2.08446e-04 | 17 -0.01097 -1.49414e-04 | 18 -0.01118 -8.32139e-05
 19 -0.01137 -1.01871e-05 | 20 -0.01156  6.91950e-05 | 21 -0.01173  1.54300e-04
 22 -0.01189  2.44391e-04 | 23 -0.01205  3.38632e-04 | 24 -0.01218  4.36103e-04
 25 -0.01231  5.35855e-04 | 26 -0.01241  6.36928e-04 | 27 -0.01250  7.38324e-04
 28 -0.01257  8.38970e-04 | 29 -0.01261  9.37693e-04 | 30 -0.01263  1.03326e-03
 31 -0.01263  1.12464e-03 | 32 -0.01260  1.21097e-03 | 33 -0.01255  1.29166e-03
 34 -0.01247  1.36651e-03 | 35 -0.01235  1.43570e-03 | 36 -0.01220  1.49980e-03
 37 -0.01202  1.55970e-03 | 38 -0.01180  1.61648e-03 | 39 -0.01154  1.67108e-03
 40 -0.01124  1.72391e-03 | 41 -0.01090  1.77522e-03 | 42 -0.01053  1.82365e-03
 43 -0.01012  1.86653e-03 | 44 -0.00968  1.89929e-03 | 45 -0.00922  1.91559e-03
 46 -0.00874  1.90790e-03 | 47 -0.00825  1.86907e-03 | 48 -0.00777  1.79382e-03
 49 -0.00730  1.68038e-03 | 50 -0.00685  1.53121e-03 | 51 -0.00644  1.35256e-03
 52 -0.00607  1.15312e-03 | 53 -0.00575  9.42705e-04 | 54 -0.00548  7.30629e-04
 55 -0.00524  5.25598e-04 | 56 -0.00503  3.37018e-04 | 57 -0.00481  1.76452e-04
 58 -0.00458  5.89631e-05 | 59 -0.00430  3.84824e-06 | 60 -0.00394  3.32542e-05
 61 -0.00347  1.67642e-04 | 62 -0.00286  4.15642e-04 | 63 -0.00208  7.56214e-04
 64 -0.00108  1.11643e-03 | 65  0.00015  1.36008e-03 | 66  0.00166  1.32752e-03
 67  0.00346  9.49929e-04 | 68  0.00557  3.88346e-04 | 69  0.00800 -5.06471e-05
 70  0.01074 -3.29109e-04 | 71  0.01377 -7.49689e-04 | 72  0.01702 -1.23555e-03
 73  0.02040 -1.60456e-03 | 74  0.02375 -1.66823e-03 | 75  0.02690 -9.17490e-04
 76  0.02960 -2.82256e-03 | 77  0.03167 -5.53895e-03 | 78  0.03302 -3.37140e-03
 79  0.03360 -1.66953e-04 | 80  0.03346  4.54478e-06 | 81  0.03272 -1.94943e-03
 82  0.03144 -3.87060e-03 | 83  0.02957 -4.42747e-03 | 84  0.02704 -2.95730e-03
 85  0.02378 -1.41343e-03 | 86  0.01996 -1.45530e-03 | 87  0.01599 -9.38390e-04
 88  0.01236 -5.68078e-04 | 89  0.00951  4.98121e-04 | 90  0.00757  1.46332e-03
 91  0.00633  1.86709e-03 | 92  0.00540  2.04595e-03 | 93  0.00464  2.34654e-03
 94  0.00453  2.96891e-03 | 95  0.00518  3.78823e-03 | 96  0.00541  4.11185e-03
 97  0.00709  3.65069e-03 | 98  0.00967  3.68910e-03 | 99  0.01365  3.93038e-03
100  0.01377  3.88591e-03 |101  0.01252  3.96065e-03 |102  0.01084  4.59889e-03
103  0.00281  5.97899e-03 |104  0.00365  4.95925e-03 |105  0.02303  1.02239e-02
106  0.02148  1.21934e-02 |107 -0.00261  1.77685e-02 |108  0.01583  1.49081e-02
109  0.08383  1.45982e-02 |110  0.02823 -2.45265e-03 |111 -0.01446  4.43644e-03
112  0.00436  8.97189e-04 |113  0.01946  3.74963e-03 |114  0.03880  5.20624e-03
115  0.00300 -5.33838e-03 |116 -0.06236 -1.49657e-02 |117 -0.07880 -1.09591e-02
118 -0.07717 -2.99329e-03 |119 -0.03444  2.64100e-03 |120  0.06989 -3.18359e-03
121  0.02375 -9.05924e-03 |122  0.01391 -1.21606e-02 |123 -0.02784 -1.18871e-02
124 -0.06705 -5.25787e-03 |125 -0.00640 -2.43359e-04 |126  0.00473  1.08366e-02
127 -0.02719  5.55492e-03 |128  0.02828 -6.59778e-03 |129  0.07354 -9.18750e-03
130  0.01048  5.92579e-03 |131  0.08263  5.77906e-03 |132  0.00581  6.74718e-03
133  0.13295  1.82164e-02 |134 -0.00528 -1.39120e-03 |135 -0.04644  1.16882e-03
136 -0.05670 -3.64076e-03 |137 -0.02189  3.87678e-03 |138  0.09423 -2.88338e-03
139  0.03190 -3.85285e-03 |140  0.01684 -4.03242e-03 |141 -0.02801 -9.84870e-03
142 -0.01759 -2.17271e-03 |143 -0.00587  1.89695e-03 |144 -0.00040  1.67296e-04
145  0.27579  5.05081e-02 |146  0.18674  8.44031e-02 |147  0.04656  2.18390e-02
148  0.29671 -8.06821e-02 |149  0.01640 -6.74054e-03 |150 -0.11481 -2.67592e-02
151 -0.47578 -6.24731e-03 |152  0.31359 -4.97365e-04 |153  0.04891  2.26148e-02
154 -0.23509 -2.63988e-04 |155  0.18244 -9.32126e-03 |156  0.25986  2.32823e-02
157  0.17452 -1.68670e-02 |158  0.25417  6.12930e-03 |159  0.00591 -3.46360e-03
160 -0.09831 -2.47717e-02 |161  0.10337 -1.18530e-02 |162  0.29675  1.37745e-02
163  0.16884 -9.46873e-03 |164  0.24621  3.75301e-04 |165 -0.35197  4.84335e-03
166  0.24281 -4.49178e-03 |167  0.05276  1.02541e-02 |168 -0.18765  9.27906e-02
169  0.20245 -2.70372e-02 |170  0.31673  1.88963e-02 |171  0.07777 -1.04518e-01
172 -0.53229 -4.71121e-05 |173 -0.38066 -1.11875e-02 |174  0.23599  2.32412e-02
175  0.07828 -9.57560e-03 |176 -0.12202 -5.85990e-02 |177  0.05107  2.29353e-03
178  0.11965 -7.49980e-03 |179  0.32137  2.83069e-05 |180  0.27252  3.64498e-02
181  0.00557  5.69285e-03 |182  0.00909  4.15206e-03 |183 -0.15020 -2.90421e-03
184 -0.12574  9.03270e-03 |185  0.01339  3.50770e-03 |186  0.39318 -1.11945e-02
187  0.01865  1.49687e-03 |188 -0.15438  3.09605e-03 |189  0.09929 -4.62997e-02
190  0.16364  6.81806e-02 |191  0.21869 -5.31859e-02 |192  0.25726 -4.54513e-02
193  0.02453 -1.67158e-01 |194 -0.00644  5.54779e-02 |195 -0.17631 -9.26929e-02
196 -0.11433  2.59072e-02 |197 -0.55432  7.12094e-03 |198  0.17104 -2.92217e-03
199  0.09515  1.86133e-01 |200 -0.25354  6.29479e-02 |
200 variables; iteration 80; function evaluation 86; phase 4
Function value 7.3349919e+03; maximum gradient component mag -5.0610e-03
Var    Value     Gradient |Var    Value     Gradient |Var    Value     Gradient
  1 -0.42334  5.63412e-04 |  2  0.37109  9.10586e-04 |  3 -0.12611 -1.49645e-03
  4 -0.01319  4.24192e-04 |  5 -0.70910  4.60823e-03 |  6 -0.60421 -5.91496e-05
  7  0.37625  1.57268e-04 |  8 -0.18521 -1.19956e-03 |  9  0.03402  2.21531e-03
 10 -0.60950 -7.44366e-04 | 11 -0.62338  2.14109e-04 | 12 -0.09201  2.12847e-03
 13 -0.01012 -6.88305e-04 | 14 -0.01034 -6.83496e-04 | 15 -0.01055 -6.76401e-04
 16 -0.01077 -6.67168e-04 | 17 -0.01097 -6.55965e-04 | 18 -0.01118 -6.43063e-04
 19 -0.01137 -6.28749e-04 | 20 -0.01156 -6.13326e-04 | 21 -0.01173 -5.97114e-04
 22 -0.01190 -5.80423e-04 | 23 -0.01205 -5.63540e-04 | 24 -0.01219 -5.46724e-04
 25 -0.01231 -5.30182e-04 | 26 -0.01242 -5.14067e-04 | 27 -0.01250 -4.98475e-04
 28 -0.01257 -4.83472e-04 | 29 -0.01262 -4.69106e-04 | 30 -0.01264 -4.55421e-04
 31 -0.01264 -4.42400e-04 | 32 -0.01261 -4.29975e-04 | 33 -0.01255 -4.17995e-04
 34 -0.01247 -4.06203e-04 | 35 -0.01236 -3.94216e-04 | 36 -0.01221 -3.81525e-04
 37 -0.01202 -3.67504e-04 | 38 -0.01180 -3.51472e-04 | 39 -0.01154 -3.32769e-04
 40 -0.01125 -3.10870e-04 | 41 -0.01091 -2.85562e-04 | 42 -0.01053 -2.57142e-04
 43 -0.01013 -2.26642e-04 | 44 -0.00969 -1.96123e-04 | 45 -0.00923 -1.68724e-04
 46 -0.00875 -1.48456e-04 | 47 -0.00826 -1.39473e-04 | 48 -0.00777 -1.45119e-04
 49 -0.00730 -1.66884e-04 | 50 -0.00685 -2.03767e-04 | 51 -0.00644 -2.52310e-04
 52 -0.00607 -3.07275e-04 | 53 -0.00575 -3.62590e-04 | 54 -0.00548 -4.12416e-04
 55 -0.00524 -4.51513e-04 | 56 -0.00503 -4.74728e-04 | 57 -0.00481 -4.76053e-04
 58 -0.00458 -4.47599e-04 | 59 -0.00430 -3.78981e-04 | 60 -0.00394 -2.57694e-04
 61 -0.00347 -7.15198e-05 | 62 -0.00286  1.85309e-04 | 63 -0.00208  5.00251e-04
 64 -0.00108  8.27204e-04 | 65  0.00015  1.08001e-03 | 66  0.00166  1.16581e-03
 67  0.00346  1.06801e-03 | 68  0.00557  9.11569e-04 | 69  0.00800  8.29799e-04
 70  0.01074  7.41109e-04 | 71  0.01377  5.87463e-04 | 72  0.01702  5.46878e-04
 73  0.02040  5.30091e-04 | 74  0.02375  6.57791e-04 | 75  0.02690  4.70342e-04
 76  0.02961  5.56580e-04 | 77  0.03170  1.22297e-03 | 78  0.03303  4.95018e-04
 79  0.03358 -5.62933e-04 | 80  0.03344 -7.02799e-04 | 81  0.03272 -1.85450e-04
 82  0.03145  3.26411e-04 | 83  0.02959  3.59455e-04 | 84  0.02704 -6.22868e-05
 85  0.02378  9.40579e-05 | 86  0.01996  1.58912e-04 | 87  0.01599  1.22696e-04
 88  0.01236  1.64797e-04 | 89  0.00951  2.48470e-04 | 90  0.00757  5.89150e-04
 91  0.00633  7.78109e-04 | 92  0.00539  7.88224e-04 | 93  0.00463  7.60217e-04
 94  0.00453  8.59287e-04 | 95  0.00517  1.05110e-03 | 96  0.00541  1.03313e-03
 97  0.00709  8.61697e-04 | 98  0.00968  8.36256e-04 | 99  0.01365  5.81801e-04
100  0.01377  4.28466e-04 |101  0.01252  3.67546e-04 |102  0.01085  3.73798e-04
103  0.00281  8.03808e-04 |104  0.00366  5.69166e-04 |105  0.02302 -1.02269e-03
106  0.02148 -1.14890e-03 |107 -0.00263 -1.90763e-03 |108  0.01583  8.86449e-04
109  0.08382  1.29293e-05 |110  0.02827  1.38338e-03 |111 -0.01446  2.03585e-03
112  0.00438  2.18972e-03 |113  0.01946 -6.13415e-04 |114  0.03880 -1.63812e-03
115  0.00301 -1.23501e-04 |116 -0.06233 -1.00805e-04 |117 -0.07879 -3.44521e-03
118 -0.07716 -1.89056e-03 |119 -0.03444  2.27858e-03 |120  0.06990  5.82621e-04
121  0.02375 -4.44871e-03 |122  0.01392 -5.48492e-04 |123 -0.02782  3.56906e-05
124 -0.06704 -2.77439e-03 |125 -0.00640 -1.87363e-04 |126  0.00472  3.31664e-03
127 -0.02720  1.14140e-03 |128  0.02830  1.81292e-05 |129  0.07356  3.78713e-04
130  0.01047 -4.51072e-04 |131  0.08263 -9.45039e-04 |132  0.00579 -2.34730e-03
133  0.13293  1.71130e-03 |134 -0.00527 -6.91219e-05 |135 -0.04644 -6.44250e-04
136 -0.05668 -7.98487e-04 |137 -0.02191 -2.81061e-03 |138  0.09424  1.63130e-03
139  0.03192  1.04394e-03 |140  0.01686 -7.31161e-04 |141 -0.02796  3.32004e-03
142 -0.01759 -3.05920e-03 |143 -0.00587  2.91828e-04 |144 -0.00040  5.74048e-05
145  0.27570 -2.85370e-03 |146  0.18666  3.72762e-03 |147  0.04656 -7.57365e-04
148  0.29671 -1.21375e-03 |149  0.01640  2.10075e-05 |150 -0.11481 -3.44194e-04
151 -0.47548  1.83104e-04 |152  0.31378  1.40111e-04 |153  0.04880  8.54928e-04
154 -0.23507 -5.51499e-04 |155  0.18243 -4.00181e-04 |156  0.25985  1.96057e-04
157  0.17453 -1.06565e-03 |158  0.25417 -2.85648e-05 |159  0.00590  2.42237e-03
160 -0.09831 -9.57690e-04 |161  0.10337 -1.46927e-03 |162  0.29675 -2.30136e-04
163  0.16884 -2.52304e-03 |164  0.24621 -1.24880e-03 |165 -0.35199 -1.80361e-03
166  0.24280 -1.09500e-04 |167  0.05277  8.00362e-04 |168 -0.18764  1.63387e-03
169  0.20251 -7.62321e-04 |170  0.31673  3.42746e-04 |171  0.07777 -1.09372e-03
172 -0.53224 -3.74018e-05 |173 -0.38066 -3.99146e-04 |174  0.23599  1.55558e-04
175  0.07829  5.00469e-04 |176 -0.12202 -8.54847e-04 |177  0.05107  2.67632e-04
178  0.11964 -5.06095e-03 |179  0.32138  3.94650e-04 |180  0.27251 -1.89463e-03
181  0.00556  7.85516e-04 |182  0.00910  4.66238e-03 |183 -0.15021 -1.37676e-03
184 -0.12574 -6.75246e-04 |185  0.01339  1.83340e-04 |186  0.39319 -2.02644e-03
187  0.01864 -1.33976e-03 |188 -0.15438 -1.68969e-04 |189  0.09929 -7.61506e-04
190  0.16364  3.01481e-05 |191  0.21869 -6.12519e-04 |192  0.25726 -6.47847e-04
193  0.02454 -1.71977e-03 |194 -0.00644  9.21985e-04 |195 -0.17631 -1.06175e-03
196 -0.11433 -4.70719e-05 |197 -0.55413 -4.80184e-04 |198  0.17112  1.79286e-03
199  0.09514  4.66104e-04 |200 -0.25352  2.07424e-03 |

 - final statistics:
200 variables; iteration 95; function evaluation 108
Function value 7.3350e+03; maximum gradient component mag 7.4098e-04
Exit code = 1;  converg criter 1.0000e-03
Var    Value     Gradient |Var    Value     Gradient |Var    Value     Gradient
  1 -0.42334  1.35309e-05 |  2  0.37109  7.13907e-06 |  3 -0.12611  4.10756e-06
  4 -0.01319 -2.45972e-06 |  5 -0.70911  2.32324e-04 |  6 -0.60421 -2.42851e-05
  7  0.37625 -1.51267e-05 |  8 -0.18521  1.38892e-06 |  9  0.03402  3.86524e-05
 10 -0.60950 -1.13761e-04 | 11 -0.62338  7.43278e-06 | 12 -0.09201  6.00528e-05
 13 -0.01012 -6.11740e-05 | 14 -0.01034 -6.07135e-05 | 15 -0.01055 -6.03425e-05
 16 -0.01077 -6.00558e-05 | 17 -0.01097 -5.98407e-05 | 18 -0.01117 -5.96800e-05
 19 -0.01137 -5.95507e-05 | 20 -0.01155 -5.94267e-05 | 21 -0.01173 -5.92790e-05
 22 -0.01190 -5.90786e-05 | 23 -0.01205 -5.87966e-05 | 24 -0.01219 -5.84067e-05
 25 -0.01231 -5.78841e-05 | 26 -0.01241 -5.72085e-05 | 27 -0.01250 -5.63620e-05
 28 -0.01257 -5.53299e-05 | 29 -0.01262 -5.40999e-05 | 30 -0.01264 -5.26589e-05
 31 -0.01264 -5.09929e-05 | 32 -0.01261 -4.90845e-05 | 33 -0.01255 -4.69118e-05
 34 -0.01247 -4.44472e-05 | 35 -0.01236 -4.16565e-05 | 36 -0.01221 -3.84972e-05
 37 -0.01202 -3.49166e-05 | 38 -0.01180 -3.08489e-05 | 39 -0.01154 -2.62106e-05
 40 -0.01124 -2.08964e-05 | 41 -0.01091 -1.47749e-05 | 42 -0.01053 -7.69202e-06
 43 -0.01013  5.16076e-07 | 44 -0.00969  9.98551e-06 | 45 -0.00923  2.07608e-05
 46 -0.00875  3.27022e-05 | 47 -0.00826  4.53989e-05 | 48 -0.00777  5.81289e-05
 49 -0.00730  6.99206e-05 | 50 -0.00685  7.97247e-05 | 51 -0.00644  8.66427e-05
 52 -0.00607  9.01296e-05 | 53 -0.00575  9.00977e-05 | 54 -0.00548  8.68168e-05
 55 -0.00524  8.07157e-05 | 56 -0.00502  7.22555e-05 | 57 -0.00481  6.19317e-05
 58 -0.00458  5.04228e-05 | 59 -0.00430  3.90156e-05 | 60 -0.00394  3.01245e-05
 61 -0.00347  2.80544e-05 | 62 -0.00286  3.94652e-05 | 63 -0.00208  7.23621e-05
 64 -0.00109  1.30759e-04 | 65  0.00015  2.02919e-04 | 66  0.00165  2.51401e-04
 67  0.00345  2.32523e-04 | 68  0.00556  1.64030e-04 | 69  0.00800  1.29340e-04
 70  0.01074  1.01283e-04 | 71  0.01377  7.35182e-06 | 72  0.01702 -4.55303e-06
 73  0.02040  2.21797e-05 | 74  0.02375 -4.97854e-05 | 75  0.02689 -4.67003e-04
 76  0.02961 -5.92043e-05 | 77  0.03169 -2.69973e-04 | 78  0.03303 -3.66437e-04
 79  0.03359  2.36907e-04 | 80  0.03345  2.32013e-04 | 81  0.03272 -2.01010e-04
 82  0.03144 -2.82188e-04 | 83  0.02959  6.97490e-05 | 84  0.02704 -2.66282e-05
 85  0.02378 -4.00068e-04 | 86  0.01996 -1.50548e-04 | 87  0.01599 -7.91447e-05
 88  0.01236 -1.04424e-04 | 89  0.00951 -8.07372e-05 | 90  0.00757  5.55068e-05
 91  0.00633  3.33055e-05 | 92  0.00539 -7.63489e-05 | 93  0.00463 -1.48765e-04
 94  0.00452 -1.01805e-04 | 95  0.00517  3.78390e-05 | 96  0.00541  9.20784e-05
 97  0.00709  2.40864e-05 | 98  0.00967  1.06044e-04 | 99  0.01365  5.61140e-05
100  0.01377  5.20274e-05 |101  0.01252  6.10292e-05 |102  0.01085 -1.33865e-05
103  0.00281  4.51219e-05 |104  0.00366 -1.26662e-05 |105  0.02302 -2.60959e-04
106  0.02148  8.13800e-06 |107 -0.00262 -1.37994e-04 |108  0.01582 -5.02674e-05
109  0.08383 -2.96418e-04 |110  0.02827  2.11430e-04 |111 -0.01446  3.12363e-04
112  0.00437  1.98201e-04 |113  0.01947 -2.42316e-04 |114  0.03880 -1.17338e-04
115  0.00301  1.88889e-04 |116 -0.06233 -2.29916e-04 |117 -0.07878 -2.15148e-04
118 -0.07716 -1.56852e-04 |119 -0.03444  4.60450e-04 |120  0.06990 -1.96573e-04
121  0.02376 -1.62527e-04 |122  0.01392  1.70700e-04 |123 -0.02782  1.65161e-04
124 -0.06703 -9.76822e-05 |125 -0.00639 -5.18468e-04 |126  0.00471  3.12399e-04
127 -0.02720 -2.06170e-04 |128  0.02830 -3.88093e-04 |129  0.07356  1.65582e-04
130  0.01047  5.00090e-05 |131  0.08263  4.15089e-05 |132  0.00580  2.66249e-05
133  0.13293 -5.18707e-05 |134 -0.00527  6.79987e-06 |135 -0.04644 -2.43754e-04
136 -0.05668 -1.31978e-05 |137 -0.02190 -4.26853e-04 |138  0.09424  3.22580e-04
139  0.03192 -4.75579e-04 |140  0.01686 -7.07714e-05 |141 -0.02797  7.40980e-04
142 -0.01758 -4.10715e-04 |143 -0.00587  1.97156e-06 |144 -0.00040  1.49014e-05
145  0.27571 -2.52387e-04 |146  0.18665  2.97547e-04 |147  0.04656 -2.56456e-05
148  0.29671 -5.22180e-06 |149  0.01640  1.36531e-05 |150 -0.11481 -1.46624e-05
151 -0.47548  1.18413e-04 |152  0.31377 -2.05929e-04 |153  0.04879 -4.11779e-05
154 -0.23506 -3.58829e-05 |155  0.18244 -1.69772e-04 |156  0.25985 -7.63196e-05
157  0.17453  1.02174e-04 |158  0.25418  6.84874e-05 |159  0.00590 -7.08448e-05
160 -0.09831 -1.41288e-05 |161  0.10337  1.43746e-04 |162  0.29675  6.77666e-05
163  0.16885 -1.13103e-04 |164  0.24621 -6.06237e-05 |165 -0.35198 -4.45622e-04
166  0.24281 -1.23739e-04 |167  0.05277  1.19027e-04 |168 -0.18765  4.74982e-05
169  0.20251 -2.50441e-05 |170  0.31673 -8.02828e-06 |171  0.07776 -2.25803e-06
172 -0.53218 -3.25783e-05 |173 -0.38065 -1.07524e-04 |174  0.23599 -3.37443e-05
175  0.07828  3.80110e-05 |176 -0.12202 -9.80032e-06 |177  0.05107 -3.39887e-04
178  0.11965 -3.65729e-05 |179  0.32137 -1.08920e-04 |180  0.27251 -1.49697e-05
181  0.00556  2.96819e-04 |182  0.00909  3.03762e-05 |183 -0.15020 -2.39678e-05
184 -0.12574 -1.42665e-05 |185  0.01339 -7.72638e-05 |186  0.39319 -1.07880e-05
187  0.01865  6.47044e-05 |188 -0.15438 -3.75499e-05 |189  0.09929 -9.39281e-06
190  0.16364 -1.67650e-05 |191  0.21869 -5.13241e-08 |192  0.25726  4.88182e-06
193  0.02453 -2.28936e-06 |194 -0.00644  1.15879e-05 |195 -0.17631 -8.50329e-06
196 -0.11433 -1.94443e-05 |197 -0.55414 -1.21033e-05 |198  0.17112  6.35734e-05
199  0.09514 -1.66779e-04 |200 -0.25352  1.74958e-04 |

 - final statistics:
213 variables; iteration 0; function evaluation 0
Function value 7.3350e+03; maximum gradient component mag 7.4098e-04
Exit code = 0;  converg criter 1.0000e-03
Var    Value     Gradient |Var    Value     Gradient |Var    Value     Gradient
  1 -0.42334  1.35309e-05 |  2  0.37109  7.13908e-06 |  3 -0.12611  4.10758e-06
  4 -0.01319 -2.45971e-06 |  5 -0.70911  2.32324e-04 |  6 -0.60421 -2.42851e-05
  7  0.37625 -1.51267e-05 |  8 -0.18521  1.38892e-06 |  9  0.03402  3.86524e-05
 10 -0.60950 -1.13761e-04 | 11 -0.62338  7.43278e-06 | 12 -0.09201  6.00528e-05
 13 -0.01012 -6.11740e-05 | 14 -0.01034 -6.07135e-05 | 15 -0.01055 -6.03425e-05
 16 -0.01077 -6.00558e-05 | 17 -0.01097 -5.98407e-05 | 18 -0.01117 -5.96800e-05
 19 -0.01137 -5.95507e-05 | 20 -0.01155 -5.94267e-05 | 21 -0.01173 -5.92790e-05
 22 -0.01190 -5.90786e-05 | 23 -0.01205 -5.87966e-05 | 24 -0.01219 -5.84067e-05
 25 -0.01231 -5.78841e-05 | 26 -0.01241 -5.72085e-05 | 27 -0.01250 -5.63620e-05
 28 -0.01257 -5.53299e-05 | 29 -0.01262 -5.40999e-05 | 30 -0.01264 -5.26589e-05
 31 -0.01264 -5.09929e-05 | 32 -0.01261 -4.90845e-05 | 33 -0.01255 -4.69118e-05
 34 -0.01247 -4.44472e-05 | 35 -0.01236 -4.16565e-05 | 36 -0.01221 -3.84972e-05
 37 -0.01202 -3.49166e-05 | 38 -0.01180 -3.08489e-05 | 39 -0.01154 -2.62106e-05
 40 -0.01124 -2.08964e-05 | 41 -0.01091 -1.47749e-05 | 42 -0.01053 -7.69202e-06
 43 -0.01013  5.16076e-07 | 44 -0.00969  9.98551e-06 | 45 -0.00923  2.07608e-05
 46 -0.00875  3.27022e-05 | 47 -0.00826  4.53989e-05 | 48 -0.00777  5.81289e-05
 49 -0.00730  6.99206e-05 | 50 -0.00685  7.97247e-05 | 51 -0.00644  8.66427e-05
 52 -0.00607  9.01296e-05 | 53 -0.00575  9.00977e-05 | 54 -0.00548  8.68168e-05
 55 -0.00524  8.07157e-05 | 56 -0.00502  7.22555e-05 | 57 -0.00481  6.19317e-05
 58 -0.00458  5.04228e-05 | 59 -0.00430  3.90156e-05 | 60 -0.00394  3.01245e-05
 61 -0.00347  2.80544e-05 | 62 -0.00286  3.94652e-05 | 63 -0.00208  7.23621e-05
 64 -0.00109  1.30759e-04 | 65  0.00015  2.02919e-04 | 66  0.00165  2.51401e-04
 67  0.00345  2.32523e-04 | 68  0.00556  1.64030e-04 | 69  0.00800  1.29340e-04
 70  0.01074  1.01283e-04 | 71  0.01377  7.35182e-06 | 72  0.01702 -4.55303e-06
 73  0.02040  2.21797e-05 | 74  0.02375 -4.97854e-05 | 75  0.02689 -4.67003e-04
 76  0.02961 -5.92043e-05 | 77  0.03169 -2.69973e-04 | 78  0.03303 -3.66437e-04
 79  0.03359  2.36907e-04 | 80  0.03345  2.32013e-04 | 81  0.03272 -2.01010e-04
 82  0.03144 -2.82188e-04 | 83  0.02959  6.97490e-05 | 84  0.02704 -2.66282e-05
 85  0.02378 -4.00068e-04 | 86  0.01996 -1.50548e-04 | 87  0.01599 -7.91447e-05
 88  0.01236 -1.04424e-04 | 89  0.00951 -8.07372e-05 | 90  0.00757  5.55068e-05
 91  0.00633  3.33055e-05 | 92  0.00539 -7.63489e-05 | 93  0.00463 -1.48765e-04
 94  0.00452 -1.01805e-04 | 95  0.00517  3.78390e-05 | 96  0.00541  9.20784e-05
 97  0.00709  2.40864e-05 | 98  0.00967  1.06044e-04 | 99  0.01365  5.61140e-05
100  0.01377  5.20274e-05 |101  0.01252  6.10292e-05 |102  0.01085 -1.33865e-05
103  0.00281  4.51219e-05 |104  0.00366 -1.26662e-05 |105  0.02302 -2.60959e-04
106  0.02148  8.13800e-06 |107 -0.00262 -1.37994e-04 |108  0.01582 -5.02674e-05
109  0.08383 -2.96418e-04 |110  0.02827  2.11430e-04 |111 -0.01446  3.12363e-04
112  0.00437  1.98201e-04 |113  0.01947 -2.42316e-04 |114  0.03880 -1.17338e-04
115  0.00301  1.88889e-04 |116 -0.06233 -2.29916e-04 |117 -0.07878 -2.15148e-04
118 -0.07716 -1.56852e-04 |119 -0.03444  4.60450e-04 |120  0.06990 -1.96573e-04
121  0.02376 -1.62527e-04 |122  0.01392  1.70700e-04 |123 -0.02782  1.65161e-04
124 -0.06703 -9.76822e-05 |125 -0.00639 -5.18468e-04 |126  0.00471  3.12399e-04
127 -0.02720 -2.06170e-04 |128  0.02830 -3.88093e-04 |129  0.07356  1.65582e-04
130  0.01047  5.00090e-05 |131  0.08263  4.15089e-05 |132  0.00580  2.66249e-05
133  0.13293 -5.18707e-05 |134 -0.00527  6.79987e-06 |135 -0.04644 -2.43754e-04
136 -0.05668 -1.31978e-05 |137 -0.02190 -4.26853e-04 |138  0.09424  3.22580e-04
139  0.03192 -4.75579e-04 |140  0.01686 -7.07714e-05 |141 -0.02797  7.40980e-04
142 -0.01758 -4.10715e-04 |143 -0.00587  1.97156e-06 |144 -0.00040  1.49014e-05
145  0.00000  0.00000e+00 |146  0.00000  0.00000e+00 |147  0.00000  0.00000e+00
148  0.00000  0.00000e+00 |149  0.00000  0.00000e+00 |150  0.00000  0.00000e+00
151  0.00000  0.00000e+00 |152  0.00000  0.00000e+00 |153  0.00000  0.00000e+00
154  0.00000  0.00000e+00 |155  0.00000  0.00000e+00 |156  0.00000  0.00000e+00
157  0.00000  0.00000e+00 |158  0.27571 -2.52387e-04 |159  0.18665  2.97547e-04
160  0.04656 -2.56456e-05 |161  0.29671 -5.22180e-06 |162  0.01640  1.36531e-05
163 -0.11481 -1.46624e-05 |164 -0.47548  1.18413e-04 |165  0.31377 -2.05929e-04
166  0.04879 -4.11779e-05 |167 -0.23506 -3.58829e-05 |168  0.18244 -1.69772e-04
169  0.25985 -7.63196e-05 |170  0.17453  1.02174e-04 |171  0.25418  6.84874e-05
172  0.00590 -7.08448e-05 |173 -0.09831 -1.41288e-05 |174  0.10337  1.43746e-04
175  0.29675  6.77666e-05 |176  0.16885 -1.13103e-04 |177  0.24621 -6.06237e-05
178 -0.35198 -4.45622e-04 |179  0.24281 -1.23739e-04 |180  0.05277  1.19027e-04
181 -0.18765  4.74982e-05 |182  0.20251 -2.50441e-05 |183  0.31673 -8.02828e-06
184  0.07776 -2.25803e-06 |185 -0.53218 -3.25783e-05 |186 -0.38065 -1.07524e-04
187  0.23599 -3.37443e-05 |188  0.07828  3.80110e-05 |189 -0.12202 -9.80032e-06
190  0.05107 -3.39887e-04 |191  0.11965 -3.65729e-05 |192  0.32137 -1.08920e-04
193  0.27251 -1.49697e-05 |194  0.00556  2.96819e-04 |195  0.00909  3.03762e-05
196 -0.15020 -2.39678e-05 |197 -0.12574 -1.42665e-05 |198  0.01339 -7.72638e-05
199  0.39319 -1.07880e-05 |200  0.01865  6.47044e-05 |201 -0.15438 -3.75499e-05
202  0.09929 -9.39281e-06 |203  0.16364 -1.67650e-05 |204  0.21869 -5.13238e-08
205  0.25726  4.88182e-06 |206  0.02453 -2.28936e-06 |207 -0.00644  1.15879e-05
208 -0.17631 -8.50328e-06 |209 -0.11433 -1.94443e-05 |210 -0.55414 -1.21033e-05
211  0.17112  6.35734e-05 |212  0.09514 -1.66779e-04 |213 -0.25352  1.74958e-04
size of file gradfil1.tmp = 0
size of file gradfil2.tmp = 0
size of file varssave.tmp = 0
size of file cmpdiff.tmp = 1000000040
