
 - final statistics:
3 variables; iteration 0; function evaluation 0
Function value 6.6138e+03; maximum gradient component mag -1.6359e-04
Exit code = 0;  converg criter 1.0000e+01
Var    Value     Gradient |Var    Value     Gradient |Var    Value     Gradient
  1  0.82552 -1.63593e-04 |  2 -0.64808 -1.25124e-04 |  3 -0.99393  6.18941e-07

Initial statistics: 15 variables; iteration 0; function evaluation 0; phase 2
Function value 6.6137796e+03; maximum gradient component mag 3.6545e+02
Var    Value     Gradient |Var    Value     Gradient |Var    Value     Gradient
  1 -0.38767 -1.66707e+02 |  2  0.35802  7.43331e+00 |  3 -0.14696 -2.75801e+01
  4  0.02639 -4.32245e+00 |  5 -0.68375 -1.06206e+01 |  6 -0.61919  3.65454e+02
  7 -0.41866  1.91201e+02 |  8  0.35663  1.14656e+01 |  9 -0.20076 -5.01225e+01
 10  0.08187  2.83934e+00 | 11 -0.61141 -5.57336e+00 | 12 -0.63626  3.36249e+02
 13  0.82552 -1.63593e-04 | 14 -0.64808 -1.25124e-04 | 15 -0.99393  6.18941e-07

 - final statistics:
15 variables; iteration 20; function evaluation 29
Function value 6.5932e+03; maximum gradient component mag -8.6059e+00
Exit code = 1;  converg criter 1.0000e+01
Var    Value     Gradient |Var    Value     Gradient |Var    Value     Gradient
  1 -0.31783 -2.47942e+00 |  2  0.32909 -6.24747e+00 |  3 -0.20946 -8.60590e+00
  4  0.12331 -7.46033e+00 |  5 -0.57929 -3.82575e-01 |  6 -0.66230 -2.72508e+00
  7 -0.45070 -2.94900e+00 |  8  0.35950 -1.43844e+00 |  9 -0.18689 -6.29719e+00
 10  0.06631 -4.17643e+00 | 11 -0.54476 -7.16854e-01 | 12 -0.65363 -1.46523e+00
 13  0.79659  9.92115e-01 | 14 -0.61966 -1.88111e-01 | 15 -0.86400  6.44101e-01

Initial statistics: 174 variables; iteration 0; function evaluation 0; phase 3
Function value 6.5931510e+03; maximum gradient component mag 5.4011e+01
Var    Value     Gradient |Var    Value     Gradient |Var    Value     Gradient
  1 -0.31783 -2.47942e+00 |  2  0.32909 -6.24747e+00 |  3 -0.20946 -8.60590e+00
  4  0.12331 -7.46033e+00 |  5 -0.57929 -3.82575e-01 |  6 -0.66230 -2.72508e+00
  7 -0.45070 -2.94900e+00 |  8  0.35950 -1.43844e+00 |  9 -0.18689 -6.29719e+00
 10  0.06631 -4.17643e+00 | 11 -0.54476 -7.16854e-01 | 12 -0.65363 -1.46523e+00
 13  0.79659  9.92115e-01 | 14 -0.00261 -3.94929e-01 | 15 -0.00262 -4.12654e-01
 16 -0.00263 -4.30926e-01 | 17 -0.00262 -4.49727e-01 | 18 -0.00261 -4.69076e-01
 19 -0.00258 -4.88980e-01 | 20 -0.00255 -5.09451e-01 | 21 -0.00250 -5.30500e-01
 22 -0.00244 -5.52128e-01 | 23 -0.00237 -5.74343e-01 | 24 -0.00229 -5.97150e-01
 25 -0.00219 -6.20561e-01 | 26 -0.00208 -6.44550e-01 | 27 -0.00196 -6.69112e-01
 28 -0.00182 -6.94238e-01 | 29 -0.00167 -7.19874e-01 | 30 -0.00151 -7.45988e-01
 31 -0.00133 -7.72513e-01 | 32 -0.00114 -7.99368e-01 | 33 -0.00093 -8.26449e-01
 34 -0.00072 -8.53621e-01 | 35 -0.00049 -8.80715e-01 | 36 -0.00026 -9.07526e-01
 37 -0.00002 -9.33798e-01 | 38  0.00020 -9.59242e-01 | 39  0.00041 -9.83488e-01
 40  0.00060 -1.00616e+00 | 41  0.00075 -1.02682e+00 | 42  0.00086 -1.04499e+00
 43  0.00091 -1.06022e+00 | 44  0.00090 -1.07204e+00 | 45  0.00083 -1.08007e+00
 46  0.00069 -1.08392e+00 | 47  0.00050 -1.08334e+00 | 48  0.00026 -1.07818e+00
 49 -0.00001 -1.06838e+00 | 50 -0.00030 -1.05393e+00 | 51 -0.00056 -1.03500e+00
 52 -0.00079 -1.01181e+00 | 53 -0.00094 -9.84575e-01 | 54 -0.00099 -9.53590e-01
 55 -0.00091 -9.19197e-01 | 56 -0.00066 -8.81626e-01 | 57 -0.00022 -8.41140e-01
 58  0.00045 -7.97873e-01 | 59  0.00137 -7.51893e-01 | 60  0.00256 -7.03101e-01
 61  0.00404 -6.51166e-01 | 62  0.00580 -5.95520e-01 | 63  0.00783 -5.35216e-01
 64  0.01011 -4.68826e-01 | 65  0.01256 -3.94386e-01 | 66  0.01508 -3.09542e-01
 67  0.01752 -2.11625e-01 | 68  0.01970 -9.80955e-02 | 69  0.02143  3.27451e-02
 70  0.02254  1.81301e-01 | 71  0.02293  3.46417e-01 | 72  0.02261  5.25422e-01
 73  0.02168  7.14810e-01 | 74  0.02023  9.10161e-01 | 75  0.01831  1.10619e+00
 76  0.01590  1.29637e+00 | 77  0.01291  1.47375e+00 | 78  0.00931  1.63330e+00
 79  0.00522  1.77486e+00 | 80  0.00097  1.89953e+00 | 81 -0.00296  2.01980e+00
 82 -0.00620  2.13614e+00 | 83 -0.00860  2.23061e+00 | 84 -0.01033  2.26704e+00
 85 -0.01173  2.21276e+00 | 86 -0.01293  2.09378e+00 | 87 -0.01352  2.05416e+00
 88 -0.01312  2.18336e+00 | 89 -0.01209  2.35937e+00 | 90 -0.00933  2.95159e+00
 91 -0.00485  4.06290e+00 | 92  0.00133  5.55826e+00 | 93  0.00519  5.84156e+00
 94  0.00820  5.53078e+00 | 95  0.01087  5.30673e+00 | 96  0.00611  4.17771e+00
 97  0.00747  5.12263e+00 | 98  0.02557  1.19793e+01 | 99  0.01874  1.41329e+01
100  0.00021  1.26904e+01 |101  0.01997  2.35372e+01 |102  0.08630  5.40105e+01
103  0.03406  2.81264e+01 |104 -0.00555  8.38322e+00 |105  0.00548  6.40269e+00
106  0.01794  7.44350e+00 |107  0.03196  7.30609e+00 |108 -0.00073 -1.20136e+00
109 -0.06704 -1.20393e+01 |110 -0.08406 -1.35790e+01 |111 -0.08247 -1.01662e+01
112 -0.04737 -1.11090e+00 |113  0.06416 -2.82483e+01 |114  0.01510 -3.04180e+01
115  0.00908 -2.66160e+01 |116 -0.04026 -9.98754e+00 |117 -0.08121 -6.93347e+00
118 -0.03137 -4.99717e+00 |119 -0.02415 -5.97652e+00 |120 -0.04966 -6.28624e+00
121  0.00275 -4.51377e+00 |122  0.03969 -1.04018e+01 |123 -0.00317 -3.33449e+00
124  0.04570 -1.30833e+01 |125 -0.01655 -5.91348e+00 |126  0.10265 -8.71522e+00
127 -0.01123 -2.02422e+00 |128 -0.05016 -3.76197e+00 |129 -0.06006 -7.57693e-01
130 -0.02641 -1.23123e+00 |131  0.08554  5.54552e+00 |132  0.02400  6.07042e+00
133  0.01266  3.78598e+00 |134 -0.03397  2.69823e+00 |135 -0.01914 -2.16473e-01
136 -0.00406 -5.04701e-01 |137 -0.00000 -3.83887e-06 |138 -0.61966 -1.88111e-01
139 -0.86400  6.44101e-01 |140  0.03121 -7.80022e-04 |141 -0.58651 -4.13685e-03
142  0.03495  6.02229e-04 |143 -0.10991 -1.26218e-03 |144  0.20000  1.16979e-03
145  0.16748  3.80147e-04 |146 -0.58136 -4.06808e-03 |147 -0.00720  2.25771e-04
148  0.12386  4.77815e-04 |149 -0.04033 -1.06459e-04 |150  0.09532  3.87067e-04
151  0.04853  3.20536e-04 |152  0.14563  3.67034e-04 |153 -0.03738  7.28420e-05
154 -0.58548  9.06124e-01 |155 -0.50980 -3.35329e-04 |156 -0.20972  3.91604e-02
157 -0.21217  1.16434e+01 |158  0.19395 -1.44549e-01 |159  0.08261  2.05567e-01
160 -0.39563  2.10567e-01 |161 -0.20088  6.96329e-01 |162 -0.03778 -1.33336e-02
163  0.08906  3.53752e-03 |164 -0.52696 -3.41875e-03 |165  0.07864 -1.55860e-03
166  0.06407  2.42873e-03 |167 -0.17462  1.86519e-03 |168 -0.15651 -1.11969e-03
169  0.22776  1.04151e-03 |170  0.01200  1.78640e-04 |171 -0.36298 -4.18644e-01
172 -0.44269 -6.57066e-03 |173 -0.04126 -8.53767e-02 |174 -0.30026 -6.62865e-01

Intermediate statistics: 174 variables; iteration 20; function evaluation 24; phase 3
Function value 6.5901356e+03; maximum gradient component mag 5.8569e+01
Var    Value     Gradient |Var    Value     Gradient |Var    Value     Gradient
  1 -0.31552 -2.51596e+01 |  2  0.32620 -5.26410e+01 |  3 -0.21390  4.42987e+00
  4  0.12943 -1.19926e+01 |  5 -0.57048  6.92419e+00 |  6 -0.66337 -3.84316e-01
  7 -0.44308 -1.52171e+01 |  8  0.36468  5.85687e+01 |  9 -0.19009  1.75056e+01
 10  0.06203  3.57477e+01 | 11 -0.53606  1.01959e+01 | 12 -0.65243  5.13114e+01
 13  0.98739 -3.03353e-01 | 14 -0.00178  2.38761e-01 | 15 -0.00175  2.46971e-01
 16 -0.00171  2.55713e-01 | 17 -0.00166  2.65023e-01 | 18 -0.00160  2.74918e-01
 19 -0.00152  2.85417e-01 | 20 -0.00143  2.96536e-01 | 21 -0.00133  3.08289e-01
 22 -0.00121  3.20692e-01 | 23 -0.00108  3.33755e-01 | 24 -0.00093  3.47488e-01
 25 -0.00077  3.61889e-01 | 26 -0.00059  3.76975e-01 | 27 -0.00040  3.92739e-01
 28 -0.00019  4.09165e-01 | 29  0.00004  4.26248e-01 | 30  0.00028  4.43952e-01
 31  0.00054  4.62233e-01 | 32  0.00082  4.81026e-01 | 33  0.00111  5.00237e-01
 34  0.00141  5.19745e-01 | 35  0.00172  5.39392e-01 | 36  0.00204  5.58979e-01
 37  0.00235  5.78265e-01 | 38  0.00265  5.96956e-01 | 39  0.00293  6.14725e-01
 40  0.00318  6.31165e-01 | 41  0.00339  6.45831e-01 | 42  0.00353  6.58203e-01
 43  0.00361  6.67680e-01 | 44  0.00361  6.73569e-01 | 45  0.00352  6.75060e-01
 46  0.00335  6.71239e-01 | 47  0.00309  6.61051e-01 | 48  0.00275  6.43308e-01
 49  0.00236  6.16719e-01 | 50  0.00191  5.79953e-01 | 51  0.00145  5.31619e-01
 52  0.00099  4.70367e-01 | 53  0.00056  3.94984e-01 | 54  0.00020  3.04411e-01
 55 -0.00007  1.97772e-01 | 56 -0.00021  7.45119e-02 | 57 -0.00020 -6.56914e-02
 58  0.00001 -2.22833e-01 | 59  0.00044 -3.96625e-01 | 60  0.00110 -5.86447e-01
 61  0.00203 -7.91280e-01 | 62  0.00321 -1.00966e+00 | 63  0.00465 -1.23950e+00
 64  0.00631 -1.47788e+00 | 65  0.00813 -1.72092e+00 | 66  0.01001 -1.96371e+00
 67  0.01181 -2.20029e+00 | 68  0.01336 -2.42387e+00 | 69  0.01447 -2.62718e+00
 70  0.01499 -2.80296e+00 | 71  0.01484 -2.94462e+00 | 72  0.01405 -3.04698e+00
 73  0.01273 -3.10621e+00 | 74  0.01100 -3.11926e+00 | 75  0.00896 -3.08277e+00
 76  0.00658 -2.99255e+00 | 77  0.00381 -2.84406e+00 | 78  0.00064 -2.63394e+00
 79 -0.00280 -2.36234e+00 | 80 -0.00620 -2.03065e+00 | 81 -0.00916 -1.66230e+00
 82 -0.01133 -1.28482e+00 | 83 -0.01255 -9.34787e-01 | 84 -0.01292 -6.54062e-01
 85 -0.01276 -4.82147e-01 | 86 -0.01246 -4.32816e-01 | 87 -0.01218 -4.57941e-01
 88 -0.01216 -4.91958e-01 | 89 -0.01285 -5.06474e-01 | 90 -0.01380 -2.73198e-01
 91 -0.01466  2.48491e-01 | 92 -0.01270  8.40748e-01 | 93 -0.00822  1.14495e+00
 94 -0.00118  1.33730e+00 | 95  0.00494  1.93431e+00 | 96  0.00548  1.80142e+00
 97  0.01114  2.81028e+00 | 98  0.02457  6.98997e+00 | 99  0.01898  8.20400e+00
100  0.00853  8.37417e+00 |101  0.01741  1.34922e+01 |102  0.05634  2.80469e+01
103  0.02334  1.69391e+01 |104  0.00824  8.75018e+00 |105  0.01698  6.83508e+00
106  0.01742  4.40290e+00 |107  0.02066  1.55674e+00 |108 -0.00405 -1.74442e+00
109 -0.05000 -3.56176e+00 |110 -0.06780 -3.80923e+00 |111 -0.07678 -5.14342e+00
112 -0.06363 -5.25637e+00 |113  0.06548 -2.00879e+01 |114  0.03939 -1.80723e+01
115  0.01749 -1.79967e+01 |116 -0.04977 -1.15891e+01 |117 -0.07679 -4.65734e+00
118 -0.02599 -2.07958e+00 |119 -0.01466 -2.10865e+00 |120 -0.03302  1.67904e-01
121  0.01413  1.67781e+00 |122  0.05848 -3.75775e+00 |123  0.00667  2.72629e+00
124  0.07869 -1.18539e+00 |125  0.00422  1.40137e+00 |126  0.12537 -2.38650e+00
127 -0.00372 -5.28950e-01 |128 -0.04045 -1.14053e+00 |129 -0.05975 -5.57267e-01
130 -0.02105  6.32352e-01 |131  0.07582  1.72222e+00 |132  0.00919  7.18448e-01
133  0.00369  1.58006e+00 |134 -0.03549  2.86603e+00 |135 -0.01878  2.42966e-01
136 -0.00321 -2.39036e-01 |137 -0.00000  9.74189e-07 |138 -0.76760  2.56938e-01
139 -0.78284 -4.63324e+00 |140  0.03128 -4.36000e-04 |141 -0.58580 -4.12721e-03
142  0.03491  3.97620e-04 |143 -0.10977 -9.37104e-04 |144  0.19983  1.07026e-03
145  0.16737  5.62054e-04 |146 -0.58066 -4.05880e-03 |147 -0.00722  1.20054e-04
148  0.12377  5.26690e-04 |149 -0.04031 -1.41739e-04 |150  0.09524  4.27657e-04
151  0.04849  2.76380e-04 |152  0.14555  4.47695e-04 |153 -0.03738  9.33880e-06
154 -0.49546 -3.04169e+00 |155 -0.50895 -1.22242e-02 |156 -0.21222 -2.27999e-01
157 -0.25811 -1.52294e+01 |158  0.20504 -8.45617e-02 |159  0.05059  1.78893e-01
160 -0.42357  8.47448e-02 |161 -0.26773  4.32654e-02 |162 -0.03522 -9.09674e-03
163  0.08888  1.55893e-03 |164 -0.52637 -3.41292e-03 |165  0.07858 -2.36920e-04
166  0.06395  6.51045e-04 |167 -0.17454 -4.85264e-04 |168 -0.15636 -8.69629e-04
169  0.22757  1.08669e-03 |170  0.01197  1.34479e-04 |171 -0.33391  2.76542e-01
172 -0.44198 -4.94387e-04 |173 -0.03213 -5.01516e-02 |174 -0.22704  1.82316e+00
174 variables; iteration 40; function evaluation 50; phase 3
Function value 6.5885319e+03; maximum gradient component mag 1.4430e+01
Var    Value     Gradient |Var    Value     Gradient |Var    Value     Gradient
  1 -0.30307 -7.01201e+00 |  2  0.32731 -1.06859e+01 |  3 -0.22186 -4.90931e-01
  4  0.13554 -7.07906e-02 |  5 -0.57386  2.68794e+00 |  6 -0.66400  3.54595e+00
  7 -0.43610 -3.04006e+00 |  8  0.36426  1.44303e+01 |  9 -0.19432  8.08425e+00
 10  0.06403  7.23010e+00 | 11 -0.53635  5.45929e+00 | 12 -0.65410  1.23744e+01
 13  0.97204  6.41894e-01 | 14 -0.00139 -1.19274e-01 | 15 -0.00135 -1.18659e-01
 16 -0.00129 -1.17808e-01 | 17 -0.00123 -1.16723e-01 | 18 -0.00115 -1.15427e-01
 19 -0.00106 -1.13941e-01 | 20 -0.00097 -1.12289e-01 | 21 -0.00086 -1.10494e-01
 22 -0.00074 -1.08578e-01 | 23 -0.00060 -1.06564e-01 | 24 -0.00046 -1.04479e-01
 25 -0.00030 -1.02359e-01 | 26 -0.00013 -1.00230e-01 | 27  0.00004 -9.81413e-02
 28  0.00023 -9.61634e-02 | 29  0.00044 -9.43594e-02 | 30  0.00065 -9.28345e-02
 31  0.00087 -9.17024e-02 | 32  0.00109 -9.11018e-02 | 33  0.00133 -9.11888e-02
 34  0.00156 -9.21406e-02 | 35  0.00180 -9.41476e-02 | 36  0.00202 -9.74246e-02
 37  0.00223 -1.02194e-01 | 38  0.00242 -1.08712e-01 | 39  0.00258 -1.17234e-01
 40  0.00268 -1.28085e-01 | 41  0.00273 -1.41602e-01 | 42  0.00270 -1.58206e-01
 43  0.00258 -1.78405e-01 | 44  0.00237 -2.02815e-01 | 45  0.00205 -2.32152e-01
 46  0.00162 -2.67139e-01 | 47  0.00110 -3.08387e-01 | 48  0.00047 -3.56189e-01
 49 -0.00022 -4.10260e-01 | 50 -0.00096 -4.69522e-01 | 51 -0.00172 -5.32122e-01
 52 -0.00244 -5.95475e-01 | 53 -0.00310 -6.56469e-01 | 54 -0.00365 -7.11794e-01
 55 -0.00403 -7.58220e-01 | 56 -0.00421 -7.92686e-01 | 57 -0.00415 -8.12499e-01
 58 -0.00381 -8.15331e-01 | 59 -0.00315 -7.99422e-01 | 60 -0.00216 -7.63854e-01
 61 -0.00083 -7.09029e-01 | 62  0.00084 -6.37166e-01 | 63  0.00282 -5.52445e-01
 64  0.00503 -4.60484e-01 | 65  0.00740 -3.67488e-01 | 66  0.00976 -2.79524e-01
 67  0.01196 -2.00978e-01 | 68  0.01381 -1.30191e-01 | 69  0.01518 -5.42438e-02
 70  0.01601  4.69615e-02 | 71  0.01627  1.83555e-01 | 72  0.01594  3.43431e-01
 73  0.01500  5.02427e-01 | 74  0.01351  6.43592e-01 | 75  0.01154  7.66682e-01
 76  0.00915  8.79190e-01 | 77  0.00625  9.78029e-01 | 78  0.00275  1.03692e+00
 79 -0.00137  1.02026e+00 | 80 -0.00580  9.15907e-01 | 81 -0.01001  7.48162e-01
 82 -0.01353  5.33752e-01 | 83 -0.01617  2.68359e-01 | 84 -0.01795 -4.28009e-02
 85 -0.01900 -3.62816e-01 | 86 -0.01958 -6.39959e-01 | 87 -0.01996 -8.46419e-01
 88 -0.02056 -1.00329e+00 | 89 -0.02182 -1.18509e+00 | 90 -0.02420 -1.47748e+00
 91 -0.02435 -1.27860e+00 | 92 -0.01990 -6.58761e-01 | 93 -0.01131  2.61483e-01
 94 -0.00184  9.46210e-01 | 95  0.00427  1.63245e+00 | 96  0.00840  1.65805e+00
 97  0.01604  2.40917e+00 | 98  0.02454  4.60510e+00 | 99  0.01608  3.78052e+00
100  0.01030  3.83094e+00 |101  0.01189  5.18724e+00 |102  0.03100  1.06771e+01
103  0.01524  6.10895e+00 |104  0.01197  2.37519e+00 |105  0.01778  1.26025e+00
106  0.01703  8.88521e-01 |107  0.01956  6.19903e-01 |108 -0.00051  1.23553e+00
109 -0.04115  2.16907e+00 |110 -0.06338  2.09390e-01 |111 -0.07647 -3.10302e+00
112 -0.06319 -1.71210e+00 |113  0.07405 -4.84734e+00 |114  0.04646 -4.46545e+00
115  0.03307 -3.27896e+00 |116 -0.03324 -1.37090e+00 |117 -0.06739  3.85339e-01
118 -0.02524 -1.32947e+00 |119 -0.00825 -2.83482e-01 |120 -0.02701  6.85713e-01
121  0.01502  4.12509e-01 |122  0.06969 -2.07911e+00 |123  0.00865  2.64038e+00
124  0.08832  2.03617e+00 |125  0.00720  1.65221e+00 |126  0.12654 -4.28015e+00
127 -0.00466 -1.92750e+00 |128 -0.03709 -1.31630e-01 |129 -0.05187  2.06910e+00
130 -0.02084  8.01844e-01 |131  0.07339  5.80201e-01 |132  0.00674  3.72688e-01
133 -0.00085  5.95302e-01 |134 -0.04567 -2.02371e-01 |135 -0.01463  1.72631e+00
136 -0.00102  3.44825e-01 |137 -0.00000  1.39682e-05 |138 -0.74978  1.40269e+00
139 -0.82040  2.46853e+00 |140  0.03153 -2.92645e-04 |141 -0.58107 -4.06422e-03
142  0.03470  2.52694e-04 |143 -0.10899 -7.69186e-04 |144  0.19870  1.00969e-03
145  0.16656  6.51090e-04 |146 -0.57601 -3.99812e-03 |147 -0.00726  6.94103e-05
148  0.12312  5.51326e-04 |149 -0.04011 -1.60813e-04 |150  0.09471  4.51912e-04
151  0.04822  2.45603e-04 |152  0.14499  4.78643e-04 |153 -0.03736 -1.68248e-05
154 -0.39973  1.55092e+00 |155 -0.50438  1.68130e-03 |156 -0.20172  2.45339e-01
157 -0.25900  1.01301e+01 |158  0.19938  8.26129e-03 |159 -0.04610  1.62524e-02
160 -0.52229  6.32017e-02 |161 -0.19220  3.40927e-01 |162 -0.02822  1.19919e-02
163  0.08801  1.08538e-03 |164 -0.52246 -3.37120e-03 |165  0.07802  1.34704e-04
166  0.06332  6.18668e-04 |167 -0.17379 -5.04986e-04 |168 -0.15539 -8.48643e-04
169  0.22630  1.09210e-03 |170  0.01183  1.24943e-04 |171 -0.28333  7.62433e-01
172 -0.43836  4.15063e-03 |173  0.03212 -5.80690e-03 |174 -0.23659  4.15297e+00
Maximum number of function evaluations exceeded

 - final statistics:
174 variables; iteration 52; function evaluation 100
Function value 6.5883e+03; maximum gradient component mag 1.1242e+01
Exit code = 3;  converg criter 1.0000e+00
Var    Value     Gradient |Var    Value     Gradient |Var    Value     Gradient
  1 -0.30013 -3.73198e+00 |  2  0.32757 -6.36070e+00 |  3 -0.22277 -1.65785e+00
  4  0.13590 -6.92470e-02 |  5 -0.57510  1.56398e+00 |  6 -0.66402  1.84708e+00
  7 -0.43392 -1.43970e+00 |  8  0.36375  7.25395e+00 |  9 -0.19525  4.25100e+00
 10  0.06530  3.76117e+00 | 11 -0.53812  2.92895e+00 | 12 -0.65426  5.99650e+00
 13  0.97476  5.33139e-01 | 14 -0.00129 -1.82943e-01 | 15 -0.00124 -1.82134e-01
 16 -0.00118 -1.80593e-01 | 17 -0.00111 -1.78261e-01 | 18 -0.00102 -1.75092e-01
 19 -0.00092 -1.71038e-01 | 20 -0.00081 -1.66053e-01 | 21 -0.00069 -1.60093e-01
 22 -0.00055 -1.53112e-01 | 23 -0.00039 -1.45071e-01 | 24 -0.00023 -1.35929e-01
 25 -0.00005 -1.25656e-01 | 26  0.00015 -1.14218e-01 | 27  0.00036 -1.01598e-01
 28  0.00058 -8.77963e-02 | 29  0.00082 -7.28243e-02 | 30  0.00107 -5.67311e-02
 31  0.00133 -3.95975e-02 | 32  0.00160 -2.15466e-02 | 33  0.00188 -2.74689e-03
 34  0.00216  1.65924e-02 | 35  0.00245  3.62280e-02 | 36  0.00272  5.59054e-02
 37  0.00299  7.53755e-02 | 38  0.00323  9.44312e-02 | 39  0.00343  1.12920e-01
 40  0.00360  1.30767e-01 | 41  0.00370  1.47971e-01 | 42  0.00374  1.64590e-01
 43  0.00370  1.80687e-01 | 44  0.00357  1.96250e-01 | 45  0.00336  2.11009e-01
 46  0.00305  2.24205e-01 | 47  0.00265  2.34316e-01 | 48  0.00217  2.38916e-01
 49  0.00160  2.34876e-01 | 50  0.00096  2.19109e-01 | 51  0.00028  1.89513e-01
 52 -0.00043  1.45951e-01 | 53 -0.00112  9.07080e-02 | 54 -0.00173  2.81233e-02
 55 -0.00222 -3.62264e-02 | 56 -0.00252 -9.65746e-02 | 57 -0.00260 -1.47975e-01
 58 -0.00240 -1.87320e-01 | 59 -0.00191 -2.14590e-01 | 60 -0.00112 -2.34177e-01
 61 -0.00005 -2.54859e-01 | 62  0.00125 -2.85818e-01 | 63  0.00277 -3.26614e-01
 64  0.00455 -3.55259e-01 | 65  0.00671 -3.29002e-01 | 66  0.00926 -2.18407e-01
 67  0.01185 -7.38313e-02 | 68  0.01366 -4.23740e-02 | 69  0.01416 -1.96104e-01
 70  0.01409 -3.25927e-01 | 71  0.01451 -1.86503e-01 | 72  0.01488  1.04238e-01
 73  0.01421  2.98710e-01 | 74  0.01253  3.75193e-01 | 75  0.01032  4.23258e-01
 76  0.00766  4.63086e-01 | 77  0.00455  5.04610e-01 | 78  0.00111  5.83241e-01
 79 -0.00285  6.20655e-01 | 80 -0.00732  5.23868e-01 | 81 -0.01139  4.24776e-01
 82 -0.01442  3.90638e-01 | 83 -0.01678  2.51933e-01 | 84 -0.01888 -9.62330e-02
 85 -0.02059 -5.34841e-01 | 86 -0.02144 -8.10502e-01 | 87 -0.02127 -7.61035e-01
 88 -0.02087 -5.27295e-01 | 89 -0.02183 -5.15677e-01 | 90 -0.02482 -8.51759e-01
 91 -0.02305 -1.82658e-01 | 92 -0.01869  2.22845e-01 | 93 -0.00920  1.03600e+00
 94 -0.00299  7.58437e-01 | 95  0.00171  9.50345e-01 | 96  0.00763  9.10125e-01
 97  0.01518  1.37341e+00 | 98  0.01884  2.21731e+00 | 99  0.01722  2.71244e+00
100  0.01194  2.76098e+00 |101  0.01231  3.65714e+00 |102  0.02044  6.24662e+00
103  0.01457  4.37481e+00 |104  0.01280  1.25622e+00 |105  0.01690  2.90841e-01
106  0.01829  9.40124e-01 |107  0.02079  8.48612e-01 |108 -0.00331  3.28076e-01
109 -0.04279  1.49320e+00 |110 -0.06505 -2.46361e-01 |111 -0.07427 -1.94234e+00
112 -0.06415 -1.41339e+00 |113  0.07440 -2.46965e+00 |114  0.04789 -2.11974e+00
115  0.03351 -1.88695e+00 |116 -0.03422 -1.29180e+00 |117 -0.06724  1.02254e+00
118 -0.02134  4.16374e-01 |119 -0.01066 -1.11225e+00 |120 -0.02652  4.97777e-01
121  0.01138 -8.47498e-01 |122  0.07307 -9.43062e-01 |123  0.00641  1.92601e+00
124  0.08772  1.06675e+00 |125  0.00182 -6.73957e-01 |126  0.12825 -2.55547e+00
127 -0.00441 -1.81753e+00 |128 -0.03693 -4.31710e-02 |129 -0.05270  1.71043e+00
130 -0.02492 -4.91786e-01 |131  0.07225  5.04173e-01 |132  0.00380 -4.25916e-01
133 -0.00359 -2.22222e-01 |134 -0.04649 -3.77649e-01 |135 -0.01368  2.04662e+00
136 -0.00282 -1.23309e-01 |137 -0.00000 -3.87471e-05 |138 -0.74792  6.97108e-01
139 -0.81938  2.73031e+00 |140  0.03177 -2.77565e-04 |141 -0.57682 -4.01018e-03
142  0.03450  2.31472e-04 |143 -0.10825 -7.47239e-04 |144  0.19766  9.95332e-04
145  0.16583  6.60535e-04 |146 -0.57183 -3.94601e-03 |147 -0.00731  6.18237e-05
148  0.12253  5.51919e-04 |149 -0.03993 -1.62819e-04 |150  0.09423  4.53186e-04
151  0.04798  2.40142e-04 |152  0.14449  4.76539e-04 |153 -0.03734 -1.76323e-05
154 -0.38521  2.01480e+00 |155 -0.50117  2.80637e-03 |156 -0.26617  1.82108e-01
157 -0.26045  1.12417e+01 |158  0.15712  1.86671e-02 |159 -0.05469  1.72505e-02
160 -0.55024  2.91663e-02 |161 -0.18882  2.41670e-01 |162 -0.04497  1.62659e-02
163  0.08719  1.00775e-03 |164 -0.51893 -3.33499e-03 |165  0.07754  2.21388e-04
166  0.06276  6.32182e-04 |167 -0.17310 -4.88009e-04 |168 -0.15451 -8.47616e-04
169  0.22515  1.08718e-03 |170  0.01171  1.23177e-04 |171 -0.30006  4.08060e-01
172 -0.43558  1.19708e-03 |173  0.06928 -1.69633e-02 |174 -0.23301  2.48640e+00

Initial statistics: 189 variables; iteration 0; function evaluation 0; phase 4
Function value 6.5883444e+03; maximum gradient component mag 8.4897e+01
Var    Value     Gradient |Var    Value     Gradient |Var    Value     Gradient
  1 -0.30013 -3.64693e+00 |  2  0.32757 -6.27947e+00 |  3 -0.22277 -1.63523e+00
  4  0.13590 -6.73024e-02 |  5 -0.57510  1.53292e+00 |  6 -0.66402  1.80699e+00
  7 -0.43392 -1.39911e+00 |  8  0.36375  7.14016e+00 |  9 -0.19525  4.17730e+00
 10  0.06530  3.70495e+00 | 11 -0.53812  2.88481e+00 | 12 -0.65426  5.90787e+00
 13  0.97476  5.18510e-01 | 14 -0.00129 -1.79290e-01 | 15 -0.00124 -1.78484e-01
 16 -0.00118 -1.76962e-01 | 17 -0.00111 -1.74666e-01 | 18 -0.00102 -1.71553e-01
 19 -0.00092 -1.67574e-01 | 20 -0.00081 -1.62686e-01 | 21 -0.00069 -1.56844e-01
 22 -0.00055 -1.50005e-01 | 23 -0.00039 -1.42128e-01 | 24 -0.00023 -1.33174e-01
 25 -0.00005 -1.23115e-01 | 26  0.00015 -1.11914e-01 | 27  0.00036 -9.95569e-02
 28  0.00058 -8.60422e-02 | 29  0.00082 -7.13809e-02 | 30  0.00107 -5.56205e-02
 31  0.00133 -3.88397e-02 | 32  0.00160 -2.11585e-02 | 33  0.00188 -2.74118e-03
 34  0.00216  1.62077e-02 | 35  0.00245  3.54505e-02 | 36  0.00272  5.47373e-02
 37  0.00299  7.38233e-02 | 38  0.00323  9.25035e-02 | 39  0.00343  1.10625e-01
 40  0.00360  1.28110e-01 | 41  0.00370  1.44948e-01 | 42  0.00374  1.61189e-01
 43  0.00370  1.76882e-01 | 44  0.00357  1.92006e-01 | 45  0.00336  2.06286e-01
 46  0.00305  2.18972e-01 | 47  0.00265  2.28577e-01 | 48  0.00217  2.32739e-01
 49  0.00160  2.28422e-01 | 50  0.00096  2.12638e-01 | 51  0.00028  1.83354e-01
 52 -0.00043  1.40449e-01 | 53 -0.00112  8.61522e-02 | 54 -0.00173  2.46908e-02
 55 -0.00222 -3.85032e-02 | 56 -0.00252 -9.78061e-02 | 57 -0.00260 -1.48384e-01
 58 -0.00240 -1.87182e-01 | 59 -0.00191 -2.14140e-01 | 60 -0.00112 -2.33477e-01
 61 -0.00005 -2.53668e-01 | 62  0.00125 -2.83594e-01 | 63  0.00277 -3.22873e-01
 64  0.00455 -3.50331e-01 | 65  0.00671 -3.24708e-01 | 66  0.00926 -2.17455e-01
 67  0.01185 -7.70077e-02 | 68  0.01366 -4.56777e-02 | 69  0.01416 -1.93681e-01
 70  0.01409 -3.18536e-01 | 71  0.01451 -1.82182e-01 | 72  0.01488  1.00952e-01
 73  0.01421  2.90721e-01 | 74  0.01253  3.66281e-01 | 75  0.01032  4.14488e-01
 76  0.00766  4.54875e-01 | 77  0.00455  4.97008e-01 | 78  0.00111  5.74823e-01
 79 -0.00285  6.12034e-01 | 80 -0.00732  5.17806e-01 | 81 -0.01139  4.20104e-01
 82 -0.01442  3.85375e-01 | 83 -0.01678  2.47994e-01 | 84 -0.01888 -9.54494e-02
 85 -0.02059 -5.27477e-01 | 86 -0.02144 -7.98265e-01 | 87 -0.02127 -7.48878e-01
 88 -0.02087 -5.18874e-01 | 89 -0.02183 -5.09883e-01 | 90 -0.02482 -8.50422e-01
 91 -0.02305 -1.95482e-01 | 92 -0.01869  2.06766e-01 | 93 -0.00920  1.00813e+00
 94 -0.00299  7.39468e-01 | 95  0.00171  9.28836e-01 | 96  0.00763  8.91342e-01
 97  0.01518  1.35013e+00 | 98  0.01884  2.18964e+00 | 99  0.01722  2.66750e+00
100  0.01194  2.71893e+00 |101  0.01231  3.60421e+00 |102  0.02044  6.16405e+00
103  0.01457  4.30231e+00 |104  0.01280  1.22864e+00 |105  0.01690  2.89447e-01
106  0.01829  9.24832e-01 |107  0.02079  8.39930e-01 |108 -0.00331  3.24288e-01
109 -0.04279  1.47140e+00 |110 -0.06505 -2.63376e-01 |111 -0.07427 -1.88426e+00
112 -0.06415 -1.40535e+00 |113  0.07440 -2.42993e+00 |114  0.04789 -2.08067e+00
115  0.03351 -1.85157e+00 |116 -0.03422 -1.27368e+00 |117 -0.06724  9.57403e-01
118 -0.02134  4.22571e-01 |119 -0.01066 -1.08224e+00 |120 -0.02652  5.13152e-01
121  0.01138 -8.38841e-01 |122  0.07307 -9.44810e-01 |123  0.00641  1.90426e+00
124  0.08772  1.07072e+00 |125  0.00182 -7.11857e-01 |126  0.12825 -2.52232e+00
127 -0.00441 -1.81122e+00 |128 -0.03693 -4.55658e-02 |129 -0.05270  1.71216e+00
130 -0.02492 -4.87352e-01 |131  0.07225  5.24301e-01 |132  0.00380 -4.41535e-01
133 -0.00359 -2.29745e-01 |134 -0.04649 -3.69267e-01 |135 -0.01368  2.01633e+00
136 -0.00282 -1.18580e-01 |137 -0.00000 -3.74565e-05 |138 -0.74792  6.64222e-01
139 -0.81938  2.65588e+00 |140  0.03177 -2.77213e-04 |141 -0.57682 -4.00867e-03
142  0.03450  2.31024e-04 |143 -0.40376 -2.44884e-03 |144  0.81922  6.95207e-03
145 -0.10825 -7.46784e-04 |146  0.19766  9.94969e-04 |147 -0.23782 -1.76562e-03
148  0.16583  6.60714e-04 |149 -0.57183 -3.94455e-03 |150 -0.00731  6.16447e-05
151 -0.42445 -2.40568e-03 |152  0.82196  1.08581e-02 |153  0.12253  5.51908e-04
154 -0.03993 -1.62858e-04 |155 -0.12018 -5.99870e-04 |156  0.09423  4.53190e-04
157  0.04798  2.40020e-04 |158  0.14449  4.76472e-04 |159 -0.03734 -1.76565e-05
160 -0.38521  1.93836e+00 |161 -0.50117  2.61915e-03 |162 -0.26617  1.80814e-01
163 -0.26045  1.09337e+01 |164  0.80064  8.48968e+01 |165  0.15712  1.89650e-02
166 -0.05469  1.72661e-02 |167 -0.25929  1.90150e-01 |168 -0.55024  2.85291e-02
169 -0.18882  2.37610e-01 |170 -0.04497  1.63664e-02 |171 -0.28409  5.82810e-01
172  0.81681 -3.51491e+00 |173  0.08719  1.00485e-03 |174 -0.51893 -3.33397e-03
175  0.07754  2.24432e-04 |176 -0.40554 -2.01569e-03 |177 -0.14465  3.90026e-04
178  0.06276  6.31218e-04 |179 -0.17310 -4.89307e-04 |180 -0.15451 -8.47378e-04
181 -0.99999 -1.02831e-02 |182 -0.13819 -4.73010e-04 |183  0.22515  1.08704e-03
184  0.01171  1.23113e-04 |185 -0.30006  3.92067e-01 |186 -0.43558  1.04981e-03
187  0.06928 -1.71711e-02 |188 -0.23301  2.40402e+00 |189  0.80943  2.05016e+01
  ic > imax  in fminim is answer attained ?
Var    Value     Gradient |Var    Value     Gradient |Var    Value     Gradient
  1 -0.30013 -3.64693e+00 |  2  0.32757 -6.27947e+00 |  3 -0.22277 -1.63523e+00
  4  0.13590 -6.73024e-02 |  5 -0.57510  1.53292e+00 |  6 -0.66402  1.80699e+00
  7 -0.43392 -1.39911e+00 |  8  0.36375  7.14016e+00 |  9 -0.19525  4.17730e+00
 10  0.06530  3.70495e+00 | 11 -0.53812  2.88481e+00 | 12 -0.65426  5.90787e+00
 13  0.97476  5.18510e-01 | 14 -0.00129 -1.79290e-01 | 15 -0.00124 -1.78484e-01
 16 -0.00118 -1.76962e-01 | 17 -0.00111 -1.74666e-01 | 18 -0.00102 -1.71553e-01
 19 -0.00092 -1.67574e-01 | 20 -0.00081 -1.62686e-01 | 21 -0.00069 -1.56844e-01
 22 -0.00055 -1.50005e-01 | 23 -0.00039 -1.42128e-01 | 24 -0.00023 -1.33174e-01
 25 -0.00005 -1.23115e-01 | 26  0.00015 -1.11914e-01 | 27  0.00036 -9.95569e-02
 28  0.00058 -8.60422e-02 | 29  0.00082 -7.13809e-02 | 30  0.00107 -5.56205e-02
 31  0.00133 -3.88397e-02 | 32  0.00160 -2.11585e-02 | 33  0.00188 -2.74118e-03
 34  0.00216  1.62077e-02 | 35  0.00245  3.54505e-02 | 36  0.00272  5.47373e-02
 37  0.00299  7.38233e-02 | 38  0.00323  9.25035e-02 | 39  0.00343  1.10625e-01
 40  0.00360  1.28110e-01 | 41  0.00370  1.44948e-01 | 42  0.00374  1.61189e-01
 43  0.00370  1.76882e-01 | 44  0.00357  1.92006e-01 | 45  0.00336  2.06286e-01
 46  0.00305  2.18972e-01 | 47  0.00265  2.28577e-01 | 48  0.00217  2.32739e-01
 49  0.00160  2.28422e-01 | 50  0.00096  2.12638e-01 | 51  0.00028  1.83354e-01
 52 -0.00043  1.40449e-01 | 53 -0.00112  8.61522e-02 | 54 -0.00173  2.46908e-02
 55 -0.00222 -3.85032e-02 | 56 -0.00252 -9.78061e-02 | 57 -0.00260 -1.48384e-01
 58 -0.00240 -1.87182e-01 | 59 -0.00191 -2.14140e-01 | 60 -0.00112 -2.33477e-01
 61 -0.00005 -2.53668e-01 | 62  0.00125 -2.83594e-01 | 63  0.00277 -3.22873e-01
 64  0.00455 -3.50331e-01 | 65  0.00671 -3.24708e-01 | 66  0.00926 -2.17455e-01
 67  0.01185 -7.70077e-02 | 68  0.01366 -4.56777e-02 | 69  0.01416 -1.93681e-01
 70  0.01409 -3.18536e-01 | 71  0.01451 -1.82182e-01 | 72  0.01488  1.00952e-01
 73  0.01421  2.90721e-01 | 74  0.01253  3.66281e-01 | 75  0.01032  4.14488e-01
 76  0.00766  4.54875e-01 | 77  0.00455  4.97008e-01 | 78  0.00111  5.74823e-01
 79 -0.00285  6.12034e-01 | 80 -0.00732  5.17806e-01 | 81 -0.01139  4.20104e-01
 82 -0.01442  3.85375e-01 | 83 -0.01678  2.47994e-01 | 84 -0.01888 -9.54494e-02
 85 -0.02059 -5.27477e-01 | 86 -0.02144 -7.98265e-01 | 87 -0.02127 -7.48878e-01
 88 -0.02087 -5.18874e-01 | 89 -0.02183 -5.09883e-01 | 90 -0.02482 -8.50422e-01
 91 -0.02305 -1.95482e-01 | 92 -0.01869  2.06766e-01 | 93 -0.00920  1.00813e+00
 94 -0.00299  7.39468e-01 | 95  0.00171  9.28836e-01 | 96  0.00763  8.91342e-01
 97  0.01518  1.35013e+00 | 98  0.01884  2.18964e+00 | 99  0.01722  2.66750e+00
100  0.01194  2.71893e+00 |101  0.01231  3.60421e+00 |102  0.02044  6.16405e+00
103  0.01457  4.30231e+00 |104  0.01280  1.22864e+00 |105  0.01690  2.89447e-01
106  0.01829  9.24832e-01 |107  0.02079  8.39930e-01 |108 -0.00331  3.24288e-01
109 -0.04279  1.47140e+00 |110 -0.06505 -2.63376e-01 |111 -0.07427 -1.88426e+00
112 -0.06415 -1.40535e+00 |113  0.07440 -2.42993e+00 |114  0.04789 -2.08067e+00
115  0.03351 -1.85157e+00 |116 -0.03422 -1.27368e+00 |117 -0.06724  9.57403e-01
118 -0.02134  4.22571e-01 |119 -0.01066 -1.08224e+00 |120 -0.02652  5.13152e-01
121  0.01138 -8.38841e-01 |122  0.07307 -9.44810e-01 |123  0.00641  1.90426e+00
124  0.08772  1.07072e+00 |125  0.00182 -7.11857e-01 |126  0.12825 -2.52232e+00
127 -0.00441 -1.81122e+00 |128 -0.03693 -4.55658e-02 |129 -0.05270  1.71216e+00
130 -0.02492 -4.87352e-01 |131  0.07225  5.24301e-01 |132  0.00380 -4.41535e-01
133 -0.00359 -2.29745e-01 |134 -0.04649 -3.69267e-01 |135 -0.01368  2.01633e+00
136 -0.00282 -1.18580e-01 |137 -0.00000 -3.74565e-05 |138 -0.74792  6.64222e-01
139 -0.81938  2.65588e+00 |140  0.03177 -2.77213e-04 |141 -0.57682 -4.00867e-03
142  0.03450  2.31024e-04 |143 -0.40376 -2.44884e-03 |144  0.81922  6.95207e-03
145 -0.10825 -7.46784e-04 |146  0.19766  9.94969e-04 |147 -0.23782 -1.76562e-03
148  0.16583  6.60714e-04 |149 -0.57183 -3.94455e-03 |150 -0.00731  6.16447e-05
151 -0.42445 -2.40568e-03 |152  0.82196  1.08581e-02 |153  0.12253  5.51908e-04
154 -0.03993 -1.62858e-04 |155 -0.12018 -5.99870e-04 |156  0.09423  4.53190e-04
157  0.04798  2.40020e-04 |158  0.14449  4.76472e-04 |159 -0.03734 -1.76565e-05
160 -0.38521  1.93836e+00 |161 -0.50117  2.61915e-03 |162 -0.26617  1.80814e-01
163 -0.26045  1.09337e+01 |164  0.80064  8.48968e+01 |165  0.15712  1.89650e-02
166 -0.05469  1.72661e-02 |167 -0.25929  1.90150e-01 |168 -0.55024  2.85291e-02
169 -0.18882  2.37610e-01 |170 -0.04497  1.63664e-02 |171 -0.28409  5.82810e-01
172  0.81681 -3.51491e+00 |173  0.08719  1.00485e-03 |174 -0.51893 -3.33397e-03
175  0.07754  2.24432e-04 |176 -0.40554 -2.01569e-03 |177 -0.14465  3.90026e-04
178  0.06276  6.31218e-04 |179 -0.17310 -4.89307e-04 |180 -0.15451 -8.47378e-04
181 -0.99999 -1.02831e-02 |182 -0.13819 -4.73010e-04 |183  0.22515  1.08704e-03
184  0.01171  1.23113e-04 |185 -0.30006  3.92067e-01 |186 -0.43558  1.04981e-03
187  0.06928 -1.71711e-02 |188 -0.23301  2.40402e+00 |189  0.80943  2.05016e+01
Function minimizer not making progress ... is minimum attained?
Minimprove criterion = 0.0000e+00

 - final statistics:
189 variables; iteration 1; function evaluation 30
Function value 6.5883e+03; maximum gradient component mag 8.4897e+01
Exit code = 1;  converg criter 1.0000e-03
Var    Value     Gradient |Var    Value     Gradient |Var    Value     Gradient
  1 -0.30013 -3.64693e+00 |  2  0.32757 -6.27947e+00 |  3 -0.22277 -1.63523e+00
  4  0.13590 -6.73024e-02 |  5 -0.57510  1.53292e+00 |  6 -0.66402  1.80699e+00
  7 -0.43392 -1.39911e+00 |  8  0.36375  7.14016e+00 |  9 -0.19525  4.17730e+00
 10  0.06530  3.70495e+00 | 11 -0.53812  2.88481e+00 | 12 -0.65426  5.90787e+00
 13  0.97476  5.18510e-01 | 14 -0.00129 -1.79290e-01 | 15 -0.00124 -1.78484e-01
 16 -0.00118 -1.76962e-01 | 17 -0.00111 -1.74666e-01 | 18 -0.00102 -1.71553e-01
 19 -0.00092 -1.67574e-01 | 20 -0.00081 -1.62686e-01 | 21 -0.00069 -1.56844e-01
 22 -0.00055 -1.50005e-01 | 23 -0.00039 -1.42128e-01 | 24 -0.00023 -1.33174e-01
 25 -0.00005 -1.23115e-01 | 26  0.00015 -1.11914e-01 | 27  0.00036 -9.95569e-02
 28  0.00058 -8.60422e-02 | 29  0.00082 -7.13809e-02 | 30  0.00107 -5.56205e-02
 31  0.00133 -3.88397e-02 | 32  0.00160 -2.11585e-02 | 33  0.00188 -2.74118e-03
 34  0.00216  1.62077e-02 | 35  0.00245  3.54505e-02 | 36  0.00272  5.47373e-02
 37  0.00299  7.38233e-02 | 38  0.00323  9.25035e-02 | 39  0.00343  1.10625e-01
 40  0.00360  1.28110e-01 | 41  0.00370  1.44948e-01 | 42  0.00374  1.61189e-01
 43  0.00370  1.76882e-01 | 44  0.00357  1.92006e-01 | 45  0.00336  2.06286e-01
 46  0.00305  2.18972e-01 | 47  0.00265  2.28577e-01 | 48  0.00217  2.32739e-01
 49  0.00160  2.28422e-01 | 50  0.00096  2.12638e-01 | 51  0.00028  1.83354e-01
 52 -0.00043  1.40449e-01 | 53 -0.00112  8.61522e-02 | 54 -0.00173  2.46908e-02
 55 -0.00222 -3.85032e-02 | 56 -0.00252 -9.78061e-02 | 57 -0.00260 -1.48384e-01
 58 -0.00240 -1.87182e-01 | 59 -0.00191 -2.14140e-01 | 60 -0.00112 -2.33477e-01
 61 -0.00005 -2.53668e-01 | 62  0.00125 -2.83594e-01 | 63  0.00277 -3.22873e-01
 64  0.00455 -3.50331e-01 | 65  0.00671 -3.24708e-01 | 66  0.00926 -2.17455e-01
 67  0.01185 -7.70077e-02 | 68  0.01366 -4.56777e-02 | 69  0.01416 -1.93681e-01
 70  0.01409 -3.18536e-01 | 71  0.01451 -1.82182e-01 | 72  0.01488  1.00952e-01
 73  0.01421  2.90721e-01 | 74  0.01253  3.66281e-01 | 75  0.01032  4.14488e-01
 76  0.00766  4.54875e-01 | 77  0.00455  4.97008e-01 | 78  0.00111  5.74823e-01
 79 -0.00285  6.12034e-01 | 80 -0.00732  5.17806e-01 | 81 -0.01139  4.20104e-01
 82 -0.01442  3.85375e-01 | 83 -0.01678  2.47994e-01 | 84 -0.01888 -9.54494e-02
 85 -0.02059 -5.27477e-01 | 86 -0.02144 -7.98265e-01 | 87 -0.02127 -7.48878e-01
 88 -0.02087 -5.18874e-01 | 89 -0.02183 -5.09883e-01 | 90 -0.02482 -8.50422e-01
 91 -0.02305 -1.95482e-01 | 92 -0.01869  2.06766e-01 | 93 -0.00920  1.00813e+00
 94 -0.00299  7.39468e-01 | 95  0.00171  9.28836e-01 | 96  0.00763  8.91342e-01
 97  0.01518  1.35013e+00 | 98  0.01884  2.18964e+00 | 99  0.01722  2.66750e+00
100  0.01194  2.71893e+00 |101  0.01231  3.60421e+00 |102  0.02044  6.16405e+00
103  0.01457  4.30231e+00 |104  0.01280  1.22864e+00 |105  0.01690  2.89447e-01
106  0.01829  9.24832e-01 |107  0.02079  8.39930e-01 |108 -0.00331  3.24288e-01
109 -0.04279  1.47140e+00 |110 -0.06505 -2.63376e-01 |111 -0.07427 -1.88426e+00
112 -0.06415 -1.40535e+00 |113  0.07440 -2.42993e+00 |114  0.04789 -2.08067e+00
115  0.03351 -1.85157e+00 |116 -0.03422 -1.27368e+00 |117 -0.06724  9.57403e-01
118 -0.02134  4.22571e-01 |119 -0.01066 -1.08224e+00 |120 -0.02652  5.13152e-01
121  0.01138 -8.38841e-01 |122  0.07307 -9.44810e-01 |123  0.00641  1.90426e+00
124  0.08772  1.07072e+00 |125  0.00182 -7.11857e-01 |126  0.12825 -2.52232e+00
127 -0.00441 -1.81122e+00 |128 -0.03693 -4.55658e-02 |129 -0.05270  1.71216e+00
130 -0.02492 -4.87352e-01 |131  0.07225  5.24301e-01 |132  0.00380 -4.41535e-01
133 -0.00359 -2.29745e-01 |134 -0.04649 -3.69267e-01 |135 -0.01368  2.01633e+00
136 -0.00282 -1.18580e-01 |137 -0.00000 -3.74565e-05 |138 -0.74792  6.64222e-01
139 -0.81938  2.65588e+00 |140  0.03177 -2.77213e-04 |141 -0.57682 -4.00867e-03
142  0.03450  2.31024e-04 |143 -0.40376 -2.44884e-03 |144  0.81922  6.95207e-03
145 -0.10825 -7.46784e-04 |146  0.19766  9.94969e-04 |147 -0.23782 -1.76562e-03
148  0.16583  6.60714e-04 |149 -0.57183 -3.94455e-03 |150 -0.00731  6.16447e-05
151 -0.42445 -2.40568e-03 |152  0.82196  1.08581e-02 |153  0.12253  5.51908e-04
154 -0.03993 -1.62858e-04 |155 -0.12018 -5.99870e-04 |156  0.09423  4.53190e-04
157  0.04798  2.40020e-04 |158  0.14449  4.76472e-04 |159 -0.03734 -1.76565e-05
160 -0.38521  1.93836e+00 |161 -0.50117  2.61915e-03 |162 -0.26617  1.80814e-01
163 -0.26045  1.09337e+01 |164  0.80064  8.48968e+01 |165  0.15712  1.89650e-02
166 -0.05469  1.72661e-02 |167 -0.25929  1.90150e-01 |168 -0.55024  2.85291e-02
169 -0.18882  2.37610e-01 |170 -0.04497  1.63664e-02 |171 -0.28409  5.82810e-01
172  0.81681 -3.51491e+00 |173  0.08719  1.00485e-03 |174 -0.51893 -3.33397e-03
175  0.07754  2.24432e-04 |176 -0.40554 -2.01569e-03 |177 -0.14465  3.90026e-04
178  0.06276  6.31218e-04 |179 -0.17310 -4.89307e-04 |180 -0.15451 -8.47378e-04
181 -0.99999 -1.02831e-02 |182 -0.13819 -4.73010e-04 |183  0.22515  1.08704e-03
184  0.01171  1.23113e-04 |185 -0.30006  3.92067e-01 |186 -0.43558  1.04981e-03
187  0.06928 -1.71711e-02 |188 -0.23301  2.40402e+00 |189  0.80943  2.05016e+01

Initial statistics: 202 variables; iteration 0; function evaluation 0; phase 5
Function value 6.5883444e+03; maximum gradient component mag 8.4751e+01
Var    Value     Gradient |Var    Value     Gradient |Var    Value     Gradient
  1 -0.30013 -3.64156e+00 |  2  0.32757 -6.27760e+00 |  3 -0.22277 -1.63274e+00
  4  0.13590 -6.51077e-02 |  5 -0.57510  1.53295e+00 |  6 -0.66402  1.80644e+00
  7 -0.43392 -1.39459e+00 |  8  0.36375  7.13310e+00 |  9 -0.19525  4.17241e+00
 10  0.06530  3.70088e+00 | 11 -0.53812  2.88447e+00 | 12 -0.65426  5.90566e+00
 13  0.97476  5.16863e-01 | 14 -0.00129 -1.79334e-01 | 15 -0.00124 -1.78529e-01
 16 -0.00118 -1.77008e-01 | 17 -0.00111 -1.74715e-01 | 18 -0.00102 -1.71603e-01
 19 -0.00092 -1.67626e-01 | 20 -0.00081 -1.62739e-01 | 21 -0.00069 -1.56900e-01
 22 -0.00055 -1.50062e-01 | 23 -0.00039 -1.42187e-01 | 24 -0.00023 -1.33236e-01
 25 -0.00005 -1.23179e-01 | 26  0.00015 -1.11980e-01 | 27  0.00036 -9.96254e-02
 28  0.00058 -8.61131e-02 | 29  0.00082 -7.14542e-02 | 30  0.00107 -5.56965e-02
 31  0.00133 -3.89184e-02 | 32  0.00160 -2.12399e-02 | 33  0.00188 -2.82552e-03
 34  0.00216  1.61204e-02 | 35  0.00245  3.53600e-02 | 36  0.00272  5.46437e-02
 37  0.00299  7.37264e-02 | 38  0.00323  9.24033e-02 | 39  0.00343  1.10521e-01
 40  0.00360  1.28002e-01 | 41  0.00370  1.44837e-01 | 42  0.00374  1.61074e-01
 43  0.00370  1.76764e-01 | 44  0.00357  1.91885e-01 | 45  0.00336  2.06161e-01
 46  0.00305  2.18843e-01 | 47  0.00265  2.28444e-01 | 48  0.00217  2.32603e-01
 49  0.00160  2.28282e-01 | 50  0.00096  2.12495e-01 | 51  0.00028  1.83206e-01
 52 -0.00043  1.40299e-01 | 53 -0.00112  8.59982e-02 | 54 -0.00173  2.45330e-02
 55 -0.00222 -3.86649e-02 | 56 -0.00252 -9.79719e-02 | 57 -0.00260 -1.48554e-01
 58 -0.00240 -1.87357e-01 | 59 -0.00191 -2.14321e-01 | 60 -0.00112 -2.33664e-01
 61 -0.00005 -2.53861e-01 | 62  0.00125 -2.83794e-01 | 63  0.00277 -3.23081e-01
 64  0.00455 -3.50547e-01 | 65  0.00671 -3.24932e-01 | 66  0.00926 -2.17689e-01
 67  0.01185 -7.72513e-02 | 68  0.01366 -4.59293e-02 | 69  0.01416 -1.93938e-01
 70  0.01409 -3.18796e-01 | 71  0.01451 -1.82446e-01 | 72  0.01488  1.00682e-01
 73  0.01421  2.90449e-01 | 74  0.01253  3.66010e-01 | 75  0.01032  4.14217e-01
 76  0.00766  4.54605e-01 | 77  0.00455  4.96737e-01 | 78  0.00111  5.74548e-01
 79 -0.00285  6.11753e-01 | 80 -0.00732  5.17515e-01 | 81 -0.01139  4.19793e-01
 82 -0.01442  3.85030e-01 | 83 -0.01678  2.47597e-01 | 84 -0.01888 -9.59168e-02
 85 -0.02059 -5.28036e-01 | 86 -0.02144 -7.98936e-01 | 87 -0.02127 -7.49670e-01
 88 -0.02087 -5.19775e-01 | 89 -0.02183 -5.10847e-01 | 90 -0.02482 -8.51369e-01
 91 -0.02305 -1.96476e-01 | 92 -0.01869  2.05623e-01 | 93 -0.00920  1.00683e+00
 94 -0.00299  7.38061e-01 | 95  0.00171  9.27308e-01 | 96  0.00763  8.89820e-01
 97  0.01518  1.34859e+00 | 98  0.01884  2.18804e+00 | 99  0.01722  2.66609e+00
100  0.01194  2.71778e+00 |101  0.01231  3.60320e+00 |102  0.02044  6.16330e+00
103  0.01457  4.30188e+00 |104  0.01280  1.22826e+00 |105  0.01690  2.89082e-01
106  0.01829  9.24497e-01 |107  0.02079  8.39626e-01 |108 -0.00331  3.24066e-01
109 -0.04279  1.47126e+00 |110 -0.06505 -2.63469e-01 |111 -0.07427 -1.88431e+00
112 -0.06415 -1.40538e+00 |113  0.07440 -2.43000e+00 |114  0.04789 -2.08068e+00
115  0.03351 -1.85158e+00 |116 -0.03422 -1.27369e+00 |117 -0.06724  9.57410e-01
118 -0.02134  4.22554e-01 |119 -0.01066 -1.08224e+00 |120 -0.02652  5.13139e-01
121  0.01138 -8.38865e-01 |122  0.07307 -9.44809e-01 |123  0.00641  1.90421e+00
124  0.08772  1.07075e+00 |125  0.00182 -7.11861e-01 |126  0.12825 -2.52228e+00
127 -0.00441 -1.81127e+00 |128 -0.03693 -4.55750e-02 |129 -0.05270  1.71214e+00
130 -0.02492 -4.87347e-01 |131  0.07225  5.24289e-01 |132  0.00380 -4.41535e-01
133 -0.00359 -2.29749e-01 |134 -0.04649 -3.69264e-01 |135 -0.01368  2.01632e+00
136 -0.00282 -1.18579e-01 |137 -0.00000 -3.74569e-05 |138  0.00000  0.00000e+00
139  0.00000  0.00000e+00 |140  0.00000  0.00000e+00 |141  0.00000  0.00000e+00
142  0.00000  0.00000e+00 |143  0.00000  0.00000e+00 |144  0.00000  0.00000e+00
145  0.00000  0.00000e+00 |146  0.00000  0.00000e+00 |147  0.00000  0.00000e+00
148  0.00000  0.00000e+00 |149  0.00000  0.00000e+00 |150  0.00000  0.00000e+00
151 -0.74792  6.60769e-01 |152 -0.81938  2.64842e+00 |153  0.03177 -2.77214e-04
154 -0.57682 -4.00867e-03 |155  0.03450  2.31025e-04 |156 -0.40376 -2.44884e-03
157  0.81922  6.95204e-03 |158 -0.10825 -7.46785e-04 |159  0.19766  9.94969e-04
160 -0.23782 -1.76562e-03 |161  0.16583  6.60714e-04 |162 -0.57183 -3.94455e-03
163 -0.00731  6.16447e-05 |164 -0.42445 -2.40571e-03 |165  0.82196  1.08581e-02
166  0.12253  5.51908e-04 |167 -0.03993 -1.62858e-04 |168 -0.12018 -5.99870e-04
169  0.09423  4.53189e-04 |170  0.04798  2.40020e-04 |171  0.14449  4.76471e-04
172 -0.03734 -1.76552e-05 |173 -0.38521  1.93131e+00 |174 -0.50117  2.59983e-03
175 -0.26617  1.80477e-01 |176 -0.26045  1.09033e+01 |177  0.80064  8.47511e+01
178  0.15712  1.89654e-02 |179 -0.05469  1.72660e-02 |180 -0.25929  1.90150e-01
181 -0.55024  2.85284e-02 |182 -0.18882  2.37605e-01 |183 -0.04497  1.63664e-02
184 -0.28409  5.82804e-01 |185  0.81681 -3.51483e+00 |186  0.08719  1.00474e-03
187 -0.51893 -3.33397e-03 |188  0.07754  2.24555e-04 |189 -0.40554 -2.01572e-03
190 -0.14465  3.89896e-04 |191  0.06276  6.31139e-04 |192 -0.17310 -4.89428e-04
193 -0.15451 -8.47368e-04 |194 -0.99999 -1.02831e-02 |195 -0.13819 -4.73120e-04
196  0.22515  1.08704e-03 |197  0.01171  1.23113e-04 |198 -0.30006  3.90463e-01
199 -0.43558  1.03437e-03 |200  0.06928 -1.72050e-02 |201 -0.23301  2.39590e+00
202  0.80943  2.04083e+01 |
  ic > imax  in fminim is answer attained ?
Var    Value     Gradient |Var    Value     Gradient |Var    Value     Gradient
  1 -0.30013 -3.64156e+00 |  2  0.32757 -6.27760e+00 |  3 -0.22277 -1.63274e+00
  4  0.13590 -6.51077e-02 |  5 -0.57510  1.53295e+00 |  6 -0.66402  1.80644e+00
  7 -0.43392 -1.39459e+00 |  8  0.36375  7.13310e+00 |  9 -0.19525  4.17241e+00
 10  0.06530  3.70088e+00 | 11 -0.53812  2.88447e+00 | 12 -0.65426  5.90566e+00
 13  0.97476  5.16863e-01 | 14 -0.00129 -1.79334e-01 | 15 -0.00124 -1.78529e-01
 16 -0.00118 -1.77008e-01 | 17 -0.00111 -1.74715e-01 | 18 -0.00102 -1.71603e-01
 19 -0.00092 -1.67626e-01 | 20 -0.00081 -1.62739e-01 | 21 -0.00069 -1.56900e-01
 22 -0.00055 -1.50062e-01 | 23 -0.00039 -1.42187e-01 | 24 -0.00023 -1.33236e-01
 25 -0.00005 -1.23179e-01 | 26  0.00015 -1.11980e-01 | 27  0.00036 -9.96254e-02
 28  0.00058 -8.61131e-02 | 29  0.00082 -7.14542e-02 | 30  0.00107 -5.56965e-02
 31  0.00133 -3.89184e-02 | 32  0.00160 -2.12399e-02 | 33  0.00188 -2.82552e-03
 34  0.00216  1.61204e-02 | 35  0.00245  3.53600e-02 | 36  0.00272  5.46437e-02
 37  0.00299  7.37264e-02 | 38  0.00323  9.24033e-02 | 39  0.00343  1.10521e-01
 40  0.00360  1.28002e-01 | 41  0.00370  1.44837e-01 | 42  0.00374  1.61074e-01
 43  0.00370  1.76764e-01 | 44  0.00357  1.91885e-01 | 45  0.00336  2.06161e-01
 46  0.00305  2.18843e-01 | 47  0.00265  2.28444e-01 | 48  0.00217  2.32603e-01
 49  0.00160  2.28282e-01 | 50  0.00096  2.12495e-01 | 51  0.00028  1.83206e-01
 52 -0.00043  1.40299e-01 | 53 -0.00112  8.59982e-02 | 54 -0.00173  2.45330e-02
 55 -0.00222 -3.86649e-02 | 56 -0.00252 -9.79719e-02 | 57 -0.00260 -1.48554e-01
 58 -0.00240 -1.87357e-01 | 59 -0.00191 -2.14321e-01 | 60 -0.00112 -2.33664e-01
 61 -0.00005 -2.53861e-01 | 62  0.00125 -2.83794e-01 | 63  0.00277 -3.23081e-01
 64  0.00455 -3.50547e-01 | 65  0.00671 -3.24932e-01 | 66  0.00926 -2.17689e-01
 67  0.01185 -7.72513e-02 | 68  0.01366 -4.59293e-02 | 69  0.01416 -1.93938e-01
 70  0.01409 -3.18796e-01 | 71  0.01451 -1.82446e-01 | 72  0.01488  1.00682e-01
 73  0.01421  2.90449e-01 | 74  0.01253  3.66010e-01 | 75  0.01032  4.14217e-01
 76  0.00766  4.54605e-01 | 77  0.00455  4.96737e-01 | 78  0.00111  5.74548e-01
 79 -0.00285  6.11753e-01 | 80 -0.00732  5.17515e-01 | 81 -0.01139  4.19793e-01
 82 -0.01442  3.85030e-01 | 83 -0.01678  2.47597e-01 | 84 -0.01888 -9.59168e-02
 85 -0.02059 -5.28036e-01 | 86 -0.02144 -7.98936e-01 | 87 -0.02127 -7.49670e-01
 88 -0.02087 -5.19775e-01 | 89 -0.02183 -5.10847e-01 | 90 -0.02482 -8.51369e-01
 91 -0.02305 -1.96476e-01 | 92 -0.01869  2.05623e-01 | 93 -0.00920  1.00683e+00
 94 -0.00299  7.38061e-01 | 95  0.00171  9.27308e-01 | 96  0.00763  8.89820e-01
 97  0.01518  1.34859e+00 | 98  0.01884  2.18804e+00 | 99  0.01722  2.66609e+00
100  0.01194  2.71778e+00 |101  0.01231  3.60320e+00 |102  0.02044  6.16330e+00
103  0.01457  4.30188e+00 |104  0.01280  1.22826e+00 |105  0.01690  2.89082e-01
106  0.01829  9.24497e-01 |107  0.02079  8.39626e-01 |108 -0.00331  3.24066e-01
109 -0.04279  1.47126e+00 |110 -0.06505 -2.63469e-01 |111 -0.07427 -1.88431e+00
112 -0.06415 -1.40538e+00 |113  0.07440 -2.43000e+00 |114  0.04789 -2.08068e+00
115  0.03351 -1.85158e+00 |116 -0.03422 -1.27369e+00 |117 -0.06724  9.57410e-01
118 -0.02134  4.22554e-01 |119 -0.01066 -1.08224e+00 |120 -0.02652  5.13139e-01
121  0.01138 -8.38865e-01 |122  0.07307 -9.44809e-01 |123  0.00641  1.90421e+00
124  0.08772  1.07075e+00 |125  0.00182 -7.11861e-01 |126  0.12825 -2.52228e+00
127 -0.00441 -1.81127e+00 |128 -0.03693 -4.55750e-02 |129 -0.05270  1.71214e+00
130 -0.02492 -4.87347e-01 |131  0.07225  5.24289e-01 |132  0.00380 -4.41535e-01
133 -0.00359 -2.29749e-01 |134 -0.04649 -3.69264e-01 |135 -0.01368  2.01632e+00
136 -0.00282 -1.18579e-01 |137 -0.00000 -3.74569e-05 |138  0.00000  0.00000e+00
139  0.00000  0.00000e+00 |140  0.00000  0.00000e+00 |141  0.00000  0.00000e+00
142  0.00000  0.00000e+00 |143  0.00000  0.00000e+00 |144  0.00000  0.00000e+00
145  0.00000  0.00000e+00 |146  0.00000  0.00000e+00 |147  0.00000  0.00000e+00
148  0.00000  0.00000e+00 |149  0.00000  0.00000e+00 |150  0.00000  0.00000e+00
151 -0.74792  6.60769e-01 |152 -0.81938  2.64842e+00 |153  0.03177 -2.77214e-04
154 -0.57682 -4.00867e-03 |155  0.03450  2.31025e-04 |156 -0.40376 -2.44884e-03
157  0.81922  6.95204e-03 |158 -0.10825 -7.46785e-04 |159  0.19766  9.94969e-04
160 -0.23782 -1.76562e-03 |161  0.16583  6.60714e-04 |162 -0.57183 -3.94455e-03
163 -0.00731  6.16447e-05 |164 -0.42445 -2.40571e-03 |165  0.82196  1.08581e-02
166  0.12253  5.51908e-04 |167 -0.03993 -1.62858e-04 |168 -0.12018 -5.99870e-04
169  0.09423  4.53189e-04 |170  0.04798  2.40020e-04 |171  0.14449  4.76471e-04
172 -0.03734 -1.76552e-05 |173 -0.38521  1.93131e+00 |174 -0.50117  2.59983e-03
175 -0.26617  1.80477e-01 |176 -0.26045  1.09033e+01 |177  0.80064  8.47511e+01
178  0.15712  1.89654e-02 |179 -0.05469  1.72660e-02 |180 -0.25929  1.90150e-01
181 -0.55024  2.85284e-02 |182 -0.18882  2.37605e-01 |183 -0.04497  1.63664e-02
184 -0.28409  5.82804e-01 |185  0.81681 -3.51483e+00 |186  0.08719  1.00474e-03
187 -0.51893 -3.33397e-03 |188  0.07754  2.24555e-04 |189 -0.40554 -2.01572e-03
190 -0.14465  3.89896e-04 |191  0.06276  6.31139e-04 |192 -0.17310 -4.89428e-04
193 -0.15451 -8.47368e-04 |194 -0.99999 -1.02831e-02 |195 -0.13819 -4.73120e-04
196  0.22515  1.08704e-03 |197  0.01171  1.23113e-04 |198 -0.30006  3.90463e-01
199 -0.43558  1.03437e-03 |200  0.06928 -1.72050e-02 |201 -0.23301  2.39590e+00
202  0.80943  2.04083e+01 |
Function minimizer not making progress ... is minimum attained?
Minimprove criterion = 0.0000e+00
Warning: the following parameters had issues
  SR_parm[1] is within 0.1% of upper bound: 1.0000e+00 < 1.4994e+01 < 1.5000e+01
  selparm[63] is within 0.1% of lower bound: -2.0000e+00 < -2.0000e+00 < 2.0000e+01


 - final statistics:
202 variables; iteration 1; function evaluation 30
Function value 6.5883e+03; maximum gradient component mag 8.4751e+01
Exit code = 1;  converg criter 1.0000e-03
Var    Value     Gradient |Var    Value     Gradient |Var    Value     Gradient
  1 -0.30013 -3.64156e+00 |  2  0.32757 -6.27760e+00 |  3 -0.22277 -1.63274e+00
  4  0.13590 -6.51077e-02 |  5 -0.57510  1.53295e+00 |  6 -0.66402  1.80644e+00
  7 -0.43392 -1.39459e+00 |  8  0.36375  7.13310e+00 |  9 -0.19525  4.17241e+00
 10  0.06530  3.70088e+00 | 11 -0.53812  2.88447e+00 | 12 -0.65426  5.90566e+00
 13  0.97476  5.16863e-01 | 14 -0.00129 -1.79334e-01 | 15 -0.00124 -1.78529e-01
 16 -0.00118 -1.77008e-01 | 17 -0.00111 -1.74715e-01 | 18 -0.00102 -1.71603e-01
 19 -0.00092 -1.67626e-01 | 20 -0.00081 -1.62739e-01 | 21 -0.00069 -1.56900e-01
 22 -0.00055 -1.50062e-01 | 23 -0.00039 -1.42187e-01 | 24 -0.00023 -1.33236e-01
 25 -0.00005 -1.23179e-01 | 26  0.00015 -1.11980e-01 | 27  0.00036 -9.96254e-02
 28  0.00058 -8.61131e-02 | 29  0.00082 -7.14542e-02 | 30  0.00107 -5.56965e-02
 31  0.00133 -3.89184e-02 | 32  0.00160 -2.12399e-02 | 33  0.00188 -2.82552e-03
 34  0.00216  1.61204e-02 | 35  0.00245  3.53600e-02 | 36  0.00272  5.46437e-02
 37  0.00299  7.37264e-02 | 38  0.00323  9.24033e-02 | 39  0.00343  1.10521e-01
 40  0.00360  1.28002e-01 | 41  0.00370  1.44837e-01 | 42  0.00374  1.61074e-01
 43  0.00370  1.76764e-01 | 44  0.00357  1.91885e-01 | 45  0.00336  2.06161e-01
 46  0.00305  2.18843e-01 | 47  0.00265  2.28444e-01 | 48  0.00217  2.32603e-01
 49  0.00160  2.28282e-01 | 50  0.00096  2.12495e-01 | 51  0.00028  1.83206e-01
 52 -0.00043  1.40299e-01 | 53 -0.00112  8.59982e-02 | 54 -0.00173  2.45330e-02
 55 -0.00222 -3.86649e-02 | 56 -0.00252 -9.79719e-02 | 57 -0.00260 -1.48554e-01
 58 -0.00240 -1.87357e-01 | 59 -0.00191 -2.14321e-01 | 60 -0.00112 -2.33664e-01
 61 -0.00005 -2.53861e-01 | 62  0.00125 -2.83794e-01 | 63  0.00277 -3.23081e-01
 64  0.00455 -3.50547e-01 | 65  0.00671 -3.24932e-01 | 66  0.00926 -2.17689e-01
 67  0.01185 -7.72513e-02 | 68  0.01366 -4.59293e-02 | 69  0.01416 -1.93938e-01
 70  0.01409 -3.18796e-01 | 71  0.01451 -1.82446e-01 | 72  0.01488  1.00682e-01
 73  0.01421  2.90449e-01 | 74  0.01253  3.66010e-01 | 75  0.01032  4.14217e-01
 76  0.00766  4.54605e-01 | 77  0.00455  4.96737e-01 | 78  0.00111  5.74548e-01
 79 -0.00285  6.11753e-01 | 80 -0.00732  5.17515e-01 | 81 -0.01139  4.19793e-01
 82 -0.01442  3.85030e-01 | 83 -0.01678  2.47597e-01 | 84 -0.01888 -9.59168e-02
 85 -0.02059 -5.28036e-01 | 86 -0.02144 -7.98936e-01 | 87 -0.02127 -7.49670e-01
 88 -0.02087 -5.19775e-01 | 89 -0.02183 -5.10847e-01 | 90 -0.02482 -8.51369e-01
 91 -0.02305 -1.96476e-01 | 92 -0.01869  2.05623e-01 | 93 -0.00920  1.00683e+00
 94 -0.00299  7.38061e-01 | 95  0.00171  9.27308e-01 | 96  0.00763  8.89820e-01
 97  0.01518  1.34859e+00 | 98  0.01884  2.18804e+00 | 99  0.01722  2.66609e+00
100  0.01194  2.71778e+00 |101  0.01231  3.60320e+00 |102  0.02044  6.16330e+00
103  0.01457  4.30188e+00 |104  0.01280  1.22826e+00 |105  0.01690  2.89082e-01
106  0.01829  9.24497e-01 |107  0.02079  8.39626e-01 |108 -0.00331  3.24066e-01
109 -0.04279  1.47126e+00 |110 -0.06505 -2.63469e-01 |111 -0.07427 -1.88431e+00
112 -0.06415 -1.40538e+00 |113  0.07440 -2.43000e+00 |114  0.04789 -2.08068e+00
115  0.03351 -1.85158e+00 |116 -0.03422 -1.27369e+00 |117 -0.06724  9.57410e-01
118 -0.02134  4.22554e-01 |119 -0.01066 -1.08224e+00 |120 -0.02652  5.13139e-01
121  0.01138 -8.38865e-01 |122  0.07307 -9.44809e-01 |123  0.00641  1.90421e+00
124  0.08772  1.07075e+00 |125  0.00182 -7.11861e-01 |126  0.12825 -2.52228e+00
127 -0.00441 -1.81127e+00 |128 -0.03693 -4.55750e-02 |129 -0.05270  1.71214e+00
130 -0.02492 -4.87347e-01 |131  0.07225  5.24289e-01 |132  0.00380 -4.41535e-01
133 -0.00359 -2.29749e-01 |134 -0.04649 -3.69264e-01 |135 -0.01368  2.01632e+00
136 -0.00282 -1.18579e-01 |137 -0.00000 -3.74569e-05 |138  0.00000  0.00000e+00
139  0.00000  0.00000e+00 |140  0.00000  0.00000e+00 |141  0.00000  0.00000e+00
142  0.00000  0.00000e+00 |143  0.00000  0.00000e+00 |144  0.00000  0.00000e+00
145  0.00000  0.00000e+00 |146  0.00000  0.00000e+00 |147  0.00000  0.00000e+00
148  0.00000  0.00000e+00 |149  0.00000  0.00000e+00 |150  0.00000  0.00000e+00
151 -0.74792  6.60769e-01 |152 -0.81938  2.64842e+00 |153  0.03177 -2.77214e-04
154 -0.57682 -4.00867e-03 |155  0.03450  2.31025e-04 |156 -0.40376 -2.44884e-03
157  0.81922  6.95204e-03 |158 -0.10825 -7.46785e-04 |159  0.19766  9.94969e-04
160 -0.23782 -1.76562e-03 |161  0.16583  6.60714e-04 |162 -0.57183 -3.94455e-03
163 -0.00731  6.16447e-05 |164 -0.42445 -2.40571e-03 |165  0.82196  1.08581e-02
166  0.12253  5.51908e-04 |167 -0.03993 -1.62858e-04 |168 -0.12018 -5.99870e-04
169  0.09423  4.53189e-04 |170  0.04798  2.40020e-04 |171  0.14449  4.76471e-04
172 -0.03734 -1.76552e-05 |173 -0.38521  1.93131e+00 |174 -0.50117  2.59983e-03
175 -0.26617  1.80477e-01 |176 -0.26045  1.09033e+01 |177  0.80064  8.47511e+01
178  0.15712  1.89654e-02 |179 -0.05469  1.72660e-02 |180 -0.25929  1.90150e-01
181 -0.55024  2.85284e-02 |182 -0.18882  2.37605e-01 |183 -0.04497  1.63664e-02
184 -0.28409  5.82804e-01 |185  0.81681 -3.51483e+00 |186  0.08719  1.00474e-03
187 -0.51893 -3.33397e-03 |188  0.07754  2.24555e-04 |189 -0.40554 -2.01572e-03
190 -0.14465  3.89896e-04 |191  0.06276  6.31139e-04 |192 -0.17310 -4.89428e-04
193 -0.15451 -8.47368e-04 |194 -0.99999 -1.02831e-02 |195 -0.13819 -4.73120e-04
196  0.22515  1.08704e-03 |197  0.01171  1.23113e-04 |198 -0.30006  3.90463e-01
199 -0.43558  1.03437e-03 |200  0.06928 -1.72050e-02 |201 -0.23301  2.39590e+00
202  0.80943  2.04083e+01 |
size of file gradfil1.tmp = 0
size of file gradfil2.tmp = 0
size of file varssave.tmp = 0
size of file cmpdiff.tmp = 1000000040
