
 - final statistics:
3 variables; iteration 0; function evaluation 0
Function value 7.0172e+03; maximum gradient component mag -7.2991e-04
Exit code = 0;  converg criter 1.0000e+01
Var    Value     Gradient |Var    Value     Gradient |Var    Value     Gradient
  1  0.82552 -7.29913e-04 |  2 -0.64808 -1.25124e-04 |  3 -0.99393  6.18941e-07

Initial statistics: 15 variables; iteration 0; function evaluation 0; phase 2
Function value 7.0171548e+03; maximum gradient component mag 3.9972e+01
Var    Value     Gradient |Var    Value     Gradient |Var    Value     Gradient
  1 -0.38767  2.42349e+01 |  2  0.35802 -3.32562e+00 |  3 -0.14696  5.97313e-01
  4  0.02639 -9.02083e-01 |  5 -0.68375 -1.98535e+00 |  6 -0.61919  2.07534e+01
  7 -0.41866 -7.95647e+00 |  8  0.35663  1.61881e+01 |  9 -0.20076  7.91091e-01
 10  0.08187  7.81448e+00 | 11 -0.61141 -1.09273e+00 | 12 -0.63626  3.99715e+01
 13  0.82552 -7.29913e-04 | 14 -0.64808 -1.25124e-04 | 15 -0.99393  6.18941e-07

 - final statistics:
15 variables; iteration 17; function evaluation 25
Function value 7.0171e+03; maximum gradient component mag -7.3019e-02
Exit code = 1;  converg criter 1.0000e+01
Var    Value     Gradient |Var    Value     Gradient |Var    Value     Gradient
  1 -0.38897  6.75311e-04 |  2  0.35826  3.17975e-02 |  3 -0.14664  2.18770e-03
  4  0.02593  9.00664e-03 |  5 -0.67877  8.80760e-04 |  6 -0.62012 -1.05129e-02
  7 -0.41865 -2.79453e-03 |  8  0.35634  4.80117e-02 |  9 -0.20075  1.06190e-02
 10  0.08185  1.92721e-02 | 11 -0.60438 -1.15788e-02 | 12 -0.63811 -7.30194e-02
 13  0.82529 -3.35657e-03 | 14 -0.64844 -5.60548e-04 | 15 -0.99417 -7.80688e-05

Initial statistics: 174 variables; iteration 0; function evaluation 0; phase 3
Function value 7.0170809e+03; maximum gradient component mag 1.2210e+01
Var    Value     Gradient |Var    Value     Gradient |Var    Value     Gradient
  1 -0.38897  6.75311e-04 |  2  0.35826  3.17975e-02 |  3 -0.14664  2.18770e-03
  4  0.02593  9.00664e-03 |  5 -0.67877  8.80760e-04 |  6 -0.62012 -1.05129e-02
  7 -0.41865 -2.79453e-03 |  8  0.35634  4.80117e-02 |  9 -0.20075  1.06190e-02
 10  0.08185  1.92721e-02 | 11 -0.60438 -1.15788e-02 | 12 -0.63811 -7.30194e-02
 13  0.82529 -3.35657e-03 | 14 -0.00261  4.35164e-02 | 15 -0.00262  4.44568e-02
 16 -0.00263  4.53799e-02 | 17 -0.00262  4.63066e-02 | 18 -0.00261  4.72229e-02
 19 -0.00258  4.81283e-02 | 20 -0.00255  4.90145e-02 | 21 -0.00250  4.98761e-02
 22 -0.00244  5.07143e-02 | 23 -0.00237  5.15231e-02 | 24 -0.00229  5.22948e-02
 25 -0.00219  5.30124e-02 | 26 -0.00208  5.36875e-02 | 27 -0.00196  5.43050e-02
 28 -0.00182  5.48414e-02 | 29 -0.00167  5.53093e-02 | 30 -0.00151  5.56842e-02
 31 -0.00133  5.59596e-02 | 32 -0.00114  5.61232e-02 | 33 -0.00093  5.61616e-02
 34 -0.00072  5.60632e-02 | 35 -0.00049  5.58153e-02 | 36 -0.00026  5.53988e-02
 37 -0.00002  5.48032e-02 | 38  0.00020  5.40006e-02 | 39  0.00041  5.29917e-02
 40  0.00060  5.17325e-02 | 41  0.00075  5.02195e-02 | 42  0.00086  4.84294e-02
 43  0.00091  4.63468e-02 | 44  0.00090  4.39525e-02 | 45  0.00083  4.12224e-02
 46  0.00069  3.81562e-02 | 47  0.00050  3.47484e-02 | 48  0.00026  3.09717e-02
 49 -0.00001  2.68155e-02 | 50 -0.00030  2.23057e-02 | 51 -0.00056  1.74106e-02
 52 -0.00079  1.21000e-02 | 53 -0.00094  6.38025e-03 | 54 -0.00099  2.42966e-04
 55 -0.00091 -6.39994e-03 | 56 -0.00066 -1.35462e-02 | 57 -0.00022 -2.12905e-02
 58  0.00045 -2.96914e-02 | 59  0.00137 -3.88648e-02 | 60  0.00256 -4.89321e-02
 61  0.00404 -6.00110e-02 | 62  0.00580 -7.22944e-02 | 63  0.00783 -8.59823e-02
 64  0.01011 -1.01253e-01 | 65  0.01256 -1.18273e-01 | 66  0.01508 -1.37225e-01
 67  0.01752 -1.58154e-01 | 68  0.01970 -1.80954e-01 | 69  0.02143 -2.05440e-01
 70  0.02254 -2.31259e-01 | 71  0.02293 -2.57989e-01 | 72  0.02261 -2.85398e-01
 73  0.02168 -3.13270e-01 | 74  0.02023 -3.41628e-01 | 75  0.01831 -3.70295e-01
 76  0.01590 -3.98871e-01 | 77  0.01291 -4.26645e-01 | 78  0.00931 -4.52879e-01
 79  0.00522 -4.77291e-01 | 80  0.00097 -4.99011e-01 | 81 -0.00296 -5.20283e-01
 82 -0.00620 -5.42124e-01 | 83 -0.00860 -5.64870e-01 | 84 -0.01033 -5.87692e-01
 85 -0.01173 -6.08848e-01 | 86 -0.01293 -6.27004e-01 | 87 -0.01352 -6.41126e-01
 88 -0.01312 -6.51080e-01 | 89 -0.01209 -6.58522e-01 | 90 -0.00933 -6.54538e-01
 91 -0.00485 -6.40234e-01 | 92  0.00133 -6.06294e-01 | 93  0.00519 -5.40186e-01
 94  0.00820 -4.34601e-01 | 95  0.01087 -2.78051e-01 | 96  0.00611 -1.00572e-01
 97  0.00747  7.52292e-02 | 98  0.02557  3.45680e-01 | 99  0.01874  5.26991e-01
100  0.00021  5.17233e-01 |101  0.01997  6.82696e-01 |102  0.08630  1.03473e+00
103  0.03406  2.68608e-01 |104 -0.00555 -2.23366e-01 |105  0.00548 -8.36561e-01
106  0.01794 -1.83864e+00 |107  0.03196 -3.22203e+00 |108 -0.00073 -3.13962e+00
109 -0.06704 -1.62709e+00 |110 -0.08406  9.90679e-01 |111 -0.08247  5.82203e+00
112 -0.04737  1.07133e+01 |113  0.06416  1.22101e+01 |114  0.01510  1.00101e+00
115  0.00908  7.79748e-01 |116 -0.04026  2.08927e+00 |117 -0.08121 -2.45809e-01
118 -0.03137 -1.51665e+00 |119 -0.02415 -2.47347e-02 |120 -0.04966 -5.87741e+00
121  0.00275 -1.63926e+00 |122  0.03969 -4.00432e+00 |123 -0.00317 -1.63509e+00
124  0.04570 -1.57745e+00 |125 -0.01655 -9.83306e-01 |126  0.10265  2.20687e+00
127 -0.01123 -7.57054e-01 |128 -0.05016 -4.70987e+00 |129 -0.06006 -3.85468e+00
130 -0.02641 -4.00563e+00 |131  0.08554  3.04456e+00 |132  0.02400  5.26400e+00
133  0.01266  3.48424e+00 |134 -0.03397  1.27807e+00 |135 -0.01914  1.59275e-01
136 -0.00406 -2.92088e-01 |137 -0.00000 -5.16835e-06 |138 -0.64844 -5.60548e-04
139 -0.99417 -7.80688e-05 |140  0.03121  5.09323e+00 |141 -0.58651  3.53035e-04
142  0.03495 -1.76925e+00 |143 -0.10991  3.24489e-01 |144  0.20000 -5.08677e-02
145  0.16748  4.04798e+00 |146 -0.58136  2.49691e-04 |147 -0.00720 -1.96573e+00
148  0.12386  1.02706e+00 |149 -0.04033 -5.92795e-01 |150  0.09532  1.26311e+00
151  0.04853 -1.24537e+00 |152  0.14563  1.51035e+00 |153 -0.03738 -1.00851e+00
154 -0.58548 -7.43918e-02 |155 -0.50980 -1.65142e-05 |156 -0.20972  3.18049e-02
157 -0.21217 -3.53104e-02 |158  0.19395  1.82025e-01 |159  0.08261  6.16701e-02
160 -0.39563  2.20263e-01 |161 -0.20088  7.12128e-01 |162 -0.03778 -1.64040e-02
163  0.08906  6.63627e-01 |164 -0.52696  2.30137e-04 |165  0.07864 -1.93548e-01
166  0.06407  4.37907e+00 |167 -0.17462  6.45352e+00 |168 -0.15651 -4.65575e-01
169  0.22776  3.37374e-01 |170  0.01200 -3.46908e-01 |171 -0.36298 -2.37636e-02
172 -0.44269 -4.40658e-04 |173 -0.04126 -6.11307e-02 |174 -0.30026 -1.39972e-01

Intermediate statistics: 174 variables; iteration 20; function evaluation 22; phase 3
Function value 7.0168660e+03; maximum gradient component mag -4.6992e+01
Var    Value     Gradient |Var    Value     Gradient |Var    Value     Gradient
  1 -0.38932 -1.02938e+01 |  2  0.35802 -4.02838e+01 |  3 -0.14694 -4.69915e+01
  4  0.02565 -3.70720e+01 |  5 -0.67895 -1.60615e-01 |  6 -0.62003  1.06378e+00
  7 -0.41883 -1.76857e+00 |  8  0.35588 -2.74133e+01 |  9 -0.20061 -1.40839e+01
 10  0.08182 -1.73057e+01 | 11 -0.60528 -8.99235e-01 | 12 -0.63812 -3.85283e+00
 13  0.82521  1.12590e+00 | 14 -0.00265  7.65356e-02 | 15 -0.00267  7.87185e-02
 16 -0.00267  8.09417e-02 | 17 -0.00266  8.32115e-02 | 18 -0.00265  8.55233e-02
 19 -0.00262  8.78767e-02 | 20 -0.00259  9.02684e-02 | 21 -0.00254  9.26959e-02
 22 -0.00248  9.51581e-02 | 23 -0.00241  9.76514e-02 | 24 -0.00233  1.00171e-01
 25 -0.00223  1.02710e-01 | 26 -0.00212  1.05269e-01 | 27 -0.00199  1.07838e-01
 28 -0.00186  1.10409e-01 | 29 -0.00171  1.12979e-01 | 30 -0.00154  1.15536e-01
 31 -0.00136  1.18075e-01 | 32 -0.00117  1.20584e-01 | 33 -0.00096  1.23054e-01
 34 -0.00074  1.25474e-01 | 35 -0.00051  1.27829e-01 | 36 -0.00028  1.30105e-01
 37 -0.00004  1.32284e-01 | 38  0.00019  1.34343e-01 | 39  0.00040  1.36264e-01
 40  0.00059  1.38013e-01 | 41  0.00075  1.39566e-01 | 42  0.00086  1.40892e-01
 43  0.00092  1.41960e-01 | 44  0.00092  1.42741e-01 | 45  0.00085  1.43204e-01
 46  0.00072  1.43329e-01 | 47  0.00053  1.43101e-01 | 48  0.00029  1.42500e-01
 49  0.00002  1.41519e-01 | 50 -0.00026  1.40165e-01 | 51 -0.00052  1.38430e-01
 52 -0.00074  1.36311e-01 | 53 -0.00089  1.33815e-01 | 54 -0.00094  1.30944e-01
 55 -0.00085  1.27675e-01 | 56 -0.00060  1.24007e-01 | 57 -0.00015  1.19907e-01
 58  0.00052  1.15344e-01 | 59  0.00144  1.10260e-01 | 60  0.00264  1.04584e-01
 61  0.00411  9.82302e-02 | 62  0.00588  9.10717e-02 | 63  0.00791  8.29566e-02
 64  0.01019  7.37127e-02 | 65  0.01264  6.31389e-02 | 66  0.01516  5.09980e-02
 67  0.01760  3.70706e-02 | 68  0.01978  2.11837e-02 | 69  0.02151  3.22622e-03
 70  0.02262 -1.67721e-02 | 71  0.02301 -3.86364e-02 | 72  0.02269 -6.21278e-02
 73  0.02175 -8.69295e-02 | 74  0.02030 -1.12763e-01 | 75  0.01839 -1.39261e-01
 76  0.01598 -1.65920e-01 | 77  0.01299 -1.92034e-01 | 78  0.00938 -2.16800e-01
 79  0.00529 -2.39574e-01 | 80  0.00105 -2.59394e-01 | 81 -0.00287 -2.76852e-01
 82 -0.00611 -2.91891e-01 | 83 -0.00850 -3.04011e-01 | 84 -0.01023 -3.12247e-01
 85 -0.01162 -3.15700e-01 | 86 -0.01281 -3.14845e-01 | 87 -0.01339 -3.10304e-01
 88 -0.01297 -3.00304e-01 | 89 -0.01192 -2.84590e-01 | 90 -0.00916 -2.61593e-01
 91 -0.00467 -2.22288e-01 | 92  0.00154 -1.48489e-01 | 93  0.00542 -3.37219e-02
 94  0.00844  1.02220e-01 | 95  0.01107  2.85805e-01 | 96  0.00629  4.72329e-01
 97  0.00768  6.52067e-01 | 98  0.02568  1.02074e+00 | 99  0.01887  1.25778e+00
100  0.00047  1.19178e+00 |101  0.02016  1.52079e+00 |102  0.08651  2.62539e+00
103  0.03477  1.82590e+00 |104 -0.00513  7.85755e-01 |105  0.00582  4.72259e-02
106  0.01820 -1.06292e+00 |107  0.03214 -2.53304e+00 |108 -0.00019 -2.50388e+00
109 -0.06599 -1.25799e+00 |110 -0.08332  7.10249e-01 |111 -0.08370  3.80168e+00
112 -0.05137  6.20253e+00 |113  0.06233  6.28026e+00 |114  0.01695 -7.06587e-01
115  0.00801 -1.91540e+00 |116 -0.04223 -1.37063e-01 |117 -0.08163 -1.49002e+00
118 -0.03052 -2.20434e+00 |119 -0.02855 -1.91685e+00 |120 -0.04083 -3.34208e+00
121 -0.00040 -2.77395e+00 |122  0.04113 -3.62977e+00 |123 -0.00313 -1.68917e+00
124  0.04572 -1.57390e+00 |125 -0.01554 -5.47908e-01 |126  0.10265  1.29055e+00
127 -0.00907 -4.30466e-01 |128 -0.04124 -1.90029e+00 |129 -0.05226 -1.42760e+00
130 -0.01851 -1.31151e+00 |131  0.07947  1.22792e+00 |132  0.01280  1.65692e+00
133  0.00335  7.68188e-01 |134 -0.03835  2.24063e-01 |135 -0.01983 -1.54073e-02
136 -0.00324 -1.39915e-01 |137 -0.00000 -1.53290e-06 |138 -0.64868  1.28641e-01
139 -0.99417  3.03306e-02 |140  0.03149  1.59199e+01 |141 -0.58651  7.51438e-04
142  0.03418 -1.18215e+01 |143 -0.11129  2.27196e-01 |144  0.19840 -4.28181e-01
145  0.16738  3.90589e+00 |146 -0.58136  2.67618e-04 |147 -0.00712 -9.72554e-01
148  0.12222  1.04750e-01 |149 -0.04163 -1.51315e-01 |150  0.09343 -7.93462e-01
151  0.04799  1.37447e+00 |152  0.14435 -1.38134e+00 |153 -0.03778  1.16124e+00
154 -0.58539  6.13402e-01 |155 -0.50980  2.10705e-03 |156 -0.20970  3.59158e-02
157 -0.21198  6.59817e+00 |158  0.19330 -5.24088e-01 |159  0.08235  2.22539e-01
160 -0.39735  2.09648e-01 |161 -0.20612  5.90457e-01 |162 -0.03768 -1.67920e-02
163  0.08891 -8.07304e-02 |164 -0.52696 -2.41272e-05 |165  0.07866  1.25738e-02
166  0.06408  7.77729e+00 |167 -0.17447  1.19228e+01 |168 -0.15646 -8.31893e-01
169  0.22719  3.22775e-01 |170  0.01164 -3.17354e-01 |171 -0.36226  3.00254e-01
172 -0.44268  1.27056e-03 |173 -0.04034 -2.02806e-01 |174 -0.30039  4.41584e-01
174 variables; iteration 40; function evaluation 42; phase 3
Function value 7.0167504e+03; maximum gradient component mag -2.0661e+01
Var    Value     Gradient |Var    Value     Gradient |Var    Value     Gradient
  1 -0.38881 -4.18477e+00 |  2  0.35780 -1.78200e+01 |  3 -0.14702 -2.06608e+01
  4  0.02665 -1.48866e+01 |  5 -0.67908  1.49224e-02 |  6 -0.62016  3.66529e-01
  7 -0.41849 -5.46513e-01 |  8  0.35601 -1.13529e+01 |  9 -0.20065 -5.77681e+00
 10  0.08209 -8.21927e+00 | 11 -0.60553 -4.72567e-01 | 12 -0.63810 -1.59871e+00
 13  0.82604  1.05890e+00 | 14 -0.00260  4.51204e-02 | 15 -0.00261  4.60798e-02
 16 -0.00262  4.70128e-02 | 17 -0.00261  4.79302e-02 | 18 -0.00260  4.88194e-02
 19 -0.00257  4.96768e-02 | 20 -0.00254  5.04932e-02 | 21 -0.00249  5.12611e-02
 22 -0.00243  5.19773e-02 | 23 -0.00236  5.26332e-02 | 24 -0.00228  5.32194e-02
 25 -0.00219  5.37200e-02 | 26 -0.00208  5.41378e-02 | 27 -0.00196  5.44581e-02
 28 -0.00182  5.46608e-02 | 29 -0.00168  5.47503e-02 | 30 -0.00152  5.47066e-02
 31 -0.00134  5.45230e-02 | 32 -0.00115  5.41899e-02 | 33 -0.00095  5.36988e-02
 34 -0.00074  5.30440e-02 | 35 -0.00051  5.22215e-02 | 36 -0.00029  5.12245e-02
 37 -0.00006  5.00546e-02 | 38  0.00016  4.87030e-02 | 39  0.00037  4.71821e-02
 40  0.00055  4.54747e-02 | 41  0.00069  4.35925e-02 | 42  0.00080  4.15347e-02
 43  0.00084  3.93078e-02 | 44  0.00083  3.69188e-02 | 45  0.00075  3.43760e-02
 46  0.00061  3.17113e-02 | 47  0.00041  2.89614e-02 | 48  0.00016  2.61567e-02
 49 -0.00011  2.33483e-02 | 50 -0.00040  2.06192e-02 | 51 -0.00066  1.80159e-02
 52 -0.00089  1.55856e-02 | 53 -0.00104  1.33963e-02 | 54 -0.00109  1.14976e-02
 55 -0.00100  9.87421e-03 | 56 -0.00075  8.55945e-03 | 57 -0.00030  7.50734e-03
 58  0.00038  6.68295e-03 | 59  0.00131  5.99877e-03 | 60  0.00251  5.35105e-03
 61  0.00400  4.62812e-03 | 62  0.00577  3.65310e-03 | 63  0.00782  2.23173e-03
 64  0.01011  1.77210e-04 | 65  0.01257 -2.70285e-03 | 66  0.01510 -6.63113e-03
 67  0.01756 -1.17611e-02 | 68  0.01975 -1.82008e-02 | 69  0.02149 -2.60653e-02
 70  0.02261 -3.54017e-02 | 71  0.02301 -4.61897e-02 | 72  0.02269 -5.83600e-02
 73  0.02176 -7.17493e-02 | 74  0.02031 -8.62281e-02 | 75  0.01839 -1.01629e-01
 76  0.01598 -1.17739e-01 | 77  0.01298 -1.34229e-01 | 78  0.00937 -1.50720e-01
 79  0.00526 -1.66977e-01 | 80  0.00100 -1.82511e-01 | 81 -0.00295 -1.97794e-01
 82 -0.00621 -2.12406e-01 | 83 -0.00864 -2.24917e-01 | 84 -0.01039 -2.32974e-01
 85 -0.01179 -2.33774e-01 | 86 -0.01297 -2.25215e-01 | 87 -0.01354 -2.07583e-01
 88 -0.01309 -1.79423e-01 | 89 -0.01198 -1.35160e-01 | 90 -0.00916 -8.34770e-02
 91 -0.00462 -2.06957e-02 | 92  0.00160  5.53513e-02 | 93  0.00552  1.56676e-01
 94  0.00856  2.64767e-01 | 95  0.01117  3.86153e-01 | 96  0.00635  4.81056e-01
 97  0.00762  5.43909e-01 | 98  0.02542  6.95762e-01 | 99  0.01837  6.91826e-01
100  0.00004  5.58340e-01 |101  0.01938  5.07934e-01 |102  0.08502  6.53640e-01
103  0.03397  4.49816e-01 |104 -0.00566  2.20914e-01 |105  0.00495  1.82715e-02
106  0.01810 -2.09222e-01 |107  0.03369 -3.96881e-01 |108  0.00054 -5.48372e-01
109 -0.06461 -2.40373e-02 |110 -0.08304  7.98319e-01 |111 -0.08665  1.83179e+00
112 -0.05660  2.61240e+00 |113  0.05942  2.44153e+00 |114  0.01789 -6.17866e-01
115  0.00884 -1.01768e+00 |116 -0.04345 -4.08061e-01 |117 -0.08141 -7.23925e-01
118 -0.03036 -1.18396e+00 |119 -0.02930 -1.01851e+00 |120 -0.03811 -1.46939e+00
121 -0.00103 -1.64190e+00 |122  0.04167 -2.08414e+00 |123 -0.00298 -9.87470e-01
124  0.04586 -9.57800e-01 |125 -0.01554 -4.10962e-01 |126  0.10141  6.42300e-01
127 -0.00795  2.92070e-02 |128 -0.03760 -6.08603e-01 |129 -0.04858 -2.41787e-01
130 -0.01394  2.68933e-02 |131  0.07930  8.63574e-01 |132  0.01168  1.16593e+00
133  0.00279  6.39695e-01 |134 -0.03556  1.10533e+00 |135 -0.01773  5.60476e-01
136 -0.00391 -3.06082e-01 |137 -0.00000 -3.68510e-06 |138 -0.64732  1.00730e+00
139 -0.99417  1.32672e-02 |140  0.03079  6.77323e+00 |141 -0.58654  3.53229e-04
142  0.03432 -5.03285e+00 |143 -0.11041  5.98151e-01 |144  0.19918 -9.70517e-02
145  0.16675  1.44567e+00 |146 -0.58133  5.69206e-05 |147 -0.00770 -5.50881e-01
148  0.11886 -2.89968e-01 |149 -0.04558 -9.24347e-01 |150  0.09429 -2.54700e-01
151  0.04838  1.12746e+00 |152  0.14442  3.01799e-02 |153 -0.03798 -2.69168e-02
154 -0.58525  2.81640e-01 |155 -0.50982  9.15689e-04 |156 -0.20977 -9.75931e-03
157 -0.21218  2.72851e+00 |158  0.19317 -5.47384e-01 |159  0.08231  7.31588e-01
160 -0.45403  4.63323e-02 |161 -0.24615  3.57437e-02 |162 -0.03008 -1.61780e-03
163  0.08867 -5.28853e-01 |164 -0.52696 -1.72982e-04 |165  0.07870  3.08796e-01
166  0.06394  3.40682e+00 |167 -0.17466  4.90980e+00 |168 -0.15645 -4.33050e-01
169  0.23481  1.25955e+00 |170  0.01581 -9.09743e-01 |171 -0.37100 -7.66810e-01
172 -0.44265 -5.08191e-03 |173 -0.04704 -4.88367e-01 |174 -0.29813 -5.27883e-01

 - final statistics:
174 variables; iteration 58; function evaluation 70
Function value 7.0167e+03; maximum gradient component mag -9.7260e-01
Exit code = 1;  converg criter 1.0000e+00
Var    Value     Gradient |Var    Value     Gradient |Var    Value     Gradient
  1 -0.38899 -1.87279e-01 |  2  0.35806 -7.93069e-01 |  3 -0.14668 -9.72604e-01
  4  0.02648 -6.24067e-01 |  5 -0.67917 -5.59848e-02 |  6 -0.62017  7.88711e-03
  7 -0.41870  2.46499e-02 |  8  0.35593 -5.28565e-01 |  9 -0.20081 -2.21603e-01
 10  0.08276 -4.54604e-01 | 11 -0.60527 -2.58508e-02 | 12 -0.63814 -8.09256e-02
 13  0.82540 -4.61008e-03 | 14 -0.00271 -7.26944e-04 | 15 -0.00272 -6.62562e-04
 16 -0.00273 -5.93358e-04 | 17 -0.00272 -5.18311e-04 | 18 -0.00271 -4.37179e-04
 19 -0.00268 -3.49286e-04 | 20 -0.00265 -2.54006e-04 | 21 -0.00260 -1.50497e-04
 22 -0.00254 -3.76351e-05 | 23 -0.00247  8.57036e-05 | 24 -0.00239  2.20732e-04
 25 -0.00229  3.68575e-04 | 26 -0.00218  5.31174e-04 | 27 -0.00206  7.09927e-04
 28 -0.00192  9.06111e-04 | 29 -0.00177  1.12193e-03 | 30 -0.00160  1.35875e-03
 31 -0.00142  1.61841e-03 | 32 -0.00123  1.90260e-03 | 33 -0.00102  2.21300e-03
 34 -0.00080  2.55114e-03 | 35 -0.00056  2.91831e-03 | 36 -0.00033  3.31514e-03
 37 -0.00009  3.74160e-03 | 38  0.00014  4.19613e-03 | 39  0.00036  4.67589e-03
 40  0.00056  5.17537e-03 | 41  0.00072  5.68724e-03 | 42  0.00083  6.20172e-03
 43  0.00089  6.70741e-03 | 44  0.00090  7.19224e-03 | 45  0.00083  7.64498e-03
 46  0.00071  8.05701e-03 | 47  0.00052  8.42338e-03 | 48  0.00029  8.74312e-03
 49  0.00003  9.01868e-03 | 50 -0.00024  9.25463e-03 | 51 -0.00050  9.45351e-03
 52 -0.00072  9.61389e-03 | 53 -0.00086  9.72927e-03 | 54 -0.00090  9.78685e-03
 55 -0.00081  9.76760e-03 | 56 -0.00055  9.65257e-03 | 57 -0.00010  9.42334e-03
 58  0.00058  9.06859e-03 | 59  0.00151  8.58564e-03 | 60  0.00270  7.98278e-03
 61  0.00419  7.27752e-03 | 62  0.00595  6.49483e-03 | 63  0.00800  5.66589e-03
 64  0.01028  4.82257e-03 | 65  0.01274  3.99396e-03 | 66  0.01527  3.22342e-03
 67  0.01772  2.53767e-03 | 68  0.01992  1.91845e-03 | 69  0.02166  1.35245e-03
 70  0.02278  7.84180e-04 | 71  0.02318  1.40484e-04 | 72  0.02288 -5.25653e-04
 73  0.02196 -1.22475e-03 | 74  0.02052 -1.81786e-03 | 75  0.01863 -2.26831e-03
 76  0.01623 -2.54952e-03 | 77  0.01326 -2.68401e-03 | 78  0.00967 -2.67050e-03
 79  0.00560 -2.42052e-03 | 80  0.00138 -1.76621e-03 | 81 -0.00253 -5.15820e-04
 82 -0.00574  1.30478e-03 | 83 -0.00811  3.31000e-03 | 84 -0.00981  4.80760e-03
 85 -0.01118  5.00864e-03 | 86 -0.01236  3.12893e-03 | 87 -0.01294 -1.28042e-03
 88 -0.01253 -8.15371e-03 | 89 -0.01150 -1.69626e-02 | 90 -0.00877 -2.58984e-02
 91 -0.00431 -3.43602e-02 | 92  0.00185 -4.18469e-02 | 93  0.00568 -4.28075e-02
 94  0.00863 -3.79499e-02 | 95  0.01115 -2.69012e-02 | 96  0.00625 -1.26297e-02
 97  0.00755  9.45846e-03 | 98  0.02534  3.06228e-02 | 99  0.01835  3.89086e-02
100 -0.00002  4.55400e-02 |101  0.01953  6.60767e-02 |102  0.08511  6.70818e-02
103  0.03405  4.64625e-02 |104 -0.00564 -6.14651e-03 |105  0.00558 -3.82251e-03
106  0.01844 -1.01171e-02 |107  0.03363 -3.12908e-03 |108  0.00223  1.46114e-02
109 -0.06436 -6.94730e-02 |110 -0.08357  2.90258e-03 |111 -0.08851 -6.53794e-03
112 -0.05978  1.82270e-01 |113  0.05778  2.62603e-01 |114  0.02018 -8.83671e-02
115  0.00973 -7.82971e-02 |116 -0.04337  1.28243e-02 |117 -0.08118 -2.24179e-02
118 -0.02962 -5.82021e-02 |119 -0.02897  8.07580e-02 |120 -0.03681 -9.80743e-02
121  0.00007  4.87856e-02 |122  0.04330 -3.78103e-02 |123 -0.00268 -1.89358e-01
124  0.04680 -5.85433e-02 |125 -0.01470 -4.19973e-02 |126  0.10054  3.95984e-02
127 -0.00780  8.29177e-02 |128 -0.03618  5.57834e-02 |129 -0.04826 -5.88800e-02
130 -0.01430 -9.02257e-03 |131  0.07699  8.86323e-02 |132  0.00738 -9.09804e-02
133 -0.00018  4.33111e-02 |134 -0.03973  5.94948e-02 |135 -0.01996  5.21149e-02
136 -0.00297 -2.11593e-02 |137 -0.00000 -7.13634e-08 |138 -0.64872 -5.47332e-02
139 -0.99421  8.19354e-04 |140  0.03031  3.23976e-01 |141 -0.58661  5.75392e-05
142  0.03446 -2.51394e-01 |143 -0.11204 -1.02690e-02 |144  0.19793 -1.57486e-02
145  0.16650  7.47152e-02 |146 -0.58126 -3.93043e-05 |147 -0.00793 -2.61394e-02
148  0.12164  6.69860e-02 |149 -0.04215 -6.57517e-03 |150  0.09286 -3.45671e-02
151  0.04724  3.61773e-02 |152  0.14414 -3.75646e-03 |153 -0.03812  6.71923e-03
154 -0.58569  1.87107e-03 |155 -0.50988  7.80712e-05 |156 -0.21011 -8.74877e-03
157 -0.21226  1.58157e-01 |158  0.19333 -2.34406e-02 |159  0.08195  7.15245e-02
160 -0.50499  1.97865e-02 |161 -0.22911  2.71764e-02 |162 -0.03158  8.94467e-03
163  0.08870 -3.42281e-02 |164 -0.52695 -1.71169e-05 |165  0.07873  1.20224e-02
166  0.06380  1.37206e-01 |167 -0.17477  2.32180e-01 |168 -0.15637 -1.25033e-02
169  0.22570 -7.57408e-04 |170  0.01062 -1.32874e-02 |171 -0.36148 -6.87994e-02
172 -0.44239 -7.00308e-05 |173 -0.03913  7.86029e-02 |174 -0.30077  1.32719e-01

Initial statistics: 189 variables; iteration 0; function evaluation 0; phase 4
Function value 7.0167029e+03; maximum gradient component mag 5.9888e+01
Var    Value     Gradient |Var    Value     Gradient |Var    Value     Gradient
  1 -0.38899 -1.87279e-01 |  2  0.35806 -7.93069e-01 |  3 -0.14668 -9.72604e-01
  4  0.02648 -6.24067e-01 |  5 -0.67917 -5.59848e-02 |  6 -0.62017  7.88711e-03
  7 -0.41870  2.46499e-02 |  8  0.35593 -5.28565e-01 |  9 -0.20081 -2.21603e-01
 10  0.08276 -4.54604e-01 | 11 -0.60527 -2.58508e-02 | 12 -0.63814 -8.09256e-02
 13  0.82540 -4.61008e-03 | 14 -0.00271 -7.26944e-04 | 15 -0.00272 -6.62562e-04
 16 -0.00273 -5.93358e-04 | 17 -0.00272 -5.18311e-04 | 18 -0.00271 -4.37179e-04
 19 -0.00268 -3.49286e-04 | 20 -0.00265 -2.54006e-04 | 21 -0.00260 -1.50497e-04
 22 -0.00254 -3.76351e-05 | 23 -0.00247  8.57036e-05 | 24 -0.00239  2.20732e-04
 25 -0.00229  3.68575e-04 | 26 -0.00218  5.31174e-04 | 27 -0.00206  7.09927e-04
 28 -0.00192  9.06111e-04 | 29 -0.00177  1.12193e-03 | 30 -0.00160  1.35875e-03
 31 -0.00142  1.61841e-03 | 32 -0.00123  1.90260e-03 | 33 -0.00102  2.21300e-03
 34 -0.00080  2.55114e-03 | 35 -0.00056  2.91831e-03 | 36 -0.00033  3.31514e-03
 37 -0.00009  3.74160e-03 | 38  0.00014  4.19613e-03 | 39  0.00036  4.67589e-03
 40  0.00056  5.17537e-03 | 41  0.00072  5.68724e-03 | 42  0.00083  6.20172e-03
 43  0.00089  6.70741e-03 | 44  0.00090  7.19224e-03 | 45  0.00083  7.64498e-03
 46  0.00071  8.05701e-03 | 47  0.00052  8.42338e-03 | 48  0.00029  8.74312e-03
 49  0.00003  9.01868e-03 | 50 -0.00024  9.25463e-03 | 51 -0.00050  9.45351e-03
 52 -0.00072  9.61389e-03 | 53 -0.00086  9.72927e-03 | 54 -0.00090  9.78685e-03
 55 -0.00081  9.76760e-03 | 56 -0.00055  9.65257e-03 | 57 -0.00010  9.42334e-03
 58  0.00058  9.06859e-03 | 59  0.00151  8.58564e-03 | 60  0.00270  7.98278e-03
 61  0.00419  7.27752e-03 | 62  0.00595  6.49483e-03 | 63  0.00800  5.66589e-03
 64  0.01028  4.82257e-03 | 65  0.01274  3.99396e-03 | 66  0.01527  3.22342e-03
 67  0.01772  2.53767e-03 | 68  0.01992  1.91845e-03 | 69  0.02166  1.35245e-03
 70  0.02278  7.84180e-04 | 71  0.02318  1.40484e-04 | 72  0.02288 -5.25653e-04
 73  0.02196 -1.22475e-03 | 74  0.02052 -1.81786e-03 | 75  0.01863 -2.26831e-03
 76  0.01623 -2.54952e-03 | 77  0.01326 -2.68401e-03 | 78  0.00967 -2.67050e-03
 79  0.00560 -2.42052e-03 | 80  0.00138 -1.76621e-03 | 81 -0.00253 -5.15820e-04
 82 -0.00574  1.30478e-03 | 83 -0.00811  3.31000e-03 | 84 -0.00981  4.80760e-03
 85 -0.01118  5.00864e-03 | 86 -0.01236  3.12893e-03 | 87 -0.01294 -1.28042e-03
 88 -0.01253 -8.15371e-03 | 89 -0.01150 -1.69626e-02 | 90 -0.00877 -2.58984e-02
 91 -0.00431 -3.43602e-02 | 92  0.00185 -4.18469e-02 | 93  0.00568 -4.28075e-02
 94  0.00863 -3.79499e-02 | 95  0.01115 -2.69012e-02 | 96  0.00625 -1.26297e-02
 97  0.00755  9.45846e-03 | 98  0.02534  3.06228e-02 | 99  0.01835  3.89086e-02
100 -0.00002  4.55400e-02 |101  0.01953  6.60767e-02 |102  0.08511  6.70818e-02
103  0.03405  4.64625e-02 |104 -0.00564 -6.14651e-03 |105  0.00558 -3.82251e-03
106  0.01844 -1.01171e-02 |107  0.03363 -3.12908e-03 |108  0.00223  1.46114e-02
109 -0.06436 -6.94730e-02 |110 -0.08357  2.90258e-03 |111 -0.08851 -6.53794e-03
112 -0.05978  1.82270e-01 |113  0.05778  2.62603e-01 |114  0.02018 -8.83671e-02
115  0.00973 -7.82971e-02 |116 -0.04337  1.28243e-02 |117 -0.08118 -2.24179e-02
118 -0.02962 -5.82021e-02 |119 -0.02897  8.07580e-02 |120 -0.03681 -9.80743e-02
121  0.00007  4.87856e-02 |122  0.04330 -3.78103e-02 |123 -0.00268 -1.89358e-01
124  0.04680 -5.85433e-02 |125 -0.01470 -4.19973e-02 |126  0.10054  3.95984e-02
127 -0.00780  8.29177e-02 |128 -0.03618  5.57834e-02 |129 -0.04826 -5.88800e-02
130 -0.01430 -9.02257e-03 |131  0.07699  8.86323e-02 |132  0.00738 -9.09804e-02
133 -0.00018  4.33111e-02 |134 -0.03973  5.94948e-02 |135 -0.01996  5.21149e-02
136 -0.00297 -2.11593e-02 |137 -0.00000 -7.13634e-08 |138 -0.64872 -5.47332e-02
139 -0.99421  8.19354e-04 |140  0.03031  3.23976e-01 |141 -0.58661  5.75392e-05
142  0.03446 -2.51394e-01 |143 -0.40376  6.84893e-01 |144  0.81922  5.98884e+01
145 -0.11204 -1.02690e-02 |146  0.19793 -1.57486e-02 |147 -0.23782 -1.45257e-01
148  0.16650  7.47152e-02 |149 -0.58126 -3.93043e-05 |150 -0.00793 -2.61394e-02
151 -0.42445  6.62644e-01 |152  0.82196  5.25269e+01 |153  0.12164  6.69860e-02
154 -0.04215 -6.57517e-03 |155 -0.12018  2.84622e-01 |156  0.09286 -3.45671e-02
157  0.04724  3.61773e-02 |158  0.14414 -3.75646e-03 |159 -0.03812  6.71923e-03
160 -0.58569  1.87107e-03 |161 -0.50988  7.80712e-05 |162 -0.21011 -8.74877e-03
163 -0.21226  1.58157e-01 |164  0.80064  7.31811e-02 |165  0.19333 -2.34406e-02
166  0.08195  7.15245e-02 |167 -0.25929  1.03548e+00 |168 -0.50499  1.97865e-02
169 -0.22911  2.71764e-02 |170 -0.03158  8.94467e-03 |171 -0.28409  2.67749e-01
172  0.81681 -4.38476e+00 |173  0.08870 -3.42281e-02 |174 -0.52695 -1.71169e-05
175  0.07873  1.20224e-02 |176 -0.40554  1.58085e-01 |177 -0.14465  2.10067e+00
178  0.06380  1.37206e-01 |179 -0.17477  2.32180e-01 |180 -0.15637 -1.25033e-02
181 -0.99999 -1.09140e-05 |182 -0.13819  4.58442e+00 |183  0.22570 -7.57408e-04
184  0.01062 -1.32874e-02 |185 -0.36148 -6.87994e-02 |186 -0.44239 -7.00308e-05
187 -0.03913  7.86029e-02 |188 -0.30077  1.32719e-01 |189  0.80943  1.68156e+01

Intermediate statistics: 189 variables; iteration 20; function evaluation 23; phase 4
Function value 7.0166896e+03; maximum gradient component mag 8.4878e+00
Var    Value     Gradient |Var    Value     Gradient |Var    Value     Gradient
  1 -0.38918  1.22228e+00 |  2  0.35808 -7.04910e-01 |  3 -0.14649 -4.39462e+00
  4  0.02634 -1.80653e+00 |  5 -0.67867 -3.36305e-01 |  6 -0.62038 -4.50175e+00
  7 -0.41889  7.54394e-01 |  8  0.35595  1.46044e+00 |  9 -0.20057 -1.39411e+00
 10  0.08260  6.18976e-01 | 11 -0.60466 -1.18035e-01 | 12 -0.63832 -3.66560e+00
 13  0.82583 -1.10583e-01 | 14 -0.00277 -2.05231e-02 | 15 -0.00278 -2.10266e-02
 16 -0.00279 -2.15313e-02 | 17 -0.00279 -2.20357e-02 | 18 -0.00277 -2.25380e-02
 19 -0.00275 -2.30363e-02 | 20 -0.00271 -2.35286e-02 | 21 -0.00267 -2.40122e-02
 22 -0.00261 -2.44843e-02 | 23 -0.00254 -2.49418e-02 | 24 -0.00246 -2.53811e-02
 25 -0.00236 -2.57982e-02 | 26 -0.00225 -2.61887e-02 | 27 -0.00213 -2.65479e-02
 28 -0.00199 -2.68706e-02 | 29 -0.00184 -2.71513e-02 | 30 -0.00167 -2.73842e-02
 31 -0.00149 -2.75632e-02 | 32 -0.00129 -2.76817e-02 | 33 -0.00108 -2.77331e-02
 34 -0.00086 -2.77103e-02 | 35 -0.00063 -2.76062e-02 | 36 -0.00039 -2.74133e-02
 37 -0.00015 -2.71240e-02 | 38  0.00009 -2.67305e-02 | 39  0.00031 -2.62250e-02
 40  0.00051 -2.56000e-02 | 41  0.00067 -2.48483e-02 | 42  0.00079 -2.39633e-02
 43  0.00086 -2.29394e-02 | 44  0.00087 -2.17719e-02 | 45  0.00081 -2.04573e-02
 46  0.00069 -1.89934e-02 | 47  0.00051 -1.73794e-02 | 48  0.00029 -1.56157e-02
 49  0.00003 -1.37043e-02 | 50 -0.00023 -1.16485e-02 | 51 -0.00048 -9.45353e-03
 52 -0.00069 -7.12579e-03 | 53 -0.00083 -4.67290e-03 | 54 -0.00086 -2.10324e-03
 55 -0.00076  5.74635e-04 | 56 -0.00049  3.35319e-03 | 57 -0.00003  6.22628e-03
 58  0.00065  9.19038e-03 | 59  0.00159  1.22447e-02 | 60  0.00280  1.53916e-02
 61  0.00429  1.86355e-02 | 62  0.00607  2.19824e-02 | 63  0.00812  2.54371e-02
 64  0.01041  2.89994e-02 | 65  0.01288  3.26586e-02 | 66  0.01542  3.63905e-02
 67  0.01788  4.01436e-02 | 68  0.02009  4.38270e-02 | 69  0.02184  4.73215e-02
 70  0.02297  5.04799e-02 | 71  0.02338  5.31551e-02 | 72  0.02308  5.52584e-02
 73  0.02216  5.67177e-02 | 74  0.02073  5.75133e-02 | 75  0.01883  5.75836e-02
 76  0.01643  5.68325e-02 | 77  0.01346  5.51395e-02 | 78  0.00986  5.24319e-02
 79  0.00579  4.87496e-02 | 80  0.00155  4.41289e-02 | 81 -0.00236  3.88915e-02
 82 -0.00559  3.31122e-02 | 83 -0.00797  2.67001e-02 | 84 -0.00968  1.94488e-02
 85 -0.01106  1.11813e-02 | 86 -0.01224  1.86183e-03 | 87 -0.01282 -8.43948e-03
 88 -0.01241 -1.97859e-02 | 89 -0.01136 -3.22419e-02 | 90 -0.00862 -4.56905e-02
 91 -0.00415 -6.11679e-02 | 92  0.00201 -7.95267e-02 | 93  0.00584 -9.80943e-02
 94  0.00877 -1.15403e-01 | 95  0.01125 -1.30341e-01 | 96  0.00631 -1.35815e-01
 97  0.00757 -1.42179e-01 | 98  0.02533 -1.64336e-01 | 99  0.01834 -1.52116e-01
100 -0.00002 -1.21688e-01 |101  0.01951 -1.27981e-01 |102  0.08516 -1.95859e-01
103  0.03403 -1.20580e-01 |104 -0.00561 -8.56937e-02 |105  0.00554 -7.97237e-02
106  0.01841 -7.12479e-02 |107  0.03355 -4.25856e-02 |108  0.00208  2.67543e-02
109 -0.06424  7.44393e-02 |110 -0.08360  1.21545e-01 |111 -0.08845  1.72712e-01
112 -0.06000  2.85241e-01 |113  0.05769  7.08937e-01 |114  0.02025  3.37321e-01
115  0.00930  9.99581e-02 |116 -0.04399 -9.88202e-03 |117 -0.08169 -3.14393e-02
118 -0.03020 -8.59215e-02 |119 -0.02980 -6.81335e-02 |120 -0.03696 -2.50830e-02
121 -0.00046  2.43318e-02 |122  0.04285  6.06069e-02 |123 -0.00263  5.62882e-02
124  0.04648  5.01354e-02 |125 -0.01471  5.83217e-02 |126  0.10051  1.97314e-01
127 -0.00786  7.63294e-02 |128 -0.03622  3.77156e-02 |129 -0.04795  1.99907e-02
130 -0.01396  2.20053e-02 |131  0.07759  8.98617e-02 |132  0.00805  3.26148e-02
133  0.00004  2.04191e-02 |134 -0.03982  1.56457e-02 |135 -0.02007  1.40246e-02
136 -0.00291 -2.01464e-03 |137 -0.00000 -6.31432e-10 |138 -0.64760 -1.24463e-01
139 -0.99422 -1.03077e-03 |140  0.03005 -2.61516e+00 |141 -0.58661 -1.74266e-05
142  0.03449  2.19293e+00 |143 -0.40337 -1.14071e-01 |144  0.81915  4.53872e+00
145 -0.11236 -2.30621e-03 |146  0.19802 -1.08949e-02 |147 -0.23783 -1.03091e-01
148  0.16614 -3.16741e+00 |149 -0.58126 -6.66888e-05 |150 -0.00787  3.10341e+00
151 -0.42411  2.17230e+00 |152  0.82183 -5.51126e+00 |153  0.12079 -8.69139e-02
154 -0.04290  9.69978e-02 |155 -0.12307  5.96145e-02 |156  0.09184 -7.85523e-02
157  0.04680 -7.25022e-03 |158  0.14362  8.12624e-02 |159 -0.03849 -1.60618e-01
160 -0.58564 -7.23863e-02 |161 -0.50988 -1.12779e-04 |162 -0.21010 -2.47306e-03
163 -0.21249 -5.08574e-01 |164  0.80068 -9.27152e-01 |165  0.19415  7.54694e-02
166  0.08223  1.56475e-03 |167 -0.25956  8.60526e-01 |168 -0.50498  3.91018e-03
169 -0.22905  7.85311e-04 |170 -0.03161  5.79039e-03 |171 -0.28447  1.20266e-01
172  0.81977 -1.69616e+00 |173  0.08876  7.04771e-01 |174 -0.52695  2.04172e-04
175  0.07861 -5.79856e-01 |176 -0.40536  3.71521e-01 |177 -0.14483  2.13758e+00
178  0.06391  5.47689e+00 |179 -0.17474  7.52461e+00 |180 -0.15634 -7.10677e-01
181 -0.99999 -2.53070e-05 |182 -0.13819  8.48776e+00 |183  0.22527 -5.25876e-02
184  0.01070  1.29896e-01 |185 -0.36132 -7.82530e-02 |186 -0.44239 -2.24520e-05
187 -0.03930  3.33601e-02 |188 -0.30096 -1.58986e-01 |189  0.80938 -4.05861e+00
189 variables; iteration 40; function evaluation 44; phase 4
Function value 7.0166847e+03; maximum gradient component mag 5.6975e+00
Var    Value     Gradient |Var    Value     Gradient |Var    Value     Gradient
  1 -0.38934  8.34948e-01 |  2  0.35811 -5.78791e-01 |  3 -0.14622 -2.96925e+00
  4  0.02610 -1.22732e+00 |  5 -0.67855 -1.53793e-01 |  6 -0.62035 -3.10778e+00
  7 -0.41900  5.17015e-01 |  8  0.35602  1.04050e+00 |  9 -0.20032 -9.23910e-01
 10  0.08226  2.52995e-01 | 11 -0.60469 -6.07575e-02 | 12 -0.63826 -2.48511e+00
 13  0.82059 -3.26220e-01 | 14 -0.00277 -1.17201e-02 | 15 -0.00279 -1.20794e-02
 16 -0.00279 -1.24497e-02 | 17 -0.00279 -1.28315e-02 | 18 -0.00278 -1.32255e-02
 19 -0.00276 -1.36320e-02 | 20 -0.00272 -1.40515e-02 | 21 -0.00268 -1.44846e-02
 22 -0.00262 -1.49315e-02 | 23 -0.00255 -1.53927e-02 | 24 -0.00247 -1.58685e-02
 25 -0.00237 -1.63588e-02 | 26 -0.00226 -1.68640e-02 | 27 -0.00214 -1.73840e-02
 28 -0.00200 -1.79185e-02 | 29 -0.00185 -1.84675e-02 | 30 -0.00169 -1.90304e-02
 31 -0.00151 -1.96068e-02 | 32 -0.00131 -2.01957e-02 | 33 -0.00110 -2.07959e-02
 34 -0.00088 -2.14055e-02 | 35 -0.00065 -2.20224e-02 | 36 -0.00041 -2.26433e-02
 37 -0.00017 -2.32643e-02 | 38  0.00006 -2.38800e-02 | 39  0.00028 -2.44841e-02
 40  0.00048 -2.50684e-02 | 41  0.00064 -2.56237e-02 | 42  0.00075 -2.61391e-02
 43  0.00082 -2.66030e-02 | 44  0.00082 -2.70032e-02 | 45  0.00076 -2.73280e-02
 46  0.00064 -2.75662e-02 | 47  0.00046 -2.77074e-02 | 48  0.00023 -2.77409e-02
 49 -0.00003 -2.76544e-02 | 50 -0.00029 -2.74330e-02 | 51 -0.00054 -2.70570e-02
 52 -0.00075 -2.65021e-02 | 53 -0.00089 -2.57411e-02 | 54 -0.00093 -2.47446e-02
 55 -0.00083 -2.34835e-02 | 56 -0.00056 -2.19317e-02 | 57 -0.00010 -2.00670e-02
 58  0.00059 -1.78727e-02 | 59  0.00152 -1.53387e-02 | 60  0.00273 -1.24627e-02
 61  0.00423 -9.25211e-03 | 62  0.00601 -5.72528e-03 | 63  0.00807 -1.91495e-03
 64  0.01037  2.13259e-03 | 65  0.01284  6.35832e-03 | 66  0.01539  1.06720e-02
 67  0.01786  1.49789e-02 | 68  0.02007  1.92189e-02 | 69  0.02182  2.33173e-02
 70  0.02296  2.72412e-02 | 71  0.02337  3.09775e-02 | 72  0.02308  3.43563e-02
 73  0.02217  3.72910e-02 | 74  0.02074  3.95097e-02 | 75  0.01885  4.08600e-02
 76  0.01645  4.11832e-02 | 77  0.01348  4.03519e-02 | 78  0.00988  3.81871e-02
 79  0.00580  3.44384e-02 | 80  0.00156  2.88493e-02 | 81 -0.00237  2.15800e-02
 82 -0.00561  1.29927e-02 | 83 -0.00801  3.43835e-03 | 84 -0.00975 -6.95319e-03
 85 -0.01114 -1.81580e-02 | 86 -0.01233 -3.01363e-02 | 87 -0.01291 -4.28930e-02
 88 -0.01250 -5.61822e-02 | 89 -0.01143 -6.89756e-02 | 90 -0.00865 -8.21174e-02
 91 -0.00414 -9.56044e-02 | 92  0.00205 -1.10937e-01 | 93  0.00588 -1.24327e-01
 94  0.00881 -1.35983e-01 | 95  0.01125 -1.52811e-01 | 96  0.00633 -1.60649e-01
 97  0.00761 -1.73143e-01 | 98  0.02520 -2.33649e-01 | 99  0.01820 -2.58057e-01
100 -0.00010 -2.34169e-01 |101  0.01925 -2.74272e-01 |102  0.08489 -4.23860e-01
103  0.03391 -2.54947e-01 |104 -0.00565 -1.22958e-01 |105  0.00540 -1.12303e-01
106  0.01825 -9.26080e-02 |107  0.03336 -5.31676e-02 |108  0.00199  6.25092e-02
109 -0.06452  6.95479e-03 |110 -0.08373  8.93346e-02 |111 -0.08877  3.97420e-02
112 -0.06032  1.07928e-01 |113  0.05726  3.23513e-01 |114  0.01990  1.65256e-01
115  0.00918  1.26369e-01 |116 -0.04417  8.43260e-04 |117 -0.08166  6.07847e-02
118 -0.03038  1.07194e-02 |119 -0.02957  1.55604e-01 |120 -0.03738 -3.95200e-02
121 -0.00049  1.18355e-01 |122  0.04273  7.48526e-02 |123 -0.00305 -7.85172e-02
124  0.04637 -2.16275e-02 |125 -0.01499 -5.53793e-02 |126  0.10032  4.99188e-02
127 -0.00786  8.10768e-02 |128 -0.03603  1.15091e-01 |129 -0.04795  3.02275e-02
130 -0.01379  8.14410e-02 |131  0.07726 -5.13300e-02 |132  0.00791 -2.77087e-02
133  0.00040  1.32144e-01 |134 -0.03932  1.56457e-01 |135 -0.02000  2.15426e-02
136 -0.00293 -6.38460e-03 |137  0.00000  7.17466e-08 |138 -0.64424 -1.31516e-01
139 -0.99444 -6.61463e-03 |140  0.03009 -1.38917e+00 |141 -0.58664  6.70109e-05
142  0.03449  1.73785e+00 |143 -0.40280  9.07801e-02 |144  0.81911  2.97921e+00
145 -0.11456 -1.46680e-01 |146  0.19713  4.46721e-02 |147 -0.23687 -9.75580e-02
148  0.16617 -2.20173e+00 |149 -0.58127 -3.74863e-05 |150 -0.00802  2.04994e+00
151 -0.42408  1.40334e+00 |152  0.82180 -3.84669e+00 |153  0.12041  1.77112e-01
154 -0.04348 -9.79391e-02 |155 -0.12587 -1.52771e-01 |156  0.09083 -4.20714e-01
157  0.04632  2.33343e-01 |158  0.14336 -4.81009e-01 |159 -0.03843  4.00936e-01
160 -0.58401 -6.12396e-02 |161 -0.50990 -2.35129e-04 |162 -0.20800  2.07617e-02
163 -0.21214 -5.70723e-01 |164  0.80082 -1.08972e+00 |165  0.19428  6.40076e-02
166  0.08244  1.99698e-01 |167 -0.25961  9.94535e-01 |168 -0.50231 -9.67942e-03
169 -0.22196 -3.31491e-02 |170 -0.03299  5.51354e-03 |171 -0.29521  4.35409e-02
172  0.81980 -1.41817e+00 |173  0.08888  4.62750e-01 |174 -0.52696  1.68441e-04
175  0.07887 -4.35116e-02 |176 -0.40558  2.85346e-01 |177 -0.14489  2.11715e+00
178  0.06387  3.78177e+00 |179 -0.17477  5.11021e+00 |180 -0.15635 -5.16538e-01
181 -0.99999 -6.51469e-06 |182 -0.13850  5.69752e+00 |183  0.22275  1.12162e-02
184  0.00879 -2.07918e-01 |185 -0.36181 -2.79175e-01 |186 -0.44257 -8.90765e-04
187 -0.03948  1.40650e-01 |188 -0.30086 -3.77687e-01 |189  0.80937 -3.32966e+00
189 variables; iteration 60; function evaluation 65; phase 4
Function value 7.0166761e+03; maximum gradient component mag -2.8879e+00
Var    Value     Gradient |Var    Value     Gradient |Var    Value     Gradient
  1 -0.38972  8.89253e-02 |  2  0.35818  1.11789e-01 |  3 -0.14584  1.46238e+00
  4  0.02575  6.87488e-01 |  5 -0.67876  6.28756e-02 |  6 -0.62018  1.61600e+00
  7 -0.41932  2.18794e-02 |  8  0.35598 -7.30805e-01 |  9 -0.20007  3.45141e-01
 10  0.08209  3.59124e-02 | 11 -0.60479  8.82893e-02 | 12 -0.63813  1.29336e+00
 13  0.82704  1.03570e-01 | 14 -0.00279 -4.96285e-03 | 15 -0.00281 -5.06933e-03
 16 -0.00281 -5.17254e-03 | 17 -0.00281 -5.27154e-03 | 18 -0.00280 -5.36530e-03
 19 -0.00278 -5.45268e-03 | 20 -0.00274 -5.53238e-03 | 21 -0.00269 -5.60299e-03
 22 -0.00264 -5.66289e-03 | 23 -0.00256 -5.71034e-03 | 24 -0.00248 -5.74341e-03
 25 -0.00238 -5.75996e-03 | 26 -0.00227 -5.75764e-03 | 27 -0.00215 -5.73391e-03
 28 -0.00201 -5.68600e-03 | 29 -0.00186 -5.61090e-03 | 30 -0.00169 -5.50543e-03
 31 -0.00151 -5.36615e-03 | 32 -0.00131 -5.18949e-03 | 33 -0.00110 -4.97170e-03
 34 -0.00087 -4.70884e-03 | 35 -0.00063 -4.39691e-03 | 36 -0.00039 -4.03173e-03
 37 -0.00015 -3.60911e-03 | 38  0.00009 -3.12486e-03 | 39  0.00032 -2.57481e-03
 40  0.00052 -1.95508e-03 | 41  0.00069 -1.26207e-03 | 42  0.00081 -4.92610e-04
 43  0.00088  3.55960e-04 | 44  0.00089  1.28578e-03 | 45  0.00084  2.29847e-03
 46  0.00073  3.39504e-03 | 47  0.00056  4.57556e-03 | 48  0.00034  5.83874e-03
 49  0.00009  7.18126e-03 | 50 -0.00017  8.59748e-03 | 51 -0.00042  1.00790e-02
 52 -0.00062  1.16153e-02 | 53 -0.00075  1.31943e-02 | 54 -0.00078  1.48031e-02
 55 -0.00067  1.64284e-02 | 56 -0.00040  1.80565e-02 | 57  0.00007  1.96726e-02
 58  0.00076  2.12596e-02 | 59  0.00170  2.27973e-02 | 60  0.00291  2.42617e-02
 61  0.00441  2.56250e-02 | 62  0.00619  2.68565e-02 | 63  0.00825  2.79226e-02
 64  0.01055  2.87843e-02 | 65  0.01302  2.93902e-02 | 66  0.01556  2.96759e-02
 67  0.01803  2.95418e-02 | 68  0.02024  2.88497e-02 | 69  0.02200  2.74799e-02
 70  0.02313  2.53492e-02 | 71  0.02354  2.24234e-02 | 72  0.02325  1.87109e-02
 73  0.02233  1.41941e-02 | 74  0.02089  8.90485e-03 | 75  0.01899  2.88340e-03
 76  0.01659 -3.79489e-03 | 77  0.01361 -1.10332e-02 | 78  0.01001 -1.86648e-02
 79  0.00593 -2.64339e-02 | 80  0.00169 -3.40540e-02 | 81 -0.00223 -4.15874e-02
 82 -0.00546 -4.91653e-02 | 83 -0.00785 -5.67012e-02 | 84 -0.00956 -6.37752e-02
 85 -0.01094 -6.97944e-02 | 86 -0.01213 -7.43130e-02 | 87 -0.01271 -7.74336e-02
 88 -0.01230 -7.93544e-02 | 89 -0.01126 -7.95822e-02 | 90 -0.00853 -7.84292e-02
 91 -0.00408 -7.41505e-02 | 92  0.00209 -6.30587e-02 | 93  0.00592 -4.28015e-02
 94  0.00885 -1.52426e-02 | 95  0.01136  2.24638e-02 | 96  0.00641  6.19684e-02
 97  0.00764  1.01262e-01 | 98  0.02548  1.71320e-01 | 99  0.01846  2.10194e-01
100  0.00001  1.92743e-01 |101  0.01955  2.25329e-01 |102  0.08511  3.44848e-01
103  0.03389  2.09700e-01 |104 -0.00567  1.32256e-01 |105  0.00547  1.44311e-01
106  0.01839  1.85726e-01 |107  0.03356  2.31962e-01 |108  0.00193  1.58474e-01
109 -0.06443  5.48432e-02 |110 -0.08387  1.48311e-02 |111 -0.08864  2.76504e-02
112 -0.06029 -4.32724e-02 |113  0.05710 -1.82629e-01 |114  0.01995 -1.44286e-01
115  0.00920 -1.47043e-01 |116 -0.04396 -8.10122e-02 |117 -0.08168 -6.51543e-02
118 -0.03013 -5.64540e-02 |119 -0.02995 -9.80059e-02 |120 -0.03696 -2.69759e-02
121 -0.00062 -9.61067e-02 |122  0.04271 -1.09664e-01 |123 -0.00266 -2.09254e-02
124  0.04655  7.91920e-02 |125 -0.01472  5.08753e-02 |126  0.10024 -1.21933e-01
127 -0.00794 -1.59916e-03 |128 -0.03633 -9.66625e-03 |129 -0.04798  1.44431e-02
130 -0.01403  1.90915e-02 |131  0.07759  8.75190e-02 |132  0.00813  4.12721e-02
133  0.00009  1.67282e-02 |134 -0.04004 -6.42908e-02 |135 -0.02017 -2.20330e-02
136 -0.00291 -3.70902e-04 |137 -0.00000 -1.56417e-08 |138 -0.64855 -5.63754e-02
139 -0.99434  3.90400e-03 |140  0.03018  1.01346e+00 |141 -0.58678  1.13307e-04
142  0.03424 -1.10949e+00 |143 -0.40272  8.80659e-03 |144  0.81907 -1.87773e+00
145 -0.11285  2.06789e-02 |146  0.19770 -5.16203e-02 |147 -0.23779 -5.23780e-02
148  0.16645  1.36362e+00 |149 -0.58135  1.15252e-04 |150 -0.00822 -1.05248e+00
151 -0.42401 -6.72237e-01 |152  0.82176  2.05339e+00 |153  0.11975 -1.97367e-02
154 -0.04400  3.87362e-02 |155 -0.12639  4.93997e-02 |156  0.09132  2.41150e-01
157  0.04664 -2.26976e-01 |158  0.14323  3.40286e-01 |159 -0.03866 -3.15602e-01
160 -0.58717  1.71451e-02 |161 -0.50995  1.68452e-04 |162 -0.21206 -5.66345e-02
163 -0.21234  3.36413e-01 |164  0.80057  4.83777e-01 |165  0.19593  6.74646e-03
166  0.08290  6.11851e-03 |167 -0.26019 -3.99794e-01 |168 -0.48767  1.63969e-02
169 -0.17660  7.63444e-02 |170 -0.03857  3.01294e-03 |171 -0.32452  1.49060e-01
172  0.82106 -2.71953e-01 |173  0.08874 -2.27266e-01 |174 -0.52700 -4.80996e-05
175  0.07875  1.21325e-01 |176 -0.40533 -1.75769e-01 |177 -0.14553 -6.73368e-01
178  0.06380 -2.00417e+00 |179 -0.17489 -2.69132e+00 |180 -0.15626  2.73933e-01
181 -0.99999 -1.31872e-05 |182 -0.13918 -2.88787e+00 |183  0.22403  8.02948e-02
184  0.00989 -8.75740e-02 |185 -0.36138 -4.52090e-02 |186 -0.44329  1.00759e-04
187 -0.03930  2.04064e-02 |188 -0.30091 -8.43877e-02 |189  0.80937  1.47968e+00
189 variables; iteration 80; function evaluation 89; phase 4
Function value 7.0166703e+03; maximum gradient component mag 7.4811e-01
Var    Value     Gradient |Var    Value     Gradient |Var    Value     Gradient
  1 -0.38969 -5.00884e-01 |  2  0.35814 -9.29847e-02 |  3 -0.14598 -4.80044e-01
  4  0.02591 -9.53095e-03 |  5 -0.67872 -7.10128e-03 |  6 -0.62026 -3.26343e-01
  7 -0.41931 -3.27799e-01 |  8  0.35610  2.68242e-01 |  9 -0.20006 -8.39499e-02
 10  0.08189 -4.50769e-01 | 11 -0.60478 -3.03872e-02 | 12 -0.63818 -2.07758e-01
 13  0.82785  1.77555e-01 | 14 -0.00276  1.50081e-02 | 15 -0.00278  1.53234e-02
 16 -0.00279  1.56417e-02 | 17 -0.00278  1.59614e-02 | 18 -0.00277  1.62811e-02
 19 -0.00275  1.65987e-02 | 20 -0.00271  1.69120e-02 | 21 -0.00266  1.72182e-02
 22 -0.00261  1.75139e-02 | 23 -0.00253  1.77955e-02 | 24 -0.00245  1.80584e-02
 25 -0.00235  1.82980e-02 | 26 -0.00224  1.85082e-02 | 27 -0.00212  1.86827e-02
 28 -0.00198  1.88146e-02 | 29 -0.00183  1.88953e-02 | 30 -0.00166  1.89158e-02
 31 -0.00148  1.88655e-02 | 32 -0.00128  1.87324e-02 | 33 -0.00107  1.85028e-02
 34 -0.00085  1.81612e-02 | 35 -0.00062  1.76908e-02 | 36 -0.00038  1.70737e-02
 37 -0.00014  1.62921e-02 | 38  0.00010  1.53293e-02 | 39  0.00032  1.41715e-02
 40  0.00051  1.28098e-02 | 41  0.00068  1.12407e-02 | 42  0.00080  9.46659e-03
 43  0.00086  7.49450e-03 | 44  0.00086  5.33258e-03 | 45  0.00081  2.98531e-03
 46  0.00068  4.48356e-04 | 47  0.00050 -2.29553e-03 | 48  0.00027 -5.27722e-03
 49  0.00002 -8.53657e-03 | 50 -0.00025 -1.21136e-02 | 51 -0.00051 -1.60363e-02
 52 -0.00072 -2.03110e-02 | 53 -0.00086 -2.49179e-02 | 54 -0.00091 -2.98133e-02
 55 -0.00081 -3.49353e-02 | 56 -0.00056 -4.02151e-02 | 57 -0.00010 -4.55830e-02
 58  0.00058 -5.09765e-02 | 59  0.00151 -5.63446e-02 | 60  0.00271 -6.16465e-02
 61  0.00419 -6.68324e-02 | 62  0.00597 -7.18003e-02 | 63  0.00802 -7.63518e-02
 64  0.01031 -8.02663e-02 | 65  0.01278 -8.35801e-02 | 66  0.01532 -8.68678e-02
 67  0.01778 -9.08358e-02 | 68  0.01998 -9.49719e-02 | 69  0.02172 -9.77338e-02
 70  0.02285 -9.80821e-02 | 71  0.02327 -9.62664e-02 | 72  0.02299 -9.27738e-02
 73  0.02208 -8.71385e-02 | 74  0.02067 -7.92725e-02 | 75  0.01880 -6.94840e-02
 76  0.01643 -5.83804e-02 | 77  0.01347 -4.64770e-02 | 78  0.00990 -3.42314e-02
 79  0.00585 -2.07991e-02 | 80  0.00164 -6.00510e-03 | 81 -0.00226  7.43850e-03
 82 -0.00547  1.94827e-02 | 83 -0.00784  3.18865e-02 | 84 -0.00954  4.44664e-02
 85 -0.01090  5.60767e-02 | 86 -0.01206  6.58964e-02 | 87 -0.01263  7.41472e-02
 88 -0.01220  8.20360e-02 | 89 -0.01113  9.04659e-02 | 90 -0.00837  9.81689e-02
 91 -0.00392  9.73749e-02 | 92  0.00223  8.85205e-02 | 93  0.00602  7.28933e-02
 94  0.00891  4.85292e-02 | 95  0.01140  2.46416e-02 | 96  0.00641 -3.78826e-03
 97  0.00747 -6.34663e-02 | 98  0.02518 -1.42854e-01 | 99  0.01813 -1.60303e-01
100 -0.00040 -1.58147e-01 |101  0.01942 -1.42829e-01 |102  0.08497 -1.64375e-01
103  0.03390 -3.26613e-02 |104 -0.00554 -1.92945e-03 |105  0.00558 -3.12217e-02
106  0.01826 -1.17768e-01 |107  0.03319 -1.93992e-01 |108  0.00182 -1.12611e-01
109 -0.06460 -3.61095e-02 |110 -0.08367  1.20776e-01 |111 -0.08887 -6.77556e-02
112 -0.06019  1.45717e-02 |113  0.05699 -9.75155e-02 |114  0.02015 -3.30317e-02
115  0.00936 -3.95098e-02 |116 -0.04418 -1.17184e-01 |117 -0.08159  6.10975e-02
118 -0.03003  1.54093e-01 |119 -0.02973  1.75774e-01 |120 -0.03707  1.24764e-01
121 -0.00048  1.69023e-01 |122  0.04289  1.70867e-01 |123 -0.00263  9.72655e-02
124  0.04625 -2.15433e-02 |125 -0.01484  1.40799e-03 |126  0.10024 -5.21370e-02
127 -0.00789  1.00566e-01 |128 -0.03653 -2.48018e-02 |129 -0.04833 -2.80192e-02
130 -0.01449 -5.89868e-02 |131  0.07680 -8.42499e-02 |132  0.00790  3.54248e-02
133 -0.00007 -4.04018e-03 |134 -0.03953  9.09863e-02 |135 -0.01951  1.60761e-01
136 -0.00316 -6.79573e-02 |137  0.00000  5.47107e-08 |138 -0.64854  1.14258e-01
139 -0.99481  2.86928e-03 |140  0.03024 -4.25513e-01 |141 -0.58705  2.46034e-05
142  0.03442  4.01079e-01 |143 -0.40322 -1.72475e-01 |144  0.81909  6.40232e-01
145 -0.11058  1.90728e-01 |146  0.19932  2.59121e-01 |147 -0.23856  3.16861e-01
148  0.16609 -6.37112e-01 |149 -0.58150 -2.00993e-05 |150 -0.00837 -2.25298e-02
151 -0.42371  1.67326e-01 |152  0.82177 -4.66353e-01 |153  0.11927 -7.97178e-02
154 -0.04464 -1.36736e-01 |155 -0.12619  4.60839e-02 |156  0.09081 -1.53494e-01
157  0.04635  2.98156e-02 |158  0.14332 -1.01581e-01 |159 -0.03844  1.56801e-01
160 -0.59125 -1.33633e-01 |161 -0.51009 -5.78899e-06 |162 -0.21676 -1.24127e-01
163 -0.21218  5.07848e-02 |164  0.80064  4.72138e-01 |165  0.19480 -7.38199e-02
166  0.08257  1.07088e-01 |167 -0.25988  6.98310e-03 |168 -0.46633  2.67407e-02
169 -0.16062  1.50587e-01 |170 -0.04758 -8.11545e-04 |171 -0.39272  1.03376e-01
172  0.81950  7.48107e-01 |173  0.08862  9.03359e-02 |174 -0.52708  6.35294e-05
175  0.07870  1.62143e-02 |176 -0.40499  3.54041e-02 |177 -0.14547 -2.02974e-01
178  0.06381  4.92030e-01 |179 -0.17489  6.53360e-01 |180 -0.15635 -8.49627e-02
181 -0.99984  7.44285e-02 |182 -0.13898  5.08574e-01 |183  0.22354 -7.70414e-02
184  0.00967  6.81260e-02 |185 -0.35981  3.10413e-01 |186 -0.44472  2.26886e-03
187 -0.03822  7.98952e-03 |188 -0.30121  4.54916e-01 |189  0.80936  4.94327e-01
189 variables; iteration 100; function evaluation 122; phase 4
Function value 7.0166614e+03; maximum gradient component mag 1.0065e+00
Var    Value     Gradient |Var    Value     Gradient |Var    Value     Gradient
  1 -0.38974 -1.56855e-01 |  2  0.35812 -6.07923e-02 |  3 -0.14598 -5.50983e-01
  4  0.02592 -1.98588e-01 |  5 -0.67894 -9.71265e-02 |  6 -0.62025 -5.69836e-01
  7 -0.41935 -1.04947e-01 |  8  0.35603  2.89532e-01 |  9 -0.20012 -1.07994e-01
 10  0.08206 -1.06125e-01 | 11 -0.60486  3.40750e-02 | 12 -0.63818 -4.54387e-01
 13  0.82413  3.32878e-02 | 14 -0.00270  2.19558e-02 | 15 -0.00272  2.20513e-02
 16 -0.00272  2.20548e-02 | 17 -0.00272  2.19574e-02 | 18 -0.00271  2.17501e-02
 19 -0.00269  2.14235e-02 | 20 -0.00265  2.09676e-02 | 21 -0.00261  2.03721e-02
 22 -0.00255  1.96256e-02 | 23 -0.00248  1.87165e-02 | 24 -0.00240  1.76323e-02
 25 -0.00231  1.63605e-02 | 26 -0.00220  1.48882e-02 | 27 -0.00208  1.32034e-02
 28 -0.00195  1.12948e-02 | 29 -0.00181  9.15353e-03 | 30 -0.00165  6.77326e-03
 31 -0.00147  4.15215e-03 | 32 -0.00128  1.29314e-03 | 33 -0.00108 -1.79510e-03
 34 -0.00087 -5.09882e-03 | 35 -0.00064 -8.59991e-03 | 36 -0.00041 -1.22789e-02
 37 -0.00018 -1.61170e-02 | 38  0.00005 -2.00988e-02 | 39  0.00026 -2.42128e-02
 40  0.00045 -2.84493e-02 | 41  0.00060 -3.27969e-02 | 42  0.00071 -3.72376e-02
 43  0.00077 -4.17442e-02 | 44  0.00076 -4.62791e-02 | 45  0.00070 -5.07952e-02
 46  0.00057 -5.52323e-02 | 47  0.00038 -5.95086e-02 | 48  0.00015 -6.35060e-02
 49 -0.00011 -6.70612e-02 | 50 -0.00038 -6.99778e-02 | 51 -0.00063 -7.20644e-02
 52 -0.00084 -7.31900e-02 | 53 -0.00097 -7.33252e-02 | 54 -0.00100 -7.25397e-02
 55 -0.00088 -7.09635e-02 | 56 -0.00061 -6.87324e-02 | 57 -0.00013 -6.59469e-02
 58  0.00057 -6.26522e-02 | 59  0.00152 -5.88409e-02 | 60  0.00274 -5.44891e-02
 61  0.00425 -4.96159e-02 | 62  0.00605 -4.43192e-02 | 63  0.00813 -3.91422e-02
 64  0.01043 -3.54915e-02 | 65  0.01292 -3.01718e-02 | 66  0.01553 -1.24941e-02
 67  0.01801 -7.55566e-03 | 68  0.02000 -5.06461e-02 | 69  0.02176 -4.76431e-02
 70  0.02329  3.55848e-02 | 71  0.02388  7.28957e-02 | 72  0.02343  4.39752e-02
 73  0.02216 -2.37049e-02 | 74  0.02070 -2.79823e-02 | 75  0.01902  1.76351e-02
 76  0.01670  3.67208e-02 | 77  0.01366  2.29191e-02 | 78  0.01004  1.83998e-02
 79  0.00596  1.64589e-02 | 80  0.00169  9.07426e-03 | 81 -0.00223  7.11341e-03
 82 -0.00544  1.10679e-02 | 83 -0.00787 -1.59761e-03 | 84 -0.00966 -2.09740e-02
 85 -0.01108 -3.40850e-02 | 86 -0.01228 -3.60946e-02 | 87 -0.01281 -2.29615e-02
 88 -0.01228  1.21904e-02 | 89 -0.01104  6.67275e-02 | 90 -0.00827  7.58638e-02
 91 -0.00391  5.08929e-02 | 92  0.00242  9.18746e-02 | 93  0.00627  9.61792e-02
 94  0.00914  7.81187e-02 | 95  0.01157  5.49678e-02 | 96  0.00655  1.49628e-02
 97  0.00751 -8.23929e-02 | 98  0.02511 -1.46269e-01 | 99  0.01807 -1.69020e-01
100 -0.00000 -7.03472e-02 |101  0.01923 -1.15318e-01 |102  0.08558 -3.17378e-02
103  0.03374 -1.12303e-01 |104 -0.00560 -4.71332e-02 |105  0.00539 -7.24283e-02
106  0.01851 -4.26440e-02 |107  0.03368 -7.11125e-02 |108  0.00144 -1.53180e-01
109 -0.06458 -5.37206e-03 |110 -0.08382  7.95462e-02 |111 -0.08908 -1.07614e-01
112 -0.06006  1.16082e-01 |113  0.05715  9.93771e-02 |114  0.02002  2.94818e-02
115  0.00993  1.34317e-01 |116 -0.04382 -8.58879e-02 |117 -0.08128  7.37384e-02
118 -0.02970  1.48503e-01 |119 -0.02990  3.50465e-02 |120 -0.03712  5.35803e-02
121 -0.00001  2.43416e-01 |122  0.04257 -7.59639e-02 |123 -0.00225  1.92420e-01
124  0.04624  5.37909e-02 |125 -0.01517 -1.08603e-01 |126  0.10022  3.46517e-02
127 -0.00786  1.78928e-01 |128 -0.03647  7.27452e-02 |129 -0.04865 -4.23736e-02
130 -0.01496 -6.18917e-02 |131  0.07597 -8.42265e-02 |132  0.00752  6.31660e-02
133 -0.00058 -6.06383e-02 |134 -0.04001 -9.26142e-03 |135 -0.01990  7.21360e-02
136 -0.00294 -1.25258e-02 |137 -0.00000  4.19158e-08 |138 -0.64616  4.02092e-02
139 -0.99616  1.50434e-04 |140  0.02999 -4.16391e-01 |141 -0.58764  7.67736e-06
142  0.03429  3.85787e-01 |143 -0.40226  9.46508e-02 |144  0.81908  8.54672e-01
145 -0.11208  7.95065e-02 |146  0.19807 -7.58629e-03 |147 -0.23807  3.91173e-02
148  0.16617 -5.86063e-01 |149 -0.58183 -2.46360e-05 |150 -0.00825  2.88000e-01
151 -0.42371  3.49836e-01 |152  0.82177 -6.72265e-01 |153  0.11976  5.21728e-03
154 -0.04406 -3.73139e-02 |155 -0.12613  2.26253e-02 |156  0.09082 -1.66016e-01
157  0.04636  2.61922e-02 |158  0.14327 -1.15447e-01 |159 -0.03851  1.30190e-01
160 -0.58563 -2.95398e-02 |161 -0.51037  2.70134e-06 |162 -0.20982  1.37615e-02
163 -0.21238  1.08767e-02 |164  0.80071  1.59706e-01 |165  0.19480 -1.35235e-02
166  0.08257  2.93817e-02 |167 -0.25986  1.31125e-01 |168 -0.45894  2.59725e-03
169 -0.15503 -1.71201e-01 |170 -0.04122 -1.39325e-03 |171 -0.48868  1.66487e-02
172  0.81645  1.71927e-01 |173  0.08858  8.57458e-02 |174 -0.52725  3.27245e-05
175  0.07871 -2.93876e-02 |176 -0.40498  5.68962e-02 |177 -0.14538  1.88030e-01
178  0.06389  7.48299e-01 |179 -0.17493  9.68764e-01 |180 -0.15611 -4.09700e-02
181 -0.99954  2.15249e-01 |182 -0.13894  1.00647e+00 |183  0.22409 -2.68299e-02
184  0.01003  4.54667e-02 |185 -0.36359 -7.23485e-02 |186 -0.44783 -6.09131e-05
187 -0.04119 -9.71115e-02 |188 -0.30005  1.81547e-01 |189  0.80935  3.73594e-01
189 variables; iteration 120; function evaluation 154; phase 4
Function value 7.0166584e+03; maximum gradient component mag -4.4957e-01
Var    Value     Gradient |Var    Value     Gradient |Var    Value     Gradient
  1 -0.38961 -3.45706e-02 |  2  0.35816  1.26969e-02 |  3 -0.14594  1.57354e-01
  4  0.02584  6.44251e-02 |  5 -0.67869  6.01423e-02 |  6 -0.62024  1.84522e-01
  7 -0.41922 -1.23891e-02 |  8  0.35604 -7.40599e-02 |  9 -0.20011  3.03677e-02
 10  0.08206 -6.69316e-02 | 11 -0.60483  3.62018e-02 | 12 -0.63817  1.52255e-01
 13  0.82429 -2.52288e-03 | 14 -0.00264  2.80992e-02 | 15 -0.00266  2.85705e-02
 16 -0.00266  2.89367e-02 | 17 -0.00266  2.92108e-02 | 18 -0.00264  2.94066e-02
 19 -0.00262  2.95360e-02 | 20 -0.00258  2.96078e-02 | 21 -0.00254  2.96270e-02
 22 -0.00248  2.95938e-02 | 23 -0.00241  2.95042e-02 | 24 -0.00232  2.93508e-02
 25 -0.00223  2.91243e-02 | 26 -0.00212  2.88151e-02 | 27 -0.00200  2.84183e-02
 28 -0.00186  2.79359e-02 | 29 -0.00171  2.73831e-02 | 30 -0.00155  2.67935e-02
 31 -0.00137  2.62257e-02 | 32 -0.00117  2.57672e-02 | 33 -0.00096  2.55345e-02
 34 -0.00074  2.56603e-02 | 35 -0.00050  2.62724e-02 | 36 -0.00026  2.74530e-02
 37 -0.00001  2.92017e-02 | 38  0.00024  3.14070e-02 | 39  0.00047  3.38574e-02
 40  0.00068  3.62940e-02 | 41  0.00085  3.84882e-02 | 42  0.00098  4.03038e-02
 43  0.00105  4.17041e-02 | 44  0.00106  4.26905e-02 | 45  0.00101  4.32088e-02
 46  0.00089  4.30923e-02 | 47  0.00071  4.21257e-02 | 48  0.00048  4.02533e-02
 49  0.00021  3.78064e-02 | 50 -0.00006  3.55137e-02 | 51 -0.00031  3.41534e-02
 52 -0.00052  3.40249e-02 | 53 -0.00065  3.46840e-02 | 54 -0.00067  3.51846e-02
 55 -0.00057  3.46024e-02 | 56 -0.00031  3.24421e-02 | 57  0.00014  2.87496e-02
 58  0.00081  2.41047e-02 | 59  0.00174  1.95523e-02 | 60  0.00294  1.59098e-02
 61  0.00442  1.21982e-02 | 62  0.00617  4.06987e-03 | 63  0.00817 -1.15253e-02
 64  0.01052  3.97200e-04 | 65  0.01307  1.48368e-02 | 66  0.01513 -9.08324e-02
 67  0.01788 -3.12034e-02 | 68  0.02031  1.31143e-02 | 69  0.02211  2.08921e-02
 70  0.02294 -3.96145e-02 | 71  0.02354 -4.45110e-03 | 72  0.02309 -3.50753e-02
 73  0.02241  1.11917e-02 | 74  0.02103  2.20479e-02 | 75  0.01900 -3.56804e-03
 76  0.01625 -8.02224e-02 | 77  0.01360 -1.07303e-02 | 78  0.01006  2.80190e-03
 79  0.00598  4.05861e-03 | 80  0.00177  9.89059e-03 | 81 -0.00198  5.50408e-02
 82 -0.00525  4.45345e-02 | 83 -0.00793 -3.11630e-02 | 84 -0.00957 -1.15401e-02
 85 -0.01078  3.14132e-02 | 86 -0.01189  5.05256e-02 | 87 -0.01251  3.70081e-02
 88 -0.01228 -1.43960e-02 | 89 -0.01156 -1.04680e-01 | 90 -0.00840  3.42822e-03
 91 -0.00392  2.66362e-03 | 92  0.00281  1.35579e-01 | 93  0.00549 -1.37228e-01
 94  0.00888 -2.27879e-02 | 95  0.01140 -4.83233e-03 | 96  0.00662  4.23402e-02
 97  0.00763  4.10969e-04 | 98  0.02526 -1.13606e-02 | 99  0.01866  7.92288e-02
100 -0.00030 -5.88103e-02 |101  0.01976  7.69765e-02 |102  0.08491 -2.71815e-02
103  0.03393 -4.62311e-04 |104 -0.00562  1.96362e-02 |105  0.00594  1.07787e-01
106  0.01795 -1.32633e-01 |107  0.03357  3.11318e-02 |108  0.00186  7.92463e-02
109 -0.06507 -1.32798e-01 |110 -0.08387  8.80915e-02 |111 -0.08884 -2.19750e-02
112 -0.06042 -5.07052e-02 |113  0.05692 -8.36608e-02 |114  0.02038  2.24225e-02
115  0.00958 -1.22129e-01 |116 -0.04353  8.78346e-03 |117 -0.08138  2.74077e-03
118 -0.03010 -4.66915e-02 |119 -0.02982 -1.31275e-02 |120 -0.03692  5.55682e-02
121 -0.00083 -9.57118e-02 |122  0.04318  7.48981e-02 |123 -0.00308 -7.11007e-02
124  0.04617  6.48410e-04 |125 -0.01481  9.56935e-02 |126  0.10011  9.48420e-04
127 -0.00869 -1.37202e-01 |128 -0.03712 -8.80441e-02 |129 -0.04879 -4.61543e-02
130 -0.01481  2.61031e-02 |131  0.07647  1.39352e-01 |132  0.00687 -1.55714e-01
133 -0.00042  2.22448e-02 |134 -0.03995  2.83947e-02 |135 -0.02025 -1.70158e-02
136 -0.00298 -1.55023e-02 |137  0.00000  1.81654e-07 |138 -0.64657 -2.21749e-03
139 -0.99700 -5.55175e-05 |140  0.03024  9.45194e-02 |141 -0.58788 -2.78905e-05
142  0.03440 -6.82837e-02 |143 -0.40312 -1.04673e-01 |144  0.81909 -2.59357e-01
145 -0.11304  5.48282e-03 |146  0.19773  1.91877e-02 |147 -0.23763  2.51189e-02
148  0.16642  1.42145e-01 |149 -0.58200 -8.30376e-06 |150 -0.00813 -1.09769e-01
151 -0.42428 -2.01155e-01 |152  0.82177  1.71833e-01 |153  0.11978 -1.25614e-02
154 -0.04402  5.49446e-03 |155 -0.12637  1.69389e-03 |156  0.09110 -1.12472e-02
157  0.04654 -3.36190e-02 |158  0.14310 -1.34195e-02 |159 -0.03873 -5.70855e-02
160 -0.58606 -8.57362e-02 |161 -0.51050 -3.14419e-05 |162 -0.21006  4.63908e-02
163 -0.21228  2.71027e-03 |164  0.80068 -3.36696e-03 |165  0.19507 -9.63308e-03
166  0.08265 -3.20796e-03 |167 -0.25995 -6.38304e-02 |168 -0.57795 -3.37887e-03
169 -0.14345  2.09435e-01 |170 -0.14516  2.14803e-02 |171 -0.53704  1.29961e-02
172  0.81616  4.43248e-02 |173  0.08862 -1.68956e-02 |174 -0.52733 -8.29435e-06
175  0.07872  1.13710e-02 |176 -0.40506 -2.13947e-02 |177 -0.14544 -1.50452e-01
178  0.06356 -3.06237e-01 |179 -0.17468 -2.98065e-01 |180 -0.15693 -1.51333e-01
181 -1.00005 -2.02317e-02 |182 -0.13898 -3.43923e-01 |183  0.22395  3.56722e-03
184  0.00990 -1.04345e-02 |185 -0.36043  4.56066e-02 |186 -0.45086  1.49634e-04
187 -0.03863  4.23600e-02 |188 -0.30119 -1.06962e-03 |189  0.80936 -4.49567e-01
189 variables; iteration 140; function evaluation 188; phase 4
Function value 7.0166566e+03; maximum gradient component mag 2.9059e-01
Var    Value     Gradient |Var    Value     Gradient |Var    Value     Gradient
  1 -0.38969  4.90862e-02 |  2  0.35813  5.58066e-03 |  3 -0.14596 -7.08558e-04
  4  0.02589 -2.14313e-02 |  5 -0.67886 -2.85589e-03 |  6 -0.62023  1.90890e-02
  7 -0.41931  2.62994e-02 |  8  0.35598 -5.27729e-03 |  9 -0.20014 -1.57991e-02
 10  0.08216  3.71147e-02 | 11 -0.60506 -1.31148e-02 | 12 -0.63815  1.63014e-02
 13  0.82419 -2.26701e-03 | 14 -0.00287 -2.89405e-02 | 15 -0.00288 -2.83000e-02
 16 -0.00288 -2.76578e-02 | 17 -0.00288 -2.70485e-02 | 18 -0.00286 -2.64990e-02
 19 -0.00283 -2.60241e-02 | 20 -0.00280 -2.56258e-02 | 21 -0.00275 -2.52913e-02
 22 -0.00269 -2.49941e-02 | 23 -0.00261 -2.46924e-02 | 24 -0.00253 -2.43325e-02
 25 -0.00243 -2.38519e-02 | 26 -0.00231 -2.31861e-02 | 27 -0.00219 -2.22800e-02
 28 -0.00204 -2.11027e-02 | 29 -0.00188 -1.96658e-02 | 30 -0.00171 -1.80422e-02
 31 -0.00152 -1.63788e-02 | 32 -0.00131 -1.48892e-02 | 33 -0.00110 -1.38152e-02
 34 -0.00087 -1.33437e-02 | 35 -0.00064 -1.35075e-02 | 36 -0.00040 -1.41155e-02
 37 -0.00015 -1.47935e-02 | 38  0.00008 -1.51528e-02 | 39  0.00031 -1.50030e-02
 40  0.00051 -1.44425e-02 | 41  0.00068 -1.37328e-02 | 42  0.00080 -1.30545e-02
 43  0.00088 -1.23651e-02 | 44  0.00089 -1.14771e-02 | 45  0.00084 -1.02801e-02
 46  0.00073 -8.88150e-03 | 47  0.00056 -7.47577e-03 | 48  0.00034 -6.00777e-03
 49  0.00009 -4.11905e-03 | 50 -0.00016 -1.72954e-03 | 51 -0.00040  4.18379e-04
 52 -0.00060  1.28558e-03 | 53 -0.00074  6.41825e-04 | 54 -0.00078 -7.69739e-04
 55 -0.00068 -2.10215e-03 | 56 -0.00042 -3.09307e-03 | 57  0.00004 -3.98721e-03
 58  0.00072 -4.76469e-03 | 59  0.00166 -3.53771e-03 | 60  0.00288 -2.12352e-04
 61  0.00434 -7.52607e-03 | 62  0.00614 -4.69354e-03 | 63  0.00849  6.44891e-02
 64  0.01044 -1.63620e-02 | 65  0.01294 -9.61817e-03 | 66  0.01564  2.55606e-02
 67  0.01799 -5.08202e-04 | 68  0.02030  2.04125e-02 | 69  0.02179 -3.38479e-02
 70  0.02307 -4.35438e-03 | 71  0.02334 -3.24945e-02 | 72  0.02341  4.03918e-02
 73  0.02237  1.44824e-02 | 74  0.02071 -3.30898e-02 | 75  0.01894 -6.61449e-03
 76  0.01661  5.86740e-03 | 77  0.01366  8.82599e-03 | 78  0.01003  5.30609e-04
 79  0.00595 -9.26264e-04 | 80  0.00176  9.14028e-03 | 81 -0.00233 -3.59982e-02
 82 -0.00515  6.39648e-02 | 83 -0.00773  1.37510e-02 | 84 -0.00961 -3.31758e-02
 85 -0.01085  2.26093e-03 | 86 -0.01224 -5.67507e-02 | 87 -0.01264 -8.92700e-03
 88 -0.01224 -1.40959e-02 | 89 -0.01117 -9.12055e-03 | 90 -0.00821  4.62442e-02
 91 -0.00412 -5.60041e-02 | 92  0.00209 -4.38470e-02 | 93  0.00638  7.01375e-02
 94  0.00865 -7.60278e-02 | 95  0.01155  2.93245e-02 | 96  0.00635 -2.02724e-02
 97  0.00768  1.65752e-03 | 98  0.02542  1.73900e-02 | 99  0.01848  3.80669e-02
100  0.00008  1.95104e-02 |101  0.01932 -2.38443e-02 |102  0.08515  1.96973e-02
103  0.03400  1.59731e-02 |104 -0.00547  4.59462e-02 |105  0.00527 -5.91886e-02
106  0.01870  9.42110e-02 |107  0.03345  4.41856e-02 |108  0.00166  4.13987e-02
109 -0.06460  6.52745e-02 |110 -0.08419 -4.46331e-02 |111 -0.08875  1.74742e-02
112 -0.06034 -1.20341e-02 |113  0.05705 -3.36008e-02 |114  0.02013 -6.15931e-02
115  0.00994 -5.79251e-04 |116 -0.04350  2.32952e-03 |117 -0.08138 -1.77457e-02
118 -0.02990  1.23878e-02 |119 -0.02979 -1.92355e-02 |120 -0.03715 -3.77806e-02
121 -0.00043  1.27886e-02 |122  0.04290 -3.21992e-02 |123 -0.00274  3.87595e-02
124  0.04611 -2.19313e-03 |125 -0.01507 -9.96438e-03 |126  0.10010  1.62491e-02
127 -0.00830  4.62068e-02 |128 -0.03682  3.02137e-02 |129 -0.04856  3.81658e-02
130 -0.01493  1.64295e-02 |131  0.07585 -3.62972e-02 |132  0.00725  1.49079e-02
133 -0.00062 -2.69243e-02 |134 -0.04006 -6.29108e-03 |135 -0.02033 -3.72317e-02
136 -0.00299 -2.18529e-02 |137 -0.00000 -4.85268e-08 |138 -0.64645 -5.53363e-03
139 -0.99691 -1.92272e-05 |140  0.03010  3.27570e-02 |141 -0.58785 -9.24908e-06
142  0.03433 -3.70334e-02 |143 -0.40261  2.93620e-02 |144  0.81908 -2.25476e-02
145 -0.11327 -1.64303e-02 |146  0.19757 -1.27111e-02 |147 -0.23755 -2.19624e-02
148  0.16635  4.16406e-02 |149 -0.58200 -4.52961e-06 |150 -0.00814  6.43212e-03
151 -0.42400  1.65682e-02 |152  0.82177  3.61024e-02 |153  0.11987  7.34260e-03
154 -0.04392  4.88337e-03 |155 -0.12629 -3.35339e-03 |156  0.09125  1.26082e-02
157  0.04665 -4.04131e-03 |158  0.14328  2.37801e-02 |159 -0.03854 -5.94021e-04
160 -0.58456  7.62188e-02 |161 -0.51048  8.97363e-06 |162 -0.20924 -4.96234e-02
163 -0.21246  5.39495e-04 |164  0.80070 -1.16558e-02 |165  0.19507  7.02408e-03
166  0.08266 -3.27995e-03 |167 -0.25994  9.94627e-03 |168 -0.63855  3.04573e-02
169 -0.13969  2.90591e-01 |170 -0.26954 -3.32811e-03 |171 -0.56360  8.69897e-03
172  0.81583 -2.83319e-01 |173  0.08860 -7.33486e-03 |174 -0.52733 -8.75170e-06
175  0.07872 -2.42823e-04 |176 -0.40504  9.72468e-04 |177 -0.14539  4.44152e-02
178  0.06388  4.08012e-03 |179 -0.17488 -2.95488e-02 |180 -0.15610  6.23767e-02
181 -1.00007 -3.04756e-02 |182 -0.13898 -9.01147e-03 |183  0.22407  3.33524e-03
184  0.00999 -3.58481e-03 |185 -0.36135 -1.31922e-02 |186 -0.45178 -2.16680e-04
187 -0.03945 -4.30305e-04 |188 -0.30091 -3.86090e-02 |189  0.80936  9.11935e-02
189 variables; iteration 160; function evaluation 223; phase 4
Function value 7.0166555e+03; maximum gradient component mag -1.8141e-02
Var    Value     Gradient |Var    Value     Gradient |Var    Value     Gradient
  1 -0.38967 -5.09117e-03 |  2  0.35813 -2.51819e-04 |  3 -0.14596 -3.61100e-03
  4  0.02589 -7.49233e-04 |  5 -0.67885  1.52866e-04 |  6 -0.62024 -4.01784e-03
  7 -0.41928 -3.16109e-03 |  8  0.35599  2.75761e-03 |  9 -0.20013  1.07312e-04
 10  0.08213 -3.49033e-03 | 11 -0.60500  4.95375e-04 | 12 -0.63816 -3.01061e-03
 13  0.82421  9.29628e-04 | 14 -0.00275  8.56949e-04 | 15 -0.00277  1.29636e-03
 16 -0.00277  1.64027e-03 | 17 -0.00277  1.87198e-03 | 18 -0.00275  1.98208e-03
 19 -0.00273  1.97048e-03 | 20 -0.00269  1.84596e-03 | 21 -0.00265  1.62576e-03
 22 -0.00259  1.33290e-03 | 23 -0.00252  9.95330e-04 | 24 -0.00244  6.41523e-04
 25 -0.00234  2.98314e-04 | 26 -0.00223 -1.15685e-05 | 27 -0.00211 -2.70102e-04
 28 -0.00197 -4.63459e-04 | 29 -0.00181 -5.81633e-04 | 30 -0.00165 -6.24050e-04
 31 -0.00146 -6.11198e-04 | 32 -0.00127 -5.96783e-04 | 33 -0.00105 -6.58422e-04
 34 -0.00083 -8.45914e-04 | 35 -0.00059 -1.10729e-03 | 36 -0.00035 -1.28186e-03
 37 -0.00011 -1.23581e-03 | 38  0.00013 -1.03830e-03 | 39  0.00035 -9.27841e-04
 40  0.00055 -1.03658e-03 | 41  0.00072 -1.22303e-03 | 42  0.00084 -1.26104e-03
 43  0.00091 -1.12160e-03 | 44  0.00092 -9.69385e-04 | 45  0.00087 -9.00559e-04
 46  0.00075 -7.71473e-04 | 47  0.00058 -4.01869e-04 | 48  0.00036  6.03498e-05
 49  0.00010  3.12928e-04 | 50 -0.00016  4.60587e-04 | 51 -0.00040  8.21075e-04
 52 -0.00061  1.34655e-03 | 53 -0.00074  1.80910e-03 | 54 -0.00077  2.13744e-03
 55 -0.00067  2.31804e-03 | 56 -0.00040  2.36185e-03 | 57  0.00006  2.61973e-03
 58  0.00076  3.45317e-03 | 59  0.00168 -1.34374e-04 | 60  0.00286 -7.56199e-03
 61  0.00432 -1.60957e-02 | 62  0.00619  7.11007e-03 | 63  0.00822 -2.71649e-04
 64  0.01053  2.41053e-03 | 65  0.01299 -4.78813e-04 | 66  0.01552 -2.46307e-03
 67  0.01800 -1.16810e-03 | 68  0.02020 -2.61535e-03 | 69  0.02197  8.32757e-04
 70  0.02309 -2.77353e-03 | 71  0.02352  2.24725e-04 | 72  0.02322 -1.03919e-03
 73  0.02231  8.75599e-04 | 74  0.02088  6.24233e-04 | 75  0.01898  4.92177e-04
 76  0.01659  2.73223e-04 | 77  0.01363  2.62555e-03 | 78  0.01007  9.83144e-03
 79  0.00588 -1.81407e-02 | 80  0.00174  3.53108e-03 | 81 -0.00216  8.46148e-03
 82 -0.00543 -4.74657e-03 | 83 -0.00779  1.09967e-03 | 84 -0.00952 -2.23994e-03
 85 -0.01088  1.00197e-03 | 86 -0.01206  1.10741e-03 | 87 -0.01263  1.37939e-03
 88 -0.01221  2.06656e-03 | 89 -0.01116  2.39641e-03 | 90 -0.00842 -2.00676e-03
 91 -0.00395 -3.43031e-03 | 92  0.00223 -3.70030e-04 | 93  0.00606  2.53899e-03
 94  0.00899  8.35232e-03 | 95  0.01142  2.08712e-03 | 96  0.00644 -1.80821e-03
 97  0.00765 -6.63252e-03 | 98  0.02539 -1.72202e-03 | 99  0.01840  2.87813e-03
100 -0.00002 -6.79732e-03 |101  0.01948  3.79187e-03 |102  0.08513 -2.37942e-03
103  0.03396 -2.21002e-03 |104 -0.00562 -1.89561e-04 |105  0.00555  1.51814e-03
106  0.01845 -3.32509e-03 |107  0.03352 -2.75661e-03 |108  0.00170 -7.71760e-04
109 -0.06473 -5.44699e-04 |110 -0.08410  1.98471e-03 |111 -0.08881 -6.65495e-04
112 -0.06032  4.93970e-04 |113  0.05702  6.14484e-04 |114  0.02011  1.44388e-04
115  0.00989 -1.37697e-03 |116 -0.04350 -2.07828e-03 |117 -0.08133 -6.10274e-04
118 -0.02993  8.73659e-04 |119 -0.02975  9.05192e-04 |120 -0.03707  4.98183e-04
121 -0.00057  1.05453e-03 |122  0.04303  7.92837e-04 |123 -0.00284 -5.68756e-05
124  0.04615  1.49291e-03 |125 -0.01508  6.42495e-04 |126  0.10015 -1.74283e-04
127 -0.00834  5.84179e-04 |128 -0.03688 -2.29779e-03 |129 -0.04864  5.40962e-04
130 -0.01496 -1.68883e-03 |131  0.07592 -3.15827e-04 |132  0.00721 -5.08910e-04
133 -0.00057 -1.01271e-03 |134 -0.04004 -1.53172e-03 |135 -0.02021  8.57926e-05
136 -0.00290 -1.01248e-03 |137  0.00000  8.23926e-09 |138 -0.64644  2.71247e-04
139 -0.99650 -1.37537e-05 |140  0.03013 -4.54685e-03 |141 -0.58770 -5.97397e-07
142  0.03435  4.90151e-03 |143 -0.40271 -1.85697e-03 |144  0.81908  5.47635e-03
145 -0.11306  1.58568e-03 |146  0.19768  1.10689e-03 |147 -0.23763  1.60852e-03
148  0.16635 -6.26014e-03 |149 -0.58192 -2.19822e-06 |150 -0.00816  1.19375e-03
151 -0.42402  1.83967e-03 |152  0.82177 -6.36807e-03 |153  0.11983 -7.29262e-04
154 -0.04398 -4.49929e-04 |155 -0.12629  1.21271e-03 |156  0.09120 -4.33938e-03
157  0.04661 -9.34235e-04 |158  0.14324 -2.38236e-03 |159 -0.03858  8.78909e-04
160 -0.58523 -6.06133e-03 |161 -0.51041 -1.86503e-06 |162 -0.20953  3.38929e-03
163 -0.21239  4.45739e-04 |164  0.80069  2.53085e-03 |165  0.19504 -3.56193e-04
166  0.08265  5.29302e-04 |167 -0.25993 -3.84563e-05 |168 -0.69538 -5.19277e-04
169 -0.13846  1.08266e-03 |170 -0.35811  2.07711e-04 |171 -0.56879 -1.91769e-03
172  0.81573  1.58124e-02 |173  0.08861  1.11512e-03 |174 -0.52729 -7.28447e-07
175  0.07872 -1.36129e-04 |176 -0.40504  1.42566e-04 |177 -0.14541 -2.35366e-03
178  0.06380  4.80311e-03 |179 -0.17484  7.28512e-03 |180 -0.15631 -2.37393e-03
181 -1.00001  2.06403e-03 |182 -0.13897  6.00550e-03 |183  0.22405 -4.81661e-04
184  0.00997  5.78562e-04 |185 -0.36134  8.03858e-04 |186 -0.45129 -8.60087e-05
187 -0.03942 -4.80474e-04 |188 -0.30089  3.59796e-03 |189  0.80936 -1.62598e-03
189 variables; iteration 180; function evaluation 256; phase 4
Function value 7.0166554e+03; maximum gradient component mag -1.9694e-02
Var    Value     Gradient |Var    Value     Gradient |Var    Value     Gradient
  1 -0.38967 -2.38542e-03 |  2  0.35813 -6.46162e-04 |  3 -0.14596 -2.88895e-03
  4  0.02589 -1.56676e-03 |  5 -0.67885  7.22849e-05 |  6 -0.62024 -1.36648e-03
  7 -0.41928 -1.54802e-03 |  8  0.35599  1.36304e-03 |  9 -0.20013 -9.71223e-04
 10  0.08213 -2.55027e-03 | 11 -0.60500  6.56025e-04 | 12 -0.63816 -8.71599e-04
 13  0.82416  1.00836e-03 | 14 -0.00279 -7.10364e-03 | 15 -0.00277  1.09629e-03
 16 -0.00279 -3.60091e-03 | 17 -0.00281 -9.92297e-03 | 18 -0.00280 -9.32496e-03
 19 -0.00274 -1.12172e-03 | 20 -0.00267  8.03323e-03 | 21 -0.00261  1.02776e-02
 22 -0.00258  3.77410e-03 | 23 -0.00254 -5.12200e-03 | 24 -0.00247 -7.71007e-03
 25 -0.00235 -1.77878e-03 | 26 -0.00221  5.91701e-03 | 27 -0.00207  7.65886e-03
 28 -0.00195  4.37916e-03 | 29 -0.00180  3.13730e-03 | 30 -0.00163  4.70436e-03
 31 -0.00145  1.88347e-03 | 32 -0.00129 -5.70039e-03 | 33 -0.00108 -7.73743e-03
 34 -0.00083 -1.73460e-03 | 35 -0.00058  2.85657e-03 | 36 -0.00034  2.77124e-03
 37 -0.00010  1.62529e-03 | 38  0.00014  1.07713e-03 | 39  0.00036  1.66442e-03
 40  0.00056  1.84763e-03 | 41  0.00073  1.38658e-03 | 42  0.00085  1.36826e-03
 43  0.00092  1.20993e-03 | 44  0.00093  9.51608e-04 | 45  0.00087  9.11392e-04
 46  0.00075  5.88678e-04 | 47  0.00058  5.23484e-04 | 48  0.00036  2.40706e-04
 49  0.00010 -8.63999e-04 | 50 -0.00016 -9.06510e-04 | 51 -0.00041 -6.96968e-04
 52 -0.00062 -1.99076e-03 | 53 -0.00076 -3.80193e-03 | 54 -0.00079 -3.70519e-03
 55 -0.00069 -2.04667e-03 | 56 -0.00041 -1.30163e-04 | 57  0.00006  8.56068e-04
 58  0.00076  4.37586e-03 | 59  0.00166 -3.85693e-03 | 60  0.00288 -1.58095e-03
 61  0.00445  1.65179e-02 | 62  0.00608 -1.96943e-02 | 63  0.00822 -6.60121e-04
 64  0.01050 -2.48794e-03 | 65  0.01299  1.61454e-03 | 66  0.01554  1.28846e-03
 67  0.01800  1.12842e-03 | 68  0.02021  1.14736e-03 | 69  0.02197  1.13717e-03
 70  0.02310  7.87221e-04 | 71  0.02352  1.36805e-03 | 72  0.02323  1.17797e-03
 73  0.02231  1.22849e-03 | 74  0.02088  9.51855e-04 | 75  0.01899  6.11831e-04
 76  0.01659 -3.37024e-04 | 77  0.01361 -1.32974e-03 | 78  0.01001 -5.21767e-03
 79  0.00594 -3.87608e-03 | 80  0.00169 -6.90573e-03 | 81 -0.00218  3.19502e-03
 82 -0.00540  4.41384e-03 | 83 -0.00779  1.60788e-03 | 84 -0.00950  1.78670e-03
 85 -0.01088  2.95932e-04 | 86 -0.01206 -2.43392e-04 | 87 -0.01263  5.41426e-04
 88 -0.01222 -6.89565e-04 | 89 -0.01117 -8.57005e-04 | 90 -0.00842 -4.66235e-04
 91 -0.00392  3.53297e-03 | 92  0.00225  4.12108e-03 | 93  0.00604 -1.70245e-03
 94  0.00894 -3.15804e-03 | 95  0.01140 -2.94785e-03 | 96  0.00645  2.70568e-03
 97  0.00769  3.39857e-03 | 98  0.02539 -1.07687e-03 | 99  0.01836 -4.47886e-03
100  0.00003  4.76734e-03 |101  0.01944 -4.83990e-03 |102  0.08514 -6.28443e-04
103  0.03397  2.10884e-03 |104 -0.00563 -2.28780e-03 |105  0.00555  1.45067e-03
106  0.01845 -1.76989e-03 |107  0.03354  1.83302e-03 |108  0.00171  5.15407e-04
109 -0.06472 -7.38547e-05 |110 -0.08412  4.81415e-04 |111 -0.08882 -1.18054e-03
112 -0.06032 -2.38059e-04 |113  0.05700 -2.83181e-03 |114  0.02008 -1.81353e-03
115  0.00989 -1.39218e-03 |116 -0.04349 -1.05070e-03 |117 -0.08132  5.01044e-04
118 -0.02992  6.66588e-04 |119 -0.02974  5.94937e-04 |120 -0.03708  1.10885e-04
121 -0.00059 -2.95049e-04 |122  0.04305  9.81503e-04 |123 -0.00282  1.03514e-03
124  0.04615  3.57153e-04 |125 -0.01508  2.40696e-04 |126  0.10016  6.87239e-04
127 -0.00832  3.64910e-04 |128 -0.03685  6.24496e-04 |129 -0.04863 -1.19521e-04
130 -0.01495  3.72828e-05 |131  0.07592  2.85869e-04 |132  0.00720 -4.46192e-05
133 -0.00058  2.70794e-04 |134 -0.04004  3.18484e-04 |135 -0.02021  5.88017e-04
136 -0.00290 -7.14761e-04 |137  0.00000  6.06029e-08 |138 -0.64641  6.94029e-04
139 -0.99515  8.43118e-06 |140  0.03013 -2.16851e-03 |141 -0.58760  8.53565e-06
142  0.03434  1.98683e-03 |143 -0.40271 -9.10817e-05 |144  0.81908  3.22002e-03
145 -0.11308  7.04543e-04 |146  0.19767  5.10371e-04 |147 -0.23763  8.59802e-04
148  0.16635 -2.82681e-03 |149 -0.58183  6.70267e-06 |150 -0.00816  4.07242e-04
151 -0.42402  7.58641e-04 |152  0.82177 -2.60128e-03 |153  0.11983 -2.59045e-04
154 -0.04398 -2.58420e-04 |155 -0.12630  2.24554e-04 |156  0.09121 -3.11597e-04
157  0.04662  5.44768e-04 |158  0.14324 -6.10490e-04 |159 -0.03858  7.91479e-04
160 -0.58517  1.17400e-03 |161 -0.51033  5.51071e-06 |162 -0.20951 -1.58604e-03
163 -0.21239  2.82343e-03 |164  0.80069  8.18931e-03 |165  0.19505 -2.69563e-04
166  0.08265  1.65702e-04 |167 -0.25994  9.35350e-06 |168 -0.69502  5.72362e-05
169 -0.13960  5.86446e-03 |170 -0.35657  3.46320e-04 |171 -0.54222  1.39651e-05
172  0.81568 -8.65003e-04 |173  0.08861  4.70378e-04 |174 -0.52723  3.92693e-06
175  0.07872 -5.68607e-05 |176 -0.40504  1.31974e-04 |177 -0.14541 -9.91926e-04
178  0.06380  2.18506e-03 |179 -0.17484  3.30372e-03 |180 -0.15630 -1.03195e-03
181 -1.00002 -5.25667e-03 |182 -0.13897  2.66930e-03 |183  0.22405 -1.45433e-04
184  0.00997  1.81667e-04 |185 -0.36135  5.88159e-04 |186 -0.44809  1.34568e-04
187 -0.03943 -2.28600e-04 |188 -0.30089  1.99948e-03 |189  0.80936  2.87367e-03

 - final statistics:
189 variables; iteration 196; function evaluation 285
Function value 7.0167e+03; maximum gradient component mag 5.5973e-04
Exit code = 1;  converg criter 1.0000e-03
Var    Value     Gradient |Var    Value     Gradient |Var    Value     Gradient
  1 -0.38967 -9.84649e-05 |  2  0.35813  8.41997e-05 |  3 -0.14596  6.11905e-05
  4  0.02589  8.08800e-05 |  5 -0.67885  1.55637e-05 |  6 -0.62024  4.36049e-05
  7 -0.41928 -5.13499e-05 |  8  0.35599  6.85302e-05 |  9 -0.20013  4.10128e-05
 10  0.08213 -6.73446e-05 | 11 -0.60500  2.26880e-05 | 12 -0.63816  3.62561e-05
 13  0.82415 -7.73302e-06 | 14 -0.00276  3.70063e-04 | 15 -0.00277 -2.43015e-05
 16 -0.00278  2.32984e-04 | 17 -0.00277  5.59730e-04 | 18 -0.00276  5.31908e-04
 19 -0.00274  6.87768e-05 | 20 -0.00270 -2.46695e-04 | 21 -0.00265  1.62927e-05
 22 -0.00259  1.54838e-04 | 23 -0.00252 -1.79482e-04 | 24 -0.00244 -4.59072e-05
 25 -0.00234  3.65738e-04 | 26 -0.00223 -6.05147e-07 | 27 -0.00211 -3.18026e-04
 28 -0.00197 -6.71390e-05 | 29 -0.00181  3.59510e-05 | 30 -0.00164  2.62429e-05
 31 -0.00146 -2.19633e-04 | 32 -0.00126  4.71739e-04 | 33 -0.00105  1.03880e-04
 34 -0.00083 -2.92045e-04 | 35 -0.00059  1.26685e-05 | 36 -0.00035 -4.83663e-04
 37 -0.00010  2.14239e-04 | 38  0.00013 -2.02890e-04 | 39  0.00036  1.26483e-04
 40  0.00056  1.05293e-05 | 41  0.00072 -7.81689e-05 | 42  0.00085  3.85762e-04
 43  0.00092 -9.65552e-05 | 44  0.00092 -2.86495e-04 | 45  0.00087  2.09916e-04
 46  0.00075  9.73476e-05 | 47  0.00058  1.13450e-04 | 48  0.00036  1.52200e-04
 49  0.00010  5.73221e-06 | 50 -0.00016  2.52253e-04 | 51 -0.00041 -4.72180e-04
 52 -0.00061  1.84258e-04 | 53 -0.00075  1.38075e-04 | 54 -0.00078  5.37329e-05
 55 -0.00068  6.29978e-05 | 56 -0.00041  5.02495e-04 | 57  0.00005 -1.19720e-04
 58  0.00074 -1.34540e-04 | 59  0.00168  5.15027e-05 | 60  0.00289 -4.12142e-05
 61  0.00438 -5.50270e-04 | 62  0.00616  5.23957e-04 | 63  0.00822 -1.64218e-04
 64  0.01052  1.17584e-04 | 65  0.01299 -1.64957e-05 | 66  0.01553 -9.54728e-05
 67  0.01800 -5.09901e-05 | 68  0.02021 -4.93766e-05 | 69  0.02197 -4.59865e-06
 70  0.02310 -5.87481e-05 | 71  0.02351 -2.03380e-05 | 72  0.02322 -4.61835e-05
 73  0.02231 -5.89203e-05 | 74  0.02088  5.20341e-05 | 75  0.01898 -3.95844e-05
 76  0.01659 -7.67903e-05 | 77  0.01362  4.36576e-05 | 78  0.01003  2.75546e-04
 79  0.00595  6.66586e-05 | 80  0.00172  3.28223e-04 | 81 -0.00220 -2.29403e-04
 82 -0.00541 -2.38084e-04 | 83 -0.00780 -5.11182e-05 | 84 -0.00951 -5.39817e-05
 85 -0.01088  2.85845e-05 | 86 -0.01206  7.86452e-05 | 87 -0.01264  1.13450e-04
 88 -0.01222  7.30583e-05 | 89 -0.01117  4.73293e-06 | 90 -0.00841 -1.24102e-05
 91 -0.00394 -5.24952e-05 | 92  0.00223 -4.10736e-05 | 93  0.00605 -3.13612e-05
 94  0.00896  2.62793e-04 | 95  0.01141 -7.20004e-06 | 96  0.00644 -5.06545e-05
 97  0.00768 -1.42298e-04 | 98  0.02539  1.06473e-05 | 99  0.01838  1.48843e-04
100  0.00001 -2.93123e-04 |101  0.01945  1.76168e-04 |102  0.08514 -3.10519e-05
103  0.03396 -6.26810e-05 |104 -0.00563  1.08446e-06 |105  0.00554  6.66956e-05
106  0.01846 -9.95054e-05 |107  0.03353 -8.80215e-05 |108  0.00171  7.87203e-06
109 -0.06472 -1.57829e-04 |110 -0.08412  8.65952e-05 |111 -0.08882 -3.93212e-05
112 -0.06032 -5.06048e-06 |113  0.05700 -1.20827e-05 |114  0.02008  1.17408e-04
115  0.00990 -1.65378e-05 |116 -0.04348  7.16683e-06 |117 -0.08131  3.83606e-05
118 -0.02992 -3.34974e-06 |119 -0.02974  2.07046e-05 |120 -0.03708  6.61989e-05
121 -0.00059 -3.67091e-05 |122  0.04305  5.80315e-05 |123 -0.00282 -3.97191e-05
124  0.04615 -1.42312e-05 |125 -0.01508  5.45592e-05 |126  0.10016 -1.53188e-05
127 -0.00832 -1.16863e-04 |128 -0.03685 -4.93800e-05 |129 -0.04863 -6.81228e-05
130 -0.01495 -1.56122e-05 |131  0.07591  8.84077e-05 |132  0.00720 -1.05482e-04
133 -0.00058  3.10626e-05 |134 -0.04004  4.85259e-05 |135 -0.02021  5.52614e-05
136 -0.00290  5.36359e-05 |137  0.00000  1.93424e-08 |138 -0.64641  3.66184e-05
139 -0.99490 -3.34588e-06 |140  0.03013 -1.63967e-05 |141 -0.58765  3.91766e-06
142  0.03434  3.30325e-05 |143 -0.40271 -9.11182e-05 |144  0.81908 -4.68362e-05
145 -0.11309  2.70600e-05 |146  0.19766  2.92702e-05 |147 -0.23762  4.97837e-05
148  0.16635 -1.93074e-05 |149 -0.58187  3.26331e-06 |150 -0.00816 -5.93272e-05
151 -0.42402 -9.10457e-05 |152  0.82177  1.63192e-05 |153  0.11983 -9.87774e-06
154 -0.04397 -1.34305e-06 |155 -0.12630  2.41130e-06 |156  0.09121 -5.18829e-05
157  0.04662 -2.45202e-05 |158  0.14324 -4.02935e-05 |159 -0.03858 -1.69075e-05
160 -0.58516 -1.89392e-04 |161 -0.51036  2.55279e-06 |162 -0.20948  1.45378e-04
163 -0.21239 -8.87842e-05 |164  0.80069 -1.83219e-04 |165  0.19505 -1.71052e-05
166  0.08265  4.02571e-06 |167 -0.25994 -4.00921e-05 |168 -0.69534 -6.83200e-05
169 -0.13980  3.17413e-04 |170 -0.35951  3.95545e-05 |171 -0.53874  1.26349e-05
172  0.81567  1.25668e-04 |173  0.08861  4.91798e-06 |174 -0.52725  1.97666e-06
175  0.07872  5.29026e-06 |176 -0.40504 -1.02612e-05 |177 -0.14541 -1.29035e-04
178  0.06380 -1.25515e-04 |179 -0.17484 -4.62605e-05 |180 -0.15630 -1.64791e-04
181 -1.00001  1.85791e-04 |182 -0.13897 -1.14096e-04 |183  0.22405 -3.47072e-06
184  0.00997  3.65310e-06 |185 -0.36134  7.69853e-05 |186 -0.44880  8.05570e-05
187 -0.03943 -1.00128e-06 |188 -0.30090  1.43106e-04 |189  0.80936  4.12422e-04
Warning: the following parameters had issues
  Q_parm[5] is within 0.1% of lower bound: -1.00000e+01 < -9.99981e+00 < 2.00000e+00
  selparm[63] is within 0.1% of lower bound: -2.00000e+00 < -2.00000e+00 < 2.00000e+01


 - final statistics:
202 variables; iteration 0; function evaluation 0
Function value 7.0167e+03; maximum gradient component mag 5.5973e-04
Exit code = 0;  converg criter 1.0000e-03
Var    Value     Gradient |Var    Value     Gradient |Var    Value     Gradient
  1 -0.38967 -9.84648e-05 |  2  0.35813  8.41997e-05 |  3 -0.14596  6.11905e-05
  4  0.02589  8.08800e-05 |  5 -0.67885  1.55637e-05 |  6 -0.62024  4.36049e-05
  7 -0.41928 -5.13499e-05 |  8  0.35599  6.85302e-05 |  9 -0.20013  4.10127e-05
 10  0.08213 -6.73446e-05 | 11 -0.60500  2.26880e-05 | 12 -0.63816  3.62561e-05
 13  0.82415 -7.73303e-06 | 14 -0.00276  3.70063e-04 | 15 -0.00277 -2.43015e-05
 16 -0.00278  2.32984e-04 | 17 -0.00277  5.59730e-04 | 18 -0.00276  5.31908e-04
 19 -0.00274  6.87768e-05 | 20 -0.00270 -2.46695e-04 | 21 -0.00265  1.62927e-05
 22 -0.00259  1.54838e-04 | 23 -0.00252 -1.79482e-04 | 24 -0.00244 -4.59072e-05
 25 -0.00234  3.65738e-04 | 26 -0.00223 -6.05148e-07 | 27 -0.00211 -3.18026e-04
 28 -0.00197 -6.71390e-05 | 29 -0.00181  3.59510e-05 | 30 -0.00164  2.62429e-05
 31 -0.00146 -2.19633e-04 | 32 -0.00126  4.71739e-04 | 33 -0.00105  1.03880e-04
 34 -0.00083 -2.92045e-04 | 35 -0.00059  1.26685e-05 | 36 -0.00035 -4.83663e-04
 37 -0.00010  2.14239e-04 | 38  0.00013 -2.02890e-04 | 39  0.00036  1.26483e-04
 40  0.00056  1.05293e-05 | 41  0.00072 -7.81689e-05 | 42  0.00085  3.85762e-04
 43  0.00092 -9.65552e-05 | 44  0.00092 -2.86495e-04 | 45  0.00087  2.09916e-04
 46  0.00075  9.73476e-05 | 47  0.00058  1.13450e-04 | 48  0.00036  1.52200e-04
 49  0.00010  5.73220e-06 | 50 -0.00016  2.52253e-04 | 51 -0.00041 -4.72180e-04
 52 -0.00061  1.84258e-04 | 53 -0.00075  1.38075e-04 | 54 -0.00078  5.37329e-05
 55 -0.00068  6.29978e-05 | 56 -0.00041  5.02495e-04 | 57  0.00005 -1.19720e-04
 58  0.00074 -1.34540e-04 | 59  0.00168  5.15027e-05 | 60  0.00289 -4.12142e-05
 61  0.00438 -5.50270e-04 | 62  0.00616  5.23957e-04 | 63  0.00822 -1.64218e-04
 64  0.01052  1.17584e-04 | 65  0.01299 -1.64957e-05 | 66  0.01553 -9.54728e-05
 67  0.01800 -5.09901e-05 | 68  0.02021 -4.93766e-05 | 69  0.02197 -4.59865e-06
 70  0.02310 -5.87481e-05 | 71  0.02351 -2.03380e-05 | 72  0.02322 -4.61835e-05
 73  0.02231 -5.89203e-05 | 74  0.02088  5.20341e-05 | 75  0.01898 -3.95844e-05
 76  0.01659 -7.67903e-05 | 77  0.01362  4.36576e-05 | 78  0.01003  2.75546e-04
 79  0.00595  6.66586e-05 | 80  0.00172  3.28223e-04 | 81 -0.00220 -2.29403e-04
 82 -0.00541 -2.38084e-04 | 83 -0.00780 -5.11182e-05 | 84 -0.00951 -5.39817e-05
 85 -0.01088  2.85845e-05 | 86 -0.01206  7.86452e-05 | 87 -0.01264  1.13450e-04
 88 -0.01222  7.30583e-05 | 89 -0.01117  4.73292e-06 | 90 -0.00841 -1.24103e-05
 91 -0.00394 -5.24952e-05 | 92  0.00223 -4.10736e-05 | 93  0.00605 -3.13612e-05
 94  0.00896  2.62793e-04 | 95  0.01141 -7.20005e-06 | 96  0.00644 -5.06545e-05
 97  0.00768 -1.42298e-04 | 98  0.02539  1.06473e-05 | 99  0.01838  1.48843e-04
100  0.00001 -2.93123e-04 |101  0.01945  1.76168e-04 |102  0.08514 -3.10519e-05
103  0.03396 -6.26810e-05 |104 -0.00563  1.08446e-06 |105  0.00554  6.66956e-05
106  0.01846 -9.95054e-05 |107  0.03353 -8.80215e-05 |108  0.00171  7.87203e-06
109 -0.06472 -1.57829e-04 |110 -0.08412  8.65952e-05 |111 -0.08882 -3.93212e-05
112 -0.06032 -5.06048e-06 |113  0.05700 -1.20827e-05 |114  0.02008  1.17408e-04
115  0.00990 -1.65378e-05 |116 -0.04348  7.16683e-06 |117 -0.08131  3.83606e-05
118 -0.02992 -3.34974e-06 |119 -0.02974  2.07047e-05 |120 -0.03708  6.61989e-05
121 -0.00059 -3.67091e-05 |122  0.04305  5.80315e-05 |123 -0.00282 -3.97191e-05
124  0.04615 -1.42312e-05 |125 -0.01508  5.45592e-05 |126  0.10016 -1.53188e-05
127 -0.00832 -1.16863e-04 |128 -0.03685 -4.93800e-05 |129 -0.04863 -6.81228e-05
130 -0.01495 -1.56122e-05 |131  0.07591  8.84077e-05 |132  0.00720 -1.05482e-04
133 -0.00058  3.10626e-05 |134 -0.04004  4.85259e-05 |135 -0.02021  5.52614e-05
136 -0.00290  5.36359e-05 |137  0.00000  1.93424e-08 |138  0.00000  0.00000e+00
139  0.00000  0.00000e+00 |140  0.00000  0.00000e+00 |141  0.00000  0.00000e+00
142  0.00000  0.00000e+00 |143  0.00000  0.00000e+00 |144  0.00000  0.00000e+00
145  0.00000  0.00000e+00 |146  0.00000  0.00000e+00 |147  0.00000  0.00000e+00
148  0.00000  0.00000e+00 |149  0.00000  0.00000e+00 |150  0.00000  0.00000e+00
151 -0.64641  3.66184e-05 |152 -0.99490 -3.34588e-06 |153  0.03013 -1.63967e-05
154 -0.58765  3.91766e-06 |155  0.03434  3.30325e-05 |156 -0.40271 -9.11182e-05
157  0.81908 -4.68368e-05 |158 -0.11309  2.70600e-05 |159  0.19766  2.92702e-05
160 -0.23762  4.97837e-05 |161  0.16635 -1.93074e-05 |162 -0.58187  3.26331e-06
163 -0.00816 -5.93272e-05 |164 -0.42402 -9.10457e-05 |165  0.82177  1.63189e-05
166  0.11983 -9.87774e-06 |167 -0.04397 -1.34305e-06 |168 -0.12630  2.41130e-06
169  0.09121 -5.18829e-05 |170  0.04662 -2.45202e-05 |171  0.14324 -4.02935e-05
172 -0.03858 -1.69075e-05 |173 -0.58516 -1.89392e-04 |174 -0.51036  2.55279e-06
175 -0.20948  1.45378e-04 |176 -0.21239 -8.87843e-05 |177  0.80069 -1.83219e-04
178  0.19505 -1.71052e-05 |179  0.08265  4.02571e-06 |180 -0.25994 -4.00921e-05
181 -0.69534 -6.83200e-05 |182 -0.13980  3.17413e-04 |183 -0.35951  3.95545e-05
184 -0.53874  1.26349e-05 |185  0.81567  1.25668e-04 |186  0.08861  4.91798e-06
187 -0.52725  1.97666e-06 |188  0.07872  5.29026e-06 |189 -0.40504 -1.02612e-05
190 -0.14541 -1.29035e-04 |191  0.06380 -1.25515e-04 |192 -0.17484 -4.62605e-05
193 -0.15630 -1.64791e-04 |194 -0.99999 -1.85785e-04 |195 -0.13897 -1.14096e-04
196  0.22405 -3.47072e-06 |197  0.00997  3.65310e-06 |198 -0.36134  7.69853e-05
199 -0.44880  8.05570e-05 |200 -0.03943 -1.00128e-06 |201 -0.30090  1.43106e-04
202  0.80936  4.12422e-04 |
size of file gradfil1.tmp = 0
size of file gradfil2.tmp = 0
size of file varssave.tmp = 0
size of file cmpdiff.tmp = 1000000040
