
Initial statistics: 136 variables; iteration 0; function evaluation 0; phase 1
Function value 7.2816556e+03; maximum gradient component mag -2.3501e+01
Var    Value     Gradient |Var    Value     Gradient |Var    Value     Gradient
  1 -0.42335 -2.35007e+01 |  2 -0.09168 -1.79178e-01 |  3 -0.01012  4.78345e-04
  4 -0.01034  4.94964e-04 |  5 -0.01056  5.17501e-04 |  6 -0.01077  5.36889e-04
  7 -0.01098  5.53014e-04 |  8 -0.01118  5.77409e-04 |  9 -0.01137  6.00670e-04
 10 -0.01156  6.20608e-04 | 11 -0.01173  6.47820e-04 | 12 -0.01190  6.74342e-04
 13 -0.01205  6.93104e-04 | 14 -0.01219  7.21805e-04 | 15 -0.01231  7.49163e-04
 16 -0.01242  7.78180e-04 | 17 -0.01251  8.06331e-04 | 18 -0.01257  8.38391e-04
 19 -0.01262  8.65868e-04 | 20 -0.01264  8.98097e-04 | 21 -0.01264  9.31672e-04
 22 -0.01261  9.64248e-04 | 23 -0.01256  1.00143e-03 | 24 -0.01247  1.04167e-03
 25 -0.01236  1.07697e-03 | 26 -0.01221  1.11955e-03 | 27 -0.01203  1.16015e-03
 28 -0.01181  1.20285e-03 | 29 -0.01155  1.24569e-03 | 30 -0.01125  1.28856e-03
 31 -0.01091  1.33534e-03 | 32 -0.01054  1.37877e-03 | 33 -0.01013  1.42957e-03
 34 -0.00969  1.48169e-03 | 35 -0.00923  1.53230e-03 | 36 -0.00875  1.59207e-03
 37 -0.00826  1.65034e-03 | 38 -0.00778  1.71717e-03 | 39 -0.00731  1.78577e-03
 40 -0.00686  1.85996e-03 | 41 -0.00645  1.94473e-03 | 42 -0.00608  2.02473e-03
 43 -0.00576  2.10871e-03 | 44 -0.00548  2.20900e-03 | 45 -0.00524  2.31040e-03
 46 -0.00503  2.40680e-03 | 47 -0.00482  2.53625e-03 | 48 -0.00458  2.68699e-03
 49 -0.00430  2.83753e-03 | 50 -0.00394  3.01939e-03 | 51 -0.00348  3.26124e-03
 52 -0.00287  3.50785e-03 | 53 -0.00209  3.82410e-03 | 54 -0.00109  4.19778e-03
 55  0.00014  4.64804e-03 | 56  0.00165  5.18871e-03 | 57  0.00344  5.83924e-03
 58  0.00556  6.65082e-03 | 59  0.00799  7.63426e-03 | 60  0.01073  8.81021e-03
 61  0.01376  1.02447e-02 | 62  0.01701  1.20111e-02 | 63  0.02039  1.41241e-02
 64  0.02374  1.66499e-02 | 65  0.02688  1.96927e-02 | 66  0.02959  2.32415e-02
 67  0.03167  2.73336e-02 | 68  0.03301  3.20401e-02 | 69  0.03356  3.73203e-02
 70  0.03342  4.33135e-02 | 71  0.03269  4.99766e-02 | 72  0.03141  5.74087e-02
 73  0.02955  6.55547e-02 | 74  0.02701  7.43465e-02 | 75  0.02374  8.36898e-02
 76  0.01993  9.35355e-02 | 77  0.01595  1.04075e-01 | 78  0.01232  1.15681e-01
 79  0.00947  1.28935e-01 | 80  0.00753  1.44403e-01 | 81  0.00629  1.62623e-01
 82  0.00535  1.84116e-01 | 83  0.00459  2.10043e-01 | 84  0.00449  2.43470e-01
 85  0.00513  2.88124e-01 | 86  0.00537  3.45659e-01 | 87  0.00705  4.25567e-01
 88  0.00963  5.30177e-01 | 89  0.01361  6.55799e-01 | 90  0.01372  7.40253e-01
 91  0.01248  7.05551e-01 | 92  0.01080  4.12149e-01 | 93  0.00276 -3.00800e-01
 94  0.00363 -1.53218e+00 | 95  0.02300 -3.61285e+00 | 96  0.02148 -4.88268e+00
 97 -0.00261 -3.48092e+00 | 98  0.01586 -7.37793e-01 | 99  0.08394  4.32661e+00
100  0.02835  1.18652e+00 |101 -0.01439 -1.69635e+00 |102  0.00446 -2.69851e+00
103  0.01955 -2.13845e+00 |104  0.03886  3.45478e+00 |105  0.00304  8.01586e+00
106 -0.06231 -2.74714e-01 |107 -0.07875  1.03986e+00 |108 -0.07712 -1.41771e+00
109 -0.03440 -8.76938e-01 |110  0.06997 -6.04458e-01 |111  0.02382 -8.82286e-02
112  0.01399  9.91163e-05 |113 -0.02776  4.84435e-05 |114 -0.06698  5.82784e-05
115 -0.00633  6.30310e-05 |116  0.00477  7.46949e-05 |117 -0.02715  2.83441e-05
118  0.02836  9.94954e-05 |119  0.07361  1.36823e-04 |120  0.01051 -1.77429e-05
121  0.08266 -6.23082e-05 |122  0.00582 -4.07904e-05 |123  0.13296 -1.30205e-05
124 -0.00525 -1.35422e-06 |125 -0.04642  3.42511e-05 |126 -0.05667  4.06963e-06
127 -0.02189 -1.60819e-05 |128  0.09425  2.52891e-05 |129  0.03193  3.47834e-06
130  0.01687  1.17041e-05 |131 -0.02797  2.65874e-06 |132 -0.01758 -2.34924e-06
133 -0.00587  7.40373e-06 |134 -0.00040 -1.15471e-07 |135  0.27523 -2.96123e-04
136  0.18628  4.19484e-04 |

 - final statistics:
136 variables; iteration 1; function evaluation 1
Function value 7.2816e+03; maximum gradient component mag 8.1784e+00
Exit code = 1;  converg criter 1.0000e+01
Var    Value     Gradient |Var    Value     Gradient |Var    Value     Gradient
  1 -0.42270 -4.39975e+00 |  2 -0.09168 -3.45265e+00 |  3 -0.01012 -5.09948e-02
  4 -0.01034 -5.22563e-02 |  5 -0.01056 -5.35342e-02 |  6 -0.01077 -5.48374e-02
  7 -0.01098 -5.61670e-02 |  8 -0.01118 -5.75102e-02 |  9 -0.01137 -5.88759e-02
 10 -0.01156 -6.02662e-02 | 11 -0.01173 -6.16707e-02 | 12 -0.01190 -6.30978e-02
 13 -0.01205 -6.45549e-02 | 14 -0.01219 -6.60253e-02 | 15 -0.01231 -6.75201e-02
 16 -0.01242 -6.90357e-02 | 17 -0.01251 -7.05726e-02 | 18 -0.01257 -7.21238e-02
 19 -0.01262 -7.36965e-02 | 20 -0.01264 -7.52822e-02 | 21 -0.01264 -7.68878e-02
 22 -0.01261 -7.85180e-02 | 23 -0.01256 -8.01695e-02 | 24 -0.01247 -8.18439e-02
 25 -0.01236 -8.35472e-02 | 26 -0.01221 -8.52626e-02 | 27 -0.01203 -8.69933e-02
 28 -0.01181 -8.87298e-02 | 29 -0.01155 -9.04696e-02 | 30 -0.01125 -9.22031e-02
 31 -0.01091 -9.39402e-02 | 32 -0.01054 -9.56848e-02 | 33 -0.01013 -9.74262e-02
 34 -0.00969 -9.91693e-02 | 35 -0.00923 -1.00912e-01 | 36 -0.00875 -1.02638e-01
 37 -0.00826 -1.04357e-01 | 38 -0.00778 -1.06053e-01 | 39 -0.00731 -1.07729e-01
 40 -0.00686 -1.09368e-01 | 41 -0.00645 -1.10942e-01 | 42 -0.00608 -1.12437e-01
 43 -0.00576 -1.13830e-01 | 44 -0.00548 -1.15109e-01 | 45 -0.00524 -1.16302e-01
 46 -0.00503 -1.17444e-01 | 47 -0.00482 -1.18525e-01 | 48 -0.00458 -1.19574e-01
 49 -0.00430 -1.20652e-01 | 50 -0.00394 -1.21756e-01 | 51 -0.00348 -1.22906e-01
 52 -0.00287 -1.24183e-01 | 53 -0.00209 -1.25569e-01 | 54 -0.00109 -1.27132e-01
 55  0.00014 -1.28868e-01 | 56  0.00165 -1.30913e-01 | 57  0.00344 -1.33255e-01
 58  0.00556 -1.35865e-01 | 59  0.00799 -1.38783e-01 | 60  0.01073 -1.41990e-01
 61  0.01376 -1.45413e-01 | 62  0.01701 -1.48904e-01 | 63  0.02039 -1.52332e-01
 64  0.02374 -1.55443e-01 | 65  0.02688 -1.57841e-01 | 66  0.02959 -1.59156e-01
 67  0.03167 -1.58994e-01 | 68  0.03300 -1.57004e-01 | 69  0.03356 -1.53080e-01
 70  0.03342 -1.47128e-01 | 71  0.03269 -1.39259e-01 | 72  0.03141 -1.29399e-01
 73  0.02955 -1.17509e-01 | 74  0.02700 -1.03522e-01 | 75  0.02374 -8.75400e-02
 76  0.01993 -6.98799e-02 | 77  0.01595 -5.08968e-02 | 78  0.01232 -3.07839e-02
 79  0.00947 -9.37229e-03 | 80  0.00753  1.39569e-02 | 81  0.00628  4.01299e-02
 82  0.00535  7.03033e-02 | 83  0.00459  1.06031e-01 | 84  0.00448  1.50340e-01
 85  0.00513  2.07409e-01 | 86  0.00536  2.80119e-01 | 87  0.00704  3.77415e-01
 88  0.00962  5.02826e-01 | 89  0.01359  6.53775e-01 | 90  0.01370  7.68218e-01
 91  0.01246  7.68662e-01 | 92  0.01079  5.16295e-01 | 93  0.00277 -1.56583e-01
 94  0.00367 -1.33251e+00 | 95  0.02310 -3.31807e+00 | 96  0.02161 -4.53823e+00
 97 -0.00251 -3.17189e+00 | 98  0.01588 -3.88982e-01 | 99  0.08382  4.89646e+00
100  0.02832  1.58399e+00 |101 -0.01434 -1.37129e+00 |102  0.00453 -2.30964e+00
103  0.01961 -1.74376e+00 |104  0.03877  3.79151e+00 |105  0.00282  8.17843e+00
106 -0.06230 -1.05452e-01 |107 -0.07878  1.21284e+00 |108 -0.07708 -1.18573e+00
109 -0.03437 -5.45537e-01 |110  0.06999  1.20568e-01 |111  0.02382  3.96942e-01
112  0.01399  4.21543e-01 |113 -0.02776  2.80707e-01 |114 -0.06698  1.87732e-01
115 -0.00633  2.68308e-01 |116  0.00477  2.50719e-01 |117 -0.02715  1.61025e-01
118  0.02836  1.99001e-01 |119  0.07361  2.16077e-01 |120  0.01051  9.81251e-02
121  0.08266  1.25643e-01 |122  0.00582  4.93034e-02 |123  0.13296  9.05707e-02
124 -0.00525  2.11320e-02 |125 -0.04642  1.09588e-02 |126 -0.05667  7.42273e-03
127 -0.02189  8.33388e-03 |128  0.09425  1.93973e-02 |129  0.03193  1.04992e-02
130  0.01687  8.22335e-03 |131 -0.02797  3.84097e-03 |132 -0.01758  1.85999e-03
133 -0.00587  5.74617e-04 |134 -0.00040  8.31616e-05 |135  0.27523 -6.15301e-01
136  0.18628 -4.45970e-01 |

Initial statistics: 146 variables; iteration 0; function evaluation 0; phase 2
Function value 7.2816418e+03; maximum gradient component mag 1.9019e+01
Var    Value     Gradient |Var    Value     Gradient |Var    Value     Gradient
  1 -0.42270 -4.39975e+00 |  2  0.37108 -2.84706e+00 |  3 -0.12611 -1.79880e+01
  4 -0.01318 -1.24048e+01 |  5 -0.70910 -2.73161e+00 |  6 -0.60422  5.50279e+00
  7  0.37624 -6.82257e+00 |  8 -0.18520  1.90192e+01 |  9  0.03404  7.97336e+00
 10 -0.60952  1.64838e+00 | 11 -0.62338 -9.30737e+00 | 12 -0.09168 -3.45265e+00
 13 -0.01012 -5.09948e-02 | 14 -0.01034 -5.22563e-02 | 15 -0.01056 -5.35342e-02
 16 -0.01077 -5.48374e-02 | 17 -0.01098 -5.61670e-02 | 18 -0.01118 -5.75102e-02
 19 -0.01137 -5.88759e-02 | 20 -0.01156 -6.02662e-02 | 21 -0.01173 -6.16707e-02
 22 -0.01190 -6.30978e-02 | 23 -0.01205 -6.45549e-02 | 24 -0.01219 -6.60253e-02
 25 -0.01231 -6.75201e-02 | 26 -0.01242 -6.90357e-02 | 27 -0.01251 -7.05726e-02
 28 -0.01257 -7.21238e-02 | 29 -0.01262 -7.36965e-02 | 30 -0.01264 -7.52822e-02
 31 -0.01264 -7.68878e-02 | 32 -0.01261 -7.85180e-02 | 33 -0.01256 -8.01695e-02
 34 -0.01247 -8.18439e-02 | 35 -0.01236 -8.35472e-02 | 36 -0.01221 -8.52626e-02
 37 -0.01203 -8.69933e-02 | 38 -0.01181 -8.87298e-02 | 39 -0.01155 -9.04696e-02
 40 -0.01125 -9.22031e-02 | 41 -0.01091 -9.39402e-02 | 42 -0.01054 -9.56848e-02
 43 -0.01013 -9.74262e-02 | 44 -0.00969 -9.91693e-02 | 45 -0.00923 -1.00912e-01
 46 -0.00875 -1.02638e-01 | 47 -0.00826 -1.04357e-01 | 48 -0.00778 -1.06053e-01
 49 -0.00731 -1.07729e-01 | 50 -0.00686 -1.09368e-01 | 51 -0.00645 -1.10942e-01
 52 -0.00608 -1.12437e-01 | 53 -0.00576 -1.13830e-01 | 54 -0.00548 -1.15109e-01
 55 -0.00524 -1.16302e-01 | 56 -0.00503 -1.17444e-01 | 57 -0.00482 -1.18525e-01
 58 -0.00458 -1.19574e-01 | 59 -0.00430 -1.20652e-01 | 60 -0.00394 -1.21756e-01
 61 -0.00348 -1.22906e-01 | 62 -0.00287 -1.24183e-01 | 63 -0.00209 -1.25569e-01
 64 -0.00109 -1.27132e-01 | 65  0.00014 -1.28868e-01 | 66  0.00165 -1.30913e-01
 67  0.00344 -1.33255e-01 | 68  0.00556 -1.35865e-01 | 69  0.00799 -1.38783e-01
 70  0.01073 -1.41990e-01 | 71  0.01376 -1.45413e-01 | 72  0.01701 -1.48904e-01
 73  0.02039 -1.52332e-01 | 74  0.02374 -1.55443e-01 | 75  0.02688 -1.57841e-01
 76  0.02959 -1.59156e-01 | 77  0.03167 -1.58994e-01 | 78  0.03300 -1.57004e-01
 79  0.03356 -1.53080e-01 | 80  0.03342 -1.47128e-01 | 81  0.03269 -1.39259e-01
 82  0.03141 -1.29399e-01 | 83  0.02955 -1.17509e-01 | 84  0.02700 -1.03522e-01
 85  0.02374 -8.75400e-02 | 86  0.01993 -6.98799e-02 | 87  0.01595 -5.08968e-02
 88  0.01232 -3.07839e-02 | 89  0.00947 -9.37229e-03 | 90  0.00753  1.39569e-02
 91  0.00628  4.01299e-02 | 92  0.00535  7.03033e-02 | 93  0.00459  1.06031e-01
 94  0.00448  1.50340e-01 | 95  0.00513  2.07409e-01 | 96  0.00536  2.80119e-01
 97  0.00704  3.77415e-01 | 98  0.00962  5.02826e-01 | 99  0.01359  6.53775e-01
100  0.01370  7.68218e-01 |101  0.01246  7.68662e-01 |102  0.01079  5.16295e-01
103  0.00277 -1.56583e-01 |104  0.00367 -1.33251e+00 |105  0.02310 -3.31807e+00
106  0.02161 -4.53823e+00 |107 -0.00251 -3.17189e+00 |108  0.01588 -3.88982e-01
109  0.08382  4.89646e+00 |110  0.02832  1.58399e+00 |111 -0.01434 -1.37129e+00
112  0.00453 -2.30964e+00 |113  0.01961 -1.74376e+00 |114  0.03877  3.79151e+00
115  0.00282  8.17843e+00 |116 -0.06230 -1.05452e-01 |117 -0.07878  1.21284e+00
118 -0.07708 -1.18573e+00 |119 -0.03437 -5.45537e-01 |120  0.06999  1.20568e-01
121  0.02382  3.96942e-01 |122  0.01399  4.21543e-01 |123 -0.02776  2.80707e-01
124 -0.06698  1.87732e-01 |125 -0.00633  2.68308e-01 |126  0.00477  2.50719e-01
127 -0.02715  1.61025e-01 |128  0.02836  1.99001e-01 |129  0.07361  2.16077e-01
130  0.01051  9.81251e-02 |131  0.08266  1.25643e-01 |132  0.00582  4.93034e-02
133  0.13296  9.05707e-02 |134 -0.00525  2.11320e-02 |135 -0.04642  1.09588e-02
136 -0.05667  7.42273e-03 |137 -0.02189  8.33388e-03 |138  0.09425  1.93973e-02
139  0.03193  1.04992e-02 |140  0.01687  8.22335e-03 |141 -0.02797  3.84097e-03
142 -0.01758  1.85999e-03 |143 -0.00587  5.74617e-04 |144 -0.00040  8.31616e-05
145  0.27523 -6.15301e-01 |146  0.18628 -4.45970e-01 |

Intermediate statistics: 146 variables; iteration 20; function evaluation 27; phase 2
Function value 7.2814857e+03; maximum gradient component mag 1.6082e+01
Var    Value     Gradient |Var    Value     Gradient |Var    Value     Gradient
  1 -0.42240 -1.12122e+00 |  2  0.37058  7.59194e+00 |  3 -0.12605  1.35569e+01
  4 -0.01218  1.01667e+01 |  5 -0.70507 -9.72725e-01 |  6 -0.60532 -1.58716e+01
  7  0.37727  9.83906e+00 |  8 -0.18501  1.60823e+01 |  9  0.03269  1.19082e+01
 10 -0.60980  8.91181e-01 | 11 -0.62297  1.40552e-01 | 12 -0.09211 -1.37728e+01
 13 -0.01003 -1.10887e-02 | 14 -0.01024 -1.13800e-02 | 15 -0.01046 -1.16762e-02
 16 -0.01067 -1.19785e-02 | 17 -0.01088 -1.22868e-02 | 18 -0.01108 -1.25994e-02
 19 -0.01127 -1.29174e-02 | 20 -0.01146 -1.32408e-02 | 21 -0.01163 -1.35678e-02
 22 -0.01179 -1.38990e-02 | 23 -0.01194 -1.42347e-02 | 24 -0.01208 -1.45719e-02
 25 -0.01220 -1.49117e-02 | 26 -0.01231 -1.52530e-02 | 27 -0.01240 -1.55958e-02
 28 -0.01246 -1.59388e-02 | 29 -0.01251 -1.62823e-02 | 30 -0.01253 -1.66231e-02
 31 -0.01253 -1.69599e-02 | 32 -0.01250 -1.72914e-02 | 33 -0.01244 -1.76155e-02
 34 -0.01236 -1.79316e-02 | 35 -0.01225 -1.82401e-02 | 36 -0.01210 -1.85386e-02
 37 -0.01191 -1.88269e-02 | 38 -0.01169 -1.91020e-02 | 39 -0.01144 -1.93608e-02
 40 -0.01114 -1.95978e-02 | 41 -0.01080 -1.98089e-02 | 42 -0.01043 -1.99895e-02
 43 -0.01002 -2.01335e-02 | 44 -0.00959 -2.02369e-02 | 45 -0.00913 -2.02947e-02
 46 -0.00865 -2.02994e-02 | 47 -0.00816 -2.02467e-02 | 48 -0.00768 -2.01299e-02
 49 -0.00721 -1.99460e-02 | 50 -0.00677 -1.96919e-02 | 51 -0.00636 -1.93633e-02
 52 -0.00599 -1.89555e-02 | 53 -0.00567 -1.84586e-02 | 54 -0.00540 -1.78626e-02
 55 -0.00517 -1.71650e-02 | 56 -0.00496 -1.63705e-02 | 57 -0.00475 -1.54821e-02
 58 -0.00452 -1.45100e-02 | 59 -0.00424 -1.34689e-02 | 60 -0.00389 -1.23692e-02
 61 -0.00342 -1.12264e-02 | 62 -0.00282 -1.00684e-02 | 63 -0.00203 -8.91626e-03
 64 -0.00104 -7.80849e-03 | 65  0.00019 -6.78658e-03 | 66  0.00170 -5.91203e-03
 67  0.00349 -5.25339e-03 | 68  0.00561 -4.89629e-03 | 69  0.00804 -4.95616e-03
 70  0.01078 -5.57201e-03 | 71  0.01381 -6.90871e-03 | 72  0.01706 -9.15394e-03
 73  0.02043 -1.25190e-02 | 74  0.02378 -1.72090e-02 | 75  0.02692 -2.33922e-02
 76  0.02963 -3.11751e-02 | 77  0.03170 -4.05959e-02 | 78  0.03303 -5.16387e-02
 79  0.03358 -6.42737e-02 | 80  0.03344 -7.85088e-02 | 81  0.03270 -9.43534e-02
 82  0.03142 -1.11779e-01 | 83  0.02956 -1.30657e-01 | 84  0.02702 -1.50767e-01
 85  0.02376 -1.71945e-01 | 86  0.01995 -1.94268e-01 | 87  0.01597 -2.18226e-01
 88  0.01234 -2.44605e-01 | 89  0.00948 -2.74329e-01 | 90  0.00753 -3.07752e-01
 91  0.00628 -3.44395e-01 | 92  0.00532 -3.82480e-01 | 93  0.00453 -4.20048e-01
 94  0.00436 -4.56803e-01 | 95  0.00491 -4.90792e-01 | 96  0.00500 -5.12878e-01
 97  0.00641 -5.27553e-01 | 98  0.00856 -5.31740e-01 | 99  0.01189 -5.28426e-01
100  0.01135 -5.04857e-01 |101  0.00962 -4.67396e-01 |102  0.00796 -4.49218e-01
103  0.00109 -4.71377e-01 |104  0.00392 -6.13841e-01 |105  0.02760 -9.65680e-01
106  0.02971 -1.17004e+00 |107  0.00352 -9.31704e-01 |108  0.01730 -5.80527e-01
109  0.07096 -3.66856e-01 |110  0.02833 -3.81897e-01 |111 -0.01091 -5.39868e-01
112  0.00811 -5.57997e-01 |113  0.02462 -6.85557e-01 |114  0.03640 -4.36245e-01
115 -0.00844  9.83166e-02 |116 -0.05849 -5.91146e-01 |117 -0.08034  2.20719e-01
118 -0.07489  1.44773e-01 |119 -0.03404  4.23739e-01 |120  0.06990  6.81747e-01
121  0.02341  3.76231e-01 |122  0.01336  3.38104e-01 |123 -0.02831  2.41225e-01
124 -0.06754  2.46550e-01 |125 -0.00723  4.59757e-01 |126  0.00460  4.28710e-01
127 -0.02755  3.30845e-01 |128  0.02751  4.82204e-01 |129  0.07376  5.71716e-01
130  0.00949  2.57354e-01 |131  0.08294  3.62281e-01 |132  0.00574  1.44024e-01
133  0.13303  3.25256e-01 |134 -0.00589  2.02733e-02 |135 -0.04665  6.85000e-03
136 -0.05715  3.32657e-02 |137 -0.02196  1.94847e-02 |138  0.09452  2.06059e-02
139  0.03153  3.18274e-02 |140  0.01675  1.13975e-02 |141 -0.02819  1.87897e-02
142 -0.01784  2.14995e-02 |143 -0.00596 -2.45427e-02 |144 -0.00040 -3.23692e-05
145  0.27561 -2.65835e+00 |146  0.18601 -6.53905e+00 |

 - final statistics:
146 variables; iteration 23; function evaluation 31
Function value 7.2815e+03; maximum gradient component mag 9.4508e+00
Exit code = 1;  converg criter 1.0000e+01
Var    Value     Gradient |Var    Value     Gradient |Var    Value     Gradient
  1 -0.42235 -5.38373e-01 |  2  0.37066  4.45309e+00 |  3 -0.12606  8.06055e+00
  4 -0.01241  5.92848e+00 |  5 -0.70516 -6.36531e-01 |  6 -0.60508 -9.17482e+00
  7  0.37726  5.72487e+00 |  8 -0.18506  9.45084e+00 |  9  0.03259  7.05855e+00
 10 -0.61058  2.12489e-02 | 11 -0.62290  1.36820e-01 | 12 -0.09383 -8.43461e+00
 13 -0.01003 -1.94925e-02 | 14 -0.01025 -2.00088e-02 | 15 -0.01046 -2.05330e-02
 16 -0.01068 -2.10658e-02 | 17 -0.01088 -2.16073e-02 | 18 -0.01108 -2.21538e-02
 19 -0.01128 -2.27052e-02 | 20 -0.01146 -2.32602e-02 | 21 -0.01164 -2.38155e-02
 22 -0.01180 -2.43705e-02 | 23 -0.01195 -2.49238e-02 | 24 -0.01209 -2.54704e-02
 25 -0.01221 -2.60084e-02 | 26 -0.01232 -2.65328e-02 | 27 -0.01240 -2.70380e-02
 28 -0.01247 -2.75165e-02 | 29 -0.01251 -2.79626e-02 | 30 -0.01254 -2.83685e-02
 31 -0.01253 -2.87287e-02 | 32 -0.01250 -2.90355e-02 | 33 -0.01245 -2.92791e-02
 34 -0.01237 -2.94484e-02 | 35 -0.01225 -2.95311e-02 | 36 -0.01210 -2.95102e-02
 37 -0.01192 -2.93696e-02 | 38 -0.01170 -2.90913e-02 | 39 -0.01144 -2.86572e-02
 40 -0.01114 -2.80438e-02 | 41 -0.01080 -2.72398e-02 | 42 -0.01042 -2.62229e-02
 43 -0.01001 -2.49692e-02 | 44 -0.00957 -2.34566e-02 | 45 -0.00911 -2.16616e-02
 46 -0.00863 -1.95601e-02 | 47 -0.00813 -1.71352e-02 | 48 -0.00765 -1.43692e-02
 49 -0.00717 -1.12525e-02 | 50 -0.00672 -7.78018e-03 | 51 -0.00630 -3.95592e-03
 52 -0.00592  2.01131e-04 | 53 -0.00559  4.66280e-03 | 54 -0.00531  9.39591e-03
 55 -0.00507  1.43611e-02 | 56 -0.00484  1.95172e-02 | 57 -0.00462  2.48192e-02
 58 -0.00438  3.01880e-02 | 59 -0.00409  3.55209e-02 | 60 -0.00372  4.06990e-02
 61 -0.00324  4.55819e-02 | 62 -0.00263  4.99838e-02 | 63 -0.00184  5.37266e-02
 64 -0.00084  5.66062e-02 | 65  0.00040  5.84006e-02 | 66  0.00191  5.89522e-02
 67  0.00371  5.80688e-02 | 68  0.00582  5.56181e-02 | 69  0.00824  5.15381e-02
 70  0.01098  4.58294e-02 | 71  0.01399  3.85757e-02 | 72  0.01723  2.98856e-02
 73  0.02059  1.98415e-02 | 74  0.02393  8.45269e-03 | 75  0.02705 -4.38562e-03
 76  0.02975 -1.88205e-02 | 77  0.03182 -3.48850e-02 | 78  0.03313 -5.24334e-02
 79  0.03368 -7.11231e-02 | 80  0.03353 -9.06001e-02 | 81  0.03279 -1.10455e-01
 82  0.03151 -1.30310e-01 | 83  0.02966 -1.49716e-01 | 84  0.02712 -1.68249e-01
 85  0.02387 -1.85564e-01 | 86  0.02007 -2.01391e-01 | 87  0.01611 -2.15522e-01
 88  0.01251 -2.27840e-01 | 89  0.00969 -2.38511e-01 | 90  0.00779 -2.47701e-01
 91  0.00659 -2.55452e-01 | 92  0.00569 -2.61270e-01 | 93  0.00495 -2.64864e-01
 94  0.00482 -2.68000e-01 | 95  0.00539 -2.71587e-01 | 96  0.00547 -2.71261e-01
 97  0.00684 -2.74234e-01 | 98  0.00891 -2.76731e-01 | 99  0.01212 -2.79510e-01
100  0.01143 -2.72556e-01 |101  0.00951 -2.67454e-01 |102  0.00772 -2.69861e-01
103  0.00080 -2.90747e-01 |104  0.00400 -3.02059e-01 |105  0.02791 -4.96983e-01
106  0.03031 -5.93012e-01 |107  0.00396 -4.89797e-01 |108  0.01717 -3.38344e-01
109  0.07054 -2.15423e-01 |110  0.02755 -4.38921e-01 |111 -0.01074 -3.90282e-01
112  0.00778 -5.03823e-01 |113  0.02448 -5.28472e-01 |114  0.03627 -2.37372e-01
115 -0.00902  1.36967e-01 |116 -0.05812 -2.64728e-01 |117 -0.08106  8.78854e-02
118 -0.07455  4.02902e-01 |119 -0.03433  3.39508e-01 |120  0.06941  4.01594e-01
121  0.02314  2.59110e-01 |122  0.01319  1.52667e-01 |123 -0.02904 -2.15171e-01
124 -0.06808 -1.57738e-01 |125 -0.00819 -2.07092e-01 |126  0.00388 -6.88468e-02
127 -0.02797  1.90594e-01 |128  0.02745  7.49626e-01 |129  0.07428  1.46795e+00
130  0.00949  6.08264e-01 |131  0.08293  8.02537e-01 |132  0.00538  1.14586e-01
133  0.13234 -1.40971e-01 |134 -0.00628 -1.34990e-01 |135 -0.04684 -3.93747e-02
136 -0.05739 -3.32970e-02 |137 -0.02212 -8.03107e-03 |138  0.09436  1.77961e-02
139  0.03122 -3.16546e-02 |140  0.01670  6.71598e-03 |141 -0.02830 -1.42417e-02
142 -0.01791 -1.52128e-03 |143 -0.00596 -1.90011e-02 |144 -0.00041 -2.57614e-04
145  0.27848 -1.16233e+00 |146  0.18853 -3.51920e+00 |

Initial statistics: 174 variables; iteration 0; function evaluation 0; phase 3
Function value 7.2814779e+03; maximum gradient component mag 9.4508e+00
Var    Value     Gradient |Var    Value     Gradient |Var    Value     Gradient
  1 -0.42235 -5.38373e-01 |  2  0.37066  4.45309e+00 |  3 -0.12606  8.06055e+00
  4 -0.01241  5.92848e+00 |  5 -0.70516 -6.36531e-01 |  6 -0.60508 -9.17482e+00
  7  0.37726  5.72487e+00 |  8 -0.18506  9.45084e+00 |  9  0.03259  7.05855e+00
 10 -0.61058  2.12489e-02 | 11 -0.62290  1.36820e-01 | 12 -0.09383 -8.43461e+00
 13 -0.01003 -1.94925e-02 | 14 -0.01025 -2.00088e-02 | 15 -0.01046 -2.05330e-02
 16 -0.01068 -2.10658e-02 | 17 -0.01088 -2.16073e-02 | 18 -0.01108 -2.21538e-02
 19 -0.01128 -2.27052e-02 | 20 -0.01146 -2.32602e-02 | 21 -0.01164 -2.38155e-02
 22 -0.01180 -2.43705e-02 | 23 -0.01195 -2.49238e-02 | 24 -0.01209 -2.54704e-02
 25 -0.01221 -2.60084e-02 | 26 -0.01232 -2.65328e-02 | 27 -0.01240 -2.70380e-02
 28 -0.01247 -2.75165e-02 | 29 -0.01251 -2.79626e-02 | 30 -0.01254 -2.83685e-02
 31 -0.01253 -2.87287e-02 | 32 -0.01250 -2.90355e-02 | 33 -0.01245 -2.92791e-02
 34 -0.01237 -2.94484e-02 | 35 -0.01225 -2.95311e-02 | 36 -0.01210 -2.95102e-02
 37 -0.01192 -2.93696e-02 | 38 -0.01170 -2.90913e-02 | 39 -0.01144 -2.86572e-02
 40 -0.01114 -2.80438e-02 | 41 -0.01080 -2.72398e-02 | 42 -0.01042 -2.62229e-02
 43 -0.01001 -2.49692e-02 | 44 -0.00957 -2.34566e-02 | 45 -0.00911 -2.16616e-02
 46 -0.00863 -1.95601e-02 | 47 -0.00813 -1.71352e-02 | 48 -0.00765 -1.43692e-02
 49 -0.00717 -1.12525e-02 | 50 -0.00672 -7.78018e-03 | 51 -0.00630 -3.95592e-03
 52 -0.00592  2.01131e-04 | 53 -0.00559  4.66280e-03 | 54 -0.00531  9.39591e-03
 55 -0.00507  1.43611e-02 | 56 -0.00484  1.95172e-02 | 57 -0.00462  2.48192e-02
 58 -0.00438  3.01880e-02 | 59 -0.00409  3.55209e-02 | 60 -0.00372  4.06990e-02
 61 -0.00324  4.55819e-02 | 62 -0.00263  4.99838e-02 | 63 -0.00184  5.37266e-02
 64 -0.00084  5.66062e-02 | 65  0.00040  5.84006e-02 | 66  0.00191  5.89522e-02
 67  0.00371  5.80688e-02 | 68  0.00582  5.56181e-02 | 69  0.00824  5.15381e-02
 70  0.01098  4.58294e-02 | 71  0.01399  3.85757e-02 | 72  0.01723  2.98856e-02
 73  0.02059  1.98415e-02 | 74  0.02393  8.45269e-03 | 75  0.02705 -4.38562e-03
 76  0.02975 -1.88205e-02 | 77  0.03182 -3.48850e-02 | 78  0.03313 -5.24334e-02
 79  0.03368 -7.11231e-02 | 80  0.03353 -9.06001e-02 | 81  0.03279 -1.10455e-01
 82  0.03151 -1.30310e-01 | 83  0.02966 -1.49716e-01 | 84  0.02712 -1.68249e-01
 85  0.02387 -1.85564e-01 | 86  0.02007 -2.01391e-01 | 87  0.01611 -2.15522e-01
 88  0.01251 -2.27840e-01 | 89  0.00969 -2.38511e-01 | 90  0.00779 -2.47701e-01
 91  0.00659 -2.55452e-01 | 92  0.00569 -2.61270e-01 | 93  0.00495 -2.64864e-01
 94  0.00482 -2.68000e-01 | 95  0.00539 -2.71587e-01 | 96  0.00547 -2.71261e-01
 97  0.00684 -2.74234e-01 | 98  0.00891 -2.76731e-01 | 99  0.01212 -2.79510e-01
100  0.01143 -2.72556e-01 |101  0.00951 -2.67454e-01 |102  0.00772 -2.69861e-01
103  0.00080 -2.90747e-01 |104  0.00400 -3.02059e-01 |105  0.02791 -4.96983e-01
106  0.03031 -5.93012e-01 |107  0.00396 -4.89797e-01 |108  0.01717 -3.38344e-01
109  0.07054 -2.15423e-01 |110  0.02755 -4.38921e-01 |111 -0.01074 -3.90282e-01
112  0.00778 -5.03823e-01 |113  0.02448 -5.28472e-01 |114  0.03627 -2.37372e-01
115 -0.00902  1.36967e-01 |116 -0.05812 -2.64728e-01 |117 -0.08106  8.78854e-02
118 -0.07455  4.02902e-01 |119 -0.03433  3.39508e-01 |120  0.06941  4.01594e-01
121  0.02314  2.59110e-01 |122  0.01319  1.52667e-01 |123 -0.02904 -2.15171e-01
124 -0.06808 -1.57738e-01 |125 -0.00819 -2.07092e-01 |126  0.00388 -6.88468e-02
127 -0.02797  1.90594e-01 |128  0.02745  7.49626e-01 |129  0.07428  1.46795e+00
130  0.00949  6.08264e-01 |131  0.08293  8.02537e-01 |132  0.00538  1.14586e-01
133  0.13234 -1.40971e-01 |134 -0.00628 -1.34990e-01 |135 -0.04684 -3.93747e-02
136 -0.05739 -3.32970e-02 |137 -0.02212 -8.03107e-03 |138  0.09436  1.77961e-02
139  0.03122 -3.16546e-02 |140  0.01670  6.71598e-03 |141 -0.02830 -1.42417e-02
142 -0.01791 -1.52128e-03 |143 -0.00596 -1.90011e-02 |144 -0.00041 -2.57614e-04
145  0.27848 -1.16233e+00 |146  0.18853 -3.51920e+00 |147  0.04655 -1.84182e+00
148  0.29672  2.89561e+00 |149 -0.47550 -1.44877e-01 |150  0.31378  5.08682e-02
151  0.18240 -1.97156e+00 |152  0.25985  3.60821e+00 |153  0.17452 -2.20405e-01
154  0.25418  3.80478e-01 |155  0.10334 -7.01168e-01 |156  0.29675  1.58136e+00
157  0.16884 -2.35909e-01 |158  0.24621  3.77984e-01 |159 -0.35199 -9.18490e-01
160  0.24280  6.99492e-01 |161 -0.38070 -9.74060e-02 |162  0.23598  3.14244e-01
163  0.05108 -4.58194e-01 |164  0.11964  3.62075e-01 |165  0.32137 -2.35356e-01
166  0.27251 -3.04168e-01 |167  0.01338  2.47608e-02 |168  0.39320  4.38790e-02
169  0.09929 -1.26808e+00 |170  0.16363 -1.58039e+00 |171  0.21869  3.05312e-01
172  0.25726  2.62251e+00 |173 -0.55411 -1.07292e+00 |174  0.17113  2.33686e-01

Intermediate statistics: 174 variables; iteration 20; function evaluation 24; phase 3
Function value 7.2814697e+03; maximum gradient component mag 5.3749e+00
Var    Value     Gradient |Var    Value     Gradient |Var    Value     Gradient
  1 -0.42221  1.22611e-01 |  2  0.37085  5.37489e+00 |  3 -0.12616  1.75055e+00
  4 -0.01264  3.44856e+00 |  5 -0.70509  1.56673e-01 |  6 -0.60471  2.04978e+00
  7  0.37758  1.16788e+00 |  8 -0.18507 -7.11785e-01 |  9  0.03197  9.23346e-01
 10 -0.60994  1.85057e-01 | 11 -0.62281  1.74584e+00 | 12 -0.09300  2.51538e+00
 13 -0.01001  4.23888e-03 | 14 -0.01023  4.37291e-03 | 15 -0.01044  4.51139e-03
 16 -0.01065  4.65445e-03 | 17 -0.01086  4.80209e-03 | 18 -0.01106  4.95479e-03
 19 -0.01125  5.11270e-03 | 20 -0.01144  5.27596e-03 | 21 -0.01161  5.44480e-03
 22 -0.01177  5.61925e-03 | 23 -0.01192  5.79937e-03 | 24 -0.01206  5.98542e-03
 25 -0.01218  6.17759e-03 | 26 -0.01229  6.37635e-03 | 27 -0.01238  6.58231e-03
 28 -0.01244  6.79615e-03 | 29 -0.01249  7.01816e-03 | 30 -0.01251  7.24850e-03
 31 -0.01251  7.48710e-03 | 32 -0.01248  7.73428e-03 | 33 -0.01242  7.99075e-03
 34 -0.01234  8.25753e-03 | 35 -0.01223  8.53588e-03 | 36 -0.01208  8.82736e-03
 37 -0.01190  9.13320e-03 | 38 -0.01168  9.45442e-03 | 39 -0.01142  9.79168e-03
 40 -0.01112  1.01458e-02 | 41 -0.01079  1.05171e-02 | 42 -0.01042  1.09071e-02
 43 -0.01001  1.13180e-02 | 44 -0.00958  1.17522e-02 | 45 -0.00912  1.22125e-02
 46 -0.00864  1.27017e-02 | 47 -0.00816  1.32227e-02 | 48 -0.00767  1.37782e-02
 49 -0.00721  1.43713e-02 | 50 -0.00677  1.50043e-02 | 51 -0.00636  1.56782e-02
 52 -0.00599  1.63907e-02 | 53 -0.00568  1.71397e-02 | 54 -0.00541  1.79241e-02
 55 -0.00518  1.87470e-02 | 56 -0.00497  1.96174e-02 | 57 -0.00477  2.05475e-02
 58 -0.00454  2.15468e-02 | 59 -0.00426  2.26268e-02 | 60 -0.00391  2.37986e-02
 61 -0.00345  2.50758e-02 | 62 -0.00285  2.64680e-02 | 63 -0.00207  2.79896e-02
 64 -0.00108  2.96569e-02 | 65  0.00015  3.14772e-02 | 66  0.00165  3.34906e-02
 67  0.00344  3.57077e-02 | 68  0.00555  3.81451e-02 | 69  0.00798  4.08332e-02
 70  0.01072  4.37988e-02 | 71  0.01374  4.70810e-02 | 72  0.01699  5.07090e-02
 73  0.02036  5.47070e-02 | 74  0.02371  5.90704e-02 | 75  0.02685  6.37312e-02
 76  0.02957  6.85485e-02 | 77  0.03165  7.33691e-02 | 78  0.03299  7.80627e-02
 79  0.03356  8.25615e-02 | 80  0.03344  8.68791e-02 | 81  0.03273  9.10359e-02
 82  0.03148  9.50164e-02 | 83  0.02965  9.87275e-02 | 84  0.02714  1.02012e-01
 85  0.02391  1.04771e-01 | 86  0.02013  1.07082e-01 | 87  0.01618  1.09286e-01
 88  0.01258  1.11820e-01 | 89  0.00975  1.15101e-01 | 90  0.00783  1.19246e-01
 91  0.00660  1.24142e-01 | 92  0.00567  1.29423e-01 | 93  0.00489  1.35006e-01
 94  0.00472  1.41268e-01 | 95  0.00524  1.47661e-01 | 96  0.00529  1.52242e-01
 97  0.00662  1.57303e-01 | 98  0.00867  1.61194e-01 | 99  0.01183  1.64684e-01
100  0.01110  1.60677e-01 |101  0.00919  1.52357e-01 |102  0.00743  1.40354e-01
103  0.00064  1.16271e-01 |104  0.00384  1.03788e-01 |105  0.02817  9.23411e-02
106  0.03078  3.45822e-02 |107  0.00456 -2.37085e-02 |108  0.01735 -7.18667e-02
109  0.06948 -1.70527e-01 |110  0.02798 -2.57204e-01 |111 -0.01045 -1.92195e-01
112  0.00810 -2.48258e-01 |113  0.02496 -3.05637e-01 |114  0.03620 -3.21770e-01
115 -0.00954 -1.92279e-01 |116 -0.05730 -7.79731e-02 |117 -0.08093 -2.12806e-02
118 -0.07495  1.84399e-02 |119 -0.03436  6.77730e-02 |120  0.06974  1.43472e-02
121  0.02326 -7.65614e-02 |122  0.01320 -1.10175e-01 |123 -0.02858 -1.50138e-01
124 -0.06775 -8.18188e-02 |125 -0.00768 -1.94052e-01 |126  0.00440 -1.80356e-01
127 -0.02773 -7.04210e-02 |128  0.02742  2.50579e-02 |129  0.07390  1.03364e-01
130  0.00943  5.68808e-02 |131  0.08308  2.49067e-02 |132  0.00572 -4.42466e-02
133  0.13289 -1.87665e-01 |134 -0.00598 -4.88411e-02 |135 -0.04670  1.24893e-02
136 -0.05726 -2.15802e-03 |137 -0.02200  2.21497e-03 |138  0.09457 -9.42984e-03
139  0.03134 -7.81767e-03 |140  0.01674  1.15938e-02 |141 -0.02825  1.06720e-02
142 -0.01786 -9.28786e-03 |143 -0.00597  1.78943e-02 |144 -0.00040 -1.04312e-05
145  0.27777  6.19606e-01 |146  0.18802  8.55387e-01 |147  0.04675  4.31155e-01
148  0.29660 -9.84332e-01 |149 -0.47534 -3.65690e-02 |150  0.31369  1.53948e-02
151  0.18276  1.56847e+00 |152  0.25968 -3.36309e+00 |153  0.17463 -3.25472e-01
154  0.25419  3.95284e-01 |155  0.10369 -9.18307e-02 |156  0.29674  2.11416e-01
157  0.16897 -6.82419e-01 |158  0.24630  1.09968e+00 |159 -0.35091  2.74470e-02
160  0.24303  2.32784e-02 |161 -0.38076 -3.60794e-03 |162  0.23589  3.98182e-02
163  0.05135 -5.71508e-02 |164  0.11972  2.99489e-01 |165  0.32156 -1.62157e-01
166  0.27252 -2.57956e-01 |167  0.01344  1.96487e-02 |168  0.39298 -4.74041e-02
169  0.09940  3.78692e+00 |170  0.16370 -9.61941e-01 |171  0.21863 -3.80153e+00
172  0.25721  6.19350e-01 |173 -0.55262 -5.24893e-02 |174  0.17142  4.15862e-02
174 variables; iteration 40; function evaluation 45; phase 3
Function value 7.2814688e+03; maximum gradient component mag 4.1692e+00
Var    Value     Gradient |Var    Value     Gradient |Var    Value     Gradient
  1 -0.42222  1.67495e-01 |  2  0.37084  4.16920e+00 |  3 -0.12614  1.33278e+00
  4 -0.01265  2.62302e+00 |  5 -0.70503  1.42711e-01 |  6 -0.60474  1.61534e+00
  7  0.37755  8.61403e-01 |  8 -0.18507 -6.08383e-01 |  9  0.03202  8.55228e-01
 10 -0.61001  1.40242e-01 | 11 -0.62282  1.42492e+00 | 12 -0.09243  1.89190e+00
 13 -0.01002  2.78225e-03 | 14 -0.01024  2.88926e-03 | 15 -0.01045  3.00096e-03
 16 -0.01066  3.11721e-03 | 17 -0.01087  3.23814e-03 | 18 -0.01107  3.36472e-03
 19 -0.01126  3.49688e-03 | 20 -0.01145  3.63481e-03 | 21 -0.01162  3.77931e-03
 22 -0.01178  3.93032e-03 | 23 -0.01194  4.08788e-03 | 24 -0.01207  4.25320e-03
 25 -0.01220  4.42642e-03 | 26 -0.01230  4.60865e-03 | 27 -0.01239  4.80112e-03
 28 -0.01245  5.00547e-03 | 29 -0.01250  5.22243e-03 | 30 -0.01252  5.45312e-03
 31 -0.01252  5.69810e-03 | 32 -0.01249  5.95863e-03 | 33 -0.01244  6.23685e-03
 34 -0.01235  6.53530e-03 | 35 -0.01224  6.85688e-03 | 36 -0.01209  7.20575e-03
 37 -0.01191  7.58528e-03 | 38 -0.01169  7.99910e-03 | 39 -0.01143  8.45029e-03
 40 -0.01114  8.94193e-03 | 41 -0.01080  9.47719e-03 | 42 -0.01043  1.00598e-02
 43 -0.01002  1.06951e-02 | 44 -0.00959  1.13881e-02 | 45 -0.00913  1.21439e-02
 46 -0.00865  1.29672e-02 | 47 -0.00817  1.38617e-02 | 48 -0.00768  1.48311e-02
 49 -0.00721  1.58783e-02 | 50 -0.00677  1.70062e-02 | 51 -0.00636  1.82152e-02
 52 -0.00600  1.95000e-02 | 53 -0.00568  2.08532e-02 | 54 -0.00541  2.22667e-02
 55 -0.00518  2.37344e-02 | 56 -0.00497  2.52573e-02 | 57 -0.00476  2.68404e-02
 58 -0.00453  2.84801e-02 | 59 -0.00425  3.01720e-02 | 60 -0.00390  3.19093e-02
 61 -0.00344  3.36848e-02 | 62 -0.00284  3.54791e-02 | 63 -0.00206  3.72817e-02
 64 -0.00107  3.90819e-02 | 65  0.00016  4.08609e-02 | 66  0.00166  4.26480e-02
 67  0.00345  4.44414e-02 | 68  0.00556  4.62604e-02 | 69  0.00798  4.81498e-02
 70  0.01072  5.01572e-02 | 71  0.01374  5.23456e-02 | 72  0.01698  5.47635e-02
 73  0.02035  5.74453e-02 | 74  0.02369  6.03909e-02 | 75  0.02683  6.35236e-02
 76  0.02953  6.66763e-02 | 77  0.03162  6.96657e-02 | 78  0.03295  7.23612e-02
 79  0.03351  7.47573e-02 | 80  0.03339  7.69358e-02 | 81  0.03267  7.89924e-02
 82  0.03142  8.09476e-02 | 83  0.02958  8.27365e-02 | 84  0.02706  8.42140e-02
 85  0.02384  8.52942e-02 | 86  0.02005  8.60937e-02 | 87  0.01610  8.69850e-02
 88  0.01250  8.84050e-02 | 89  0.00968  9.07098e-02 | 90  0.00775  9.39166e-02
 91  0.00652  9.77712e-02 | 92  0.00558  1.01780e-01 | 93  0.00480  1.05707e-01
 94  0.00462  1.09668e-01 | 95  0.00513  1.13218e-01 | 96  0.00518  1.15077e-01
 97  0.00652  1.17232e-01 | 98  0.00860  1.19410e-01 | 99  0.01176  1.20364e-01
100  0.01105  1.17250e-01 |101  0.00916  1.11001e-01 |102  0.00737  1.00452e-01
103  0.00063  8.29210e-02 |104  0.00398  8.49388e-02 |105  0.02807  4.32750e-02
106  0.03074 -5.54394e-03 |107  0.00473 -3.54173e-02 |108  0.01733 -5.19514e-02
109  0.06967 -6.63739e-02 |110  0.02813 -1.94517e-01 |111 -0.01045 -1.55213e-01
112  0.00822 -1.70724e-01 |113  0.02506 -2.40894e-01 |114  0.03630 -2.82804e-01
115 -0.00941 -1.79388e-01 |116 -0.05732 -1.42130e-01 |117 -0.08084 -5.43757e-02
118 -0.07488 -3.66089e-02 |119 -0.03434 -1.71097e-02 |120  0.06988 -6.14278e-02
121  0.02336 -8.57978e-02 |122  0.01335 -8.64328e-02 |123 -0.02847 -1.23399e-01
124 -0.06760 -3.64099e-02 |125 -0.00748 -9.84461e-02 |126  0.00459 -9.37813e-02
127 -0.02761 -3.77346e-02 |128  0.02747 -1.59965e-02 |129  0.07388  6.95923e-03
130  0.00941 -1.46675e-03 |131  0.08314  2.22277e-02 |132  0.00576 -2.91388e-02
133  0.13300 -1.15891e-01 |134 -0.00595 -4.83984e-02 |135 -0.04669  3.22502e-03
136 -0.05727 -1.50069e-02 |137 -0.02200 -6.87582e-03 |138  0.09462 -4.67462e-03
139  0.03136 -6.65479e-03 |140  0.01674 -1.19565e-03 |141 -0.02824  7.34943e-03
142 -0.01787 -1.20493e-02 |143 -0.00597  1.57298e-02 |144 -0.00040 -1.83510e-04
145  0.27689  3.69130e-01 |146  0.18672  5.65543e-01 |147  0.04673  3.80173e-01
148  0.29662 -8.18111e-01 |149 -0.47536 -3.79793e-02 |150  0.31381  2.68778e-02
151  0.18274  1.22726e+00 |152  0.25974 -2.54700e+00 |153  0.17463 -3.00560e-01
154  0.25421  4.05888e-01 |155  0.10360 -1.45446e-01 |156  0.29674  3.10671e-01
157  0.16894 -2.21896e-01 |158  0.24623  2.98284e-01 |159 -0.35102 -7.60831e-02
160  0.24301  9.45018e-02 |161 -0.38062 -1.07413e-02 |162  0.23596  9.96872e-02
163  0.05135 -1.39422e-01 |164  0.11969  3.60214e-01 |165  0.32160 -4.73036e-03
166  0.27248 -4.98075e-01 |167  0.01341 -5.04537e-02 |168  0.39303  3.20592e-02
169  0.09939  2.92179e+00 |170  0.16372 -3.99985e-01 |171  0.21866 -2.91200e+00
172  0.25724  7.34903e-01 |173 -0.54968  8.22603e-02 |174  0.17281  1.15414e-01

 - final statistics:
174 variables; iteration 44; function evaluation 49
Function value 7.2815e+03; maximum gradient component mag 6.5827e-01
Exit code = 1;  converg criter 1.0000e+00
Var    Value     Gradient |Var    Value     Gradient |Var    Value     Gradient
  1 -0.42226  4.08283e-02 |  2  0.37081  6.58268e-01 |  3 -0.12610  2.25297e-01
  4 -0.01270  4.11849e-01 |  5 -0.70501  5.28606e-02 |  6 -0.60478  2.41840e-01
  7  0.37760  1.45332e-01 |  8 -0.18500 -7.09050e-02 |  9  0.03187  1.33472e-01
 10 -0.60987  6.21627e-02 | 11 -0.62287  2.22952e-01 | 12 -0.09183  2.82778e-01
 13 -0.01004 -4.10417e-03 | 14 -0.01025 -4.26096e-03 | 15 -0.01047 -4.42463e-03
 16 -0.01068 -4.59521e-03 | 17 -0.01089 -4.77281e-03 | 18 -0.01109 -4.95768e-03
 19 -0.01128 -5.14967e-03 | 20 -0.01147 -5.34867e-03 | 21 -0.01164 -5.55479e-03
 22 -0.01181 -5.76772e-03 | 23 -0.01196 -5.98714e-03 | 24 -0.01210 -6.21327e-03
 25 -0.01222 -6.44579e-03 | 26 -0.01233 -6.68483e-03 | 27 -0.01242 -6.93049e-03
 28 -0.01248 -7.18297e-03 | 29 -0.01253 -7.44178e-03 | 30 -0.01255 -7.70652e-03
 31 -0.01255 -7.97662e-03 | 32 -0.01252 -8.25186e-03 | 33 -0.01247 -8.53257e-03
 34 -0.01239 -8.81925e-03 | 35 -0.01228 -9.11247e-03 | 36 -0.01213 -9.41330e-03
 37 -0.01195 -9.72203e-03 | 38 -0.01173 -1.00387e-02 | 39 -0.01147 -1.03627e-02
 40 -0.01118 -1.06925e-02 | 41 -0.01084 -1.10273e-02 | 42 -0.01047 -1.13651e-02
 43 -0.01007 -1.17039e-02 | 44 -0.00963 -1.20404e-02 | 45 -0.00918 -1.23695e-02
 46 -0.00870 -1.26838e-02 | 47 -0.00822 -1.29740e-02 | 48 -0.00774 -1.32286e-02
 49 -0.00727 -1.34345e-02 | 50 -0.00683 -1.35769e-02 | 51 -0.00643 -1.36386e-02
 52 -0.00606 -1.36006e-02 | 53 -0.00575 -1.34441e-02 | 54 -0.00548 -1.31514e-02
 55 -0.00525 -1.27069e-02 | 56 -0.00504 -1.20964e-02 | 57 -0.00483 -1.13044e-02
 58 -0.00460 -1.03135e-02 | 59 -0.00433 -9.10732e-03 | 60 -0.00397 -7.66713e-03
 61 -0.00351 -5.97592e-03 | 62 -0.00290 -4.02252e-03 | 63 -0.00212 -1.80143e-03
 64 -0.00113  6.75271e-04 | 65  0.00010  3.37393e-03 | 66  0.00161  6.23615e-03
 67  0.00340  9.17545e-03 | 68  0.00552  1.20925e-02 | 69  0.00795  1.49004e-02
 70  0.01069  1.75612e-02 | 71  0.01371  2.01163e-02 | 72  0.01696  2.26504e-02
 73  0.02033  2.51984e-02 | 74  0.02368  2.76585e-02 | 75  0.02681  2.98095e-02
 76  0.02952  3.14885e-02 | 77  0.03160  3.27012e-02 | 78  0.03293  3.35043e-02
 79  0.03349  3.38291e-02 | 80  0.03336  3.35571e-02 | 81  0.03263  3.25967e-02
 82  0.03137  3.09877e-02 | 83  0.02952  2.88303e-02 | 84  0.02700  2.62300e-02
 85  0.02376  2.31556e-02 | 86  0.01996  1.94467e-02 | 87  0.01600  1.51341e-02
 88  0.01239  1.06154e-02 | 89  0.00955  6.39870e-03 | 90  0.00761  2.85772e-03
 91  0.00637  2.62883e-04 | 92  0.00543 -1.15579e-03 | 93  0.00464 -1.09865e-03
 94  0.00448  8.19044e-04 | 95  0.00501  4.77906e-03 | 96  0.00508  1.05971e-02
 97  0.00646  1.73750e-02 | 98  0.00855  2.46343e-02 | 99  0.01174  3.12731e-02
100  0.01105  3.81582e-02 |101  0.00916  3.64971e-02 |102  0.00736  2.79043e-02
103  0.00056  9.35630e-03 |104  0.00388  1.78101e-02 |105  0.02814  1.88521e-02
106  0.03094  3.32123e-02 |107  0.00482  1.95321e-04 |108  0.01720 -7.59698e-02
109  0.06970  7.45201e-03 |110  0.02821 -5.28839e-02 |111 -0.01001  6.94445e-02
112  0.00824 -2.51471e-02 |113  0.02517 -2.90627e-02 |114  0.03659  7.86553e-03
115 -0.00933 -3.50199e-02 |116 -0.05719 -7.22093e-02 |117 -0.08083 -6.66063e-02
118 -0.07474 -1.54557e-04 |119 -0.03409  5.85927e-02 |120  0.07002  2.05998e-02
121  0.02360  1.48823e-02 |122  0.01341 -6.34707e-02 |123 -0.02815  3.30907e-02
124 -0.06746  3.07944e-03 |125 -0.00717  3.01563e-02 |126  0.00480 -1.21666e-02
127 -0.02757 -3.77849e-02 |128  0.02759 -9.61333e-03 |129  0.07395 -9.98700e-03
130  0.00966  7.80994e-02 |131  0.08327  5.04876e-02 |132  0.00586  4.85191e-03
133  0.13324  1.50618e-02 |134 -0.00581  1.02503e-02 |135 -0.04656  2.41787e-02
136 -0.05708  4.24413e-02 |137 -0.02187  1.62899e-02 |138  0.09448 -1.02690e-01
139  0.03142  1.78737e-03 |140  0.01691  4.98504e-02 |141 -0.02820  1.26112e-02
142 -0.01786 -4.78231e-03 |143 -0.00595  7.39171e-03 |144 -0.00040  1.76980e-04
145  0.27589 -4.78238e-03 |146  0.18608  4.82764e-02 |147  0.04671  4.81284e-02
148  0.29665 -1.16715e-01 |149 -0.47526  4.51503e-02 |150  0.31345 -3.20596e-02
151  0.18265  1.64889e-01 |152  0.25981 -3.98351e-01 |153  0.17466 -3.28753e-02
154  0.25419  7.96591e-02 |155  0.10354 -4.12486e-02 |156  0.29670  4.84762e-02
157  0.16893 -5.85865e-02 |158  0.24620  3.82092e-02 |159 -0.35080  3.47772e-03
160  0.24306  2.14788e-02 |161 -0.38125 -8.03312e-02 |162  0.23571 -1.24013e-02
163  0.05140 -5.83699e-02 |164  0.11967  3.35291e-02 |165  0.32161 -1.69065e-02
166  0.27250 -9.03358e-02 |167  0.01349  4.22544e-02 |168  0.39308  7.63823e-02
169  0.09937  4.34781e-01 |170  0.16372 -8.37527e-02 |171  0.21872 -4.45417e-01
172  0.25723  1.38149e-01 |173 -0.55051 -5.73292e-02 |174  0.17233  2.18838e-02

Initial statistics: 196 variables; iteration 0; function evaluation 0; phase 4
Function value 7.2814682e+03; maximum gradient component mag -2.6813e+00
Var    Value     Gradient |Var    Value     Gradient |Var    Value     Gradient
  1 -0.42226  4.08283e-02 |  2  0.37081  6.58268e-01 |  3 -0.12610  2.25297e-01
  4 -0.01270  4.11849e-01 |  5 -0.70501  5.28606e-02 |  6 -0.60478  2.41840e-01
  7  0.37760  1.45332e-01 |  8 -0.18500 -7.09050e-02 |  9  0.03187  1.33472e-01
 10 -0.60987  6.21627e-02 | 11 -0.62287  2.22952e-01 | 12 -0.09183  2.82778e-01
 13 -0.01004 -4.10417e-03 | 14 -0.01025 -4.26096e-03 | 15 -0.01047 -4.42463e-03
 16 -0.01068 -4.59521e-03 | 17 -0.01089 -4.77281e-03 | 18 -0.01109 -4.95768e-03
 19 -0.01128 -5.14967e-03 | 20 -0.01147 -5.34867e-03 | 21 -0.01164 -5.55479e-03
 22 -0.01181 -5.76772e-03 | 23 -0.01196 -5.98714e-03 | 24 -0.01210 -6.21327e-03
 25 -0.01222 -6.44579e-03 | 26 -0.01233 -6.68483e-03 | 27 -0.01242 -6.93049e-03
 28 -0.01248 -7.18297e-03 | 29 -0.01253 -7.44178e-03 | 30 -0.01255 -7.70652e-03
 31 -0.01255 -7.97662e-03 | 32 -0.01252 -8.25186e-03 | 33 -0.01247 -8.53257e-03
 34 -0.01239 -8.81925e-03 | 35 -0.01228 -9.11247e-03 | 36 -0.01213 -9.41330e-03
 37 -0.01195 -9.72203e-03 | 38 -0.01173 -1.00387e-02 | 39 -0.01147 -1.03627e-02
 40 -0.01118 -1.06925e-02 | 41 -0.01084 -1.10273e-02 | 42 -0.01047 -1.13651e-02
 43 -0.01007 -1.17039e-02 | 44 -0.00963 -1.20404e-02 | 45 -0.00918 -1.23695e-02
 46 -0.00870 -1.26838e-02 | 47 -0.00822 -1.29740e-02 | 48 -0.00774 -1.32286e-02
 49 -0.00727 -1.34345e-02 | 50 -0.00683 -1.35769e-02 | 51 -0.00643 -1.36386e-02
 52 -0.00606 -1.36006e-02 | 53 -0.00575 -1.34441e-02 | 54 -0.00548 -1.31514e-02
 55 -0.00525 -1.27069e-02 | 56 -0.00504 -1.20964e-02 | 57 -0.00483 -1.13044e-02
 58 -0.00460 -1.03135e-02 | 59 -0.00433 -9.10732e-03 | 60 -0.00397 -7.66713e-03
 61 -0.00351 -5.97592e-03 | 62 -0.00290 -4.02252e-03 | 63 -0.00212 -1.80143e-03
 64 -0.00113  6.75271e-04 | 65  0.00010  3.37393e-03 | 66  0.00161  6.23615e-03
 67  0.00340  9.17545e-03 | 68  0.00552  1.20925e-02 | 69  0.00795  1.49004e-02
 70  0.01069  1.75612e-02 | 71  0.01371  2.01163e-02 | 72  0.01696  2.26504e-02
 73  0.02033  2.51984e-02 | 74  0.02368  2.76585e-02 | 75  0.02681  2.98095e-02
 76  0.02952  3.14885e-02 | 77  0.03160  3.27012e-02 | 78  0.03293  3.35043e-02
 79  0.03349  3.38291e-02 | 80  0.03336  3.35571e-02 | 81  0.03263  3.25967e-02
 82  0.03137  3.09877e-02 | 83  0.02952  2.88303e-02 | 84  0.02700  2.62300e-02
 85  0.02376  2.31556e-02 | 86  0.01996  1.94467e-02 | 87  0.01600  1.51341e-02
 88  0.01239  1.06154e-02 | 89  0.00955  6.39870e-03 | 90  0.00761  2.85772e-03
 91  0.00637  2.62883e-04 | 92  0.00543 -1.15579e-03 | 93  0.00464 -1.09865e-03
 94  0.00448  8.19044e-04 | 95  0.00501  4.77906e-03 | 96  0.00508  1.05971e-02
 97  0.00646  1.73750e-02 | 98  0.00855  2.46343e-02 | 99  0.01174  3.12731e-02
100  0.01105  3.81582e-02 |101  0.00916  3.64971e-02 |102  0.00736  2.79043e-02
103  0.00056  9.35630e-03 |104  0.00388  1.78101e-02 |105  0.02814  1.88521e-02
106  0.03094  3.32123e-02 |107  0.00482  1.95321e-04 |108  0.01720 -7.59698e-02
109  0.06970  7.45201e-03 |110  0.02821 -5.28839e-02 |111 -0.01001  6.94445e-02
112  0.00824 -2.51471e-02 |113  0.02517 -2.90627e-02 |114  0.03659  7.86553e-03
115 -0.00933 -3.50199e-02 |116 -0.05719 -7.22093e-02 |117 -0.08083 -6.66063e-02
118 -0.07474 -1.54557e-04 |119 -0.03409  5.85927e-02 |120  0.07002  2.05998e-02
121  0.02360  1.48823e-02 |122  0.01341 -6.34707e-02 |123 -0.02815  3.30907e-02
124 -0.06746  3.07944e-03 |125 -0.00717  3.01563e-02 |126  0.00480 -1.21666e-02
127 -0.02757 -3.77849e-02 |128  0.02759 -9.61333e-03 |129  0.07395 -9.98700e-03
130  0.00966  7.80994e-02 |131  0.08327  5.04876e-02 |132  0.00586  4.85191e-03
133  0.13324  1.50618e-02 |134 -0.00581  1.02503e-02 |135 -0.04656  2.41787e-02
136 -0.05708  4.24413e-02 |137 -0.02187  1.62899e-02 |138  0.09448 -1.02690e-01
139  0.03142  1.78737e-03 |140  0.01691  4.98504e-02 |141 -0.02820  1.26112e-02
142 -0.01786 -4.78231e-03 |143 -0.00595  7.39171e-03 |144 -0.00040  1.76980e-04
145  0.27589 -4.78238e-03 |146  0.18608  4.82764e-02 |147  0.04671  4.81284e-02
148  0.29665 -1.16715e-01 |149  0.01641  6.10797e-02 |150 -0.11482 -1.38501e-01
151 -0.47526  4.51503e-02 |152  0.31345 -3.20596e-02 |153  0.04880  8.82351e-02
154 -0.23508 -6.60762e-02 |155  0.18265  1.64889e-01 |156  0.25981 -3.98351e-01
157  0.17466 -3.28753e-02 |158  0.25419  7.96591e-02 |159  0.00590  1.59390e-02
160 -0.09831 -2.86857e-03 |161  0.10354 -4.12486e-02 |162  0.29670  4.84762e-02
163  0.16893 -5.85865e-02 |164  0.24620  3.82092e-02 |165 -0.35080  3.47772e-03
166  0.24306  2.14788e-02 |167  0.05277  1.44451e+00 |168 -0.18764 -6.50736e-02
169 -0.38125 -8.03312e-02 |170  0.23571 -1.24013e-02 |171  0.07830 -1.62867e-01
172 -0.12203 -2.68133e+00 |173  0.05140 -5.83699e-02 |174  0.11967  3.35291e-02
175  0.32161 -1.69065e-02 |176  0.27250 -9.03358e-02 |177  0.00556 -1.53341e-01
178  0.00910 -2.93858e-01 |179 -0.15023 -2.37055e-01 |180 -0.12575 -6.65579e-01
181  0.01349  4.22544e-02 |182  0.39308  7.63823e-02 |183  0.01865  4.97553e-02
184 -0.15439  4.53991e-03 |185  0.09937  4.34781e-01 |186  0.16372 -8.37527e-02
187  0.21872 -4.45417e-01 |188  0.25723  1.38149e-01 |189  0.02454 -8.10880e-01
190 -0.00644  3.75589e-03 |191 -0.17632 -7.39434e-01 |192 -0.11434 -2.73855e-01
193 -0.55051 -5.73292e-02 |194  0.17233  2.18838e-02 |195  0.09515  2.04540e-01
196 -0.25356  3.45365e-01 |

Intermediate statistics: 196 variables; iteration 20; function evaluation 21; phase 4
Function value 7.2814671e+03; maximum gradient component mag 3.5842e+00
Var    Value     Gradient |Var    Value     Gradient |Var    Value     Gradient
  1 -0.42222  5.95038e-01 |  2  0.37085  3.29722e+00 |  3 -0.12610  3.58420e+00
  4 -0.01273  3.02799e+00 |  5 -0.70503  6.51936e-02 |  6 -0.60476  2.45486e-01
  7  0.37767 -3.46379e-01 |  8 -0.18504 -1.07383e+00 |  9  0.03176 -4.34783e-01
 10 -0.60981 -1.34111e-01 | 11 -0.62289 -1.46936e+00 | 12 -0.09218 -6.29394e-02
 13 -0.01003  5.60118e-04 | 14 -0.01025  5.79540e-04 | 15 -0.01047  5.99772e-04
 16 -0.01068  6.20824e-04 | 17 -0.01088  6.42841e-04 | 18 -0.01109  6.65739e-04
 19 -0.01128  6.89461e-04 | 20 -0.01146  7.14010e-04 | 21 -0.01164  7.39411e-04
 22 -0.01180  7.65696e-04 | 23 -0.01195  7.92923e-04 | 24 -0.01209  8.21224e-04
 25 -0.01222  8.50701e-04 | 26 -0.01232  8.81454e-04 | 27 -0.01241  9.13461e-04
 28 -0.01248  9.46527e-04 | 29 -0.01252  9.80317e-04 | 30 -0.01254  1.01464e-03
 31 -0.01254  1.04965e-03 | 32 -0.01252  1.08566e-03 | 33 -0.01246  1.12308e-03
 34 -0.01238  1.16228e-03 | 35 -0.01227  1.20347e-03 | 36 -0.01212  1.24664e-03
 37 -0.01194  1.29141e-03 | 38 -0.01172  1.33720e-03 | 39 -0.01146  1.38323e-03
 40 -0.01116  1.42823e-03 | 41 -0.01083  1.47246e-03 | 42 -0.01046  1.51509e-03
 43 -0.01005  1.55552e-03 | 44 -0.00962  1.59296e-03 | 45 -0.00916  1.62608e-03
 46 -0.00869  1.65327e-03 | 47 -0.00820  1.67303e-03 | 48 -0.00772  1.68391e-03
 49 -0.00725  1.68496e-03 | 50 -0.00681  1.67561e-03 | 51 -0.00641  1.65505e-03
 52 -0.00604  1.62164e-03 | 53 -0.00573  1.57326e-03 | 54 -0.00546  1.50730e-03
 55 -0.00523  1.42137e-03 | 56 -0.00502  1.31406e-03 | 57 -0.00482  1.18432e-03
 58 -0.00459  1.03082e-03 | 59 -0.00432  8.53030e-04 | 60 -0.00397  6.50563e-04
 61 -0.00351  4.24052e-04 | 62 -0.00291  1.75062e-04 | 63 -0.00213 -9.29610e-05
 64 -0.00115 -3.73971e-04 | 65  0.00008 -6.59250e-04 | 66  0.00158 -9.38414e-04
 67  0.00337 -1.20000e-03 | 68  0.00547 -1.43269e-03 | 69  0.00790 -1.62834e-03
 70  0.01063 -1.78100e-03 | 71  0.01365 -1.88562e-03 | 72  0.01690 -1.93274e-03
 73  0.02026 -1.91198e-03 | 74  0.02361 -1.82176e-03 | 75  0.02674 -1.67705e-03
 76  0.02944 -1.49581e-03 | 77  0.03153 -1.27956e-03 | 78  0.03286 -1.01421e-03
 79  0.03342 -6.95554e-04 | 80  0.03329 -3.32586e-04 | 81  0.03258  6.88949e-05
 82  0.03133  5.15022e-04 | 83  0.02949  1.01581e-03 | 84  0.02698  1.57595e-03
 85  0.02375  2.17936e-03 | 86  0.01996  2.80313e-03 | 87  0.01602  3.44594e-03
 88  0.01242  4.11883e-03 | 89  0.00958  4.81543e-03 | 90  0.00766  5.52898e-03
 91  0.00642  6.27442e-03 | 92  0.00547  7.08779e-03 | 93  0.00468  8.03802e-03
 94  0.00449  9.16102e-03 | 95  0.00501  1.02806e-02 | 96  0.00505  1.09840e-02
 97  0.00640  1.14122e-02 | 98  0.00848  1.08893e-02 | 99  0.01165  9.02291e-03
100  0.01094  4.96488e-03 |101  0.00907  4.75095e-04 |102  0.00731 -4.08987e-03
103  0.00059 -6.19254e-03 |104  0.00388 -9.25105e-03 |105  0.02813 -1.69268e-02
106  0.03084 -2.70111e-02 |107  0.00483 -2.53399e-02 |108  0.01747 -2.91307e-02
109  0.06947 -3.77607e-02 |110  0.02829 -4.62627e-02 |111 -0.01038 -3.16822e-02
112  0.00828 -2.49848e-02 |113  0.02520 -1.83345e-02 |114  0.03639 -1.45472e-02
115 -0.00936 -2.33654e-02 |116 -0.05714 -2.15819e-04 |117 -0.08077  8.90531e-03
118 -0.07479 -3.14730e-03 |119 -0.03422 -4.54489e-03 |120  0.06998 -5.98126e-02
121  0.02353 -8.28311e-02 |122  0.01356 -4.96438e-02 |123 -0.02826 -4.71642e-02
124 -0.06745  7.59814e-03 |125 -0.00723 -1.16239e-02 |126  0.00487  6.33199e-03
127 -0.02743  1.96556e-02 |128  0.02762  4.16104e-02 |129  0.07411  4.40617e-02
130  0.00947  2.62144e-02 |131  0.08340  5.65128e-02 |132  0.00599  2.38709e-02
133  0.13342  4.26709e-02 |134 -0.00575 -1.61549e-04 |135 -0.04654  5.81569e-03
136 -0.05713 -8.98303e-03 |137 -0.02181  6.99950e-04 |138  0.09501  3.42723e-02
139  0.03157  2.96522e-03 |140  0.01689  1.64336e-04 |141 -0.02818  2.98931e-03
142 -0.01783 -3.76033e-03 |143 -0.00599  8.89180e-03 |144 -0.00040  1.35093e-04
145  0.27642 -3.52957e-01 |146  0.18694  1.09118e-01 |147  0.04681 -5.30372e-02
148  0.29666  8.91351e-02 |149  0.01632 -5.68934e-02 |150 -0.11476 -2.11857e-01
151 -0.47530  1.09958e-02 |152  0.31359 -1.32032e-02 |153  0.04879  5.28608e-02
154 -0.23478  2.09100e-02 |155  0.18282 -3.14708e-01 |156  0.25989  7.32809e-01
157  0.17473 -8.69869e-03 |158  0.25419  1.86589e-02 |159  0.00586 -1.83849e-02
160 -0.09831 -1.71605e-01 |161  0.10377 -1.01431e-02 |162  0.29675  6.70308e-02
163  0.16908 -2.05351e-02 |164  0.24626  8.55124e-02 |165 -0.34948 -2.38650e-01
166  0.24343  3.29956e-02 |167  0.05222 -6.80924e-01 |168 -0.18762 -8.43210e-01
169 -0.38114 -1.18913e-01 |170  0.23588  8.26852e-02 |171  0.07825 -3.42495e-01
172 -0.12164  3.89652e-01 |173  0.05129 -6.72208e-02 |174  0.11958 -1.67242e-01
175  0.32159  1.58857e-02 |176  0.27251  2.80954e-01 |177  0.00569 -8.97156e-02
178  0.00921  7.03562e-03 |179 -0.15013 -1.20951e-01 |180 -0.12563  2.36577e-01
181  0.01344 -3.59778e-02 |182  0.39292  2.02951e-03 |183  0.01864 -4.65875e-02
184 -0.15436 -2.84682e-02 |185  0.09935  7.67976e-01 |186  0.16379  1.59193e+00
187  0.21872 -6.45389e-02 |188  0.25721 -1.51625e+00 |189  0.02459  1.18878e+00
190 -0.00646  6.73957e-01 |191 -0.17624  5.91939e-01 |192 -0.11429  7.06448e-01
193 -0.55019  2.01381e-03 |194  0.17246  9.57532e-03 |195  0.09528  4.59558e-01
196 -0.25456  1.61700e-01 |
196 variables; iteration 40; function evaluation 41; phase 4
Function value 7.2814669e+03; maximum gradient component mag 3.4023e+00
Var    Value     Gradient |Var    Value     Gradient |Var    Value     Gradient
  1 -0.42219  9.53247e-01 |  2  0.37086  3.33992e+00 |  3 -0.12611  3.40229e+00
  4 -0.01276  2.83767e+00 |  5 -0.70506  5.24704e-02 |  6 -0.60475  1.26804e-01
  7  0.37770 -2.48433e-01 |  8 -0.18505 -1.10886e+00 |  9  0.03173 -4.60631e-01
 10 -0.60981 -1.53787e-01 | 11 -0.62289 -1.46075e+00 | 12 -0.09288 -1.24437e-02
 13 -0.01003 -1.63702e-04 | 14 -0.01024 -1.66961e-04 | 15 -0.01046 -1.70079e-04
 16 -0.01067 -1.72956e-04 | 17 -0.01088 -1.75527e-04 | 18 -0.01108 -1.77734e-04
 19 -0.01127 -1.79460e-04 | 20 -0.01145 -1.80612e-04 | 21 -0.01163 -1.81131e-04
 22 -0.01179 -1.80872e-04 | 23 -0.01194 -1.79667e-04 | 24 -0.01208 -1.77413e-04
 25 -0.01221 -1.73826e-04 | 26 -0.01231 -1.68631e-04 | 27 -0.01240 -1.61541e-04
 28 -0.01247 -1.52443e-04 | 29 -0.01251 -1.41353e-04 | 30 -0.01253 -1.28382e-04
 31 -0.01253 -1.13385e-04 | 32 -0.01250 -9.59987e-05 | 33 -0.01245 -7.57664e-05
 34 -0.01237 -5.21330e-05 | 35 -0.01225 -2.45526e-05 | 36 -0.01211  7.26130e-06
 37 -0.01193  4.34320e-05 | 38 -0.01171  8.37361e-05 | 39 -0.01145  1.27802e-04
 40 -0.01115  1.75261e-04 | 41 -0.01082  2.25890e-04 | 42 -0.01045  2.79869e-04
 43 -0.01004  3.37667e-04 | 44 -0.00961  4.00002e-04 | 45 -0.00915  4.67686e-04
 46 -0.00867  5.41731e-04 | 47 -0.00819  6.23568e-04 | 48 -0.00771  7.15161e-04
 49 -0.00724  8.19217e-04 | 50 -0.00680  9.38970e-04 | 51 -0.00640  1.07744e-03
 52 -0.00603  1.23653e-03 | 53 -0.00572  1.41699e-03 | 54 -0.00545  1.61923e-03
 55 -0.00522  1.84474e-03 | 56 -0.00501  2.09701e-03 | 57 -0.00481  2.38061e-03
 58 -0.00458  2.69970e-03 | 59 -0.00431  3.05877e-03 | 60 -0.00395  3.46272e-03
 61 -0.00349  3.91697e-03 | 62 -0.00289  4.42566e-03 | 63 -0.00211  4.99329e-03
 64 -0.00113  5.62238e-03 | 65  0.00010  6.31021e-03 | 66  0.00160  7.05523e-03
 67  0.00340  7.84435e-03 | 68  0.00550  8.66214e-03 | 69  0.00793  9.49669e-03
 70  0.01067  1.03447e-02 | 71  0.01369  1.12217e-02 | 72  0.01694  1.21518e-02
 73  0.02031  1.31476e-02 | 74  0.02366  1.41870e-02 | 75  0.02679  1.52151e-02
 76  0.02950  1.61876e-02 | 77  0.03159  1.71019e-02 | 78  0.03292  1.79678e-02
 79  0.03349  1.87686e-02 | 80  0.03336  1.94859e-02 | 81  0.03265  2.01055e-02
 82  0.03140  2.06390e-02 | 83  0.02957  2.10981e-02 | 84  0.02705  2.14847e-02
 85  0.02383  2.17735e-02 | 86  0.02004  2.19307e-02 | 87  0.01610  2.20076e-02
 88  0.01250  2.21627e-02 | 89  0.00967  2.25783e-02 | 90  0.00774  2.33521e-02
 91  0.00651  2.45074e-02 | 92  0.00556  2.59930e-02 | 93  0.00477  2.78095e-02
 94  0.00459  3.00112e-02 | 95  0.00510  3.23922e-02 | 96  0.00514  3.44833e-02
 97  0.00648  3.66113e-02 | 98  0.00855  3.85608e-02 | 99  0.01171  3.97602e-02
100  0.01100  3.96811e-02 |101  0.00912  3.70558e-02 |102  0.00735  3.17151e-02
103  0.00060  2.28745e-02 |104  0.00390  2.18497e-02 |105  0.02813  1.72031e-02
106  0.03083  6.29371e-03 |107  0.00483 -9.97188e-03 |108  0.01738 -4.00766e-02
109  0.06936 -5.08321e-02 |110  0.02819 -7.90441e-02 |111 -0.01039 -4.57688e-02
112  0.00818 -8.29298e-02 |113  0.02507 -1.07079e-01 |114  0.03623 -1.15156e-01
115 -0.00944 -7.97271e-02 |116 -0.05725 -4.21781e-02 |117 -0.08090 -2.82227e-02
118 -0.07488 -2.23168e-02 |119 -0.03429 -1.98569e-02 |120  0.06981 -1.04366e-01
121  0.02347 -7.94639e-02 |122  0.01341 -6.61051e-02 |123 -0.02836 -4.70232e-02
124 -0.06756 -1.52162e-03 |125 -0.00733 -1.51170e-02 |126  0.00472 -1.57039e-02
127 -0.02757 -4.69423e-03 |128  0.02749  2.12879e-02 |129  0.07399  2.77167e-02
130  0.00941  2.83463e-02 |131  0.08328  2.94629e-02 |132  0.00590  1.11028e-03
133  0.13335  3.72967e-02 |134 -0.00582 -6.00428e-03 |135 -0.04658  8.27918e-03
136 -0.05715 -1.32155e-03 |137 -0.02185 -4.17178e-03 |138  0.09483 -2.78431e-02
139  0.03151 -1.02306e-02 |140  0.01689  1.09330e-02 |141 -0.02818  3.93948e-03
142 -0.01784 -4.89214e-03 |143 -0.00599  1.22931e-02 |144 -0.00040  4.17814e-04
145  0.27744 -3.02110e-01 |146  0.18782  1.01627e-01 |147  0.04685 -1.38556e-01
148  0.29668  3.77680e-01 |149  0.01631 -5.60559e-02 |150 -0.11474 -2.58438e-01
151 -0.47510 -9.52117e-03 |152  0.31371 -4.94714e-03 |153  0.04868 -2.78784e-02
154 -0.23481 -1.50193e-02 |155  0.18286 -3.82077e-01 |156  0.25988  7.84977e-01
157  0.17477  2.08584e-01 |158  0.25416 -3.13277e-01 |159  0.00585  2.64756e-02
160 -0.09829 -1.37480e-01 |161  0.10382 -3.74693e-02 |162  0.29674  8.22022e-02
163  0.16910  1.89767e-01 |164  0.24622 -3.22737e-01 |165 -0.34926 -1.68323e-01
166  0.24351  2.74764e-02 |167  0.05218 -5.26373e-01 |168 -0.18762 -8.11314e-01
169 -0.38066 -1.73696e-01 |170  0.23606  2.17993e-01 |171  0.07810 -4.46416e-01
172 -0.12161  3.64781e-01 |173  0.05134 -9.10505e-02 |174  0.11961  6.10373e-02
175  0.32163  6.25775e-02 |176  0.27250 -1.69497e-02 |177  0.00562 -9.23112e-02
178  0.00921  1.15908e-01 |179 -0.15001 -1.52935e-02 |180 -0.12560  3.72741e-01
181  0.01349 -3.70217e-02 |182  0.39293  7.47116e-03 |183  0.01861 -5.87032e-02
184 -0.15434 -3.10929e-02 |185  0.09938  7.83387e-01 |186  0.16382  1.26736e+00
187  0.21874 -3.90825e-02 |188  0.25721 -1.60853e+00 |189  0.02457  1.06247e+00
190 -0.00653  3.72634e-01 |191 -0.17621  6.10945e-01 |192 -0.11425  1.00182e+00
193 -0.54975  2.72557e-02 |194  0.17259 -2.57167e-02 |195  0.09518  3.12170e-01
196 -0.25440  1.45703e-01 |
196 variables; iteration 60; function evaluation 63; phase 4
Function value 7.2814666e+03; maximum gradient component mag 2.9708e-01
Var    Value     Gradient |Var    Value     Gradient |Var    Value     Gradient
  1 -0.42222  8.50301e-02 |  2  0.37085  2.95962e-01 |  3 -0.12615  2.97077e-01
  4 -0.01276  2.61636e-01 |  5 -0.70508 -7.65579e-03 |  6 -0.60475  1.02448e-02
  7  0.37770  4.32355e-03 |  8 -0.18504 -8.28857e-02 |  9  0.03171 -8.57322e-02
 10 -0.60982 -4.11589e-02 | 11 -0.62286 -1.26024e-01 | 12 -0.09295  3.51619e-02
 13 -0.01003 -2.78365e-04 | 14 -0.01024 -3.23346e-04 | 15 -0.01046 -3.71798e-04
 16 -0.01067 -4.23686e-04 | 17 -0.01088 -4.78895e-04 | 18 -0.01108 -5.37559e-04
 19 -0.01127 -5.99531e-04 | 20 -0.01146 -6.64638e-04 | 21 -0.01163 -7.32796e-04
 22 -0.01180 -8.03692e-04 | 23 -0.01195 -8.76978e-04 | 24 -0.01209 -9.52562e-04
 25 -0.01221 -1.03006e-03 | 26 -0.01231 -1.10930e-03 | 27 -0.01240 -1.19005e-03
 28 -0.01247 -1.27213e-03 | 29 -0.01252 -1.35503e-03 | 30 -0.01254 -1.43832e-03
 31 -0.01254 -1.52132e-03 | 32 -0.01251 -1.60353e-03 | 33 -0.01246 -1.68456e-03
 34 -0.01237 -1.76412e-03 | 35 -0.01226 -1.84190e-03 | 36 -0.01211 -1.91794e-03
 37 -0.01193 -1.99203e-03 | 38 -0.01171 -2.06408e-03 | 39 -0.01146 -2.13395e-03
 40 -0.01116 -2.20188e-03 | 41 -0.01083 -2.26752e-03 | 42 -0.01045 -2.33123e-03
 43 -0.01005 -2.39343e-03 | 44 -0.00962 -2.45414e-03 | 45 -0.00916 -2.51296e-03
 46 -0.00868 -2.56878e-03 | 47 -0.00820 -2.61938e-03 | 48 -0.00772 -2.66154e-03
 49 -0.00725 -2.69048e-03 | 50 -0.00681 -2.69966e-03 | 51 -0.00640 -2.68077e-03
 52 -0.00604 -2.62509e-03 | 53 -0.00573 -2.52477e-03 | 54 -0.00546 -2.37451e-03
 55 -0.00523 -2.17141e-03 | 56 -0.00502 -1.91283e-03 | 57 -0.00481 -1.59484e-03
 58 -0.00459 -1.21372e-03 | 59 -0.00431 -7.65456e-04 | 60 -0.00396 -2.45120e-04
 61 -0.00350  3.52277e-04 | 62 -0.00289  1.02811e-03 | 63 -0.00211  1.78196e-03
 64 -0.00112  2.60327e-03 | 65  0.00011  3.46565e-03 | 66  0.00161  4.32384e-03
 67  0.00341  5.10509e-03 | 68  0.00551  5.72338e-03 | 69  0.00794  6.09921e-03
 70  0.01068  6.18860e-03 | 71  0.01371  5.99565e-03 | 72  0.01695  5.54188e-03
 73  0.02032  4.82503e-03 | 74  0.02366  3.83425e-03 | 75  0.02680  2.60857e-03
 76  0.02950  1.23681e-03 | 77  0.03158 -2.23290e-04 | 78  0.03292 -1.76349e-03
 79  0.03348 -3.37318e-03 | 80  0.03336 -5.02304e-03 | 81  0.03264 -6.66090e-03
 82  0.03139 -8.23141e-03 | 83  0.02956 -9.66724e-03 | 84  0.02704 -1.08874e-02
 85  0.02382 -1.18178e-02 | 86  0.02004 -1.24772e-02 | 87  0.01609 -1.30048e-02
 88  0.01249 -1.34355e-02 | 89  0.00966 -1.36054e-02 | 90  0.00774 -1.33258e-02
 91  0.00650 -1.25653e-02 | 92  0.00556 -1.14327e-02 | 93  0.00476 -1.00499e-02
 94  0.00457 -8.48814e-03 | 95  0.00508 -6.53015e-03 | 96  0.00511 -3.18047e-03
 97  0.00645  9.33344e-04 | 98  0.00852  7.48359e-03 | 99  0.01169  1.56135e-02
100  0.01102  2.93838e-02 |101  0.00918  3.86406e-02 |102  0.00741  4.00615e-02
103  0.00061  2.21850e-02 |104  0.00391  1.93233e-02 |105  0.02813  1.63143e-02
106  0.03081  8.70143e-03 |107  0.00482  6.17978e-04 |108  0.01740 -9.88028e-03
109  0.06934 -1.52871e-03 |110  0.02820 -1.68292e-02 |111 -0.01042 -8.29792e-03
112  0.00817 -2.41600e-02 |113  0.02513  6.77408e-03 |114  0.03626  2.74123e-02
115 -0.00942  1.65563e-02 |116 -0.05723  1.73790e-02 |117 -0.08095 -1.35660e-02
118 -0.07482  2.99435e-02 |119 -0.03431 -5.18269e-03 |120  0.06980 -1.29010e-02
121  0.02348  2.46393e-03 |122  0.01346  2.52524e-02 |123 -0.02834  1.94662e-02
124 -0.06758 -6.37804e-03 |125 -0.00736 -1.26819e-02 |126  0.00473 -9.49743e-03
127 -0.02757 -8.37533e-03 |128  0.02750  4.08487e-03 |129  0.07400 -2.41688e-03
130  0.00940  3.60720e-03 |131  0.08323 -3.45747e-02 |132  0.00594  5.86981e-03
133  0.13333 -1.05380e-02 |134 -0.00582 -4.70665e-03 |135 -0.04652  1.91903e-02
136 -0.05714  1.57348e-03 |137 -0.02186 -4.08695e-03 |138  0.09489  5.14793e-03
139  0.03148 -1.70966e-02 |140  0.01692  1.07275e-02 |141 -0.02825 -2.45815e-02
142 -0.01789 -1.46466e-02 |143 -0.00599  2.86558e-03 |144 -0.00040  1.53802e-04
145  0.27754 -1.03061e-02 |146  0.18810  4.49365e-02 |147  0.04684 -2.42138e-02
148  0.29665  3.29247e-02 |149  0.01634  2.68872e-02 |150 -0.11472 -3.51180e-02
151 -0.47479  1.93249e-03 |152  0.31401  4.46574e-03 |153  0.04858 -1.37437e-02
154 -0.23472  1.00234e-02 |155  0.18288 -4.04744e-02 |156  0.25986  7.00275e-02
157  0.17476 -8.47274e-03 |158  0.25419 -5.18524e-02 |159  0.00580 -5.79521e-02
160 -0.09823  1.25986e-02 |161  0.10388  6.71582e-03 |162  0.29676  1.37807e-02
163  0.16917  5.12562e-02 |164  0.24628 -7.46795e-03 |165 -0.34899 -1.38847e-02
166  0.24360 -1.12110e-02 |167  0.05216 -5.40973e-02 |168 -0.18760 -8.35559e-02
169 -0.38038 -1.52471e-02 |170  0.23612  2.22692e-02 |171  0.07815 -3.86548e-02
172 -0.12164  3.14056e-02 |173  0.05135  1.42308e-02 |174  0.11963  1.80955e-02
175  0.32162  3.55062e-03 |176  0.27250  8.76255e-03 |177  0.00567  8.91914e-03
178  0.00920  2.54387e-02 |179 -0.15001 -6.23332e-02 |180 -0.12563  2.84132e-02
181  0.01352  1.33712e-02 |182  0.39294 -1.63578e-03 |183  0.01862 -2.97206e-03
184 -0.15434 -1.67570e-02 |185  0.09937  7.65784e-02 |186  0.16382  1.26742e-01
187  0.21872  6.32034e-03 |188  0.25723 -1.28852e-01 |189  0.02457  9.02803e-02
190 -0.00653  9.18280e-03 |191 -0.17623  5.76393e-02 |192 -0.11426  8.72036e-02
193 -0.54976 -2.78423e-03 |194  0.17261  6.38377e-03 |195  0.09519  3.46632e-02
196 -0.25470  1.50596e-02 |
196 variables; iteration 80; function evaluation 86; phase 4
Function value 7.2814666e+03; maximum gradient component mag 1.5992e-02
Var    Value     Gradient |Var    Value     Gradient |Var    Value     Gradient
  1 -0.42222  5.24477e-03 |  2  0.37085  1.59924e-02 |  3 -0.12614  1.58991e-02
  4 -0.01277  1.38898e-02 |  5 -0.70504  7.67908e-03 |  6 -0.60475 -2.91910e-04
  7  0.37770  6.19156e-04 |  8 -0.18503 -4.27635e-03 |  9  0.03171 -6.72014e-03
 10 -0.60977 -7.23144e-03 | 11 -0.62286 -6.44045e-03 | 12 -0.09295  4.38836e-03
 13 -0.01003  2.14621e-04 | 14 -0.01024  2.22628e-04 | 15 -0.01046  2.31182e-04
 16 -0.01067  2.40331e-04 | 17 -0.01088  2.50137e-04 | 18 -0.01108  2.60649e-04
 19 -0.01127  2.71923e-04 | 20 -0.01146  2.84019e-04 | 21 -0.01163  2.97003e-04
 22 -0.01179  3.10942e-04 | 23 -0.01195  3.25906e-04 | 24 -0.01208  3.41974e-04
 25 -0.01221  3.59222e-04 | 26 -0.01231  3.77732e-04 | 27 -0.01240  3.97586e-04
 28 -0.01247  4.18872e-04 | 29 -0.01251  4.41668e-04 | 30 -0.01253  4.66071e-04
 31 -0.01253  4.92208e-04 | 32 -0.01250  5.20219e-04 | 33 -0.01245  5.50257e-04
 34 -0.01237  5.82471e-04 | 35 -0.01225  6.16988e-04 | 36 -0.01211  6.53912e-04
 37 -0.01193  6.93295e-04 | 38 -0.01171  7.35159e-04 | 39 -0.01145  7.79486e-04
 40 -0.01115  8.26153e-04 | 41 -0.01082  8.75238e-04 | 42 -0.01045  9.26596e-04
 43 -0.01004  9.80049e-04 | 44 -0.00961  1.03532e-03 | 45 -0.00915  1.09196e-03
 46 -0.00867  1.14941e-03 | 47 -0.00819  1.20706e-03 | 48 -0.00771  1.26416e-03
 49 -0.00724  1.31992e-03 | 50 -0.00680  1.37336e-03 | 51 -0.00639  1.42333e-03
 52 -0.00603  1.46842e-03 | 53 -0.00572  1.50735e-03 | 54 -0.00545  1.53891e-03
 55 -0.00522  1.56200e-03 | 56 -0.00501  1.57564e-03 | 57 -0.00480  1.57879e-03
 58 -0.00458  1.57008e-03 | 59 -0.00430  1.54847e-03 | 60 -0.00395  1.51290e-03
 61 -0.00349  1.46281e-03 | 62 -0.00289  1.39786e-03 | 63 -0.00211  1.31873e-03
 64 -0.00113  1.22712e-03 | 65  0.00010  1.12528e-03 | 66  0.00160  1.01702e-03
 67  0.00339  9.04149e-04 | 68  0.00550  7.86613e-04 | 69  0.00793  6.60686e-04
 70  0.01066  5.18818e-04 | 71  0.01369  3.51722e-04 | 72  0.01693  1.46727e-04
 73  0.02030 -1.19459e-04 | 74  0.02365 -4.73467e-04 | 75  0.02678 -9.09046e-04
 76  0.02949 -1.37349e-03 | 77  0.03157 -1.81896e-03 | 78  0.03291 -2.23424e-03
 79  0.03348 -2.62571e-03 | 80  0.03335 -2.99741e-03 | 81  0.03264 -3.33851e-03
 82  0.03139 -3.62691e-03 | 83  0.02956 -3.83301e-03 | 84  0.02705 -3.92909e-03
 85  0.02383 -3.91500e-03 | 86  0.02005 -3.85402e-03 | 87  0.01610 -3.82698e-03
 88  0.01250 -3.82325e-03 | 89  0.00968 -3.78442e-03 | 90  0.00775 -3.68238e-03
 91  0.00652 -3.52138e-03 | 92  0.00557 -3.31360e-03 | 93  0.00478 -3.06041e-03
 94  0.00459 -2.73840e-03 | 95  0.00510 -2.33751e-03 | 96  0.00513 -1.85507e-03
 97  0.00646 -1.28289e-03 | 98  0.00853 -6.26230e-04 | 99  0.01169 -8.85782e-05
100  0.01098  1.14892e-03 |101  0.00910  1.69463e-03 |102  0.00734  1.98021e-03
103  0.00060  1.59752e-03 |104  0.00391  2.38985e-03 |105  0.02813  1.87872e-03
106  0.03081  1.15604e-03 |107  0.00484  1.88489e-04 |108  0.01743 -2.86920e-03
109  0.06931  2.96717e-04 |110  0.02823 -4.99277e-03 |111 -0.01044 -3.17777e-03
112  0.00822 -1.85752e-03 |113  0.02511  9.78878e-05 |114  0.03622  3.03735e-03
115 -0.00942  3.15617e-03 |116 -0.05726 -1.80885e-03 |117 -0.08092 -4.06834e-03
118 -0.07488  3.81182e-03 |119 -0.03429  8.93587e-04 |120  0.06981 -3.01020e-04
121  0.02349  2.62494e-03 |122  0.01343  9.93270e-04 |123 -0.02838 -2.48020e-03
124 -0.06757 -1.00131e-03 |125 -0.00733  1.25503e-03 |126  0.00473 -1.88157e-03
127 -0.02756 -2.31373e-03 |128  0.02747 -4.76834e-05 |129  0.07402 -9.65973e-04
130  0.00937  3.99982e-03 |131  0.08331  1.14058e-03 |132  0.00592  9.33507e-04
133  0.13336  2.61313e-03 |134 -0.00581  1.04336e-03 |135 -0.04656  1.94633e-03
136 -0.05715 -8.89899e-04 |137 -0.02184 -1.16688e-03 |138  0.09488 -4.92306e-03
139  0.03153  1.02422e-03 |140  0.01690 -7.40407e-05 |141 -0.02816  2.78879e-03
142 -0.01783  2.97675e-04 |143 -0.00600  7.38130e-04 |144 -0.00040  2.32192e-06
145  0.27752 -1.09996e-03 |146  0.18805  5.32355e-03 |147  0.04685  1.06715e-03
148  0.29666  2.40045e-03 |149  0.01631 -7.14899e-04 |150 -0.11471 -1.35367e-03
151 -0.47493  2.25501e-03 |152  0.31387  3.44576e-04 |153  0.04864 -1.16446e-03
154 -0.23476  5.67768e-04 |155  0.18289  2.48894e-04 |156  0.25986  4.60423e-03
157  0.17476 -4.22348e-04 |158  0.25420 -3.11414e-03 |159  0.00584 -4.29196e-03
160 -0.09824  1.02338e-03 |161  0.10385  1.48266e-03 |162  0.29674  8.90839e-04
163  0.16913  6.54138e-03 |164  0.24626  1.59775e-03 |165 -0.34895 -8.85400e-04
166  0.24362 -1.12680e-03 |167  0.05216 -3.33877e-03 |168 -0.18759 -5.65272e-03
169 -0.38042 -3.28584e-03 |170  0.23610  3.23158e-04 |171  0.07818 -2.10947e-03
172 -0.12164  2.35447e-03 |173  0.05135  2.75071e-03 |174  0.11963  4.86211e-03
175  0.32162  1.09657e-03 |176  0.27249  2.30169e-03 |177  0.00566  1.24264e-03
178  0.00920 -1.85494e-03 |179 -0.14999 -5.02460e-03 |180 -0.12564  2.02423e-03
181  0.01349  1.17125e-03 |182  0.39293  5.14011e-03 |183  0.01864  2.26654e-03
184 -0.15433 -2.16626e-03 |185  0.09937  4.77553e-03 |186  0.16381  9.05969e-03
187  0.21871  3.45147e-04 |188  0.25723 -7.23977e-03 |189  0.02457  4.96068e-03
190 -0.00652 -1.07616e-03 |191 -0.17623  3.35479e-03 |192 -0.11426  5.84678e-03
193 -0.54950  5.24720e-03 |194  0.17272  4.93724e-03 |195  0.09517 -7.61873e-04
196 -0.25464  1.72951e-03 |

 - final statistics:
196 variables; iteration 92; function evaluation 104
Function value 7.2815e+03; maximum gradient component mag 7.8626e-04
Exit code = 1;  converg criter 1.0000e-03
Var    Value     Gradient |Var    Value     Gradient |Var    Value     Gradient
  1 -0.42222  3.25244e-05 |  2  0.37085  9.12108e-06 |  3 -0.12614  3.10128e-05
  4 -0.01278  3.59697e-05 |  5 -0.70505 -1.54175e-04 |  6 -0.60475  1.15746e-05
  7  0.37771 -2.69203e-06 |  8 -0.18503 -1.09893e-05 |  9  0.03170 -3.62741e-05
 10 -0.60976  4.04508e-05 | 11 -0.62286 -1.53408e-05 | 12 -0.09296 -1.60924e-05
 13 -0.01003  3.03875e-05 | 14 -0.01024  2.91256e-05 | 15 -0.01046  2.77584e-05
 16 -0.01067  2.63020e-05 | 17 -0.01088  2.47738e-05 | 18 -0.01108  2.31896e-05
 19 -0.01127  2.15705e-05 | 20 -0.01146  1.99372e-05 | 21 -0.01163  1.83075e-05
 22 -0.01179  1.67019e-05 | 23 -0.01195  1.51386e-05 | 24 -0.01208  1.36284e-05
 25 -0.01221  1.21841e-05 | 26 -0.01231  1.08128e-05 | 27 -0.01240  9.52084e-06
 28 -0.01247  8.31220e-06 | 29 -0.01251  7.19381e-06 | 30 -0.01253  6.16864e-06
 31 -0.01253  5.24049e-06 | 32 -0.01251  4.41047e-06 | 33 -0.01245  3.67560e-06
 34 -0.01237  3.03059e-06 | 35 -0.01225  2.46684e-06 | 36 -0.01211  1.96614e-06
 37 -0.01193  1.50653e-06 | 38 -0.01171  1.05433e-06 | 39 -0.01145  5.63233e-07
 40 -0.01115 -3.92653e-08 | 41 -0.01082 -8.22687e-07 | 42 -0.01045 -1.89144e-06
 43 -0.01004 -3.35676e-06 | 44 -0.00961 -5.31575e-06 | 45 -0.00915 -7.83383e-06
 46 -0.00867 -1.09173e-05 | 47 -0.00819 -1.44850e-05 | 48 -0.00771 -1.83658e-05
 49 -0.00724 -2.22885e-05 | 50 -0.00680 -2.58970e-05 | 51 -0.00640 -2.87907e-05
 52 -0.00603 -3.05983e-05 | 53 -0.00572 -3.10422e-05 | 54 -0.00545 -2.99744e-05
 55 -0.00522 -2.73347e-05 | 56 -0.00501 -2.30642e-05 | 57 -0.00481 -1.70583e-05
 58 -0.00458 -9.19324e-06 | 59 -0.00430  6.41305e-07 | 60 -0.00395  1.24637e-05
 61 -0.00349  2.60038e-05 | 62 -0.00289  4.03527e-05 | 63 -0.00211  5.34996e-05
 64 -0.00113  6.18375e-05 | 65  0.00010  6.02687e-05 | 66  0.00160  4.40931e-05
 67  0.00339  1.32341e-05 | 68  0.00550 -2.24312e-05 | 69  0.00792 -4.34404e-05
 70  0.01066 -3.43431e-05 | 71  0.01369 -4.83460e-06 | 72  0.01693  4.02020e-06
 73  0.02030 -4.68689e-05 | 74  0.02365 -1.24339e-04 | 75  0.02678 -1.35030e-04
 76  0.02949 -7.84892e-05 | 77  0.03158 -4.63457e-05 | 78  0.03292 -6.98474e-05
 79  0.03348 -1.07429e-04 | 80  0.03336 -1.17051e-04 | 81  0.03265 -8.87261e-05
 82  0.03140 -5.06817e-05 | 83  0.02957 -5.05767e-05 | 84  0.02706 -1.07022e-04
 85  0.02383 -1.42586e-04 | 86  0.02005 -6.84953e-05 | 87  0.01611  1.40186e-05
 88  0.01251  1.45463e-05 | 89  0.00968 -1.04640e-06 | 90  0.00776  5.75548e-06
 91  0.00652  2.33945e-05 | 92  0.00558  3.93318e-05 | 93  0.00478  4.63802e-05
 94  0.00459  3.92896e-05 | 95  0.00510  2.34565e-05 | 96  0.00513 -6.98197e-06
 97  0.00647  2.77596e-05 | 98  0.00853  7.52523e-05 | 99  0.01169  3.56210e-05
100  0.01098  6.25348e-05 |101  0.00910 -1.61053e-05 |102  0.00734 -2.68969e-05
103  0.00060 -1.38988e-06 |104  0.00391 -2.32231e-04 |105  0.02813 -2.13076e-04
106  0.03081 -1.13362e-04 |107  0.00483 -9.49452e-05 |108  0.01744 -5.24695e-05
109  0.06930  1.94357e-04 |110  0.02824  2.15618e-04 |111 -0.01043 -8.15916e-05
112  0.00822  1.62889e-05 |113  0.02511 -2.56939e-04 |114  0.03621 -2.05518e-05
115 -0.00942  3.07631e-04 |116 -0.05726  7.32802e-05 |117 -0.08091 -1.85828e-04
118 -0.07489 -2.16714e-04 |119 -0.03430  1.87872e-04 |120  0.06981  2.35970e-04
121  0.02348 -5.05673e-04 |122  0.01342 -1.70049e-04 |123 -0.02838  4.42603e-04
124 -0.06757  7.86265e-04 |125 -0.00734  4.78853e-04 |126  0.00473 -4.26807e-04
127 -0.02756 -4.94400e-04 |128  0.02747 -2.99687e-04 |129  0.07402  4.57528e-04
130  0.00936  3.52493e-04 |131  0.08331 -1.29683e-04 |132  0.00591  1.62289e-05
133  0.13336  1.06392e-04 |134 -0.00581 -1.38782e-04 |135 -0.04657 -4.96459e-05
136 -0.05715  1.16683e-04 |137 -0.02184 -1.33962e-04 |138  0.09489  1.80088e-04
139  0.03153  4.00941e-05 |140  0.01690 -2.71615e-04 |141 -0.02817 -2.12665e-04
142 -0.01783  1.69025e-04 |143 -0.00600 -8.39041e-05 |144 -0.00040  3.72968e-06
145  0.27754 -1.78658e-04 |146  0.18806  2.72565e-04 |147  0.04685  2.77966e-05
148  0.29666  7.73829e-06 |149  0.01631 -1.77990e-05 |150 -0.11471  9.65066e-06
151 -0.47500  2.44778e-06 |152  0.31383  4.40306e-05 |153  0.04866  3.32137e-05
154 -0.23476 -3.07417e-04 |155  0.18289  6.12332e-05 |156  0.25986  2.92680e-05
157  0.17476  9.48518e-05 |158  0.25420  4.29485e-05 |159  0.00584 -8.63759e-05
160 -0.09824  1.54041e-05 |161  0.10385 -4.53082e-05 |162  0.29674 -2.84020e-05
163  0.16912  1.12631e-04 |164  0.24625  5.76456e-05 |165 -0.34895  4.42038e-05
166  0.24362  2.50726e-05 |167  0.05216 -2.08248e-05 |168 -0.18759 -4.29876e-06
169 -0.38036 -6.82515e-06 |170  0.23612  3.99368e-06 |171  0.07816 -1.55636e-05
172 -0.12164  2.06906e-05 |173  0.05135 -5.06757e-06 |174  0.11963  4.40262e-05
175  0.32162 -1.63409e-05 |176  0.27249  2.07226e-05 |177  0.00566 -2.43065e-06
178  0.00920 -3.46334e-05 |179 -0.14998 -1.20181e-05 |180 -0.12564  1.17430e-05
181  0.01349  2.20194e-06 |182  0.39293 -3.84168e-05 |183  0.01864  1.88644e-06
184 -0.15433  4.13887e-06 |185  0.09937  1.24126e-05 |186  0.16380  5.04891e-05
187  0.21871  2.53060e-07 |188  0.25723 -2.60627e-05 |189  0.02457  2.36152e-06
190 -0.00652 -1.38438e-05 |191 -0.17623  8.14209e-06 |192 -0.11426  3.76139e-05
193 -0.54964  3.89636e-05 |194  0.17266 -1.10631e-04 |195  0.09518 -2.84107e-04
196 -0.25465  9.91280e-05 |

 - final statistics:
209 variables; iteration 0; function evaluation 0
Function value 7.2815e+03; maximum gradient component mag 7.8626e-04
Exit code = 0;  converg criter 1.0000e-03
Var    Value     Gradient |Var    Value     Gradient |Var    Value     Gradient
  1 -0.42222  3.25244e-05 |  2  0.37085  9.12106e-06 |  3 -0.12614  3.10128e-05
  4 -0.01278  3.59697e-05 |  5 -0.70505 -1.54175e-04 |  6 -0.60475  1.15746e-05
  7  0.37771 -2.69204e-06 |  8 -0.18503 -1.09893e-05 |  9  0.03170 -3.62741e-05
 10 -0.60976  4.04508e-05 | 11 -0.62286 -1.53408e-05 | 12 -0.09296 -1.60924e-05
 13 -0.01003  3.03875e-05 | 14 -0.01024  2.91256e-05 | 15 -0.01046  2.77584e-05
 16 -0.01067  2.63020e-05 | 17 -0.01088  2.47738e-05 | 18 -0.01108  2.31896e-05
 19 -0.01127  2.15705e-05 | 20 -0.01146  1.99372e-05 | 21 -0.01163  1.83075e-05
 22 -0.01179  1.67019e-05 | 23 -0.01195  1.51386e-05 | 24 -0.01208  1.36284e-05
 25 -0.01221  1.21841e-05 | 26 -0.01231  1.08128e-05 | 27 -0.01240  9.52084e-06
 28 -0.01247  8.31220e-06 | 29 -0.01251  7.19381e-06 | 30 -0.01253  6.16864e-06
 31 -0.01253  5.24049e-06 | 32 -0.01251  4.41047e-06 | 33 -0.01245  3.67560e-06
 34 -0.01237  3.03059e-06 | 35 -0.01225  2.46684e-06 | 36 -0.01211  1.96614e-06
 37 -0.01193  1.50653e-06 | 38 -0.01171  1.05433e-06 | 39 -0.01145  5.63233e-07
 40 -0.01115 -3.92654e-08 | 41 -0.01082 -8.22687e-07 | 42 -0.01045 -1.89144e-06
 43 -0.01004 -3.35676e-06 | 44 -0.00961 -5.31575e-06 | 45 -0.00915 -7.83383e-06
 46 -0.00867 -1.09173e-05 | 47 -0.00819 -1.44850e-05 | 48 -0.00771 -1.83658e-05
 49 -0.00724 -2.22885e-05 | 50 -0.00680 -2.58970e-05 | 51 -0.00640 -2.87907e-05
 52 -0.00603 -3.05983e-05 | 53 -0.00572 -3.10422e-05 | 54 -0.00545 -2.99744e-05
 55 -0.00522 -2.73347e-05 | 56 -0.00501 -2.30642e-05 | 57 -0.00481 -1.70583e-05
 58 -0.00458 -9.19324e-06 | 59 -0.00430  6.41305e-07 | 60 -0.00395  1.24637e-05
 61 -0.00349  2.60038e-05 | 62 -0.00289  4.03527e-05 | 63 -0.00211  5.34996e-05
 64 -0.00113  6.18375e-05 | 65  0.00010  6.02687e-05 | 66  0.00160  4.40931e-05
 67  0.00339  1.32341e-05 | 68  0.00550 -2.24312e-05 | 69  0.00792 -4.34404e-05
 70  0.01066 -3.43431e-05 | 71  0.01369 -4.83460e-06 | 72  0.01693  4.02020e-06
 73  0.02030 -4.68689e-05 | 74  0.02365 -1.24339e-04 | 75  0.02678 -1.35030e-04
 76  0.02949 -7.84892e-05 | 77  0.03158 -4.63457e-05 | 78  0.03292 -6.98474e-05
 79  0.03348 -1.07429e-04 | 80  0.03336 -1.17051e-04 | 81  0.03265 -8.87261e-05
 82  0.03140 -5.06817e-05 | 83  0.02957 -5.05767e-05 | 84  0.02706 -1.07022e-04
 85  0.02383 -1.42586e-04 | 86  0.02005 -6.84953e-05 | 87  0.01611  1.40186e-05
 88  0.01251  1.45463e-05 | 89  0.00968 -1.04640e-06 | 90  0.00776  5.75548e-06
 91  0.00652  2.33945e-05 | 92  0.00558  3.93318e-05 | 93  0.00478  4.63802e-05
 94  0.00459  3.92896e-05 | 95  0.00510  2.34565e-05 | 96  0.00513 -6.98197e-06
 97  0.00647  2.77596e-05 | 98  0.00853  7.52523e-05 | 99  0.01169  3.56210e-05
100  0.01098  6.25348e-05 |101  0.00910 -1.61053e-05 |102  0.00734 -2.68969e-05
103  0.00060 -1.38988e-06 |104  0.00391 -2.32231e-04 |105  0.02813 -2.13076e-04
106  0.03081 -1.13362e-04 |107  0.00483 -9.49452e-05 |108  0.01744 -5.24695e-05
109  0.06930  1.94357e-04 |110  0.02824  2.15618e-04 |111 -0.01043 -8.15916e-05
112  0.00822  1.62889e-05 |113  0.02511 -2.56939e-04 |114  0.03621 -2.05518e-05
115 -0.00942  3.07631e-04 |116 -0.05726  7.32802e-05 |117 -0.08091 -1.85828e-04
118 -0.07489 -2.16714e-04 |119 -0.03430  1.87872e-04 |120  0.06981  2.35970e-04
121  0.02348 -5.05673e-04 |122  0.01342 -1.70049e-04 |123 -0.02838  4.42603e-04
124 -0.06757  7.86265e-04 |125 -0.00734  4.78853e-04 |126  0.00473 -4.26807e-04
127 -0.02756 -4.94400e-04 |128  0.02747 -2.99687e-04 |129  0.07402  4.57528e-04
130  0.00936  3.52493e-04 |131  0.08331 -1.29683e-04 |132  0.00591  1.62289e-05
133  0.13336  1.06392e-04 |134 -0.00581 -1.38782e-04 |135 -0.04657 -4.96459e-05
136 -0.05715  1.16683e-04 |137 -0.02184 -1.33962e-04 |138  0.09489  1.80088e-04
139  0.03153  4.00941e-05 |140  0.01690 -2.71615e-04 |141 -0.02817 -2.12665e-04
142 -0.01783  1.69025e-04 |143 -0.00600 -8.39041e-05 |144 -0.00040  3.72968e-06
145  0.00000  0.00000e+00 |146  0.00000  0.00000e+00 |147  0.00000  0.00000e+00
148  0.00000  0.00000e+00 |149  0.00000  0.00000e+00 |150  0.00000  0.00000e+00
151  0.00000  0.00000e+00 |152  0.00000  0.00000e+00 |153  0.00000  0.00000e+00
154  0.00000  0.00000e+00 |155  0.00000  0.00000e+00 |156  0.00000  0.00000e+00
157  0.00000  0.00000e+00 |158  0.27754 -1.78658e-04 |159  0.18806  2.72565e-04
160  0.04685  2.77966e-05 |161  0.29666  7.73829e-06 |162  0.01631 -1.77990e-05
163 -0.11471  9.65066e-06 |164 -0.47500  2.44778e-06 |165  0.31383  4.40306e-05
166  0.04866  3.32137e-05 |167 -0.23476 -3.07417e-04 |168  0.18289  6.12332e-05
169  0.25986  2.92680e-05 |170  0.17476  9.48518e-05 |171  0.25420  4.29485e-05
172  0.00584 -8.63759e-05 |173 -0.09824  1.54041e-05 |174  0.10385 -4.53082e-05
175  0.29674 -2.84020e-05 |176  0.16912  1.12631e-04 |177  0.24625  5.76456e-05
178 -0.34895  4.42038e-05 |179  0.24362  2.50726e-05 |180  0.05216 -2.08248e-05
181 -0.18759 -4.29876e-06 |182 -0.38036 -6.82515e-06 |183  0.23612  3.99368e-06
184  0.07816 -1.55636e-05 |185 -0.12164  2.06906e-05 |186  0.05135 -5.06757e-06
187  0.11963  4.40262e-05 |188  0.32162 -1.63409e-05 |189  0.27249  2.07226e-05
190  0.00566 -2.43065e-06 |191  0.00920 -3.46334e-05 |192 -0.14998 -1.20181e-05
193 -0.12564  1.17430e-05 |194  0.01349  2.20194e-06 |195  0.39293 -3.84168e-05
196  0.01864  1.88644e-06 |197 -0.15433  4.13887e-06 |198  0.09937  1.24126e-05
199  0.16380  5.04891e-05 |200  0.21871  2.53060e-07 |201  0.25723 -2.60627e-05
202  0.02457  2.36152e-06 |203 -0.00652 -1.38438e-05 |204 -0.17623  8.14209e-06
205 -0.11426  3.76139e-05 |206 -0.54964  3.89636e-05 |207  0.17266 -1.10631e-04
208  0.09518 -2.84107e-04 |209 -0.25465  9.91280e-05 |
size of file gradfil1.tmp = 0
size of file gradfil2.tmp = 0
size of file varssave.tmp = 0
size of file cmpdiff.tmp = 1000000040
