
 - final statistics:
3 variables; iteration 0; function evaluation 0
Function value 7.0220e+03; maximum gradient component mag 3.7471e-04
Exit code = 0;  converg criter 1.0000e+01
Var    Value     Gradient |Var    Value     Gradient |Var    Value     Gradient
  1  0.82552  3.74706e-04 |  2 -0.64808 -1.25124e-04 |  3 -0.99393  6.18941e-07

Initial statistics: 15 variables; iteration 0; function evaluation 0; phase 2
Function value 7.0220173e+03; maximum gradient component mag 1.0612e+02
Var    Value     Gradient |Var    Value     Gradient |Var    Value     Gradient
  1 -0.38767  3.75255e+01 |  2  0.35802 -2.50271e+00 |  3 -0.14696 -2.70214e+01
  4  0.02639 -1.30033e+01 |  5 -0.68375 -6.03898e-01 |  6 -0.61919  6.92823e+01
  7 -0.41866 -4.53266e+01 |  8  0.35663  6.15822e+00 |  9 -0.20076  1.06117e+02
 10  0.08187  1.96274e+01 | 11 -0.61141  1.02021e+00 | 12 -0.63626  8.03517e+01
 13  0.82552  3.74706e-04 | 14 -0.64808 -1.25124e-04 | 15 -0.99393  6.18941e-07

 - final statistics:
15 variables; iteration 17; function evaluation 24
Function value 7.0214e+03; maximum gradient component mag 8.0522e-01
Exit code = 1;  converg criter 1.0000e+01
Var    Value     Gradient |Var    Value     Gradient |Var    Value     Gradient
  1 -0.38918 -2.31584e-01 |  2  0.35750  2.55257e-01 |  3 -0.14610  6.23477e-02
  4  0.02662  6.37961e-02 |  5 -0.67602  1.20643e-02 |  6 -0.62179 -6.40325e-02
  7 -0.41489 -3.49893e-01 |  8  0.35463  1.83254e-01 |  9 -0.20630 -5.76363e-01
 10  0.08989 -8.26501e-02 | 11 -0.60056 -4.65014e-02 | 12 -0.64066 -2.42407e-01
 13  0.82748  8.05222e-01 | 14 -0.64774 -3.11803e-03 | 15 -1.01749 -7.10332e-02

Initial statistics: 174 variables; iteration 0; function evaluation 0; phase 3
Function value 7.0214015e+03; maximum gradient component mag -1.3730e+01
Var    Value     Gradient |Var    Value     Gradient |Var    Value     Gradient
  1 -0.38918 -2.31584e-01 |  2  0.35750  2.55257e-01 |  3 -0.14610  6.23477e-02
  4  0.02662  6.37961e-02 |  5 -0.67602  1.20643e-02 |  6 -0.62179 -6.40325e-02
  7 -0.41489 -3.49893e-01 |  8  0.35463  1.83254e-01 |  9 -0.20630 -5.76363e-01
 10  0.08989 -8.26501e-02 | 11 -0.60056 -4.65014e-02 | 12 -0.64066 -2.42407e-01
 13  0.82748  8.05222e-01 | 14 -0.00261 -5.68023e-02 | 15 -0.00262 -5.85899e-02
 16 -0.00263 -6.03818e-02 | 17 -0.00262 -6.21436e-02 | 18 -0.00261 -6.38740e-02
 19 -0.00258 -6.55558e-02 | 20 -0.00255 -6.71771e-02 | 21 -0.00250 -6.87202e-02
 22 -0.00244 -7.01577e-02 | 23 -0.00237 -7.14662e-02 | 24 -0.00229 -7.26202e-02
 25 -0.00219 -7.36005e-02 | 26 -0.00208 -7.43552e-02 | 27 -0.00196 -7.48562e-02
 28 -0.00182 -7.50804e-02 | 29 -0.00167 -7.49665e-02 | 30 -0.00151 -7.44878e-02
 31 -0.00133 -7.35985e-02 | 32 -0.00114 -7.22577e-02 | 33 -0.00093 -7.04255e-02
 34 -0.00072 -6.80610e-02 | 35 -0.00049 -6.51256e-02 | 36 -0.00026 -6.15892e-02
 37 -0.00002 -5.74157e-02 | 38  0.00020 -5.25899e-02 | 39  0.00041 -4.70721e-02
 40  0.00060 -4.08724e-02 | 41  0.00075 -3.39666e-02 | 42  0.00086 -2.63573e-02
 43  0.00091 -1.80476e-02 | 44  0.00090 -9.05302e-03 | 45  0.00083  5.97112e-04
 46  0.00069  1.08882e-02 | 47  0.00050  2.17931e-02 | 48  0.00026  3.32577e-02
 49 -0.00001  4.52407e-02 | 50 -0.00030  5.77384e-02 | 51 -0.00056  7.06921e-02
 52 -0.00079  8.40510e-02 | 53 -0.00094  9.78095e-02 | 54 -0.00099  1.11958e-01
 55 -0.00091  1.26420e-01 | 56 -0.00066  1.41221e-01 | 57 -0.00022  1.56304e-01
 58  0.00045  1.71661e-01 | 59  0.00137  1.87236e-01 | 60  0.00256  2.02973e-01
 61  0.00404  2.18817e-01 | 62  0.00580  2.34618e-01 | 63  0.00783  2.50170e-01
 64  0.01011  2.65206e-01 | 65  0.01256  2.79321e-01 | 66  0.01508  2.91882e-01
 67  0.01752  3.02114e-01 | 68  0.01970  3.09090e-01 | 69  0.02143  3.11725e-01
 70  0.02254  3.09077e-01 | 71  0.02293  3.00526e-01 | 72  0.02261  2.85748e-01
 73  0.02168  2.64888e-01 | 74  0.02023  2.38066e-01 | 75  0.01831  2.05478e-01
 76  0.01590  1.67253e-01 | 77  0.01291  1.23743e-01 | 78  0.00931  7.57461e-02
 79  0.00522  2.44842e-02 | 80  0.00097 -2.85455e-02 | 81 -0.00296 -8.20578e-02
 82 -0.00620 -1.35426e-01 | 83 -0.00860 -1.88194e-01 | 84 -0.01033 -2.39315e-01
 85 -0.01173 -2.86561e-01 | 86 -0.01293 -3.26947e-01 | 87 -0.01352 -3.56381e-01
 88 -0.01312 -3.72276e-01 | 89 -0.01209 -3.74597e-01 | 90 -0.00933 -3.45389e-01
 91 -0.00485 -2.84584e-01 | 92  0.00133 -1.68198e-01 | 93  0.00519  2.71384e-02
 94  0.00820  3.39034e-01 | 95  0.01087  8.24968e-01 | 96  0.00611  1.41426e+00
 97  0.00747  2.21476e+00 | 98  0.02557  3.70371e+00 | 99  0.01874  4.68775e+00
100  0.00021  4.87087e+00 |101  0.01997  6.33543e+00 |102  0.08630  1.00986e+01
103  0.03406  5.09719e+00 |104 -0.00555  1.82068e+00 |105  0.00548 -3.82393e-01
106  0.01794 -2.94248e+00 |107  0.03196 -6.44804e+00 |108 -0.00073 -7.49040e+00
109 -0.06704 -5.72974e+00 |110 -0.08406 -5.47446e+00 |111 -0.08247 -5.44376e+00
112 -0.04737 -6.38506e+00 |113  0.06416 -1.37296e+01 |114  0.01510 -6.51291e+00
115  0.00908 -2.84443e+00 |116 -0.04026  5.24577e-01 |117 -0.08121  1.75384e+00
118 -0.03137  4.36818e+00 |119 -0.02415  4.78683e+00 |120 -0.04966  3.65123e+00
121  0.00275  4.31937e+00 |122  0.03969  3.91915e+00 |123 -0.00317  1.84182e+00
124  0.04570 -2.96637e-01 |125 -0.01655 -8.21762e-01 |126  0.10265 -1.81934e+00
127 -0.01123 -2.18316e-01 |128 -0.05016  5.75842e-01 |129 -0.06006  8.66515e-01
130 -0.02641  6.28908e-01 |131  0.08554  2.90744e-01 |132  0.02400  2.32523e-01
133  0.01266 -5.42718e-02 |134 -0.03397  2.73033e-01 |135 -0.01914 -8.01228e-02
136 -0.00406  1.51889e-02 |137 -0.00000  1.37867e-06 |138 -0.64774 -3.11803e-03
139 -0.98251  7.10332e-02 |140  0.03121 -4.80191e-04 |141 -0.58651 -4.13683e-03
142  0.03495  4.88497e-04 |143 -0.10991  2.45664e-01 |144  0.20000 -7.91562e-02
145  0.16748  4.49260e+00 |146 -0.58136  6.58531e-04 |147 -0.00720 -3.15940e-01
148  0.12386 -7.98717e-01 |149 -0.04033  1.00944e-01 |150  0.09532 -9.85078e-01
151  0.04853  7.38494e-01 |152  0.14563 -6.60966e-01 |153 -0.03738  3.56485e-01
154 -0.58548  4.06940e-01 |155 -0.50980  1.61485e-03 |156 -0.20972  6.13425e-02
157 -0.21217  4.98861e+00 |158  0.19395  5.71720e-01 |159  0.08261 -1.96272e-01
160 -0.39563  3.35180e-02 |161 -0.20088  7.92994e-02 |162 -0.03778 -5.07328e-02
163  0.08906  8.33226e-04 |164 -0.52696 -3.41933e-03 |165  0.07864  8.72569e-04
166  0.06407  7.01502e+00 |167 -0.17462  1.19192e+01 |168 -0.15651 -5.49491e-01
169  0.22776 -3.13862e-01 |170  0.01200  2.40674e-01 |171 -0.36298  1.94791e-02
172 -0.44269  1.68390e-04 |173 -0.04126 -5.88643e-02 |174 -0.30026  2.31626e-02

Intermediate statistics: 174 variables; iteration 20; function evaluation 24; phase 3
Function value 7.0213005e+03; maximum gradient component mag 2.0890e+01
Var    Value     Gradient |Var    Value     Gradient |Var    Value     Gradient
  1 -0.38993 -1.05938e+01 |  2  0.35746 -9.64261e+00 |  3 -0.14635 -1.65029e+01
  4  0.02674 -1.05360e+01 |  5 -0.67533  1.09809e-01 |  6 -0.62181  2.34363e+00
  7 -0.41536  1.92938e+00 |  8  0.35470  6.01171e+00 |  9 -0.20600  1.56706e+01
 10  0.08974  7.47698e+00 | 11 -0.59971  1.34038e+00 | 12 -0.64047  1.04286e+01
 13  0.82672  3.31691e+00 | 14 -0.00259  7.83385e-03 | 15 -0.00260  8.06648e-03
 16 -0.00261  8.31460e-03 | 17 -0.00260  8.58435e-03 | 18 -0.00258  8.87687e-03
 19 -0.00255  9.19577e-03 | 20 -0.00252  9.54395e-03 | 21 -0.00247  9.92527e-03
 22 -0.00241  1.03452e-02 | 23 -0.00233  1.08087e-02 | 24 -0.00225  1.13212e-02
 25 -0.00215  1.18872e-02 | 26 -0.00204  1.25165e-02 | 27 -0.00192  1.32154e-02
 28 -0.00178  1.39895e-02 | 29 -0.00163  1.48509e-02 | 30 -0.00147  1.58063e-02
 31 -0.00129  1.68657e-02 | 32 -0.00111  1.80387e-02 | 33 -0.00090  1.93348e-02
 34 -0.00069  2.07639e-02 | 35 -0.00047  2.23355e-02 | 36 -0.00024  2.40576e-02
 37 -0.00001  2.59389e-02 | 38  0.00020  2.79846e-02 | 39  0.00041  3.02031e-02
 40  0.00059  3.25946e-02 | 41  0.00073  3.51641e-02 | 42  0.00083  3.79121e-02
 43  0.00087  4.08388e-02 | 44  0.00085  4.39426e-02 | 45  0.00077  4.72203e-02
 46  0.00062  5.06716e-02 | 47  0.00042  5.42952e-02 | 48  0.00016  5.80867e-02
 49 -0.00012  6.20444e-02 | 50 -0.00041  6.61733e-02 | 51 -0.00068  7.04697e-02
 52 -0.00092  7.49313e-02 | 53 -0.00108  7.95617e-02 | 54 -0.00114  8.43630e-02
 55 -0.00106  8.93252e-02 | 56 -0.00082  9.44517e-02 | 57 -0.00038  9.97305e-02
 58  0.00028  1.05153e-01 | 59  0.00120  1.10697e-01 | 60  0.00239  1.16335e-01
 61  0.00386  1.22029e-01 | 62  0.00561  1.27711e-01 | 63  0.00764  1.33288e-01
 64  0.00991  1.38632e-01 | 65  0.01236  1.43559e-01 | 66  0.01488  1.47813e-01
 67  0.01732  1.51078e-01 | 68  0.01950  1.52996e-01 | 69  0.02123  1.53193e-01
 70  0.02235  1.51381e-01 | 71  0.02275  1.47440e-01 | 72  0.02245  1.41439e-01
 73  0.02153  1.33658e-01 | 74  0.02010  1.24473e-01 | 75  0.01821  1.14338e-01
 76  0.01582  1.03762e-01 | 77  0.01285  9.33787e-02 | 78  0.00927  8.40198e-02
 79  0.00521  7.67660e-02 | 80  0.00099  7.27811e-02 | 81 -0.00291  7.38341e-02
 82 -0.00612  8.16734e-02 | 83 -0.00849  9.81863e-02 | 84 -0.01018  1.25221e-01
 85 -0.01153  1.64201e-01 | 86 -0.01267  2.15882e-01 | 87 -0.01319  2.81647e-01
 88 -0.01272  3.63545e-01 | 89 -0.01158  4.62375e-01 | 90 -0.00873  5.89606e-01
 91 -0.00412  7.55198e-01 | 92  0.00226  9.82398e-01 | 93  0.00637  1.26377e+00
 94  0.00958  1.59041e+00 | 95  0.01226  1.97633e+00 | 96  0.00729  2.30645e+00
 97  0.00839  2.77713e+00 | 98  0.02582  3.75816e+00 | 99  0.01833  4.13414e+00
100 -0.00027  3.95355e+00 |101  0.01875  4.80355e+00 |102  0.08435  7.52274e+00
103  0.03469  4.04091e+00 |104 -0.00497  1.54902e+00 |105  0.00627 -1.16744e-01
106  0.01839 -2.19634e+00 |107  0.03283 -4.76983e+00 |108  0.00089 -5.25545e+00
109 -0.06502 -3.75876e+00 |110 -0.08200 -3.54917e+00 |111 -0.08063 -3.69495e+00
112 -0.04676 -5.05378e+00 |113  0.06576 -1.13483e+01 |114  0.01558 -5.95492e+00
115  0.00914 -3.38632e+00 |116 -0.04155 -8.07837e-01 |117 -0.08248  2.79236e-01
118 -0.03352  1.72856e+00 |119 -0.02557  2.31405e+00 |120 -0.05115  1.82417e+00
121  0.00151  2.35263e+00 |122  0.03927  2.33041e+00 |123 -0.00447  9.49424e-01
124  0.04666  5.94682e-02 |125 -0.01569 -2.74855e-01 |126  0.10357 -8.33461e-01
127 -0.01124 -1.15499e-01 |128 -0.05139  9.29281e-02 |129 -0.06203  1.71488e-01
130 -0.02782  1.26116e-01 |131  0.08520  1.18047e-01 |132  0.02324  3.58448e-02
133  0.01248 -7.05577e-02 |134 -0.03490  2.29162e-02 |135 -0.01912 -2.85941e-02
136 -0.00422 -1.60023e-02 |137 -0.00000 -3.17721e-07 |138 -0.64843  3.93739e-02
139 -0.98254  2.88060e-01 |140  0.03122 -4.61433e-04 |141 -0.58647 -4.13631e-03
142  0.03495  4.81086e-04 |143 -0.10839  6.37240e-01 |144  0.20258  1.87701e-01
145  0.16715  5.41988e+00 |146 -0.58136  5.84064e-04 |147 -0.00736 -2.18493e+00
148  0.12628  3.27017e-01 |149 -0.03768 -2.84722e-02 |150  0.09721 -1.16558e-01
151  0.04989  5.96243e-01 |152  0.14637  7.16458e-01 |153 -0.03691 -5.39129e-01
154 -0.58538  2.11462e+00 |155 -0.50980  6.76117e-03 |156 -0.20976  4.37627e-02
157 -0.21165  2.08900e+01 |158  0.19220  3.32628e-01 |159  0.08054 -1.16020e+00
160 -0.39612 -2.35108e-01 |161 -0.20128 -6.60449e-01 |162 -0.03747  6.37048e-02
163  0.08906  9.09401e-04 |164 -0.52693 -3.41896e-03 |165  0.07863  8.35433e-04
166  0.06412  4.40226e+00 |167 -0.17487  5.69762e+00 |168 -0.15694 -7.62588e-01
169  0.22813 -3.01235e-01 |170  0.01276  4.01117e-01 |171 -0.36230  6.06316e-01
172 -0.44269  2.69932e-03 |173 -0.04131 -4.60797e-01 |174 -0.29985  8.04649e-01
174 variables; iteration 40; function evaluation 45; phase 3
Function value 7.0211960e+03; maximum gradient component mag 1.5514e+00
Var    Value     Gradient |Var    Value     Gradient |Var    Value     Gradient
  1 -0.38962 -2.50316e-01 |  2  0.35756 -2.97202e-01 |  3 -0.14628 -4.16245e-01
  4  0.02674 -2.78555e-01 |  5 -0.67547 -1.68614e-01 |  6 -0.62184  7.90149e-02
  7 -0.41533  2.47512e-01 |  8  0.35469 -2.02136e-01 |  9 -0.20645  3.30336e-01
 10  0.08998  1.10464e+00 | 11 -0.59950  2.58313e-01 | 12 -0.64088  2.22457e-01
 13  0.83217  1.50930e-01 | 14 -0.00257  3.93574e-03 | 15 -0.00258  4.33010e-03
 16 -0.00258  4.75103e-03 | 17 -0.00257  5.19276e-03 | 18 -0.00255  5.65884e-03
 19 -0.00252  6.14894e-03 | 20 -0.00248  6.66456e-03 | 21 -0.00243  7.20616e-03
 22 -0.00237  7.77205e-03 | 23 -0.00229  8.36214e-03 | 24 -0.00221  8.97634e-03
 25 -0.00211  9.61674e-03 | 26 -0.00200  1.02771e-02 | 27 -0.00187  1.09578e-02
 28 -0.00174  1.16613e-02 | 29 -0.00158  1.23794e-02 | 30 -0.00142  1.31135e-02
 31 -0.00124  1.38593e-02 | 32 -0.00105  1.46136e-02 | 33 -0.00085  1.53725e-02
 34 -0.00064  1.61306e-02 | 35 -0.00042  1.68820e-02 | 36 -0.00019  1.76213e-02
 37  0.00004  1.83396e-02 | 38  0.00025  1.90313e-02 | 39  0.00045  1.96819e-02
 40  0.00063  2.02874e-02 | 41  0.00077  2.08316e-02 | 42  0.00086  2.13023e-02
 43  0.00090  2.16837e-02 | 44  0.00088  2.19598e-02 | 45  0.00079  2.21145e-02
 46  0.00064  2.21238e-02 | 47  0.00043  2.19636e-02 | 48  0.00017  2.16137e-02
 49 -0.00012  2.10475e-02 | 50 -0.00042  2.02258e-02 | 51 -0.00070  1.91230e-02
 52 -0.00095  1.77109e-02 | 53 -0.00112  1.59494e-02 | 54 -0.00119  1.38012e-02
 55 -0.00112  1.12498e-02 | 56 -0.00089  8.25322e-03 | 57 -0.00047  4.79598e-03
 58  0.00018  8.53060e-04 | 59  0.00108 -3.58301e-03 | 60  0.00225 -8.51420e-03
 61  0.00370 -1.39348e-02 | 62  0.00544 -1.98049e-02 | 63  0.00745 -2.60629e-02
 64  0.00970 -3.26265e-02 | 65  0.01212 -3.93840e-02 | 66  0.01461 -4.61908e-02
 67  0.01703 -5.28980e-02 | 68  0.01920 -5.93419e-02 | 69  0.02091 -6.53282e-02
 70  0.02202 -7.06460e-02 | 71  0.02241 -7.50825e-02 | 72  0.02211 -7.84475e-02
 73  0.02120 -8.05929e-02 | 74  0.01978 -8.13811e-02 | 75  0.01790 -8.06650e-02
 76  0.01554 -7.82662e-02 | 77  0.01260 -7.40080e-02 | 78  0.00906 -6.77817e-02
 79  0.00505 -5.95923e-02 | 80  0.00088 -4.94541e-02 | 81 -0.00296 -3.77404e-02
 82 -0.00610 -2.46519e-02 | 83 -0.00840 -1.03097e-02 | 84 -0.01002  5.12292e-03
 85 -0.01128  2.11614e-02 | 86 -0.01235  3.66089e-02 | 87 -0.01282  4.87492e-02
 88 -0.01232  5.55971e-02 | 89 -0.01119  5.76909e-02 | 90 -0.00840  4.66356e-02
 91 -0.00386  2.54980e-02 | 92  0.00244  6.16729e-04 | 93  0.00654 -1.64450e-02
 94  0.00970 -4.36243e-02 | 95  0.01220 -7.95684e-02 | 96  0.00692 -1.12689e-01
 97  0.00773 -1.46315e-01 | 98  0.02453 -1.77049e-01 | 99  0.01661 -1.31683e-01
100 -0.00174 -3.84796e-02 |101  0.01667 -4.54548e-02 |102  0.08070  3.73173e-02
103  0.03401  1.61470e-01 |104 -0.00500  1.77207e-01 |105  0.00696  2.91056e-01
106  0.01979  3.25479e-01 |107  0.03507  2.78446e-01 |108  0.00302  1.40438e-01
109 -0.06258  2.88883e-01 |110 -0.07917  4.61583e-01 |111 -0.07839  1.25633e-01
112 -0.04504 -5.20155e-01 |113  0.06875 -1.34984e+00 |114  0.01764 -3.27227e-01
115  0.01018 -5.17568e-02 |116 -0.04247 -2.80383e-01 |117 -0.08358 -7.52152e-02
118 -0.03562  1.19989e-01 |119 -0.02716  5.01732e-01 |120 -0.05190  5.46538e-01
121  0.00040  4.73465e-01 |122  0.03724 -1.03688e-01 |123 -0.00554 -1.60836e-01
124  0.04667 -2.28537e-02 |125 -0.01518  5.81028e-02 |126  0.10361 -5.44853e-01
127 -0.01090  8.94463e-02 |128 -0.05130  1.84042e-01 |129 -0.06203  1.84964e-01
130 -0.02789  1.15016e-01 |131  0.08491 -2.52537e-02 |132  0.02319 -1.83652e-03
133  0.01250 -1.64489e-02 |134 -0.03511 -2.38340e-02 |135 -0.01932 -7.63209e-02
136 -0.00434 -3.00363e-02 |137 -0.00000 -2.10932e-06 |138 -0.65226 -6.36205e-01
139 -0.97746  6.10393e-02 |140  0.03157 -3.15487e-04 |141 -0.58209 -4.07774e-03
142  0.03453  3.85621e-04 |143 -0.10717  8.96503e-01 |144  0.20294 -4.41329e-01
145  0.16636  7.77000e-02 |146 -0.58162  2.17281e-04 |147 -0.00759 -1.42409e-01
148  0.12771  8.34793e-02 |149 -0.03638  1.70385e-01 |150  0.09803  5.05524e-02
151  0.05015  4.96173e-02 |152  0.14672  9.35335e-03 |153 -0.03695 -4.74599e-03
154 -0.58287  2.72905e-01 |155 -0.50991  8.82135e-04 |156 -0.20742  3.71905e-02
157 -0.21350  1.55143e+00 |158  0.19280  7.04043e-01 |159  0.07996 -1.25495e-01
160 -0.39590  2.01486e-01 |161 -0.20076  8.92543e-01 |162 -0.03669  1.56806e-01
163  0.08859  4.22335e-04 |164 -0.52331 -3.38026e-03 |165  0.07735  1.18747e-03
166  0.06426 -2.07871e-02 |167 -0.17506  1.14546e-01 |168 -0.15702  3.08673e-03
169  0.22020 -7.23022e-01 |170  0.00739  4.81813e-02 |171 -0.36484 -3.93728e-04
172 -0.44359  2.72459e-04 |173 -0.04344 -3.11949e-01 |174 -0.29843  2.93855e-01

 - final statistics:
174 variables; iteration 49; function evaluation 55
Function value 7.0212e+03; maximum gradient component mag 9.9089e-01
Exit code = 1;  converg criter 1.0000e+00
Var    Value     Gradient |Var    Value     Gradient |Var    Value     Gradient
  1 -0.38961 -1.39282e-01 |  2  0.35756 -1.38563e-01 |  3 -0.14628 -1.58946e-01
  4  0.02674 -1.17693e-01 |  5 -0.67559 -2.80385e-01 |  6 -0.62182  6.65859e-02
  7 -0.41532  1.22254e-01 |  8  0.35480 -9.53358e-02 |  9 -0.20639  1.78872e-01
 10  0.08974  6.39256e-01 | 11 -0.59918  3.74155e-01 | 12 -0.64090  8.17418e-02
 13  0.82908  9.11114e-02 | 14 -0.00257  1.29138e-03 | 15 -0.00258  1.41800e-03
 16 -0.00258  1.55176e-03 | 17 -0.00257  1.69355e-03 | 18 -0.00255  1.84491e-03
 19 -0.00253  2.00744e-03 | 20 -0.00249  2.18306e-03 | 21 -0.00244  2.37388e-03
 22 -0.00238  2.58203e-03 | 23 -0.00230  2.80988e-03 | 24 -0.00222  3.05993e-03
 25 -0.00212  3.33498e-03 | 26 -0.00201  3.63687e-03 | 27 -0.00188  3.96810e-03
 28 -0.00175  4.33145e-03 | 29 -0.00160  4.72780e-03 | 30 -0.00143  5.15941e-03
 31 -0.00126  5.62720e-03 | 32 -0.00107  6.13190e-03 | 33 -0.00087  6.67369e-03
 34 -0.00065  7.25193e-03 | 35 -0.00043  7.86522e-03 | 36 -0.00021  8.51208e-03
 37  0.00002  9.18922e-03 | 38  0.00023  9.89482e-03 | 39  0.00044  1.06228e-02
 40  0.00061  1.13726e-02 | 41  0.00075  1.21378e-02 | 42  0.00084  1.29143e-02
 43  0.00088  1.36965e-02 | 44  0.00086  1.44784e-02 | 45  0.00077  1.52540e-02
 46  0.00062  1.60118e-02 | 47  0.00041  1.67390e-02 | 48  0.00016  1.74233e-02
 49 -0.00013  1.80460e-02 | 50 -0.00042  1.85815e-02 | 51 -0.00071  1.90068e-02
 52 -0.00095  1.92944e-02 | 53 -0.00111  1.94102e-02 | 54 -0.00118  1.93181e-02
 55 -0.00111  1.89837e-02 | 56 -0.00087  1.83616e-02 | 57 -0.00044  1.74081e-02
 58  0.00021  1.60709e-02 | 59  0.00111  1.42965e-02 | 60  0.00229  1.20279e-02
 61  0.00374  9.20539e-03 | 62  0.00549  5.79804e-03 | 63  0.00750  1.81806e-03
 64  0.00975 -2.66164e-03 | 65  0.01218 -7.48537e-03 | 66  0.01468 -1.24408e-02
 67  0.01710 -1.73813e-02 | 68  0.01927 -2.22798e-02 | 69  0.02098 -2.72256e-02
 70  0.02209 -3.22341e-02 | 71  0.02248 -3.70761e-02 | 72  0.02217 -4.14352e-02
 73  0.02125 -4.49037e-02 | 74  0.01983 -4.73388e-02 | 75  0.01794 -4.86710e-02
 76  0.01557 -4.89094e-02 | 77  0.01263 -4.80113e-02 | 78  0.00907 -4.58506e-02
 79  0.00504 -4.21391e-02 | 80  0.00086 -3.63492e-02 | 81 -0.00299 -2.81726e-02
 82 -0.00615 -1.75739e-02 | 83 -0.00845 -5.03834e-03 | 84 -0.01008  8.52771e-03
 85 -0.01135  2.20423e-02 | 86 -0.01243  3.44608e-02 | 87 -0.01289  4.61727e-02
 88 -0.01235  5.65338e-02 | 89 -0.01118  6.04313e-02 | 90 -0.00829  6.24966e-02
 91 -0.00369  4.91839e-02 | 92  0.00261  1.43781e-02 | 93  0.00664 -1.95417e-02
 94  0.00973 -6.22997e-02 | 95  0.01222 -1.06250e-01 | 96  0.00693 -1.40162e-01
 97  0.00772 -1.51462e-01 | 98  0.02463 -1.72880e-01 | 99  0.01668 -1.29175e-01
100 -0.00207 -8.82034e-02 |101  0.01637 -9.43137e-02 |102  0.08156  1.60807e-01
103  0.03313 -7.12300e-02 |104 -0.00508  3.16141e-02 |105  0.00696  1.26179e-01
106  0.01972  1.82007e-01 |107  0.03497  1.73212e-01 |108  0.00324  1.61578e-01
109 -0.06267  2.37230e-01 |110 -0.07931  3.73708e-01 |111 -0.07848  8.76825e-02
112 -0.04503 -3.82172e-01 |113  0.06914 -7.74679e-01 |114  0.01762 -2.10893e-01
115  0.01007 -4.51687e-02 |116 -0.04225 -1.38016e-01 |117 -0.08340 -2.43785e-02
118 -0.03577 -6.07459e-02 |119 -0.02730  2.87477e-01 |120 -0.05210  3.51317e-01
121  0.00021  2.91065e-01 |122  0.03754 -5.01945e-02 |123 -0.00542 -8.68050e-02
124  0.04688  2.83276e-02 |125 -0.01528 -6.62324e-03 |126  0.10416 -1.52543e-01
127 -0.01088  9.47591e-02 |128 -0.05131  1.47739e-01 |129 -0.06235  5.25130e-02
130 -0.02800  6.28873e-02 |131  0.08493 -3.67880e-02 |132  0.02316 -4.75567e-02
133  0.01270  3.18408e-02 |134 -0.03446  1.58449e-01 |135 -0.01884  4.84130e-02
136 -0.00434 -3.02748e-02 |137 -0.00000 -8.29384e-07 |138 -0.65019 -3.37052e-01
139 -0.97731  3.35999e-02 |140  0.03170 -3.19098e-04 |141 -0.58050 -4.05677e-03
142  0.03438  3.86391e-04 |143 -0.10733  6.70903e-01 |144  0.20326 -2.27467e-01
145  0.16636  4.56363e-04 |146 -0.58170  2.04563e-04 |147 -0.00760 -1.13371e-01
148  0.12748  5.98851e-02 |149 -0.03666  1.06075e-01 |150  0.09810  7.12370e-02
151  0.05016  4.96408e-02 |152  0.14668 -9.74317e-03 |153 -0.03699 -5.21037e-03
154 -0.58883  1.55316e-02 |155 -0.50994  4.72227e-04 |156 -0.21374 -4.92998e-02
157 -0.21244  9.90886e-01 |158  0.19241  4.39762e-01 |159  0.07980 -9.43465e-02
160 -0.39249  2.77730e-01 |161 -0.20214  5.85004e-01 |162 -0.03441  6.64110e-02
163  0.08842  4.21695e-04 |164 -0.52199 -3.36627e-03 |165  0.07689  1.19092e-03
166  0.06434  1.25530e-02 |167 -0.17510  7.45455e-02 |168 -0.15682  5.73164e-02
169  0.22310 -4.36143e-01 |170  0.00920 -4.37392e-02 |171 -0.36350 -6.40095e-02
172 -0.44389  6.81973e-04 |173 -0.04215 -4.08107e-02 |174 -0.29895  2.51635e-01

Initial statistics: 189 variables; iteration 0; function evaluation 0; phase 4
Function value 7.0211915e+03; maximum gradient component mag -1.3715e+02
Var    Value     Gradient |Var    Value     Gradient |Var    Value     Gradient
  1 -0.38961 -1.39282e-01 |  2  0.35756 -1.38563e-01 |  3 -0.14628 -1.58946e-01
  4  0.02674 -1.17693e-01 |  5 -0.67559 -2.80385e-01 |  6 -0.62182  6.65859e-02
  7 -0.41532  1.22254e-01 |  8  0.35480 -9.53358e-02 |  9 -0.20639  1.78872e-01
 10  0.08974  6.39256e-01 | 11 -0.59918  3.74155e-01 | 12 -0.64090  8.17418e-02
 13  0.82908  9.11114e-02 | 14 -0.00257  1.29138e-03 | 15 -0.00258  1.41800e-03
 16 -0.00258  1.55176e-03 | 17 -0.00257  1.69355e-03 | 18 -0.00255  1.84491e-03
 19 -0.00253  2.00744e-03 | 20 -0.00249  2.18306e-03 | 21 -0.00244  2.37388e-03
 22 -0.00238  2.58203e-03 | 23 -0.00230  2.80988e-03 | 24 -0.00222  3.05993e-03
 25 -0.00212  3.33498e-03 | 26 -0.00201  3.63687e-03 | 27 -0.00188  3.96810e-03
 28 -0.00175  4.33145e-03 | 29 -0.00160  4.72780e-03 | 30 -0.00143  5.15941e-03
 31 -0.00126  5.62720e-03 | 32 -0.00107  6.13190e-03 | 33 -0.00087  6.67369e-03
 34 -0.00065  7.25193e-03 | 35 -0.00043  7.86522e-03 | 36 -0.00021  8.51208e-03
 37  0.00002  9.18922e-03 | 38  0.00023  9.89482e-03 | 39  0.00044  1.06228e-02
 40  0.00061  1.13726e-02 | 41  0.00075  1.21378e-02 | 42  0.00084  1.29143e-02
 43  0.00088  1.36965e-02 | 44  0.00086  1.44784e-02 | 45  0.00077  1.52540e-02
 46  0.00062  1.60118e-02 | 47  0.00041  1.67390e-02 | 48  0.00016  1.74233e-02
 49 -0.00013  1.80460e-02 | 50 -0.00042  1.85815e-02 | 51 -0.00071  1.90068e-02
 52 -0.00095  1.92944e-02 | 53 -0.00111  1.94102e-02 | 54 -0.00118  1.93181e-02
 55 -0.00111  1.89837e-02 | 56 -0.00087  1.83616e-02 | 57 -0.00044  1.74081e-02
 58  0.00021  1.60709e-02 | 59  0.00111  1.42965e-02 | 60  0.00229  1.20279e-02
 61  0.00374  9.20539e-03 | 62  0.00549  5.79804e-03 | 63  0.00750  1.81806e-03
 64  0.00975 -2.66164e-03 | 65  0.01218 -7.48537e-03 | 66  0.01468 -1.24408e-02
 67  0.01710 -1.73813e-02 | 68  0.01927 -2.22798e-02 | 69  0.02098 -2.72256e-02
 70  0.02209 -3.22341e-02 | 71  0.02248 -3.70761e-02 | 72  0.02217 -4.14352e-02
 73  0.02125 -4.49037e-02 | 74  0.01983 -4.73388e-02 | 75  0.01794 -4.86710e-02
 76  0.01557 -4.89094e-02 | 77  0.01263 -4.80113e-02 | 78  0.00907 -4.58506e-02
 79  0.00504 -4.21391e-02 | 80  0.00086 -3.63492e-02 | 81 -0.00299 -2.81726e-02
 82 -0.00615 -1.75739e-02 | 83 -0.00845 -5.03834e-03 | 84 -0.01008  8.52771e-03
 85 -0.01135  2.20423e-02 | 86 -0.01243  3.44608e-02 | 87 -0.01289  4.61727e-02
 88 -0.01235  5.65338e-02 | 89 -0.01118  6.04313e-02 | 90 -0.00829  6.24966e-02
 91 -0.00369  4.91839e-02 | 92  0.00261  1.43781e-02 | 93  0.00664 -1.95417e-02
 94  0.00973 -6.22997e-02 | 95  0.01222 -1.06250e-01 | 96  0.00693 -1.40162e-01
 97  0.00772 -1.51462e-01 | 98  0.02463 -1.72880e-01 | 99  0.01668 -1.29175e-01
100 -0.00207 -8.82034e-02 |101  0.01637 -9.43137e-02 |102  0.08156  1.60807e-01
103  0.03313 -7.12300e-02 |104 -0.00508  3.16141e-02 |105  0.00696  1.26179e-01
106  0.01972  1.82007e-01 |107  0.03497  1.73212e-01 |108  0.00324  1.61578e-01
109 -0.06267  2.37230e-01 |110 -0.07931  3.73708e-01 |111 -0.07848  8.76825e-02
112 -0.04503 -3.82172e-01 |113  0.06914 -7.74679e-01 |114  0.01762 -2.10893e-01
115  0.01007 -4.51687e-02 |116 -0.04225 -1.38016e-01 |117 -0.08340 -2.43785e-02
118 -0.03577 -6.07459e-02 |119 -0.02730  2.87477e-01 |120 -0.05210  3.51317e-01
121  0.00021  2.91065e-01 |122  0.03754 -5.01945e-02 |123 -0.00542 -8.68050e-02
124  0.04688  2.83276e-02 |125 -0.01528 -6.62324e-03 |126  0.10416 -1.52543e-01
127 -0.01088  9.47591e-02 |128 -0.05131  1.47739e-01 |129 -0.06235  5.25130e-02
130 -0.02800  6.28873e-02 |131  0.08493 -3.67880e-02 |132  0.02316 -4.75567e-02
133  0.01270  3.18408e-02 |134 -0.03446  1.58449e-01 |135 -0.01884  4.84130e-02
136 -0.00434 -3.02748e-02 |137 -0.00000 -8.29384e-07 |138 -0.65019 -3.37052e-01
139 -0.97731  3.35999e-02 |140  0.03170 -3.19098e-04 |141 -0.58050 -4.05677e-03
142  0.03438  3.86391e-04 |143 -0.40376 -2.39335e-03 |144  0.81922  1.17306e-02
145 -0.10733  6.70903e-01 |146  0.20326 -2.27467e-01 |147 -0.23782  1.15367e+00
148  0.16636  4.56363e-04 |149 -0.58170  2.04563e-04 |150 -0.00760 -1.13371e-01
151 -0.42445  4.42853e-01 |152  0.82196 -1.37149e+02 |153  0.12748  5.98851e-02
154 -0.03666  1.06075e-01 |155 -0.12018 -2.31727e+00 |156  0.09810  7.12370e-02
157  0.05016  4.96408e-02 |158  0.14668 -9.74317e-03 |159 -0.03699 -5.21037e-03
160 -0.58883  1.55316e-02 |161 -0.50994  4.72227e-04 |162 -0.21374 -4.92998e-02
163 -0.21244  9.90886e-01 |164  0.80064  9.26501e-01 |165  0.19241  4.39762e-01
166  0.07980 -9.43465e-02 |167 -0.25929  2.24859e+00 |168 -0.39249  2.77730e-01
169 -0.20214  5.85004e-01 |170 -0.03441  6.64110e-02 |171 -0.28409  6.01375e-01
172  0.81681  1.06832e+01 |173  0.08842  4.21695e-04 |174 -0.52199 -3.36627e-03
175  0.07689  1.19092e-03 |176 -0.40554 -2.01999e-03 |177 -0.14465 -2.42352e-03
178  0.06434  1.25530e-02 |179 -0.17510  7.45455e-02 |180 -0.15682  5.73164e-02
181 -0.99999  3.17485e-05 |182 -0.13819 -1.22187e+01 |183  0.22310 -4.36143e-01
184  0.00920 -4.37392e-02 |185 -0.36350 -6.40095e-02 |186 -0.44389  6.81973e-04
187 -0.04215 -4.08107e-02 |188 -0.29895  2.51635e-01 |189  0.80943 -5.27985e+01

Intermediate statistics: 189 variables; iteration 20; function evaluation 23; phase 4
Function value 7.0211299e+03; maximum gradient component mag -4.3349e+01
Var    Value     Gradient |Var    Value     Gradient |Var    Value     Gradient
  1 -0.38833  5.59640e+00 |  2  0.35761 -5.13841e+00 |  3 -0.14702  4.44296e-01
  4  0.02701 -4.30281e+00 |  5 -0.67590 -7.64340e-02 |  6 -0.62172  1.82117e+00
  7 -0.41449  2.14487e-01 |  8  0.35475 -5.89354e+00 |  9 -0.20721 -3.49481e+00
 10  0.09026 -3.95989e+00 | 11 -0.59985  1.12125e+00 | 12 -0.64050  1.39502e+01
 13  0.82712 -2.12993e-01 | 14 -0.00247 -3.65638e-02 | 15 -0.00248 -3.77271e-02
 16 -0.00248 -3.89290e-02 | 17 -0.00247 -4.01713e-02 | 18 -0.00245 -4.14560e-02
 19 -0.00242 -4.27850e-02 | 20 -0.00238 -4.41604e-02 | 21 -0.00233 -4.55843e-02
 22 -0.00227 -4.70591e-02 | 23 -0.00220 -4.85869e-02 | 24 -0.00211 -5.01701e-02
 25 -0.00202 -5.18113e-02 | 26 -0.00191 -5.35128e-02 | 27 -0.00179 -5.52773e-02
 28 -0.00166 -5.71075e-02 | 29 -0.00151 -5.90059e-02 | 30 -0.00135 -6.09754e-02
 31 -0.00118 -6.30185e-02 | 32 -0.00100 -6.51377e-02 | 33 -0.00081 -6.73350e-02
 34 -0.00060 -6.96117e-02 | 35 -0.00039 -7.19681e-02 | 36 -0.00017 -7.44034e-02
 37  0.00004 -7.69150e-02 | 38  0.00024 -7.94987e-02 | 39  0.00043 -8.21479e-02
 40  0.00059 -8.48545e-02 | 41  0.00072 -8.76079e-02 | 42  0.00079 -9.03961e-02
 43  0.00082 -9.32058e-02 | 44  0.00078 -9.60232e-02 | 45  0.00067 -9.88346e-02
 46  0.00050 -1.01626e-01 | 47  0.00027 -1.04386e-01 | 48 -0.00000 -1.07103e-01
 49 -0.00031 -1.09767e-01 | 50 -0.00063 -1.12368e-01 | 51 -0.00093 -1.14897e-01
 52 -0.00119 -1.17344e-01 | 53 -0.00137 -1.19699e-01 | 54 -0.00146 -1.21949e-01
 55 -0.00140 -1.24081e-01 | 56 -0.00118 -1.26079e-01 | 57 -0.00077 -1.27923e-01
 58 -0.00013 -1.29588e-01 | 59  0.00077 -1.31041e-01 | 60  0.00193 -1.32243e-01
 61  0.00338 -1.33139e-01 | 62  0.00511 -1.33662e-01 | 63  0.00712 -1.33723e-01
 64  0.00937 -1.33205e-01 | 65  0.01180 -1.31948e-01 | 66  0.01429 -1.29738e-01
 67  0.01672 -1.26296e-01 | 68  0.01888 -1.21302e-01 | 69  0.02060 -1.14440e-01
 70  0.02171 -1.05458e-01 | 71  0.02212 -9.42108e-02 | 72  0.02182 -8.06725e-02
 73  0.02092 -6.49103e-02 | 74  0.01950 -4.70312e-02 | 75  0.01763 -2.71416e-02
 76  0.01528 -5.35943e-03 | 77  0.01234  1.81316e-02 | 78  0.00880  4.30509e-02
 79  0.00478  6.90829e-02 | 80  0.00061  9.57955e-02 | 81 -0.00324  1.23388e-01
 82 -0.00641  1.52240e-01 | 83 -0.00873  1.82741e-01 | 84 -0.01037  2.14822e-01
 85 -0.01166  2.47616e-01 | 86 -0.01275  2.79684e-01 | 87 -0.01322  3.10237e-01
 88 -0.01269  3.39083e-01 | 89 -0.01151  3.63819e-01 | 90 -0.00864  3.85469e-01
 91 -0.00401  4.07069e-01 | 92  0.00239  4.32026e-01 | 93  0.00649  4.40369e-01
 94  0.00965  4.27434e-01 | 95  0.01219  3.94647e-01 | 96  0.00696  3.19498e-01
 97  0.00769  2.30310e-01 | 98  0.02456  1.55367e-01 | 99  0.01653  1.44463e-02
100 -0.00219 -1.26287e-01 |101  0.01643 -2.62901e-01 |102  0.08048 -5.52899e-01
103  0.03363 -4.13765e-01 |104 -0.00497 -2.82235e-01 |105  0.00691 -2.82938e-01
106  0.01966 -1.85944e-01 |107  0.03513 -6.67096e-02 |108  0.00369  1.24405e-01
109 -0.06250  1.58018e-01 |110 -0.07949  1.15762e-01 |111 -0.07810  1.00882e-01
112 -0.04412 -3.95897e-02 |113  0.06970 -3.75720e-01 |114  0.01791 -6.32325e-02
115  0.01059  2.31039e-01 |116 -0.04137  2.75093e-01 |117 -0.08282  1.33144e-01
118 -0.03477  1.97868e-01 |119 -0.02688  2.14832e-01 |120 -0.05201  1.37335e-01
121  0.00060  1.61146e-01 |122  0.03850  1.81182e-01 |123 -0.00462  1.29577e-01
124  0.04724  4.95605e-02 |125 -0.01494  4.54589e-02 |126  0.10462  6.73333e-02
127 -0.01081  8.24177e-02 |128 -0.05156  2.59673e-02 |129 -0.06240  1.83859e-02
130 -0.02817  2.55639e-02 |131  0.08487  4.48339e-02 |132  0.02314  4.96205e-03
133  0.01250 -7.72703e-03 |134 -0.03508 -4.10842e-02 |135 -0.01907 -1.45488e-02
136 -0.00419  4.86829e-03 |137 -0.00000  1.50802e-07 |138 -0.65226 -1.07570e+00
139 -0.97739  4.94514e-02 |140  0.03170 -3.31030e-04 |141 -0.58047 -4.05637e-03
142  0.03438  3.93545e-04 |143 -0.40374 -2.39438e-03 |144  0.81913  1.19912e-02
145 -0.10719  1.38255e-01 |146  0.20329  3.41828e-03 |147 -0.23774  3.22165e-01
148  0.16788 -1.92160e-01 |149 -0.58170 -1.23680e-04 |150 -0.00646 -7.57816e-02
151 -0.43034 -1.99397e+00 |152  0.82226 -3.88675e+01 |153  0.12891 -2.36952e-01
154 -0.03528 -1.33766e-01 |155 -0.10361 -8.76309e-01 |156  0.10036 -4.39040e-03
157  0.05089 -6.76736e-02 |158  0.14805 -3.07031e-02 |159 -0.03625  5.81604e-02
160 -0.58808  2.69402e-01 |161 -0.50995  9.54244e-04 |162 -0.21330 -1.06828e-01
163 -0.21200  2.67121e+00 |164  0.80066  3.66163e+00 |165  0.19328  8.18497e-01
166  0.08005 -7.50995e-03 |167 -0.25924  3.37460e+00 |168 -0.39261  3.73642e-01
169 -0.20178  1.26064e+00 |170 -0.03513  6.98852e-02 |171 -0.28494  9.20665e-01
172  0.81680 -4.11654e+01 |173  0.08842  5.55856e-04 |174 -0.52197 -3.36595e-03
175  0.07688  1.12165e-03 |176 -0.40552 -1.96502e-03 |177 -0.14463 -2.07538e-03
178  0.06401 -3.96938e+00 |179 -0.17404 -5.07354e+00 |180 -0.15718  5.85628e-01
181 -0.99999  3.02743e-05 |182 -0.13643 -3.99304e+00 |183  0.22616 -5.72267e-01
184  0.01079  1.93689e-01 |185 -0.36264 -3.74342e-01 |186 -0.44388 -2.05826e-03
187 -0.04096  1.27583e-01 |188 -0.29920 -1.98765e-01 |189  0.80954 -4.33491e+01
189 variables; iteration 40; function evaluation 46; phase 4
Function value 7.0211156e+03; maximum gradient component mag -3.0856e+01
Var    Value     Gradient |Var    Value     Gradient |Var    Value     Gradient
  1 -0.38817  4.15996e+00 |  2  0.35748 -3.30813e+00 |  3 -0.14743 -6.50332e-02
  4  0.02756 -2.76369e+00 |  5 -0.67608 -1.14773e-01 |  6 -0.62172  1.47503e+00
  7 -0.41430  4.61632e-01 |  8  0.35466 -4.06006e+00 |  9 -0.20757 -2.89838e+00
 10  0.09079 -2.74440e+00 | 11 -0.59992  7.78445e-01 | 12 -0.64067  9.35397e+00
 13  0.82384 -1.45170e-01 | 14 -0.00245 -3.30658e-02 | 15 -0.00246 -3.41584e-02
 16 -0.00246 -3.52886e-02 | 17 -0.00245 -3.64577e-02 | 18 -0.00243 -3.76669e-02
 19 -0.00241 -3.89174e-02 | 20 -0.00237 -4.02106e-02 | 21 -0.00232 -4.15474e-02
 22 -0.00226 -4.29290e-02 | 23 -0.00219 -4.43563e-02 | 24 -0.00210 -4.58302e-02
 25 -0.00201 -4.73512e-02 | 26 -0.00190 -4.89199e-02 | 27 -0.00178 -5.05364e-02
 28 -0.00165 -5.22006e-02 | 29 -0.00150 -5.39121e-02 | 30 -0.00135 -5.56697e-02
 31 -0.00118 -5.74717e-02 | 32 -0.00100 -5.93156e-02 | 33 -0.00080 -6.11977e-02
 34 -0.00060 -6.31131e-02 | 35 -0.00039 -6.50549e-02 | 36 -0.00018 -6.70147e-02
 37  0.00004 -6.89818e-02 | 38  0.00024 -7.09430e-02 | 39  0.00042 -7.28828e-02
 40  0.00058 -7.47828e-02 | 41  0.00071 -7.66226e-02 | 42  0.00078 -7.83797e-02
 43  0.00080 -8.00298e-02 | 44  0.00076 -8.15478e-02 | 45  0.00065 -8.29082e-02
 46  0.00048 -8.40865e-02 | 47  0.00025 -8.50597e-02 | 48 -0.00002 -8.58068e-02
 49 -0.00033 -8.63103e-02 | 50 -0.00064 -8.65569e-02 | 51 -0.00094 -8.65379e-02
 52 -0.00120 -8.62502e-02 | 53 -0.00138 -8.56967e-02 | 54 -0.00146 -8.48866e-02
 55 -0.00140 -8.38345e-02 | 56 -0.00118 -8.25590e-02 | 57 -0.00076 -8.10814e-02
 58 -0.00012 -7.94226e-02 | 59  0.00078 -7.76015e-02 | 60  0.00195 -7.56334e-02
 61  0.00340 -7.35303e-02 | 62  0.00513 -7.12978e-02 | 63  0.00715 -6.89275e-02
 64  0.00940 -6.63826e-02 | 65  0.01182 -6.35733e-02 | 66  0.01431 -6.03474e-02
 67  0.01673 -5.65344e-02 | 68  0.01889 -5.20032e-02 | 69  0.02061 -4.67015e-02
 70  0.02171 -4.06010e-02 | 71  0.02210 -3.36296e-02 | 72  0.02180 -2.57336e-02
 73  0.02088 -1.68581e-02 | 74  0.01946 -7.07132e-03 | 75  0.01757  3.52589e-03
 76  0.01520  1.47847e-02 | 77  0.01226  2.65401e-02 | 78  0.00870  3.86342e-02
 79  0.00467  5.10059e-02 | 80  0.00049  6.36204e-02 | 81 -0.00338  7.69388e-02
 82 -0.00655  9.15314e-02 | 83 -0.00888  1.07960e-01 | 84 -0.01053  1.26428e-01
 85 -0.01182  1.46621e-01 | 86 -0.01290  1.67926e-01 | 87 -0.01337  1.89897e-01
 88 -0.01283  2.12270e-01 | 89 -0.01163  2.33355e-01 | 90 -0.00873  2.52130e-01
 91 -0.00407  2.69835e-01 | 92  0.00232  2.83209e-01 | 93  0.00641  2.81715e-01
 94  0.00953  2.63698e-01 | 95  0.01200  2.30075e-01 | 96  0.00681  1.73202e-01
 97  0.00768  1.18533e-01 | 98  0.02437  6.89592e-02 | 99  0.01659  6.52668e-03
100 -0.00184 -3.20528e-02 |101  0.01627 -1.27721e-01 |102  0.08093 -1.08826e-01
103  0.03376 -1.17873e-01 |104 -0.00490 -2.78103e-02 |105  0.00699 -1.39200e-02
106  0.01981  1.60537e-01 |107  0.03551  4.21748e-01 |108  0.00399  3.84646e-01
109 -0.06271  4.48904e-02 |110 -0.07946  2.90296e-02 |111 -0.07810 -5.74738e-02
112 -0.04414 -2.38868e-01 |113  0.06999 -5.65115e-01 |114  0.01801 -2.93551e-01
115  0.01068 -5.08724e-02 |116 -0.04097  2.61974e-01 |117 -0.08258  1.34537e-01
118 -0.03458  1.43403e-01 |119 -0.02678  1.32829e-01 |120 -0.05187  1.02091e-01
121  0.00081  2.19918e-01 |122  0.03895  3.75420e-01 |123 -0.00451  1.34654e-01
124  0.04727 -3.65707e-02 |125 -0.01502 -6.09981e-02 |126  0.10449 -1.13924e-01
127 -0.01076  7.06501e-02 |128 -0.05149  3.07449e-02 |129 -0.06247 -2.98975e-02
130 -0.02813  3.05580e-03 |131  0.08516  1.50946e-01 |132  0.02307 -1.02045e-02
133  0.01234 -4.46357e-02 |134 -0.03519 -4.00550e-02 |135 -0.01913 -5.86570e-03
136 -0.00413  1.13644e-02 |137 -0.00000  8.17543e-08 |138 -0.64925 -5.63673e-01
139 -0.97790  2.16550e-02 |140  0.03183 -5.25201e-04 |141 -0.57906 -4.03779e-03
142  0.03423  4.57204e-04 |143 -0.40290 -2.42778e-03 |144  0.81496  1.18660e-02
145 -0.10660  7.23752e-01 |146  0.20333 -2.28891e-01 |147 -0.23737  1.22872e+00
148  0.16719 -6.56312e-01 |149 -0.58164 -1.76961e-04 |150 -0.00694 -6.69531e-01
151 -0.42863 -9.48638e-01 |152  0.82232 -2.72309e+01 |153  0.13117  9.13164e-02
154 -0.03285 -4.99962e-02 |155 -0.09634 -5.78929e-01 |156  0.10092  3.49193e-01
157  0.05096 -7.57588e-01 |158  0.14842 -2.67427e-01 |159 -0.03596  2.91043e-01
160 -0.57973  2.43745e-01 |161 -0.50997  6.56108e-04 |162 -0.20304  1.38915e-01
163 -0.21283  1.45954e+00 |164  0.80088  2.05715e+00 |165  0.19347  1.54299e-01
166  0.08070  1.00182e+00 |167 -0.25930  2.27834e+00 |168 -0.40068 -3.13666e-01
169 -0.19927  2.98116e-01 |170 -0.04053  2.84743e-01 |171 -0.28575  2.41814e-01
172  0.81684 -2.84698e+01 |173  0.08825  5.41675e-04 |174 -0.52079 -3.35351e-03
175  0.07647  1.12731e-03 |176 -0.40483 -1.96147e-03 |177 -0.14384 -2.11856e-03
178  0.06393 -2.69496e+00 |179 -0.17431 -3.98423e+00 |180 -0.15766  1.40003e-01
181 -0.99999  3.40294e-05 |182 -0.13632 -2.66808e+00 |183  0.23230 -3.55721e-01
184  0.01488  4.78186e-01 |185 -0.36105 -2.12852e-01 |186 -0.44364 -2.44367e-03
187 -0.04045 -1.18040e-01 |188 -0.30027 -7.38571e-01 |189  0.80954 -3.08558e+01
189 variables; iteration 60; function evaluation 68; phase 4
Function value 7.0211028e+03; maximum gradient component mag 3.3130e+00
Var    Value     Gradient |Var    Value     Gradient |Var    Value     Gradient
  1 -0.38806 -2.27054e-02 |  2  0.35733  3.87657e-01 |  3 -0.14797 -5.72724e-01
  4  0.02829 -2.50079e-02 |  5 -0.67620 -2.45586e-01 |  6 -0.62177 -6.26870e-02
  7 -0.41407  5.80351e-02 |  8  0.35453  3.50032e-01 |  9 -0.20805 -6.47158e-01
 10  0.09156  1.30402e-01 | 11 -0.59999 -1.94896e-01 | 12 -0.64105 -1.17644e+00
 13  0.82815  9.61147e-02 | 14 -0.00242 -2.50122e-03 | 15 -0.00243 -2.57743e-03
 16 -0.00243 -2.65592e-03 | 17 -0.00242 -2.73656e-03 | 18 -0.00240 -2.81912e-03
 19 -0.00237 -2.90338e-03 | 20 -0.00233 -2.98899e-03 | 21 -0.00228 -3.07554e-03
 22 -0.00222 -3.16257e-03 | 23 -0.00215 -3.24949e-03 | 24 -0.00207 -3.33563e-03
 25 -0.00197 -3.42022e-03 | 26 -0.00186 -3.50238e-03 | 27 -0.00174 -3.58111e-03
 28 -0.00161 -3.65525e-03 | 29 -0.00146 -3.72353e-03 | 30 -0.00131 -3.78450e-03
 31 -0.00114 -3.83653e-03 | 32 -0.00096 -3.87783e-03 | 33 -0.00076 -3.90642e-03
 34 -0.00056 -3.92019e-03 | 35 -0.00035 -3.91695e-03 | 36 -0.00014 -3.89440e-03
 37  0.00007 -3.85035e-03 | 38  0.00027 -3.78260e-03 | 39  0.00046 -3.68942e-03
 40  0.00062 -3.56884e-03 | 41  0.00074 -3.41964e-03 | 42  0.00081 -3.24061e-03
 43  0.00083 -3.03084e-03 | 44  0.00079 -2.78939e-03 | 45  0.00068 -2.51516e-03
 46  0.00050 -2.20717e-03 | 47  0.00027 -1.86413e-03 | 48 -0.00001 -1.48457e-03
 49 -0.00032 -1.06803e-03 | 50 -0.00064 -6.16076e-04 | 51 -0.00094 -1.32874e-04
 52 -0.00120  3.72890e-04 | 53 -0.00139  8.87068e-04 | 54 -0.00147  1.39029e-03
 55 -0.00143  1.85922e-03 | 56 -0.00121  2.26820e-03 | 57 -0.00080  2.59267e-03
 58 -0.00016  2.81120e-03 | 59  0.00072  2.90709e-03 | 60  0.00188  2.86758e-03
 61  0.00332  2.68200e-03 | 62  0.00505  2.34530e-03 | 63  0.00705  1.86404e-03
 64  0.00928  1.26300e-03 | 65  0.01169  5.85533e-04 | 66  0.01417 -1.19948e-04
 67  0.01658 -8.17570e-04 | 68  0.01872 -1.48508e-03 | 69  0.02042 -2.12938e-03
 70  0.02151 -2.77340e-03 | 71  0.02189 -3.39418e-03 | 72  0.02158 -3.92495e-03
 73  0.02065 -4.27336e-03 | 74  0.01922 -4.41616e-03 | 75  0.01734 -4.34869e-03
 76  0.01496 -4.06772e-03 | 77  0.01201 -3.54998e-03 | 78  0.00846 -2.75775e-03
 79  0.00444 -1.61391e-03 | 80  0.00026  3.15706e-05 | 81 -0.00360  2.33199e-03
 82 -0.00675  5.32954e-03 | 83 -0.00907  8.93923e-03 | 84 -0.01071  1.29374e-02
 85 -0.01199  1.69846e-02 | 86 -0.01307  2.06396e-02 | 87 -0.01353  2.28614e-02
 88 -0.01301  2.28659e-02 | 89 -0.01185  2.11648e-02 | 90 -0.00900  1.66156e-02
 91 -0.00439  1.26687e-02 | 92  0.00197  7.12933e-03 | 93  0.00606  2.07129e-03
 94  0.00922 -8.18099e-04 | 95  0.01177 -1.46048e-03 | 96  0.00662  1.10442e-03
 97  0.00752  2.08470e-02 | 98  0.02445  4.56638e-02 | 99  0.01664  6.22943e-02
100 -0.00190  6.78030e-02 |101  0.01647  4.61642e-03 |102  0.08094  3.84670e-02
103  0.03368 -7.71768e-02 |104 -0.00475 -9.93557e-03 |105  0.00724 -1.86214e-02
106  0.01995  3.37130e-02 |107  0.03534  4.96188e-02 |108  0.00396  3.83665e-02
109 -0.06226  1.07374e-01 |110 -0.07936  6.22918e-03 |111 -0.07812 -9.41505e-02
112 -0.04380  9.29233e-02 |113  0.07074  3.72695e-01 |114  0.01856  2.81902e-02
115  0.01086 -1.82950e-01 |116 -0.04169 -3.85728e-01 |117 -0.08287 -1.94572e-01
118 -0.03482 -2.96893e-01 |119 -0.02672 -1.72756e-01 |120 -0.05176 -8.00542e-02
121  0.00084 -3.27087e-02 |122  0.03877  3.82758e-02 |123 -0.00446  3.06109e-02
124  0.04752  1.34237e-01 |125 -0.01470  9.87523e-02 |126  0.10465 -2.99891e-03
127 -0.01063  7.95390e-02 |128 -0.05147 -7.86481e-03 |129 -0.06238 -2.02048e-02
130 -0.02813 -2.15127e-02 |131  0.08488 -2.11592e-02 |132  0.02316 -2.99819e-02
133  0.01252 -5.72612e-03 |134 -0.03513 -5.54003e-02 |135 -0.01917 -2.94266e-02
136 -0.00413  8.37418e-03 |137 -0.00000  7.47146e-09 |138 -0.65290  3.33400e-03
139 -0.97693  1.10333e-02 |140  0.03259 -7.45984e-04 |141 -0.57342 -3.96483e-03
142  0.03358  5.47309e-04 |143 -0.39951 -2.43386e-03 |144  0.79920  9.71743e-03
145 -0.10651  4.04718e-02 |146  0.20356 -3.70078e-02 |147 -0.23803 -1.46995e-02
148  0.16752 -9.46895e-02 |149 -0.58144 -1.35117e-04 |150 -0.00643  2.34910e-02
151 -0.42937  3.27020e-01 |152  0.82243  3.35491e-01 |153  0.13253 -1.69781e-01
154 -0.03117  1.40028e-01 |155 -0.08487 -2.40832e-01 |156  0.10179 -1.23400e-01
157  0.05153  4.50809e-02 |158  0.14884  3.20992e-02 |159 -0.03582 -1.87026e-02
160 -0.58452 -2.50602e-02 |161 -0.51008  1.22426e-04 |162 -0.20875  4.62348e-02
163 -0.21304 -5.06755e-02 |164  0.80091  6.43574e-02 |165  0.19458  2.78212e-02
166  0.08036  5.18723e-02 |167 -0.25987 -1.96873e-01 |168 -0.39530  4.62747e-03
169 -0.20064 -2.87999e-01 |170 -0.03693 -7.23138e-02 |171 -0.28681 -1.68658e-01
172  0.81687  2.97089e+00 |173  0.08759  4.84709e-04 |174 -0.51610 -3.30440e-03
175  0.07485  1.12383e-03 |176 -0.40205 -1.96191e-03 |177 -0.14067 -2.23466e-03
178  0.06400  4.77120e-01 |179 -0.17413  8.34366e-01 |180 -0.15764 -1.82979e-01
181 -0.99999 -3.09332e-04 |182 -0.13588  3.24327e-01 |183  0.23403 -5.87519e-02
184  0.01552  1.17197e-01 |185 -0.36044 -3.28141e-02 |186 -0.44275 -5.33030e-04
187 -0.03944  7.63246e-02 |188 -0.30013  1.12872e-01 |189  0.80959  3.31305e+00
189 variables; iteration 80; function evaluation 93; phase 4
Function value 7.0211008e+03; maximum gradient component mag 1.0651e+00
Var    Value     Gradient |Var    Value     Gradient |Var    Value     Gradient
  1 -0.38798 -3.51354e-02 |  2  0.35729  3.54128e-02 |  3 -0.14809 -6.19382e-02
  4  0.02843  4.81489e-02 |  5 -0.67600  2.53505e-02 |  6 -0.62180 -2.00728e-02
  7 -0.41402  1.06186e-02 |  8  0.35451  8.17295e-02 |  9 -0.20812 -1.81064e-03
 10  0.09162  2.13363e-02 | 11 -0.59989  4.03298e-02 | 12 -0.64105 -1.79338e-01
 13  0.82635  4.05774e-02 | 14 -0.00240  1.68273e-03 | 15 -0.00241  1.57661e-03
 16 -0.00241  1.47611e-03 | 17 -0.00240  1.38168e-03 | 18 -0.00238  1.29360e-03
 19 -0.00235  1.21199e-03 | 20 -0.00231  1.13680e-03 | 21 -0.00226  1.06774e-03
 22 -0.00220  1.00451e-03 | 23 -0.00213  9.46471e-04 | 24 -0.00204  8.92912e-04
 25 -0.00195  8.42744e-04 | 26 -0.00184  7.95455e-04 | 27 -0.00172  7.50017e-04
 28 -0.00159  7.05149e-04 | 29 -0.00144  6.60747e-04 | 30 -0.00129  6.15561e-04
 31 -0.00112  5.68974e-04 | 32 -0.00094  5.20119e-04 | 33 -0.00075  4.67860e-04
 34 -0.00054  4.11496e-04 | 35 -0.00034  3.50629e-04 | 36 -0.00012  2.85467e-04
 37  0.00009  2.19470e-04 | 38  0.00029  1.57059e-04 | 39  0.00047  1.12736e-04
 40  0.00063  9.86752e-05 | 41  0.00075  1.41432e-04 | 42  0.00082  2.68635e-04
 43  0.00084  5.10923e-04 | 44  0.00079  8.93177e-04 | 45  0.00068  1.42653e-03
 46  0.00051  2.10861e-03 | 47  0.00027  2.91245e-03 | 48 -0.00000  3.78698e-03
 49 -0.00031  4.67570e-03 | 50 -0.00063  5.53105e-03 | 51 -0.00094  6.31436e-03
 52 -0.00120  7.01403e-03 | 53 -0.00139  7.64497e-03 | 54 -0.00148  8.23474e-03
 55 -0.00143  8.80961e-03 | 56 -0.00122  9.39233e-03 | 57 -0.00081  9.98292e-03
 58 -0.00017  1.05662e-02 | 59  0.00071  1.11181e-02 | 60  0.00187  1.16552e-02
 61  0.00331  1.23156e-02 | 62  0.00504  1.33188e-02 | 63  0.00704  1.47254e-02
 64  0.00929  1.60746e-02 | 65  0.01170  1.66402e-02 | 66  0.01418  1.65054e-02
 67  0.01658  1.59540e-02 | 68  0.01872  1.39636e-02 | 69  0.02041  1.11528e-02
 70  0.02150  1.09249e-02 | 71  0.02190  1.36635e-02 | 72  0.02160  1.64758e-02
 73  0.02068  1.55305e-02 | 74  0.01923  1.16397e-02 | 75  0.01734  7.97611e-03
 76  0.01496  6.58531e-03 | 77  0.01202  6.16030e-03 | 78  0.00847  4.95847e-03
 79  0.00443  2.67655e-03 | 80  0.00024 -1.04846e-03 | 81 -0.00363 -4.90869e-03
 82 -0.00680 -7.49483e-03 | 83 -0.00913 -9.68472e-03 | 84 -0.01079 -1.22263e-02
 85 -0.01209 -1.49848e-02 | 86 -0.01318 -1.73849e-02 | 87 -0.01365 -1.87302e-02
 88 -0.01312 -1.84346e-02 | 89 -0.01193 -1.60371e-02 | 90 -0.00903 -1.01689e-02
 91 -0.00437 -6.55425e-03 | 92  0.00207  4.19400e-03 | 93  0.00614 -4.63801e-03
 94  0.00924 -2.30356e-02 | 95  0.01178 -2.52621e-02 | 96  0.00675  2.47024e-03
 97  0.00749 -2.43730e-02 | 98  0.02432 -2.67029e-02 | 99  0.01665  2.24695e-02
100 -0.00189  3.58977e-02 |101  0.01661  1.61623e-02 |102  0.08078  1.63864e-02
103  0.03404  1.00232e-02 |104 -0.00491 -4.15602e-02 |105  0.00733 -4.04687e-03
106  0.01994 -4.98266e-04 |107  0.03537  1.67358e-02 |108  0.00413  1.73432e-02
109 -0.06254 -8.34794e-02 |110 -0.07940 -6.71531e-02 |111 -0.07774  3.08551e-02
112 -0.04381 -1.27604e-02 |113  0.07050 -2.17510e-02 |114  0.01866  4.75908e-03
115  0.01099  1.66402e-03 |116 -0.04100  6.93314e-02 |117 -0.08256  3.17856e-02
118 -0.03443  3.69060e-02 |119 -0.02656  3.08673e-02 |120 -0.05165  2.22920e-02
121  0.00097  2.51150e-02 |122  0.03873 -3.97994e-02 |123 -0.00449 -4.62816e-02
124  0.04747 -1.55573e-02 |125 -0.01483 -4.43849e-03 |126  0.10471  4.77673e-03
127 -0.01076  1.06879e-02 |128 -0.05140  2.45024e-02 |129 -0.06234  1.66054e-03
130 -0.02808 -5.33025e-03 |131  0.08485 -6.22961e-02 |132  0.02328  6.02310e-03
133  0.01263  2.32915e-02 |134 -0.03498 -2.54539e-03 |135 -0.01910 -1.13502e-02
136 -0.00416 -9.56388e-04 |137 -0.00000  1.25966e-06 |138 -0.65153  2.05768e-02
139 -0.97748  3.23540e-03 |140  0.03481 -6.49361e-04 |141 -0.56127 -3.81306e-03
142  0.03190  5.37331e-04 |143 -0.39205 -2.34392e-03 |144  0.76990  8.31025e-03
145 -0.10662  9.35709e-03 |146  0.20347 -2.10943e-02 |147 -0.23795 -4.17384e-02
148  0.16770  1.63725e-02 |149 -0.58104 -1.01458e-04 |150 -0.00633 -5.21411e-03
151 -0.42991 -1.41918e-03 |152  0.82244  8.18886e-01 |153  0.13335 -3.04936e-02
154 -0.03031  2.63705e-02 |155 -0.07789 -3.55903e-02 |156  0.10238  5.80233e-03
157  0.05183  2.13913e-02 |158  0.14883 -1.55940e-02 |159 -0.03589 -3.23707e-02
160 -0.58468  1.37376e-02 |161 -0.51028  7.53900e-05 |162 -0.20920 -6.06456e-03
163 -0.21278  1.29121e-02 |164  0.80093  6.77428e-02 |165  0.19405  1.15813e-02
166  0.08014  1.09005e-03 |167 -0.25971 -3.54410e-02 |168 -0.39714  2.68518e-02
169 -0.19939  4.67123e-02 |170 -0.03813 -3.26419e-02 |171 -0.28736  1.49669e-02
172  0.81689  2.84375e-01 |173  0.08610  4.85046e-04 |174 -0.50596 -3.20068e-03
175  0.07139  1.07381e-03 |176 -0.39603 -1.90750e-03 |177 -0.13372 -2.23070e-03
178  0.06417  4.37103e-02 |179 -0.17413  5.12381e-02 |180 -0.15714  9.95487e-03
181 -0.99997  8.73351e-03 |182 -0.13580  4.01195e-02 |183  0.23406  6.47845e-03
184  0.01536 -2.14072e-02 |185 -0.36004  1.89439e-02 |186 -0.44096 -4.07616e-04
187 -0.03934  1.31414e-03 |188 -0.30036  8.81636e-03 |189  0.80958  1.06508e+00
189 variables; iteration 100; function evaluation 123; phase 4
Function value 7.0211000e+03; maximum gradient component mag -1.1179e+00
Var    Value     Gradient |Var    Value     Gradient |Var    Value     Gradient
  1 -0.38793  2.43798e-02 |  2  0.35729 -7.37950e-02 |  3 -0.14814  1.70793e-01
  4  0.02848 -5.65350e-02 |  5 -0.67611 -3.80189e-02 |  6 -0.62179  2.91095e-02
  7 -0.41400 -2.64360e-02 |  8  0.35448 -1.24402e-01 |  9 -0.20819  1.11799e-01
 10  0.09174 -1.88861e-02 | 11 -0.60003 -1.83774e-02 | 12 -0.64104  3.29792e-01
 13  0.82571 -4.79892e-02 | 14 -0.00241 -2.00640e-03 | 15 -0.00242 -2.00914e-03
 16 -0.00242 -2.00842e-03 | 17 -0.00241 -2.00458e-03 | 18 -0.00239 -1.99743e-03
 19 -0.00236 -1.98678e-03 | 20 -0.00232 -1.97205e-03 | 21 -0.00227 -1.95251e-03
 22 -0.00221 -1.92721e-03 | 23 -0.00214 -1.89506e-03 | 24 -0.00205 -1.85478e-03
 25 -0.00196 -1.80508e-03 | 26 -0.00185 -1.74518e-03 | 27 -0.00173 -1.67432e-03
 28 -0.00160 -1.59213e-03 | 29 -0.00145 -1.49969e-03 | 30 -0.00129 -1.39875e-03
 31 -0.00112 -1.29307e-03 | 32 -0.00094 -1.18861e-03 | 33 -0.00075 -1.09437e-03
 34 -0.00055 -1.02246e-03 | 35 -0.00034 -9.88199e-04 | 36 -0.00013 -1.00869e-03
 37  0.00008 -1.09950e-03 | 38  0.00029 -1.27173e-03 | 39  0.00047 -1.52030e-03
 40  0.00062 -1.82931e-03 | 41  0.00074 -2.15478e-03 | 42  0.00081 -2.43968e-03
 43  0.00083 -2.62240e-03 | 44  0.00078 -2.66194e-03 | 45  0.00067 -2.56225e-03
 46  0.00050 -2.37684e-03 | 47  0.00026 -2.20953e-03 | 48 -0.00002 -2.17980e-03
 49 -0.00033 -2.36703e-03 | 50 -0.00065 -2.78204e-03 | 51 -0.00096 -3.37300e-03
 52 -0.00123 -4.05199e-03 | 53 -0.00142 -4.73909e-03 | 54 -0.00151 -5.38564e-03
 55 -0.00147 -5.96866e-03 | 56 -0.00126 -6.47591e-03 | 57 -0.00085 -6.88718e-03
 58 -0.00022 -7.19038e-03 | 59  0.00067 -7.42334e-03 | 60  0.00182 -7.64791e-03
 61  0.00326 -7.55392e-03 | 62  0.00500 -6.05634e-03 | 63  0.00701 -2.51218e-03
 64  0.00926  1.09874e-03 | 65  0.01169  3.67826e-03 | 66  0.01418  7.16778e-03
 67  0.01658  5.10826e-03 | 68  0.01856 -3.03530e-02 | 69  0.02011 -6.17136e-02
 70  0.02141 -1.65081e-02 | 71  0.02184 -6.17752e-03 | 72  0.02155 -1.81453e-03
 73  0.02083  4.29012e-02 | 74  0.01930  2.33480e-02 | 75  0.01725 -1.20975e-02
 76  0.01490 -4.97951e-03 | 77  0.01200  4.77823e-03 | 78  0.00846  9.67771e-03
 79  0.00443  1.08176e-02 | 80  0.00023  6.42469e-03 | 81 -0.00363  8.02585e-03
 82 -0.00679  9.60055e-03 | 83 -0.00912  9.36257e-03 | 84 -0.01078  8.04693e-03
 85 -0.01209  5.01385e-03 | 86 -0.01319  1.89294e-04 | 87 -0.01369 -5.94024e-03
 88 -0.01318 -1.12938e-02 | 89 -0.01200 -1.08129e-02 | 90 -0.00909 -4.35887e-03
 91 -0.00444 -2.45482e-03 | 92  0.00205  2.46089e-02 | 93  0.00622  3.81867e-02
 94  0.00918 -8.03570e-03 | 95  0.01174 -4.49251e-03 | 96  0.00705  9.84017e-02
 97  0.00756  9.98808e-03 | 98  0.02409 -6.28594e-02 | 99  0.01681  5.87739e-02
100 -0.00203 -9.02601e-03 |101  0.01660  3.95590e-04 |102  0.08079 -2.49387e-02
103  0.03401 -2.80830e-02 |104 -0.00485 -4.38984e-02 |105  0.00734 -1.13110e-02
106  0.01998  1.01454e-02 |107  0.03543  2.98930e-02 |108  0.00408  1.04297e-02
109 -0.06240 -5.05704e-03 |110 -0.07915  5.46361e-02 |111 -0.07789 -3.50030e-02
112 -0.04370  2.61885e-02 |113  0.07057  1.87256e-02 |114  0.01869 -8.95730e-03
115  0.01104 -4.19304e-02 |116 -0.04107 -3.00842e-02 |117 -0.08286 -1.52241e-01
118 -0.03442 -4.18395e-02 |119 -0.02652 -8.58161e-03 |120 -0.05162 -5.90461e-03
121  0.00092 -1.72009e-02 |122  0.03874 -7.00882e-03 |123 -0.00425  6.89349e-02
124  0.04746  2.34402e-02 |125 -0.01494 -5.17601e-02 |126  0.10465 -2.09764e-02
127 -0.01080  1.44184e-03 |128 -0.05177 -1.22670e-01 |129 -0.06259 -8.87819e-02
130 -0.02830 -7.61810e-02 |131  0.08486 -2.94692e-02 |132  0.02315 -3.15454e-02
133  0.01256  6.61582e-03 |134 -0.03495  1.00017e-02 |135 -0.01906 -1.41331e-04
136 -0.00417 -1.75158e-03 |137 -0.00000  6.34739e-07 |138 -0.65140 -8.57796e-02
139 -0.97814  4.81089e-04 |140  0.04271 -2.76519e-04 |141 -0.51236 -3.26609e-03
142  0.02502  4.64939e-04 |143 -0.36204 -1.97365e-03 |144  0.66456  5.40009e-03
145 -0.10711  1.80302e-02 |146  0.20333 -1.46257e-02 |147 -0.23761  4.05668e-02
148  0.16770 -2.26440e-02 |149 -0.57986  3.77793e-06 |150 -0.00633  1.56028e-03
151 -0.42990 -1.61638e-02 |152  0.82245 -1.11788e+00 |153  0.13410  7.21698e-02
154 -0.02948 -4.67775e-02 |155 -0.07130  1.00821e-01 |156  0.10255  2.23217e-02
157  0.05191 -5.71886e-03 |158  0.14909  7.44421e-03 |159 -0.03564  3.64855e-02
160 -0.58471  1.86310e-02 |161 -0.51091  1.68152e-05 |162 -0.20918 -9.76388e-03
163 -0.21266  4.92515e-02 |164  0.80094  5.44940e-02 |165  0.19397  1.85841e-02
166  0.08011  1.62571e-02 |167 -0.25967  4.73329e-02 |168 -0.39661 -5.28982e-04
169 -0.19974  1.89798e-03 |170 -0.03769  4.37108e-03 |171 -0.28721  6.07169e-03
172  0.81688 -7.36925e-01 |173  0.07980  4.43272e-04 |174 -0.46483 -2.81157e-03
175  0.05771  8.45905e-04 |176 -0.37146 -1.73928e-03 |177 -0.10511 -1.90794e-03
178  0.06413 -8.84404e-02 |179 -0.17412 -1.33665e-01 |180 -0.15728 -1.84911e-02
181 -0.99998  2.26974e-03 |182 -0.13577 -8.33703e-02 |183  0.23436 -1.02611e-02
184  0.01556  2.19234e-02 |185 -0.36022 -1.85113e-02 |186 -0.43488 -2.58358e-04
187 -0.03940  2.80629e-02 |188 -0.30029  3.76932e-03 |189  0.80959 -9.27569e-01
189 variables; iteration 120; function evaluation 156; phase 4
Function value 7.0210964e+03; maximum gradient component mag -6.4194e-01
Var    Value     Gradient |Var    Value     Gradient |Var    Value     Gradient
  1 -0.38797 -9.46105e-03 |  2  0.35729 -1.25387e-02 |  3 -0.14811  6.64376e-02
  4  0.02845 -4.68955e-03 |  5 -0.67604 -2.50685e-03 |  6 -0.62180  2.94022e-03
  7 -0.41403 -9.83255e-03 |  8  0.35450 -2.49026e-02 |  9 -0.20815  6.49091e-02
 10  0.09167 -6.91217e-03 | 11 -0.59997 -1.15083e-02 | 12 -0.64104  8.52414e-02
 13  0.82602 -2.91218e-02 | 14 -0.00240  4.10063e-03 | 15 -0.00240  4.41096e-03
 16 -0.00240  4.62120e-03 | 17 -0.00239  4.73368e-03 | 18 -0.00237  4.74870e-03
 19 -0.00234  4.66867e-03 | 20 -0.00231  4.49691e-03 | 21 -0.00226  4.23911e-03
 22 -0.00220  3.90378e-03 | 23 -0.00212  3.50385e-03 | 24 -0.00204  3.05627e-03
 25 -0.00195  2.58417e-03 | 26 -0.00184  2.11853e-03 | 27 -0.00172  1.69468e-03
 28 -0.00159  1.35180e-03 | 29 -0.00145  1.13264e-03 | 30 -0.00129  1.07595e-03
 31 -0.00112  1.21231e-03 | 32 -0.00094  1.55464e-03 | 33 -0.00075  2.08931e-03
 34 -0.00054  2.76603e-03 | 35 -0.00033  3.49680e-03 | 36 -0.00011  4.16612e-03
 37  0.00010  4.65326e-03 | 38  0.00030  4.87023e-03 | 39  0.00048  4.79460e-03
 40  0.00064  4.48033e-03 | 41  0.00076  4.05373e-03 | 42  0.00083  3.66971e-03
 43  0.00085  3.47044e-03 | 44  0.00080  3.53244e-03 | 45  0.00069  3.81041e-03
 46  0.00052  4.09504e-03 | 47  0.00028  4.00692e-03 | 48 -0.00000  3.17713e-03
 49 -0.00032  1.58490e-03 | 50 -0.00065 -2.39524e-04 | 51 -0.00096 -1.41492e-03
 52 -0.00122 -1.33524e-03 | 53 -0.00141 -1.46564e-04 | 54 -0.00149  1.37236e-03
 55 -0.00144  2.33720e-03 | 56 -0.00122  2.30018e-03 | 57 -0.00081  1.56764e-03
 58 -0.00018  1.01056e-03 | 59  0.00071  8.93877e-04 | 60  0.00186  5.16262e-05
 61  0.00330 -2.14757e-03 | 62  0.00501 -5.97922e-03 | 63  0.00703 -1.22697e-03
 64  0.00927 -1.96303e-03 | 65  0.01162 -1.66681e-02 | 66  0.01426  1.74116e-02
 67  0.01651 -1.64494e-02 | 68  0.01864 -2.17774e-02 | 69  0.02033 -2.48760e-02
 70  0.02143 -2.38636e-02 | 71  0.02189 -7.43810e-03 | 72  0.02143 -3.76764e-02
 73  0.02069  1.83946e-04 | 74  0.01913 -2.57252e-02 | 75  0.01732 -1.04681e-02
 76  0.01498 -1.21124e-03 | 77  0.01196 -1.62460e-02 | 78  0.00845 -4.24943e-03
 79  0.00439 -1.11203e-02 | 80  0.00021 -8.10813e-03 | 81 -0.00358  1.07964e-02
 82 -0.00680  5.57274e-04 | 83 -0.00909  1.30104e-02 | 84 -0.01071  2.31374e-02
 85 -0.01199  3.04457e-02 | 86 -0.01312  1.93728e-02 | 87 -0.01360  1.76843e-02
 88 -0.01324 -2.97226e-02 | 89 -0.01210 -3.94192e-02 | 90 -0.00898  2.02222e-02
 91 -0.00417  6.25286e-02 | 92  0.00199  2.04372e-03 | 93  0.00619  2.14786e-02
 94  0.00925 -8.05705e-03 | 95  0.01182 -7.88849e-03 | 96  0.00677  8.19784e-03
 97  0.00758 -5.32794e-03 | 98  0.02440 -2.09573e-02 | 99  0.01648 -4.43902e-02
100 -0.00203 -1.88637e-02 |101  0.01671  2.77658e-02 |102  0.08086  5.34493e-03
103  0.03391 -2.64173e-02 |104 -0.00480 -7.83821e-03 |105  0.00745  4.48672e-02
106  0.01992 -1.23999e-02 |107  0.03535 -3.70898e-02 |108  0.00405 -1.58163e-02
109 -0.06228  4.53165e-02 |110 -0.07921  3.81324e-02 |111 -0.07780  8.26664e-03
112 -0.04382 -2.96750e-02 |113  0.07055 -1.05609e-02 |114  0.01874  3.73087e-02
115  0.01100 -2.68134e-02 |116 -0.04106 -1.31521e-03 |117 -0.08254  9.62252e-03
118 -0.03441  3.45118e-03 |119 -0.02656 -1.45474e-02 |120 -0.05162  2.44635e-03
121  0.00093 -3.81723e-03 |122  0.03887  3.58429e-02 |123 -0.00441  1.87788e-03
124  0.04752  2.14574e-02 |125 -0.01482 -3.04134e-03 |126  0.10474  8.70634e-03
127 -0.01076  1.24289e-03 |128 -0.05137  2.68213e-02 |129 -0.06242 -3.64967e-02
130 -0.02804  4.53500e-03 |131  0.08504  2.86612e-02 |132  0.02328  6.56240e-03
133  0.01255 -1.02746e-02 |134 -0.03496  5.10068e-04 |135 -0.01906 -1.48766e-03
136 -0.00384  8.16794e-02 |137 -0.00000 -1.24492e-06 |138 -0.65138 -1.05637e-02
139 -0.98751 -1.41048e-03 |140  0.09406  4.14138e-04 |141 -0.12930 -6.27279e-04
142 -0.02841 -4.22444e-05 |143 -0.12790 -6.38914e-04 |144 -0.10520 -5.23900e-04
145 -0.10703  1.63154e-02 |146  0.20320 -6.80046e-02 |147 -0.23773 -1.70738e-02
148  0.16771  2.08920e-04 |149 -0.57528  4.32351e-04 |150 -0.00633  4.10351e-03
151 -0.42990 -3.56877e-04 |152  0.82245 -3.00540e-01 |153  0.13367  2.76723e-02
154 -0.02996 -3.10692e-02 |155 -0.07469  3.94973e-02 |156  0.10235 -7.96918e-03
157  0.05179 -1.88948e-02 |158  0.14898  4.45760e-03 |159 -0.03574  7.37866e-03
160 -0.58487 -2.36721e-02 |161 -0.51363 -2.19799e-04 |162 -0.20915  1.66728e-02
163 -0.21262 -7.71875e-03 |164  0.80096 -5.91671e-02 |165  0.19372 -1.55215e-02
166  0.08001 -6.64645e-03 |167 -0.25962  1.44028e-02 |168 -0.39644 -2.02723e-02
169 -0.19985 -4.34559e-02 |170 -0.03755  1.90176e-02 |171 -0.28714 -1.87672e-02
172  0.81688  1.09297e-02 |173  0.03191 -1.08253e-04 |174 -0.13974 -7.04953e-04
175 -0.04637 -2.26585e-05 |176 -0.17198 -8.71895e-04 |177  0.11097  5.47573e-04
178  0.06415 -1.82947e-02 |179 -0.17413 -1.58761e-02 |180 -0.15720  1.51833e-03
181 -0.99999 -4.32255e-03 |182 -0.13578 -1.12622e-02 |183  0.23428  1.46797e-03
184  0.01550  3.21913e-03 |185 -0.36066 -2.28429e-02 |186 -0.40518  2.30121e-03
187 -0.03976 -3.76828e-03 |188 -0.30031 -1.24837e-02 |189  0.80958 -6.41940e-01
189 variables; iteration 140; function evaluation 191; phase 4
Function value 7.0210962e+03; maximum gradient component mag 5.6473e-01
Var    Value     Gradient |Var    Value     Gradient |Var    Value     Gradient
  1 -0.38799 -1.15855e-02 |  2  0.35729  5.26946e-03 |  3 -0.14809 -9.44788e-03
  4  0.02843  5.54479e-04 |  5 -0.67603 -8.11304e-04 |  6 -0.62180  1.12653e-03
  7 -0.41404 -1.10528e-02 |  8  0.35450  6.44592e-03 |  9 -0.20813 -9.88588e-03
 10  0.09165 -8.02254e-05 | 11 -0.59996  3.59381e-03 | 12 -0.64104 -1.10905e-02
 13  0.82675  2.69892e-02 | 14 -0.00242 -3.24696e-03 | 15 -0.00243 -3.13977e-03
 16 -0.00243 -3.06073e-03 | 17 -0.00242 -3.00819e-03 | 18 -0.00240 -2.98166e-03
 19 -0.00237 -2.98123e-03 | 20 -0.00233 -3.00754e-03 | 21 -0.00228 -3.06075e-03
 22 -0.00222 -3.14027e-03 | 23 -0.00215 -3.24217e-03 | 24 -0.00206 -3.35848e-03
 25 -0.00197 -3.47439e-03 | 26 -0.00186 -3.56769e-03 | 27 -0.00174 -3.60777e-03
 28 -0.00161 -3.55739e-03 | 29 -0.00146 -3.37870e-03 | 30 -0.00130 -3.03988e-03
 31 -0.00113 -2.53018e-03 | 32 -0.00095 -1.87497e-03 | 33 -0.00075 -1.15031e-03
 34 -0.00055 -4.84920e-04 | 35 -0.00034 -4.00124e-05 | 36 -0.00012  3.91853e-05
 37  0.00008 -3.11254e-04 | 38  0.00028 -1.03659e-03 | 39  0.00046 -1.95220e-03
 40  0.00062 -2.85808e-03 | 41  0.00073 -3.57714e-03 | 42  0.00081 -4.03949e-03
 43  0.00082 -4.22910e-03 | 44  0.00078 -4.10545e-03 | 45  0.00067 -3.55593e-03
 46  0.00050 -2.46903e-03 | 47  0.00027 -1.02131e-03 | 48 -0.00001  1.26005e-04
 49 -0.00032  1.87681e-04 | 50 -0.00065 -9.75905e-04 | 51 -0.00096 -2.56502e-03
 52 -0.00123 -3.55929e-03 | 53 -0.00142 -3.63709e-03 | 54 -0.00151 -3.16555e-03
 55 -0.00146 -2.61062e-03 | 56 -0.00124 -2.13595e-03 | 57 -0.00083 -1.39985e-03
 58 -0.00019  1.12213e-04 | 59  0.00070  1.31889e-03 | 60  0.00185  7.11044e-04
 61  0.00329  1.18297e-03 | 62  0.00504  7.27877e-03 | 63  0.00702  2.24525e-03
 64  0.00930  1.12112e-02 | 65  0.01168  5.43285e-03 | 66  0.01418  9.18156e-03
 67  0.01652 -5.85508e-03 | 68  0.01870  1.75922e-03 | 69  0.02044  9.25225e-03
 70  0.02145 -7.77681e-03 | 71  0.02187 -2.11146e-04 | 72  0.02154 -3.33979e-03
 73  0.02067  6.91944e-03 | 74  0.01923  4.43212e-03 | 75  0.01739  1.46066e-02
 76  0.01499  8.94585e-03 | 77  0.01196 -8.32101e-03 | 78  0.00843 -4.29449e-03
 79  0.00442  6.25984e-04 | 80  0.00023 -3.72274e-03 | 81 -0.00363 -2.46401e-03
 82 -0.00678  2.16590e-03 | 83 -0.00913 -2.25117e-03 | 84 -0.01077 -1.12967e-05
 85 -0.01205  4.84451e-03 | 86 -0.01319 -9.10384e-03 | 87 -0.01357  1.63296e-02
 88 -0.01309  2.54461e-03 | 89 -0.01191  1.81813e-03 | 90 -0.00903  3.25048e-05
 91 -0.00450 -3.03913e-02 | 92  0.00204  6.64430e-03 | 93  0.00615  7.17683e-03
 94  0.00929  1.13280e-03 | 95  0.01182 -3.19159e-03 | 96  0.00670  1.76340e-03
 97  0.00762  1.64701e-02 | 98  0.02443  5.34465e-03 | 99  0.01657 -2.07781e-03
100 -0.00197  5.51892e-03 |101  0.01657  1.49750e-03 |102  0.08081  8.39302e-03
103  0.03402  6.54482e-03 |104 -0.00482 -1.25695e-02 |105  0.00735  8.27653e-03
106  0.01993 -3.14080e-03 |107  0.03539  1.05780e-02 |108  0.00407  4.43114e-03
109 -0.06239 -9.07797e-03 |110 -0.07929 -6.39225e-03 |111 -0.07783 -3.02098e-03
112 -0.04376  7.02095e-03 |113  0.07053 -5.44467e-04 |114  0.01864 -6.42717e-03
115  0.01104  1.94046e-03 |116 -0.04109  6.89511e-04 |117 -0.08259 -4.72140e-03
118 -0.03445 -1.81863e-03 |119 -0.02655  4.06029e-03 |120 -0.05166 -3.84443e-04
121  0.00093 -8.71296e-04 |122  0.03878 -5.09308e-03 |123 -0.00441 -2.68439e-03
124  0.04747 -1.71965e-03 |125 -0.01483 -2.03740e-03 |126  0.10470 -1.52217e-03
127 -0.01078 -2.87697e-04 |128 -0.05148 -8.66188e-03 |129 -0.06232  4.17196e-03
130 -0.02808 -3.17905e-03 |131  0.08496 -6.12220e-03 |132  0.02326 -2.44754e-04
133  0.01257 -9.43529e-04 |134 -0.03497  3.45397e-06 |135 -0.01907 -4.98442e-03
136 -0.00417 -3.37690e-03 |137 -0.00000  2.72443e-06 |138 -0.65177  1.76948e-02
139 -0.98867  9.28059e-04 |140  0.08579  3.41180e-04 |141 -0.11610 -5.71501e-04
142 -0.02756 -2.76914e-05 |143 -0.11491 -5.73186e-04 |144 -0.09495 -4.72070e-04
145 -0.10696 -2.57489e-03 |146  0.20342  1.13276e-02 |147 -0.23774  2.90245e-03
148  0.16769 -6.08839e-04 |149 -0.58140 -1.31866e-04 |150 -0.00634 -9.91976e-04
151 -0.42988  1.26604e-03 |152  0.82244  5.05241e-02 |153  0.13348 -3.58523e-03
154 -0.03016  4.53895e-03 |155 -0.07668 -4.72129e-03 |156  0.10236  1.81963e-03
157  0.05181  3.87917e-03 |158  0.14893 -2.85894e-04 |159 -0.03578 -3.46689e-04
160 -0.58476  1.15500e-02 |161 -0.51049  6.28084e-05 |162 -0.20922 -2.65295e-03
163 -0.21271  7.46890e-02 |164  0.80094  1.77760e-01 |165  0.19391  3.22906e-03
166  0.08009  1.50657e-03 |167 -0.25967 -2.60898e-03 |168 -0.39677  3.59443e-03
169 -0.19964  7.54857e-03 |170 -0.03781 -3.35554e-03 |171 -0.28723  3.16030e-03
172  0.81688 -4.07633e-03 |173  0.03400 -9.61848e-05 |174 -0.12537 -6.32395e-04
175 -0.04590 -2.05993e-05 |176 -0.15444 -7.78662e-04 |177  0.10022  4.94262e-04
178  0.06416  3.52754e-03 |179 -0.17413  2.73498e-03 |180 -0.15719  1.94741e-04
181 -0.99999 -1.06212e-03 |182 -0.13580  1.92313e-03 |183  0.23416 -4.59841e-04
184  0.01544 -2.70657e-04 |185 -0.36018  3.19869e-02 |186 -0.43913 -1.80504e-04
187 -0.03945 -5.47022e-03 |188 -0.30029  6.06152e-02 |189  0.80958  5.64731e-01
189 variables; iteration 160; function evaluation 224; phase 4
Function value 7.0210961e+03; maximum gradient component mag -5.7799e-01
Var    Value     Gradient |Var    Value     Gradient |Var    Value     Gradient
  1 -0.38798  1.08966e-02 |  2  0.35729 -3.86230e-03 |  3 -0.14809  5.91548e-03
  4  0.02843 -6.81543e-04 |  5 -0.67603  7.97631e-05 |  6 -0.62180 -8.69230e-04
  7 -0.41403  1.01478e-02 |  8  0.35450 -4.86262e-03 |  9 -0.20813  5.69848e-03
 10  0.09165  1.11142e-04 | 11 -0.59996 -1.62583e-03 | 12 -0.64104  7.77718e-03
 13  0.82653 -2.17422e-02 | 14 -0.00244 -6.39274e-03 | 15 -0.00244 -5.29055e-03
 16 -0.00244 -4.72446e-03 | 17 -0.00243 -4.69791e-03 | 18 -0.00241 -5.11820e-03
 19 -0.00238 -5.77923e-03 | 20 -0.00235 -6.34952e-03 | 21 -0.00230 -6.37206e-03
 22 -0.00223 -5.29736e-03 | 23 -0.00215 -2.59254e-03 | 24 -0.00204  2.05849e-03
 25 -0.00192  8.47385e-03 | 26 -0.00178  1.57068e-02 | 27 -0.00164  2.20181e-02
 28 -0.00149  2.52675e-02 | 29 -0.00135  2.38254e-02 | 30 -0.00122  1.77827e-02
 31 -0.00108  9.65674e-03 | 32 -0.00093  3.59218e-03 | 33 -0.00074  2.67850e-03
 34 -0.00052  5.89724e-03 | 35 -0.00031  8.03023e-03 | 36 -0.00011  4.35078e-03
 37  0.00007 -3.73514e-03 | 38  0.00025 -9.27365e-03 | 39  0.00044 -7.19453e-03
 40  0.00063  7.01706e-04 | 41  0.00078  8.67153e-03 | 42  0.00087  1.33029e-02
 43  0.00090  1.44523e-02 | 44  0.00084  1.19874e-02 | 45  0.00070  3.91734e-03
 46  0.00047 -8.96883e-03 | 47  0.00021 -1.53591e-02 | 48 -0.00004 -6.07795e-03
 49 -0.00032  1.69225e-03 | 50 -0.00067 -5.47592e-03 | 51 -0.00097 -5.65968e-03
 52 -0.00119  5.71569e-03 | 53 -0.00137  7.75915e-03 | 54 -0.00149  1.04974e-03
 55 -0.00145 -9.01840e-04 | 56 -0.00122  3.99042e-03 | 57 -0.00081  3.08992e-03
 58 -0.00016  5.39196e-03 | 59  0.00069 -1.64240e-03 | 60  0.00178 -1.94694e-02
 61  0.00332  5.64640e-03 | 62  0.00504  2.87826e-03 | 63  0.00705  6.82320e-03
 64  0.00924 -4.70222e-03 | 65  0.01166 -2.80537e-03 | 66  0.01413 -5.65050e-03
 67  0.01657  1.90373e-03 | 68  0.01871  4.34679e-04 | 69  0.02038 -6.12033e-03
 70  0.02152  3.89801e-03 | 71  0.02189 -3.82698e-04 | 72  0.02159  2.15813e-03
 73  0.02063 -3.64318e-03 | 74  0.01922 -5.04894e-04 | 75  0.01731 -6.30284e-03
 76  0.01493 -6.23989e-03 | 77  0.01205  8.13529e-03 | 78  0.00844 -4.41909e-03
 79  0.00439 -7.65646e-03 | 80  0.00031  1.51904e-02 | 81 -0.00358  9.28281e-03
 82 -0.00681 -5.78369e-03 | 83 -0.00916 -1.10316e-02 | 84 -0.01074  7.45778e-03
 85 -0.01207  4.20704e-04 | 86 -0.01314  3.81335e-03 | 87 -0.01366 -7.87995e-03
 88 -0.01311 -3.65302e-03 | 89 -0.01192 -1.30336e-03 | 90 -0.00904 -1.94493e-03
 91 -0.00434  1.16350e-02 | 92  0.00203  4.71283e-03 | 93  0.00612 -2.25897e-03
 94  0.00929 -1.15560e-03 | 95  0.01185 -1.92047e-03 | 96  0.00671 -8.22272e-04
 97  0.00754 -7.40884e-03 | 98  0.02442 -3.43631e-03 | 99  0.01661  1.25602e-03
100 -0.00200 -6.14685e-03 |101  0.01660  6.47269e-04 |102  0.08080 -8.18575e-03
103  0.03399 -7.95236e-03 |104 -0.00475  6.52509e-03 |105  0.00730 -5.16583e-03
106  0.01996 -1.08210e-03 |107  0.03537 -4.61271e-03 |108  0.00407 -4.16012e-03
109 -0.06236  4.43858e-03 |110 -0.07928  3.33731e-03 |111 -0.07782  1.43957e-03
112 -0.04378 -3.56231e-03 |113  0.07053  1.07428e-03 |114  0.01866  4.42850e-03
115  0.01104 -1.76640e-03 |116 -0.04109 -3.59001e-04 |117 -0.08258  4.10439e-04
118 -0.03444  1.78301e-04 |119 -0.02656 -2.41523e-03 |120 -0.05165  7.92940e-04
121  0.00093 -9.34241e-05 |122  0.03879  2.11984e-03 |123 -0.00440  1.65440e-03
124  0.04747  1.26484e-03 |125 -0.01482 -1.62343e-04 |126  0.10471  5.17124e-04
127 -0.01077  2.13493e-04 |128 -0.05145  2.21046e-03 |129 -0.06234 -4.26158e-03
130 -0.02806  1.10552e-03 |131  0.08498  2.98639e-03 |132  0.02326  1.01037e-04
133  0.01257 -6.67701e-04 |134 -0.03497  7.14812e-04 |135 -0.01904  2.99337e-03
136 -0.00414  5.20640e-03 |137 -0.00000  4.61972e-06 |138 -0.65161 -2.15510e-02
139 -0.98807 -5.17252e-04 |140  0.05208  1.02570e-04 |141 -0.03194 -1.57747e-04
142 -0.02738 -6.53310e-06 |143 -0.04041 -1.99673e-04 |144 -0.09280 -4.61213e-04
145 -0.10698  1.78474e-03 |146  0.20337 -6.98601e-03 |147 -0.23773 -1.56124e-03
148  0.16770 -1.22491e-04 |149 -0.58257 -2.33428e-04 |150 -0.00634  3.46673e-04
151 -0.42988 -5.83849e-04 |152  0.82244 -3.42394e-02 |153  0.13351  2.38327e-03
154 -0.03013 -2.66026e-03 |155 -0.07634  3.12069e-03 |156  0.10235 -8.73250e-04
157  0.05181 -2.12152e-03 |158  0.14894  6.06571e-04 |159 -0.03578  9.40955e-04
160 -0.58478 -6.36646e-03 |161 -0.50880  1.55218e-04 |162 -0.20920  1.59566e-03
163 -0.21268 -4.12116e-02 |164  0.80095 -9.69720e-02 |165  0.19386 -1.35536e-03
166  0.08007 -6.52686e-04 |167 -0.25966  1.74349e-03 |168 -0.39669 -1.71888e-03
169 -0.19969 -3.78287e-03 |170 -0.03775  1.65600e-03 |171 -0.28721 -1.51252e-03
172  0.81688 -4.29421e-03 |173  0.04106 -5.29661e-05 |174 -0.03922 -1.93827e-04
175 -0.04970 -4.72857e-05 |176 -0.06064 -3.00161e-04 |177  0.06167  3.05288e-04
178  0.06416 -2.79231e-03 |179 -0.17413 -3.08439e-03 |180 -0.15719 -2.80950e-04
181 -0.99999  6.13075e-05 |182 -0.13579 -1.88539e-03 |183  0.23419  1.68299e-04
184  0.01545  2.58967e-04 |185 -0.36020 -3.55508e-02 |186 -0.47433 -2.01196e-03
187 -0.03948  7.70786e-03 |188 -0.30027 -6.87864e-02 |189  0.80958 -5.77986e-01
189 variables; iteration 180; function evaluation 259; phase 4
Function value 7.0210960e+03; maximum gradient component mag 5.8663e-03
Var    Value     Gradient |Var    Value     Gradient |Var    Value     Gradient
  1 -0.38798 -1.53458e-04 |  2  0.35729  1.07388e-04 |  3 -0.14809 -3.16508e-05
  4  0.02843  3.51180e-05 |  5 -0.67603  8.71733e-06 |  6 -0.62180 -9.03126e-06
  7 -0.41403 -1.41008e-04 |  8  0.35450  8.84650e-05 |  9 -0.20813 -3.88892e-05
 10  0.09165 -3.04550e-05 | 11 -0.59996 -2.76750e-05 | 12 -0.64104 -1.48980e-04
 13  0.82657  2.62861e-04 | 14 -0.00242 -1.53188e-03 | 15 -0.00243 -2.72606e-03
 16 -0.00243 -2.71165e-03 | 17 -0.00241 -1.56466e-03 | 18 -0.00239  4.29414e-04
 19 -0.00235  2.69298e-03 | 20 -0.00230  4.36927e-03 | 21 -0.00225  4.60456e-03
 22 -0.00220  3.13486e-03 | 23 -0.00213  7.19659e-04 | 24 -0.00206 -1.27657e-03
 25 -0.00196 -2.09690e-03 | 26 -0.00186 -2.20634e-03 | 27 -0.00173 -2.14422e-03
 28 -0.00160 -1.27968e-03 | 29 -0.00145  7.18012e-04 | 30 -0.00129  1.74072e-03
 31 -0.00112 -2.16020e-04 | 32 -0.00095 -2.62135e-03 | 33 -0.00076 -1.49763e-03
 34 -0.00054  1.51792e-03 | 35 -0.00033  2.09623e-03 | 36 -0.00012  6.07660e-04
 37  0.00008 -9.17354e-04 | 38  0.00028 -8.78049e-04 | 39  0.00048  1.85086e-03
 40  0.00064  2.29034e-03 | 41  0.00075 -5.52386e-04 | 42  0.00081 -2.24343e-03
 43  0.00083 -2.55496e-03 | 44  0.00078 -2.01236e-03 | 45  0.00069  1.04050e-03
 46  0.00052  2.69752e-03 | 47  0.00027 -1.03996e-03 | 48 -0.00001 -1.92714e-04
 49 -0.00031  2.58201e-03 | 50 -0.00065 -3.17077e-04 | 51 -0.00096 -2.55421e-03
 52 -0.00120  2.57220e-03 | 53 -0.00140  1.01562e-03 | 54 -0.00150 -1.09327e-03
 55 -0.00145 -1.94742e-03 | 56 -0.00124 -7.14696e-04 | 57 -0.00082  4.99291e-04
 58 -0.00018  2.30428e-03 | 59  0.00070 -1.59890e-04 | 60  0.00186  1.85240e-03
 61  0.00327 -4.52973e-03 | 62  0.00502  2.50738e-04 | 63  0.00702  6.59248e-05
 64  0.00926  3.85737e-04 | 65  0.01167  1.66661e-04 | 66  0.01415  3.80559e-04
 67  0.01656  1.08873e-04 | 68  0.01871  8.69410e-05 | 69  0.02041  3.18372e-04
 70  0.02150  1.49875e-04 | 71  0.02188  1.83459e-04 | 72  0.02157  5.41948e-05
 73  0.02065  2.03469e-04 | 74  0.01922 -4.98031e-05 | 75  0.01733  3.18322e-05
 76  0.01496 -1.69258e-05 | 77  0.01201 -4.66905e-04 | 78  0.00845 -2.38148e-04
 79  0.00442 -2.06111e-03 | 80  0.00025  1.44189e-03 | 81 -0.00362  1.40771e-04
 82 -0.00679  2.04762e-04 | 83 -0.00912  4.45503e-04 | 84 -0.01077 -1.46876e-04
 85 -0.01207 -5.05061e-05 | 86 -0.01316  3.17188e-05 | 87 -0.01363  4.28199e-05
 88 -0.01310  1.79613e-04 | 89 -0.01192 -5.51355e-05 | 90 -0.00903  1.95088e-04
 91 -0.00438  2.54167e-04 | 92  0.00201 -4.94415e-04 | 93  0.00612 -1.17119e-04
 94  0.00929  9.56869e-05 | 95  0.01185  2.69736e-04 | 96  0.00671  1.56693e-04
 97  0.00756 -1.76333e-04 | 98  0.02442 -2.05972e-05 | 99  0.01659  7.29450e-07
100 -0.00198 -1.50191e-05 |101  0.01658  1.64511e-05 |102  0.08080  1.29760e-04
103  0.03401  1.05971e-04 |104 -0.00477 -1.36870e-04 |105  0.00731  1.27206e-04
106  0.01995  9.79211e-05 |107  0.03537 -1.67841e-04 |108  0.00407  9.44049e-05
109 -0.06237  5.90560e-06 |110 -0.07928  4.41777e-05 |111 -0.07782  1.39329e-05
112 -0.04377 -4.10426e-05 |113  0.07054 -2.58791e-05 |114  0.01865  2.71726e-05
115  0.01104 -4.51855e-06 |116 -0.04109  2.58839e-05 |117 -0.08258  7.47899e-05
118 -0.03444  2.73572e-05 |119 -0.02656  1.24318e-05 |120 -0.05165 -2.52406e-05
121  0.00093  8.46274e-06 |122  0.03879  5.92110e-05 |123 -0.00440 -4.23665e-05
124  0.04747  5.64065e-06 |125 -0.01482  3.44351e-05 |126  0.10471  1.35872e-05
127 -0.01077 -1.08385e-05 |128 -0.05145  1.00812e-04 |129 -0.06233  5.24948e-05
130 -0.02806  2.21634e-05 |131  0.08498  2.13969e-05 |132  0.02326  9.86408e-07
133  0.01257  1.81210e-05 |134 -0.03497 -6.71863e-05 |135 -0.01906 -1.12134e-04
136 -0.00416 -1.23663e-04 |137 -0.00000  1.12503e-06 |138 -0.65167  2.61740e-04
139 -0.98773  1.24756e-05 |140  0.01877 -8.77292e-05 |141 -0.00099 -4.88032e-06
142 -0.02184  1.64118e-05 |143 -0.00076 -3.76857e-06 |144 -0.00084 -4.12577e-06
145 -0.10697 -2.79569e-06 |146  0.20339 -6.14170e-05 |147 -0.23773 -4.86402e-05
148  0.16770 -1.02962e-05 |149 -0.57656  3.08045e-04 |150 -0.00634  2.52238e-05
151 -0.42988  5.33729e-05 |152  0.82244  3.72803e-04 |153  0.13350  3.31952e-07
154 -0.03014 -1.59465e-05 |155 -0.07648  4.65831e-06 |156  0.10235 -3.00282e-05
157  0.05181 -1.01732e-05 |158  0.14893 -3.03877e-06 |159 -0.03578 -1.43699e-05
160 -0.58477 -1.56245e-05 |161 -0.51262 -1.27142e-04 |162 -0.20921  7.91346e-05
163 -0.21269  7.76302e-04 |164  0.80095  1.66518e-03 |165  0.19387 -4.15382e-05
166  0.08007 -1.80682e-05 |167 -0.25966 -1.66378e-05 |168 -0.39672 -2.98539e-05
169 -0.19967 -4.72875e-05 |170 -0.03777  3.13604e-05 |171 -0.28721 -2.46848e-05
172  0.81688  6.39399e-04 |173  0.05270  1.35802e-05 |174  0.00009  4.51378e-07
175 -0.04095  4.54421e-06 |176  0.00013  6.65908e-07 |177  0.00167  8.22135e-06
178  0.06416  1.39969e-04 |179 -0.17413  2.46342e-04 |180 -0.15719  1.92411e-05
181 -0.99998  1.11011e-03 |182 -0.13579  9.35851e-05 |183  0.23418  9.69346e-06
184  0.01545 -6.25682e-06 |185 -0.36028  2.97771e-04 |186 -0.43311 -2.19727e-05
187 -0.03951 -1.08279e-04 |188 -0.30030  6.22714e-04 |189  0.80958  5.86630e-03

 - final statistics:
189 variables; iteration 189; function evaluation 275
Function value 7.0211e+03; maximum gradient component mag 9.9303e-04
Exit code = 1;  converg criter 1.0000e-03
Var    Value     Gradient |Var    Value     Gradient |Var    Value     Gradient
  1 -0.38798 -2.56709e-05 |  2  0.35729  1.28374e-05 |  3 -0.14809 -1.92591e-05
  4  0.02843 -3.85382e-06 |  5 -0.67603  2.42926e-06 |  6 -0.62180  7.62139e-07
  7 -0.41403 -2.83779e-05 |  8  0.35450  1.42600e-05 |  9 -0.20813 -1.80807e-05
 10  0.09165 -8.60881e-06 | 11 -0.59996 -5.28052e-06 | 12 -0.64104 -1.12025e-05
 13  0.82657  7.19762e-05 | 14 -0.00241 -1.90642e-04 | 15 -0.00242  1.18661e-05
 16 -0.00242  2.29577e-05 | 17 -0.00241 -1.45495e-04 | 18 -0.00239 -1.33959e-04
 19 -0.00236  1.83411e-04 | 20 -0.00232  3.82276e-04 | 21 -0.00227  1.25409e-04
 22 -0.00221 -1.38523e-04 | 23 -0.00214  8.45977e-05 | 24 -0.00205  2.25393e-04
 25 -0.00196 -2.16518e-04 | 26 -0.00185 -2.90162e-04 | 27 -0.00173  2.40656e-04
 28 -0.00159  4.04628e-05 | 29 -0.00145 -2.34168e-04 | 30 -0.00129  2.38210e-04
 31 -0.00112 -1.55411e-04 | 32 -0.00094 -1.08192e-04 | 33 -0.00075  3.59822e-04
 34 -0.00055 -1.88001e-04 | 35 -0.00034  1.35632e-04 | 36 -0.00013 -3.02476e-04
 37  0.00009  1.53347e-04 | 38  0.00029 -1.19834e-04 | 39  0.00047  7.81291e-05
 40  0.00063  4.81873e-05 | 41  0.00075 -1.66751e-05 | 42  0.00082 -7.01890e-05
 43  0.00084 -1.11251e-04 | 44  0.00079 -3.26056e-05 | 45  0.00068 -2.41856e-05
 46  0.00051  1.74917e-04 | 47  0.00027 -8.85848e-05 | 48 -0.00001 -1.42931e-04
 49 -0.00032  2.50083e-04 | 50 -0.00064  1.78288e-04 | 51 -0.00095 -3.11562e-04
 52 -0.00121  3.91081e-04 | 53 -0.00141 -1.08932e-04 | 54 -0.00149 -5.16884e-06
 55 -0.00145 -2.48083e-05 | 56 -0.00123 -5.98089e-05 | 57 -0.00082 -1.20623e-04
 58 -0.00019  2.23353e-05 | 59  0.00070  1.22472e-05 | 60  0.00185  7.70070e-05
 61  0.00329 -1.43274e-04 | 62  0.00502  1.70797e-05 | 63  0.00702  1.15698e-05
 64  0.00926  2.10234e-05 | 65  0.01167  1.13780e-05 | 66  0.01415  2.21260e-05
 67  0.01655  1.21240e-05 | 68  0.01871  1.14394e-05 | 69  0.02041  2.46243e-05
 70  0.02150  1.57029e-05 | 71  0.02188  1.32869e-05 | 72  0.02157  3.46095e-06
 73  0.02065  7.11075e-06 | 74  0.01922 -1.68553e-06 | 75  0.01733  8.88450e-07
 76  0.01496 -1.64073e-06 | 77  0.01201 -2.11678e-05 | 78  0.00845 -1.63145e-05
 79  0.00442 -8.88679e-05 | 80  0.00024  1.20497e-05 | 81 -0.00362  3.24002e-05
 82 -0.00679  1.66056e-05 | 83 -0.00912  2.03571e-05 | 84 -0.01077 -1.05980e-06
 85 -0.01207  2.58539e-06 | 86 -0.01316  8.22935e-06 | 87 -0.01363  9.97352e-06
 88 -0.01310  2.04334e-05 | 89 -0.01192  1.55603e-05 | 90 -0.00903  2.21269e-05
 91 -0.00438  1.69212e-05 | 92  0.00201 -1.75023e-06 | 93  0.00612  7.36785e-09
 94  0.00929  1.19825e-05 | 95  0.01185  1.73555e-05 | 96  0.00671  5.74029e-07
 97  0.00756  5.84681e-06 | 98  0.02442  1.65167e-05 | 99  0.01659 -1.23996e-05
100 -0.00198 -3.32829e-06 |101  0.01659  1.09049e-05 |102  0.08080  6.73622e-06
103  0.03401 -6.18507e-06 |104 -0.00477  4.54220e-07 |105  0.00731  4.13346e-07
106  0.01995 -9.05720e-06 |107  0.03537 -8.61177e-06 |108  0.00407  2.46452e-06
109 -0.06237 -2.00573e-05 |110 -0.07928  1.28884e-05 |111 -0.07782  9.51872e-07
112 -0.04377 -1.17794e-05 |113  0.07054  1.37960e-06 |114  0.01865  3.00470e-06
115  0.01104 -1.40783e-06 |116 -0.04109  7.65791e-06 |117 -0.08258 -3.77673e-06
118 -0.03444  8.84990e-07 |119 -0.02656  1.16050e-05 |120 -0.05165 -2.27190e-06
121  0.00093 -1.08823e-06 |122  0.03879  3.44570e-06 |123 -0.00440  4.98079e-06
124  0.04747 -1.89806e-06 |125 -0.01482  2.28943e-06 |126  0.10471  7.56679e-07
127 -0.01077  5.00855e-06 |128 -0.05145  7.53733e-06 |129 -0.06233  2.15814e-05
130 -0.02806  1.41396e-05 |131  0.08498 -2.23811e-06 |132  0.02326  4.64359e-06
133  0.01257  1.40180e-05 |134 -0.03497 -7.07634e-08 |135 -0.01906  4.93113e-06
136 -0.00416 -7.63046e-06 |137 -0.00000 -4.48187e-07 |138 -0.65168 -6.22179e-07
139 -0.98777  1.03089e-05 |140  0.02040 -7.96851e-05 |141 -0.00156 -7.70263e-06
142 -0.02213  1.56309e-05 |143 -0.00150 -7.42031e-06 |144 -0.00250 -1.23441e-05
145 -0.10697  3.11314e-06 |146  0.20339 -1.67459e-05 |147 -0.23773 -9.22517e-06
148  0.16770  8.83380e-06 |149 -0.58001 -9.62305e-06 |150 -0.00634  2.83820e-06
151 -0.42988  5.46572e-06 |152  0.82244  4.48549e-05 |153  0.13350 -6.82821e-07
154 -0.03014 -9.74008e-07 |155 -0.07648 -3.61147e-06 |156  0.10235 -2.60995e-06
157  0.05181 -2.64471e-06 |158  0.14893  7.54162e-07 |159 -0.03578  1.16247e-07
160 -0.58477  4.97189e-05 |161 -0.51126 -2.35371e-05 |162 -0.20921 -1.06761e-06
163 -0.21269  4.50632e-04 |164  0.80095  9.93025e-04 |165  0.19387 -3.30265e-06
166  0.08007 -3.68365e-07 |167 -0.25966 -1.40104e-06 |168 -0.39672 -5.92151e-07
169 -0.19967 -3.75162e-06 |170 -0.03777 -3.17409e-07 |171 -0.28721 -2.40399e-06
172  0.81688  3.86923e-05 |173  0.05233  1.14296e-05 |174 -0.00070 -3.44044e-06
175 -0.04115  3.35164e-06 |176 -0.00106 -5.23140e-06 |177  0.00271  1.33893e-05
178  0.06416  8.57236e-06 |179 -0.17413  1.96009e-05 |180 -0.15719 -5.76845e-06
181 -0.99998  9.86774e-04 |182 -0.13579  6.11113e-06 |183  0.23418 -5.71642e-07
184  0.01545 -3.90605e-08 |185 -0.36028 -1.24584e-05 |186 -0.43270  3.16593e-06
187 -0.03952  3.07250e-06 |188 -0.30030 -1.86679e-05 |189  0.80958 -3.02660e-05
Warning: the following parameters had issues
  Q_parm[5] is within 0.1% of lower bound: -1.00000e+01 < -9.99889e+00 < 2.00000e+00
  selparm[63] is within 0.1% of lower bound: -2.00000e+00 < -2.00000e+00 < 2.00000e+01


 - final statistics:
202 variables; iteration 0; function evaluation 0
Function value 7.0211e+03; maximum gradient component mag 9.9303e-04
Exit code = 0;  converg criter 1.0000e-03
Var    Value     Gradient |Var    Value     Gradient |Var    Value     Gradient
  1 -0.38798 -2.56708e-05 |  2  0.35729  1.28374e-05 |  3 -0.14809 -1.92591e-05
  4  0.02843 -3.85382e-06 |  5 -0.67603  2.42926e-06 |  6 -0.62180  7.62151e-07
  7 -0.41403 -2.83779e-05 |  8  0.35450  1.42600e-05 |  9 -0.20813 -1.80807e-05
 10  0.09165 -8.60882e-06 | 11 -0.59996 -5.28052e-06 | 12 -0.64104 -1.12025e-05
 13  0.82657  7.19761e-05 | 14 -0.00241 -1.90642e-04 | 15 -0.00242  1.18661e-05
 16 -0.00242  2.29577e-05 | 17 -0.00241 -1.45495e-04 | 18 -0.00239 -1.33959e-04
 19 -0.00236  1.83411e-04 | 20 -0.00232  3.82276e-04 | 21 -0.00227  1.25409e-04
 22 -0.00221 -1.38523e-04 | 23 -0.00214  8.45977e-05 | 24 -0.00205  2.25393e-04
 25 -0.00196 -2.16518e-04 | 26 -0.00185 -2.90162e-04 | 27 -0.00173  2.40656e-04
 28 -0.00159  4.04628e-05 | 29 -0.00145 -2.34168e-04 | 30 -0.00129  2.38210e-04
 31 -0.00112 -1.55411e-04 | 32 -0.00094 -1.08192e-04 | 33 -0.00075  3.59822e-04
 34 -0.00055 -1.88001e-04 | 35 -0.00034  1.35632e-04 | 36 -0.00013 -3.02476e-04
 37  0.00009  1.53347e-04 | 38  0.00029 -1.19834e-04 | 39  0.00047  7.81291e-05
 40  0.00063  4.81873e-05 | 41  0.00075 -1.66751e-05 | 42  0.00082 -7.01890e-05
 43  0.00084 -1.11251e-04 | 44  0.00079 -3.26056e-05 | 45  0.00068 -2.41856e-05
 46  0.00051  1.74917e-04 | 47  0.00027 -8.85848e-05 | 48 -0.00001 -1.42931e-04
 49 -0.00032  2.50083e-04 | 50 -0.00064  1.78288e-04 | 51 -0.00095 -3.11562e-04
 52 -0.00121  3.91081e-04 | 53 -0.00141 -1.08932e-04 | 54 -0.00149 -5.16884e-06
 55 -0.00145 -2.48083e-05 | 56 -0.00123 -5.98089e-05 | 57 -0.00082 -1.20623e-04
 58 -0.00019  2.23353e-05 | 59  0.00070  1.22472e-05 | 60  0.00185  7.70070e-05
 61  0.00329 -1.43274e-04 | 62  0.00502  1.70797e-05 | 63  0.00702  1.15698e-05
 64  0.00926  2.10234e-05 | 65  0.01167  1.13780e-05 | 66  0.01415  2.21260e-05
 67  0.01655  1.21240e-05 | 68  0.01871  1.14394e-05 | 69  0.02041  2.46243e-05
 70  0.02150  1.57029e-05 | 71  0.02188  1.32868e-05 | 72  0.02157  3.46095e-06
 73  0.02065  7.11075e-06 | 74  0.01922 -1.68553e-06 | 75  0.01733  8.88449e-07
 76  0.01496 -1.64073e-06 | 77  0.01201 -2.11678e-05 | 78  0.00845 -1.63145e-05
 79  0.00442 -8.88679e-05 | 80  0.00024  1.20497e-05 | 81 -0.00362  3.24002e-05
 82 -0.00679  1.66056e-05 | 83 -0.00912  2.03571e-05 | 84 -0.01077 -1.05980e-06
 85 -0.01207  2.58539e-06 | 86 -0.01316  8.22935e-06 | 87 -0.01363  9.97352e-06
 88 -0.01310  2.04334e-05 | 89 -0.01192  1.55603e-05 | 90 -0.00903  2.21269e-05
 91 -0.00438  1.69211e-05 | 92  0.00201 -1.75023e-06 | 93  0.00612  7.36597e-09
 94  0.00929  1.19825e-05 | 95  0.01185  1.73555e-05 | 96  0.00671  5.74027e-07
 97  0.00756  5.84681e-06 | 98  0.02442  1.65167e-05 | 99  0.01659 -1.23996e-05
100 -0.00198 -3.32829e-06 |101  0.01659  1.09049e-05 |102  0.08080  6.73622e-06
103  0.03401 -6.18507e-06 |104 -0.00477  4.54220e-07 |105  0.00731  4.13345e-07
106  0.01995 -9.05720e-06 |107  0.03537 -8.61177e-06 |108  0.00407  2.46452e-06
109 -0.06237 -2.00573e-05 |110 -0.07928  1.28884e-05 |111 -0.07782  9.51873e-07
112 -0.04377 -1.17794e-05 |113  0.07054  1.37960e-06 |114  0.01865  3.00471e-06
115  0.01104 -1.40782e-06 |116 -0.04109  7.65791e-06 |117 -0.08258 -3.77673e-06
118 -0.03444  8.84991e-07 |119 -0.02656  1.16050e-05 |120 -0.05165 -2.27190e-06
121  0.00093 -1.08823e-06 |122  0.03879  3.44570e-06 |123 -0.00440  4.98079e-06
124  0.04747 -1.89806e-06 |125 -0.01482  2.28943e-06 |126  0.10471  7.56681e-07
127 -0.01077  5.00855e-06 |128 -0.05145  7.53733e-06 |129 -0.06233  2.15814e-05
130 -0.02806  1.41396e-05 |131  0.08498 -2.23810e-06 |132  0.02326  4.64359e-06
133  0.01257  1.40180e-05 |134 -0.03497 -7.07632e-08 |135 -0.01906  4.93113e-06
136 -0.00416 -7.63046e-06 |137 -0.00000 -4.48187e-07 |138  0.00000  0.00000e+00
139  0.00000  0.00000e+00 |140  0.00000  0.00000e+00 |141  0.00000  0.00000e+00
142  0.00000  0.00000e+00 |143  0.00000  0.00000e+00 |144  0.00000  0.00000e+00
145  0.00000  0.00000e+00 |146  0.00000  0.00000e+00 |147  0.00000  0.00000e+00
148  0.00000  0.00000e+00 |149  0.00000  0.00000e+00 |150  0.00000  0.00000e+00
151 -0.65168 -6.22198e-07 |152 -0.98777  1.03089e-05 |153  0.02040 -7.96851e-05
154 -0.00156 -7.70263e-06 |155 -0.02213  1.56309e-05 |156 -0.00150 -7.42031e-06
157 -0.00250 -1.23441e-05 |158 -0.10697  3.11314e-06 |159  0.20339 -1.67459e-05
160 -0.23773 -9.22518e-06 |161  0.16770  8.83380e-06 |162 -0.58001 -9.62305e-06
163 -0.00634  2.83821e-06 |164 -0.42988  5.46572e-06 |165  0.82244  4.48547e-05
166  0.13350 -6.82821e-07 |167 -0.03014 -9.74008e-07 |168 -0.07648 -3.61147e-06
169  0.10235 -2.60995e-06 |170  0.05181 -2.64471e-06 |171  0.14893  7.54162e-07
172 -0.03578  1.16248e-07 |173 -0.58477  4.97189e-05 |174 -0.51126 -2.35371e-05
175 -0.20921 -1.06761e-06 |176 -0.21269  4.50632e-04 |177  0.80095  9.93025e-04
178  0.19387 -3.30265e-06 |179  0.08007 -3.68365e-07 |180 -0.25966 -1.40104e-06
181 -0.39672 -5.92153e-07 |182 -0.19967 -3.75162e-06 |183 -0.03777 -3.17406e-07
184 -0.28721 -2.40399e-06 |185  0.81688  3.86919e-05 |186  0.05233  1.14296e-05
187 -0.00070 -3.44044e-06 |188 -0.04115  3.35164e-06 |189 -0.00106 -5.23140e-06
190  0.00271  1.33893e-05 |191  0.06416  8.57236e-06 |192 -0.17413  1.96009e-05
193 -0.15719 -5.76845e-06 |194 -0.99998  9.86779e-04 |195 -0.13579  6.11113e-06
196  0.23418 -5.71642e-07 |197  0.01545 -3.90605e-08 |198 -0.36028 -1.24584e-05
199 -0.43270  3.16593e-06 |200 -0.03952  3.07250e-06 |201 -0.30030 -1.86679e-05
202  0.80958 -3.02668e-05 |
size of file gradfil1.tmp = 0
size of file gradfil2.tmp = 0
size of file varssave.tmp = 0
size of file cmpdiff.tmp = 1000000040
