
 - final statistics:
1 variables; iteration 0; function evaluation 0
Function value 7.1184e+03; maximum gradient component mag -2.5988e-04
Exit code = 0;  converg criter 1.0000e+01
Var    Value     Gradient |Var    Value     Gradient |Var    Value     Gradient
  1  0.99166 -2.59877e-04 |

Initial statistics: 13 variables; iteration 0; function evaluation 0; phase 2
Function value 7.1183766e+03; maximum gradient component mag 1.4494e+02
Var    Value     Gradient |Var    Value     Gradient |Var    Value     Gradient
  1 -0.38779  2.60191e+01 |  2  0.35903  1.09574e+02 |  3 -0.14546  1.19359e+02
  4  0.02409  9.56211e+01 |  5 -0.68131  2.83674e+01 |  6 -0.61929  1.54323e+00
  7 -0.41860  2.52291e+01 |  8  0.35641  1.44943e+02 |  9 -0.19988  1.12896e+02
 10  0.08122  8.84925e+01 | 11 -0.61182  3.83830e+01 | 12 -0.63632  2.53833e+01
 13  0.99166 -2.59877e-04 |

 - final statistics:
13 variables; iteration 15; function evaluation 22
Function value 7.1164e+03; maximum gradient component mag 6.0402e+00
Exit code = 1;  converg criter 1.0000e+01
Var    Value     Gradient |Var    Value     Gradient |Var    Value     Gradient
  1 -0.38936 -2.31682e-01 |  2  0.35736  6.04017e+00 |  3 -0.14624  1.25495e+00
  4  0.02475  1.87411e+00 |  5 -0.72310  6.35226e-01 |  6 -0.61590  8.49500e-01
  7 -0.42003 -4.38535e-01 |  8  0.35344 -9.28858e-01 |  9 -0.20137  2.32900e-01
 10  0.08644  2.44846e-01 | 11 -0.67876  8.59846e-01 | 12 -0.63168  1.94936e+00
 13  0.99226 -1.72451e-04 |

Initial statistics: 172 variables; iteration 0; function evaluation 0; phase 3
Function value 7.1164268e+03; maximum gradient component mag 1.0738e+02
Var    Value     Gradient |Var    Value     Gradient |Var    Value     Gradient
  1 -0.38936 -2.31682e-01 |  2  0.35736  6.04017e+00 |  3 -0.14624  1.25495e+00
  4  0.02475  1.87411e+00 |  5 -0.72310  6.35226e-01 |  6 -0.61590  8.49500e-01
  7 -0.42003 -4.38535e-01 |  8  0.35344 -9.28858e-01 |  9 -0.20137  2.32900e-01
 10  0.08644  2.44846e-01 | 11 -0.67876  8.59846e-01 | 12 -0.63168  1.94936e+00
 13  0.99226 -1.72451e-04 | 14  0.00000  1.57144e+00 | 15  0.00000  1.60107e+00
 16  0.00000  1.62897e+00 | 17  0.00000  1.65492e+00 | 18  0.00000  1.67868e+00
 19  0.00000  1.70005e+00 | 20  0.00000  1.71879e+00 | 21  0.00000  1.73473e+00
 22  0.00000  1.74766e+00 | 23  0.00000  1.75741e+00 | 24  0.00000  1.76378e+00
 25  0.00000  1.76657e+00 | 26  0.00000  1.76557e+00 | 27  0.00000  1.76053e+00
 28  0.00000  1.75115e+00 | 29  0.00000  1.73715e+00 | 30  0.00000  1.71817e+00
 31  0.00000  1.69391e+00 | 32  0.00000  1.66408e+00 | 33  0.00000  1.62852e+00
 34  0.00000  1.58718e+00 | 35  0.00000  1.54027e+00 | 36  0.00000  1.48821e+00
 37  0.00000  1.43179e+00 | 38  0.00000  1.37207e+00 | 39  0.00000  1.31045e+00
 40  0.00000  1.24847e+00 | 41  0.00000  1.18782e+00 | 42  0.00000  1.13006e+00
 43  0.00000  1.07641e+00 | 44  0.00000  1.02750e+00 | 45  0.00000  9.83129e-01
 46  0.00000  9.42037e-01 | 47  0.00000  9.01717e-01 | 48  0.00000  8.58319e-01
 49  0.00000  8.06714e-01 | 50  0.00000  7.40657e-01 | 51  0.00000  6.52901e-01
 52  0.00000  5.35461e-01 | 53  0.00000  3.80006e-01 | 54  0.00000  1.78029e-01
 55  0.00000 -7.88005e-02 | 56  0.00000 -3.98062e-01 | 57  0.00000 -7.86304e-01
 58  0.00000 -1.24829e+00 | 59  0.00000 -1.78645e+00 | 60  0.00000 -2.40014e+00
 61  0.00000 -3.08476e+00 | 62  0.00000 -3.83122e+00 | 63  0.00000 -4.62466e+00
 64  0.00000 -5.44394e+00 | 65  0.00000 -6.26047e+00 | 66  0.00000 -7.03858e+00
 67  0.00000 -7.73640e+00 | 68  0.00000 -8.30888e+00 | 69  0.00000 -8.71262e+00
 70  0.00000 -8.91201e+00 | 71  0.00000 -8.88466e+00 | 72  0.00000 -8.62373e+00
 73  0.00000 -8.13411e+00 | 74  0.00000 -7.42300e+00 | 75  0.00000 -6.48780e+00
 76  0.00000 -5.30930e+00 | 77  0.00000 -3.85654e+00 | 78  0.00000 -2.10746e+00
 79  0.00000 -7.89153e-02 | 80  0.00000  2.14299e+00 | 81  0.00000  4.40616e+00
 82  0.00000  6.53110e+00 | 83  0.00000  8.35701e+00 | 84  0.00000  9.77948e+00
 85  0.00000  1.07432e+01 | 86  0.00000  1.11929e+01 | 87  0.00000  1.10250e+01
 88  0.00000  1.00970e+01 | 89  0.00000  8.30795e+00 | 90  0.00000  5.67751e+00
 91  0.00000  2.29224e+00 | 92  0.00000 -1.87171e+00 | 93  0.00000 -6.99550e+00
 94  0.00000 -1.31603e+01 | 95  0.00000 -2.01460e+01 | 96  0.00000 -2.76888e+01
 97  0.00000 -3.56351e+01 | 98  0.00000 -4.36095e+01 | 99  0.00000 -5.16121e+01
100  0.00000 -6.13621e+01 |101  0.00000 -7.41434e+01 |102  0.00000 -8.43547e+01
103  0.00000 -8.18791e+01 |104  0.00000 -7.16790e+01 |105  0.00000 -5.92552e+01
106  0.00000 -4.25029e+01 |107  0.00000 -1.91020e+01 |108  0.00000  1.53866e+01
109  0.00000  8.04450e+01 |110  0.00000  1.07383e+02 |111  0.00000  1.04342e+02
112  0.00000  6.48815e+01 |113  0.00000  5.12884e+00 |114  0.00000  1.69653e+01
115  0.00000  2.56061e+01 |116  0.00000  5.47726e+01 |117  0.00000  8.23052e+01
118  0.00000  5.92123e+01 |119  0.00000  4.87695e+01 |120  0.00000  4.26366e+01
121  0.00000  6.49772e+00 |122  0.00000 -1.86683e+01 |123  0.00000 -1.19360e+01
124  0.00000 -2.40172e+01 |125  0.00000  2.16991e+00 |126  0.00000 -6.63467e+01
127  0.00000  1.71827e+00 |128  0.00000  2.18708e+01 |129  0.00000  2.44160e+01
130  0.00000  9.55923e+00 |131  0.00000 -3.19261e+01 |132  0.00000 -1.11906e+01
133  0.00000 -4.02091e+00 |134  0.00000  9.95148e+00 |135  0.00000  4.88010e+00
136  0.00000  6.71506e-01 |137  0.00000 -1.19315e-09 |138  0.03083 -8.40909e+01
139 -0.58727 -4.08190e-03 |140  0.03469  4.56117e+01 |141 -0.10938 -1.08312e+01
142  0.20003  5.44046e+00 |143  0.16704 -6.20118e+01 |144 -0.58171 -3.08162e-03
145 -0.00753  2.99709e+01 |146  0.12155 -2.37695e+01 |147 -0.04270  1.58275e+01
148  0.09307 -1.56636e+01 |149  0.04755  1.24156e+01 |150  0.14422 -2.29013e+01
151 -0.03832  2.10516e+01 |152 -0.00120 -5.90970e-06 |153 -0.00127 -6.28510e-06
154 -0.00012 -5.77289e-07 |155 -0.00012 -6.08343e-07 |156  0.19365  5.78179e+00
157  0.08071  2.69565e+01 |158 -0.39543  3.52329e+00 |159 -0.20154  1.46278e+01
160 -0.03809  1.89662e+00 |161  0.08798  1.29288e+01 |162 -0.52698  6.37675e-03
163  0.07793  1.07877e+01 |164  0.06406 -2.69470e+01 |165 -0.17486 -3.00539e+01
166 -0.15657  6.18980e+00 |167  0.22527 -3.45041e+00 |168  0.01077  9.87694e-01
169 -0.00073 -3.61714e-06 |170 -0.00110 -5.42339e-06 |171  0.00002  1.06033e-07
172 -0.00044 -2.16205e-06 |

Intermediate statistics: 172 variables; iteration 20; function evaluation 28; phase 3
Function value 7.0851344e+03; maximum gradient component mag -2.5220e+02
Var    Value     Gradient |Var    Value     Gradient |Var    Value     Gradient
  1 -0.38127  5.79365e+01 |  2  0.35968 -2.01504e+02 |  3 -0.14659 -1.85784e+02
  4  0.01861 -1.83850e+02 |  5 -0.67536  3.71050e+00 |  6 -0.61927  1.01953e+01
  7 -0.41238  6.04011e+01 |  8  0.35699 -1.96110e+02 |  9 -0.20267 -2.52202e+02
 10  0.07630 -1.70378e+02 | 11 -0.60423  9.23536e+00 | 12 -0.63396  1.02153e+02
 13  0.99226 -5.82931e-05 | 14 -0.00230 -7.65325e-01 | 15 -0.00231 -7.88359e-01
 16 -0.00231 -8.11981e-01 | 17 -0.00229 -8.36196e-01 | 18 -0.00227 -8.61013e-01
 19 -0.00224 -8.86434e-01 | 20 -0.00220 -9.12464e-01 | 21 -0.00214 -9.39104e-01
 22 -0.00208 -9.66352e-01 | 23 -0.00200 -9.94208e-01 | 24 -0.00191 -1.02267e+00
 25 -0.00181 -1.05173e+00 | 26 -0.00170 -1.08138e+00 | 27 -0.00158 -1.11162e+00
 28 -0.00144 -1.14246e+00 | 29 -0.00129 -1.17390e+00 | 30 -0.00113 -1.20595e+00
 31 -0.00096 -1.23863e+00 | 32 -0.00077 -1.27197e+00 | 33 -0.00058 -1.30600e+00
 34 -0.00037 -1.34076e+00 | 35 -0.00016 -1.37630e+00 | 36  0.00005 -1.41266e+00
 37  0.00027 -1.44988e+00 | 38  0.00046 -1.48800e+00 | 39  0.00064 -1.52705e+00
 40  0.00080 -1.56703e+00 | 41  0.00091 -1.60797e+00 | 42  0.00096 -1.64988e+00
 43  0.00096 -1.69281e+00 | 44  0.00089 -1.73684e+00 | 45  0.00075 -1.78210e+00
 46  0.00054 -1.82881e+00 | 47  0.00025 -1.87722e+00 | 48 -0.00008 -1.92769e+00
 49 -0.00046 -1.98060e+00 | 50 -0.00086 -2.03635e+00 | 51 -0.00125 -2.09534e+00
 52 -0.00160 -2.15790e+00 | 53 -0.00190 -2.22427e+00 | 54 -0.00209 -2.29457e+00
 55 -0.00216 -2.36880e+00 | 56 -0.00206 -2.44674e+00 | 57 -0.00177 -2.52802e+00
 58 -0.00124 -2.61206e+00 | 59 -0.00046 -2.69813e+00 | 60  0.00062 -2.78534e+00
 61  0.00199 -2.87272e+00 | 62  0.00367 -2.95932e+00 | 63  0.00565 -3.04412e+00
 64  0.00790 -3.12609e+00 | 65  0.01033 -3.20375e+00 | 66  0.01284 -3.27479e+00
 67  0.01529 -3.33529e+00 | 68  0.01747 -3.37924e+00 | 69  0.01919 -3.39888e+00
 70  0.02030 -3.38618e+00 | 71  0.02068 -3.33512e+00 | 72  0.02036 -3.24323e+00
 73  0.01940 -3.11111e+00 | 74  0.01791 -2.94016e+00 | 75  0.01594 -2.73033e+00
 76  0.01345 -2.47953e+00 | 77  0.01038 -2.18492e+00 | 78  0.00669 -1.84455e+00
 79  0.00254 -1.45740e+00 | 80 -0.00171 -1.01924e+00 | 81 -0.00559 -5.32186e-01
 82 -0.00866  3.70827e-03 | 83 -0.01074  5.82828e-01 | 84 -0.01183  1.19439e+00
 85 -0.01215  1.82511e+00 | 86 -0.01185  2.46095e+00 | 87 -0.01092  3.08778e+00
 88 -0.00919  3.69254e+00 | 89 -0.00662  4.26451e+00 | 90 -0.00349  4.79421e+00
 91 -0.00040  5.27147e+00 | 92  0.00249  5.68923e+00 | 93  0.00565  6.05062e+00
 94  0.00942  6.36092e+00 | 95  0.01308  6.60266e+00 | 96  0.01571  6.73337e+00
 97  0.01689  6.70760e+00 | 98  0.01542  6.49114e+00 | 99  0.01146  6.10420e+00
100  0.01154  5.69804e+00 |101  0.02511  5.70893e+00 |102  0.04610  6.35260e+00
103  0.03729  6.82142e+00 |104  0.01963  6.45331e+00 |105  0.01577  6.19924e+00
106  0.01303  6.03579e+00 |107  0.01687  6.25421e+00 |108  0.00246  9.35987e+00
109 -0.05092  1.44440e+01 |110 -0.05754  1.65332e+01 |111 -0.06279  1.20585e+01
112 -0.05729 -9.73552e-01 |113  0.05276 -8.29615e+00 |114  0.00207 -7.72378e+00
115  0.00744 -3.82417e+00 |116 -0.03878  2.56259e+00 |117 -0.06854  6.62121e+00
118 -0.02568  6.60984e+00 |119 -0.01883  6.16434e+00 |120 -0.04661  3.01895e+00
121  0.00014 -1.92905e+00 |122  0.03446 -5.30273e+00 |123 -0.01010 -4.21361e+00
124  0.04459 -3.31159e+00 |125 -0.01968 -2.18993e+00 |126  0.09103 -1.36142e+01
127 -0.01359 -1.46240e+00 |128 -0.04813  1.00842e+00 |129 -0.05704  1.24293e+00
130 -0.02607  5.75726e-01 |131  0.08354 -8.10688e-01 |132  0.02234 -3.77351e-01
133  0.01318 -1.57160e-01 |134 -0.03405  2.20598e-02 |135 -0.01806 -4.50886e-02
136 -0.00382  5.32840e-02 |137 -0.00000  3.08701e-06 |138  0.02966 -6.24561e+01
139 -0.58727 -2.50036e-03 |140  0.03752  4.88197e+01 |141 -0.10941 -3.04533e+00
142  0.19949  1.05336e+00 |143  0.16933  1.08495e+01 |144 -0.58171  6.59296e-04
145 -0.00926 -1.41612e+01 |146  0.12247 -2.87718e+00 |147 -0.04493 -7.01164e-01
148  0.09358  6.32612e+00 |149  0.04243 -1.57278e+01 |150  0.14913  2.51147e+01
151 -0.04429 -2.52314e+01 |152 -0.00120 -5.90943e-06 |153 -0.00127 -6.28481e-06
154 -0.00012 -5.77263e-07 |155 -0.00012 -6.08315e-07 |156  0.19471 -1.66698e+00
157  0.07941  1.53557e+00 |158 -0.39604 -3.93119e-01 |159 -0.20095  4.17365e+00
160 -0.03699  1.72555e+00 |161  0.08578 -1.44338e+01 |162 -0.52698 -4.21390e-03
163  0.07770  9.22461e+00 |164  0.06101 -8.81778e+01 |165 -0.17758 -1.45036e+02
166 -0.16764  2.27653e+00 |167  0.22606 -2.26456e+00 |168  0.01183  2.22659e+00
169 -0.00073 -3.61697e-06 |170 -0.00110 -5.42314e-06 |171  0.00002  1.06028e-07
172 -0.00044 -2.16195e-06 |
172 variables; iteration 40; function evaluation 50; phase 3
Function value 7.0824787e+03; maximum gradient component mag -5.8950e+01
Var    Value     Gradient |Var    Value     Gradient |Var    Value     Gradient
  1 -0.38616  7.23204e+00 |  2  0.35703 -5.89498e+01 |  3 -0.14757 -5.26690e+01
  4  0.02719 -3.89319e+01 |  5 -0.67967  4.85110e-01 |  6 -0.61981 -5.52389e+00
  7 -0.41717  1.58935e+01 |  8  0.35659 -5.04427e+01 |  9 -0.20003 -4.13003e+01
 10  0.07953 -3.88597e+01 | 11 -0.61084 -4.73603e-02 | 12 -0.63618  5.23495e+00
 13  0.99225 -1.31538e-05 | 14 -0.00266 -1.89753e-01 | 15 -0.00266 -1.92073e-01
 16 -0.00265 -1.94046e-01 | 17 -0.00264 -1.95644e-01 | 18 -0.00261 -1.96836e-01
 19 -0.00257 -1.97601e-01 | 20 -0.00251 -1.97917e-01 | 21 -0.00244 -1.97771e-01
 22 -0.00236 -1.97151e-01 | 23 -0.00227 -1.96052e-01 | 24 -0.00216 -1.94472e-01
 25 -0.00203 -1.92414e-01 | 26 -0.00189 -1.89884e-01 | 27 -0.00174 -1.86894e-01
 28 -0.00157 -1.83460e-01 | 29 -0.00139 -1.79614e-01 | 30 -0.00119 -1.75397e-01
 31 -0.00098 -1.70872e-01 | 32 -0.00076 -1.66125e-01 | 33 -0.00052 -1.61274e-01
 34 -0.00027 -1.56463e-01 | 35 -0.00001 -1.51869e-01 | 36  0.00025 -1.47690e-01
 37  0.00051 -1.44137e-01 | 38  0.00075 -1.41417e-01 | 39  0.00097 -1.39721e-01
 40  0.00117 -1.39210e-01 | 41  0.00132 -1.40011e-01 | 42  0.00142 -1.42220e-01
 43  0.00145 -1.45920e-01 | 44  0.00142 -1.51201e-01 | 45  0.00132 -1.58184e-01
 46  0.00114 -1.67026e-01 | 47  0.00089 -1.77910e-01 | 48  0.00059 -1.91003e-01
 49  0.00025 -2.06388e-01 | 50 -0.00011 -2.23974e-01 | 51 -0.00046 -2.43411e-01
 52 -0.00078 -2.64004e-01 | 53 -0.00102 -2.84678e-01 | 54 -0.00115 -3.03962e-01
 55 -0.00113 -3.20044e-01 | 56 -0.00091 -3.30927e-01 | 57 -0.00047 -3.34656e-01
 58  0.00024 -3.29718e-01 | 59  0.00124 -3.15550e-01 | 60  0.00256 -2.93139e-01
 61  0.00419 -2.65562e-01 | 62  0.00613 -2.38141e-01 | 63  0.00833 -2.17871e-01
 64  0.01073 -2.11804e-01 | 65  0.01324 -2.24652e-01 | 66  0.01574 -2.56820e-01
 67  0.01810 -3.04132e-01 | 68  0.02016 -3.59269e-01 | 69  0.02176 -4.13664e-01
 70  0.02277 -4.59471e-01 | 71  0.02310 -4.91723e-01 | 72  0.02276 -5.09851e-01
 73  0.02180 -5.17654e-01 | 74  0.02029 -5.21097e-01 | 75  0.01826 -5.24909e-01
 76  0.01563 -5.32139e-01 | 77  0.01229 -5.48344e-01 | 78  0.00814 -5.86706e-01
 79  0.00327 -6.62016e-01 | 80 -0.00192 -7.61971e-01 | 81 -0.00673 -8.31140e-01
 82 -0.01049 -7.97926e-01 | 83 -0.01288 -6.30533e-01 | 84 -0.01399 -3.51529e-01
 85 -0.01416 -1.12634e-02 | 86 -0.01369  3.40783e-01 | 87 -0.01265  6.70595e-01
 88 -0.01085  9.63868e-01 | 89 -0.00818  1.21843e+00 | 90 -0.00497  1.42386e+00
 91 -0.00190  1.55499e+00 | 92  0.00084  1.60881e+00 | 93  0.00397  1.64143e+00
 94  0.00817  1.72231e+00 | 95  0.01273  1.84566e+00 | 96  0.01650  1.95530e+00
 97  0.01884  1.97560e+00 | 98  0.01761  1.72988e+00 | 99  0.01213  1.04353e+00
100  0.00967 -9.60174e-02 |101  0.02257 -1.13294e+00 |102  0.04807 -1.73657e+00
103  0.03586 -1.90770e+00 |104  0.01618 -1.52954e+00 |105  0.01584 -3.65556e-01
106  0.01503  5.88054e-01 |107  0.02349  9.04870e-01 |108 -0.00082 -1.47030e+00
109 -0.06711 -3.41365e-01 |110 -0.07403  1.55352e+00 |111 -0.06881  5.14456e+00
112 -0.04894  3.28906e+00 |113  0.05683 -5.36953e-01 |114  0.00583 -3.77693e+00
115  0.01152 -1.37538e+00 |116 -0.03962  7.70994e-01 |117 -0.08066  2.07322e-01
118 -0.03367  9.53967e-01 |119 -0.01546  5.60174e+00 |120 -0.04932  8.65477e-01
121 -0.01090 -5.03043e+00 |122  0.04377  2.04174e+00 |123 -0.00570  9.80107e-01
124  0.05340  6.43120e+00 |125 -0.02326 -1.67908e+00 |126  0.10280  2.52080e-01
127 -0.00695  2.15265e+00 |128 -0.04626  1.43040e+00 |129 -0.05357  2.38627e+00
130 -0.02542  6.37942e-01 |131  0.08385 -6.72871e-01 |132  0.01530 -3.13200e+00
133  0.01104 -4.56415e-01 |134 -0.04318 -2.81515e+00 |135 -0.02102 -4.94562e-01
136 -0.00510 -3.24435e-01 |137 -0.00000  7.74705e-07 |138  0.02897 -1.97269e+01
139 -0.58714 -9.56284e-04 |140  0.03353  8.85218e+00 |141 -0.11433 -5.32487e+00
142  0.20452  4.06242e+00 |143  0.16971  5.22207e+00 |144 -0.58161  9.08307e-04
145 -0.00545  4.53802e+00 |146  0.12303 -2.45370e+00 |147 -0.04058  2.22974e+00
148  0.09498  4.59055e-01 |149  0.04771 -8.99139e-01 |150  0.14714  4.27946e+00
151 -0.03694 -3.11871e+00 |152 -0.00119 -5.88329e-06 |153 -0.00127 -6.25702e-06
154 -0.00012 -5.74710e-07 |155 -0.00012 -6.05625e-07 |156  0.19428 -1.04341e+00
157  0.08321  3.80596e+00 |158 -0.39908 -2.91219e-01 |159 -0.20100  6.73119e-01
160 -0.04042  4.29078e-01 |161  0.08804 -2.12895e+00 |162 -0.52695 -2.21975e-04
163  0.07921  4.25940e+00 |164  0.06843 -1.53770e+01 |165 -0.17764 -2.16008e+01
166 -0.14467  5.96284e+00 |167  0.28235  2.53434e+00 |168  0.04455  1.53302e+00
169 -0.00073 -3.60098e-06 |170 -0.00109 -5.39915e-06 |171  0.00002  1.05559e-07
172 -0.00044 -2.15239e-06 |
172 variables; iteration 60; function evaluation 80; phase 3
Function value 7.0819706e+03; maximum gradient component mag -2.1877e+00
Var    Value     Gradient |Var    Value     Gradient |Var    Value     Gradient
  1 -0.38787 -1.56615e-01 |  2  0.35900  5.04961e-01 |  3 -0.14548  2.20746e-01
  4  0.02417  3.64089e-01 |  5 -0.68136  4.13482e-02 |  6 -0.61930 -8.71931e-02
  7 -0.41867  1.37529e-01 |  8  0.35634 -2.18767e+00 |  9 -0.19986 -1.11612e-02
 10  0.08127 -9.92462e-01 | 11 -0.61179  1.31865e-01 | 12 -0.63633  1.71578e-01
 13  0.99225 -6.05649e-07 | 14 -0.00255  6.01315e-03 | 15 -0.00256  6.05524e-03
 16 -0.00256  6.08244e-03 | 17 -0.00255  6.09335e-03 | 18 -0.00254  6.08664e-03
 19 -0.00251  6.06109e-03 | 20 -0.00247  6.01553e-03 | 21 -0.00242  5.94884e-03
 22 -0.00236  5.86005e-03 | 23 -0.00229  5.74817e-03 | 24 -0.00221  5.61241e-03
 25 -0.00211  5.45217e-03 | 26 -0.00200  5.26715e-03 | 27 -0.00187  5.05759e-03
 28 -0.00174  4.82452e-03 | 29 -0.00159  4.56983e-03 | 30 -0.00142  4.29664e-03
 31 -0.00124  4.00917e-03 | 32 -0.00105  3.71256e-03 | 33 -0.00084  3.41193e-03
 34 -0.00063  3.11142e-03 | 35 -0.00040  2.81196e-03 | 36 -0.00016  2.50986e-03
 37  0.00007  2.19389e-03 | 38  0.00030  1.84493e-03 | 39  0.00051  1.43516e-03
 40  0.00070  9.31040e-04 | 41  0.00085  2.96761e-04 | 42  0.00095 -5.00195e-04
 43  0.00100 -1.48337e-03 | 44  0.00099 -2.66296e-03 | 45  0.00092 -4.03308e-03
 46  0.00078 -5.57146e-03 | 47  0.00058 -7.24012e-03 | 48  0.00033 -8.98959e-03
 49  0.00006 -1.07671e-02 | 50 -0.00023 -1.25283e-02 | 51 -0.00050 -1.42505e-02
 52 -0.00073 -1.59438e-02 | 53 -0.00089 -1.76586e-02 | 54 -0.00094 -1.94801e-02
 55 -0.00086 -2.15126e-02 | 56 -0.00061 -2.38428e-02 | 57 -0.00017 -2.64733e-02
 58  0.00050 -2.92062e-02 | 59  0.00142 -3.14650e-02 | 60  0.00262 -3.20743e-02
 61  0.00412 -2.91357e-02 | 62  0.00594 -2.03621e-02 | 63  0.00807 -4.49135e-03
 64  0.01046  1.58759e-02 | 65  0.01302  3.15026e-02 | 66  0.01556  2.86369e-02
 67  0.01791  1.59349e-04 | 68  0.01992 -4.26993e-02 | 69  0.02151 -7.72649e-02
 70  0.02256 -9.09632e-02 | 71  0.02297 -8.67055e-02 | 72  0.02272 -6.92929e-02
 73  0.02189 -3.92792e-02 | 74  0.02054 -4.43230e-04 | 75  0.01868  3.54552e-02
 76  0.01620  5.32671e-02 | 77  0.01295  4.30196e-02 | 78  0.00895  1.23619e-02
 79  0.00446 -9.31487e-03 | 80 -0.00011 -1.97350e-03 | 81 -0.00437  1.94939e-02
 82 -0.00797  3.41199e-02 | 83 -0.01067  3.91435e-02 | 84 -0.01245  4.04383e-02
 85 -0.01343  4.17021e-02 | 86 -0.01374  4.34187e-02 | 87 -0.01332  4.45759e-02
 88 -0.01196  4.38369e-02 | 89 -0.00957  4.03375e-02 | 90 -0.00644  3.43811e-02
 91 -0.00317  2.74352e-02 | 92  0.00002  1.92777e-02 | 93  0.00364  4.69726e-03
 94  0.00801 -2.63249e-02 | 95  0.01233 -7.61076e-02 | 96  0.01555 -1.24904e-01
 97  0.01722 -1.49916e-01 | 98  0.01564 -1.64685e-01 | 99  0.01075 -1.90337e-01
100  0.01010 -2.46085e-01 |101  0.02461 -2.07018e-01 |102  0.04983 -8.75720e-02
103  0.03718 -1.82898e-01 |104  0.01846  1.65087e-02 |105  0.01584  3.33686e-02
106  0.01389 -7.31995e-03 |107  0.02046  2.26803e-02 |108  0.00450  3.95319e-02
109 -0.06537  1.25034e-01 |110 -0.07489 -3.22448e-02 |111 -0.07631 -1.71328e-02
112 -0.05460  1.02629e-02 |113  0.05695  8.81832e-02 |114  0.01236  1.82315e-01
115  0.01203  2.93518e-01 |116 -0.04042  2.13128e-01 |117 -0.08170  3.07578e-01
118 -0.03262  1.16231e-01 |119 -0.02592 -1.92443e-01 |120 -0.05088  2.60013e-02
121  0.00186  2.07079e-01 |122  0.03835  1.72012e-01 |123 -0.00395  5.49040e-02
124  0.04392 -3.90078e-01 |125 -0.01686  4.66948e-02 |126  0.10158  3.22656e-02
127 -0.01134  3.41693e-02 |128 -0.05084  2.01945e-02 |129 -0.06037 -8.18366e-02
130 -0.02682 -5.36793e-02 |131  0.08541 -9.84688e-02 |132  0.02381  8.94989e-02
133  0.01228 -3.85076e-02 |134 -0.03444 -1.32684e-02 |135 -0.01880  3.90194e-02
136 -0.00445 -1.88894e-02 |137 -0.00000 -9.69564e-08 |138  0.03083  2.20970e-01
139 -0.58712  2.34904e-05 |140  0.03470 -1.95260e-01 |141 -0.10958 -1.83794e-01
142  0.20022  1.50832e-01 |143  0.16705 -1.59171e-01 |144 -0.58160 -1.79898e-06
145 -0.00746  2.56765e-01 |146  0.12162  1.41277e-02 |147 -0.04260  2.39650e-02
148  0.09297 -7.54858e-02 |149  0.04754  8.72627e-02 |150  0.14403  4.59171e-02
151 -0.03855 -1.42125e-01 |152 -0.00118 -5.82377e-06 |153 -0.00126 -6.19372e-06
154 -0.00012 -5.68896e-07 |155 -0.00012 -5.99498e-07 |156  0.19359  3.15858e-03
157  0.08063 -5.76091e-02 |158 -0.40100  7.83140e-02 |159 -0.19884  1.23472e+00
160 -0.04176  1.38481e-01 |161  0.08796  1.76500e-02 |162 -0.52696  8.22407e-06
163  0.07791 -2.94134e-02 |164  0.06397  4.38023e-01 |165 -0.17480  9.22872e-01
166 -0.15678 -7.21672e-02 |167  0.22663 -9.87580e-03 |168  0.01188  1.75869e-01
169 -0.00072 -3.56455e-06 |170 -0.00108 -5.34453e-06 |171  0.00002  1.04491e-07
172 -0.00043 -2.13061e-06 |

 - final statistics:
172 variables; iteration 63; function evaluation 84
Function value 7.0820e+03; maximum gradient component mag 7.2728e-01
Exit code = 1;  converg criter 1.0000e+00
Var    Value     Gradient |Var    Value     Gradient |Var    Value     Gradient
  1 -0.38783 -6.14767e-02 |  2  0.35902  2.02825e-01 |  3 -0.14546  9.11091e-02
  4  0.02410  8.76465e-02 |  5 -0.68133  1.25640e-02 |  6 -0.61929 -1.23420e-02
  7 -0.41864  1.54939e-02 |  8  0.35637 -7.23133e-01 |  9 -0.19988 -9.91536e-02
 10  0.08128 -3.20247e-01 | 11 -0.61201 -6.45969e-02 | 12 -0.63631  3.84526e-03
 13  0.99225 -2.91582e-07 | 14 -0.00255  2.40600e-03 | 15 -0.00256  2.51678e-03
 16 -0.00256  2.63371e-03 | 17 -0.00256  2.75706e-03 | 18 -0.00254  2.88726e-03
 19 -0.00251  3.02470e-03 | 20 -0.00247  3.16978e-03 | 21 -0.00242  3.32276e-03
 22 -0.00236  3.48396e-03 | 23 -0.00229  3.65344e-03 | 24 -0.00220  3.83130e-03
 25 -0.00210  4.01746e-03 | 26 -0.00199  4.21174e-03 | 27 -0.00187  4.41384e-03
 28 -0.00173  4.62332e-03 | 29 -0.00158  4.83927e-03 | 30 -0.00141  5.06022e-03
 31 -0.00123  5.28354e-03 | 32 -0.00103  5.50489e-03 | 33 -0.00083  5.71729e-03
 34 -0.00061  5.91059e-03 | 35 -0.00038  6.07068e-03 | 36 -0.00014  6.18010e-03
 37  0.00009  6.21853e-03 | 38  0.00032  6.16539e-03 | 39  0.00053  6.00230e-03
 40  0.00072  5.71628e-03 | 41  0.00087  5.30158e-03 | 42  0.00097  4.75988e-03
 43  0.00102  4.09827e-03 | 44  0.00101  3.32575e-03 | 45  0.00094  2.44968e-03
 46  0.00080  1.47429e-03 | 47  0.00060  4.02019e-04 | 48  0.00036 -7.62166e-04
 49  0.00008 -2.00568e-03 | 50 -0.00021 -3.30604e-03 | 51 -0.00048 -4.63304e-03
 52 -0.00071 -5.95513e-03 | 53 -0.00086 -7.24498e-03 | 54 -0.00092 -8.47629e-03
 55 -0.00083 -9.60539e-03 | 56 -0.00058 -1.05340e-02 | 57 -0.00014 -1.10604e-02
 58  0.00054 -1.08499e-02 | 59  0.00148 -9.50165e-03 | 60  0.00269 -6.83831e-03
 61  0.00419 -3.50570e-03 | 62  0.00598 -1.57296e-03 | 63  0.00803 -3.90665e-03
 64  0.01030 -1.06661e-02 | 65  0.01276 -1.47969e-02 | 66  0.01534 -6.43010e-03
 67  0.01789  9.05563e-03 | 68  0.02010  7.65400e-03 | 69  0.02174 -1.83313e-02
 70  0.02274 -4.40124e-02 | 71  0.02312 -4.72787e-02 | 72  0.02288 -2.79471e-02
 73  0.02205  3.53726e-04 | 74  0.02061  1.65708e-02 | 75  0.01855  9.17053e-03
 76  0.01591 -9.26326e-03 | 77  0.01271 -1.32774e-02 | 78  0.00893  4.01557e-04
 79  0.00455  2.91237e-03 | 80 -0.00008 -6.39855e-03 | 81 -0.00439 -7.41018e-04
 82 -0.00798  1.23754e-02 | 83 -0.01068  1.75862e-02 | 84 -0.01247  1.61158e-02
 85 -0.01346  1.28462e-02 | 86 -0.01378  9.74840e-03 | 87 -0.01337  7.01243e-03
 88 -0.01203  4.46014e-03 | 89 -0.00964  2.44029e-03 | 90 -0.00650  2.05261e-03
 91 -0.00323  2.85427e-03 | 92 -0.00005 -6.33005e-05 | 93  0.00352 -1.21889e-02
 94  0.00790 -2.74514e-02 | 95  0.01233 -3.14608e-02 | 96  0.01565 -3.50852e-02
 97  0.01730 -4.14314e-02 | 98  0.01568 -4.96736e-02 | 99  0.01082 -6.32900e-02
100  0.01035 -8.25051e-02 |101  0.02474 -7.69848e-02 |102  0.04936 -5.92728e-02
103  0.03761 -4.33121e-02 |104  0.01828  1.01734e-02 |105  0.01566  1.22365e-02
106  0.01393  1.96486e-02 |107  0.02051  6.24260e-02 |108  0.00452  4.97709e-02
109 -0.06562  1.75745e-02 |110 -0.07486 -3.55179e-02 |111 -0.07626  1.57522e-03
112 -0.05452  4.16960e-02 |113  0.05694  2.76294e-02 |114  0.01233  7.33067e-02
115  0.01192  1.18938e-01 |116 -0.04054  6.94101e-02 |117 -0.08212  7.71053e-02
118 -0.03270  6.36774e-02 |119 -0.02548 -2.56208e-02 |120 -0.05095 -6.22892e-03
121  0.00171  9.77959e-02 |122  0.03831  5.31431e-02 |123 -0.00425 -7.51304e-02
124  0.04434 -1.38630e-01 |125 -0.01706 -2.23620e-02 |126  0.10152 -7.35326e-02
127 -0.01134  1.09351e-02 |128 -0.05087 -8.70361e-03 |129 -0.06019 -3.00116e-02
130 -0.02671 -1.85919e-02 |131  0.08575  5.22042e-02 |132  0.02371  4.94004e-02
133  0.01245  7.01095e-03 |134 -0.03428  2.37330e-02 |135 -0.01892 -4.64149e-04
136 -0.00449 -2.78132e-02 |137 -0.00000 -1.74821e-07 |138  0.03083  1.01359e-01
139 -0.58714  1.89599e-05 |140  0.03471 -5.57608e-02 |141 -0.10941 -2.90107e-02
142  0.20010  3.18807e-02 |143  0.16703 -5.46719e-02 |144 -0.58159 -4.56420e-06
145 -0.00751  3.93939e-02 |146  0.12156 -2.12119e-02 |147 -0.04266  3.02717e-02
148  0.09315  1.33428e-02 |149  0.04763  3.57938e-02 |150  0.14417 -4.10365e-03
151 -0.03837 -1.93996e-02 |152 -0.00118 -5.80073e-06 |153 -0.00125 -6.16921e-06
154 -0.00011 -5.66645e-07 |155 -0.00012 -5.97126e-07 |156  0.19370  3.90478e-02
157  0.08073  1.60513e-03 |158 -0.39880  9.49979e-02 |159 -0.19988  7.27281e-01
160 -0.04041  2.35047e-02 |161  0.08797  2.35359e-03 |162 -0.52697  1.70056e-06
163  0.07791 -2.94749e-02 |164  0.06404  6.34245e-02 |165 -0.17486  1.11026e-01
166 -0.15662 -2.13751e-02 |167  0.22540 -4.29309e-02 |168  0.01097  7.98850e-02
169 -0.00072 -3.55044e-06 |170 -0.00108 -5.32339e-06 |171  0.00002  1.04078e-07
172 -0.00043 -2.12218e-06 |

Initial statistics: 187 variables; iteration 0; function evaluation 0; phase 4
Function value 7.0819691e+03; maximum gradient component mag -9.1298e+00
Var    Value     Gradient |Var    Value     Gradient |Var    Value     Gradient
  1 -0.38783 -6.14767e-02 |  2  0.35902  2.02825e-01 |  3 -0.14546  9.11091e-02
  4  0.02410  8.76465e-02 |  5 -0.68133  1.25640e-02 |  6 -0.61929 -1.23420e-02
  7 -0.41864  1.54939e-02 |  8  0.35637 -7.23133e-01 |  9 -0.19988 -9.91536e-02
 10  0.08128 -3.20247e-01 | 11 -0.61201 -6.45969e-02 | 12 -0.63631  3.84526e-03
 13  0.99225 -2.91582e-07 | 14 -0.00255  2.40600e-03 | 15 -0.00256  2.51678e-03
 16 -0.00256  2.63371e-03 | 17 -0.00256  2.75706e-03 | 18 -0.00254  2.88726e-03
 19 -0.00251  3.02470e-03 | 20 -0.00247  3.16978e-03 | 21 -0.00242  3.32276e-03
 22 -0.00236  3.48396e-03 | 23 -0.00229  3.65344e-03 | 24 -0.00220  3.83130e-03
 25 -0.00210  4.01746e-03 | 26 -0.00199  4.21174e-03 | 27 -0.00187  4.41384e-03
 28 -0.00173  4.62332e-03 | 29 -0.00158  4.83927e-03 | 30 -0.00141  5.06022e-03
 31 -0.00123  5.28354e-03 | 32 -0.00103  5.50489e-03 | 33 -0.00083  5.71729e-03
 34 -0.00061  5.91059e-03 | 35 -0.00038  6.07068e-03 | 36 -0.00014  6.18010e-03
 37  0.00009  6.21853e-03 | 38  0.00032  6.16539e-03 | 39  0.00053  6.00230e-03
 40  0.00072  5.71628e-03 | 41  0.00087  5.30158e-03 | 42  0.00097  4.75988e-03
 43  0.00102  4.09827e-03 | 44  0.00101  3.32575e-03 | 45  0.00094  2.44968e-03
 46  0.00080  1.47429e-03 | 47  0.00060  4.02019e-04 | 48  0.00036 -7.62166e-04
 49  0.00008 -2.00568e-03 | 50 -0.00021 -3.30604e-03 | 51 -0.00048 -4.63304e-03
 52 -0.00071 -5.95513e-03 | 53 -0.00086 -7.24498e-03 | 54 -0.00092 -8.47629e-03
 55 -0.00083 -9.60539e-03 | 56 -0.00058 -1.05340e-02 | 57 -0.00014 -1.10604e-02
 58  0.00054 -1.08499e-02 | 59  0.00148 -9.50165e-03 | 60  0.00269 -6.83831e-03
 61  0.00419 -3.50570e-03 | 62  0.00598 -1.57296e-03 | 63  0.00803 -3.90665e-03
 64  0.01030 -1.06661e-02 | 65  0.01276 -1.47969e-02 | 66  0.01534 -6.43010e-03
 67  0.01789  9.05563e-03 | 68  0.02010  7.65400e-03 | 69  0.02174 -1.83313e-02
 70  0.02274 -4.40124e-02 | 71  0.02312 -4.72787e-02 | 72  0.02288 -2.79471e-02
 73  0.02205  3.53726e-04 | 74  0.02061  1.65708e-02 | 75  0.01855  9.17053e-03
 76  0.01591 -9.26326e-03 | 77  0.01271 -1.32774e-02 | 78  0.00893  4.01557e-04
 79  0.00455  2.91237e-03 | 80 -0.00008 -6.39855e-03 | 81 -0.00439 -7.41018e-04
 82 -0.00798  1.23754e-02 | 83 -0.01068  1.75862e-02 | 84 -0.01247  1.61158e-02
 85 -0.01346  1.28462e-02 | 86 -0.01378  9.74840e-03 | 87 -0.01337  7.01243e-03
 88 -0.01203  4.46014e-03 | 89 -0.00964  2.44029e-03 | 90 -0.00650  2.05261e-03
 91 -0.00323  2.85427e-03 | 92 -0.00005 -6.33005e-05 | 93  0.00352 -1.21889e-02
 94  0.00790 -2.74514e-02 | 95  0.01233 -3.14608e-02 | 96  0.01565 -3.50852e-02
 97  0.01730 -4.14314e-02 | 98  0.01568 -4.96736e-02 | 99  0.01082 -6.32900e-02
100  0.01035 -8.25051e-02 |101  0.02474 -7.69848e-02 |102  0.04936 -5.92728e-02
103  0.03761 -4.33121e-02 |104  0.01828  1.01734e-02 |105  0.01566  1.22365e-02
106  0.01393  1.96486e-02 |107  0.02051  6.24260e-02 |108  0.00452  4.97709e-02
109 -0.06562  1.75745e-02 |110 -0.07486 -3.55179e-02 |111 -0.07626  1.57522e-03
112 -0.05452  4.16960e-02 |113  0.05694  2.76294e-02 |114  0.01233  7.33067e-02
115  0.01192  1.18938e-01 |116 -0.04054  6.94101e-02 |117 -0.08212  7.71053e-02
118 -0.03270  6.36774e-02 |119 -0.02548 -2.56208e-02 |120 -0.05095 -6.22892e-03
121  0.00171  9.77959e-02 |122  0.03831  5.31431e-02 |123 -0.00425 -7.51304e-02
124  0.04434 -1.38630e-01 |125 -0.01706 -2.23620e-02 |126  0.10152 -7.35326e-02
127 -0.01134  1.09351e-02 |128 -0.05087 -8.70361e-03 |129 -0.06019 -3.00116e-02
130 -0.02671 -1.85919e-02 |131  0.08575  5.22042e-02 |132  0.02371  4.94004e-02
133  0.01245  7.01095e-03 |134 -0.03428  2.37330e-02 |135 -0.01892 -4.64149e-04
136 -0.00449 -2.78132e-02 |137 -0.00000 -1.74821e-07 |138  0.03083  1.01359e-01
139 -0.58714  1.89599e-05 |140  0.03471 -5.57608e-02 |141 -0.40151  1.61509e-02
142  0.81910  9.40602e-01 |143 -0.10941 -2.90107e-02 |144  0.20010  3.18807e-02
145 -0.23853 -2.88185e-02 |146  0.16703 -5.46719e-02 |147 -0.58159 -4.56420e-06
148 -0.00751  3.93939e-02 |149 -0.42325  1.66092e-02 |150  0.82183  2.68947e-01
151  0.12156 -2.12119e-02 |152 -0.04266  3.02717e-02 |153 -0.12660  4.35690e-03
154  0.09315  1.33428e-02 |155  0.04763  3.57938e-02 |156  0.14417 -4.10365e-03
157 -0.03837 -1.93996e-02 |158 -0.00118 -5.80073e-06 |159 -0.00125 -6.16921e-06
160 -0.00011 -5.66645e-07 |161 -0.00012 -5.97126e-07 |162 -0.00036 -1.75732e-06
163  0.19370  3.90478e-02 |164  0.08073  1.60513e-03 |165 -0.25983  1.52723e-01
166 -0.39880  9.49979e-02 |167 -0.19988  7.27281e-01 |168 -0.04041  2.35047e-02
169 -0.28311  4.97799e-01 |170  0.81678 -9.12979e+00 |171  0.08797  2.35359e-03
172 -0.52697  1.70056e-06 |173  0.07791 -2.94749e-02 |174 -0.40419 -2.76629e-03
175 -0.14536  3.30053e-02 |176  0.06404  6.34245e-02 |177 -0.17486  1.11026e-01
178 -0.15662 -2.13751e-02 |179 -1.00000 -1.96890e-08 |180 -0.13896  1.04709e-01
181  0.22540 -4.29309e-02 |182  0.01097  7.98850e-02 |183 -0.00072 -3.55044e-06
184 -0.00108 -5.32339e-06 |185  0.00002  1.04078e-07 |186 -0.00043 -2.12218e-06
187 -0.00075 -3.71196e-06 |

Intermediate statistics: 187 variables; iteration 20; function evaluation 24; phase 4
Function value 7.0819688e+03; maximum gradient component mag 1.1910e+00
Var    Value     Gradient |Var    Value     Gradient |Var    Value     Gradient
  1 -0.38782 -1.41551e-01 |  2  0.35904  9.89377e-01 |  3 -0.14545  7.27341e-01
  4  0.02409  6.74206e-01 |  5 -0.68131 -3.52987e-02 |  6 -0.61931 -5.90880e-01
  7 -0.41862 -2.89256e-02 |  8  0.35641  8.48113e-01 |  9 -0.19987  1.19101e+00
 10  0.08124  7.71102e-01 | 11 -0.61185  4.24531e-02 | 12 -0.63632  8.26758e-02
 13  0.99225 -1.52976e-07 | 14 -0.00255  2.86046e-03 | 15 -0.00256  2.94971e-03
 16 -0.00256  3.04126e-03 | 17 -0.00255  3.13509e-03 | 18 -0.00254  3.23120e-03
 19 -0.00251  3.32956e-03 | 20 -0.00247  3.43012e-03 | 21 -0.00242  3.53279e-03
 22 -0.00236  3.63744e-03 | 23 -0.00229  3.74389e-03 | 24 -0.00220  3.85191e-03
 25 -0.00210  3.96120e-03 | 26 -0.00199  4.07143e-03 | 27 -0.00187  4.18218e-03
 28 -0.00173  4.29300e-03 | 29 -0.00158  4.40329e-03 | 30 -0.00141  4.51229e-03
 31 -0.00123  4.61894e-03 | 32 -0.00104  4.72174e-03 | 33 -0.00083  4.81851e-03
 34 -0.00061  4.90624e-03 | 35 -0.00038  4.98091e-03 | 36 -0.00015  5.03754e-03
 37  0.00008  5.07036e-03 | 38  0.00031  5.07341e-03 | 39  0.00052  5.04116e-03
 40  0.00071  4.96933e-03 | 41  0.00086  4.85541e-03 | 42  0.00097  4.69882e-03
 43  0.00102  4.50039e-03 | 44  0.00101  4.26163e-03 | 45  0.00094  3.98380e-03
 46  0.00080  3.66758e-03 | 47  0.00060  3.31343e-03 | 48  0.00036  2.92259e-03
 49  0.00008  2.49830e-03 | 50 -0.00020  2.04626e-03 | 51 -0.00047  1.57396e-03
 52 -0.00069  1.08902e-03 | 53 -0.00085  5.97823e-04 | 54 -0.00090  1.06313e-04
 55 -0.00082 -3.75371e-04 | 56 -0.00057 -8.23549e-04 | 57 -0.00012 -1.18823e-03
 58  0.00056 -1.38424e-03 | 59  0.00149 -1.30451e-03 | 60  0.00269 -8.90258e-04
 61  0.00418 -2.87451e-04 | 62  0.00596 -2.52521e-05 | 63  0.00801 -8.96572e-04
 64  0.01030 -3.03103e-03 | 65  0.01277 -4.51982e-03 | 66  0.01533 -2.39928e-03
 67  0.01783  2.01247e-03 | 68  0.02004  1.38843e-03 | 69  0.02176 -7.11689e-03
 70  0.02284 -1.58068e-02 | 71  0.02324 -1.73335e-02 | 72  0.02294 -1.15049e-02
 73  0.02201 -2.87610e-03 | 74  0.02052  1.70429e-03 | 75  0.01849 -1.15733e-03
 76  0.01591 -7.15338e-03 | 77  0.01273 -8.58100e-03 | 78  0.00891 -4.95401e-03
 79  0.00453 -4.48010e-03 | 80 -0.00007 -6.88372e-03 | 81 -0.00439 -5.44771e-03
 82 -0.00802 -2.38972e-03 | 83 -0.01074 -1.24782e-03 | 84 -0.01251 -1.59587e-03
 85 -0.01349 -2.33733e-03 | 86 -0.01380 -3.08076e-03 | 87 -0.01339 -3.83650e-03
 88 -0.01204 -4.70832e-03 | 89 -0.00965 -5.68529e-03 | 90 -0.00652 -6.54263e-03
 91 -0.00325 -7.34795e-03 | 92 -0.00008 -9.30268e-03 | 93  0.00351 -1.39913e-02
 94  0.00791 -2.01829e-02 | 95  0.01233 -2.38623e-02 | 96  0.01563 -2.75538e-02
 97  0.01728 -3.18436e-02 | 98  0.01565 -3.58893e-02 | 99  0.01083 -4.02258e-02
100  0.01041 -4.61126e-02 |101  0.02477 -4.82934e-02 |102  0.04932 -4.86688e-02
103  0.03761 -4.35240e-02 |104  0.01820 -1.74153e-02 |105  0.01565 -7.79748e-03
106  0.01394  3.89889e-03 |107  0.02046  1.82517e-02 |108  0.00449  1.11279e-02
109 -0.06564  1.76010e-03 |110 -0.07480 -8.86352e-03 |111 -0.07628 -4.74704e-03
112 -0.05461  1.03064e-02 |113  0.05698  1.30205e-02 |114  0.01233  3.15112e-02
115  0.01188  6.27849e-02 |116 -0.04057  3.84761e-02 |117 -0.08220  4.32512e-02
118 -0.03274  4.87367e-02 |119 -0.02534  3.32843e-02 |120 -0.05087  2.78904e-02
121  0.00161  5.23848e-02 |122  0.03832  3.69131e-02 |123 -0.00413 -5.74989e-03
124  0.04452 -4.38877e-02 |125 -0.01702 -1.78691e-02 |126  0.10165 -1.82444e-02
127 -0.01132  5.57412e-03 |128 -0.05081  6.73654e-03 |129 -0.06011 -1.14136e-03
130 -0.02664 -4.36607e-03 |131  0.08568 -1.04014e-02 |132  0.02359 -3.96046e-03
133  0.01242 -4.37305e-03 |134 -0.03435  2.12132e-03 |135 -0.01893 -1.07261e-03
136 -0.00441 -4.86650e-03 |137 -0.00000 -6.25242e-09 |138  0.03085  2.83411e-01
139 -0.58714  2.77129e-05 |140  0.03469 -2.15708e-01 |141 -0.40151  3.53924e-02
142  0.81910  2.94524e-01 |143 -0.10938 -6.66255e-03 |144  0.20004  7.01339e-03
145 -0.23853 -4.41090e-03 |146  0.16703 -1.85406e-01 |147 -0.58159 -7.80694e-06
148 -0.00751  1.69152e-01 |149 -0.42325  4.13491e-02 |150  0.82183 -4.28048e-01
151  0.12156 -9.39225e-03 |152 -0.04268  2.00152e-02 |153 -0.12659  1.17223e-02
154  0.09310  2.80353e-02 |155  0.04757 -1.71411e-02 |156  0.14422  4.45087e-02
157 -0.03833 -3.60167e-02 |158 -0.00118 -5.80059e-06 |159 -0.00125 -6.16906e-06
160 -0.00011 -5.66631e-07 |161 -0.00012 -5.97111e-07 |162 -0.00036 -1.75728e-06
163  0.19368  6.27112e-02 |164  0.08071 -2.45975e-02 |165 -0.25982  2.09381e-01
166 -0.39846  1.07184e-01 |167 -0.20012  3.98095e-01 |168 -0.04033 -9.18710e-02
169 -0.28324  2.90096e-01 |170  0.81679 -8.20731e-03 |171  0.08797 -1.18578e-02
172 -0.52697 -2.82639e-06 |173  0.07792 -1.67735e-02 |174 -0.40419 -7.33629e-03
175 -0.14536  4.15368e-02 |176  0.06406  1.91480e-01 |177 -0.17487  1.38162e-01
178 -0.15658 -4.89417e-02 |179 -1.00000 -1.81902e-02 |180 -0.13894  4.56934e-01
181  0.22539 -2.06369e-02 |182  0.01090  4.61398e-02 |183 -0.00072 -3.55035e-06
184 -0.00108 -5.32326e-06 |185  0.00002  1.04075e-07 |186 -0.00043 -2.12213e-06
187 -0.00075 -3.71186e-06 |
187 variables; iteration 40; function evaluation 45; phase 4
Function value 7.0819687e+03; maximum gradient component mag 1.0465e+00
Var    Value     Gradient |Var    Value     Gradient |Var    Value     Gradient
  1 -0.38782 -1.40074e-01 |  2  0.35904  8.94616e-01 |  3 -0.14545  6.54488e-01
  4  0.02408  5.83452e-01 |  5 -0.68132 -3.92542e-02 |  6 -0.61930 -5.14324e-01
  7 -0.41862 -3.24315e-02 |  8  0.35641  7.37711e-01 |  9 -0.19987  1.04648e+00
 10  0.08125  6.88817e-01 | 11 -0.61187  1.42510e-02 | 12 -0.63632  7.92691e-02
 13  0.99225 -9.49071e-08 | 14 -0.00255  2.23254e-03 | 15 -0.00256  2.31646e-03
 16 -0.00256  2.40402e-03 | 17 -0.00256  2.49534e-03 | 18 -0.00254  2.59061e-03
 19 -0.00251  2.69000e-03 | 20 -0.00247  2.79366e-03 | 21 -0.00242  2.90170e-03
 22 -0.00236  3.01421e-03 | 23 -0.00229  3.13119e-03 | 24 -0.00220  3.25261e-03
 25 -0.00210  3.37840e-03 | 26 -0.00199  3.50839e-03 | 27 -0.00187  3.64236e-03
 28 -0.00173  3.77999e-03 | 29 -0.00158  3.92078e-03 | 30 -0.00141  4.06395e-03
 31 -0.00123  4.20824e-03 | 32 -0.00104  4.35170e-03 | 33 -0.00083  4.49130e-03
 34 -0.00061  4.62277e-03 | 35 -0.00038  4.74027e-03 | 36 -0.00015  4.83667e-03
 37  0.00008  4.90374e-03 | 38  0.00031  4.93318e-03 | 39  0.00052  4.91750e-03
 40  0.00071  4.85128e-03 | 41  0.00086  4.73179e-03 | 42  0.00097  4.55905e-03
 43  0.00102  4.33504e-03 | 44  0.00101  4.06239e-03 | 45  0.00094  3.74310e-03
 46  0.00080  3.37796e-03 | 47  0.00060  2.96722e-03 | 48  0.00036  2.51220e-03
 49  0.00008  2.01740e-03 | 50 -0.00020  1.49141e-03 | 51 -0.00047  9.46216e-04
 52 -0.00069  3.94766e-04 | 53 -0.00085 -1.51263e-04 | 54 -0.00090 -6.80362e-04
 55 -0.00082 -1.17426e-03 | 56 -0.00057 -1.59395e-03 | 57 -0.00012 -1.86166e-03
 58  0.00056 -1.85193e-03 | 59  0.00149 -1.42029e-03 | 60  0.00269 -5.15426e-04
 61  0.00419  6.03054e-04 | 62  0.00597  1.16742e-03 | 63  0.00802  1.62623e-04
 64  0.01030 -2.42040e-03 | 65  0.01277 -4.04103e-03 | 66  0.01533 -1.13766e-03
 67  0.01784  4.51226e-03 | 68  0.02005  4.04977e-03 | 69  0.02176 -6.04628e-03
 70  0.02284 -1.65118e-02 | 71  0.02323 -1.81773e-02 | 72  0.02294 -1.07124e-02
 73  0.02202  1.19041e-04 | 74  0.02053  5.83902e-03 | 75  0.01850  2.44646e-03
 76  0.01592 -4.78676e-03 | 77  0.01273 -6.55997e-03 | 78  0.00891 -1.94291e-03
 79  0.00454 -1.29975e-03 | 80 -0.00007 -5.14394e-03 | 81 -0.00439 -3.36113e-03
 82 -0.00801  1.60589e-03 | 83 -0.01072  3.42832e-03 | 84 -0.01250  2.34527e-03
 85 -0.01349  3.77175e-04 | 86 -0.01380 -1.60034e-03 | 87 -0.01339 -3.48427e-03
 88 -0.01204 -5.34391e-03 | 89 -0.00965 -7.02367e-03 | 90 -0.00652 -8.06577e-03
 91 -0.00325 -8.67037e-03 | 92 -0.00009 -1.07356e-02 | 93  0.00350 -1.62036e-02
 94  0.00790 -2.26201e-02 | 95  0.01233 -2.48288e-02 | 96  0.01563 -2.66821e-02
 97  0.01728 -2.91223e-02 | 98  0.01566 -3.16684e-02 | 99  0.01083 -3.57102e-02
100  0.01040 -4.23458e-02 |101  0.02476 -4.19251e-02 |102  0.04934 -3.28271e-02
103  0.03760 -3.02503e-02 |104  0.01821 -1.25250e-03 |105  0.01564  5.69758e-03
106  0.01393  1.91685e-02 |107  0.02047  5.09307e-02 |108  0.00452  5.52034e-02
109 -0.06561  3.38654e-02 |110 -0.07478  1.74732e-02 |111 -0.07628  8.98289e-03
112 -0.05460  2.26489e-02 |113  0.05698  2.48253e-02 |114  0.01235  2.69109e-02
115  0.01184  2.36147e-02 |116 -0.04060 -1.74344e-03 |117 -0.08222  1.52659e-02
118 -0.03275  1.19566e-02 |119 -0.02537 -8.03999e-03 |120 -0.05090 -7.15130e-04
121  0.00161  3.00054e-02 |122  0.03830  1.55732e-02 |123 -0.00413 -9.90052e-03
124  0.04451 -4.07932e-02 |125 -0.01703 -1.37627e-02 |126  0.10165 -2.60720e-02
127 -0.01133  2.75077e-04 |128 -0.05080  4.85633e-03 |129 -0.06012 -7.50452e-03
130 -0.02668 -1.01520e-02 |131  0.08566 -1.06958e-02 |132  0.02362  4.81854e-03
133  0.01244 -3.65855e-04 |134 -0.03429  1.18233e-02 |135 -0.01891 -4.25303e-04
136 -0.00444 -9.53230e-03 |137 -0.00000 -3.38443e-08 |138  0.03085  2.24761e-01
139 -0.58714  2.56904e-05 |140  0.03470 -1.48005e-01 |141 -0.40150  2.97126e-02
142  0.81910  2.86185e-01 |143 -0.10938 -4.97263e-03 |144  0.20002 -5.03478e-03
145 -0.23854 -1.30300e-02 |146  0.16703 -4.02518e-02 |147 -0.58159 -3.14566e-06
148 -0.00753  1.22653e-02 |149 -0.42325  7.82071e-02 |150  0.82183 -3.91926e-01
151  0.12154 -4.61071e-02 |152 -0.04267  5.07027e-02 |153 -0.12661  8.48188e-03
154  0.09311  6.49891e-02 |155  0.04757 -6.74802e-02 |156  0.14421  1.21016e-01
157 -0.03836 -1.14068e-01 |158 -0.00117 -5.79722e-06 |159 -0.00125 -6.16548e-06
160 -0.00011 -5.66302e-07 |161 -0.00012 -5.96765e-07 |162 -0.00036 -1.75626e-06
163  0.19372  8.39678e-02 |164  0.08073 -1.78657e-02 |165 -0.25982  2.82613e-01
166 -0.39590  1.34255e-01 |167 -0.20122  3.56907e-01 |168 -0.03842 -4.01570e-02
169 -0.28293  2.90607e-01 |170  0.81679 -1.92368e-01 |171  0.08797 -3.93385e-02
172 -0.52697 -9.92626e-06 |173  0.07791 -8.98553e-03 |174 -0.40419 -2.80938e-02
175 -0.14539 -1.18287e-01 |176  0.06403 -3.89418e-02 |177 -0.17485  2.45774e-01
178 -0.15658  5.34040e-02 |179 -1.00000 -1.82728e-02 |180 -0.13893  4.94559e-01
181  0.22543 -2.94868e-02 |182  0.01096  6.63926e-02 |183 -0.00072 -3.54829e-06
184 -0.00108 -5.32017e-06 |185  0.00002  1.04015e-07 |186 -0.00043 -2.12090e-06
187 -0.00075 -3.70971e-06 |
187 variables; iteration 60; function evaluation 66; phase 4
Function value 7.0819686e+03; maximum gradient component mag 1.7294e-01
Var    Value     Gradient |Var    Value     Gradient |Var    Value     Gradient
  1 -0.38779 -1.07343e-03 |  2  0.35902 -3.43616e-02 |  3 -0.14546 -2.40160e-02
  4  0.02409 -6.57896e-03 |  5 -0.68132 -6.66968e-03 |  6 -0.61929  3.02328e-02
  7 -0.41860 -6.79732e-03 |  8  0.35641 -1.26824e-01 |  9 -0.19988 -1.04740e-01
 10  0.08122 -7.57948e-02 | 11 -0.61183 -8.42892e-03 | 12 -0.63632 -8.58311e-03
 13  0.99225  3.86168e-08 | 14 -0.00255  2.19792e-04 | 15 -0.00256  2.33470e-04
 16 -0.00256  2.48161e-04 | 17 -0.00256  2.63939e-04 | 18 -0.00254  2.80899e-04
 19 -0.00251  2.99139e-04 | 20 -0.00247  3.18764e-04 | 21 -0.00242  3.39874e-04
 22 -0.00236  3.62584e-04 | 23 -0.00229  3.86992e-04 | 24 -0.00220  4.13206e-04
 25 -0.00211  4.41330e-04 | 26 -0.00199  4.71465e-04 | 27 -0.00187  5.03706e-04
 28 -0.00173  5.38145e-04 | 29 -0.00158  5.74828e-04 | 30 -0.00141  6.13754e-04
 31 -0.00123  6.54808e-04 | 32 -0.00104  6.97700e-04 | 33 -0.00083  7.41874e-04
 34 -0.00061  7.86443e-04 | 35 -0.00039  8.30100e-04 | 36 -0.00015  8.71164e-04
 37  0.00008  9.07623e-04 | 38  0.00031  9.37378e-04 | 39  0.00052  9.58476e-04
 40  0.00071  9.69436e-04 | 41  0.00086  9.69412e-04 | 42  0.00097  9.58220e-04
 43  0.00102  9.36129e-04 | 44  0.00101  9.03518e-04 | 45  0.00094  8.60533e-04
 46  0.00080  8.06942e-04 | 47  0.00060  7.42266e-04 | 48  0.00036  6.66189e-04
 49  0.00009  5.79005e-04 | 50 -0.00020  4.81805e-04 | 51 -0.00046  3.76190e-04
 52 -0.00069  2.63631e-04 | 53 -0.00084  1.44946e-04 | 54 -0.00089  2.06733e-05
 55 -0.00081 -1.07027e-04 | 56 -0.00056 -2.30640e-04 | 57 -0.00011 -3.32267e-04
 58  0.00057 -3.80510e-04 | 59  0.00149 -3.37588e-04 | 60  0.00269 -1.92020e-04
 61  0.00418 -2.56035e-05 | 62  0.00596 -6.51289e-05 | 63  0.00801 -5.51198e-04
 64  0.01031 -1.32865e-03 | 65  0.01278 -1.79578e-03 | 66  0.01533 -2.11597e-03
 67  0.01779 -3.41258e-03 | 68  0.02001 -4.46382e-03 | 69  0.02177 -2.68236e-03
 70  0.02291  1.05406e-04 | 71  0.02331  3.97647e-04 | 72  0.02298 -2.22180e-03
 73  0.02199 -5.55286e-03 | 74  0.02047 -6.73871e-03 | 75  0.01846 -5.53867e-03
 76  0.01592 -4.60080e-03 | 77  0.01274 -4.87443e-03 | 78  0.00891 -4.35477e-03
 79  0.00453 -4.18057e-03 | 80 -0.00007 -5.16110e-03 | 81 -0.00439 -4.65799e-03
 82 -0.00803 -3.54745e-03 | 83 -0.01075 -3.10437e-03 | 84 -0.01252 -3.08345e-03
 85 -0.01350 -3.08531e-03 | 86 -0.01381 -2.95983e-03 | 87 -0.01340 -2.68417e-03
 88 -0.01205 -2.25785e-03 | 89 -0.00966 -1.62752e-03 | 90 -0.00653 -6.48854e-04
 91 -0.00326  7.12004e-04 | 92 -0.00009  1.98844e-03 | 93  0.00351  2.57730e-03
 94  0.00792  3.27845e-03 | 95  0.01234  5.35779e-03 | 96  0.01564  7.41535e-03
 97  0.01728  9.15396e-03 | 98  0.01566  1.03086e-02 | 99  0.01085  1.02986e-02
100  0.01044  9.29207e-03 |101  0.02478  8.83608e-03 |102  0.04933  1.59468e-02
103  0.03763  1.00853e-02 |104  0.01818  8.53268e-03 |105  0.01564  3.47004e-03
106  0.01393 -4.45391e-03 |107  0.02042 -1.37776e-02 |108  0.00446 -2.06437e-02
109 -0.06565 -9.99308e-03 |110 -0.07477 -9.24241e-04 |111 -0.07627 -5.94442e-04
112 -0.05462 -2.29657e-03 |113  0.05700  4.30798e-03 |114  0.01233  4.41235e-03
115  0.01183  4.48510e-03 |116 -0.04059  6.10410e-03 |117 -0.08223 -2.46739e-03
118 -0.03277 -2.94548e-03 |119 -0.02535 -2.65676e-03 |120 -0.05089 -6.20766e-03
121  0.00156 -1.31538e-02 |122  0.03830 -1.26950e-02 |123 -0.00411 -5.27652e-03
124  0.04458  2.44978e-03 |125 -0.01700  8.45351e-03 |126  0.10173  2.58706e-02
127 -0.01132 -1.00196e-03 |128 -0.05079 -7.12103e-04 |129 -0.06009 -6.83886e-04
130 -0.02665  8.46815e-04 |131  0.08566  1.81061e-03 |132  0.02358 -3.64435e-03
133  0.01243 -1.64911e-03 |134 -0.03432  1.62548e-03 |135 -0.01891 -3.47497e-04
136 -0.00441 -2.81902e-03 |137 -0.00000 -8.91916e-09 |138  0.03082 -1.06794e-02
139 -0.58716  1.27566e-05 |140  0.03469  6.49905e-04 |141 -0.40150  5.90522e-04
142  0.81910  1.72943e-01 |143 -0.10936 -2.92746e-04 |144  0.20003 -2.04645e-03
145 -0.23854 -5.40238e-03 |146  0.16704 -7.22774e-03 |147 -0.58159 -1.25486e-06
148 -0.00753 -5.25949e-03 |149 -0.42325 -6.59161e-03 |150  0.82183  1.30081e-02
151  0.12154 -3.08117e-04 |152 -0.04271 -2.78224e-03 |153 -0.12662 -2.83201e-03
154  0.09307 -2.50841e-03 |155  0.04755  6.63746e-03 |156  0.14421 -1.01234e-02
157 -0.03833  5.37164e-03 |158 -0.00117 -5.75984e-06 |159 -0.00124 -6.12572e-06
160 -0.00011 -5.62650e-07 |161 -0.00012 -5.92917e-07 |162 -0.00035 -1.74493e-06
163  0.19366 -1.52395e-02 |164  0.08075  4.25233e-02 |165 -0.25983 -5.51376e-03
166 -0.39553 -4.44239e-04 |167 -0.20157  7.36226e-04 |168 -0.03817 -4.32672e-03
169 -0.28303  1.07136e-02 |170  0.81678 -5.91646e-02 |171  0.08798  1.18456e-03
172 -0.52698  6.13072e-06 |173  0.07793  3.38806e-03 |174 -0.40417  4.99123e-03
175 -0.14536  1.03477e-02 |176  0.06406  7.17850e-03 |177 -0.17486 -5.87532e-03
178 -0.15657 -4.91130e-03 |179 -1.00000 -1.84268e-02 |180 -0.13896 -2.36730e-02
181  0.22510 -2.04710e-02 |182  0.01067  1.12932e-02 |183 -0.00071 -3.52542e-06
184 -0.00107 -5.28586e-06 |185  0.00002  1.03344e-07 |186 -0.00043 -2.10722e-06
187 -0.00075 -3.68579e-06 |
187 variables; iteration 80; function evaluation 94; phase 4
Function value 7.0819686e+03; maximum gradient component mag 1.7165e-02
Var    Value     Gradient |Var    Value     Gradient |Var    Value     Gradient
  1 -0.38779  1.45280e-04 |  2  0.35903 -3.40357e-03 |  3 -0.14546 -2.61374e-03
  4  0.02409 -6.97807e-04 |  5 -0.68131 -7.26246e-04 |  6 -0.61929  3.00541e-03
  7 -0.41860 -3.27624e-04 |  8  0.35641 -1.26357e-02 |  9 -0.19988 -1.02694e-02
 10  0.08122 -7.64097e-03 | 11 -0.61182  2.73345e-04 | 12 -0.63632 -9.45886e-04
 13  0.99225  7.38165e-08 | 14 -0.00255 -7.31817e-05 | 15 -0.00256 -6.78457e-05
 16 -0.00256 -6.13968e-05 | 17 -0.00256 -5.37600e-05 | 18 -0.00254 -4.48633e-05
 19 -0.00251 -3.46481e-05 | 20 -0.00247 -2.30735e-05 | 21 -0.00242 -1.01187e-05
 22 -0.00236  4.21260e-06 | 23 -0.00229  1.98840e-05 | 24 -0.00220  3.68280e-05
 25 -0.00211  5.49326e-05 | 26 -0.00199  7.40438e-05 | 27 -0.00187  9.39415e-05
 28 -0.00173  1.14349e-04 | 29 -0.00158  1.34899e-04 | 30 -0.00141  1.55150e-04
 31 -0.00123  1.74575e-04 | 32 -0.00104  1.92600e-04 | 33 -0.00083  2.08655e-04
 34 -0.00062  2.22263e-04 | 35 -0.00039  2.33147e-04 | 36 -0.00015  2.41314e-04
 37  0.00008  2.47098e-04 | 38  0.00031  2.51078e-04 | 39  0.00052  2.53929e-04
 40  0.00071  2.56189e-04 | 41  0.00086  2.58086e-04 | 42  0.00096  2.59460e-04
 43  0.00102  2.59810e-04 | 44  0.00101  2.58418e-04 | 45  0.00093  2.54447e-04
 46  0.00080  2.46993e-04 | 47  0.00060  2.35087e-04 | 48  0.00036  2.17770e-04
 49  0.00009  1.94390e-04 | 50 -0.00020  1.65209e-04 | 51 -0.00046  1.32223e-04
 52 -0.00069  9.97213e-05 | 53 -0.00084  7.41333e-05 | 54 -0.00089  6.30836e-05
 55 -0.00081  7.36901e-05 | 56 -0.00056  1.09396e-04 | 57 -0.00011  1.63879e-04
 58  0.00057  2.12690e-04 | 59  0.00149  2.17617e-04 | 60  0.00269  1.77153e-04
 61  0.00418  2.05030e-04 | 62  0.00596  4.09624e-04 | 63  0.00801  4.85704e-04
 64  0.01031  2.03026e-04 | 65  0.01278  4.23313e-04 | 66  0.01533  3.33795e-05
 67  0.01779 -1.48684e-03 | 68  0.02002  4.85562e-04 | 69  0.02178  1.35180e-03
 70  0.02290 -2.75956e-04 | 71  0.02330 -6.12964e-04 | 72  0.02297 -7.14065e-05
 73  0.02200  8.84589e-04 | 74  0.02048 -5.94410e-04 | 75  0.01846 -2.24534e-03
 76  0.01592 -4.27037e-04 | 77  0.01275 -5.13685e-04 | 78  0.00891 -5.67684e-04
 79  0.00453 -9.52411e-04 | 80 -0.00007 -1.18470e-03 | 81 -0.00439 -1.59016e-03
 82 -0.00803 -3.21130e-04 | 83 -0.01075  8.85750e-06 | 84 -0.01252 -3.91953e-04
 85 -0.01350 -6.05672e-04 | 86 -0.01381 -6.02418e-04 | 87 -0.01339 -4.80351e-04
 88 -0.01204 -2.96561e-04 | 89 -0.00965 -6.34410e-05 | 90 -0.00653  2.40462e-04
 91 -0.00327  1.41787e-04 | 92 -0.00010 -2.81646e-04 | 93  0.00350  3.11247e-04
 94  0.00792  3.58989e-04 | 95  0.01233  5.29455e-04 | 96  0.01563  7.14262e-04
 97  0.01727  7.63076e-04 | 98  0.01565  6.96001e-04 | 99  0.01084  7.61457e-04
100  0.01044  8.60518e-04 |101  0.02479  1.19304e-03 |102  0.04930  1.36257e-03
103  0.03763  6.08872e-04 |104  0.01817  5.39908e-04 |105  0.01563 -1.05619e-04
106  0.01393  1.31918e-04 |107  0.02043 -1.28338e-03 |108  0.00448 -2.44774e-03
109 -0.06563 -4.92270e-04 |110 -0.07478 -1.22234e-03 |111 -0.07627  8.94006e-04
112 -0.05462 -1.31537e-03 |113  0.05700  8.57037e-04 |114  0.01232 -7.82992e-04
115  0.01183  2.45404e-03 |116 -0.04060 -1.77832e-03 |117 -0.08223 -4.46920e-04
118 -0.03276  7.62416e-04 |119 -0.02535 -1.53297e-03 |120 -0.05088 -5.53127e-04
121  0.00157 -6.24723e-04 |122  0.03831 -1.22111e-03 |123 -0.00411 -5.01568e-05
124  0.04458 -2.04993e-04 |125 -0.01701  2.33648e-03 |126  0.10171  2.65251e-03
127 -0.01131  1.33236e-03 |128 -0.05078  1.94854e-03 |129 -0.06010 -1.59598e-03
130 -0.02665 -7.06402e-04 |131  0.08566  8.02539e-04 |132  0.02360  1.27530e-03
133  0.01243 -2.31685e-03 |134 -0.03433  6.07156e-04 |135 -0.01891 -4.63503e-04
136 -0.00440 -1.01130e-03 |137 -0.00000  3.29682e-09 |138  0.03083 -8.35505e-04
139 -0.58719  1.01409e-05 |140  0.03469  8.63295e-05 |141 -0.40151 -6.24624e-04
142  0.81910  1.71654e-02 |143 -0.10939 -4.11161e-04 |144  0.20002 -1.70423e-03
145 -0.23852 -5.74749e-04 |146  0.16705 -6.50547e-04 |147 -0.58159 -2.06140e-07
148 -0.00753 -4.28886e-04 |149 -0.42325 -1.06255e-03 |150  0.82183 -6.06560e-04
151  0.12155 -7.68956e-04 |152 -0.04270 -1.06466e-03 |153 -0.12659  2.49318e-03
154  0.09307 -2.02246e-04 |155  0.04755  5.45482e-04 |156  0.14422 -3.41841e-04
157 -0.03832  1.20655e-03 |158 -0.00115 -5.68261e-06 |159 -0.00122 -6.04359e-06
160 -0.00011 -5.55106e-07 |161 -0.00012 -5.84967e-07 |162 -0.00035 -1.72154e-06
163  0.19365 -1.35808e-03 |164  0.08071  4.05502e-03 |165 -0.25983 -5.44927e-04
166 -0.39544  4.83690e-06 |167 -0.20155  6.65609e-06 |168 -0.03810 -5.79424e-04
169 -0.28310  1.30695e-03 |170  0.81678 -6.35298e-03 |171  0.08798  3.75964e-04
172 -0.52699  4.12142e-06 |173  0.07793  4.13558e-04 |174 -0.40419 -7.44644e-05
175 -0.14536  1.08925e-03 |176  0.06406  8.97290e-04 |177 -0.17486 -4.68912e-04
178 -0.15657 -1.49633e-04 |179 -1.00000 -1.66186e-02 |180 -0.13896 -2.19461e-03
181  0.22526 -1.99777e-03 |182  0.01076  8.66941e-04 |183 -0.00070 -3.47815e-06
184 -0.00106 -5.21499e-06 |185  0.00002  1.01958e-07 |186 -0.00042 -2.07897e-06
187 -0.00074 -3.63637e-06 |
  ic > imax  in fminim is answer attained ?
Var    Value     Gradient |Var    Value     Gradient |Var    Value     Gradient
  1 -0.38779  1.95321e-04 |  2  0.35903 -7.81213e-04 |  3 -0.14546 -8.43627e-04
  4  0.02409 -7.20722e-04 |  5 -0.68131  9.26116e-06 |  6 -0.61929 -1.92161e-05
  7 -0.41860  2.82383e-04 |  8  0.35641  2.68186e-03 |  9 -0.19988  1.59811e-03
 10  0.08122  1.67628e-03 | 11 -0.61182  2.96827e-05 | 12 -0.63632  1.48026e-04
 13  0.99225  7.47136e-08 | 14 -0.00255 -2.16445e-06 | 15 -0.00256 -2.38214e-06
 16 -0.00256 -2.63083e-06 | 17 -0.00256 -2.91102e-06 | 18 -0.00254 -3.22267e-06
 19 -0.00251 -3.56488e-06 | 20 -0.00247 -3.93391e-06 | 21 -0.00242 -4.32688e-06
 22 -0.00236 -4.73741e-06 | 23 -0.00229 -5.15894e-06 | 24 -0.00220 -5.58278e-06
 25 -0.00211 -5.99922e-06 | 26 -0.00199 -6.39653e-06 | 27 -0.00187 -6.76281e-06
 28 -0.00173 -7.08528e-06 | 29 -0.00158 -7.35137e-06 | 30 -0.00141 -7.55102e-06
 31 -0.00124 -7.67763e-06 | 32 -0.00104 -7.73103e-06 | 33 -0.00083 -7.72057e-06
 34 -0.00062 -7.66452e-06 | 35 -0.00039 -7.58993e-06 | 36 -0.00015 -7.52519e-06
 37  0.00008 -7.49098e-06 | 38  0.00031 -7.49069e-06 | 39  0.00052 -7.50469e-06
 40  0.00070 -7.49616e-06 | 41  0.00086 -7.42434e-06 | 42  0.00096 -7.26127e-06
 43  0.00102 -7.00191e-06 | 44  0.00101 -6.66328e-06 | 45  0.00093 -6.27509e-06
 46  0.00080 -5.86737e-06 | 47  0.00060 -5.45979e-06 | 48  0.00036 -5.05668e-06
 49  0.00009 -4.64057e-06 | 50 -0.00020 -4.18207e-06 | 51 -0.00046 -3.66736e-06
 52 -0.00069 -3.14459e-06 | 53 -0.00084 -2.74725e-06 | 54 -0.00089 -2.65622e-06
 55 -0.00081 -2.96316e-06 | 56 -0.00056 -3.48707e-06 | 57 -0.00011 -3.69771e-06
 58  0.00057 -3.33396e-06 | 59  0.00149 -4.44402e-06 | 60  0.00269 -1.24517e-05
 61  0.00418 -2.55007e-05 | 62  0.00596 -1.72077e-05 | 63  0.00801  1.18808e-05
 64  0.01031 -1.61560e-05 | 65  0.01278 -2.56676e-05 | 66  0.01533  6.63693e-06
 67  0.01780  1.09623e-05 | 68  0.02002  1.01994e-05 | 69  0.02177 -3.29926e-05
 70  0.02290  1.18754e-05 | 71  0.02330  1.07640e-06 | 72  0.02297  1.05410e-05
 73  0.02200 -2.23658e-05 | 74  0.02048  2.78175e-05 | 75  0.01847  2.62949e-05
 76  0.01592  1.57011e-05 | 77  0.01275 -1.92106e-05 | 78  0.00891  4.67201e-05
 79  0.00453 -6.32667e-06 | 80 -0.00006  1.95143e-05 | 81 -0.00439  4.66747e-05
 82 -0.00803 -1.50000e-06 | 83 -0.01075 -2.64667e-05 | 84 -0.01252 -1.51953e-05
 85 -0.01350 -7.10512e-06 | 86 -0.01381 -5.39801e-06 | 87 -0.01339 -5.89718e-06
 88 -0.01204 -5.11450e-06 | 89 -0.00966 -3.54672e-06 | 90 -0.00653 -1.07045e-06
 91 -0.00327  2.08066e-05 | 92 -0.00010  1.06625e-05 | 93  0.00350 -2.40445e-06
 94  0.00792  2.22564e-05 | 95  0.01233 -7.75583e-06 | 96  0.01563 -8.00182e-06
 97  0.01727 -2.52509e-05 | 98  0.01565 -4.25408e-05 | 99  0.01084 -5.78321e-05
100  0.01044 -4.86367e-05 |101  0.02479 -7.55409e-06 |102  0.04930  1.11906e-05
103  0.03763  3.36083e-05 |104  0.01817  3.29336e-06 |105  0.01563 -5.54242e-06
106  0.01393  1.37816e-05 |107  0.02043  4.99644e-05 |108  0.00448  1.44627e-04
109 -0.06564 -3.49260e-05 |110 -0.07477  4.02061e-05 |111 -0.07627  6.28237e-05
112 -0.05462 -2.59480e-05 |113  0.05699  4.25123e-05 |114  0.01233  6.27708e-05
115  0.01182 -6.15808e-05 |116 -0.04060  9.06093e-05 |117 -0.08223  8.70420e-06
118 -0.03276  9.19809e-06 |119 -0.02534  4.94125e-05 |120 -0.05088  4.00310e-05
121  0.00157  3.36626e-05 |122  0.03831  3.98959e-05 |123 -0.00411  3.38604e-05
124  0.04458  6.32627e-06 |125 -0.01701 -7.11587e-05 |126  0.10170 -6.51588e-05
127 -0.01132 -4.02863e-05 |128 -0.05079 -1.80898e-05 |129 -0.06009  5.15749e-05
130 -0.02665 -8.17393e-06 |131  0.08566 -1.62818e-05 |132  0.02359 -1.45617e-05
133  0.01243  4.55803e-05 |134 -0.03433 -3.07860e-05 |135 -0.01891 -1.29382e-06
136 -0.00440  1.10519e-05 |137 -0.00000  8.71672e-11 |138  0.03083 -2.24221e-04
139 -0.58722  7.24330e-06 |140  0.03469  1.82301e-04 |141 -0.40151 -9.81113e-05
142  0.81910 -6.78276e-03 |143 -0.10938  7.91183e-06 |144  0.20003  6.38660e-05
145 -0.23853  2.56076e-05 |146  0.16704 -4.13395e-05 |147 -0.58159 -4.70632e-08
148 -0.00753  3.19829e-05 |149 -0.42325  5.99891e-05 |150  0.82183 -1.82501e-03
151  0.12155 -2.63349e-07 |152 -0.04270  1.79751e-07 |153 -0.12660 -4.77620e-05
154  0.09307  1.99722e-05 |155  0.04755 -4.90796e-06 |156  0.14422  7.82077e-06
157 -0.03832 -3.19391e-05 |158 -0.00113 -5.58302e-06 |159 -0.00120 -5.93768e-06
160 -0.00011 -5.45378e-07 |161 -0.00012 -5.74715e-07 |162 -0.00034 -1.69137e-06
163  0.19365  2.11059e-05 |164  0.08071 -1.14866e-04 |165 -0.25983 -4.83219e-05
166 -0.39543 -2.98217e-05 |167 -0.20154 -4.25233e-05 |168 -0.03809  3.49556e-05
169 -0.28311 -7.69824e-05 |170  0.81678 -8.17621e-04 |171  0.08798 -1.52214e-05
172 -0.52700  2.94401e-06 |173  0.07793 -8.52775e-06 |174 -0.40419 -8.05859e-07
175 -0.14536 -4.29277e-05 |176  0.06406 -1.82484e-04 |177 -0.17486 -2.07765e-04
178 -0.15657 -6.23916e-06 |179 -1.00000 -1.59080e-02 |180 -0.13896 -4.96474e-05
181  0.22527  5.84106e-05 |182  0.01077 -2.54583e-05 |183 -0.00069 -3.41719e-06
184 -0.00104 -5.12360e-06 |185  0.00002  1.00171e-07 |186 -0.00041 -2.04253e-06
187 -0.00072 -3.57264e-06 |
Function minimizer not making progress ... is minimum attained?
Minimprove criterion = 0.0000e+00

 - final statistics:
187 variables; iteration 93; function evaluation 144
Function value 7.0820e+03; maximum gradient component mag -1.5908e-02
Exit code = 1;  converg criter 1.0000e-03
Var    Value     Gradient |Var    Value     Gradient |Var    Value     Gradient
  1 -0.38779  1.95321e-04 |  2  0.35903 -7.81213e-04 |  3 -0.14546 -8.43627e-04
  4  0.02409 -7.20722e-04 |  5 -0.68131  9.26116e-06 |  6 -0.61929 -1.92161e-05
  7 -0.41860  2.82383e-04 |  8  0.35641  2.68186e-03 |  9 -0.19988  1.59811e-03
 10  0.08122  1.67628e-03 | 11 -0.61182  2.96827e-05 | 12 -0.63632  1.48026e-04
 13  0.99225  7.47136e-08 | 14 -0.00255 -2.16445e-06 | 15 -0.00256 -2.38214e-06
 16 -0.00256 -2.63083e-06 | 17 -0.00256 -2.91102e-06 | 18 -0.00254 -3.22267e-06
 19 -0.00251 -3.56488e-06 | 20 -0.00247 -3.93391e-06 | 21 -0.00242 -4.32688e-06
 22 -0.00236 -4.73741e-06 | 23 -0.00229 -5.15894e-06 | 24 -0.00220 -5.58278e-06
 25 -0.00211 -5.99922e-06 | 26 -0.00199 -6.39653e-06 | 27 -0.00187 -6.76281e-06
 28 -0.00173 -7.08528e-06 | 29 -0.00158 -7.35137e-06 | 30 -0.00141 -7.55102e-06
 31 -0.00124 -7.67763e-06 | 32 -0.00104 -7.73103e-06 | 33 -0.00083 -7.72057e-06
 34 -0.00062 -7.66452e-06 | 35 -0.00039 -7.58993e-06 | 36 -0.00015 -7.52519e-06
 37  0.00008 -7.49098e-06 | 38  0.00031 -7.49069e-06 | 39  0.00052 -7.50469e-06
 40  0.00070 -7.49616e-06 | 41  0.00086 -7.42434e-06 | 42  0.00096 -7.26127e-06
 43  0.00102 -7.00191e-06 | 44  0.00101 -6.66328e-06 | 45  0.00093 -6.27509e-06
 46  0.00080 -5.86737e-06 | 47  0.00060 -5.45979e-06 | 48  0.00036 -5.05668e-06
 49  0.00009 -4.64057e-06 | 50 -0.00020 -4.18207e-06 | 51 -0.00046 -3.66736e-06
 52 -0.00069 -3.14459e-06 | 53 -0.00084 -2.74725e-06 | 54 -0.00089 -2.65622e-06
 55 -0.00081 -2.96316e-06 | 56 -0.00056 -3.48707e-06 | 57 -0.00011 -3.69771e-06
 58  0.00057 -3.33396e-06 | 59  0.00149 -4.44402e-06 | 60  0.00269 -1.24517e-05
 61  0.00418 -2.55007e-05 | 62  0.00596 -1.72077e-05 | 63  0.00801  1.18808e-05
 64  0.01031 -1.61560e-05 | 65  0.01278 -2.56676e-05 | 66  0.01533  6.63693e-06
 67  0.01780  1.09623e-05 | 68  0.02002  1.01994e-05 | 69  0.02177 -3.29926e-05
 70  0.02290  1.18754e-05 | 71  0.02330  1.07640e-06 | 72  0.02297  1.05410e-05
 73  0.02200 -2.23658e-05 | 74  0.02048  2.78175e-05 | 75  0.01847  2.62949e-05
 76  0.01592  1.57011e-05 | 77  0.01275 -1.92106e-05 | 78  0.00891  4.67201e-05
 79  0.00453 -6.32667e-06 | 80 -0.00006  1.95143e-05 | 81 -0.00439  4.66747e-05
 82 -0.00803 -1.50000e-06 | 83 -0.01075 -2.64667e-05 | 84 -0.01252 -1.51953e-05
 85 -0.01350 -7.10512e-06 | 86 -0.01381 -5.39801e-06 | 87 -0.01339 -5.89718e-06
 88 -0.01204 -5.11450e-06 | 89 -0.00966 -3.54672e-06 | 90 -0.00653 -1.07045e-06
 91 -0.00327  2.08066e-05 | 92 -0.00010  1.06625e-05 | 93  0.00350 -2.40445e-06
 94  0.00792  2.22564e-05 | 95  0.01233 -7.75583e-06 | 96  0.01563 -8.00182e-06
 97  0.01727 -2.52509e-05 | 98  0.01565 -4.25408e-05 | 99  0.01084 -5.78321e-05
100  0.01044 -4.86367e-05 |101  0.02479 -7.55409e-06 |102  0.04930  1.11906e-05
103  0.03763  3.36083e-05 |104  0.01817  3.29336e-06 |105  0.01563 -5.54242e-06
106  0.01393  1.37816e-05 |107  0.02043  4.99644e-05 |108  0.00448  1.44627e-04
109 -0.06564 -3.49260e-05 |110 -0.07477  4.02061e-05 |111 -0.07627  6.28237e-05
112 -0.05462 -2.59480e-05 |113  0.05699  4.25123e-05 |114  0.01233  6.27708e-05
115  0.01182 -6.15808e-05 |116 -0.04060  9.06093e-05 |117 -0.08223  8.70420e-06
118 -0.03276  9.19809e-06 |119 -0.02534  4.94125e-05 |120 -0.05088  4.00310e-05
121  0.00157  3.36626e-05 |122  0.03831  3.98959e-05 |123 -0.00411  3.38604e-05
124  0.04458  6.32627e-06 |125 -0.01701 -7.11587e-05 |126  0.10170 -6.51588e-05
127 -0.01132 -4.02863e-05 |128 -0.05079 -1.80898e-05 |129 -0.06009  5.15749e-05
130 -0.02665 -8.17393e-06 |131  0.08566 -1.62818e-05 |132  0.02359 -1.45617e-05
133  0.01243  4.55803e-05 |134 -0.03433 -3.07860e-05 |135 -0.01891 -1.29382e-06
136 -0.00440  1.10519e-05 |137 -0.00000  8.71672e-11 |138  0.03083 -2.24221e-04
139 -0.58722  7.24330e-06 |140  0.03469  1.82301e-04 |141 -0.40151 -9.81113e-05
142  0.81910 -6.78276e-03 |143 -0.10938  7.91183e-06 |144  0.20003  6.38660e-05
145 -0.23853  2.56076e-05 |146  0.16704 -4.13395e-05 |147 -0.58159 -4.70632e-08
148 -0.00753  3.19829e-05 |149 -0.42325  5.99891e-05 |150  0.82183 -1.82501e-03
151  0.12155 -2.63349e-07 |152 -0.04270  1.79751e-07 |153 -0.12660 -4.77620e-05
154  0.09307  1.99722e-05 |155  0.04755 -4.90796e-06 |156  0.14422  7.82077e-06
157 -0.03832 -3.19391e-05 |158 -0.00113 -5.58302e-06 |159 -0.00120 -5.93768e-06
160 -0.00011 -5.45378e-07 |161 -0.00012 -5.74715e-07 |162 -0.00034 -1.69137e-06
163  0.19365  2.11059e-05 |164  0.08071 -1.14866e-04 |165 -0.25983 -4.83219e-05
166 -0.39543 -2.98217e-05 |167 -0.20154 -4.25233e-05 |168 -0.03809  3.49556e-05
169 -0.28311 -7.69824e-05 |170  0.81678 -8.17621e-04 |171  0.08798 -1.52214e-05
172 -0.52700  2.94401e-06 |173  0.07793 -8.52775e-06 |174 -0.40419 -8.05859e-07
175 -0.14536 -4.29277e-05 |176  0.06406 -1.82484e-04 |177 -0.17486 -2.07765e-04
178 -0.15657 -6.23916e-06 |179 -1.00000 -1.59080e-02 |180 -0.13896 -4.96474e-05
181  0.22527  5.84106e-05 |182  0.01077 -2.54583e-05 |183 -0.00069 -3.41719e-06
184 -0.00104 -5.12360e-06 |185  0.00002  1.00171e-07 |186 -0.00041 -2.04253e-06
187 -0.00072 -3.57264e-06 |

Initial statistics: 200 variables; iteration 0; function evaluation 0; phase 5
Function value 7.0819686e+03; maximum gradient component mag -1.5908e-02
Var    Value     Gradient |Var    Value     Gradient |Var    Value     Gradient
  1 -0.38779  1.95321e-04 |  2  0.35903 -7.81213e-04 |  3 -0.14546 -8.43627e-04
  4  0.02409 -7.20722e-04 |  5 -0.68131  9.26116e-06 |  6 -0.61929 -1.92160e-05
  7 -0.41860  2.82383e-04 |  8  0.35641  2.68186e-03 |  9 -0.19988  1.59811e-03
 10  0.08122  1.67628e-03 | 11 -0.61182  2.96827e-05 | 12 -0.63632  1.48026e-04
 13  0.99225  7.47136e-08 | 14 -0.00255 -2.16445e-06 | 15 -0.00256 -2.38214e-06
 16 -0.00256 -2.63083e-06 | 17 -0.00256 -2.91102e-06 | 18 -0.00254 -3.22267e-06
 19 -0.00251 -3.56488e-06 | 20 -0.00247 -3.93391e-06 | 21 -0.00242 -4.32688e-06
 22 -0.00236 -4.73741e-06 | 23 -0.00229 -5.15894e-06 | 24 -0.00220 -5.58278e-06
 25 -0.00211 -5.99922e-06 | 26 -0.00199 -6.39653e-06 | 27 -0.00187 -6.76281e-06
 28 -0.00173 -7.08528e-06 | 29 -0.00158 -7.35137e-06 | 30 -0.00141 -7.55102e-06
 31 -0.00124 -7.67763e-06 | 32 -0.00104 -7.73103e-06 | 33 -0.00083 -7.72057e-06
 34 -0.00062 -7.66452e-06 | 35 -0.00039 -7.58993e-06 | 36 -0.00015 -7.52519e-06
 37  0.00008 -7.49098e-06 | 38  0.00031 -7.49069e-06 | 39  0.00052 -7.50469e-06
 40  0.00070 -7.49616e-06 | 41  0.00086 -7.42434e-06 | 42  0.00096 -7.26127e-06
 43  0.00102 -7.00191e-06 | 44  0.00101 -6.66328e-06 | 45  0.00093 -6.27509e-06
 46  0.00080 -5.86737e-06 | 47  0.00060 -5.45979e-06 | 48  0.00036 -5.05668e-06
 49  0.00009 -4.64057e-06 | 50 -0.00020 -4.18207e-06 | 51 -0.00046 -3.66736e-06
 52 -0.00069 -3.14459e-06 | 53 -0.00084 -2.74725e-06 | 54 -0.00089 -2.65622e-06
 55 -0.00081 -2.96317e-06 | 56 -0.00056 -3.48707e-06 | 57 -0.00011 -3.69771e-06
 58  0.00057 -3.33396e-06 | 59  0.00149 -4.44402e-06 | 60  0.00269 -1.24517e-05
 61  0.00418 -2.55007e-05 | 62  0.00596 -1.72077e-05 | 63  0.00801  1.18808e-05
 64  0.01031 -1.61560e-05 | 65  0.01278 -2.56676e-05 | 66  0.01533  6.63693e-06
 67  0.01780  1.09623e-05 | 68  0.02002  1.01994e-05 | 69  0.02177 -3.29926e-05
 70  0.02290  1.18754e-05 | 71  0.02330  1.07640e-06 | 72  0.02297  1.05410e-05
 73  0.02200 -2.23658e-05 | 74  0.02048  2.78175e-05 | 75  0.01847  2.62949e-05
 76  0.01592  1.57011e-05 | 77  0.01275 -1.92106e-05 | 78  0.00891  4.67200e-05
 79  0.00453 -6.32667e-06 | 80 -0.00006  1.95143e-05 | 81 -0.00439  4.66747e-05
 82 -0.00803 -1.50000e-06 | 83 -0.01075 -2.64667e-05 | 84 -0.01252 -1.51953e-05
 85 -0.01350 -7.10512e-06 | 86 -0.01381 -5.39801e-06 | 87 -0.01339 -5.89718e-06
 88 -0.01204 -5.11450e-06 | 89 -0.00966 -3.54672e-06 | 90 -0.00653 -1.07045e-06
 91 -0.00327  2.08066e-05 | 92 -0.00010  1.06625e-05 | 93  0.00350 -2.40445e-06
 94  0.00792  2.22564e-05 | 95  0.01233 -7.75583e-06 | 96  0.01563 -8.00182e-06
 97  0.01727 -2.52509e-05 | 98  0.01565 -4.25408e-05 | 99  0.01084 -5.78321e-05
100  0.01044 -4.86367e-05 |101  0.02479 -7.55409e-06 |102  0.04930  1.11906e-05
103  0.03763  3.36083e-05 |104  0.01817  3.29336e-06 |105  0.01563 -5.54241e-06
106  0.01393  1.37816e-05 |107  0.02043  4.99644e-05 |108  0.00448  1.44627e-04
109 -0.06564 -3.49260e-05 |110 -0.07477  4.02062e-05 |111 -0.07627  6.28237e-05
112 -0.05462 -2.59480e-05 |113  0.05699  4.25123e-05 |114  0.01233  6.27708e-05
115  0.01182 -6.15808e-05 |116 -0.04060  9.06093e-05 |117 -0.08223  8.70420e-06
118 -0.03276  9.19810e-06 |119 -0.02534  4.94125e-05 |120 -0.05088  4.00310e-05
121  0.00157  3.36626e-05 |122  0.03831  3.98959e-05 |123 -0.00411  3.38604e-05
124  0.04458  6.32628e-06 |125 -0.01701 -7.11587e-05 |126  0.10170 -6.51588e-05
127 -0.01132 -4.02863e-05 |128 -0.05079 -1.80898e-05 |129 -0.06009  5.15749e-05
130 -0.02665 -8.17393e-06 |131  0.08566 -1.62818e-05 |132  0.02359 -1.45617e-05
133  0.01243  4.55803e-05 |134 -0.03433 -3.07860e-05 |135 -0.01891 -1.29382e-06
136 -0.00440  1.10519e-05 |137 -0.00000  8.71672e-11 |138  0.00000  0.00000e+00
139  0.00000  0.00000e+00 |140  0.00000  0.00000e+00 |141  0.00000  0.00000e+00
142  0.00000  0.00000e+00 |143  0.00000  0.00000e+00 |144  0.00000  0.00000e+00
145  0.00000  0.00000e+00 |146  0.00000  0.00000e+00 |147  0.00000  0.00000e+00
148  0.00000  0.00000e+00 |149  0.00000  0.00000e+00 |150  0.00000  0.00000e+00
151  0.03083 -2.24221e-04 |152 -0.58722  7.24330e-06 |153  0.03469  1.82301e-04
154 -0.40151 -9.81113e-05 |155  0.81910 -6.78276e-03 |156 -0.10938  7.91183e-06
157  0.20003  6.38660e-05 |158 -0.23853  2.56076e-05 |159  0.16704 -4.13395e-05
160 -0.58159 -4.70632e-08 |161 -0.00753  3.19829e-05 |162 -0.42325  5.99891e-05
163  0.82183 -1.82501e-03 |164  0.12155 -2.63349e-07 |165 -0.04270  1.79751e-07
166 -0.12660 -4.77620e-05 |167  0.09307  1.99721e-05 |168  0.04755 -4.90796e-06
169  0.14422  7.82077e-06 |170 -0.03832 -3.19391e-05 |171 -0.00113 -5.58302e-06
172 -0.00120 -5.93768e-06 |173 -0.00011 -5.45378e-07 |174 -0.00012 -5.74715e-07
175 -0.00034 -1.69137e-06 |176  0.19365  2.11059e-05 |177  0.08071 -1.14866e-04
178 -0.25983 -4.83219e-05 |179 -0.39543 -2.98217e-05 |180 -0.20154 -4.25233e-05
181 -0.03809  3.49556e-05 |182 -0.28311 -7.69824e-05 |183  0.81678 -8.17621e-04
184  0.08798 -1.52214e-05 |185 -0.52700  2.94401e-06 |186  0.07793 -8.52775e-06
187 -0.40419 -8.05859e-07 |188 -0.14536 -4.29277e-05 |189  0.06406 -1.82484e-04
190 -0.17486 -2.07765e-04 |191 -0.15657 -6.23916e-06 |192 -1.00000 -1.59080e-02
193 -0.13896 -4.96474e-05 |194  0.22527  5.84106e-05 |195  0.01077 -2.54583e-05
196 -0.00069 -3.41719e-06 |197 -0.00104 -5.12360e-06 |198  0.00002  1.00171e-07
199 -0.00041 -2.04253e-06 |200 -0.00072 -3.57264e-06 |
  ic > imax  in fminim is answer attained ?
Var    Value     Gradient |Var    Value     Gradient |Var    Value     Gradient
  1 -0.38779  2.86843e-03 |  2  0.35903  4.27812e-03 |  3 -0.14546  3.00771e-03
  4  0.02409  2.96371e-03 |  5 -0.68131  5.17390e-05 |  6 -0.61929  5.61925e-04
  7 -0.41860 -2.09361e-04 |  8  0.35641 -7.64891e-03 |  9 -0.19988 -1.33159e-02
 10  0.08122 -7.40971e-03 | 11 -0.61182 -2.60958e-04 | 12 -0.63632  2.34995e-04
 13  0.99225  7.05705e-08 | 14 -0.00255 -3.97886e-06 | 15 -0.00256 -4.26462e-06
 16 -0.00256 -4.58352e-06 | 17 -0.00256 -4.93626e-06 | 18 -0.00254 -5.32315e-06
 19 -0.00251 -5.74371e-06 | 20 -0.00247 -6.19488e-06 | 21 -0.00242 -6.67436e-06
 22 -0.00236 -7.17673e-06 | 23 -0.00229 -7.69636e-06 | 24 -0.00220 -8.22563e-06
 25 -0.00211 -8.75622e-06 | 26 -0.00199 -9.27775e-06 | 27 -0.00187 -9.77980e-06
 28 -0.00173 -1.02513e-05 | 29 -0.00158 -1.06811e-05 | 30 -0.00141 -1.10608e-05
 31 -0.00124 -1.13849e-05 | 32 -0.00104 -1.16541e-05 | 33 -0.00083 -1.18778e-05
 34 -0.00062 -1.20738e-05 | 35 -0.00039 -1.22680e-05 | 36 -0.00015 -1.24874e-05
 37  0.00008 -1.27518e-05 | 38  0.00031 -1.30647e-05 | 39  0.00052 -1.34082e-05
 40  0.00070 -1.37481e-05 | 41  0.00086 -1.40464e-05 | 42  0.00096 -1.42768e-05
 43  0.00102 -1.44346e-05 | 44  0.00101 -1.45352e-05 | 45  0.00093 -1.46066e-05
 46  0.00080 -1.46768e-05 | 47  0.00060 -1.47652e-05 | 48  0.00036 -1.48771e-05
 49  0.00009 -1.49983e-05 | 50 -0.00020 -1.51044e-05 | 51 -0.00046 -1.51861e-05
 52 -0.00069 -1.52930e-05 | 53 -0.00084 -1.55545e-05 | 54 -0.00089 -1.61455e-05
 55 -0.00081 -1.71590e-05 | 56 -0.00056 -1.84362e-05 | 57 -0.00011 -1.94944e-05
 58  0.00057 -2.01025e-05 | 59  0.00149 -2.21800e-05 | 60  0.00269 -3.07978e-05
 61  0.00418 -4.42575e-05 | 62  0.00596 -3.79646e-05 | 63  0.00801 -1.23793e-05
 64  0.01031 -4.03552e-05 | 65  0.01278 -5.12189e-05 | 66  0.01533 -2.30317e-05
 67  0.01780 -2.12039e-05 | 68  0.02002 -2.42629e-05 | 69  0.02177 -6.73478e-05
 70  0.02290 -2.74540e-05 | 71  0.02330 -3.99436e-05 | 72  0.02297 -3.32231e-05
 73  0.02200 -6.63265e-05 | 74  0.02048 -2.10537e-05 | 75  0.01847 -2.43951e-05
 76  0.01592 -3.61086e-05 | 77  0.01275 -7.03760e-05 | 78  0.00891 -9.95809e-06
 79  0.00453 -6.06096e-05 | 80 -0.00006 -3.74015e-05 | 81 -0.00439 -1.32183e-05
 82 -0.00803 -5.92170e-05 | 83 -0.01075 -8.40542e-05 | 84 -0.01252 -7.58721e-05
 85 -0.01350 -7.11141e-05 | 86 -0.01381 -7.26989e-05 | 87 -0.01339 -7.68433e-05
 88 -0.01204 -8.05127e-05 | 89 -0.00966 -8.43224e-05 | 90 -0.00653 -8.80707e-05
 91 -0.00327 -7.42331e-05 | 92 -0.00010 -9.03588e-05 | 93  0.00350 -1.09881e-04
 94  0.00792 -9.52475e-05 | 95  0.01233 -1.32262e-04 | 96  0.01563 -1.41128e-04
 97  0.01727 -1.65114e-04 | 98  0.01565 -1.86067e-04 | 99  0.01084 -2.01056e-04
100  0.01044 -1.97049e-04 |101  0.02479 -1.82065e-04 |102  0.04930 -2.13547e-04
103  0.03763 -1.90033e-04 |104  0.01817 -1.90561e-04 |105  0.01563 -1.91074e-04
106  0.01393 -1.55946e-04 |107  0.02043 -8.56881e-05 |108  0.00448  2.97751e-05
109 -0.06564 -5.23621e-05 |110 -0.07477  4.96072e-05 |111 -0.07627  1.05035e-04
112 -0.05462  9.97227e-05 |113  0.05699  3.98558e-04 |114  0.01233  3.94193e-04
115  0.01182  2.82828e-04 |116 -0.04060  2.94696e-04 |117 -0.08223  1.89844e-04
118 -0.03276  2.13207e-04 |119 -0.02534  2.71265e-04 |120 -0.05088  1.83540e-04
121  0.00157  2.26057e-04 |122  0.03831  2.95414e-04 |123 -0.00411  1.73617e-04
124  0.04458  2.85022e-04 |125 -0.01701  1.00752e-04 |126  0.10170  3.09325e-04
127 -0.01132  5.72782e-05 |128 -0.05079  7.63227e-05 |129 -0.06009  1.01306e-04
130 -0.02665  1.12335e-04 |131  0.08566  2.55701e-04 |132  0.02359  1.08772e-04
133  0.01243  1.60058e-04 |134 -0.03433  2.50805e-05 |135 -0.01891  3.02291e-06
136 -0.00440  1.96073e-05 |137 -0.00000 -9.33249e-11 |138  0.00000  0.00000e+00
139  0.00000  0.00000e+00 |140  0.00000  0.00000e+00 |141  0.00000  0.00000e+00
142  0.00000  0.00000e+00 |143  0.00000  0.00000e+00 |144  0.00000  0.00000e+00
145  0.00000  0.00000e+00 |146  0.00000  0.00000e+00 |147  0.00000  0.00000e+00
148  0.00000  0.00000e+00 |149  0.00000  0.00000e+00 |150  0.00000  0.00000e+00
151  0.03083  8.99139e-04 |152 -0.58722  7.28006e-06 |153  0.03469 -5.98317e-04
154 -0.40151  3.16859e-04 |155  0.81910  2.23569e-02 |156 -0.10938  9.89197e-07
157  0.20003  5.39367e-05 |158 -0.23853 -5.42853e-06 |159  0.16704 -1.77812e-03
160 -0.58159 -2.56894e-08 |161 -0.00753  1.62369e-03 |162 -0.42325 -4.16527e-04
163  0.82183 -5.70551e-02 |164  0.12155 -4.67136e-05 |165 -0.04270  1.58493e-05
166 -0.12660 -8.58808e-05 |167  0.09307 -4.37322e-05 |168  0.04755  5.48871e-05
169  0.14422 -8.27562e-05 |170 -0.03832  3.25657e-05 |171 -0.00113 -5.58302e-06
172 -0.00120 -5.93767e-06 |173 -0.00011 -5.45377e-07 |174 -0.00012 -5.74714e-07
175 -0.00034 -1.69136e-06 |176  0.19365  2.20808e-05 |177  0.08071 -7.64146e-05
178 -0.25983  3.29689e-06 |179 -0.39543 -4.33047e-04 |180 -0.20154  8.52753e-04
181 -0.03809  6.72194e-04 |182 -0.28311  7.54653e-05 |183  0.81678 -9.74242e-02
184  0.08798  1.53893e-05 |185 -0.52700  2.95643e-06 |186  0.07793 -1.60632e-05
187 -0.40419  1.28419e-05 |188 -0.14536 -7.64962e-05 |189  0.06406 -9.74338e-04
190 -0.17486 -1.34810e-03 |191 -0.15657  8.90425e-05 |192 -0.99999 -6.12471e-03
193 -0.13896 -7.58059e-04 |194  0.22527  3.24568e-05 |195  0.01077  2.09647e-06
196 -0.00069 -3.41719e-06 |197 -0.00104 -5.12359e-06 |198  0.00002  1.00171e-07
199 -0.00041 -2.04253e-06 |200 -0.00072 -3.57264e-06 |
Function minimizer not making progress ... is minimum attained?
Minimprove criterion = 0.0000e+00
Warning: the following parameters had issues
  SR_parm[1] is within 0.1% of upper bound: 1.0000e+00 < 1.4999e+01 < 1.5000e+01
  selparm[63] is within 0.1% of lower bound: -2.0000e+00 < -2.0000e+00 < 2.0000e+01


 - final statistics:
200 variables; iteration 8; function evaluation 42
Function value 7.0820e+03; maximum gradient component mag -9.7424e-02
Exit code = 1;  converg criter 1.0000e-03
Var    Value     Gradient |Var    Value     Gradient |Var    Value     Gradient
  1 -0.38779  2.86843e-03 |  2  0.35903  4.27812e-03 |  3 -0.14546  3.00771e-03
  4  0.02409  2.96371e-03 |  5 -0.68131  5.17390e-05 |  6 -0.61929  5.61925e-04
  7 -0.41860 -2.09361e-04 |  8  0.35641 -7.64891e-03 |  9 -0.19988 -1.33159e-02
 10  0.08122 -7.40971e-03 | 11 -0.61182 -2.60958e-04 | 12 -0.63632  2.34995e-04
 13  0.99225  7.05705e-08 | 14 -0.00255 -3.97886e-06 | 15 -0.00256 -4.26462e-06
 16 -0.00256 -4.58352e-06 | 17 -0.00256 -4.93626e-06 | 18 -0.00254 -5.32315e-06
 19 -0.00251 -5.74371e-06 | 20 -0.00247 -6.19488e-06 | 21 -0.00242 -6.67436e-06
 22 -0.00236 -7.17673e-06 | 23 -0.00229 -7.69636e-06 | 24 -0.00220 -8.22563e-06
 25 -0.00211 -8.75622e-06 | 26 -0.00199 -9.27775e-06 | 27 -0.00187 -9.77980e-06
 28 -0.00173 -1.02513e-05 | 29 -0.00158 -1.06811e-05 | 30 -0.00141 -1.10608e-05
 31 -0.00124 -1.13849e-05 | 32 -0.00104 -1.16541e-05 | 33 -0.00083 -1.18778e-05
 34 -0.00062 -1.20738e-05 | 35 -0.00039 -1.22680e-05 | 36 -0.00015 -1.24874e-05
 37  0.00008 -1.27518e-05 | 38  0.00031 -1.30647e-05 | 39  0.00052 -1.34082e-05
 40  0.00070 -1.37481e-05 | 41  0.00086 -1.40464e-05 | 42  0.00096 -1.42768e-05
 43  0.00102 -1.44346e-05 | 44  0.00101 -1.45352e-05 | 45  0.00093 -1.46066e-05
 46  0.00080 -1.46768e-05 | 47  0.00060 -1.47652e-05 | 48  0.00036 -1.48771e-05
 49  0.00009 -1.49983e-05 | 50 -0.00020 -1.51044e-05 | 51 -0.00046 -1.51861e-05
 52 -0.00069 -1.52930e-05 | 53 -0.00084 -1.55545e-05 | 54 -0.00089 -1.61455e-05
 55 -0.00081 -1.71590e-05 | 56 -0.00056 -1.84362e-05 | 57 -0.00011 -1.94944e-05
 58  0.00057 -2.01025e-05 | 59  0.00149 -2.21800e-05 | 60  0.00269 -3.07978e-05
 61  0.00418 -4.42575e-05 | 62  0.00596 -3.79646e-05 | 63  0.00801 -1.23793e-05
 64  0.01031 -4.03552e-05 | 65  0.01278 -5.12189e-05 | 66  0.01533 -2.30317e-05
 67  0.01780 -2.12039e-05 | 68  0.02002 -2.42629e-05 | 69  0.02177 -6.73478e-05
 70  0.02290 -2.74540e-05 | 71  0.02330 -3.99436e-05 | 72  0.02297 -3.32231e-05
 73  0.02200 -6.63265e-05 | 74  0.02048 -2.10537e-05 | 75  0.01847 -2.43951e-05
 76  0.01592 -3.61086e-05 | 77  0.01275 -7.03760e-05 | 78  0.00891 -9.95809e-06
 79  0.00453 -6.06096e-05 | 80 -0.00006 -3.74015e-05 | 81 -0.00439 -1.32183e-05
 82 -0.00803 -5.92170e-05 | 83 -0.01075 -8.40542e-05 | 84 -0.01252 -7.58721e-05
 85 -0.01350 -7.11141e-05 | 86 -0.01381 -7.26989e-05 | 87 -0.01339 -7.68433e-05
 88 -0.01204 -8.05127e-05 | 89 -0.00966 -8.43224e-05 | 90 -0.00653 -8.80707e-05
 91 -0.00327 -7.42331e-05 | 92 -0.00010 -9.03588e-05 | 93  0.00350 -1.09881e-04
 94  0.00792 -9.52475e-05 | 95  0.01233 -1.32262e-04 | 96  0.01563 -1.41128e-04
 97  0.01727 -1.65114e-04 | 98  0.01565 -1.86067e-04 | 99  0.01084 -2.01056e-04
100  0.01044 -1.97049e-04 |101  0.02479 -1.82065e-04 |102  0.04930 -2.13547e-04
103  0.03763 -1.90033e-04 |104  0.01817 -1.90561e-04 |105  0.01563 -1.91074e-04
106  0.01393 -1.55946e-04 |107  0.02043 -8.56881e-05 |108  0.00448  2.97751e-05
109 -0.06564 -5.23621e-05 |110 -0.07477  4.96072e-05 |111 -0.07627  1.05035e-04
112 -0.05462  9.97227e-05 |113  0.05699  3.98558e-04 |114  0.01233  3.94193e-04
115  0.01182  2.82828e-04 |116 -0.04060  2.94696e-04 |117 -0.08223  1.89844e-04
118 -0.03276  2.13207e-04 |119 -0.02534  2.71265e-04 |120 -0.05088  1.83540e-04
121  0.00157  2.26057e-04 |122  0.03831  2.95414e-04 |123 -0.00411  1.73617e-04
124  0.04458  2.85022e-04 |125 -0.01701  1.00752e-04 |126  0.10170  3.09325e-04
127 -0.01132  5.72782e-05 |128 -0.05079  7.63227e-05 |129 -0.06009  1.01306e-04
130 -0.02665  1.12335e-04 |131  0.08566  2.55701e-04 |132  0.02359  1.08772e-04
133  0.01243  1.60058e-04 |134 -0.03433  2.50805e-05 |135 -0.01891  3.02291e-06
136 -0.00440  1.96073e-05 |137 -0.00000 -9.33249e-11 |138  0.00000  0.00000e+00
139  0.00000  0.00000e+00 |140  0.00000  0.00000e+00 |141  0.00000  0.00000e+00
142  0.00000  0.00000e+00 |143  0.00000  0.00000e+00 |144  0.00000  0.00000e+00
145  0.00000  0.00000e+00 |146  0.00000  0.00000e+00 |147  0.00000  0.00000e+00
148  0.00000  0.00000e+00 |149  0.00000  0.00000e+00 |150  0.00000  0.00000e+00
151  0.03083  8.99139e-04 |152 -0.58722  7.28006e-06 |153  0.03469 -5.98317e-04
154 -0.40151  3.16859e-04 |155  0.81910  2.23569e-02 |156 -0.10938  9.89197e-07
157  0.20003  5.39367e-05 |158 -0.23853 -5.42853e-06 |159  0.16704 -1.77812e-03
160 -0.58159 -2.56894e-08 |161 -0.00753  1.62369e-03 |162 -0.42325 -4.16527e-04
163  0.82183 -5.70551e-02 |164  0.12155 -4.67136e-05 |165 -0.04270  1.58493e-05
166 -0.12660 -8.58808e-05 |167  0.09307 -4.37322e-05 |168  0.04755  5.48871e-05
169  0.14422 -8.27562e-05 |170 -0.03832  3.25657e-05 |171 -0.00113 -5.58302e-06
172 -0.00120 -5.93767e-06 |173 -0.00011 -5.45377e-07 |174 -0.00012 -5.74714e-07
175 -0.00034 -1.69136e-06 |176  0.19365  2.20808e-05 |177  0.08071 -7.64146e-05
178 -0.25983  3.29689e-06 |179 -0.39543 -4.33047e-04 |180 -0.20154  8.52753e-04
181 -0.03809  6.72194e-04 |182 -0.28311  7.54653e-05 |183  0.81678 -9.74242e-02
184  0.08798  1.53893e-05 |185 -0.52700  2.95643e-06 |186  0.07793 -1.60632e-05
187 -0.40419  1.28419e-05 |188 -0.14536 -7.64962e-05 |189  0.06406 -9.74338e-04
190 -0.17486 -1.34810e-03 |191 -0.15657  8.90425e-05 |192 -0.99999 -6.12471e-03
193 -0.13896 -7.58059e-04 |194  0.22527  3.24568e-05 |195  0.01077  2.09647e-06
196 -0.00069 -3.41719e-06 |197 -0.00104 -5.12359e-06 |198  0.00002  1.00171e-07
199 -0.00041 -2.04253e-06 |200 -0.00072 -3.57264e-06 |
size of file gradfil1.tmp = 0
size of file gradfil2.tmp = 0
size of file varssave.tmp = 0
size of file cmpdiff.tmp = 1000000040
