
Initial statistics: 136 variables; iteration 0; function evaluation 0; phase 1
Function value 7.3782341e+03; maximum gradient component mag -2.3190e+02
Var    Value     Gradient |Var    Value     Gradient |Var    Value     Gradient
  1 -0.42250 -1.49444e+01 |  2 -0.08598 -2.31905e+02 |  3  0.00000  4.60934e+00
  4  0.00000  4.72876e+00 |  5  0.00000  4.84934e+00 |  6  0.00000  4.97083e+00
  7  0.00000  5.09307e+00 |  8  0.00000  5.21567e+00 |  9  0.00000  5.33825e+00
 10  0.00000  5.46046e+00 | 11  0.00000  5.58193e+00 | 12  0.00000  5.70228e+00
 13  0.00000  5.82114e+00 | 14  0.00000  5.93810e+00 | 15  0.00000  6.05274e+00
 16  0.00000  6.16455e+00 | 17  0.00000  6.27293e+00 | 18  0.00000  6.37720e+00
 19  0.00000  6.47674e+00 | 20  0.00000  6.57095e+00 | 21  0.00000  6.65941e+00
 22  0.00000  6.74158e+00 | 23  0.00000  6.81683e+00 | 24  0.00000  6.88441e+00
 25  0.00000  6.94335e+00 | 26  0.00000  6.99254e+00 | 27  0.00000  7.03073e+00
 28  0.00000  7.05673e+00 | 29  0.00000  7.06939e+00 | 30  0.00000  7.06715e+00
 31  0.00000  7.05023e+00 | 32  0.00000  7.01782e+00 | 33  0.00000  6.96952e+00
 34  0.00000  6.90529e+00 | 35  0.00000  6.82511e+00 | 36  0.00000  6.72919e+00
 37  0.00000  6.61812e+00 | 38  0.00000  6.49241e+00 | 39  0.00000  6.35268e+00
 40  0.00000  6.19937e+00 | 41  0.00000  6.03240e+00 | 42  0.00000  5.85067e+00
 43  0.00000  5.65225e+00 | 44  0.00000  5.43331e+00 | 45  0.00000  5.18800e+00
 46  0.00000  4.90928e+00 | 47  0.00000  4.58901e+00 | 48  0.00000  4.21778e+00
 49  0.00000  3.78618e+00 | 50  0.00000  3.28416e+00 | 51  0.00000  2.70187e+00
 52  0.00000  2.02938e+00 | 53  0.00000  1.25793e+00 | 54  0.00000  3.80289e-01
 55  0.00000 -6.08498e-01 | 56  0.00000 -1.71106e+00 | 57  0.00000 -2.92677e+00
 58  0.00000 -4.25022e+00 | 59  0.00000 -5.67171e+00 | 60  0.00000 -7.17512e+00
 61  0.00000 -8.73871e+00 | 62  0.00000 -1.03330e+01 | 63  0.00000 -1.19231e+01
 64  0.00000 -1.34694e+01 | 65  0.00000 -1.49292e+01 | 66  0.00000 -1.62609e+01
 67  0.00000 -1.74323e+01 | 68  0.00000 -1.84234e+01 | 69  0.00000 -1.92279e+01
 70  0.00000 -1.98516e+01 | 71  0.00000 -2.02990e+01 | 72  0.00000 -2.05650e+01
 73  0.00000 -2.06263e+01 | 74  0.00000 -2.04478e+01 | 75  0.00000 -2.00031e+01
 76  0.00000 -1.93019e+01 | 77  0.00000 -1.84151e+01 | 78  0.00000 -1.74679e+01
 79  0.00000 -1.66066e+01 | 80  0.00000 -1.59251e+01 | 81  0.00000 -1.54399e+01
 82  0.00000 -1.51080e+01 | 83  0.00000 -1.49434e+01 | 84  0.00000 -1.51052e+01
 85  0.00000 -1.56608e+01 | 86  0.00000 -1.63744e+01 | 87  0.00000 -1.77217e+01
 88  0.00000 -1.96043e+01 | 89  0.00000 -2.21341e+01 | 90  0.00000 -2.42957e+01
 91  0.00000 -2.65534e+01 | 92  0.00000 -2.91514e+01 | 93  0.00000 -3.09860e+01
 94  0.00000 -3.59575e+01 | 95  0.00000 -4.61938e+01 | 96  0.00000 -5.26142e+01
 97  0.00000 -5.33822e+01 | 98  0.00000 -6.66428e+01 | 99  0.00000 -8.39458e+01
100  0.00000 -6.75406e+01 |101  0.00000 -3.75221e+01 |102  0.00000 -2.82846e+01
103  0.00000 -2.08363e+01 |104  0.00000 -6.31216e+00 |105  0.00000  3.64869e+01
106  0.00000  1.08015e+02 |107  0.00000  1.41033e+02 |108  0.00000  1.32944e+02
109  0.00000  7.06043e+01 |110  0.00000 -7.26201e+00 |111  0.00000  2.78807e+00
112  0.00000  2.54992e+01 |113  0.00000  5.24349e+01 |114  0.00000  7.26176e+01
115  0.00000  4.00841e+01 |116  0.00000  2.40790e+01 |117  0.00000  1.90828e+01
118  0.00000 -1.92536e+01 |119  0.00000 -4.49444e+01 |120  0.00000 -3.16207e+01
121  0.00000 -5.05527e+01 |122  0.00000 -2.05857e+01 |123  0.00000 -9.02637e+01
124  0.00000  3.27853e+00 |125  0.00000  2.57066e+01 |126  0.00000  2.82189e+01
127  0.00000  9.39523e+00 |128  0.00000 -3.70533e+01 |129  0.00000 -1.37719e+01
130  0.00000 -3.71147e+00 |131  0.00000  1.08987e+01 |132  0.00000  5.17100e+00
133  0.00000  1.45388e+00 |134  0.00000  1.12013e-01 |135  0.26793 -3.65943e+01
136  0.17955 -5.74875e+01 |

Intermediate statistics: 136 variables; iteration 20; function evaluation 27; phase 1
Function value 7.3412407e+03; maximum gradient component mag -1.3445e+02
Var    Value     Gradient |Var    Value     Gradient |Var    Value     Gradient
  1 -0.42613 -5.57993e+01 |  2 -0.10264 -1.34446e+02 |  3 -0.00961  4.40905e-01
  4 -0.00976  4.68804e-01 |  5 -0.00990  4.98869e-01 |  6 -0.01003  5.31251e-01
  7 -0.01015  5.66140e-01 |  8 -0.01025  6.03675e-01 |  9 -0.01034  6.44009e-01
 10 -0.01041  6.87307e-01 | 11 -0.01046  7.33732e-01 | 12 -0.01050  7.83454e-01
 13 -0.01051  8.36650e-01 | 14 -0.01049  8.93498e-01 | 15 -0.01045  9.54189e-01
 16 -0.01039  1.01891e+00 | 17 -0.01029  1.08783e+00 | 18 -0.01016  1.16110e+00
 19 -0.00999  1.23880e+00 | 20 -0.00979  1.32101e+00 | 21 -0.00955  1.40787e+00
 22 -0.00928  1.49954e+00 | 23 -0.00896  1.59619e+00 | 24 -0.00860  1.69801e+00
 25 -0.00819  1.80511e+00 | 26 -0.00773  1.91751e+00 | 27 -0.00723  2.03511e+00
 28 -0.00667  2.15763e+00 | 29 -0.00606  2.28462e+00 | 30 -0.00539  2.41520e+00
 31 -0.00468  2.54898e+00 | 32 -0.00391  2.68472e+00 | 33 -0.00311  2.82096e+00
 34 -0.00228  2.95573e+00 | 35 -0.00143  3.08631e+00 | 36 -0.00058  3.20927e+00
 37  0.00025  3.32057e+00 | 38  0.00104  3.41548e+00 | 39  0.00176  3.48883e+00
 40  0.00238  3.53507e+00 | 41  0.00287  3.54827e+00 | 42  0.00321  3.52229e+00
 43  0.00338  3.45158e+00 | 44  0.00336  3.33126e+00 | 45  0.00316  3.15751e+00
 46  0.00277  2.92789e+00 | 47  0.00221  2.64096e+00 | 48  0.00151  2.29591e+00
 49  0.00070  1.89375e+00 | 50 -0.00019  1.43727e+00 | 51 -0.00111  9.32327e-01
 52 -0.00200  3.88456e-01 | 53 -0.00276 -1.79241e-01 | 54 -0.00329 -7.48956e-01
 55 -0.00344 -1.29098e+00 | 56 -0.00301 -1.76870e+00 | 57 -0.00180 -2.13897e+00
 58  0.00044 -2.35837e+00 | 59  0.00395 -2.39459e+00 | 60  0.00883 -2.24448e+00
 61  0.01499 -1.95797e+00 | 62  0.02191 -1.65912e+00 | 63  0.02856 -1.54345e+00
 64  0.03338 -1.82980e+00 | 65  0.03478 -2.66510e+00 | 66  0.03206 -4.02423e+00
 67  0.02619 -5.67709e+00 | 68  0.01956 -7.25706e+00 | 69  0.01447 -8.43551e+00
 70  0.01188 -9.09401e+00 | 71  0.01168 -9.27086e+00 | 72  0.01359 -9.01754e+00
 73  0.01775 -8.30283e+00 | 74  0.02400 -7.12707e+00 | 75  0.03031 -5.75152e+00
 76  0.03305 -4.68935e+00 | 77  0.03004 -4.37456e+00 | 78  0.02268 -4.84370e+00
 79  0.01416 -5.78453e+00 | 80  0.00672 -6.84284e+00 | 81  0.00121 -7.77880e+00
 82 -0.00179 -8.36365e+00 | 83 -0.00185 -8.47025e+00 | 84  0.00006 -8.38854e+00
 85  0.00320 -8.29805e+00 | 86  0.01025 -7.50244e+00 | 87  0.01588 -7.43597e+00
 88  0.01922 -8.12101e+00 | 89  0.01084 -1.08817e+01 | 90  0.01499 -1.11653e+01
 91  0.01396 -1.19115e+01 | 92  0.00298 -1.38088e+01 | 93 -0.00652 -1.40868e+01
 94  0.00837 -1.27843e+01 | 95 -0.00296 -1.82131e+01 | 96  0.05351 -1.16940e+01
 97 -0.04458 -2.05094e+01 | 98 -0.03120 -2.03409e+01 | 99  0.12239 -2.01947e+01
100 -0.00333 -1.83914e+01 |101 -0.06059 -2.09243e+01 |102  0.01094 -9.56441e+00
103  0.01132 -7.10320e+00 |104  0.03236  2.73530e+00 |105 -0.00655  1.40947e+01
106 -0.02402  4.81146e+01 |107 -0.03170  6.11713e+01 |108 -0.03103  5.63629e+01
109 -0.03040  2.14769e+01 |110  0.05847  5.15393e+00 |111 -0.00020 -7.74164e+00
112  0.01517  5.54841e+00 |113 -0.02939  5.38726e+00 |114 -0.05181  1.30568e+01
115 -0.00173  1.29104e+01 |116  0.01363  1.31833e+01 |117 -0.02381  5.37834e+00
118  0.01614 -2.83751e+00 |119  0.07368 -7.03949e+00 |120 -0.03493 -1.62713e+01
121  0.08463 -6.31730e+00 |122 -0.02032 -1.05778e+01 |123  0.12337 -7.57332e+00
124 -0.00800 -6.18102e-01 |125 -0.04174  2.68805e+00 |126 -0.04909  3.40213e+00
127 -0.02126  6.95133e-01 |128  0.08650 -2.99103e+00 |129  0.02915 -7.83383e-01
130  0.01705  5.44022e-01 |131 -0.02741  5.41912e-01 |132 -0.02391 -1.74380e+00
133 -0.00962 -9.50769e-01 |134 -0.00059 -4.51135e-02 |135  0.28597 -1.82197e+01
136  0.19422 -3.42220e+01 |
136 variables; iteration 40; function evaluation 56; phase 1
Function value 7.3341232e+03; maximum gradient component mag -1.1861e+01
Var    Value     Gradient |Var    Value     Gradient |Var    Value     Gradient
  1 -0.42372 -1.18613e+01 |  2 -0.08778  5.73549e+00 |  3 -0.01033  8.64249e-03
  4 -0.01055  1.19100e-02 |  5 -0.01076  1.57910e-02 |  6 -0.01097  2.03376e-02
  7 -0.01116  2.56089e-02 |  8 -0.01135  3.16470e-02 |  9 -0.01153  3.84934e-02
 10 -0.01170  4.61876e-02 | 11 -0.01186  5.47640e-02 | 12 -0.01200  6.42533e-02
 13 -0.01213  7.46832e-02 | 14 -0.01224  8.60782e-02 | 15 -0.01234  9.84606e-02
 16 -0.01241  1.11849e-01 | 17 -0.01246  1.26256e-01 | 18 -0.01249  1.41687e-01
 19 -0.01249  1.58146e-01 | 20 -0.01247  1.75640e-01 | 21 -0.01242  1.94204e-01
 22 -0.01234  2.13881e-01 | 23 -0.01224  2.34733e-01 | 24 -0.01210  2.56826e-01
 25 -0.01192  2.80223e-01 | 26 -0.01171  3.04973e-01 | 27 -0.01145  3.31089e-01
 28 -0.01116  3.58552e-01 | 29 -0.01082  3.87273e-01 | 30 -0.01044  4.17025e-01
 31 -0.01001  4.47657e-01 | 32 -0.00955  4.78739e-01 | 33 -0.00906  5.09724e-01
 34 -0.00853  5.39878e-01 | 35 -0.00799  5.68274e-01 | 36 -0.00743  5.93839e-01
 37 -0.00688  6.15466e-01 | 38 -0.00635  6.32031e-01 | 39 -0.00585  6.42495e-01
 40 -0.00540  6.45928e-01 | 41 -0.00500  6.41490e-01 | 42 -0.00467  6.28440e-01
 43 -0.00442  6.06283e-01 | 44 -0.00424  5.74709e-01 | 45 -0.00412  5.33610e-01
 46 -0.00406  4.83186e-01 | 47 -0.00402  4.23971e-01 | 48 -0.00397  3.56900e-01
 49 -0.00390  2.83631e-01 | 50 -0.00375  2.06514e-01 | 51 -0.00349  1.28655e-01
 52 -0.00307  5.35729e-02 | 53 -0.00244 -1.53918e-02 | 54 -0.00157 -7.63174e-02
 55 -0.00043 -1.30183e-01 | 56  0.00100 -1.81986e-01 | 57  0.00270 -2.39467e-01
 58  0.00466 -3.08768e-01 | 59  0.00688 -3.89049e-01 | 60  0.00938 -4.74822e-01
 61  0.01209 -5.71780e-01 | 62  0.01490 -6.90029e-01 | 63  0.01801 -7.63793e-01
 64  0.02200 -6.49653e-01 | 65  0.02637 -4.26378e-01 | 66  0.02886 -4.82351e-01
 67  0.02925 -7.97799e-01 | 68  0.03005 -8.89405e-01 | 69  0.03185 -6.52808e-01
 70  0.03320 -3.69359e-01 | 71  0.03276 -2.93002e-01 | 72  0.03053 -4.39990e-01
 73  0.02764 -6.05325e-01 | 74  0.02569 -4.66455e-01 | 75  0.02457 -1.81906e-02
 76  0.02143  1.56943e-01 | 77  0.01643 -2.91860e-02 | 78  0.01230 -1.25856e-01
 79  0.00962 -8.51334e-02 | 80  0.00805 -1.27099e-02 | 81  0.00716  3.87535e-02
 82  0.00643  3.83979e-02 | 83  0.00566 -3.80470e-02 | 84  0.00529 -2.00430e-01
 85  0.00546 -4.49305e-01 | 86  0.00494 -7.92828e-01 | 87  0.00623 -1.08705e+00
 88  0.00921 -1.24014e+00 | 89  0.01025 -2.13461e+00 | 90  0.01206 -1.99698e+00
 91  0.01215 -1.87833e+00 | 92  0.00892 -2.30739e+00 | 93  0.00210 -1.98065e+00
 94  0.00442 -1.63252e+00 | 95  0.02138 -2.30811e+00 | 96  0.02100 -1.68946e+00
 97 -0.00073 -3.75918e-01 | 98  0.01251 -1.18873e+00 | 99  0.09162  8.82144e-01
100  0.02007 -2.25748e+00 |101 -0.01366 -1.11675e-01 |102  0.00579  4.79189e-01
103  0.02107  6.29970e-01 |104  0.03665 -7.96423e-02 |105  0.00258  1.26760e+00
106 -0.05814  4.11839e+00 |107 -0.07260  5.79887e+00 |108 -0.07274  4.75701e+00
109 -0.03393  2.94672e+00 |110  0.07042  4.16547e+00 |111  0.02762  2.94763e+00
112  0.01084 -1.59639e+00 |113 -0.02702 -5.56082e-01 |114 -0.07135 -2.61627e+00
115 -0.00675 -1.73981e+00 |116  0.00206 -2.15494e+00 |117 -0.02696 -3.82877e-01
118  0.03043  6.87524e-01 |119  0.07283  4.54070e-01 |120  0.01216  7.71341e-01
121  0.08202  2.18028e-01 |122  0.00666  5.58165e-01 |123  0.13352  9.99235e-01
124 -0.00740 -1.06197e+00 |125 -0.04550  4.29385e-01 |126 -0.05494  7.24006e-01
127 -0.02104  3.38049e-01 |128  0.09027 -1.82721e+00 |129  0.03101 -3.76633e-01
130  0.01588 -2.62547e-01 |131 -0.02721  4.00776e-01 |132 -0.01911 -4.45510e-01
133 -0.00582 -1.58199e-02 |134 -0.00039  1.11973e-03 |135  0.27150  4.61445e+00
136  0.18254  3.38126e+00 |

 - final statistics:
136 variables; iteration 44; function evaluation 63
Function value 7.3341e+03; maximum gradient component mag -8.7312e+00
Exit code = 1;  converg criter 1.0000e+01
Var    Value     Gradient |Var    Value     Gradient |Var    Value     Gradient
  1 -0.42371 -8.73119e+00 |  2 -0.08680  2.73162e+00 |  3 -0.01027 -2.46498e-02
  4 -0.01051 -2.95511e-02 |  5 -0.01075 -3.44770e-02 |  6 -0.01098 -3.93361e-02
  7 -0.01121 -4.40318e-02 |  8 -0.01144 -4.84451e-02 |  9 -0.01165 -5.24506e-02
 10 -0.01185 -5.59175e-02 | 11 -0.01205 -5.87088e-02 | 12 -0.01223 -6.06852e-02
 13 -0.01239 -6.17074e-02 | 14 -0.01253 -6.16384e-02 | 15 -0.01266 -6.03474e-02
 16 -0.01277 -5.77122e-02 | 17 -0.01285 -5.36207e-02 | 18 -0.01291 -4.79702e-02
 19 -0.01294 -4.06628e-02 | 20 -0.01294 -3.16033e-02 | 21 -0.01291 -2.07035e-02
 22 -0.01285 -7.88937e-03 | 23 -0.01275  6.88714e-03 | 24 -0.01262  2.36312e-02
 25 -0.01246  4.22899e-02 | 26 -0.01225  6.27331e-02 | 27 -0.01200  8.47460e-02
 28 -0.01172  1.08030e-01 | 29 -0.01139  1.32210e-01 | 30 -0.01102  1.56812e-01
 31 -0.01061  1.81421e-01 | 32 -0.01017  2.05530e-01 | 33 -0.00970  2.28673e-01
 34 -0.00920  2.50472e-01 | 35 -0.00869  2.70691e-01 | 36 -0.00816  2.89292e-01
 37 -0.00763  3.06457e-01 | 38 -0.00711  3.22466e-01 | 39 -0.00660  3.37586e-01
 40 -0.00611  3.51897e-01 | 41 -0.00566  3.65168e-01 | 42 -0.00526  3.76841e-01
 43 -0.00491  3.86183e-01 | 44 -0.00461  3.92333e-01 | 45 -0.00435  3.94391e-01
 46 -0.00413  3.91491e-01 | 47 -0.00393  3.82764e-01 | 48 -0.00372  3.67205e-01
 49 -0.00349  3.43677e-01 | 50 -0.00322  3.10553e-01 | 51 -0.00287  2.65503e-01
 52 -0.00243  2.05193e-01 | 53 -0.00189  1.25848e-01 | 54 -0.00123  2.53591e-02
 55 -0.00038 -9.14481e-02 | 56  0.00074 -2.04623e-01 | 57  0.00234 -2.73011e-01
 58  0.00464 -2.47692e-01 | 59  0.00767 -1.28341e-01 | 60  0.01091 -4.17743e-02
 61  0.01340 -1.88408e-01 | 62  0.01533 -4.92368e-01 | 63  0.01900 -4.48712e-01
 64  0.02426 -8.54451e-02 | 65  0.02600 -3.81993e-01 | 66  0.02567 -9.73140e-01
 67  0.03041 -4.84632e-01 | 68  0.03534  1.52293e-01 | 69  0.03408 -1.82914e-01
 70  0.03042 -8.22151e-01 | 71  0.02997 -7.76009e-01 | 72  0.03212 -1.49525e-01
 73  0.03146  8.18066e-02 | 74  0.02506 -6.39706e-01 | 75  0.02048 -9.03500e-01
 76  0.02123  2.65572e-02 | 77  0.01706  6.38251e-03 | 78  0.01129 -4.49773e-01
 79  0.00889 -3.50630e-01 | 80  0.00790 -1.37664e-01 | 81  0.00684 -1.03580e-01
 82  0.00555 -2.03926e-01 | 83  0.00426 -3.56305e-01 | 84  0.00385 -4.63937e-01
 85  0.00439 -5.34189e-01 | 86  0.00451 -6.17520e-01 | 87  0.00762 -3.55491e-01
 88  0.01134 -1.96771e-01 | 89  0.01203 -1.03301e+00 | 90  0.01277 -9.91806e-01
 91  0.01196 -9.63185e-01 | 92  0.01007 -1.03502e+00 | 93  0.00209 -9.66415e-01
 94  0.00753  1.46050e-01 | 95  0.02146 -1.21427e+00 | 96  0.02013 -1.06103e+00
 97 -0.00159 -4.91603e-02 | 98  0.01490 -1.31051e-01 | 99  0.08932  1.37215e+00
100  0.02488 -6.84185e-01 |101 -0.01395 -4.07794e-02 |102  0.00470 -2.29683e-02
103  0.02182  3.52655e-01 |104  0.03682 -7.05367e-01 |105  0.00358  6.74411e-01
106 -0.05931  2.59472e+00 |107 -0.07405  3.90948e+00 |108 -0.07379  3.09885e+00
109 -0.03494  1.54761e+00 |110  0.07184  3.48499e+00 |111  0.02605  1.85614e+00
112  0.01332 -8.12406e-01 |113 -0.02929 -1.60702e+00 |114 -0.06677 -6.21645e-01
115 -0.00635 -1.20767e+00 |116  0.00187 -2.00804e+00 |117 -0.02664 -1.24179e-01
118  0.03174  1.31421e+00 |119  0.07347  6.23681e-01 |120  0.01063  1.46047e-01
121  0.08288  2.82892e-01 |122  0.00646  4.15126e-01 |123  0.13399  1.13050e+00
124 -0.00658 -7.62365e-01 |125 -0.04342  1.21760e+00 |126 -0.05444  8.73971e-01
127 -0.02098  3.45367e-01 |128  0.09059 -1.75902e+00 |129  0.03000 -7.79440e-01
130  0.01380 -1.07358e+00 |131 -0.02644  6.71105e-01 |132 -0.01878 -3.67523e-01
133 -0.00492  2.14749e-01 |134 -0.00041 -3.95816e-03 |135  0.26946  2.75603e+00
136  0.18080  1.76375e+00 |

Initial statistics: 146 variables; iteration 0; function evaluation 0; phase 2
Function value 7.3340743e+03; maximum gradient component mag -1.9231e+01
Var    Value     Gradient |Var    Value     Gradient |Var    Value     Gradient
  1 -0.42371 -8.73119e+00 |  2  0.37053  5.17935e+00 |  3 -0.12669 -5.56920e+00
  4 -0.01167  3.90706e+00 |  5 -0.70627  3.22749e-01 |  6 -0.60527 -1.92305e+01
  7  0.37555  4.49022e+00 |  8 -0.18500  1.79082e+01 |  9  0.03518  8.75673e+00
 10 -0.60813  2.07055e-01 | 11 -0.62427 -1.73671e+01 | 12 -0.08680  2.73162e+00
 13 -0.01027 -2.46498e-02 | 14 -0.01051 -2.95511e-02 | 15 -0.01075 -3.44770e-02
 16 -0.01098 -3.93361e-02 | 17 -0.01121 -4.40318e-02 | 18 -0.01144 -4.84451e-02
 19 -0.01165 -5.24506e-02 | 20 -0.01185 -5.59175e-02 | 21 -0.01205 -5.87088e-02
 22 -0.01223 -6.06852e-02 | 23 -0.01239 -6.17074e-02 | 24 -0.01253 -6.16384e-02
 25 -0.01266 -6.03474e-02 | 26 -0.01277 -5.77122e-02 | 27 -0.01285 -5.36207e-02
 28 -0.01291 -4.79702e-02 | 29 -0.01294 -4.06628e-02 | 30 -0.01294 -3.16033e-02
 31 -0.01291 -2.07035e-02 | 32 -0.01285 -7.88937e-03 | 33 -0.01275  6.88714e-03
 34 -0.01262  2.36312e-02 | 35 -0.01246  4.22899e-02 | 36 -0.01225  6.27331e-02
 37 -0.01200  8.47460e-02 | 38 -0.01172  1.08030e-01 | 39 -0.01139  1.32210e-01
 40 -0.01102  1.56812e-01 | 41 -0.01061  1.81421e-01 | 42 -0.01017  2.05530e-01
 43 -0.00970  2.28673e-01 | 44 -0.00920  2.50472e-01 | 45 -0.00869  2.70691e-01
 46 -0.00816  2.89292e-01 | 47 -0.00763  3.06457e-01 | 48 -0.00711  3.22466e-01
 49 -0.00660  3.37586e-01 | 50 -0.00611  3.51897e-01 | 51 -0.00566  3.65168e-01
 52 -0.00526  3.76841e-01 | 53 -0.00491  3.86183e-01 | 54 -0.00461  3.92333e-01
 55 -0.00435  3.94391e-01 | 56 -0.00413  3.91491e-01 | 57 -0.00393  3.82764e-01
 58 -0.00372  3.67205e-01 | 59 -0.00349  3.43677e-01 | 60 -0.00322  3.10553e-01
 61 -0.00287  2.65503e-01 | 62 -0.00243  2.05193e-01 | 63 -0.00189  1.25848e-01
 64 -0.00123  2.53591e-02 | 65 -0.00038 -9.14481e-02 | 66  0.00074 -2.04623e-01
 67  0.00234 -2.73011e-01 | 68  0.00464 -2.47692e-01 | 69  0.00767 -1.28341e-01
 70  0.01091 -4.17743e-02 | 71  0.01340 -1.88408e-01 | 72  0.01533 -4.92368e-01
 73  0.01900 -4.48712e-01 | 74  0.02426 -8.54451e-02 | 75  0.02600 -3.81993e-01
 76  0.02567 -9.73140e-01 | 77  0.03041 -4.84632e-01 | 78  0.03534  1.52293e-01
 79  0.03408 -1.82914e-01 | 80  0.03042 -8.22151e-01 | 81  0.02997 -7.76009e-01
 82  0.03212 -1.49525e-01 | 83  0.03146  8.18066e-02 | 84  0.02506 -6.39706e-01
 85  0.02048 -9.03500e-01 | 86  0.02123  2.65572e-02 | 87  0.01706  6.38251e-03
 88  0.01129 -4.49773e-01 | 89  0.00889 -3.50630e-01 | 90  0.00790 -1.37664e-01
 91  0.00684 -1.03580e-01 | 92  0.00555 -2.03926e-01 | 93  0.00426 -3.56305e-01
 94  0.00385 -4.63937e-01 | 95  0.00439 -5.34189e-01 | 96  0.00451 -6.17520e-01
 97  0.00762 -3.55491e-01 | 98  0.01134 -1.96771e-01 | 99  0.01203 -1.03301e+00
100  0.01277 -9.91806e-01 |101  0.01196 -9.63185e-01 |102  0.01007 -1.03502e+00
103  0.00209 -9.66415e-01 |104  0.00753  1.46050e-01 |105  0.02146 -1.21427e+00
106  0.02013 -1.06103e+00 |107 -0.00159 -4.91603e-02 |108  0.01490 -1.31051e-01
109  0.08932  1.37215e+00 |110  0.02488 -6.84185e-01 |111 -0.01395 -4.07794e-02
112  0.00470 -2.29683e-02 |113  0.02182  3.52655e-01 |114  0.03682 -7.05367e-01
115  0.00358  6.74411e-01 |116 -0.05931  2.59472e+00 |117 -0.07405  3.90948e+00
118 -0.07379  3.09885e+00 |119 -0.03494  1.54761e+00 |120  0.07184  3.48499e+00
121  0.02605  1.85614e+00 |122  0.01332 -8.12406e-01 |123 -0.02929 -1.60702e+00
124 -0.06677 -6.21645e-01 |125 -0.00635 -1.20767e+00 |126  0.00187 -2.00804e+00
127 -0.02664 -1.24179e-01 |128  0.03174  1.31421e+00 |129  0.07347  6.23681e-01
130  0.01063  1.46047e-01 |131  0.08288  2.82892e-01 |132  0.00646  4.15126e-01
133  0.13399  1.13050e+00 |134 -0.00658 -7.62365e-01 |135 -0.04342  1.21760e+00
136 -0.05444  8.73971e-01 |137 -0.02098  3.45367e-01 |138  0.09059 -1.75902e+00
139  0.03000 -7.79440e-01 |140  0.01380 -1.07358e+00 |141 -0.02644  6.71105e-01
142 -0.01878 -3.67523e-01 |143 -0.00492  2.14749e-01 |144 -0.00041 -3.95816e-03
145  0.26946  2.75603e+00 |146  0.18080  1.76375e+00 |

 - final statistics:
146 variables; iteration 2; function evaluation 3
Function value 7.3341e+03; maximum gradient component mag 7.8340e+00
Exit code = 1;  converg criter 1.0000e+01
Var    Value     Gradient |Var    Value     Gradient |Var    Value     Gradient
  1 -0.42345  8.76996e-01 |  2  0.37045 -1.18868e+00 |  3 -0.12651  1.22062e+00
  4 -0.01180  4.66606e+00 |  5 -0.70630  1.97106e+00 |  6 -0.60472  4.79169e-01
  7  0.37569  5.48292e+00 |  8 -0.18522  7.83404e+00 |  9  0.03513  7.05168e+00
 10 -0.60815  1.47737e+00 | 11 -0.62374  4.56382e-01 | 12 -0.08689 -5.91442e-01
 13 -0.01027 -5.58346e-02 | 14 -0.01051 -6.14959e-02 | 15 -0.01075 -6.71989e-02
 16 -0.01098 -7.28534e-02 | 17 -0.01121 -7.83648e-02 | 18 -0.01143 -8.36155e-02
 19 -0.01165 -8.84818e-02 | 20 -0.01185 -9.28348e-02 | 21 -0.01204 -9.65399e-02
 22 -0.01222 -9.94604e-02 | 23 -0.01239 -1.01459e-01 | 24 -0.01253 -1.02403e-01
 25 -0.01266 -1.02162e-01 | 26 -0.01276 -1.00617e-01 | 27 -0.01285 -9.76571e-02
 28 -0.01290 -9.31800e-02 | 29 -0.01293 -8.70898e-02 | 30 -0.01294 -7.92937e-02
 31 -0.01291 -6.97068e-02 | 32 -0.01285 -5.82584e-02 | 33 -0.01275 -4.49029e-02
 34 -0.01262 -2.96364e-02 | 35 -0.01246 -1.25115e-02 | 36 -0.01225  6.34453e-03
 37 -0.01201  2.67216e-02 | 38 -0.01172  4.83267e-02 | 39 -0.01139  7.07914e-02
 40 -0.01103  9.36521e-02 | 41 -0.01062  1.16493e-01 | 42 -0.01018  1.38815e-01
 43 -0.00971  1.60160e-01 | 44 -0.00921  1.80155e-01 | 45 -0.00870  1.98572e-01
 46 -0.00817  2.15378e-01 | 47 -0.00765  2.30756e-01 | 48 -0.00712  2.44990e-01
 49 -0.00661  2.58346e-01 | 50 -0.00613  2.70912e-01 | 51 -0.00568  2.82473e-01
 52 -0.00527  2.92496e-01 | 53 -0.00492  3.00269e-01 | 54 -0.00462  3.04949e-01
 55 -0.00437  3.05642e-01 | 56 -0.00415  3.01481e-01 | 57 -0.00394  2.91590e-01
 58 -0.00374  2.74964e-01 | 59 -0.00351  2.50457e-01 | 60 -0.00323  2.16446e-01
 61 -0.00288  1.70602e-01 | 62 -0.00244  1.09618e-01 | 63 -0.00190  2.97365e-02
 64 -0.00123 -7.11593e-02 | 65 -0.00038 -1.88320e-01 | 66  0.00075 -3.02148e-01
 67  0.00235 -3.72021e-01 | 68  0.00465 -3.49654e-01 | 69  0.00768 -2.34751e-01
 70  0.01091 -1.52502e-01 | 71  0.01340 -3.00768e-01 | 72  0.01535 -6.04587e-01
 73  0.01901 -5.65329e-01 | 74  0.02426 -2.10519e-01 | 75  0.02602 -5.06872e-01
 76  0.02570 -1.09350e+00 | 77  0.03043 -6.13524e-01 | 78  0.03533  1.38928e-02
 79  0.03409 -3.17112e-01 | 80  0.03045 -9.47148e-01 | 81  0.03000 -8.99573e-01
 82  0.03213 -2.77910e-01 | 83  0.03146 -4.50509e-02 | 84  0.02508 -7.51771e-01
 85  0.02052 -1.00526e+00 | 86  0.02123 -7.82135e-02 | 87  0.01706 -8.90717e-02
 88  0.01131 -5.30481e-01 | 89  0.00890 -4.23161e-01 | 90  0.00790 -2.03299e-01
 91  0.00685 -1.60064e-01 | 92  0.00556 -2.49281e-01 | 93  0.00427 -3.89127e-01
 94  0.00386 -4.83028e-01 | 95  0.00441 -5.37345e-01 | 96  0.00453 -6.02374e-01
 97  0.00764 -3.20600e-01 | 98  0.01135 -1.37059e-01 | 99  0.01207 -9.36588e-01
100  0.01281 -8.67374e-01 |101  0.01199 -8.11008e-01 |102  0.01010 -8.55527e-01
103  0.00212 -7.78874e-01 |104  0.00752  3.41190e-01 |105  0.02150 -9.74256e-01
106  0.02017 -8.21767e-01 |107 -0.00159  1.23493e-01 |108  0.01490  5.72265e-02
109  0.08926  1.70456e+00 |110  0.02491 -4.50123e-01 |111 -0.01395  1.34722e-01
112  0.00470  1.90819e-01 |113  0.02181  5.68663e-01 |114  0.03685 -4.99764e-01
115  0.00355  8.18711e-01 |116 -0.05941  2.59309e+00 |117 -0.07420  3.87556e+00
118 -0.07391  3.10790e+00 |119 -0.03500  1.55753e+00 |120  0.07171  3.55658e+00
121  0.02597  2.02372e+00 |122  0.01335 -5.02069e-01 |123 -0.02922 -1.30423e+00
124 -0.06674 -4.98104e-01 |125 -0.00630 -9.55719e-01 |126  0.00195 -1.78407e+00
127 -0.02663 -1.12356e-02 |128  0.03169  1.36651e+00 |129  0.07345  5.56925e-01
130  0.01063  1.53485e-01 |131  0.08287  1.25512e-01 |132  0.00645  3.97198e-01
133  0.13394  1.03810e+00 |134 -0.00655 -6.84050e-01 |135 -0.04346  1.18446e+00
136 -0.05447  8.88224e-01 |137 -0.02100  3.34714e-01 |138  0.09066 -1.75736e+00
139  0.03003 -7.29984e-01 |140  0.01384 -1.07921e+00 |141 -0.02646  6.65653e-01
142 -0.01876 -3.35099e-01 |143 -0.00493  1.87489e-01 |144 -0.00041 -3.82957e-03
145  0.26936  1.73081e+00 |146  0.18074  7.88769e-01 |

Initial statistics: 176 variables; iteration 0; function evaluation 0; phase 3
Function value 7.3340561e+03; maximum gradient component mag -8.2359e+00
Var    Value     Gradient |Var    Value     Gradient |Var    Value     Gradient
  1 -0.42345  8.76996e-01 |  2  0.37045 -1.18868e+00 |  3 -0.12651  1.22062e+00
  4 -0.01180  4.66606e+00 |  5 -0.70630  1.97106e+00 |  6 -0.60472  4.79169e-01
  7  0.37569  5.48292e+00 |  8 -0.18522  7.83404e+00 |  9  0.03513  7.05168e+00
 10 -0.60815  1.47737e+00 | 11 -0.62374  4.56382e-01 | 12 -0.08689 -5.91442e-01
 13 -0.01027 -5.58346e-02 | 14 -0.01051 -6.14959e-02 | 15 -0.01075 -6.71989e-02
 16 -0.01098 -7.28534e-02 | 17 -0.01121 -7.83648e-02 | 18 -0.01143 -8.36155e-02
 19 -0.01165 -8.84818e-02 | 20 -0.01185 -9.28348e-02 | 21 -0.01204 -9.65399e-02
 22 -0.01222 -9.94604e-02 | 23 -0.01239 -1.01459e-01 | 24 -0.01253 -1.02403e-01
 25 -0.01266 -1.02162e-01 | 26 -0.01276 -1.00617e-01 | 27 -0.01285 -9.76571e-02
 28 -0.01290 -9.31800e-02 | 29 -0.01293 -8.70898e-02 | 30 -0.01294 -7.92937e-02
 31 -0.01291 -6.97068e-02 | 32 -0.01285 -5.82584e-02 | 33 -0.01275 -4.49029e-02
 34 -0.01262 -2.96364e-02 | 35 -0.01246 -1.25115e-02 | 36 -0.01225  6.34453e-03
 37 -0.01201  2.67216e-02 | 38 -0.01172  4.83267e-02 | 39 -0.01139  7.07914e-02
 40 -0.01103  9.36521e-02 | 41 -0.01062  1.16493e-01 | 42 -0.01018  1.38815e-01
 43 -0.00971  1.60160e-01 | 44 -0.00921  1.80155e-01 | 45 -0.00870  1.98572e-01
 46 -0.00817  2.15378e-01 | 47 -0.00765  2.30756e-01 | 48 -0.00712  2.44990e-01
 49 -0.00661  2.58346e-01 | 50 -0.00613  2.70912e-01 | 51 -0.00568  2.82473e-01
 52 -0.00527  2.92496e-01 | 53 -0.00492  3.00269e-01 | 54 -0.00462  3.04949e-01
 55 -0.00437  3.05642e-01 | 56 -0.00415  3.01481e-01 | 57 -0.00394  2.91590e-01
 58 -0.00374  2.74964e-01 | 59 -0.00351  2.50457e-01 | 60 -0.00323  2.16446e-01
 61 -0.00288  1.70602e-01 | 62 -0.00244  1.09618e-01 | 63 -0.00190  2.97365e-02
 64 -0.00123 -7.11593e-02 | 65 -0.00038 -1.88320e-01 | 66  0.00075 -3.02148e-01
 67  0.00235 -3.72021e-01 | 68  0.00465 -3.49654e-01 | 69  0.00768 -2.34751e-01
 70  0.01091 -1.52502e-01 | 71  0.01340 -3.00768e-01 | 72  0.01535 -6.04587e-01
 73  0.01901 -5.65329e-01 | 74  0.02426 -2.10519e-01 | 75  0.02602 -5.06872e-01
 76  0.02570 -1.09350e+00 | 77  0.03043 -6.13524e-01 | 78  0.03533  1.38928e-02
 79  0.03409 -3.17112e-01 | 80  0.03045 -9.47148e-01 | 81  0.03000 -8.99573e-01
 82  0.03213 -2.77910e-01 | 83  0.03146 -4.50509e-02 | 84  0.02508 -7.51771e-01
 85  0.02052 -1.00526e+00 | 86  0.02123 -7.82135e-02 | 87  0.01706 -8.90717e-02
 88  0.01131 -5.30481e-01 | 89  0.00890 -4.23161e-01 | 90  0.00790 -2.03299e-01
 91  0.00685 -1.60064e-01 | 92  0.00556 -2.49281e-01 | 93  0.00427 -3.89127e-01
 94  0.00386 -4.83028e-01 | 95  0.00441 -5.37345e-01 | 96  0.00453 -6.02374e-01
 97  0.00764 -3.20600e-01 | 98  0.01135 -1.37059e-01 | 99  0.01207 -9.36588e-01
100  0.01281 -8.67374e-01 |101  0.01199 -8.11008e-01 |102  0.01010 -8.55527e-01
103  0.00212 -7.78874e-01 |104  0.00752  3.41190e-01 |105  0.02150 -9.74256e-01
106  0.02017 -8.21767e-01 |107 -0.00159  1.23493e-01 |108  0.01490  5.72265e-02
109  0.08926  1.70456e+00 |110  0.02491 -4.50123e-01 |111 -0.01395  1.34722e-01
112  0.00470  1.90819e-01 |113  0.02181  5.68663e-01 |114  0.03685 -4.99764e-01
115  0.00355  8.18711e-01 |116 -0.05941  2.59309e+00 |117 -0.07420  3.87556e+00
118 -0.07391  3.10790e+00 |119 -0.03500  1.55753e+00 |120  0.07171  3.55658e+00
121  0.02597  2.02372e+00 |122  0.01335 -5.02069e-01 |123 -0.02922 -1.30423e+00
124 -0.06674 -4.98104e-01 |125 -0.00630 -9.55719e-01 |126  0.00195 -1.78407e+00
127 -0.02663 -1.12356e-02 |128  0.03169  1.36651e+00 |129  0.07345  5.56925e-01
130  0.01063  1.53485e-01 |131  0.08287  1.25512e-01 |132  0.00645  3.97198e-01
133  0.13394  1.03810e+00 |134 -0.00655 -6.84050e-01 |135 -0.04346  1.18446e+00
136 -0.05447  8.88224e-01 |137 -0.02100  3.34714e-01 |138  0.09066 -1.75736e+00
139  0.03003 -7.29984e-01 |140  0.01384 -1.07921e+00 |141 -0.02646  6.65653e-01
142 -0.01876 -3.35099e-01 |143 -0.00493  1.87489e-01 |144 -0.00041 -3.82957e-03
145  0.26936  1.73081e+00 |146  0.18074  7.88769e-01 |147  0.04585 -2.60540e+00
148  0.29666  9.98986e-01 |149 -0.47552 -1.53830e-02 |150  0.31347 -4.98029e-02
151  0.18110 -1.23869e+00 |152  0.25963  1.74962e+00 |153  0.17359 -1.45639e+00
154  0.25394  1.04082e+00 |155  0.10183 -8.13080e-01 |156  0.29651  1.18642e+00
157  0.16796 -1.23150e+00 |158  0.24605  1.51789e+00 |159 -0.35218  2.28411e-01
160  0.24271 -8.08350e-02 |161  0.20168 -5.24030e-01 |162  0.31665  9.13319e-01
163 -0.38333  3.08330e-01 |164  0.23513 -2.29089e-01 |165  0.05028 -6.72820e-01
166  0.11913 -2.44941e+00 |167  0.32126  8.42517e-01 |168  0.27246  2.25414e+00
169  0.01272 -5.69336e-01 |170  0.39332 -1.32644e-01 |171  0.09898 -8.23590e+00
172  0.16318 -7.77588e+00 |173  0.21863  4.31262e+00 |174  0.25726  3.95278e+00
175 -0.55410  2.07890e-01 |176  0.17112 -7.94951e-02 |

Intermediate statistics: 176 variables; iteration 20; function evaluation 23; phase 3
Function value 7.3340044e+03; maximum gradient component mag 1.3611e+01
Var    Value     Gradient |Var    Value     Gradient |Var    Value     Gradient
  1 -0.42343 -2.41497e+00 |  2  0.37093  1.36106e+01 |  3 -0.12631  4.70823e+00
  4 -0.01245  9.57575e+00 |  5 -0.70827  4.30048e-01 |  6 -0.60447 -8.28502e-01
  7  0.37587 -3.72596e+00 |  8 -0.18531 -6.36832e+00 |  9  0.03467 -2.47941e+00
 10 -0.60932  1.14303e+00 | 11 -0.62322  9.10987e+00 | 12 -0.08772  4.77017e+00
 13 -0.01009 -1.16126e-03 | 14 -0.01032 -1.92939e-03 | 15 -0.01054 -2.69998e-03
 16 -0.01075 -3.45819e-03 | 17 -0.01097 -4.18827e-03 | 18 -0.01117 -4.87158e-03
 19 -0.01137 -5.48857e-03 | 20 -0.01156 -6.01888e-03 | 21 -0.01174 -6.44144e-03
 22 -0.01191 -6.73494e-03 | 23 -0.01207 -6.87816e-03 | 24 -0.01221 -6.85040e-03
 25 -0.01234 -6.63199e-03 | 26 -0.01245 -6.20486e-03 | 27 -0.01254 -5.55314e-03
 28 -0.01261 -4.66311e-03 | 29 -0.01265 -3.52203e-03 | 30 -0.01268 -2.11674e-03
 31 -0.01267 -4.33785e-04 | 32 -0.01265  1.53836e-03 | 33 -0.01259  3.80742e-03
 34 -0.01250  6.37430e-03 | 35 -0.01239  9.23027e-03 | 36 -0.01224  1.23539e-02
 37 -0.01205  1.57100e-02 | 38 -0.01183  1.92499e-02 | 39 -0.01156  2.29132e-02
 40 -0.01126  2.66233e-02 | 41 -0.01092  3.03167e-02 | 42 -0.01055  3.39135e-02
 43 -0.01014  3.73409e-02 | 44 -0.00970  4.05412e-02 | 45 -0.00924  4.34808e-02
 46 -0.00876  4.61616e-02 | 47 -0.00828  4.86258e-02 | 48 -0.00780  5.09362e-02
 49 -0.00733  5.31566e-02 | 50 -0.00689  5.53209e-02 | 51 -0.00648  5.74092e-02
 52 -0.00612  5.93436e-02 | 53 -0.00580  6.10138e-02 | 54 -0.00552  6.22852e-02
 55 -0.00528  6.30141e-02 | 56 -0.00507  6.30597e-02 | 57 -0.00486  6.22772e-02
 58 -0.00463  6.04946e-02 | 59 -0.00435  5.75088e-02 | 60 -0.00400  5.30148e-02
 61 -0.00354  4.65551e-02 | 62 -0.00296  3.74491e-02 | 63 -0.00221  2.48707e-02
 64 -0.00126  8.22207e-03 | 65 -0.00009 -1.18522e-02 | 66  0.00135 -3.17274e-02
 67  0.00311 -4.31980e-02 | 68  0.00527 -3.55122e-02 | 69  0.00784 -6.83852e-03
 70  0.01071  1.67533e-02 | 71  0.01362 -1.21440e-02 | 72  0.01656 -8.19395e-02
 73  0.02000 -6.92071e-02 | 74  0.02385  3.07275e-02 | 75  0.02661 -4.59558e-02
 76  0.02843 -2.14426e-01 | 77  0.03127 -7.17155e-02 | 78  0.03367  1.24501e-01
 79  0.03366  2.12378e-02 | 80  0.03242 -1.76809e-01 | 81  0.03176 -1.64786e-01
 82  0.03148  1.97088e-02 | 83  0.02993  8.02420e-02 | 84  0.02626 -1.33217e-01
 85  0.02265 -2.06070e-01 | 86  0.02001  3.20283e-02 | 87  0.01595  1.76286e-02
 88  0.01182 -9.38586e-02 | 89  0.00906 -7.24167e-02 | 90  0.00733 -2.63091e-02
 91  0.00613 -1.76285e-02 | 92  0.00513 -3.47530e-02 | 93  0.00427 -5.93399e-02
 94  0.00412 -7.12479e-02 | 95  0.00478 -7.30112e-02 | 96  0.00502 -7.64612e-02
 97  0.00704 -1.60004e-03 | 98  0.00992  5.91751e-02 | 99  0.01322 -1.05277e-01
100  0.01354 -6.89045e-02 |101  0.01244 -3.83488e-02 |102  0.01074 -4.07746e-02
103  0.00271 -2.76321e-02 |104  0.00450  2.15658e-01 |105  0.02290  1.16821e-03
106  0.02159  8.40904e-02 |107 -0.00218  2.53220e-01 |108  0.01570  2.87187e-01
109  0.08585  9.86285e-01 |110  0.02798  2.39109e-01 |111 -0.01388  2.82593e-01
112  0.00467  1.93381e-01 |113  0.01999  2.06524e-01 |114  0.03864  2.07310e-01
115  0.00369  6.68011e-01 |116 -0.06102  1.13562e+00 |117 -0.07694  1.54127e+00
118 -0.07554  1.42246e+00 |119 -0.03349  1.23955e+00 |120  0.07100  1.15512e+00
121  0.02429 -7.15614e-02 |122  0.01397 -8.74911e-01 |123 -0.02793 -9.63466e-01
124 -0.06691 -5.78377e-01 |125 -0.00643 -1.07470e+00 |126  0.00447 -1.07397e+00
127 -0.02687 -4.47750e-01 |128  0.02928 -1.75327e-01 |129  0.07407 -1.44056e-01
130  0.01108 -8.38597e-02 |131  0.08267 -3.24950e-01 |132  0.00592 -1.04653e-01
133  0.13329  1.69144e-01 |134 -0.00528 -1.74253e-01 |135 -0.04600  1.80334e-01
136 -0.05633  1.01970e-01 |137 -0.02178  4.77670e-02 |138  0.09367 -3.05106e-01
139  0.03172 -1.07905e-01 |140  0.01650 -8.29297e-02 |141 -0.02781  1.15417e-01
142 -0.01778 -8.80574e-02 |143 -0.00563  7.50818e-02 |144 -0.00039 -1.13831e-03
145  0.27060  1.64374e+00 |146  0.18189  1.91563e+00 |147  0.04646  4.87668e+00
148  0.29635 -1.03897e+01 |149 -0.47567 -8.36316e-02 |150  0.31370  9.19616e-03
151  0.18186  1.90461e+00 |152  0.25963 -3.93010e+00 |153  0.17404 -8.04768e-01
154  0.25407  4.97831e-01 |155  0.10259 -1.33253e+00 |156  0.29687  3.00411e+00
157  0.16829 -2.53525e+00 |158  0.24638  3.97452e+00 |159 -0.35229  2.03625e-01
160  0.24266 -5.13217e-02 |161  0.20225 -1.49230e-01 |162  0.31677  6.58696e-01
163 -0.38375  1.71863e-01 |164  0.23492 -2.44613e-01 |165  0.05036 -1.91786e-01
166  0.11929 -3.56388e+00 |167  0.32119  2.09369e-01 |168  0.27273  4.11771e+00
169  0.01290 -4.53683e-01 |170  0.39317 -1.08242e-01 |171  0.09909 -8.01199e+00
172  0.16363  4.05072e+00 |173  0.21870  4.06612e+00 |174  0.25718 -8.57567e+00
175 -0.55403  4.08805e-01 |176  0.17116 -1.72986e-02 |
176 variables; iteration 40; function evaluation 44; phase 3
Function value 7.3339992e+03; maximum gradient component mag 1.1358e+01
Var    Value     Gradient |Var    Value     Gradient |Var    Value     Gradient
  1 -0.42344 -2.27318e+00 |  2  0.37098  1.13576e+01 |  3 -0.12623  4.21833e+00
  4 -0.01266  8.07620e+00 |  5 -0.70831  4.49347e-01 |  6 -0.60441 -5.61844e-01
  7  0.37588 -3.21413e+00 |  8 -0.18532 -5.21799e+00 |  9  0.03465 -1.62656e+00
 10 -0.60933  1.04586e+00 | 11 -0.62327  7.56534e+00 | 12 -0.09053  3.01793e+00
 13 -0.01004  6.88396e-03 | 14 -0.01026  6.95893e-03 | 15 -0.01047  7.04224e-03
 16 -0.01069  7.13760e-03 | 17 -0.01089  7.24882e-03 | 18 -0.01110  7.38100e-03
 19 -0.01129  7.53953e-03 | 20 -0.01148  7.73015e-03 | 21 -0.01166  7.95909e-03
 22 -0.01182  8.23292e-03 | 23 -0.01198  8.55854e-03 | 24 -0.01212  8.94310e-03
 25 -0.01224  9.39403e-03 | 26 -0.01235  9.91882e-03 | 27 -0.01244  1.05246e-02
 28 -0.01251  1.12177e-02 | 29 -0.01255  1.20031e-02 | 30 -0.01258  1.28859e-02
 31 -0.01258  1.38714e-02 | 32 -0.01255  1.49649e-02 | 33 -0.01250  1.61706e-02
 34 -0.01241  1.74904e-02 | 35 -0.01230  1.89231e-02 | 36 -0.01216  2.04624e-02
 37 -0.01197  2.20968e-02 | 38 -0.01175  2.38099e-02 | 39 -0.01150  2.55806e-02
 40 -0.01120  2.73836e-02 | 41 -0.01087  2.91960e-02 | 42 -0.01050  3.09908e-02
 43 -0.01009  3.27410e-02 | 44 -0.00966  3.44198e-02 | 45 -0.00920  3.60011e-02
 46 -0.00873  3.74619e-02 | 47 -0.00825  3.87836e-02 | 48 -0.00777  3.99475e-02
 49 -0.00731  4.09309e-02 | 50 -0.00687  4.17008e-02 | 51 -0.00646  4.22086e-02
 52 -0.00610  4.23919e-02 | 53 -0.00578  4.21871e-02 | 54 -0.00552  4.15338e-02
 55 -0.00528  4.03755e-02 | 56 -0.00507  3.86583e-02 | 57 -0.00486  3.63253e-02
 58 -0.00463  3.33138e-02 | 59 -0.00435  2.95652e-02 | 60 -0.00400  2.50132e-02
 61 -0.00354  1.95791e-02 | 62 -0.00293  1.31552e-02 | 63 -0.00215  5.60356e-03
 64 -0.00117 -3.21996e-03 | 65  0.00005 -1.33364e-02 | 66  0.00154 -2.43228e-02
 67  0.00333 -3.46759e-02 | 68  0.00544 -4.13610e-02 | 69  0.00791 -4.16293e-02
 70  0.01069 -4.04418e-02 | 71  0.01368 -5.72654e-02 | 72  0.01678 -9.84824e-02
 73  0.02017 -1.02801e-01 | 74  0.02385 -4.29256e-02 | 75  0.02673 -1.03501e-01
 76  0.02867 -2.55527e-01 | 77  0.03140 -1.38390e-01 | 78  0.03379  4.80962e-02
 79  0.03381 -5.55273e-02 | 80  0.03260 -2.52504e-01 | 81  0.03196 -2.40415e-01
 82  0.03165 -6.68335e-02 | 83  0.03005 -1.72103e-02 | 84  0.02656 -1.95586e-01
 85  0.02312 -2.34066e-01 | 86  0.02009 -7.18955e-02 | 87  0.01606 -7.92569e-02
 88  0.01224 -1.16873e-01 | 89  0.00947 -9.50664e-02 | 90  0.00762 -6.87952e-02
 91  0.00642 -5.44994e-02 | 92  0.00550 -4.66928e-02 | 93  0.00474 -4.03408e-02
 94  0.00464 -3.12800e-02 | 95  0.00530 -2.15079e-02 | 96  0.00553 -1.62049e-02
 97  0.00728  1.05554e-02 | 98  0.00995  3.95482e-02 | 99  0.01370 -8.51962e-03
100  0.01390  1.59801e-02 |101  0.01270  3.65967e-02 |102  0.01102  4.25869e-02
103  0.00294  4.75704e-02 |104  0.00389  9.83593e-02 |105  0.02313  7.23775e-02
106  0.02170  1.29164e-01 |107 -0.00253  1.60286e-01 |108  0.01573  1.83193e-01
109  0.08496  5.51652e-01 |110  0.02790  9.65252e-02 |111 -0.01440  9.20661e-02
112  0.00448  1.34899e-01 |113  0.01956  1.47875e-01 |114  0.03853  2.10556e-01
115  0.00301  4.65388e-01 |116 -0.06150  9.38339e-01 |117 -0.07759  1.25016e+00
118 -0.07624  1.10362e+00 |119 -0.03427  9.08969e-01 |120  0.07042  1.17124e+00
121  0.02400  2.37599e-01 |122  0.01356 -5.37738e-01 |123 -0.02837 -7.41007e-01
124 -0.06719 -4.05849e-01 |125 -0.00683 -8.17570e-01 |126  0.00396 -8.67156e-01
127 -0.02726 -3.21655e-01 |128  0.02889 -2.47661e-02 |129  0.07353 -3.80696e-02
130  0.01064 -7.05899e-02 |131  0.08234 -2.03461e-01 |132  0.00570 -5.86103e-02
133  0.13278  4.73533e-02 |134 -0.00567 -2.50374e-01 |135 -0.04605  2.17450e-01
136 -0.05641  1.22736e-01 |137 -0.02186  6.19695e-02 |138  0.09336 -3.56944e-01
139  0.03143 -1.60929e-01 |140  0.01619 -1.67748e-01 |141 -0.02777  1.44524e-01
142 -0.01770 -6.08709e-02 |143 -0.00572  4.88209e-02 |144 -0.00039 -4.96686e-04
145  0.27454  1.28368e+00 |146  0.18566  1.89234e+00 |147  0.04665  4.30634e+00
148  0.29645 -8.47433e+00 |149 -0.47544 -3.08822e-02 |150  0.31377  2.08833e-03
151  0.18199  1.45850e+00 |152  0.25964 -3.23618e+00 |153  0.17409 -1.32915e+00
154  0.25414  1.30970e+00 |155  0.10270 -1.47694e+00 |156  0.29686  3.24842e+00
157  0.16838 -2.39715e+00 |158  0.24636  3.71129e+00 |159 -0.35253 -6.77945e-02
160  0.24266  3.52095e-01 |161  0.20236 -2.08445e-01 |162  0.31685  8.69589e-01
163 -0.38383  2.85083e-01 |164  0.23478 -5.58178e-01 |165  0.05039 -2.06472e-01
166  0.11944 -2.41073e+00 |167  0.32114  2.18653e-01 |168  0.27264  2.66596e+00
169  0.01308 -2.92025e-01 |170  0.39327 -3.55056e-02 |171  0.09917 -6.88741e+00
172  0.16371  3.41426e+00 |173  0.21872  3.54044e+00 |174  0.25720 -6.82632e+00
175 -0.55623  2.79412e-01 |176  0.17018 -4.56209e-02 |

 - final statistics:
176 variables; iteration 50; function evaluation 57
Function value 7.3340e+03; maximum gradient component mag 9.9079e-01
Exit code = 1;  converg criter 1.0000e+00
Var    Value     Gradient |Var    Value     Gradient |Var    Value     Gradient
  1 -0.42338 -1.52305e-01 |  2  0.37102  9.90794e-01 |  3 -0.12605  4.08861e-01
  4 -0.01308  6.65794e-01 |  5 -0.70903 -5.70983e-02 |  6 -0.60429 -2.57671e-02
  7  0.37616 -2.21672e-01 |  8 -0.18511 -4.02222e-01 |  9  0.03411 -1.69334e-01
 10 -0.60942  1.44173e-01 | 11 -0.62341  6.31688e-01 | 12 -0.08987  1.58118e-01
 13 -0.01001  1.45665e-02 | 14 -0.01023  1.46658e-02 | 15 -0.01045  1.47681e-02
 16 -0.01066  1.48770e-02 | 17 -0.01087  1.49960e-02 | 18 -0.01107  1.51283e-02
 19 -0.01127  1.52770e-02 | 20 -0.01146  1.54446e-02 | 21 -0.01163  1.56331e-02
 22 -0.01180  1.58437e-02 | 23 -0.01196  1.60766e-02 | 24 -0.01210  1.63314e-02
 25 -0.01222  1.66063e-02 | 26 -0.01233  1.68986e-02 | 27 -0.01242  1.72041e-02
 28 -0.01249  1.75180e-02 | 29 -0.01254  1.78347e-02 | 30 -0.01256  1.81484e-02
 31 -0.01257  1.84536e-02 | 32 -0.01254  1.87440e-02 | 33 -0.01249  1.90126e-02
 34 -0.01241  1.92515e-02 | 35 -0.01230  1.94509e-02 | 36 -0.01216  1.95990e-02
 37 -0.01199  1.96817e-02 | 38 -0.01177  1.96821e-02 | 39 -0.01152  1.95809e-02
 40 -0.01123  1.93532e-02 | 41 -0.01090  1.89797e-02 | 42 -0.01054  1.84346e-02
 43 -0.01015  1.76953e-02 | 44 -0.00972  1.67461e-02 | 45 -0.00927  1.55814e-02
 46 -0.00881  1.42110e-02 | 47 -0.00834  1.26613e-02 | 48 -0.00787  1.09706e-02
 49 -0.00741  9.18184e-03 | 50 -0.00698  7.33304e-03 | 51 -0.00658  5.44871e-03
 52 -0.00623  3.53549e-03 | 53 -0.00592  1.58297e-03 | 54 -0.00565 -4.34586e-04
 55 -0.00542 -2.55014e-03 | 56 -0.00521 -4.79564e-03 | 57 -0.00501 -7.20153e-03
 58 -0.00477 -9.80519e-03 | 59 -0.00449 -1.26714e-02 | 60 -0.00414 -1.59192e-02
 61 -0.00367 -1.97575e-02 | 62 -0.00306 -2.45051e-02 | 63 -0.00229 -3.05575e-02
 64 -0.00130 -3.81904e-02 | 65 -0.00009 -4.70617e-02 | 66  0.00140 -5.55399e-02
 67  0.00320 -6.02380e-02 | 68  0.00535 -5.76253e-02 | 69  0.00784 -4.89435e-02
 70  0.01062 -4.46025e-02 | 71  0.01362 -5.57682e-02 | 72  0.01681 -7.26960e-02
 73  0.02021 -7.17511e-02 | 74  0.02362 -6.35169e-02 | 75  0.02672 -7.47510e-02
 76  0.02939 -8.49597e-02 | 77  0.03151 -8.16057e-02 | 78  0.03283 -8.57563e-02
 79  0.03338 -8.72552e-02 | 80  0.03326 -8.64980e-02 | 81  0.03252 -8.86512e-02
 82  0.03126 -8.78045e-02 | 83  0.02942 -8.37676e-02 | 84  0.02683 -9.31498e-02
 85  0.02352 -1.02478e-01 | 86  0.01986 -7.19324e-02 | 87  0.01589 -6.89462e-02
 88  0.01215 -9.34217e-02 | 89  0.00932 -8.84289e-02 | 90  0.00745 -7.31937e-02
 91  0.00622 -6.85564e-02 | 92  0.00526 -7.21772e-02 | 93  0.00446 -7.79044e-02
 94  0.00434 -7.81116e-02 | 95  0.00500 -7.28360e-02 | 96  0.00526 -6.49565e-02
 97  0.00710 -3.04539e-02 | 98  0.00981 -5.51791e-03 | 99  0.01359 -4.83039e-02
100  0.01374 -4.01753e-02 |101  0.01251 -3.35125e-02 |102  0.01076 -3.62832e-02
103  0.00274 -2.59100e-02 |104  0.00414  1.03595e-01 |105  0.02310  5.68546e-02
106  0.02178  1.02686e-01 |107 -0.00196  1.63568e-01 |108  0.01593  7.53874e-02
109  0.08423  5.63339e-02 |110  0.02836 -9.33265e-02 |111 -0.01427 -3.14191e-02
112  0.00446 -5.10902e-02 |113  0.01999  6.53245e-02 |114  0.03906 -6.82199e-02
115  0.00299 -1.90481e-01 |116 -0.06251 -1.77022e-01 |117 -0.07826  2.05749e-01
118 -0.07665  2.41260e-01 |119 -0.03428  6.16127e-02 |120  0.07008 -2.39879e-02
121  0.02393  1.18312e-02 |122  0.01422  9.71055e-02 |123 -0.02711  2.67167e-01
124 -0.06663  6.60246e-02 |125 -0.00655 -1.98077e-01 |126  0.00498 -3.52991e-02
127 -0.02690  4.05242e-02 |128  0.02860  1.20086e-01 |129  0.07400  2.93082e-01
130  0.01101  2.30764e-01 |131  0.08275  1.36423e-01 |132  0.00605  1.41395e-01
133  0.13323  3.69854e-01 |134 -0.00570 -1.85173e-01 |135 -0.04649 -3.68523e-06
136 -0.05676 -1.49890e-02 |137 -0.02208 -6.07314e-02 |138  0.09370 -2.13634e-01
139  0.03189  1.86217e-02 |140  0.01726  2.03508e-01 |141 -0.02824 -5.83149e-02
142 -0.01765 -3.72973e-03 |143 -0.00579  1.01524e-02 |144 -0.00039 -1.00151e-03
145  0.27334  2.74028e-01 |146  0.18361  2.48689e-01 |147  0.04669  4.02209e-01
148  0.29677 -6.96154e-01 |149 -0.47544 -5.56927e-02 |150  0.31412  5.28600e-02
151  0.18256  5.42106e-01 |152  0.26000 -6.21520e-02 |153  0.17429 -2.14413e-01
154  0.25409  1.66511e-02 |155  0.10274 -1.97765e-01 |156  0.29660  1.85988e-01
157  0.16853 -2.28990e-01 |158  0.24613  2.54600e-01 |159 -0.35213  1.28405e-01
160  0.24272  8.75600e-02 |161  0.20262  5.08333e-02 |162  0.31678  1.30825e-01
163 -0.38400  3.23686e-02 |164  0.23476 -6.90262e-02 |165  0.05052 -9.05706e-03
166  0.11987  1.07522e-01 |167  0.32111  4.63052e-02 |168  0.27268  4.75171e-01
169  0.01320 -2.28895e-01 |170  0.39330  1.79132e-01 |171  0.09935 -6.18130e-01
172  0.16374  2.51257e-01 |173  0.21877  3.46556e-01 |174  0.25731 -5.32960e-01
175 -0.55100  2.08700e-01 |176  0.17280  2.32955e-01 |

Initial statistics: 200 variables; iteration 0; function evaluation 0; phase 4
Function value 7.3339891e+03; maximum gradient component mag -3.4519e+00
Var    Value     Gradient |Var    Value     Gradient |Var    Value     Gradient
  1 -0.42338 -1.52305e-01 |  2  0.37102  9.90794e-01 |  3 -0.12605  4.08861e-01
  4 -0.01308  6.65794e-01 |  5 -0.70903 -5.70983e-02 |  6 -0.60429 -2.57671e-02
  7  0.37616 -2.21672e-01 |  8 -0.18511 -4.02222e-01 |  9  0.03411 -1.69334e-01
 10 -0.60942  1.44173e-01 | 11 -0.62341  6.31688e-01 | 12 -0.08987  1.58118e-01
 13 -0.01001  1.45665e-02 | 14 -0.01023  1.46658e-02 | 15 -0.01045  1.47681e-02
 16 -0.01066  1.48770e-02 | 17 -0.01087  1.49960e-02 | 18 -0.01107  1.51283e-02
 19 -0.01127  1.52770e-02 | 20 -0.01146  1.54446e-02 | 21 -0.01163  1.56331e-02
 22 -0.01180  1.58437e-02 | 23 -0.01196  1.60766e-02 | 24 -0.01210  1.63314e-02
 25 -0.01222  1.66063e-02 | 26 -0.01233  1.68986e-02 | 27 -0.01242  1.72041e-02
 28 -0.01249  1.75180e-02 | 29 -0.01254  1.78347e-02 | 30 -0.01256  1.81484e-02
 31 -0.01257  1.84536e-02 | 32 -0.01254  1.87440e-02 | 33 -0.01249  1.90126e-02
 34 -0.01241  1.92515e-02 | 35 -0.01230  1.94509e-02 | 36 -0.01216  1.95990e-02
 37 -0.01199  1.96817e-02 | 38 -0.01177  1.96821e-02 | 39 -0.01152  1.95809e-02
 40 -0.01123  1.93532e-02 | 41 -0.01090  1.89797e-02 | 42 -0.01054  1.84346e-02
 43 -0.01015  1.76953e-02 | 44 -0.00972  1.67461e-02 | 45 -0.00927  1.55814e-02
 46 -0.00881  1.42110e-02 | 47 -0.00834  1.26613e-02 | 48 -0.00787  1.09706e-02
 49 -0.00741  9.18184e-03 | 50 -0.00698  7.33304e-03 | 51 -0.00658  5.44871e-03
 52 -0.00623  3.53549e-03 | 53 -0.00592  1.58297e-03 | 54 -0.00565 -4.34586e-04
 55 -0.00542 -2.55014e-03 | 56 -0.00521 -4.79564e-03 | 57 -0.00501 -7.20153e-03
 58 -0.00477 -9.80519e-03 | 59 -0.00449 -1.26714e-02 | 60 -0.00414 -1.59192e-02
 61 -0.00367 -1.97575e-02 | 62 -0.00306 -2.45051e-02 | 63 -0.00229 -3.05575e-02
 64 -0.00130 -3.81904e-02 | 65 -0.00009 -4.70617e-02 | 66  0.00140 -5.55399e-02
 67  0.00320 -6.02380e-02 | 68  0.00535 -5.76253e-02 | 69  0.00784 -4.89435e-02
 70  0.01062 -4.46025e-02 | 71  0.01362 -5.57682e-02 | 72  0.01681 -7.26960e-02
 73  0.02021 -7.17511e-02 | 74  0.02362 -6.35169e-02 | 75  0.02672 -7.47510e-02
 76  0.02939 -8.49597e-02 | 77  0.03151 -8.16057e-02 | 78  0.03283 -8.57563e-02
 79  0.03338 -8.72552e-02 | 80  0.03326 -8.64980e-02 | 81  0.03252 -8.86512e-02
 82  0.03126 -8.78045e-02 | 83  0.02942 -8.37676e-02 | 84  0.02683 -9.31498e-02
 85  0.02352 -1.02478e-01 | 86  0.01986 -7.19324e-02 | 87  0.01589 -6.89462e-02
 88  0.01215 -9.34217e-02 | 89  0.00932 -8.84289e-02 | 90  0.00745 -7.31937e-02
 91  0.00622 -6.85564e-02 | 92  0.00526 -7.21772e-02 | 93  0.00446 -7.79044e-02
 94  0.00434 -7.81116e-02 | 95  0.00500 -7.28360e-02 | 96  0.00526 -6.49565e-02
 97  0.00710 -3.04539e-02 | 98  0.00981 -5.51791e-03 | 99  0.01359 -4.83039e-02
100  0.01374 -4.01753e-02 |101  0.01251 -3.35125e-02 |102  0.01076 -3.62832e-02
103  0.00274 -2.59100e-02 |104  0.00414  1.03595e-01 |105  0.02310  5.68546e-02
106  0.02178  1.02686e-01 |107 -0.00196  1.63568e-01 |108  0.01593  7.53874e-02
109  0.08423  5.63339e-02 |110  0.02836 -9.33265e-02 |111 -0.01427 -3.14191e-02
112  0.00446 -5.10902e-02 |113  0.01999  6.53245e-02 |114  0.03906 -6.82199e-02
115  0.00299 -1.90481e-01 |116 -0.06251 -1.77022e-01 |117 -0.07826  2.05749e-01
118 -0.07665  2.41260e-01 |119 -0.03428  6.16127e-02 |120  0.07008 -2.39879e-02
121  0.02393  1.18312e-02 |122  0.01422  9.71055e-02 |123 -0.02711  2.67167e-01
124 -0.06663  6.60246e-02 |125 -0.00655 -1.98077e-01 |126  0.00498 -3.52991e-02
127 -0.02690  4.05242e-02 |128  0.02860  1.20086e-01 |129  0.07400  2.93082e-01
130  0.01101  2.30764e-01 |131  0.08275  1.36423e-01 |132  0.00605  1.41395e-01
133  0.13323  3.69854e-01 |134 -0.00570 -1.85173e-01 |135 -0.04649 -3.68523e-06
136 -0.05676 -1.49890e-02 |137 -0.02208 -6.07314e-02 |138  0.09370 -2.13634e-01
139  0.03189  1.86217e-02 |140  0.01726  2.03508e-01 |141 -0.02824 -5.83149e-02
142 -0.01765 -3.72973e-03 |143 -0.00579  1.01524e-02 |144 -0.00039 -1.00151e-03
145  0.27334  2.74028e-01 |146  0.18361  2.48689e-01 |147  0.04669  4.02209e-01
148  0.29677 -6.96154e-01 |149  0.01598 -7.00690e-01 |150 -0.11486 -1.38288e-01
151 -0.47544 -5.56927e-02 |152  0.31412  5.28600e-02 |153  0.04878 -1.04783e-01
154 -0.23557 -1.81264e-01 |155  0.18256  5.42106e-01 |156  0.26000 -6.21520e-02
157  0.17429 -2.14413e-01 |158  0.25409  1.66511e-02 |159  0.00591 -2.07997e-01
160 -0.09842 -8.80616e-02 |161  0.10274 -1.97765e-01 |162  0.29660  1.85988e-01
163  0.16853 -2.28990e-01 |164  0.24613  2.54600e-01 |165 -0.35213  1.28405e-01
166  0.24272  8.75600e-02 |167  0.05289  7.46264e-01 |168 -0.18792 -9.90079e-01
169  0.20262  5.08333e-02 |170  0.31678  1.30825e-01 |171  0.07773  3.59200e-01
172 -0.53260 -3.77380e-05 |173 -0.38400  3.23686e-02 |174  0.23476 -6.90262e-02
175  0.07930  8.57616e-01 |176 -0.12245 -3.45189e+00 |177  0.05052 -9.05706e-03
178  0.11987  1.07522e-01 |179  0.32111  4.63052e-02 |180  0.27268  4.75171e-01
181  0.00632 -3.24002e-02 |182  0.00888 -3.53417e-01 |183 -0.15126 -2.06557e+00
184 -0.12591 -9.74914e-01 |185  0.01320 -2.28895e-01 |186  0.39330  1.79132e-01
187  0.01873 -2.42484e-01 |188 -0.15464 -3.03267e-01 |189  0.09935 -6.18130e-01
190  0.16374  2.51257e-01 |191  0.21877  3.46556e-01 |192  0.25731 -5.32960e-01
193  0.02441 -2.42669e+00 |194 -0.00672 -1.45716e+00 |195 -0.17637 -4.66532e-01
196 -0.11451 -3.39556e+00 |197 -0.55100  2.08700e-01 |198  0.17280  2.32955e-01
199  0.09533  1.65340e+00 |200 -0.25417  1.94941e-01 |

Intermediate statistics: 200 variables; iteration 20; function evaluation 23; phase 4
Function value 7.3339857e+03; maximum gradient component mag -6.8080e+00
Var    Value     Gradient |Var    Value     Gradient |Var    Value     Gradient
  1 -0.42329  9.95625e-01 |  2  0.37107  2.22290e-01 |  3 -0.12613 -1.41579e+00
  4 -0.01312 -3.83555e-01 |  5 -0.70901  4.95182e-02 |  6 -0.60423  8.69384e-01
  7  0.37618 -3.43861e+00 |  8 -0.18525 -6.80798e+00 |  9  0.03410 -3.55925e+00
 10 -0.60957 -2.21480e-01 | 11 -0.62340 -1.36101e+00 | 12 -0.09026  1.94108e-01
 13 -0.01004  2.56132e-03 | 14 -0.01026  2.60867e-03 | 15 -0.01048  2.65868e-03
 16 -0.01069  2.71190e-03 | 17 -0.01090  2.76908e-03 | 18 -0.01111  2.83063e-03
 19 -0.01130  2.89703e-03 | 20 -0.01149  2.96878e-03 | 21 -0.01167  3.04633e-03
 22 -0.01183  3.13012e-03 | 23 -0.01199  3.22055e-03 | 24 -0.01213  3.31801e-03
 25 -0.01225  3.42283e-03 | 26 -0.01236  3.53525e-03 | 27 -0.01245  3.65535e-03
 28 -0.01252  3.78299e-03 | 29 -0.01257  3.91794e-03 | 30 -0.01260  4.06007e-03
 31 -0.01260  4.20973e-03 | 32 -0.01258  4.36741e-03 | 33 -0.01253  4.53377e-03
 34 -0.01245  4.70948e-03 | 35 -0.01234  4.89502e-03 | 36 -0.01220  5.09046e-03
 37 -0.01203  5.29534e-03 | 38 -0.01181  5.50874e-03 | 39 -0.01156  5.72916e-03
 40 -0.01127  5.95374e-03 | 41 -0.01094  6.18241e-03 | 42 -0.01058  6.41277e-03
 43 -0.01018  6.64323e-03 | 44 -0.00975  6.87287e-03 | 45 -0.00930  7.10135e-03
 46 -0.00883  7.32986e-03 | 47 -0.00836  7.56205e-03 | 48 -0.00788  7.80327e-03
 49 -0.00743  8.06054e-03 | 50 -0.00699  8.34097e-03 | 51 -0.00659  8.64923e-03
 52 -0.00623  8.98535e-03 | 53 -0.00592  9.34558e-03 | 54 -0.00565  9.72241e-03
 55 -0.00542  1.01077e-02 | 56 -0.00520  1.04961e-02 | 57 -0.00499  1.08834e-02
 58 -0.00476  1.12621e-02 | 59 -0.00447  1.16223e-02 | 60 -0.00411  1.19450e-02
 61 -0.00364  1.21997e-02 | 62 -0.00302  1.23357e-02 | 63 -0.00223  1.22887e-02
 64 -0.00123  1.20048e-02 | 65  0.00001  1.15054e-02 | 66  0.00152  1.10251e-02
 67  0.00332  1.10973e-02 | 68  0.00545  1.23948e-02 | 69  0.00789  1.49126e-02
 70  0.01065  1.69204e-02 | 71  0.01368  1.60679e-02 | 72  0.01692  1.38468e-02
 73  0.02030  1.54274e-02 | 74  0.02366  1.90022e-02 | 75  0.02679  1.78817e-02
 76  0.02948  1.68102e-02 | 77  0.03157  1.93844e-02 | 78  0.03289  1.97581e-02
 79  0.03344  2.07549e-02 | 80  0.03330  2.22810e-02 | 81  0.03256  2.28307e-02
 82  0.03128  2.41317e-02 | 83  0.02943  2.61437e-02 | 84  0.02687  2.43459e-02
 85  0.02360  2.26360e-02 | 86  0.01982  3.02592e-02 | 87  0.01585  3.09879e-02
 88  0.01221  2.64107e-02 | 89  0.00937  2.81306e-02 | 90  0.00745  3.17186e-02
 91  0.00622  3.33317e-02 | 92  0.00530  3.33647e-02 | 93  0.00454  3.30114e-02
 94  0.00445  3.41273e-02 | 95  0.00511  3.74490e-02 | 96  0.00536  4.25542e-02
 97  0.00708  5.47983e-02 | 98  0.00972  6.75675e-02 | 99  0.01367  6.67004e-02
100  0.01381  7.28984e-02 |101  0.01259  7.59982e-02 |102  0.01088  7.35652e-02
103  0.00286  6.71138e-02 |104  0.00387  7.70564e-02 |105  0.02310  5.35676e-02
106  0.02164  4.72691e-02 |107 -0.00231  3.48953e-02 |108  0.01594  2.07886e-03
109  0.08417  2.37637e-02 |110  0.02863  1.47728e-02 |111 -0.01421  4.34247e-03
112  0.00460 -2.44634e-02 |113  0.01973 -4.51230e-02 |114  0.03903 -7.12926e-02
115  0.00323 -4.86622e-02 |116 -0.06213 -2.13714e-02 |117 -0.07860 -3.64816e-02
118 -0.07696 -4.96545e-02 |119 -0.03423 -7.69374e-02 |120  0.07018 -2.32754e-01
121  0.02398 -1.51588e-01 |122  0.01422 -1.41989e-01 |123 -0.02758 -1.18070e-01
124 -0.06683 -8.27309e-02 |125 -0.00615 -1.28097e-01 |126  0.00498 -1.10067e-01
127 -0.02698 -6.83192e-02 |128  0.02856 -7.69696e-02 |129  0.07379 -5.54910e-02
130  0.01069 -2.27345e-02 |131  0.08280 -1.12604e-02 |132  0.00588 -7.54741e-03
133  0.13302 -2.12192e-02 |134 -0.00518 -1.42438e-02 |135 -0.04640 -1.31299e-02
136 -0.05664 -2.01729e-02 |137 -0.02183 -1.16047e-02 |138  0.09436 -2.54104e-02
139  0.03192 -3.25358e-02 |140  0.01682 -3.03442e-02 |141 -0.02803 -1.42974e-02
142 -0.01762 -1.61443e-02 |143 -0.00584  4.01053e-03 |144 -0.00039 -2.03952e-04
145  0.27330 -2.18117e-01 |146  0.18450 -2.64213e-01 |147  0.04650 -5.52377e-01
148  0.29678  9.80672e-01 |149  0.01636 -3.17217e-01 |150 -0.11486 -5.30992e-01
151 -0.47542 -1.58839e-02 |152  0.31399  1.62309e-02 |153  0.04876 -3.52632e-02
154 -0.23513 -3.58139e-03 |155  0.18227 -3.04384e-01 |156  0.25989  6.67581e-01
157  0.17444 -1.55059e-02 |158  0.25414 -7.21892e-02 |159  0.00592 -5.78376e-02
160 -0.09837 -2.23681e-01 |161  0.10314  5.30363e-03 |162  0.29671 -9.61771e-02
163  0.16872  1.82086e-02 |164  0.24617 -9.81516e-02 |165 -0.35209 -1.57093e-01
166  0.24279  1.49930e-01 |167  0.05276 -4.55352e-01 |168 -0.18768 -5.93582e-01
169  0.20259 -2.87519e-02 |170  0.31673  7.17365e-03 |171  0.07771 -2.40411e-01
172 -0.53260 -8.02446e-05 |173 -0.38346  8.79192e-02 |174  0.23502 -4.64111e-01
175  0.07898  1.16359e-01 |176 -0.12194  1.50705e+00 |177  0.05077  2.63537e-01
178  0.11957 -1.76998e-01 |179  0.32124 -1.34001e-01 |180  0.27252  2.51851e-01
181  0.00606  2.80007e-01 |182  0.00912 -3.32600e-02 |183 -0.15063 -4.19429e-01
184 -0.12577 -1.05326e-01 |185  0.01332  1.63945e-04 |186  0.39321  6.83765e-03
187  0.01870 -9.52787e-03 |188 -0.15449 -1.09114e-01 |189  0.09923  9.65015e-03
190  0.16364  1.41282e+00 |191  0.21867  9.31894e-02 |192  0.25726 -1.54883e+00
193  0.02457  2.23454e-01 |194 -0.00644  2.61436e-01 |195 -0.17640 -5.42580e-01
196 -0.11439 -1.02664e+00 |197 -0.55161  5.40903e-02 |198  0.17221  3.83575e-02
199  0.09494 -7.01344e-01 |200 -0.25348 -2.17011e-01 |
200 variables; iteration 40; function evaluation 44; phase 4
Function value 7.3339852e+03; maximum gradient component mag -6.5034e+00
Var    Value     Gradient |Var    Value     Gradient |Var    Value     Gradient
  1 -0.42328  1.06009e+00 |  2  0.37109  1.86817e-01 |  3 -0.12613 -1.23319e+00
  4 -0.01316 -4.14301e-01 |  5 -0.70908  4.04243e-02 |  6 -0.60421  7.26476e-01
  7  0.37621 -3.35349e+00 |  8 -0.18527 -6.50340e+00 |  9  0.03406 -3.47278e+00
 10 -0.60958 -1.84689e-01 | 11 -0.62339 -1.00586e+00 | 12 -0.09135  7.71086e-02
 13 -0.01002  5.99238e-03 | 14 -0.01024  6.05784e-03 | 15 -0.01046  6.12654e-03
 16 -0.01067  6.20006e-03 | 17 -0.01088  6.27988e-03 | 18 -0.01108  6.36763e-03
 19 -0.01128  6.46475e-03 | 20 -0.01146  6.57246e-03 | 21 -0.01164  6.69176e-03
 22 -0.01181  6.82338e-03 | 23 -0.01196  6.96774e-03 | 24 -0.01210  7.12500e-03
 25 -0.01223  7.29505e-03 | 26 -0.01234  7.47755e-03 | 27 -0.01243  7.67188e-03
 28 -0.01250  7.87694e-03 | 29 -0.01254  8.09109e-03 | 30 -0.01257  8.31240e-03
 31 -0.01257  8.53910e-03 | 32 -0.01255  8.76964e-03 | 33 -0.01250  9.00266e-03
 34 -0.01242  9.23673e-03 | 35 -0.01231  9.47011e-03 | 36 -0.01217  9.70029e-03
 37 -0.01199  9.92360e-03 | 38 -0.01178  1.01350e-02 | 39 -0.01153  1.03279e-02
 40 -0.01124  1.04939e-02 | 41 -0.01091  1.06261e-02 | 42 -0.01054  1.07164e-02
 43 -0.01015  1.07584e-02 | 44 -0.00972  1.07486e-02 | 45 -0.00927  1.06877e-02
 46 -0.00880  1.05818e-02 | 47 -0.00833  1.04440e-02 | 48 -0.00786  1.02915e-02
 49 -0.00740  1.01443e-02 | 50 -0.00696  1.00199e-02 | 51 -0.00656  9.92963e-03
 52 -0.00621  9.87503e-03 | 53 -0.00589  9.84918e-03 | 54 -0.00563  9.83913e-03
 55 -0.00540  9.83201e-03 | 56 -0.00519  9.81968e-03 | 57 -0.00497  9.79625e-03
 58 -0.00474  9.75110e-03 | 59 -0.00446  9.66368e-03 | 60 -0.00410  9.49173e-03
 61 -0.00363  9.16044e-03 | 62 -0.00301  8.55253e-03 | 63 -0.00222  7.52680e-03
 64 -0.00123  5.99524e-03 | 65  0.00001  4.10508e-03 | 66  0.00151  2.51065e-03
 67  0.00332  2.48027e-03 | 68  0.00545  5.26691e-03 | 69  0.00791  1.02994e-02
 70  0.01068  1.37825e-02 | 71  0.01370  1.20646e-02 | 72  0.01694  8.87198e-03
 73  0.02033  1.16959e-02 | 74  0.02370  1.65714e-02 | 75  0.02683  1.59372e-02
 76  0.02954  1.58572e-02 | 77  0.03163  1.90526e-02 | 78  0.03297  2.02960e-02
 79  0.03353  2.19477e-02 | 80  0.03339  2.38909e-02 | 81  0.03266  2.49888e-02
 82  0.03140  2.65248e-02 | 83  0.02955  2.85642e-02 | 84  0.02699  2.67801e-02
 85  0.02372  2.41171e-02 | 86  0.01996  3.26706e-02 | 87  0.01599  3.29914e-02
 88  0.01233  2.36461e-02 | 89  0.00949  2.38732e-02 | 90  0.00757  2.76913e-02
 91  0.00634  2.75596e-02 | 92  0.00540  2.41371e-02 | 93  0.00464  1.99419e-02
 94  0.00453  1.87228e-02 | 95  0.00520  2.16098e-02 | 96  0.00546  2.77501e-02
 97  0.00721  4.58093e-02 | 98  0.00985  6.03333e-02 | 99  0.01376  4.96785e-02
100  0.01389  5.19955e-02 |101  0.01263  5.02359e-02 |102  0.01092  4.44177e-02
103  0.00286  3.95063e-02 |104  0.00386  7.15025e-02 |105  0.02309  3.79958e-02
106  0.02160  4.05279e-02 |107 -0.00244  4.66068e-02 |108  0.01587  1.05268e-02
109  0.08410  3.80118e-02 |110  0.02837  1.27247e-02 |111 -0.01431  1.54458e-02
112  0.00445 -1.63052e-02 |113  0.01963 -9.75783e-04 |114  0.03887 -2.83450e-02
115  0.00305 -3.26556e-02 |116 -0.06233 -3.72030e-02 |117 -0.07871 -1.26167e-02
118 -0.07710 -4.53929e-02 |119 -0.03442 -1.07860e-01 |120  0.06993 -2.85210e-01
121  0.02380 -1.77217e-01 |122  0.01398 -1.63264e-01 |123 -0.02772 -9.56505e-02
124 -0.06693 -6.33284e-02 |125 -0.00640 -1.45110e-01 |126  0.00484 -8.05391e-02
127 -0.02709 -4.26624e-02 |128  0.02837 -6.10496e-02 |129  0.07366 -9.45136e-03
130  0.01059 -1.08337e-03 |131  0.08262 -2.21712e-02 |132  0.00583 -1.28952e-03
133  0.13293 -3.77997e-02 |134 -0.00533 -6.22447e-02 |135 -0.04648 -2.59221e-02
136 -0.05674 -3.89001e-02 |137 -0.02197 -3.98741e-02 |138  0.09413 -8.50018e-02
139  0.03191 -3.03406e-02 |140  0.01692  1.26960e-02 |141 -0.02805 -3.20463e-02
142 -0.01761 -1.62330e-02 |143 -0.00584  7.63879e-03 |144 -0.00040 -4.39574e-04
145  0.27495 -5.79381e-02 |146  0.18605 -2.48692e-01 |147  0.04653 -5.90125e-01
148  0.29677  1.03156e+00 |149  0.01638 -2.71238e-01 |150 -0.11483 -5.21751e-01
151 -0.47549 -1.00264e-02 |152  0.31382  6.56185e-03 |153  0.04879 -2.89922e-02
154 -0.23519 -4.13072e-02 |155  0.18237 -4.38483e-01 |156  0.25989  8.95676e-01
157  0.17447 -7.60670e-02 |158  0.25416  2.74370e-02 |159  0.00591 -5.23823e-02
160 -0.09834 -2.29814e-01 |161  0.10321 -1.24809e-01 |162  0.29672  1.54876e-01
163  0.16878 -7.14174e-02 |164  0.24619  3.93939e-02 |165 -0.35200 -6.67126e-02
166  0.24280  9.41792e-02 |167  0.05275 -1.93943e-01 |168 -0.18770 -4.77629e-01
169  0.20262 -3.23864e-02 |170  0.31675  6.11189e-02 |171  0.07772 -1.88318e-01
172 -0.53260 -7.61919e-05 |173 -0.38117  9.98789e-02 |174  0.23583 -2.74298e-01
175  0.07845  3.89653e-02 |176 -0.12191  1.56761e+00 |177  0.05116  1.24022e-01
178  0.11963 -6.75969e-02 |179  0.32136 -7.78509e-02 |180  0.27253  1.42564e-01
181  0.00559  5.86085e-02 |182  0.00909  2.51646e-03 |183 -0.15045 -4.40176e-01
184 -0.12574 -1.54657e-02 |185  0.01334 -7.05924e-03 |186  0.39322  1.31394e-02
187  0.01869 -5.11889e-03 |188 -0.15443 -6.19749e-02 |189  0.09926 -1.73041e-01
190  0.16367  1.27592e+00 |191  0.21870  6.36918e-01 |192  0.25725 -1.72054e+00
193  0.02457  6.65237e-01 |194 -0.00648  5.13659e-02 |195 -0.17635 -2.30195e-01
196 -0.11437 -1.28129e+00 |197 -0.55400 -6.01274e-02 |198  0.17120  2.02117e-02
199  0.09513 -7.63084e-01 |200 -0.25377 -2.64244e-01 |
200 variables; iteration 60; function evaluation 64; phase 4
Function value 7.3339846e+03; maximum gradient component mag -6.2459e-01
Var    Value     Gradient |Var    Value     Gradient |Var    Value     Gradient
  1 -0.42333  1.09506e-01 |  2  0.37108  1.35432e-02 |  3 -0.12611 -1.16326e-01
  4 -0.01317 -2.78983e-02 |  5 -0.70905  2.43443e-02 |  6 -0.60423  6.41911e-02
  7  0.37621 -3.53030e-01 |  8 -0.18521 -6.24595e-01 |  9  0.03409 -2.18879e-01
 10 -0.60955 -4.05784e-03 | 11 -0.62338 -9.86422e-02 | 12 -0.09140 -6.26537e-02
 13 -0.01003  1.17571e-03 | 14 -0.01025  1.28040e-03 | 15 -0.01047  1.38479e-03
 16 -0.01068  1.48824e-03 | 17 -0.01089  1.59030e-03 | 18 -0.01109  1.69027e-03
 19 -0.01129  1.78759e-03 | 20 -0.01147  1.88181e-03 | 21 -0.01165  1.97255e-03
 22 -0.01182  2.05946e-03 | 23 -0.01197  2.14222e-03 | 24 -0.01211  2.22052e-03
 25 -0.01223  2.29405e-03 | 26 -0.01234  2.36241e-03 | 27 -0.01243  2.42510e-03
 28 -0.01250  2.48136e-03 | 29 -0.01255  2.53015e-03 | 30 -0.01258  2.57024e-03
 31 -0.01258  2.60039e-03 | 32 -0.01256  2.61917e-03 | 33 -0.01251  2.62505e-03
 34 -0.01243  2.61639e-03 | 35 -0.01232  2.59149e-03 | 36 -0.01218  2.54865e-03
 37 -0.01200  2.48622e-03 | 38 -0.01179  2.40283e-03 | 39 -0.01154  2.29747e-03
 40 -0.01125  2.16944e-03 | 41 -0.01092  2.01992e-03 | 42 -0.01056  1.85014e-03
 43 -0.01016  1.66233e-03 | 44 -0.00973  1.45886e-03 | 45 -0.00928  1.24102e-03
 46 -0.00882  1.00770e-03 | 47 -0.00834  7.54376e-04 | 48 -0.00787  4.72948e-04
 49 -0.00741  1.53508e-04 | 50 -0.00698 -2.12699e-04 | 51 -0.00658 -6.30018e-04
 52 -0.00622 -1.09620e-03 | 53 -0.00591 -1.60232e-03 | 54 -0.00564 -2.13425e-03
 55 -0.00542 -2.67432e-03 | 56 -0.00521 -3.20224e-03 | 57 -0.00500 -3.69414e-03
 58 -0.00477 -4.11919e-03 | 59 -0.00448 -4.43539e-03 | 60 -0.00412 -4.58020e-03
 61 -0.00365 -4.45824e-03 | 62 -0.00304 -3.92514e-03 | 63 -0.00224 -2.78597e-03
 64 -0.00123 -8.43905e-04 | 65  0.00002  1.92623e-03 | 66  0.00155  5.03807e-03
 67  0.00336  7.17573e-03 | 68  0.00548  6.68836e-03 | 69  0.00791  3.82560e-03
 70  0.01065  2.89788e-03 | 71  0.01370  7.96684e-03 | 72  0.01698  1.39021e-02
 73  0.02036  1.39280e-02 | 74  0.02371  1.40523e-02 | 75  0.02685  1.57773e-02
 76  0.02956  1.55831e-02 | 77  0.03165  1.75035e-02 | 78  0.03298  1.76848e-02
 79  0.03353  1.83876e-02 | 80  0.03340  1.95464e-02 | 81  0.03267  1.93238e-02
 82  0.03140  1.96093e-02 | 83  0.02954  1.98591e-02 | 84  0.02700  1.80065e-02
 85  0.02375  1.83345e-02 | 86  0.01992  1.30867e-02 | 87  0.01595  9.45565e-03
 88  0.01236  1.57716e-02 | 89  0.00951  1.20004e-02 | 90  0.00756  3.79574e-03
 91  0.00632 -6.36168e-05 | 92  0.00540 -2.03832e-04 | 93  0.00467  9.67011e-04
 94  0.00458  3.56819e-04 | 95  0.00524 -2.52376e-03 | 96  0.00548 -6.93204e-03
 97  0.00712 -2.25337e-02 | 98  0.00967 -3.40491e-02 | 99  0.01372 -1.85959e-02
100  0.01385 -1.63037e-02 |101  0.01262 -1.17373e-02 |102  0.01096 -3.89010e-03
103  0.00291 -3.34036e-03 |104  0.00367 -2.84969e-02 |105  0.02319  9.43996e-03
106  0.02160  2.55280e-03 |107 -0.00248  6.51264e-03 |108  0.01599  1.62699e-02
109  0.08403  6.06923e-03 |110  0.02845  1.26787e-02 |111 -0.01431  1.19204e-02
112  0.00454  8.63635e-03 |113  0.01956 -3.17895e-02 |114  0.03890 -6.16968e-02
115  0.00299 -8.03663e-02 |116 -0.06226 -1.36030e-02 |117 -0.07871 -2.62884e-03
118 -0.07710 -1.48133e-02 |119 -0.03441 -4.00761e-02 |120  0.06997 -1.01725e-01
121  0.02381 -7.19144e-02 |122  0.01398 -6.62288e-02 |123 -0.02774 -3.85614e-02
124 -0.06692 -9.04878e-04 |125 -0.00630 -2.99929e-03 |126  0.00490  4.16749e-02
127 -0.02704  3.79096e-02 |128  0.02840  2.91822e-02 |129  0.07373  7.41806e-02
130  0.01058  3.42706e-02 |131  0.08275  4.88232e-02 |132  0.00581 -4.52860e-03
133  0.13299  5.38963e-03 |134 -0.00523 -6.24987e-03 |135 -0.04645 -1.40164e-02
136 -0.05673 -2.23102e-02 |137 -0.02193 -1.28262e-02 |138  0.09419 -2.60620e-02
139  0.03190 -1.45896e-02 |140  0.01683 -1.52675e-02 |141 -0.02795  5.67789e-03
142 -0.01754  6.65365e-03 |143 -0.00587 -5.53469e-04 |144 -0.00040  6.24911e-04
145  0.27485 -6.59689e-02 |146  0.18604 -2.89055e-02 |147  0.04654 -5.36119e-02
148  0.29672  8.79871e-02 |149  0.01638 -6.26826e-02 |150 -0.11483 -3.32421e-02
151 -0.47572 -3.89019e-02 |152  0.31376  1.69686e-02 |153  0.04885 -5.79223e-02
154 -0.23511 -1.13132e-02 |155  0.18234 -6.69559e-02 |156  0.25984  5.63789e-02
157  0.17447 -4.15953e-02 |158  0.25415 -2.22872e-02 |159  0.00590 -4.84483e-02
160 -0.09832  1.64556e-03 |161  0.10325 -2.48778e-02 |162  0.29673  4.62010e-03
163  0.16879 -1.65752e-02 |164  0.24620 -2.12066e-04 |165 -0.35211 -2.93771e-02
166  0.24278  3.21554e-02 |167  0.05280 -9.11467e-04 |168 -0.18764 -3.15782e-03
169  0.20264 -2.06889e-03 |170  0.31675  1.26555e-02 |171  0.07773 -1.96833e-02
172 -0.53254 -6.00262e-05 |173 -0.38042  3.09870e-02 |174  0.23609  2.42273e-02
175  0.07830  1.07583e-01 |176 -0.12204  1.54633e-01 |177  0.05115  2.29657e-02
178  0.11964 -3.36837e-03 |179  0.32142  5.70136e-02 |180  0.27252  2.66740e-02
181  0.00553  3.40022e-02 |182  0.00909 -1.49175e-02 |183 -0.15022  3.57423e-02
184 -0.12576  6.48259e-03 |185  0.01338 -1.36607e-02 |186  0.39320 -6.35442e-03
187  0.01862 -3.12136e-02 |188 -0.15437  2.69431e-02 |189  0.09928 -2.65925e-02
190  0.16363  1.32170e-01 |191  0.21869  5.93173e-02 |192  0.25726 -1.43560e-01
193  0.02454  5.95004e-02 |194 -0.00645 -5.09681e-02 |195 -0.17634 -1.73849e-02
196 -0.11435 -1.13630e-01 |197 -0.55370  2.74959e-02 |198  0.17127 -2.11894e-02
199  0.09514 -5.88467e-02 |200 -0.25369 -4.23411e-02 |
200 variables; iteration 80; function evaluation 89; phase 4
Function value 7.3339845e+03; maximum gradient component mag 4.3142e-02
Var    Value     Gradient |Var    Value     Gradient |Var    Value     Gradient
  1 -0.42333  6.31263e-03 |  2  0.37107  9.59350e-05 |  3 -0.12610 -5.29453e-03
  4 -0.01317  1.34308e-03 |  5 -0.70910 -6.26811e-03 |  6 -0.60423  3.69252e-03
  7  0.37622 -2.15499e-02 |  8 -0.18519 -3.27498e-02 |  9  0.03406  4.18090e-03
 10 -0.60955  5.15180e-03 | 11 -0.62338 -5.38902e-03 | 12 -0.09139 -9.23894e-03
 13 -0.01004  1.18269e-04 | 14 -0.01026  1.21308e-04 | 15 -0.01047  1.25416e-04
 16 -0.01069  1.30557e-04 | 17 -0.01089  1.36674e-04 | 18 -0.01110  1.43695e-04
 19 -0.01129  1.51529e-04 | 20 -0.01148  1.60079e-04 | 21 -0.01166  1.69246e-04
 22 -0.01182  1.78938e-04 | 23 -0.01198  1.89075e-04 | 24 -0.01212  1.99594e-04
 25 -0.01224  2.10449e-04 | 26 -0.01235  2.21617e-04 | 27 -0.01244  2.33089e-04
 28 -0.01251  2.44872e-04 | 29 -0.01256  2.56989e-04 | 30 -0.01259  2.69479e-04
 31 -0.01259  2.82396e-04 | 32 -0.01257  2.95804e-04 | 33 -0.01252  3.09776e-04
 34 -0.01244  3.24402e-04 | 35 -0.01233  3.39786e-04 | 36 -0.01219  3.56061e-04
 37 -0.01201  3.73397e-04 | 38 -0.01180  3.92020e-04 | 39 -0.01155  4.12206e-04
 40 -0.01125  4.34261e-04 | 41 -0.01093  4.58554e-04 | 42 -0.01056  4.85371e-04
 43 -0.01016  5.14910e-04 | 44 -0.00974  5.47238e-04 | 45 -0.00929  5.82339e-04
 46 -0.00882  6.20293e-04 | 47 -0.00834  6.61604e-04 | 48 -0.00787  7.07483e-04
 49 -0.00741  7.60017e-04 | 50 -0.00697  8.21965e-04 | 51 -0.00657  8.96211e-04
 52 -0.00621  9.85070e-04 | 53 -0.00590  1.08988e-03 | 54 -0.00563  1.21085e-03
 55 -0.00540  1.34746e-03 | 56 -0.00519  1.49902e-03 | 57 -0.00498  1.66475e-03
 58 -0.00474  1.84326e-03 | 59 -0.00446  2.03184e-03 | 60 -0.00410  2.22394e-03
 61 -0.00362  2.40516e-03 | 62 -0.00301  2.54535e-03 | 63 -0.00221  2.59046e-03
 64 -0.00121  2.46243e-03 | 65  0.00003  2.09624e-03 | 66  0.00154  1.56034e-03
 67  0.00335  1.22426e-03 | 68  0.00547  1.68236e-03 | 69  0.00792  2.91213e-03
 70  0.01068  3.40417e-03 | 71  0.01371  2.21727e-03 | 72  0.01696  1.68500e-03
 73  0.02034  2.03572e-03 | 74  0.02369  1.21933e-03 | 75  0.02684  2.00452e-03
 76  0.02955  2.33283e-03 | 77  0.03163  1.65956e-03 | 78  0.03296  1.24296e-03
 79  0.03352  9.09439e-04 | 80  0.03338  7.76233e-04 | 81  0.03265  5.00977e-04
 82  0.03137  3.48092e-04 | 83  0.02952 -5.53716e-05 | 84  0.02698  6.60568e-04
 85  0.02373  1.49728e-03 | 86  0.01991 -7.64391e-04 | 87  0.01595 -2.09882e-05
 88  0.01233 -1.70533e-03 | 89  0.00949 -1.70890e-03 | 90  0.00756 -1.28791e-04
 91  0.00633  2.08054e-04 | 92  0.00541 -5.82970e-04 | 93  0.00466 -1.76116e-03
 94  0.00456 -2.49148e-03 | 95  0.00522 -2.71661e-03 | 96  0.00547 -2.48120e-03
 97  0.00718  1.25053e-03 | 98  0.00979  3.96924e-03 | 99  0.01375 -4.06445e-04
100  0.01387 -6.37616e-04 |101  0.01263 -8.10286e-04 |102  0.01094 -1.73416e-03
103  0.00289 -1.58370e-03 |104  0.00377  2.62694e-03 |105  0.02312 -6.01986e-03
106  0.02161 -4.49686e-04 |107 -0.00252 -1.58380e-03 |108  0.01595  2.17383e-04
109  0.08406 -6.22290e-03 |110  0.02842  8.46678e-05 |111 -0.01434 -1.63675e-03
112  0.00451 -1.19867e-03 |113  0.01961  2.88574e-03 |114  0.03891 -3.38389e-03
115  0.00308 -9.13191e-03 |116 -0.06230 -1.41989e-02 |117 -0.07874 -9.03120e-03
118 -0.07710 -4.66464e-03 |119 -0.03439 -1.09183e-02 |120  0.06998 -2.31005e-02
121  0.02384 -1.04479e-02 |122  0.01402 -4.89972e-03 |123 -0.02772 -2.51056e-03
124 -0.06695 -1.56850e-03 |125 -0.00627  3.27081e-03 |126  0.00484  5.88109e-03
127 -0.02709  6.85130e-03 |128  0.02844  1.38020e-02 |129  0.07368  1.49151e-02
130  0.01055 -2.74817e-03 |131  0.08269 -5.89372e-03 |132  0.00584  1.24797e-03
133  0.13297 -6.29552e-04 |134 -0.00525 -5.99647e-03 |135 -0.04641  4.65036e-04
136 -0.05667 -1.55460e-05 |137 -0.02189  1.15884e-03 |138  0.09426  5.43533e-03
139  0.03192 -1.79988e-03 |140  0.01686 -1.91424e-03 |141 -0.02798 -9.39757e-04
142 -0.01757  1.52118e-03 |143 -0.00587 -1.59980e-03 |144 -0.00040 -1.12861e-04
145  0.27487 -9.66559e-03 |146  0.18596 -2.14831e-03 |147  0.04652 -8.16491e-03
148  0.29672  1.18803e-03 |149  0.01642  4.38845e-04 |150 -0.11484 -2.07564e-03
151 -0.47564 -1.58960e-02 |152  0.31378  8.82964e-03 |153  0.04884 -1.41332e-02
154 -0.23510 -2.28981e-03 |155  0.18236 -5.21389e-04 |156  0.25985  2.60886e-03
157  0.17450 -6.16016e-03 |158  0.25417 -4.57781e-03 |159  0.00591 -1.28138e-02
160 -0.09833  3.65021e-03 |161  0.10328  3.36533e-04 |162  0.29674  8.82866e-04
163  0.16881  7.23434e-03 |164  0.24621  5.75698e-03 |165 -0.35199 -1.13959e-03
166  0.24280  5.47338e-03 |167  0.05278  2.39179e-03 |168 -0.18765  5.97140e-03
169  0.20259 -3.30171e-03 |170  0.31673  4.00492e-04 |171  0.07773 -1.15855e-03
172 -0.53249 -5.44785e-05 |173 -0.38087  1.68561e-03 |174  0.23593  1.32086e-02
175  0.07837  4.31416e-02 |176 -0.12205  9.64032e-03 |177  0.05104 -2.63539e-03
178  0.11963  4.40654e-04 |179  0.32136  1.56865e-02 |180  0.27251  3.35530e-03
181  0.00561  1.06211e-02 |182  0.00910 -4.34329e-03 |183 -0.15024  1.97238e-02
184 -0.12577  8.42059e-04 |185  0.01336  1.21452e-03 |186  0.39320  2.01722e-03
187  0.01867  1.72472e-03 |188 -0.15442 -1.25279e-02 |189  0.09928 -3.76262e-03
190  0.16362  9.02733e-03 |191  0.21869  2.60674e-03 |192  0.25726 -3.86236e-03
193  0.02454  1.95606e-03 |194 -0.00643 -1.30293e-02 |195 -0.17634 -6.59159e-04
196 -0.11435 -6.73444e-03 |197 -0.55418 -2.58352e-03 |198  0.17110 -8.73567e-04
199  0.09517  4.72563e-03 |200 -0.25359  6.03611e-03 |
200 variables; iteration 100; function evaluation 118; phase 4
Function value 7.3339845e+03; maximum gradient component mag 1.4900e-03
Var    Value     Gradient |Var    Value     Gradient |Var    Value     Gradient
  1 -0.42333  2.20393e-04 |  2  0.37107 -4.85592e-05 |  3 -0.12610 -2.01893e-04
  4 -0.01317  5.24974e-05 |  5 -0.70909 -2.08020e-06 |  6 -0.60423  8.04529e-05
  7  0.37623 -8.31009e-04 |  8 -0.18519 -1.13855e-03 |  9  0.03405  2.59145e-04
 10 -0.60954 -1.08474e-04 | 11 -0.62338 -2.05894e-04 | 12 -0.09137 -4.43295e-04
 13 -0.01004 -6.22234e-05 | 14 -0.01026 -6.08223e-05 | 15 -0.01047 -5.91058e-05
 16 -0.01069 -5.71310e-05 | 17 -0.01089 -5.49533e-05 | 18 -0.01110 -5.26343e-05
 19 -0.01129 -5.02283e-05 | 20 -0.01148 -4.77791e-05 | 21 -0.01166 -4.53186e-05
 22 -0.01182 -4.28651e-05 | 23 -0.01198 -4.04228e-05 | 24 -0.01212 -3.79825e-05
 25 -0.01224 -3.55254e-05 | 26 -0.01235 -3.30264e-05 | 27 -0.01244 -3.04614e-05
 28 -0.01251 -2.78115e-05 | 29 -0.01256 -2.50645e-05 | 30 -0.01259 -2.22159e-05
 31 -0.01259 -1.92705e-05 | 32 -0.01257 -1.62530e-05 | 33 -0.01252 -1.32107e-05
 34 -0.01244 -1.02200e-05 | 35 -0.01233 -7.38912e-06 | 36 -0.01219 -4.85827e-06
 37 -0.01201 -2.79134e-06 | 38 -0.01180 -1.35780e-06 | 39 -0.01155 -7.11166e-07
 40 -0.01125 -9.75062e-07 | 41 -0.01093 -2.18250e-06 | 42 -0.01056 -4.33243e-06
 43 -0.01016 -7.37569e-06 | 44 -0.00974 -1.12514e-05 | 45 -0.00929 -1.59179e-05
 46 -0.00882 -2.13412e-05 | 47 -0.00834 -2.74241e-05 | 48 -0.00787 -3.38915e-05
 49 -0.00741 -4.01860e-05 | 50 -0.00698 -4.54697e-05 | 51 -0.00657 -4.87556e-05
 52 -0.00622 -4.91193e-05 | 53 -0.00590 -4.58875e-05 | 54 -0.00564 -3.86773e-05
 55 -0.00540 -2.72815e-05 | 56 -0.00519 -1.15090e-05 | 57 -0.00498  8.90064e-06
 58 -0.00475  3.42020e-05 | 59 -0.00446  6.43014e-05 | 60 -0.00410  9.80831e-05
 61 -0.00363  1.32220e-04 | 62 -0.00301  1.59712e-04 | 63 -0.00222  1.69803e-04
 64 -0.00122  1.53471e-04 | 65  0.00003  1.18213e-04 | 66  0.00154  9.85719e-05
 67  0.00335  1.16219e-04 | 68  0.00547  1.11567e-04 | 69  0.00792  8.63262e-05
 70  0.01067  2.27563e-04 | 71  0.01370  1.91457e-04 | 72  0.01696 -6.37895e-05
 73  0.02034  7.01104e-05 | 74  0.02369 -3.45835e-05 | 75  0.02683 -1.77903e-04
 76  0.02954 -4.36461e-04 | 77  0.03163 -2.91057e-04 | 78  0.03296  2.87695e-04
 79  0.03352  5.33201e-04 | 80  0.03338  1.86673e-04 | 81  0.03265  3.99919e-04
 82  0.03138  1.51817e-04 | 83  0.02952  1.01923e-04 | 84  0.02698 -1.01420e-04
 85  0.02373  1.80032e-04 | 86  0.01992  7.51296e-05 | 87  0.01595  3.21956e-04
 88  0.01233 -1.62399e-04 | 89  0.00949 -7.81400e-06 | 90  0.00756  6.73866e-06
 91  0.00633 -2.95033e-05 | 92  0.00541 -2.73898e-05 | 93  0.00466 -2.64495e-05
 94  0.00457 -4.88835e-05 | 95  0.00523 -3.78179e-05 | 96  0.00548  3.79115e-05
 97  0.00717 -6.01413e-07 | 98  0.00977  2.25938e-04 | 99  0.01375 -1.08889e-04
100  0.01387  1.56652e-04 |101  0.01263  2.60398e-04 |102  0.01094 -3.23453e-06
103  0.00289 -1.50735e-04 |104  0.00375  2.34505e-05 |105  0.02314 -3.01994e-04
106  0.02161  6.69504e-05 |107 -0.00251 -1.37459e-04 |108  0.01594  2.08982e-04
109  0.08407 -3.71181e-04 |110  0.02842  4.30348e-04 |111 -0.01433  3.27536e-04
112  0.00451 -2.65617e-04 |113  0.01960 -5.93542e-05 |114  0.03891 -1.46322e-04
115  0.00308 -2.59001e-04 |116 -0.06228 -1.96027e-04 |117 -0.07873  1.65778e-04
118 -0.07710 -4.86333e-04 |119 -0.03438 -4.14274e-04 |120  0.06999 -3.49158e-04
121  0.02384 -1.39177e-03 |122  0.01403  5.07997e-05 |123 -0.02771  4.74103e-04
124 -0.06694  5.77871e-04 |125 -0.00627  2.21959e-04 |126  0.00484  5.28762e-05
127 -0.02709 -4.41721e-04 |128  0.02843  5.76181e-04 |129  0.07368  7.15695e-04
130  0.01056 -8.97961e-04 |131  0.08270  5.62427e-05 |132  0.00584  3.05579e-04
133  0.13298 -3.94737e-04 |134 -0.00523  7.86305e-05 |135 -0.04641  3.02281e-04
136 -0.05667 -3.57143e-04 |137 -0.02189 -4.70359e-05 |138  0.09425 -1.00043e-04
139  0.03193  2.08107e-04 |140  0.01686  3.52719e-05 |141 -0.02797  4.33031e-04
142 -0.01758 -5.42246e-04 |143 -0.00586 -8.26472e-05 |144 -0.00040 -7.19331e-06
145  0.27486 -2.87491e-04 |146  0.18596 -2.86225e-04 |147  0.04652 -2.90831e-04
148  0.29672  5.87434e-05 |149  0.01642  4.46522e-06 |150 -0.11484 -6.21777e-05
151 -0.47552 -4.00692e-04 |152  0.31378 -2.85074e-04 |153  0.04880 -6.56769e-04
154 -0.23510  1.36698e-04 |155  0.18236 -7.04942e-05 |156  0.25985  8.51495e-05
157  0.17450 -2.51853e-04 |158  0.25417 -1.71496e-04 |159  0.00591 -4.12469e-04
160 -0.09833  1.33914e-04 |161  0.10328 -1.23957e-04 |162  0.29674 -1.61436e-05
163  0.16880  4.34669e-04 |164  0.24621  3.12587e-04 |165 -0.35200 -1.87605e-04
166  0.24280  1.28365e-04 |167  0.05278  8.69493e-05 |168 -0.18765  1.03255e-04
169  0.20261 -2.82822e-04 |170  0.31674 -2.07329e-05 |171  0.07773 -2.01477e-05
172 -0.53234 -4.34512e-05 |173 -0.38080  1.89404e-05 |174  0.23595  4.37854e-04
175  0.07834  1.49001e-03 |176 -0.12205  3.06960e-04 |177  0.05106 -4.88575e-05
178  0.11963  3.76410e-05 |179  0.32137  5.47149e-04 |180  0.27251  1.24874e-04
181  0.00558  3.26471e-04 |182  0.00911 -1.77824e-04 |183 -0.15025  6.26400e-04
184 -0.12577  4.79233e-05 |185  0.01337  3.15023e-05 |186  0.39320  1.13329e-05
187  0.01866  2.54592e-05 |188 -0.15441 -3.99812e-04 |189  0.09928 -1.14714e-04
190  0.16361  3.45850e-04 |191  0.21869  8.82572e-05 |192  0.25726 -1.46237e-04
193  0.02454  1.02241e-04 |194 -0.00642 -4.40152e-04 |195 -0.17634 -4.48859e-06
196 -0.11436 -1.56152e-04 |197 -0.55413 -1.66326e-04 |198  0.17112  4.96460e-05
199  0.09516  1.03656e-04 |200 -0.25361 -1.68085e-04 |

 - final statistics:
200 variables; iteration 102; function evaluation 122
Function value 7.3340e+03; maximum gradient component mag -9.9999e-04
Exit code = 1;  converg criter 1.0000e-03
Var    Value     Gradient |Var    Value     Gradient |Var    Value     Gradient
  1 -0.42333  1.30834e-04 |  2  0.37107 -3.58144e-05 |  3 -0.12610 -1.21867e-04
  4 -0.01317  2.76865e-05 |  5 -0.70909 -8.53812e-05 |  6 -0.60423  5.70212e-05
  7  0.37623 -4.80512e-04 |  8 -0.18519 -6.81500e-04 |  9  0.03405  1.22776e-04
 10 -0.60954 -7.75123e-06 | 11 -0.62338 -1.25321e-04 | 12 -0.09137 -2.51956e-04
 13 -0.01004  5.14108e-06 | 14 -0.01026  2.77072e-06 | 15 -0.01047  2.72890e-07
 16 -0.01069 -2.30823e-06 | 17 -0.01089 -4.93281e-06 | 18 -0.01110 -7.55622e-06
 19 -0.01129 -1.01401e-05 | 20 -0.01148 -1.26535e-05 | 21 -0.01166 -1.50720e-05
 22 -0.01182 -1.73789e-05 | 23 -0.01198 -1.95645e-05 | 24 -0.01212 -2.16251e-05
 25 -0.01224 -2.35618e-05 | 26 -0.01235 -2.53780e-05 | 27 -0.01244 -2.70756e-05
 28 -0.01251 -2.86536e-05 | 29 -0.01256 -3.01061e-05 | 30 -0.01259 -3.14235e-05
 31 -0.01259 -3.25932e-05 | 32 -0.01257 -3.35937e-05 | 33 -0.01252 -3.43931e-05
 34 -0.01244 -3.49472e-05 | 35 -0.01233 -3.51974e-05 | 36 -0.01219 -3.50704e-05
 37 -0.01201 -3.44802e-05 | 38 -0.01180 -3.33353e-05 | 39 -0.01155 -3.15463e-05
 40 -0.01125 -2.90303e-05 | 41 -0.01093 -2.57429e-05 | 42 -0.01056 -2.16458e-05
 43 -0.01016 -1.67152e-05 | 44 -0.00974 -1.09173e-05 | 45 -0.00929 -4.18485e-06
 46 -0.00882  3.58484e-06 | 47 -0.00834  1.24924e-05 | 48 -0.00787  2.25518e-05
 49 -0.00741  3.35865e-05 | 50 -0.00697  4.51707e-05 | 51 -0.00657  5.66566e-05
 52 -0.00621  6.72873e-05 | 53 -0.00590  7.63500e-05 | 54 -0.00563  8.32610e-05
 55 -0.00540  8.75425e-05 | 56 -0.00519  8.87307e-05 | 57 -0.00498  8.62690e-05
 58 -0.00475  7.94565e-05 | 59 -0.00446  6.76029e-05 | 60 -0.00410  5.03702e-05
 61 -0.00363  2.86351e-05 | 62 -0.00301  5.90900e-06 | 63 -0.00222 -1.01385e-05
 64 -0.00122 -9.01602e-06 | 65  0.00003  1.28611e-05 | 66  0.00154  3.55771e-05
 67  0.00335  2.64766e-05 | 68  0.00547  1.61715e-05 | 69  0.00792  8.14162e-05
 70  0.01067  8.34323e-05 | 71  0.01370 -8.72614e-06 | 72  0.01696  1.32135e-04
 73  0.02034  5.73500e-05 | 74  0.02369  7.18960e-05 | 75  0.02683 -2.99863e-05
 76  0.02955 -1.64896e-05 | 77  0.03163  4.77423e-05 | 78  0.03296  9.67413e-05
 79  0.03352  1.02784e-04 | 80  0.03338  8.51470e-05 | 81  0.03265  1.00060e-04
 82  0.03138  8.20298e-05 | 83  0.02952  7.25324e-05 | 84  0.02698 -3.90940e-05
 85  0.02372 -1.35060e-04 | 86  0.01992 -4.29106e-05 | 87  0.01595 -7.26652e-05
 88  0.01233  7.84073e-05 | 89  0.00949  1.29254e-06 | 90  0.00756  7.97381e-05
 91  0.00633  8.82747e-05 | 92  0.00541  6.85365e-05 | 93  0.00466  8.26933e-05
 94  0.00457  1.29475e-04 | 95  0.00523  1.43250e-04 | 96  0.00548  7.49124e-05
 97  0.00717  1.08242e-04 | 98  0.00977  1.47761e-04 | 99  0.01375 -6.73409e-05
100  0.01387 -1.93105e-04 |101  0.01262 -1.68834e-04 |102  0.01094 -6.93509e-05
103  0.00289 -1.55368e-05 |104  0.00375  2.09634e-04 |105  0.02314 -1.83078e-04
106  0.02161  1.34866e-04 |107 -0.00251  1.34783e-05 |108  0.01594  6.55761e-05
109  0.08407 -2.72227e-04 |110  0.02842  3.12232e-04 |111 -0.01433  4.04278e-05
112  0.00451  4.11319e-05 |113  0.01960 -6.45244e-05 |114  0.03891 -1.09510e-04
115  0.00308 -1.92975e-04 |116 -0.06228 -6.19998e-05 |117 -0.07873  4.30196e-04
118 -0.07711 -9.99986e-04 |119 -0.03438  3.25083e-04 |120  0.06999 -3.11989e-04
121  0.02384 -9.53484e-04 |122  0.01403  2.92744e-04 |123 -0.02771  3.81340e-05
124 -0.06694  4.99322e-04 |125 -0.00627  1.12731e-04 |126  0.00484  7.35954e-05
127 -0.02709 -1.18638e-04 |128  0.02843  2.46362e-04 |129  0.07368  4.37410e-04
130  0.01056 -2.83509e-04 |131  0.08270 -9.40771e-05 |132  0.00584  4.58812e-04
133  0.13298 -2.15778e-04 |134 -0.00523 -4.10463e-04 |135 -0.04641  1.39351e-04
136 -0.05667 -2.81783e-04 |137 -0.02189 -1.13826e-04 |138  0.09425  7.33938e-05
139  0.03193 -1.41310e-04 |140  0.01686  9.25172e-05 |141 -0.02797  2.13735e-04
142 -0.01758 -8.88863e-05 |143 -0.00586 -7.29440e-06 |144 -0.00040  7.92961e-06
145  0.27486 -1.97785e-04 |146  0.18596 -1.58492e-04 |147  0.04652 -1.69673e-04
148  0.29672  3.42949e-05 |149  0.01642  4.08888e-06 |150 -0.11484 -3.63522e-05
151 -0.47552 -2.67748e-04 |152  0.31378 -2.01117e-04 |153  0.04880 -4.40961e-04
154 -0.23510  4.73675e-04 |155  0.18236 -2.92222e-05 |156  0.25985  5.34271e-05
157  0.17450 -2.01083e-04 |158  0.25417 -1.34201e-04 |159  0.00591 -2.04673e-04
160 -0.09833  7.88194e-05 |161  0.10328 -2.46382e-05 |162  0.29674  9.12983e-06
163  0.16880  2.66741e-04 |164  0.24620  1.89124e-04 |165 -0.35200 -1.36216e-04
166  0.24280  6.27734e-05 |167  0.05278  5.88712e-05 |168 -0.18765  7.20104e-05
169  0.20261 -1.79965e-04 |170  0.31674 -1.61040e-05 |171  0.07773 -8.05874e-06
172 -0.53233 -4.26794e-05 |173 -0.38080  1.62722e-05 |174  0.23595  2.68589e-04
175  0.07834  9.03615e-04 |176 -0.12205  1.85444e-04 |177  0.05106 -3.23039e-05
178  0.11963  2.56456e-05 |179  0.32137  3.30893e-04 |180  0.27251  7.55724e-05
181  0.00558  2.05354e-04 |182  0.00911 -1.06130e-04 |183 -0.15025  3.79965e-04
184 -0.12577  2.84651e-05 |185  0.01337 -2.41796e-05 |186  0.39320 -2.40111e-05
187  0.01866  5.38493e-05 |188 -0.15441 -2.55320e-04 |189  0.09928 -6.69862e-05
190  0.16361  2.10223e-04 |191  0.21869  5.14903e-05 |192  0.25726 -8.73184e-05
193  0.02454  6.08980e-05 |194 -0.00642 -2.67473e-04 |195 -0.17634 -3.46631e-06
196 -0.11436 -9.63903e-05 |197 -0.55413 -1.17918e-04 |198  0.17112  1.82847e-05
199  0.09516  6.32085e-05 |200 -0.25361 -8.29467e-05 |

 - final statistics:
213 variables; iteration 0; function evaluation 0
Function value 7.3340e+03; maximum gradient component mag -9.9999e-04
Exit code = 0;  converg criter 1.0000e-03
Var    Value     Gradient |Var    Value     Gradient |Var    Value     Gradient
  1 -0.42333  1.30834e-04 |  2  0.37107 -3.58144e-05 |  3 -0.12610 -1.21867e-04
  4 -0.01317  2.76865e-05 |  5 -0.70909 -8.53812e-05 |  6 -0.60423  5.70212e-05
  7  0.37623 -4.80512e-04 |  8 -0.18519 -6.81500e-04 |  9  0.03405  1.22776e-04
 10 -0.60954 -7.75123e-06 | 11 -0.62338 -1.25321e-04 | 12 -0.09137 -2.51956e-04
 13 -0.01004  5.14108e-06 | 14 -0.01026  2.77072e-06 | 15 -0.01047  2.72890e-07
 16 -0.01069 -2.30823e-06 | 17 -0.01089 -4.93281e-06 | 18 -0.01110 -7.55622e-06
 19 -0.01129 -1.01401e-05 | 20 -0.01148 -1.26535e-05 | 21 -0.01166 -1.50720e-05
 22 -0.01182 -1.73789e-05 | 23 -0.01198 -1.95645e-05 | 24 -0.01212 -2.16251e-05
 25 -0.01224 -2.35618e-05 | 26 -0.01235 -2.53780e-05 | 27 -0.01244 -2.70756e-05
 28 -0.01251 -2.86536e-05 | 29 -0.01256 -3.01061e-05 | 30 -0.01259 -3.14235e-05
 31 -0.01259 -3.25932e-05 | 32 -0.01257 -3.35937e-05 | 33 -0.01252 -3.43931e-05
 34 -0.01244 -3.49472e-05 | 35 -0.01233 -3.51974e-05 | 36 -0.01219 -3.50704e-05
 37 -0.01201 -3.44802e-05 | 38 -0.01180 -3.33353e-05 | 39 -0.01155 -3.15463e-05
 40 -0.01125 -2.90303e-05 | 41 -0.01093 -2.57429e-05 | 42 -0.01056 -2.16458e-05
 43 -0.01016 -1.67152e-05 | 44 -0.00974 -1.09173e-05 | 45 -0.00929 -4.18485e-06
 46 -0.00882  3.58484e-06 | 47 -0.00834  1.24924e-05 | 48 -0.00787  2.25518e-05
 49 -0.00741  3.35865e-05 | 50 -0.00697  4.51707e-05 | 51 -0.00657  5.66566e-05
 52 -0.00621  6.72873e-05 | 53 -0.00590  7.63500e-05 | 54 -0.00563  8.32610e-05
 55 -0.00540  8.75425e-05 | 56 -0.00519  8.87307e-05 | 57 -0.00498  8.62690e-05
 58 -0.00475  7.94565e-05 | 59 -0.00446  6.76029e-05 | 60 -0.00410  5.03702e-05
 61 -0.00363  2.86351e-05 | 62 -0.00301  5.90900e-06 | 63 -0.00222 -1.01385e-05
 64 -0.00122 -9.01602e-06 | 65  0.00003  1.28611e-05 | 66  0.00154  3.55771e-05
 67  0.00335  2.64766e-05 | 68  0.00547  1.61715e-05 | 69  0.00792  8.14162e-05
 70  0.01067  8.34323e-05 | 71  0.01370 -8.72614e-06 | 72  0.01696  1.32135e-04
 73  0.02034  5.73500e-05 | 74  0.02369  7.18960e-05 | 75  0.02683 -2.99863e-05
 76  0.02955 -1.64896e-05 | 77  0.03163  4.77423e-05 | 78  0.03296  9.67413e-05
 79  0.03352  1.02784e-04 | 80  0.03338  8.51470e-05 | 81  0.03265  1.00060e-04
 82  0.03138  8.20298e-05 | 83  0.02952  7.25324e-05 | 84  0.02698 -3.90940e-05
 85  0.02372 -1.35060e-04 | 86  0.01992 -4.29106e-05 | 87  0.01595 -7.26652e-05
 88  0.01233  7.84073e-05 | 89  0.00949  1.29254e-06 | 90  0.00756  7.97381e-05
 91  0.00633  8.82747e-05 | 92  0.00541  6.85365e-05 | 93  0.00466  8.26933e-05
 94  0.00457  1.29475e-04 | 95  0.00523  1.43250e-04 | 96  0.00548  7.49124e-05
 97  0.00717  1.08242e-04 | 98  0.00977  1.47761e-04 | 99  0.01375 -6.73409e-05
100  0.01387 -1.93105e-04 |101  0.01262 -1.68834e-04 |102  0.01094 -6.93509e-05
103  0.00289 -1.55368e-05 |104  0.00375  2.09634e-04 |105  0.02314 -1.83078e-04
106  0.02161  1.34866e-04 |107 -0.00251  1.34783e-05 |108  0.01594  6.55761e-05
109  0.08407 -2.72227e-04 |110  0.02842  3.12232e-04 |111 -0.01433  4.04278e-05
112  0.00451  4.11319e-05 |113  0.01960 -6.45244e-05 |114  0.03891 -1.09510e-04
115  0.00308 -1.92975e-04 |116 -0.06228 -6.19998e-05 |117 -0.07873  4.30196e-04
118 -0.07711 -9.99986e-04 |119 -0.03438  3.25083e-04 |120  0.06999 -3.11989e-04
121  0.02384 -9.53484e-04 |122  0.01403  2.92744e-04 |123 -0.02771  3.81340e-05
124 -0.06694  4.99322e-04 |125 -0.00627  1.12731e-04 |126  0.00484  7.35954e-05
127 -0.02709 -1.18638e-04 |128  0.02843  2.46362e-04 |129  0.07368  4.37410e-04
130  0.01056 -2.83509e-04 |131  0.08270 -9.40771e-05 |132  0.00584  4.58812e-04
133  0.13298 -2.15778e-04 |134 -0.00523 -4.10463e-04 |135 -0.04641  1.39351e-04
136 -0.05667 -2.81783e-04 |137 -0.02189 -1.13826e-04 |138  0.09425  7.33938e-05
139  0.03193 -1.41310e-04 |140  0.01686  9.25172e-05 |141 -0.02797  2.13735e-04
142 -0.01758 -8.88863e-05 |143 -0.00586 -7.29440e-06 |144 -0.00040  7.92961e-06
145  0.00000  0.00000e+00 |146  0.00000  0.00000e+00 |147  0.00000  0.00000e+00
148  0.00000  0.00000e+00 |149  0.00000  0.00000e+00 |150  0.00000  0.00000e+00
151  0.00000  0.00000e+00 |152  0.00000  0.00000e+00 |153  0.00000  0.00000e+00
154  0.00000  0.00000e+00 |155  0.00000  0.00000e+00 |156  0.00000  0.00000e+00
157  0.00000  0.00000e+00 |158  0.27486 -1.97785e-04 |159  0.18596 -1.58492e-04
160  0.04652 -1.69673e-04 |161  0.29672  3.42949e-05 |162  0.01642  4.08888e-06
163 -0.11484 -3.63522e-05 |164 -0.47552 -2.67748e-04 |165  0.31378 -2.01117e-04
166  0.04880 -4.40961e-04 |167 -0.23510  4.73675e-04 |168  0.18236 -2.92222e-05
169  0.25985  5.34271e-05 |170  0.17450 -2.01083e-04 |171  0.25417 -1.34201e-04
172  0.00591 -2.04673e-04 |173 -0.09833  7.88194e-05 |174  0.10328 -2.46382e-05
175  0.29674  9.12983e-06 |176  0.16880  2.66741e-04 |177  0.24620  1.89124e-04
178 -0.35200 -1.36216e-04 |179  0.24280  6.27734e-05 |180  0.05278  5.88712e-05
181 -0.18765  7.20104e-05 |182  0.20261 -1.79965e-04 |183  0.31674 -1.61040e-05
184  0.07773 -8.05874e-06 |185 -0.53233 -4.26794e-05 |186 -0.38080  1.62722e-05
187  0.23595  2.68589e-04 |188  0.07834  9.03615e-04 |189 -0.12205  1.85444e-04
190  0.05106 -3.23039e-05 |191  0.11963  2.56456e-05 |192  0.32137  3.30893e-04
193  0.27251  7.55724e-05 |194  0.00558  2.05354e-04 |195  0.00911 -1.06130e-04
196 -0.15025  3.79965e-04 |197 -0.12577  2.84651e-05 |198  0.01337 -2.41796e-05
199  0.39320 -2.40111e-05 |200  0.01866  5.38493e-05 |201 -0.15441 -2.55320e-04
202  0.09928 -6.69862e-05 |203  0.16361  2.10223e-04 |204  0.21869  5.14903e-05
205  0.25726 -8.73183e-05 |206  0.02454  6.08980e-05 |207 -0.00642 -2.67473e-04
208 -0.17634 -3.46631e-06 |209 -0.11436 -9.63903e-05 |210 -0.55413 -1.17918e-04
211  0.17112  1.82847e-05 |212  0.09516  6.32085e-05 |213 -0.25361 -8.29467e-05
size of file gradfil1.tmp = 0
size of file gradfil2.tmp = 0
size of file varssave.tmp = 0
size of file cmpdiff.tmp = 1000000040
