
Initial statistics: 136 variables; iteration 0; function evaluation 0; phase 1
Function value 7.3785774e+03; maximum gradient component mag -2.5313e+02
Var    Value     Gradient |Var    Value     Gradient |Var    Value     Gradient
  1 -0.42335 -2.71585e+01 |  2 -0.09168 -2.53130e+02 |  3  0.00000  4.71799e+00
  4  0.00000  4.83992e+00 |  5  0.00000  4.96287e+00 |  6  0.00000  5.08653e+00
  7  0.00000  5.21077e+00 |  8  0.00000  5.33514e+00 |  9  0.00000  5.45925e+00
 10  0.00000  5.58271e+00 | 11  0.00000  5.70513e+00 | 12  0.00000  5.82612e+00
 13  0.00000  5.94526e+00 | 14  0.00000  6.06214e+00 | 15  0.00000  6.17630e+00
 16  0.00000  6.28719e+00 | 17  0.00000  6.39417e+00 | 18  0.00000  6.49651e+00
 19  0.00000  6.59351e+00 | 20  0.00000  6.68459e+00 | 21  0.00000  6.76928e+00
 22  0.00000  6.84700e+00 | 23  0.00000  6.91711e+00 | 24  0.00000  6.97877e+00
 25  0.00000  7.03096e+00 | 26  0.00000  7.07250e+00 | 27  0.00000  7.10205e+00
 28  0.00000  7.11838e+00 | 29  0.00000  7.12028e+00 | 30  0.00000  7.10608e+00
 31  0.00000  7.07617e+00 | 32  0.00000  7.02964e+00 | 33  0.00000  6.96610e+00
 34  0.00000  6.88550e+00 | 35  0.00000  6.78780e+00 | 36  0.00000  6.67320e+00
 37  0.00000  6.54233e+00 | 38  0.00000  6.39568e+00 | 39  0.00000  6.23395e+00
 40  0.00000  6.05768e+00 | 41  0.00000  5.86696e+00 | 42  0.00000  5.66084e+00
 43  0.00000  5.43765e+00 | 44  0.00000  5.19366e+00 | 45  0.00000  4.92304e+00
 46  0.00000  4.61868e+00 | 47  0.00000  4.27246e+00 | 48  0.00000  3.87489e+00
 49  0.00000  3.41650e+00 | 50  0.00000  2.88719e+00 | 51  0.00000  2.27704e+00
 52  0.00000  1.57588e+00 | 53  0.00000  7.74878e-01 | 54  0.00000 -1.33402e-01
 55  0.00000 -1.15393e+00 | 56  0.00000 -2.28993e+00 | 57  0.00000 -3.54087e+00
 58  0.00000 -4.90138e+00 | 59  0.00000 -6.36207e+00 | 60  0.00000 -7.90690e+00
 61  0.00000 -9.51429e+00 | 62  0.00000 -1.11548e+01 | 63  0.00000 -1.27936e+01
 64  0.00000 -1.43916e+01 | 65  0.00000 -1.59059e+01 | 66  0.00000 -1.72950e+01
 67  0.00000 -1.85263e+01 | 68  0.00000 -1.95799e+01 | 69  0.00000 -2.04484e+01
 70  0.00000 -2.11372e+01 | 71  0.00000 -2.16496e+01 | 72  0.00000 -2.19791e+01
 73  0.00000 -2.21012e+01 | 74  0.00000 -2.19795e+01 | 75  0.00000 -2.15862e+01
 76  0.00000 -2.09291e+01 | 77  0.00000 -2.00777e+01 | 78  0.00000 -1.91543e+01
 79  0.00000 -1.83045e+01 | 80  0.00000 -1.76202e+01 | 81  0.00000 -1.71187e+01
 82  0.00000 -1.67557e+01 | 83  0.00000 -1.65451e+01 | 84  0.00000 -1.66464e+01
 85  0.00000 -1.71266e+01 | 86  0.00000 -1.77487e+01 | 87  0.00000 -1.89951e+01
 88  0.00000 -2.07620e+01 | 89  0.00000 -2.31610e+01 | 90  0.00000 -2.51820e+01
 91  0.00000 -2.72895e+01 | 92  0.00000 -2.97227e+01 | 93  0.00000 -3.13638e+01
 94  0.00000 -3.61035e+01 | 95  0.00000 -4.60794e+01 | 96  0.00000 -5.22163e+01
 97  0.00000 -5.26568e+01 | 98  0.00000 -6.56159e+01 | 99  0.00000 -8.25780e+01
100  0.00000 -6.58361e+01 |101  0.00000 -3.56157e+01 |102  0.00000 -2.63008e+01
103  0.00000 -1.87397e+01 |104  0.00000 -4.20518e+00 |105  0.00000  3.86079e+01
106  0.00000  1.10080e+02 |107  0.00000  1.42872e+02 |108  0.00000  1.34661e+02
109  0.00000  7.22078e+01 |110  0.00000 -5.50203e+00 |111  0.00000  4.42836e+00
112  0.00000  2.69277e+01 |113  0.00000  5.36435e+01 |114  0.00000  7.34882e+01
115  0.00000  4.05362e+01 |116  0.00000  2.43604e+01 |117  0.00000  1.91812e+01
118  0.00000 -1.92545e+01 |119  0.00000 -4.50633e+01 |120  0.00000 -3.16664e+01
121  0.00000 -5.06681e+01 |122  0.00000 -2.07111e+01 |123  0.00000 -9.03605e+01
124  0.00000  3.40760e+00 |125  0.00000  2.57070e+01 |126  0.00000  2.81977e+01
127  0.00000  9.35763e+00 |128  0.00000 -3.69533e+01 |129  0.00000 -1.38180e+01
130  0.00000 -3.70962e+00 |131  0.00000  1.08162e+01 |132  0.00000  5.18185e+00
133  0.00000  1.49402e+00 |134  0.00000  1.14378e-01 |135  0.27523 -3.69251e+01
136  0.18628 -5.80807e+01 |

Intermediate statistics: 136 variables; iteration 20; function evaluation 27; phase 1
Function value 7.3408070e+03; maximum gradient component mag -1.2899e+02
Var    Value     Gradient |Var    Value     Gradient |Var    Value     Gradient
  1 -0.42592 -4.58158e+01 |  2 -0.10720 -1.28985e+02 |  3 -0.00945  4.96620e-01
  4 -0.00959  5.26751e-01 |  5 -0.00972  5.59000e-01 |  6 -0.00984  5.93503e-01
  7 -0.00995  6.30431e-01 |  8 -0.01004  6.69887e-01 |  9 -0.01012  7.11993e-01
 10 -0.01018  7.56882e-01 | 11 -0.01022  8.04673e-01 | 12 -0.01024  8.55496e-01
 13 -0.01024  9.09487e-01 | 14 -0.01022  9.66774e-01 | 15 -0.01017  1.02750e+00
 16 -0.01009  1.09181e+00 | 17 -0.00998  1.15982e+00 | 18 -0.00984  1.23158e+00
 19 -0.00967  1.30711e+00 | 20 -0.00946  1.38638e+00 | 21 -0.00921  1.46943e+00
 22 -0.00893  1.55632e+00 | 23 -0.00861  1.64712e+00 | 24 -0.00824  1.74188e+00
 25 -0.00784  1.84061e+00 | 26 -0.00738  1.94321e+00 | 27 -0.00688  2.04943e+00
 28 -0.00633  2.15888e+00 | 29 -0.00572  2.27095e+00 | 30 -0.00507  2.38458e+00
 31 -0.00437  2.49924e+00 | 32 -0.00363  2.61351e+00 | 33 -0.00285  2.72572e+00
 34 -0.00205  2.83365e+00 | 35 -0.00124  2.93435e+00 | 36 -0.00043  3.02409e+00
 37  0.00035  3.09859e+00 | 38  0.00108  3.15283e+00 | 39  0.00172  3.18140e+00
 40  0.00226  3.17867e+00 | 41  0.00265  3.13878e+00 | 42  0.00288  3.05586e+00
 43  0.00291  2.92485e+00 | 44  0.00275  2.74144e+00 | 45  0.00237  2.50252e+00
 46  0.00181  2.20658e+00 | 47  0.00106  1.85345e+00 | 48  0.00017  1.44412e+00
 49 -0.00084  9.81841e-01 | 50 -0.00191  4.72115e-01 | 51 -0.00298 -7.61706e-02
 52 -0.00399 -6.49920e-01 | 53 -0.00481 -1.23055e+00 | 54 -0.00533 -1.79299e+00
 55 -0.00537 -2.30449e+00 | 56 -0.00475 -2.72769e+00 | 57 -0.00322 -3.01914e+00
 58 -0.00055 -3.13815e+00 | 59  0.00349 -3.05913e+00 | 60  0.00898 -2.79003e+00
 61  0.01575 -2.39643e+00 | 62  0.02321 -2.02023e+00 | 63  0.03019 -1.87157e+00
 64  0.03501 -2.17377e+00 | 65  0.03600 -3.06466e+00 | 66  0.03251 -4.50104e+00
 67  0.02574 -6.23231e+00 | 68  0.01834 -7.87020e+00 | 69  0.01275 -9.07469e+00
 70  0.00988 -9.73362e+00 | 71  0.00956 -9.88887e+00 | 72  0.01158 -9.58015e+00
 73  0.01631 -8.74615e+00 | 74  0.02385 -7.35051e+00 | 75  0.03219 -5.66062e+00
 76  0.03702 -4.26559e+00 | 77  0.03528 -3.70023e+00 | 78  0.02801 -4.07838e+00
 79  0.01861 -5.11120e+00 | 80  0.00968 -6.40827e+00 | 81  0.00244 -7.66217e+00
 82 -0.00219 -8.56324e+00 | 83 -0.00352 -8.92615e+00 | 84 -0.00265 -9.04791e+00
 85 -0.00024 -9.07668e+00 | 86  0.00742 -8.12986e+00 | 87  0.01356 -7.89198e+00
 88  0.01747 -8.34118e+00 | 89  0.00851 -1.09967e+01 | 90  0.01501 -1.06572e+01
 91  0.01591 -1.08274e+01 | 92  0.00541 -1.24132e+01 | 93 -0.00394 -1.24661e+01
 94  0.00978 -1.10169e+01 | 95 -0.00270 -1.66701e+01 | 96  0.05217 -9.48142e+00
 97 -0.04582 -1.96238e+01 | 98 -0.02854 -1.86453e+01 | 99  0.12091 -1.59999e+01
100 -0.00523 -1.69689e+01 |101 -0.05773 -1.90455e+01 |102  0.01544 -6.84076e+00
103 -0.00057 -8.04382e+00 |104  0.03938  7.52389e+00 |105 -0.00862  1.55191e+01
106 -0.02489  4.85045e+01 |107 -0.03350  6.00324e+01 |108 -0.03335  5.47991e+01
109 -0.02898  2.22511e+01 |110  0.05475  5.30966e+00 |111  0.00755 -3.27676e+00
112  0.01123  4.94176e+00 |113 -0.02820  6.17949e+00 |114 -0.05243  1.25588e+01
115 -0.00384  1.07836e+01 |116  0.01084  1.05011e+01 |117 -0.02545  3.92657e+00
118  0.01652 -3.37726e+00 |119  0.07284 -7.39803e+00 |120 -0.03219 -1.54628e+01
121  0.08427 -5.96340e+00 |122 -0.01939 -1.01852e+01 |123  0.12401 -6.97417e+00
124 -0.00858 -7.43641e-01 |125 -0.04291  2.20150e+00 |126 -0.04969  3.12797e+00
127 -0.02099  7.79403e-01 |128  0.08918 -1.65598e+00 |129  0.03004 -4.25732e-01
130  0.01662  3.18703e-01 |131 -0.02729  4.85600e-01 |132 -0.02394 -1.74976e+00
133 -0.00979 -9.53006e-01 |134 -0.00059 -4.52743e-02 |135  0.29391 -1.21088e+01
136  0.20039 -3.08375e+01 |

 - final statistics:
136 variables; iteration 34; function evaluation 48
Function value 7.3343e+03; maximum gradient component mag 9.4350e+00
Exit code = 1;  converg criter 1.0000e+01
Var    Value     Gradient |Var    Value     Gradient |Var    Value     Gradient
  1 -0.42336 -1.65657e+00 |  2 -0.09273  5.48901e+00 |  3 -0.00929  3.14278e-01
  4 -0.00950  3.18434e-01 |  5 -0.00971  3.22146e-01 |  6 -0.00992  3.25371e-01
  7 -0.01013  3.28070e-01 |  8 -0.01034  3.30203e-01 |  9 -0.01053  3.31731e-01
 10 -0.01073  3.32623e-01 | 11 -0.01091  3.32853e-01 | 12 -0.01109  3.32395e-01
 13 -0.01125  3.31226e-01 | 14 -0.01141  3.29327e-01 | 15 -0.01155  3.26670e-01
 16 -0.01168  3.23225e-01 | 17 -0.01179  3.18956e-01 | 18 -0.01189  3.13830e-01
 19 -0.01196  3.07819e-01 | 20 -0.01202  3.00901e-01 | 21 -0.01205  2.93046e-01
 22 -0.01207  2.84206e-01 | 23 -0.01206  2.74312e-01 | 24 -0.01202  2.63274e-01
 25 -0.01196  2.50984e-01 | 26 -0.01187  2.37323e-01 | 27 -0.01174  2.22179e-01
 28 -0.01159  2.05463e-01 | 29 -0.01140  1.87130e-01 | 30 -0.01118  1.67200e-01
 31 -0.01093  1.45789e-01 | 32 -0.01064  1.23116e-01 | 33 -0.01032  9.95339e-02
 34 -0.00997  7.55658e-02 | 35 -0.00960  5.18930e-02 | 36 -0.00920  2.93427e-02
 37 -0.00879  8.81702e-03 | 38 -0.00837 -8.76972e-03 | 39 -0.00794 -2.25668e-02
 40 -0.00753 -3.18408e-02 | 41 -0.00713 -3.60096e-02 | 42 -0.00675 -3.46891e-02
 43 -0.00639 -2.77511e-02 | 44 -0.00607 -1.53352e-02 | 45 -0.00576  2.15350e-03
 46 -0.00545  2.40543e-02 | 47 -0.00514  4.94121e-02 | 48 -0.00480  7.68439e-02
 49 -0.00441  1.04412e-01 | 50 -0.00396  1.29517e-01 | 51 -0.00343  1.48945e-01
 52 -0.00279  1.59084e-01 | 53 -0.00203  1.56795e-01 | 54 -0.00111  1.40962e-01
 55 -0.00000  1.14893e-01 | 56  0.00137  8.94278e-02 | 57  0.00312  8.39152e-02
 58  0.00535  1.21853e-01 | 59  0.00814  2.13835e-01 | 60  0.01135  3.27101e-01
 61  0.01453  3.66394e-01 | 62  0.01711  2.28028e-01 | 63  0.01911 -4.87342e-02
 64  0.02160 -2.06660e-01 | 65  0.02538 -5.78219e-02 | 66  0.02883  1.02185e-01
 67  0.03049  3.11383e-02 | 68  0.03182  3.76467e-02 | 69  0.03364  2.68506e-01
 70  0.03491  5.19033e-01 | 71  0.03449  5.63543e-01 | 72  0.03224  3.62135e-01
 73  0.02895  6.00935e-02 | 74  0.02604 -5.90791e-02 | 75  0.02383  9.00038e-02
 76  0.01985 -1.18796e-02 | 77  0.01481 -3.24312e-01 | 78  0.01183 -2.82179e-01
 79  0.01028 -1.03789e-01 | 80  0.00903 -7.52734e-02 | 81  0.00783 -2.22232e-01
 82  0.00657 -4.84674e-01 | 83  0.00534 -8.19033e-01 | 84  0.00482 -1.18544e+00
 85  0.00516 -1.58461e+00 | 86  0.00467 -2.12076e+00 | 87  0.00585 -2.68330e+00
 88  0.00843 -3.21340e+00 | 89  0.01021 -4.25993e+00 | 90  0.01058 -4.72789e+00
 91  0.00905 -5.22704e+00 | 92  0.00600 -5.83021e+00 | 93 -0.00348 -6.07134e+00
 94 -0.00186 -5.86140e+00 | 95  0.03036 -4.02048e+00 | 96  0.01835 -5.52440e+00
 97 -0.00579 -4.57179e+00 | 98  0.00098 -6.48417e+00 | 99  0.09733 -2.27859e+00
100  0.01442 -5.07713e+00 |101 -0.01615 -1.71879e+00 |102  0.00212 -5.73006e-01
103  0.02128  2.79312e+00 |104  0.03816  5.32468e+00 |105  0.00479  6.88829e+00
106 -0.06042  5.96976e+00 |107 -0.07270  8.35579e+00 |108 -0.06864  9.43498e+00
109 -0.03340  6.05551e+00 |110  0.06859  8.72170e+00 |111  0.02856  7.43643e+00
112  0.01607  3.74702e+00 |113 -0.03429 -2.74936e+00 |114 -0.07649 -4.40456e+00
115 -0.00633 -1.84314e+00 |116  0.00405 -2.08218e+00 |117 -0.03230 -2.68124e+00
118  0.02605 -1.02329e+00 |119  0.07693  2.53788e+00 |120  0.01300  1.85914e+00
121  0.08109  6.15391e-01 |122  0.01043  2.24899e+00 |123  0.13317  8.77321e-01
124 -0.00471  3.66361e-01 |125 -0.04672 -1.66617e-02 |126 -0.05533  6.22533e-01
127 -0.02150  1.29655e-01 |128  0.08783 -2.85341e+00 |129  0.03029 -7.19485e-01
130  0.01510 -4.95945e-01 |131 -0.02560  8.35179e-01 |132 -0.01578  5.06111e-01
133 -0.00527  1.46439e-01 |134 -0.00038  5.58756e-03 |135  0.27896  6.65579e+00
136  0.18982  7.04047e+00 |

 - final statistics:
146 variables; iteration 0; function evaluation 0
Function value 7.3343e+03; maximum gradient component mag 9.4350e+00
Exit code = 0;  converg criter 1.0000e+01
Var    Value     Gradient |Var    Value     Gradient |Var    Value     Gradient
  1 -0.42336 -1.65657e+00 |  2  0.37108  3.89035e+00 |  3 -0.12611  5.02530e+00
  4 -0.01318  4.34549e+00 |  5 -0.70910  6.89074e-01 |  6 -0.60422 -1.17471e+00
  7  0.37624  5.87484e+00 |  8 -0.18520  8.72773e+00 |  9  0.03404  6.06406e+00
 10 -0.60952  1.18263e-01 | 11 -0.62338 -2.24207e-01 | 12 -0.09273  5.48901e+00
 13 -0.00929  3.14278e-01 | 14 -0.00950  3.18434e-01 | 15 -0.00971  3.22146e-01
 16 -0.00992  3.25371e-01 | 17 -0.01013  3.28070e-01 | 18 -0.01034  3.30203e-01
 19 -0.01053  3.31731e-01 | 20 -0.01073  3.32623e-01 | 21 -0.01091  3.32853e-01
 22 -0.01109  3.32395e-01 | 23 -0.01125  3.31226e-01 | 24 -0.01141  3.29327e-01
 25 -0.01155  3.26670e-01 | 26 -0.01168  3.23225e-01 | 27 -0.01179  3.18956e-01
 28 -0.01189  3.13830e-01 | 29 -0.01196  3.07819e-01 | 30 -0.01202  3.00901e-01
 31 -0.01205  2.93046e-01 | 32 -0.01207  2.84206e-01 | 33 -0.01206  2.74312e-01
 34 -0.01202  2.63274e-01 | 35 -0.01196  2.50984e-01 | 36 -0.01187  2.37323e-01
 37 -0.01174  2.22179e-01 | 38 -0.01159  2.05463e-01 | 39 -0.01140  1.87130e-01
 40 -0.01118  1.67200e-01 | 41 -0.01093  1.45789e-01 | 42 -0.01064  1.23116e-01
 43 -0.01032  9.95339e-02 | 44 -0.00997  7.55658e-02 | 45 -0.00960  5.18930e-02
 46 -0.00920  2.93427e-02 | 47 -0.00879  8.81702e-03 | 48 -0.00837 -8.76972e-03
 49 -0.00794 -2.25668e-02 | 50 -0.00753 -3.18408e-02 | 51 -0.00713 -3.60096e-02
 52 -0.00675 -3.46891e-02 | 53 -0.00639 -2.77511e-02 | 54 -0.00607 -1.53352e-02
 55 -0.00576  2.15350e-03 | 56 -0.00545  2.40543e-02 | 57 -0.00514  4.94121e-02
 58 -0.00480  7.68439e-02 | 59 -0.00441  1.04412e-01 | 60 -0.00396  1.29517e-01
 61 -0.00343  1.48945e-01 | 62 -0.00279  1.59084e-01 | 63 -0.00203  1.56795e-01
 64 -0.00111  1.40962e-01 | 65 -0.00000  1.14893e-01 | 66  0.00137  8.94278e-02
 67  0.00312  8.39152e-02 | 68  0.00535  1.21853e-01 | 69  0.00814  2.13835e-01
 70  0.01135  3.27101e-01 | 71  0.01453  3.66394e-01 | 72  0.01711  2.28028e-01
 73  0.01911 -4.87342e-02 | 74  0.02160 -2.06660e-01 | 75  0.02538 -5.78219e-02
 76  0.02883  1.02185e-01 | 77  0.03049  3.11383e-02 | 78  0.03182  3.76467e-02
 79  0.03364  2.68506e-01 | 80  0.03491  5.19033e-01 | 81  0.03449  5.63543e-01
 82  0.03224  3.62135e-01 | 83  0.02895  6.00935e-02 | 84  0.02604 -5.90791e-02
 85  0.02383  9.00038e-02 | 86  0.01985 -1.18796e-02 | 87  0.01481 -3.24312e-01
 88  0.01183 -2.82179e-01 | 89  0.01028 -1.03789e-01 | 90  0.00903 -7.52734e-02
 91  0.00783 -2.22232e-01 | 92  0.00657 -4.84674e-01 | 93  0.00534 -8.19033e-01
 94  0.00482 -1.18544e+00 | 95  0.00516 -1.58461e+00 | 96  0.00467 -2.12076e+00
 97  0.00585 -2.68330e+00 | 98  0.00843 -3.21340e+00 | 99  0.01021 -4.25993e+00
100  0.01058 -4.72789e+00 |101  0.00905 -5.22704e+00 |102  0.00600 -5.83021e+00
103 -0.00348 -6.07134e+00 |104 -0.00186 -5.86140e+00 |105  0.03036 -4.02048e+00
106  0.01835 -5.52440e+00 |107 -0.00579 -4.57179e+00 |108  0.00098 -6.48417e+00
109  0.09733 -2.27859e+00 |110  0.01442 -5.07713e+00 |111 -0.01615 -1.71879e+00
112  0.00212 -5.73006e-01 |113  0.02128  2.79312e+00 |114  0.03816  5.32468e+00
115  0.00479  6.88829e+00 |116 -0.06042  5.96976e+00 |117 -0.07270  8.35579e+00
118 -0.06864  9.43498e+00 |119 -0.03340  6.05551e+00 |120  0.06859  8.72170e+00
121  0.02856  7.43643e+00 |122  0.01607  3.74702e+00 |123 -0.03429 -2.74936e+00
124 -0.07649 -4.40456e+00 |125 -0.00633 -1.84314e+00 |126  0.00405 -2.08218e+00
127 -0.03230 -2.68124e+00 |128  0.02605 -1.02329e+00 |129  0.07693  2.53788e+00
130  0.01300  1.85914e+00 |131  0.08109  6.15391e-01 |132  0.01043  2.24899e+00
133  0.13317  8.77321e-01 |134 -0.00471  3.66361e-01 |135 -0.04672 -1.66617e-02
136 -0.05533  6.22533e-01 |137 -0.02150  1.29655e-01 |138  0.08783 -2.85341e+00
139  0.03029 -7.19485e-01 |140  0.01510 -4.95945e-01 |141 -0.02560  8.35179e-01
142 -0.01578  5.06111e-01 |143 -0.00527  1.46439e-01 |144 -0.00038  5.58756e-03
145  0.27896  6.65579e+00 |146  0.18982  7.04047e+00 |

Initial statistics: 176 variables; iteration 0; function evaluation 0; phase 3
Function value 7.3342830e+03; maximum gradient component mag -1.2979e+01
Var    Value     Gradient |Var    Value     Gradient |Var    Value     Gradient
  1 -0.42336 -1.65657e+00 |  2  0.37108  3.89035e+00 |  3 -0.12611  5.02530e+00
  4 -0.01318  4.34549e+00 |  5 -0.70910  6.89074e-01 |  6 -0.60422 -1.17471e+00
  7  0.37624  5.87484e+00 |  8 -0.18520  8.72773e+00 |  9  0.03404  6.06406e+00
 10 -0.60952  1.18263e-01 | 11 -0.62338 -2.24207e-01 | 12 -0.09273  5.48901e+00
 13 -0.00929  3.14278e-01 | 14 -0.00950  3.18434e-01 | 15 -0.00971  3.22146e-01
 16 -0.00992  3.25371e-01 | 17 -0.01013  3.28070e-01 | 18 -0.01034  3.30203e-01
 19 -0.01053  3.31731e-01 | 20 -0.01073  3.32623e-01 | 21 -0.01091  3.32853e-01
 22 -0.01109  3.32395e-01 | 23 -0.01125  3.31226e-01 | 24 -0.01141  3.29327e-01
 25 -0.01155  3.26670e-01 | 26 -0.01168  3.23225e-01 | 27 -0.01179  3.18956e-01
 28 -0.01189  3.13830e-01 | 29 -0.01196  3.07819e-01 | 30 -0.01202  3.00901e-01
 31 -0.01205  2.93046e-01 | 32 -0.01207  2.84206e-01 | 33 -0.01206  2.74312e-01
 34 -0.01202  2.63274e-01 | 35 -0.01196  2.50984e-01 | 36 -0.01187  2.37323e-01
 37 -0.01174  2.22179e-01 | 38 -0.01159  2.05463e-01 | 39 -0.01140  1.87130e-01
 40 -0.01118  1.67200e-01 | 41 -0.01093  1.45789e-01 | 42 -0.01064  1.23116e-01
 43 -0.01032  9.95339e-02 | 44 -0.00997  7.55658e-02 | 45 -0.00960  5.18930e-02
 46 -0.00920  2.93427e-02 | 47 -0.00879  8.81702e-03 | 48 -0.00837 -8.76972e-03
 49 -0.00794 -2.25668e-02 | 50 -0.00753 -3.18408e-02 | 51 -0.00713 -3.60096e-02
 52 -0.00675 -3.46891e-02 | 53 -0.00639 -2.77511e-02 | 54 -0.00607 -1.53352e-02
 55 -0.00576  2.15350e-03 | 56 -0.00545  2.40543e-02 | 57 -0.00514  4.94121e-02
 58 -0.00480  7.68439e-02 | 59 -0.00441  1.04412e-01 | 60 -0.00396  1.29517e-01
 61 -0.00343  1.48945e-01 | 62 -0.00279  1.59084e-01 | 63 -0.00203  1.56795e-01
 64 -0.00111  1.40962e-01 | 65 -0.00000  1.14893e-01 | 66  0.00137  8.94278e-02
 67  0.00312  8.39152e-02 | 68  0.00535  1.21853e-01 | 69  0.00814  2.13835e-01
 70  0.01135  3.27101e-01 | 71  0.01453  3.66394e-01 | 72  0.01711  2.28028e-01
 73  0.01911 -4.87342e-02 | 74  0.02160 -2.06660e-01 | 75  0.02538 -5.78219e-02
 76  0.02883  1.02185e-01 | 77  0.03049  3.11383e-02 | 78  0.03182  3.76467e-02
 79  0.03364  2.68506e-01 | 80  0.03491  5.19033e-01 | 81  0.03449  5.63543e-01
 82  0.03224  3.62135e-01 | 83  0.02895  6.00935e-02 | 84  0.02604 -5.90791e-02
 85  0.02383  9.00038e-02 | 86  0.01985 -1.18796e-02 | 87  0.01481 -3.24312e-01
 88  0.01183 -2.82179e-01 | 89  0.01028 -1.03789e-01 | 90  0.00903 -7.52734e-02
 91  0.00783 -2.22232e-01 | 92  0.00657 -4.84674e-01 | 93  0.00534 -8.19033e-01
 94  0.00482 -1.18544e+00 | 95  0.00516 -1.58461e+00 | 96  0.00467 -2.12076e+00
 97  0.00585 -2.68330e+00 | 98  0.00843 -3.21340e+00 | 99  0.01021 -4.25993e+00
100  0.01058 -4.72789e+00 |101  0.00905 -5.22704e+00 |102  0.00600 -5.83021e+00
103 -0.00348 -6.07134e+00 |104 -0.00186 -5.86140e+00 |105  0.03036 -4.02048e+00
106  0.01835 -5.52440e+00 |107 -0.00579 -4.57179e+00 |108  0.00098 -6.48417e+00
109  0.09733 -2.27859e+00 |110  0.01442 -5.07713e+00 |111 -0.01615 -1.71879e+00
112  0.00212 -5.73006e-01 |113  0.02128  2.79312e+00 |114  0.03816  5.32468e+00
115  0.00479  6.88829e+00 |116 -0.06042  5.96976e+00 |117 -0.07270  8.35579e+00
118 -0.06864  9.43498e+00 |119 -0.03340  6.05551e+00 |120  0.06859  8.72170e+00
121  0.02856  7.43643e+00 |122  0.01607  3.74702e+00 |123 -0.03429 -2.74936e+00
124 -0.07649 -4.40456e+00 |125 -0.00633 -1.84314e+00 |126  0.00405 -2.08218e+00
127 -0.03230 -2.68124e+00 |128  0.02605 -1.02329e+00 |129  0.07693  2.53788e+00
130  0.01300  1.85914e+00 |131  0.08109  6.15391e-01 |132  0.01043  2.24899e+00
133  0.13317  8.77321e-01 |134 -0.00471  3.66361e-01 |135 -0.04672 -1.66617e-02
136 -0.05533  6.22533e-01 |137 -0.02150  1.29655e-01 |138  0.08783 -2.85341e+00
139  0.03029 -7.19485e-01 |140  0.01510 -4.95945e-01 |141 -0.02560  8.35179e-01
142 -0.01578  5.06111e-01 |143 -0.00527  1.46439e-01 |144 -0.00038  5.58756e-03
145  0.27896  6.65579e+00 |146  0.18982  7.04047e+00 |147  0.04655 -4.43164e+00
148  0.29672  3.03484e+00 |149 -0.47550 -2.95519e-01 |150  0.31378  1.89898e-01
151  0.18240 -2.06740e+00 |152  0.25985  4.11526e+00 |153  0.17452 -1.99564e+00
154  0.25418  1.71932e+00 |155  0.10334 -1.83634e+00 |156  0.29675  3.23049e+00
157  0.16884 -2.07822e+00 |158  0.24621  2.98960e+00 |159 -0.35199 -1.31499e-01
160  0.24280  8.57358e-01 |161  0.20262 -1.27867e+00 |162  0.31674  4.09626e+00
163 -0.38070  3.69405e-01 |164  0.23598  1.47869e-01 |165  0.05108 -2.94662e+00
166  0.11964 -4.17213e+00 |167  0.32137  4.00708e+00 |168  0.27251  5.57075e+00
169  0.01338 -1.21048e+00 |170  0.39320 -3.85951e-02 |171  0.09929 -1.12147e+01
172  0.16363 -1.29790e+01 |173  0.21869  1.02103e+01 |174  0.25726  7.29567e+00
175 -0.55411  1.90581e+00 |176  0.17113 -5.14825e-01 |

Intermediate statistics: 176 variables; iteration 20; function evaluation 21; phase 3
Function value 7.3340418e+03; maximum gradient component mag -3.7771e+01
Var    Value     Gradient |Var    Value     Gradient |Var    Value     Gradient
  1 -0.42309  8.34908e+00 |  2  0.37130  1.56448e+01 |  3 -0.12633 -1.01898e+00
  4 -0.01314  5.09288e+00 |  5 -0.70905  3.44099e-01 |  6 -0.60408  7.15542e+00
  7  0.37606 -1.07520e+01 |  8 -0.18536 -1.34018e+01 |  9  0.03405 -9.33762e+00
 10 -0.60994  1.12777e+00 | 11 -0.62281  2.16531e+01 | 12 -0.09267 -2.06984e+00
 13 -0.01005  5.84012e-03 | 14 -0.01027  5.41754e-03 | 15 -0.01048  4.92490e-03
 16 -0.01069  4.35846e-03 | 17 -0.01090  3.71411e-03 | 18 -0.01110  2.98972e-03
 19 -0.01130  2.18289e-03 | 20 -0.01149  1.29160e-03 | 21 -0.01166  3.14681e-04
 22 -0.01183 -7.48941e-04 | 23 -0.01198 -1.90000e-03 | 24 -0.01212 -3.13852e-03
 25 -0.01225 -4.46445e-03 | 26 -0.01236 -5.87706e-03 | 27 -0.01245 -7.37546e-03
 28 -0.01251 -8.95958e-03 | 29 -0.01256 -1.06310e-02 | 30 -0.01259 -1.23914e-02
 31 -0.01259 -1.42428e-02 | 32 -0.01256 -1.61875e-02 | 33 -0.01251 -1.82290e-02
 34 -0.01243 -2.03725e-02 | 35 -0.01232 -2.26250e-02 | 36 -0.01218 -2.49949e-02
 37 -0.01200 -2.74912e-02 | 38 -0.01178 -3.01226e-02 | 39 -0.01153 -3.28939e-02
 40 -0.01123 -3.57974e-02 | 41 -0.01090 -3.88282e-02 | 42 -0.01053 -4.19539e-02
 43 -0.01013 -4.51254e-02 | 44 -0.00970 -4.82709e-02 | 45 -0.00924 -5.12931e-02
 46 -0.00876 -5.40714e-02 | 47 -0.00828 -5.64722e-02 | 48 -0.00779 -5.83531e-02
 49 -0.00732 -5.95774e-02 | 50 -0.00686 -6.00234e-02 | 51 -0.00644 -5.95920e-02
 52 -0.00606 -5.82140e-02 | 53 -0.00573 -5.58647e-02 | 54 -0.00543 -5.25579e-02
 55 -0.00518 -4.83464e-02 | 56 -0.00494 -4.33310e-02 | 57 -0.00471 -3.76646e-02
 58 -0.00445 -3.15602e-02 | 59 -0.00415 -2.53192e-02 | 60 -0.00378 -1.93372e-02
 61 -0.00330 -1.41129e-02 | 62 -0.00268 -1.02175e-02 | 63 -0.00190 -8.19866e-03
 64 -0.00091 -8.36526e-03 | 65  0.00030 -1.03988e-02 | 66  0.00179 -1.28295e-02
 67  0.00358 -1.26141e-02 | 68  0.00572 -5.57995e-03 | 69  0.00822  1.08761e-02
 70  0.01106  3.18131e-02 | 71  0.01414  3.89210e-02 | 72  0.01727  7.94271e-03
 73  0.02035 -5.90745e-02 | 74  0.02350 -1.07793e-01 | 75  0.02678 -8.82622e-02
 76  0.02968 -6.54828e-02 | 77  0.03164 -1.03829e-01 | 78  0.03296 -1.24820e-01
 79  0.03386 -8.70746e-02 | 80  0.03409 -4.62776e-02 | 81  0.03342 -6.53251e-02
 82  0.03185 -1.52740e-01 | 83  0.02958 -2.65074e-01 | 84  0.02692 -3.28933e-01
 85  0.02388 -3.30167e-01 | 86  0.01999 -3.91458e-01 | 87  0.01576 -4.94994e-01
 88  0.01223 -5.29531e-01 | 89  0.00957 -5.47937e-01 | 90  0.00769 -6.01150e-01
 91  0.00640 -6.88907e-01 | 92  0.00535 -7.97200e-01 | 93  0.00447 -9.16752e-01
 94  0.00425 -1.04312e+00 | 95  0.00481 -1.17711e+00 | 96  0.00491 -1.32662e+00
 97  0.00650 -1.48420e+00 | 98  0.00908 -1.63642e+00 | 99  0.01271 -1.88399e+00
100  0.01293 -1.98028e+00 |101  0.01168 -2.05678e+00 |102  0.00982 -2.13574e+00
103  0.00156 -2.08758e+00 |104  0.00222 -2.09335e+00 |105  0.02327 -1.89620e+00
106  0.02033 -1.92877e+00 |107 -0.00313 -1.19808e+00 |108  0.01292 -1.40328e+00
109  0.08656  1.18417e-01 |110  0.02554 -3.29242e-01 |111 -0.01445  5.65131e-01
112  0.00381  1.05636e+00 |113  0.01925  2.07058e+00 |114  0.03848  3.67668e+00
115  0.00405  4.22206e+00 |116 -0.06101  3.45035e+00 |117 -0.07660  3.80914e+00
118 -0.07474  3.84046e+00 |119 -0.03327  3.72459e+00 |120  0.07026  5.30595e+00
121  0.02431  2.62366e+00 |122  0.01382  1.04806e+00 |123 -0.02898 -4.13431e-01
124 -0.06827 -7.34538e-01 |125 -0.00786 -1.53517e+00 |126  0.00325 -1.60061e+00
127 -0.02806 -8.89723e-01 |128  0.02814 -4.06143e-01 |129  0.07410  4.98524e-01
130  0.01115  4.71676e-01 |131  0.08266  5.63545e-01 |132  0.00599  2.38564e-01
133  0.13292  3.16111e-01 |134 -0.00530 -6.66900e-02 |135 -0.04648  7.19993e-02
136 -0.05662  1.08091e-02 |137 -0.02195  1.47698e-02 |138  0.09358 -2.90897e-01
139  0.03182 -7.78738e-02 |140  0.01671  2.12775e-03 |141 -0.02775  9.74656e-02
142 -0.01739 -1.85787e-02 |143 -0.00570  1.06588e-01 |144 -0.00040  1.21707e-03
145  0.27742  2.30780e+00 |146  0.18847  3.06852e+00 |147  0.04668 -4.32265e-01
148  0.29661 -2.05547e+00 |149 -0.47570 -2.00308e-01 |150  0.31381  1.01324e-01
151  0.18253 -3.98769e-02 |152  0.25978 -4.01652e-01 |153  0.17419 -5.67041e+00
154  0.25464  7.11827e+00 |155  0.10311 -4.59195e+00 |156  0.29727  1.00383e+01
157  0.16857 -5.61342e+00 |158  0.24663  8.59826e+00 |159 -0.35196  6.37857e-01
160  0.24249 -1.29220e+00 |161  0.20278  6.59795e-01 |162  0.31605 -2.62545e+00
163 -0.38075  1.20040e-01 |164  0.23599  1.87109e-01 |165  0.05129  5.96993e-01
166  0.11898 -1.19511e+01 |167  0.32059 -1.93995e+00 |168  0.27342  1.54613e+01
169  0.01327 -7.33134e-01 |170  0.39301 -1.76032e-01 |171  0.09893 -3.77705e+01
172  0.16284 -9.13179e+00 |173  0.21914  2.92297e+01 |174  0.25640 -1.44481e+01
175 -0.55482  7.30045e-01 |176  0.17058 -2.76701e-01 |
176 variables; iteration 40; function evaluation 43; phase 3
Function value 7.3339724e+03; maximum gradient component mag -1.3152e+01
Var    Value     Gradient |Var    Value     Gradient |Var    Value     Gradient
  1 -0.42337  2.81776e+00 |  2  0.37127  6.02677e+00 |  3 -0.12608 -3.64203e-01
  4 -0.01341  8.85823e-01 |  5 -0.70901  4.24418e-01 |  6 -0.60412  4.85316e+00
  7  0.37552 -5.38576e+00 |  8 -0.18556 -4.52210e+00 |  9  0.03527 -9.60373e-01
 10 -0.61045  6.32276e-01 | 11 -0.62323  5.70442e+00 | 12 -0.09057 -5.15204e-01
 13 -0.01030 -4.46684e-02 | 14 -0.01052 -4.42679e-02 | 15 -0.01074 -4.36931e-02
 16 -0.01094 -4.29353e-02 | 17 -0.01115 -4.19875e-02 | 18 -0.01135 -4.08451e-02
 19 -0.01153 -3.95054e-02 | 20 -0.01171 -3.79678e-02 | 21 -0.01188 -3.62345e-02
 22 -0.01204 -3.43088e-02 | 23 -0.01218 -3.21955e-02 | 24 -0.01231 -2.99005e-02
 25 -0.01242 -2.74279e-02 | 26 -0.01252 -2.47811e-02 | 27 -0.01259 -2.19629e-02
 28 -0.01265 -1.89779e-02 | 29 -0.01268 -1.58343e-02 | 30 -0.01269 -1.25420e-02
 31 -0.01267 -9.10598e-03 | 32 -0.01263 -5.52609e-03 | 33 -0.01256 -1.79497e-03
 34 -0.01246  2.10212e-03 | 35 -0.01233  6.18746e-03 | 36 -0.01216  1.04870e-02
 37 -0.01196  1.50276e-02 | 38 -0.01172  1.98310e-02 | 39 -0.01144  2.49075e-02
 40 -0.01112  3.02446e-02 | 41 -0.01075  3.58138e-02 | 42 -0.01035  4.15399e-02
 43 -0.00992  4.73034e-02 | 44 -0.00945  5.29222e-02 | 45 -0.00896  5.81503e-02
 46 -0.00846  6.26832e-02 | 47 -0.00795  6.61854e-02 | 48 -0.00744  6.83123e-02
 49 -0.00696  6.87446e-02 | 50 -0.00651  6.72116e-02 | 51 -0.00609  6.35064e-02
 52 -0.00574  5.75047e-02 | 53 -0.00543  4.91895e-02 | 54 -0.00518  3.86485e-02
 55 -0.00498  2.60686e-02 | 56 -0.00481  1.17310e-02 | 57 -0.00464 -3.97860e-03
 58 -0.00446 -2.05194e-02 | 59 -0.00423 -3.71545e-02 | 60 -0.00393 -5.29218e-02
 61 -0.00351 -6.66621e-02 | 62 -0.00293 -7.71008e-02 | 63 -0.00216 -8.31774e-02
 64 -0.00117 -8.46026e-02 | 65  0.00008 -8.26404e-02 | 66  0.00159 -8.09489e-02
 67  0.00338 -8.49511e-02 | 68  0.00544 -9.87291e-02 | 69  0.00779 -1.18341e-01
 70  0.01050 -1.27447e-01 | 71  0.01360 -1.11594e-01 | 72  0.01693 -9.52917e-02
 73  0.02010 -1.38217e-01 | 74  0.02304 -2.21512e-01 | 75  0.02623 -2.08652e-01
 76  0.02926 -1.48201e-01 | 77  0.03095 -2.20434e-01 | 78  0.03218 -2.38549e-01
 79  0.03375 -5.76892e-02 | 80  0.03479  1.51984e-01 | 81  0.03421  1.77977e-01
 82  0.03202  6.58306e-03 | 83  0.02910 -1.97415e-01 | 84  0.02643 -2.32724e-01
 85  0.02373 -1.34300e-01 | 86  0.01991 -1.49887e-01 | 87  0.01592 -1.67524e-01
 88  0.01243 -1.55286e-01 | 89  0.00946 -2.00813e-01 | 90  0.00735 -2.63930e-01
 91  0.00601 -3.13869e-01 | 92  0.00502 -3.54061e-01 | 93  0.00422 -3.92490e-01
 94  0.00405 -4.41478e-01 | 95  0.00458 -5.06328e-01 | 96  0.00474 -5.64460e-01
 97  0.00639 -6.26110e-01 | 98  0.00901 -6.81729e-01 | 99  0.01292 -7.48818e-01
100  0.01325 -7.27404e-01 |101  0.01223 -6.89610e-01 |102  0.01069 -6.33664e-01
103  0.00340 -4.28877e-01 |104  0.00367 -6.47236e-01 |105  0.02161 -9.57976e-01
106  0.02087 -7.01363e-01 |107 -0.00070  1.11191e-01 |108  0.01497 -2.75872e-01
109  0.08417  2.87100e-01 |110  0.02838  3.98830e-01 |111 -0.01378  7.28857e-01
112  0.00504  1.02236e+00 |113  0.01941  1.08506e+00 |114  0.03945  1.72889e+00
115  0.00324  1.48982e+00 |116 -0.06110  1.46877e+00 |117 -0.07769  1.38738e+00
118 -0.07589  1.32039e+00 |119 -0.03359  1.18264e+00 |120  0.07031  1.20716e+00
121  0.02387  3.45780e-01 |122  0.01430  6.80185e-02 |123 -0.02768 -1.84878e-01
124 -0.06816 -6.72645e-01 |125 -0.00560  2.35251e-02 |126  0.00511 -1.40160e-02
127 -0.02761 -1.90748e-01 |128  0.02925  3.20074e-01 |129  0.07398  7.64243e-01
130  0.01285  7.18193e-01 |131  0.08133 -4.25436e-01 |132  0.00705  3.96990e-01
133  0.13323  2.91985e-01 |134 -0.00523 -2.40454e-01 |135 -0.04636 -4.72595e-03
136 -0.05610  1.04371e-01 |137 -0.02170  5.96264e-02 |138  0.09381 -2.17526e-01
139  0.03184 -8.82067e-02 |140  0.01645 -1.83212e-01 |141 -0.02764  1.09640e-01
142 -0.01796 -2.08408e-01 |143 -0.00534  1.72240e-01 |144 -0.00040 -1.02698e-04
145  0.27396  1.35490e+00 |146  0.18349  6.11423e-01 |147  0.04623 -1.20791e+00
148  0.29651 -1.50430e+00 |149 -0.47550 -5.53046e-02 |150  0.31413  3.23737e-02
151  0.18244  1.45091e-01 |152  0.25984 -5.21365e-01 |153  0.17431 -2.24721e+00
154  0.25434  2.83601e+00 |155  0.10307 -1.60033e+00 |156  0.29688  3.27386e+00
157  0.16875 -1.97292e+00 |158  0.24639  3.04305e+00 |159 -0.35188  3.13779e-01
160  0.24274 -4.23260e-01 |161  0.20237 -1.24848e-02 |162  0.31646 -6.77273e-01
163 -0.38062  2.85124e-01 |164  0.23593 -5.45618e-01 |165  0.05085  1.07232e-01
166  0.11896 -5.01100e+00 |167  0.32086 -1.24197e+00 |168  0.27251  4.44451e+00
169  0.01476  2.64761e+00 |170  0.39295 -1.24862e+00 |171  0.09915 -1.31516e+01
172  0.16331 -3.11233e+00 |173  0.21886  1.03942e+01 |174  0.25697 -4.72909e+00
175 -0.54572  6.67397e-01 |176  0.17504  1.90563e-01 |

 - final statistics:
176 variables; iteration 54; function evaluation 62
Function value 7.3340e+03; maximum gradient component mag -6.0387e-01
Exit code = 1;  converg criter 1.0000e+00
Var    Value     Gradient |Var    Value     Gradient |Var    Value     Gradient
  1 -0.42336  1.72077e-01 |  2  0.37111  3.55308e-01 |  3 -0.12609  5.16320e-02
  4 -0.01325 -7.62912e-02 |  5 -0.70922 -5.88880e-02 |  6 -0.60420  2.43406e-01
  7  0.37626 -2.27850e-01 |  8 -0.18521 -1.73436e-01 |  9  0.03400 -7.51450e-02
 10 -0.60938  6.44784e-02 | 11 -0.62339  2.32111e-01 | 12 -0.09190 -7.09638e-02
 13 -0.01016 -1.05456e-03 | 14 -0.01038 -9.18693e-04 | 15 -0.01059 -7.58738e-04
 16 -0.01081 -5.74309e-04 | 17 -0.01101 -3.65360e-04 | 18 -0.01121 -1.32632e-04
 19 -0.01141  1.22660e-04 | 20 -0.01159  3.98756e-04 | 21 -0.01177  6.93325e-04
 22 -0.01193  1.00364e-03 | 23 -0.01208  1.32667e-03 | 24 -0.01222  1.65926e-03
 25 -0.01234  1.99835e-03 | 26 -0.01244  2.34109e-03 | 27 -0.01253  2.68474e-03
 28 -0.01259  3.02656e-03 | 29 -0.01264  3.36368e-03 | 30 -0.01266  3.69323e-03
 31 -0.01265  4.01317e-03 | 32 -0.01262  4.32256e-03 | 33 -0.01256  4.62204e-03
 34 -0.01248  4.91408e-03 | 35 -0.01236  5.20313e-03 | 36 -0.01221  5.49538e-03
 37 -0.01202  5.79823e-03 | 38 -0.01180  6.11922e-03 | 39 -0.01154  6.46462e-03
 40 -0.01123  6.83764e-03 | 41 -0.01089  7.23818e-03 | 42 -0.01051  7.65947e-03
 43 -0.01010  8.08798e-03 | 44 -0.00965  8.50188e-03 | 45 -0.00918  8.87126e-03
 46 -0.00870  9.16013e-03 | 47 -0.00820  9.33123e-03 | 48 -0.00771  9.35067e-03
 49 -0.00723  9.19322e-03 | 50 -0.00678  8.84519e-03 | 51 -0.00636  8.30373e-03
 52 -0.00598  7.57273e-03 | 53 -0.00566  6.65768e-03 | 54 -0.00538  5.55963e-03
 55 -0.00514  4.27572e-03 | 56 -0.00492  2.80523e-03 | 57 -0.00471  1.15383e-03
 58 -0.00448 -6.65668e-04 | 59 -0.00420 -2.63428e-03 | 60 -0.00385 -4.73252e-03
 61 -0.00339 -6.95598e-03 | 62 -0.00279 -9.34071e-03 | 63 -0.00201 -1.20001e-02
 64 -0.00103 -1.51398e-02 | 65  0.00018 -1.89716e-02 | 66  0.00167 -2.34472e-02
 67  0.00345 -2.77150e-02 | 68  0.00555 -2.99380e-02 | 69  0.00799 -2.88397e-02
 70  0.01074 -2.74647e-02 | 71  0.01375 -3.29283e-02 | 72  0.01697 -4.20920e-02
 73  0.02038 -3.51698e-02 | 74  0.02382 -1.86557e-02 | 75  0.02692 -3.02945e-02
 76  0.02955 -4.74695e-02 | 77  0.03156 -6.16030e-02 | 78  0.03280 -8.00116e-02
 79  0.03347 -5.96496e-02 | 80  0.03350 -2.92689e-02 | 81  0.03272 -3.78383e-02
 82  0.03131 -6.21517e-02 | 83  0.02947 -5.57046e-02 | 84  0.02703 -3.24939e-02
 85  0.02374 -3.50611e-02 | 86  0.01996 -2.34582e-02 | 87  0.01598 -1.90455e-02
 88  0.01232 -2.14153e-02 | 89  0.00951 -9.07332e-03 | 90  0.00759  9.39524e-04
 91  0.00635  4.17809e-03 | 92  0.00540  4.42806e-03 | 93  0.00462  4.14522e-03
 94  0.00450  3.81190e-03 | 95  0.00514  2.93614e-03 | 96  0.00535 -2.97017e-04
 97  0.00699 -8.59584e-03 | 98  0.00953 -1.53074e-02 | 99  0.01347 -2.22465e-02
100  0.01357 -2.63789e-02 |101  0.01235 -2.07469e-02 |102  0.01073 -8.96488e-03
103  0.00270 -2.51024e-03 |104  0.00354  5.84964e-03 |105  0.02317  6.04517e-02
106  0.02132 -1.49767e-02 |107 -0.00267  1.33001e-02 |108  0.01579 -3.54766e-03
109  0.08382  7.32599e-03 |110  0.02839  6.32160e-02 |111 -0.01443  4.49112e-02
112  0.00448  9.29882e-02 |113  0.01956  1.22773e-01 |114  0.03891  1.38564e-01
115  0.00289  5.58257e-02 |116 -0.06223  1.27331e-01 |117 -0.07849  2.23410e-01
118 -0.07703  1.44131e-01 |119 -0.03431  1.08347e-01 |120  0.06991  2.23516e-02
121  0.02380 -4.14832e-02 |122  0.01382 -1.07703e-01 |123 -0.02779 -2.34605e-02
124 -0.06703 -2.82250e-03 |125 -0.00629  2.39169e-02 |126  0.00470 -7.02454e-03
127 -0.02726 -2.55762e-02 |128  0.02829 -5.36351e-03 |129  0.07367 -1.96125e-02
130  0.00999 -1.60773e-01 |131  0.08283  5.39963e-02 |132  0.00565 -4.93171e-02
133  0.13300  4.98180e-02 |134 -0.00533 -2.25664e-02 |135 -0.04645 -1.14901e-03
136 -0.05681 -4.51544e-02 |137 -0.02191 -1.08032e-02 |138  0.09414 -4.22626e-02
139  0.03198  1.55915e-02 |140  0.01682 -1.09602e-02 |141 -0.02801 -9.37381e-03
142 -0.01763 -1.42619e-02 |143 -0.00599 -2.69865e-02 |144 -0.00040 -3.27486e-04
145  0.27555  1.28667e-01 |146  0.18672 -3.37628e-02 |147  0.04652 -1.61155e-01
148  0.29669 -1.56130e-01 |149 -0.47516  5.93988e-02 |150  0.31418  1.15505e-02
151  0.18260  1.75664e-01 |152  0.25994  6.24091e-02 |153  0.17463  1.90821e-02
154  0.25425  1.96278e-01 |155  0.10339 -5.85109e-02 |156  0.29677  1.51381e-01
157  0.16860 -2.61549e-01 |158  0.24607  3.87456e-02 |159 -0.35196  2.51875e-02
160  0.24282  1.56868e-02 |161  0.20259 -2.26472e-02 |162  0.31671 -6.49142e-02
163 -0.38077  2.43146e-02 |164  0.23593 -8.31044e-02 |165  0.05113  8.78627e-02
166  0.11969 -7.06119e-02 |167  0.32138 -3.32801e-02 |168  0.27255  2.69116e-01
169  0.01336 -2.52234e-02 |170  0.39311 -7.07893e-02 |171  0.09929 -6.03874e-01
172  0.16363 -1.58066e-01 |173  0.21870  4.99335e-01 |174  0.25725 -2.01111e-01
175 -0.55519 -1.03339e-01 |176  0.17069  3.35194e-02 |

Initial statistics: 200 variables; iteration 0; function evaluation 0; phase 4
Function value 7.3339501e+03; maximum gradient component mag -6.0387e-01
Var    Value     Gradient |Var    Value     Gradient |Var    Value     Gradient
  1 -0.42336  1.72077e-01 |  2  0.37111  3.55308e-01 |  3 -0.12609  5.16320e-02
  4 -0.01325 -7.62912e-02 |  5 -0.70922 -5.88880e-02 |  6 -0.60420  2.43406e-01
  7  0.37626 -2.27850e-01 |  8 -0.18521 -1.73436e-01 |  9  0.03400 -7.51450e-02
 10 -0.60938  6.44784e-02 | 11 -0.62339  2.32111e-01 | 12 -0.09190 -7.09638e-02
 13 -0.01016 -1.05456e-03 | 14 -0.01038 -9.18693e-04 | 15 -0.01059 -7.58738e-04
 16 -0.01081 -5.74309e-04 | 17 -0.01101 -3.65360e-04 | 18 -0.01121 -1.32632e-04
 19 -0.01141  1.22660e-04 | 20 -0.01159  3.98756e-04 | 21 -0.01177  6.93325e-04
 22 -0.01193  1.00364e-03 | 23 -0.01208  1.32667e-03 | 24 -0.01222  1.65926e-03
 25 -0.01234  1.99835e-03 | 26 -0.01244  2.34109e-03 | 27 -0.01253  2.68474e-03
 28 -0.01259  3.02656e-03 | 29 -0.01264  3.36368e-03 | 30 -0.01266  3.69323e-03
 31 -0.01265  4.01317e-03 | 32 -0.01262  4.32256e-03 | 33 -0.01256  4.62204e-03
 34 -0.01248  4.91408e-03 | 35 -0.01236  5.20313e-03 | 36 -0.01221  5.49538e-03
 37 -0.01202  5.79823e-03 | 38 -0.01180  6.11922e-03 | 39 -0.01154  6.46462e-03
 40 -0.01123  6.83764e-03 | 41 -0.01089  7.23818e-03 | 42 -0.01051  7.65947e-03
 43 -0.01010  8.08798e-03 | 44 -0.00965  8.50188e-03 | 45 -0.00918  8.87126e-03
 46 -0.00870  9.16013e-03 | 47 -0.00820  9.33123e-03 | 48 -0.00771  9.35067e-03
 49 -0.00723  9.19322e-03 | 50 -0.00678  8.84519e-03 | 51 -0.00636  8.30373e-03
 52 -0.00598  7.57273e-03 | 53 -0.00566  6.65768e-03 | 54 -0.00538  5.55963e-03
 55 -0.00514  4.27572e-03 | 56 -0.00492  2.80523e-03 | 57 -0.00471  1.15383e-03
 58 -0.00448 -6.65668e-04 | 59 -0.00420 -2.63428e-03 | 60 -0.00385 -4.73252e-03
 61 -0.00339 -6.95598e-03 | 62 -0.00279 -9.34071e-03 | 63 -0.00201 -1.20001e-02
 64 -0.00103 -1.51398e-02 | 65  0.00018 -1.89716e-02 | 66  0.00167 -2.34472e-02
 67  0.00345 -2.77150e-02 | 68  0.00555 -2.99380e-02 | 69  0.00799 -2.88397e-02
 70  0.01074 -2.74647e-02 | 71  0.01375 -3.29283e-02 | 72  0.01697 -4.20920e-02
 73  0.02038 -3.51698e-02 | 74  0.02382 -1.86557e-02 | 75  0.02692 -3.02945e-02
 76  0.02955 -4.74695e-02 | 77  0.03156 -6.16030e-02 | 78  0.03280 -8.00116e-02
 79  0.03347 -5.96496e-02 | 80  0.03350 -2.92689e-02 | 81  0.03272 -3.78383e-02
 82  0.03131 -6.21517e-02 | 83  0.02947 -5.57046e-02 | 84  0.02703 -3.24939e-02
 85  0.02374 -3.50611e-02 | 86  0.01996 -2.34582e-02 | 87  0.01598 -1.90455e-02
 88  0.01232 -2.14153e-02 | 89  0.00951 -9.07332e-03 | 90  0.00759  9.39524e-04
 91  0.00635  4.17809e-03 | 92  0.00540  4.42806e-03 | 93  0.00462  4.14522e-03
 94  0.00450  3.81190e-03 | 95  0.00514  2.93614e-03 | 96  0.00535 -2.97017e-04
 97  0.00699 -8.59584e-03 | 98  0.00953 -1.53074e-02 | 99  0.01347 -2.22465e-02
100  0.01357 -2.63789e-02 |101  0.01235 -2.07469e-02 |102  0.01073 -8.96488e-03
103  0.00270 -2.51024e-03 |104  0.00354  5.84964e-03 |105  0.02317  6.04517e-02
106  0.02132 -1.49767e-02 |107 -0.00267  1.33001e-02 |108  0.01579 -3.54766e-03
109  0.08382  7.32599e-03 |110  0.02839  6.32160e-02 |111 -0.01443  4.49112e-02
112  0.00448  9.29882e-02 |113  0.01956  1.22773e-01 |114  0.03891  1.38564e-01
115  0.00289  5.58257e-02 |116 -0.06223  1.27331e-01 |117 -0.07849  2.23410e-01
118 -0.07703  1.44131e-01 |119 -0.03431  1.08347e-01 |120  0.06991  2.23516e-02
121  0.02380 -4.14832e-02 |122  0.01382 -1.07703e-01 |123 -0.02779 -2.34605e-02
124 -0.06703 -2.82250e-03 |125 -0.00629  2.39169e-02 |126  0.00470 -7.02454e-03
127 -0.02726 -2.55762e-02 |128  0.02829 -5.36351e-03 |129  0.07367 -1.96125e-02
130  0.00999 -1.60773e-01 |131  0.08283  5.39963e-02 |132  0.00565 -4.93171e-02
133  0.13300  4.98180e-02 |134 -0.00533 -2.25664e-02 |135 -0.04645 -1.14901e-03
136 -0.05681 -4.51544e-02 |137 -0.02191 -1.08032e-02 |138  0.09414 -4.22626e-02
139  0.03198  1.55915e-02 |140  0.01682 -1.09602e-02 |141 -0.02801 -9.37381e-03
142 -0.01763 -1.42619e-02 |143 -0.00599 -2.69865e-02 |144 -0.00040 -3.27486e-04
145  0.27555  1.28667e-01 |146  0.18672 -3.37628e-02 |147  0.04652 -1.61155e-01
148  0.29669 -1.56130e-01 |149  0.01641 -1.46474e-01 |150 -0.11482 -1.50114e-01
151 -0.47516  5.93988e-02 |152  0.31418  1.15505e-02 |153  0.04880  1.51570e-01
154 -0.23508 -2.99763e-03 |155  0.18260  1.75664e-01 |156  0.25994  6.24091e-02
157  0.17463  1.90821e-02 |158  0.25425  1.96278e-01 |159  0.00590  8.83960e-02
160 -0.09831 -2.07613e-02 |161  0.10339 -5.85109e-02 |162  0.29677  1.51381e-01
163  0.16860 -2.61549e-01 |164  0.24607  3.87456e-02 |165 -0.35196  2.51875e-02
166  0.24282  1.56868e-02 |167  0.05277  1.08005e-01 |168 -0.18764  1.60633e-01
169  0.20259 -2.26472e-02 |170  0.31671 -6.49142e-02 |171  0.07774 -1.96078e-01
172 -0.53233 -5.35062e-05 |173 -0.38077  2.43146e-02 |174  0.23593 -8.31044e-02
175  0.07830  2.32953e-02 |176 -0.12203 -7.78665e-02 |177  0.05113  8.78627e-02
178  0.11969 -7.06119e-02 |179  0.32138 -3.32801e-02 |180  0.27255  2.69116e-01
181  0.00556  8.12607e-02 |182  0.00910  1.41836e-02 |183 -0.15023 -1.99946e-02
184 -0.12575 -1.02857e-01 |185  0.01336 -2.52234e-02 |186  0.39311 -7.07893e-02
187  0.01865 -4.43377e-02 |188 -0.15439 -1.86525e-02 |189  0.09929 -6.03874e-01
190  0.16363 -1.58066e-01 |191  0.21870  4.99335e-01 |192  0.25725 -2.01111e-01
193  0.02454 -3.22771e-01 |194 -0.00644 -1.58069e-01 |195 -0.17632 -1.94300e-01
196 -0.11434 -3.52668e-01 |197 -0.55519 -1.03339e-01 |198  0.17069  3.35194e-02
199  0.09515 -3.76664e-01 |200 -0.25356 -5.62276e-02 |

Intermediate statistics: 200 variables; iteration 20; function evaluation 22; phase 4
Function value 7.3339498e+03; maximum gradient component mag -9.3822e-01
Var    Value     Gradient |Var    Value     Gradient |Var    Value     Gradient
  1 -0.42335 -5.84329e-02 |  2  0.37109 -8.46415e-01 |  3 -0.12612 -9.38219e-01
  4 -0.01320 -8.33272e-01 |  5 -0.70909 -8.19899e-03 |  6 -0.60422 -8.70317e-02
  7  0.37625  3.32522e-02 |  8 -0.18522 -2.00993e-01 |  9  0.03403 -3.76260e-02
 10 -0.60948  1.58581e-02 | 11 -0.62338  1.01308e-01 | 12 -0.09192  2.41012e-01
 13 -0.01015 -1.05433e-05 | 14 -0.01037 -6.53997e-06 | 15 -0.01059 -2.30605e-06
 16 -0.01080  2.07885e-06 | 17 -0.01101  6.51180e-06 | 18 -0.01121  1.08951e-05
 19 -0.01141  1.51143e-05 | 20 -0.01159  1.90374e-05 | 21 -0.01177  2.25212e-05
 22 -0.01193  2.54127e-05 | 23 -0.01208  2.75534e-05 | 24 -0.01222  2.87851e-05
 25 -0.01234  2.89623e-05 | 26 -0.01245  2.79737e-05 | 27 -0.01254  2.57596e-05
 28 -0.01260  2.23090e-05 | 29 -0.01265  1.76087e-05 | 30 -0.01267  1.15831e-05
 31 -0.01267  4.09041e-06 | 32 -0.01264 -5.00178e-06 | 33 -0.01258 -1.57811e-05
 34 -0.01250 -2.82369e-05 | 35 -0.01238 -4.22074e-05 | 36 -0.01223 -5.73470e-05
 37 -0.01205 -7.31215e-05 | 38 -0.01182 -8.88634e-05 | 39 -0.01156 -1.03832e-04
 40 -0.01126 -1.17201e-04 | 41 -0.01092 -1.28468e-04 | 42 -0.01054 -1.37025e-04
 43 -0.01013 -1.42427e-04 | 44 -0.00969 -1.44408e-04 | 45 -0.00922 -1.42928e-04
 46 -0.00873 -1.38260e-04 | 47 -0.00824 -1.30955e-04 | 48 -0.00775 -1.21597e-04
 49 -0.00727 -1.10535e-04 | 50 -0.00682 -9.74915e-05 | 51 -0.00640 -8.13466e-05
 52 -0.00602 -6.03196e-05 | 53 -0.00569 -3.25493e-05 | 54 -0.00541  3.48344e-06
 55 -0.00517  4.88860e-05 | 56 -0.00495  1.04715e-04 | 57 -0.00473  1.72295e-04
 58 -0.00450  2.53137e-04 | 59 -0.00422  3.48647e-04 | 60 -0.00386  4.59804e-04
 61 -0.00340  5.86261e-04 | 62 -0.00279  7.24493e-04 | 63 -0.00201  8.64957e-04
 64 -0.00102  9.89390e-04 | 65  0.00020  1.07277e-03 | 66  0.00170  1.10442e-03
 67  0.00349  1.13505e-03 | 68  0.00560  1.32968e-03 | 69  0.00802  1.87106e-03
 70  0.01076  2.52344e-03 | 71  0.01379  2.39831e-03 | 72  0.01703  1.64649e-03
 73  0.02041  3.20616e-03 | 74  0.02378  6.69695e-03 | 75  0.02691  5.30905e-03
 76  0.02961  2.33971e-03 | 77  0.03168 -5.31860e-04 | 78  0.03299 -4.75073e-03
 79  0.03357 -4.64939e-04 | 80  0.03347  5.94605e-03 | 81  0.03273  3.27728e-03
 82  0.03142 -2.89951e-03 | 83  0.02956 -2.44928e-03 | 84  0.02704  1.02929e-03
 85  0.02376 -7.19625e-04 | 86  0.01995 -4.79464e-05 | 87  0.01596 -5.91057e-04
 88  0.01232 -1.81350e-03 | 89  0.00947 -1.03058e-03 | 90  0.00752 -3.28947e-04
 91  0.00627  6.71439e-05 | 92  0.00533  6.75417e-04 | 93  0.00456  1.76465e-03
 94  0.00444  3.37819e-03 | 95  0.00508  5.45437e-03 | 96  0.00531  7.64801e-03
 97  0.00699  9.56732e-03 | 98  0.00956  1.16789e-02 | 99  0.01353  1.40906e-02
100  0.01366  1.60124e-02 |101  0.01242  1.75534e-02 |102  0.01076  1.83685e-02
103  0.00272  1.53188e-02 |104  0.00355  1.01773e-02 |105  0.02298  1.62239e-02
106  0.02142  4.13665e-03 |107 -0.00269  1.60723e-03 |108  0.01583  1.75333e-03
109  0.08389 -5.72656e-03 |110  0.02830  9.17997e-04 |111 -0.01441 -8.24758e-04
112  0.00444  2.56649e-03 |113  0.01952  9.64014e-03 |114  0.03886  3.67727e-02
115  0.00306  4.90052e-02 |116 -0.06230  2.69747e-02 |117 -0.07876  1.17704e-02
118 -0.07712  1.60690e-02 |119 -0.03439  1.43561e-02 |120  0.06996  1.65829e-02
121  0.02379 -5.79742e-03 |122  0.01394 -1.70184e-02 |123 -0.02781 -1.56803e-02
124 -0.06704 -1.66236e-02 |125 -0.00640 -1.84251e-02 |126  0.00470 -1.58840e-02
127 -0.02720 -1.20098e-02 |128  0.02825 -3.01184e-02 |129  0.07356 -1.81907e-02
130  0.01045 -9.14430e-03 |131  0.08262 -1.27138e-02 |132  0.00582  2.97025e-03
133  0.13296  4.46461e-03 |134 -0.00526  1.72863e-03 |135 -0.04643 -3.23681e-03
136 -0.05667  6.56777e-04 |137 -0.02189  6.84658e-04 |138  0.09427  5.10954e-03
139  0.03192  1.75851e-04 |140  0.01687 -3.44864e-03 |141 -0.02797 -1.71808e-03
142 -0.01759 -1.78480e-03 |143 -0.00588 -2.95499e-03 |144 -0.00040 -4.63222e-05
145  0.27556  3.24858e-02 |146  0.18659  1.67666e-01 |147  0.04655 -1.58169e-02
148  0.29670 -9.05970e-02 |149  0.01640 -2.97222e-02 |150 -0.11481 -5.62261e-02
151 -0.47519  2.89300e-02 |152  0.31406  6.53057e-03 |153  0.04874  6.11703e-02
154 -0.23503  1.33488e-02 |155  0.18246  6.38724e-02 |156  0.25986 -7.07919e-02
157  0.17454 -4.63814e-02 |158  0.25419  1.19295e-01 |159  0.00592  2.85316e-02
160 -0.09831 -6.23818e-02 |161  0.10338 -3.31434e-02 |162  0.29676  7.53285e-02
163  0.16888 -3.33771e-02 |164  0.24623  7.94637e-02 |165 -0.35198 -8.35026e-03
166  0.24281  1.87006e-02 |167  0.05276 -2.09637e-02 |168 -0.18765 -3.73206e-03
169  0.20262  2.88706e-02 |170  0.31674 -1.70479e-02 |171  0.07775  1.71619e-01
172 -0.53233 -2.70530e-05 |173 -0.38074  3.37296e-03 |174  0.23596 -1.65494e-02
175  0.07830  1.24050e-02 |176 -0.12202 -1.91661e-02 |177  0.05110 -4.33576e-03
178  0.11966 -3.70409e-02 |179  0.32138  3.33186e-02 |180  0.27251  3.95800e-02
181  0.00555 -2.17527e-04 |182  0.00909 -3.14393e-02 |183 -0.15023 -4.65614e-02
184 -0.12575 -1.34875e-01 |185  0.01339 -1.18351e-02 |186  0.39319 -8.11480e-03
187  0.01864 -1.87349e-02 |188 -0.15438 -1.53851e-02 |189  0.09929 -2.47135e-01
190  0.16362 -3.26694e-01 |191  0.21869  9.17839e-02 |192  0.25726  2.24140e-01
193  0.02453 -3.40053e-01 |194 -0.00644 -7.83021e-02 |195 -0.17632 -2.68786e-01
196 -0.11432  1.54402e-01 |197 -0.55492 -7.30837e-03 |198  0.17079  4.33158e-05
199  0.09522  4.11943e-01 |200 -0.25363  1.27135e-01 |
200 variables; iteration 40; function evaluation 44; phase 4
Function value 7.3339498e+03; maximum gradient component mag -8.9071e-01
Var    Value     Gradient |Var    Value     Gradient |Var    Value     Gradient
  1 -0.42335 -1.10981e-02 |  2  0.37109 -8.24021e-01 |  3 -0.12612 -8.90707e-01
  4 -0.01320 -8.24551e-01 |  5 -0.70912 -3.17347e-02 |  6 -0.60422 -1.26186e-01
  7  0.37624 -1.58622e-02 |  8 -0.18522 -1.60976e-01 |  9  0.03404 -2.70546e-02
 10 -0.60951  1.11270e-02 | 11 -0.62338  1.41916e-01 | 12 -0.09186  2.54339e-01
 13 -0.01015 -8.72343e-06 | 14 -0.01037 -7.57041e-06 | 15 -0.01059 -6.32798e-06
 16 -0.01080 -5.03094e-06 | 17 -0.01101 -3.72873e-06 | 18 -0.01121 -2.46335e-06
 19 -0.01141 -1.28706e-06 | 20 -0.01159 -2.64762e-07 | 21 -0.01177  5.28006e-07
 22 -0.01193  1.00397e-06 | 23 -0.01208  1.06429e-06 | 24 -0.01222  5.97673e-07
 25 -0.01234 -5.16409e-07 | 26 -0.01245 -2.39255e-06 | 27 -0.01254 -5.11636e-06
 28 -0.01260 -8.72239e-06 | 29 -0.01265 -1.32177e-05 | 30 -0.01267 -1.86450e-05
 31 -0.01267 -2.51207e-05 | 32 -0.01264 -3.27961e-05 | 33 -0.01258 -4.18310e-05
 34 -0.01250 -5.23557e-05 | 35 -0.01238 -6.44288e-05 | 36 -0.01223 -7.80014e-05
 37 -0.01205 -9.29013e-05 | 38 -0.01182 -1.08862e-04 | 39 -0.01156 -1.25568e-04
 40 -0.01126 -1.42672e-04 | 41 -0.01092 -1.60069e-04 | 42 -0.01054 -1.77641e-04
 43 -0.01013 -1.95406e-04 | 44 -0.00969 -2.13470e-04 | 45 -0.00922 -2.31999e-04
 46 -0.00874 -2.51246e-04 | 47 -0.00824 -2.71559e-04 | 48 -0.00775 -2.93292e-04
 49 -0.00727 -3.16746e-04 | 50 -0.00682 -3.41992e-04 | 51 -0.00640 -3.68687e-04
 52 -0.00602 -3.96024e-04 | 53 -0.00569 -4.23019e-04 | 54 -0.00541 -4.48778e-04
 55 -0.00517 -4.72728e-04 | 56 -0.00495 -4.94574e-04 | 57 -0.00474 -5.14000e-04
 58 -0.00450 -5.30471e-04 | 59 -0.00422 -5.43537e-04 | 60 -0.00386 -5.52829e-04
 61 -0.00340 -5.58550e-04 | 62 -0.00279 -5.61845e-04 | 63 -0.00201 -5.65785e-04
 64 -0.00103 -5.75717e-04 | 65  0.00020 -5.97511e-04 | 66  0.00170 -6.32391e-04
 67  0.00349 -6.65130e-04 | 68  0.00559 -6.61977e-04 | 69  0.00802 -6.05964e-04
 70  0.01076 -5.67347e-04 | 71  0.01378 -6.61125e-04 | 72  0.01702 -7.96680e-04
 73  0.02039 -8.02268e-04 | 74  0.02375 -9.34085e-04 | 75  0.02688 -1.13171e-03
 76  0.02960 -1.12957e-03 | 77  0.03168 -9.84279e-04 | 78  0.03302 -6.16290e-04
 79  0.03357 -1.08642e-03 | 80  0.03343 -1.77819e-03 | 81  0.03270 -1.47966e-03
 82  0.03143 -8.78520e-04 | 83  0.02957 -8.49549e-04 | 84  0.02702 -8.48848e-04
 85  0.02375 -5.18376e-04 | 86  0.01994 -1.24937e-04 | 87  0.01596  3.31786e-04
 88  0.01232  7.64702e-04 | 89  0.00947  1.54965e-03 | 90  0.00752  2.49401e-03
 91  0.00627  3.54104e-03 | 92  0.00533  4.77494e-03 | 93  0.00456  6.23828e-03
 94  0.00444  7.97014e-03 | 95  0.00508  9.97427e-03 | 96  0.00531  1.20288e-02
 97  0.00698  1.41392e-02 | 98  0.00956  1.63013e-02 | 99  0.01353  1.86052e-02
100  0.01365  2.02276e-02 |101  0.01241  2.07813e-02 |102  0.01074  2.03511e-02
103  0.00271  1.78782e-02 |104  0.00357  1.46222e-02 |105  0.02295  1.36925e-02
106  0.02142  8.33989e-03 |107 -0.00265  2.66962e-03 |108  0.01582 -5.63051e-04
109  0.08389  3.12705e-03 |110  0.02833  9.63100e-03 |111 -0.01439  1.16661e-02
112  0.00446  2.03688e-02 |113  0.01955  2.79068e-02 |114  0.03887  3.77646e-02
115  0.00305  3.44072e-02 |116 -0.06230  1.77654e-02 |117 -0.07875  1.02822e-02
118 -0.07711  6.93675e-03 |119 -0.03440 -6.07352e-03 |120  0.06996 -1.16498e-02
121  0.02380 -1.16495e-02 |122  0.01396 -1.57298e-02 |123 -0.02779 -1.24223e-02
124 -0.06702 -1.60979e-02 |125 -0.00639 -2.09569e-02 |126  0.00471 -1.80652e-02
127 -0.02720 -1.36088e-02 |128  0.02828 -2.18282e-02 |129  0.07355 -1.54951e-02
130  0.01048 -2.50207e-03 |131  0.08264  1.58689e-03 |132  0.00582  5.77311e-03
133  0.13296  5.98394e-03 |134 -0.00525  3.33316e-04 |135 -0.04643 -3.99008e-03
136 -0.05667 -1.33287e-03 |137 -0.02189 -9.34216e-04 |138  0.09426  2.86966e-03
139  0.03193 -1.34675e-03 |140  0.01687 -3.48403e-03 |141 -0.02797 -1.95189e-03
142 -0.01758 -3.04548e-04 |143 -0.00587 -1.50753e-03 |144 -0.00040 -2.73911e-05
145  0.27547  2.44878e-02 |146  0.18649  1.64237e-01 |147  0.04657  3.28520e-02
148  0.29672 -1.85584e-02 |149  0.01640  4.52305e-04 |150 -0.11481 -3.53252e-02
151 -0.47538  2.27565e-02 |152  0.31386 -2.04806e-03 |153  0.04879  5.20480e-02
154 -0.23505  8.87986e-03 |155  0.18244  4.68842e-02 |156  0.25986 -6.37111e-02
157  0.17454 -3.25779e-02 |158  0.25419  8.71849e-02 |159  0.00591  2.11027e-02
160 -0.09831 -5.07305e-02 |161  0.10337 -7.84557e-02 |162  0.29677  1.82657e-01
163  0.16884  1.95693e-02 |164  0.24620 -5.99394e-02 |165 -0.35199  2.55354e-03
166  0.24280  3.56650e-03 |167  0.05277  1.62067e-02 |168 -0.18765 -2.83371e-02
169  0.20264  4.76079e-02 |170  0.31674 -2.08445e-02 |171  0.07775  2.93545e-01
172 -0.53233 -1.87058e-05 |173 -0.38066  5.73987e-03 |174  0.23599 -1.86099e-02
175  0.07828 -3.45519e-04 |176 -0.12202  5.01989e-02 |177  0.05109 -2.99387e-03
178  0.11966 -4.22033e-02 |179  0.32138  2.93076e-02 |180  0.27253  1.23916e-01
181  0.00556  2.73995e-03 |182  0.00910  1.09477e-02 |183 -0.15024 -2.84127e-02
184 -0.12574 -6.07314e-02 |185  0.01339  6.01117e-03 |186  0.39318 -1.75748e-02
187  0.01865 -1.51949e-03 |188 -0.15438 -5.68150e-03 |189  0.09930 -2.22155e-01
190  0.16362 -3.19089e-01 |191  0.21870  1.30151e-01 |192  0.25726  1.88732e-01
193  0.02453 -3.03617e-01 |194 -0.00645 -1.08987e-01 |195 -0.17633 -3.18463e-01
196 -0.11432  1.01320e-01 |197 -0.55419  2.85913e-02 |198  0.17109 -1.38670e-03
199  0.09515  3.96467e-01 |200 -0.25355  1.28390e-01 |
200 variables; iteration 60; function evaluation 64; phase 4
Function value 7.3339498e+03; maximum gradient component mag -2.3332e-01
Var    Value     Gradient |Var    Value     Gradient |Var    Value     Gradient
  1 -0.42335 -3.28109e-03 |  2  0.37108 -2.14409e-01 |  3 -0.12612 -2.33317e-01
  4 -0.01319 -1.95618e-01 |  5 -0.70910  7.27557e-04 |  6 -0.60422 -3.40164e-02
  7  0.37624 -2.37676e-02 |  8 -0.18522 -5.47993e-02 |  9  0.03405  3.49035e-02
 10 -0.60950  2.26495e-02 | 11 -0.62338  3.18569e-02 | 12 -0.09184  5.40256e-02
 13 -0.01015  3.52788e-04 | 14 -0.01037  3.73141e-04 | 15 -0.01059  3.95832e-04
 16 -0.01080  4.20959e-04 | 17 -0.01101  4.48616e-04 | 18 -0.01121  4.78772e-04
 19 -0.01141  5.11360e-04 | 20 -0.01159  5.46260e-04 | 21 -0.01177  5.83286e-04
 22 -0.01193  6.22198e-04 | 23 -0.01208  6.62710e-04 | 24 -0.01222  7.04494e-04
 25 -0.01234  7.47208e-04 | 26 -0.01245  7.90501e-04 | 27 -0.01254  8.34015e-04
 28 -0.01260  8.77388e-04 | 29 -0.01265  9.20263e-04 | 30 -0.01267  9.62303e-04
 31 -0.01266  1.00330e-03 | 32 -0.01264  1.04313e-03 | 33 -0.01258  1.08179e-03
 34 -0.01249  1.11945e-03 | 35 -0.01238  1.15643e-03 | 36 -0.01223  1.19320e-03
 37 -0.01204  1.23034e-03 | 38 -0.01182  1.26847e-03 | 39 -0.01156  1.30807e-03
 40 -0.01126  1.34924e-03 | 41 -0.01092  1.39218e-03 | 42 -0.01054  1.43620e-03
 43 -0.01013  1.48015e-03 | 44 -0.00968  1.52238e-03 | 45 -0.00922  1.56077e-03
 46 -0.00873  1.59308e-03 | 47 -0.00824  1.61739e-03 | 48 -0.00775  1.63223e-03
 49 -0.00727  1.63687e-03 | 50 -0.00681  1.63115e-03 | 51 -0.00639  1.61528e-03
 52 -0.00602  1.58951e-03 | 53 -0.00569  1.55417e-03 | 54 -0.00541  1.50934e-03
 55 -0.00517  1.45494e-03 | 56 -0.00495  1.39110e-03 | 57 -0.00473  1.31829e-03
 58 -0.00450  1.23723e-03 | 59 -0.00422  1.14915e-03 | 60 -0.00386  1.05497e-03
 61 -0.00340  9.54717e-04 | 62 -0.00279  8.46304e-04 | 63 -0.00201  7.25575e-04
 64 -0.00103  5.88176e-04 | 65  0.00020  4.34276e-04 | 66  0.00170  2.73204e-04
 67  0.00349  1.12696e-04 | 68  0.00559 -6.82415e-05 | 69  0.00802 -3.15244e-04
 70  0.01075 -5.95452e-04 | 71  0.01377 -8.01859e-04 | 72  0.01702 -1.03096e-03
 73  0.02039 -1.11257e-03 | 74  0.02374 -6.26612e-04 | 75  0.02688 -9.27159e-04
 76  0.02959 -1.65590e-03 | 77  0.03167 -2.21007e-03 | 78  0.03301 -2.66392e-03
 79  0.03357 -2.18310e-03 | 80  0.03343 -1.56108e-03 | 81  0.03270 -1.67526e-03
 82  0.03142 -2.40723e-03 | 83  0.02956 -2.22786e-03 | 84  0.02702 -1.32062e-03
 85  0.02375 -1.42135e-03 | 86  0.01993 -1.12311e-03 | 87  0.01595 -9.79396e-04
 88  0.01232 -6.68200e-04 | 89  0.00947 -3.81829e-04 | 90  0.00752 -3.02945e-05
 91  0.00627  3.91993e-04 | 92  0.00533  7.86783e-04 | 93  0.00456  1.08679e-03
 94  0.00444  1.26357e-03 | 95  0.00508  1.27910e-03 | 96  0.00530  1.05086e-03
 97  0.00697  7.95210e-04 | 98  0.00954  5.33247e-04 | 99  0.01351  5.26779e-04
100  0.01363  8.30069e-04 |101  0.01239  1.42819e-03 |102  0.01072  2.65776e-03
103  0.00270  4.29809e-03 |104  0.00358  6.55582e-03 |105  0.02295  7.60531e-03
106  0.02143  8.39704e-03 |107 -0.00265  6.03974e-03 |108  0.01583  8.19334e-03
109  0.08390  7.80994e-03 |110  0.02833  1.44339e-03 |111 -0.01441 -6.00183e-03
112  0.00444 -4.83125e-03 |113  0.01954 -6.90267e-04 |114  0.03887  2.18586e-03
115  0.00303 -7.85166e-04 |116 -0.06232 -4.54393e-03 |117 -0.07874  4.91150e-04
118 -0.07712 -2.81387e-03 |119 -0.03442 -2.27177e-02 |120  0.06995 -3.46219e-02
121  0.02381 -1.37362e-02 |122  0.01396 -7.28490e-03 |123 -0.02777  3.35006e-03
124 -0.06702 -5.72781e-03 |125 -0.00638 -1.20890e-03 |126  0.00473  4.28376e-03
127 -0.02720 -1.53994e-03 |128  0.02829  6.60609e-04 |129  0.07356  7.03485e-03
130  0.01049  6.25783e-03 |131  0.08263 -1.49015e-04 |132  0.00584  1.21537e-02
133  0.13298  2.48450e-02 |134 -0.00525 -1.65126e-03 |135 -0.04643 -4.07196e-03
136 -0.05668 -4.02478e-03 |137 -0.02189  4.68354e-04 |138  0.09425 -3.18725e-03
139  0.03192 -3.80486e-03 |140  0.01686 -5.28481e-03 |141 -0.02796  9.95125e-04
142 -0.01758 -1.96291e-03 |143 -0.00587  5.84868e-04 |144 -0.00040  1.43155e-05
145  0.27542 -7.85798e-03 |146  0.18644  3.49362e-02 |147  0.04656  4.76433e-03
148  0.29672 -7.73888e-03 |149  0.01639 -1.27065e-02 |150 -0.11480 -1.46814e-03
151 -0.47561  6.84100e-03 |152  0.31367 -6.04304e-03 |153  0.04885  2.73405e-02
154 -0.23508  3.83042e-03 |155  0.18244  1.94520e-02 |156  0.25986 -1.49596e-02
157  0.17454  8.38771e-03 |158  0.25418  4.18225e-02 |159  0.00592  4.43164e-02
160 -0.09831 -1.90250e-02 |161  0.10336 -2.44537e-02 |162  0.29675  4.38578e-02
163  0.16885  3.07809e-03 |164  0.24621 -1.53105e-02 |165 -0.35201 -3.51425e-03
166  0.24280  8.07056e-04 |167  0.05277  3.93898e-03 |168 -0.18764  2.47076e-03
169  0.20266  1.53584e-02 |170  0.31675 -2.36017e-04 |171  0.07774  7.35848e-02
172 -0.53229 -3.29731e-05 |173 -0.38063  4.87819e-03 |174  0.23600  7.31635e-04
175  0.07829  2.31917e-02 |176 -0.12202  1.36140e-02 |177  0.05106 -3.20585e-02
178  0.11965 -1.51866e-02 |179  0.32137  6.16758e-03 |180  0.27252  3.40191e-02
181  0.00556 -2.44609e-02 |182  0.00909 -1.38271e-03 |183 -0.15020  5.09797e-02
184 -0.12574 -1.04149e-02 |185  0.01339 -4.99652e-03 |186  0.39320  1.61887e-03
187  0.01865 -1.05439e-02 |188 -0.15438 -1.44685e-02 |189  0.09929 -6.53103e-02
190  0.16364 -7.75213e-02 |191  0.21869  2.75665e-02 |192  0.25726  5.05065e-02
193  0.02453 -7.31391e-02 |194 -0.00646 -4.46455e-02 |195 -0.17632 -7.92167e-02
196 -0.11432  2.91573e-02 |197 -0.55418  5.86970e-03 |198  0.17109 -3.89005e-03
199  0.09515  1.08601e-01 |200 -0.25354  3.36179e-02 |
200 variables; iteration 80; function evaluation 88; phase 4
Function value 7.3339497e+03; maximum gradient component mag 7.1670e-03
Var    Value     Gradient |Var    Value     Gradient |Var    Value     Gradient
  1 -0.42335 -1.24955e-04 |  2  0.37109  6.51587e-03 |  3 -0.12612  7.16700e-03
  4 -0.01319  5.74369e-03 |  5 -0.70911  1.67209e-03 |  6 -0.60422  8.25232e-04
  7  0.37625  5.48727e-04 |  8 -0.18521  1.64161e-03 |  9  0.03403 -8.03880e-04
 10 -0.60951 -1.17018e-03 | 11 -0.62338 -1.02140e-03 | 12 -0.09186 -1.22566e-03
 13 -0.01015 -1.26939e-04 | 14 -0.01037 -1.32674e-04 | 15 -0.01059 -1.38480e-04
 16 -0.01080 -1.44313e-04 | 17 -0.01101 -1.50131e-04 | 18 -0.01121 -1.55892e-04
 19 -0.01141 -1.61562e-04 | 20 -0.01159 -1.67118e-04 | 21 -0.01177 -1.72552e-04
 22 -0.01193 -1.77871e-04 | 23 -0.01208 -1.83098e-04 | 24 -0.01222 -1.88270e-04
 25 -0.01234 -1.93439e-04 | 26 -0.01245 -1.98665e-04 | 27 -0.01254 -2.04013e-04
 28 -0.01260 -2.09552e-04 | 29 -0.01265 -2.15347e-04 | 30 -0.01267 -2.21459e-04
 31 -0.01267 -2.27939e-04 | 32 -0.01264 -2.34818e-04 | 33 -0.01258 -2.42107e-04
 34 -0.01250 -2.49792e-04 | 35 -0.01238 -2.57831e-04 | 36 -0.01223 -2.66161e-04
 37 -0.01205 -2.74706e-04 | 38 -0.01182 -2.83395e-04 | 39 -0.01156 -2.92172e-04
 40 -0.01126 -3.00995e-04 | 41 -0.01092 -3.09897e-04 | 42 -0.01054 -3.18870e-04
 43 -0.01013 -3.27880e-04 | 44 -0.00969 -3.36792e-04 | 45 -0.00922 -3.45314e-04
 46 -0.00873 -3.52970e-04 | 47 -0.00824 -3.59148e-04 | 48 -0.00775 -3.63179e-04
 49 -0.00727 -3.64477e-04 | 50 -0.00682 -3.62658e-04 | 51 -0.00640 -3.57578e-04
 52 -0.00602 -3.49295e-04 | 53 -0.00569 -3.38034e-04 | 54 -0.00541 -3.24045e-04
 55 -0.00517 -3.07568e-04 | 56 -0.00495 -2.88899e-04 | 57 -0.00473 -2.68438e-04
 58 -0.00450 -2.46710e-04 | 59 -0.00422 -2.24498e-04 | 60 -0.00386 -2.02741e-04
 61 -0.00340 -1.82391e-04 | 62 -0.00279 -1.63886e-04 | 63 -0.00201 -1.46527e-04
 64 -0.00103 -1.28247e-04 | 65  0.00020 -1.07547e-04 | 66  0.00170 -8.91278e-05
 67  0.00349 -8.68821e-05 | 68  0.00559 -1.08774e-04 | 69  0.00802 -1.27913e-04
 70  0.01076 -1.11248e-04 | 71  0.01378 -8.60657e-05 | 72  0.01702 -5.89520e-05
 73  0.02040 -6.15954e-05 | 74  0.02375 -1.87483e-05 | 75  0.02689  1.27270e-04
 76  0.02960  4.19896e-05 | 77  0.03168 -2.05888e-04 | 78  0.03301 -5.99529e-04
 79  0.03357 -7.54021e-05 | 80  0.03344  6.60532e-04 | 81  0.03271  4.76571e-04
 82  0.03143 -9.02770e-05 | 83  0.02957  6.59847e-05 | 84  0.02702  3.41281e-04
 85  0.02376  2.79387e-04 | 86  0.01994  2.84750e-04 | 87  0.01596  3.45984e-04
 88  0.01233  4.12060e-04 | 89  0.00947  4.71087e-04 | 90  0.00752  5.08553e-04
 91  0.00628  5.72274e-04 | 92  0.00533  6.73631e-04 | 93  0.00456  7.95648e-04
 94  0.00445  9.10482e-04 | 95  0.00508  1.00891e-03 | 96  0.00531  1.11472e-03
 97  0.00698  1.17552e-03 | 98  0.00955  1.14691e-03 | 99  0.01352  1.03111e-03
100  0.01364  8.12891e-04 |101  0.01240  4.58775e-04 |102  0.01072  2.44614e-05
103  0.00270 -3.43005e-04 |104  0.00357 -1.19589e-03 |105  0.02294 -1.90874e-03
106  0.02142 -1.76016e-03 |107 -0.00265 -1.01932e-03 |108  0.01582  3.30524e-04
109  0.08389  2.56921e-03 |110  0.02833  1.88297e-03 |111 -0.01440  6.28498e-04
112  0.00445 -4.14263e-05 |113  0.01954 -1.20245e-03 |114  0.03886 -1.67659e-03
115  0.00303  1.87696e-04 |116 -0.06231  2.22516e-03 |117 -0.07874  5.21191e-03
118 -0.07712  3.52664e-03 |119 -0.03440 -7.15897e-04 |120  0.06996 -1.00899e-03
121  0.02381  3.23914e-03 |122  0.01396  2.00487e-04 |123 -0.02778  5.58374e-04
124 -0.06702  1.39591e-04 |125 -0.00638 -1.63733e-03 |126  0.00471 -1.10722e-03
127 -0.02720 -4.64015e-04 |128  0.02830  4.89070e-04 |129  0.07355  1.90343e-04
130  0.01048 -2.36612e-04 |131  0.08263 -1.37998e-03 |132  0.00581 -2.71129e-03
133  0.13296  1.04931e-03 |134 -0.00525 -4.64431e-04 |135 -0.04642  5.35600e-04
136 -0.05667  5.49543e-04 |137 -0.02189 -3.86446e-04 |138  0.09425  2.75229e-04
139  0.03193  8.27287e-04 |140  0.01687  1.80075e-04 |141 -0.02797 -8.75627e-04
142 -0.01758  5.50947e-05 |143 -0.00587  2.63700e-04 |144 -0.00040  3.58064e-06
145  0.27546  1.84566e-03 |146  0.18647 -4.00004e-03 |147  0.04656 -1.07220e-03
148  0.29671 -4.49709e-05 |149  0.01640  1.54476e-03 |150 -0.11481 -2.66915e-04
151 -0.47549  8.97418e-05 |152  0.31378 -8.52318e-04 |153  0.04879 -1.71094e-03
154 -0.23507 -1.19046e-04 |155  0.18243 -2.28683e-03 |156  0.25986 -2.42683e-04
157  0.17453 -2.00761e-03 |158  0.25418 -2.36341e-03 |159  0.00590 -1.22011e-03
160 -0.09830  7.33907e-04 |161  0.10338  2.06271e-03 |162  0.29676 -6.43387e-04
163  0.16886  3.99956e-04 |164  0.24622  8.36630e-04 |165 -0.35200 -1.83756e-03
166  0.24280 -6.99393e-04 |167  0.05277  1.00027e-04 |168 -0.18764 -9.01128e-04
169  0.20263 -1.43492e-03 |170  0.31674 -1.84282e-04 |171  0.07774 -2.07546e-03
172 -0.53224 -3.30568e-05 |173 -0.38064  9.66293e-05 |174  0.23600 -8.34692e-05
175  0.07828 -1.12258e-03 |176 -0.12202 -6.24750e-04 |177  0.05111  3.11340e-03
178  0.11966  8.98259e-04 |179  0.32138  2.98355e-04 |180  0.27251 -8.34779e-04
181  0.00554 -3.41148e-04 |182  0.00909 -5.26813e-04 |183 -0.15023 -3.05682e-03
184 -0.12574  3.82781e-04 |185  0.01339  2.20483e-05 |186  0.39320  1.94451e-03
187  0.01865  1.04874e-03 |188 -0.15438  2.93855e-04 |189  0.09929  2.13046e-03
190  0.16364  1.49723e-03 |191  0.21869 -7.15173e-04 |192  0.25726 -1.83159e-03
193  0.02453  2.08552e-03 |194 -0.00645  2.57761e-03 |195 -0.17631  2.43310e-03
196 -0.11433 -1.00144e-03 |197 -0.55410  1.04967e-03 |198  0.17113 -2.90263e-03
199  0.09514 -2.21846e-03 |200 -0.25354 -2.79917e-03 |

 - final statistics:
200 variables; iteration 95; function evaluation 111
Function value 7.3339e+03; maximum gradient component mag 7.6586e-04
Exit code = 1;  converg criter 1.0000e-03
Var    Value     Gradient |Var    Value     Gradient |Var    Value     Gradient
  1 -0.42335 -1.38165e-05 |  2  0.37109  6.80854e-04 |  3 -0.12612  7.65860e-04
  4 -0.01319  6.16587e-04 |  5 -0.70911  4.76474e-05 |  6 -0.60422  9.55235e-05
  7  0.37625  9.63693e-06 |  8 -0.18521  1.62100e-04 |  9  0.03403 -2.10271e-06
 10 -0.60951 -4.29109e-04 | 11 -0.62338 -8.42116e-05 | 12 -0.09187 -1.01627e-04
 13 -0.01015  2.83574e-05 | 14 -0.01037  2.69137e-05 | 15 -0.01059  2.51871e-05
 16 -0.01080  2.32197e-05 | 17 -0.01101  2.10594e-05 | 18 -0.01121  1.87674e-05
 19 -0.01141  1.64060e-05 | 20 -0.01159  1.40358e-05 | 21 -0.01177  1.17129e-05
 22 -0.01193  9.48379e-06 | 23 -0.01208  7.38178e-06 | 24 -0.01222  5.42538e-06
 25 -0.01234  3.61471e-06 | 26 -0.01245  1.93328e-06 | 27 -0.01254  3.48937e-07
 28 -0.01260 -1.17934e-06 | 29 -0.01265 -2.69667e-06 | 30 -0.01267 -4.24520e-06
 31 -0.01267 -5.86671e-06 | 32 -0.01264 -7.60100e-06 | 33 -0.01258 -9.48686e-06
 34 -0.01250 -1.15638e-05 | 35 -0.01238 -1.38766e-05 | 36 -0.01223 -1.64766e-05
 37 -0.01205 -1.94269e-05 | 38 -0.01182 -2.27990e-05 | 39 -0.01156 -2.66668e-05
 40 -0.01126 -3.10867e-05 | 41 -0.01092 -3.60705e-05 | 42 -0.01054 -4.15353e-05
 43 -0.01013 -4.72618e-05 | 44 -0.00969 -5.28501e-05 | 45 -0.00922 -5.77312e-05
 46 -0.00873 -6.12449e-05 | 47 -0.00824 -6.28029e-05 | 48 -0.00775 -6.20543e-05
 49 -0.00727 -5.90127e-05 | 50 -0.00682 -5.40584e-05 | 51 -0.00640 -4.78166e-05
 52 -0.00602 -4.09741e-05 | 53 -0.00569 -3.41362e-05 | 54 -0.00541 -2.77392e-05
 55 -0.00517 -2.21006e-05 | 56 -0.00495 -1.75393e-05 | 57 -0.00473 -1.44676e-05
 58 -0.00450 -1.34311e-05 | 59 -0.00422 -1.50709e-05 | 60 -0.00386 -1.99541e-05
 61 -0.00340 -2.82899e-05 | 62 -0.00279 -3.96536e-05 | 63 -0.00201 -5.31631e-05
 64 -0.00103 -6.86620e-05 | 65  0.00020 -8.76456e-05 | 66  0.00170 -1.08007e-04
 67  0.00349 -1.07881e-04 | 68  0.00559 -5.20619e-05 | 69  0.00802  2.07319e-05
 70  0.01076 -3.28362e-06 | 71  0.01378 -1.97820e-05 | 72  0.01702  1.80863e-05
 73  0.02040 -4.17362e-05 | 74  0.02375  8.47821e-05 | 75  0.02689  2.43562e-05
 76  0.02960  4.83688e-06 | 77  0.03168  1.67676e-05 | 78  0.03302 -7.87320e-05
 79  0.03358 -6.38382e-06 | 80  0.03344  1.57034e-04 | 81  0.03271  6.52601e-05
 82  0.03143  1.82025e-05 | 83  0.02957  3.37794e-05 | 84  0.02702  6.84807e-05
 85  0.02376  1.02567e-04 | 86  0.01994  1.02777e-04 | 87  0.01596  2.20440e-05
 88  0.01233  9.12301e-05 | 89  0.00947  5.24048e-05 | 90  0.00752  1.16296e-04
 91  0.00628  1.45736e-04 | 92  0.00533  1.14788e-04 | 93  0.00456  6.64827e-05
 94  0.00445  5.65686e-05 | 95  0.00508  8.32483e-05 | 96  0.00530  4.28757e-05
 97  0.00698  2.36225e-05 | 98  0.00955  2.59725e-05 | 99  0.01352  1.07582e-04
100  0.01364  1.10698e-04 |101  0.01240  8.62281e-05 |102  0.01072  4.35761e-05
103  0.00270 -2.44691e-04 |104  0.00357 -2.34242e-04 |105  0.02294 -1.81536e-04
106  0.02142 -7.04981e-05 |107 -0.00264 -6.69674e-05 |108  0.01582  3.17031e-04
109  0.08389  3.24021e-04 |110  0.02833  1.98508e-05 |111 -0.01440 -1.89817e-04
112  0.00445 -8.76339e-05 |113  0.01954 -1.85595e-05 |114  0.03886 -3.01100e-05
115  0.00303  1.64651e-04 |116 -0.06231 -1.88238e-04 |117 -0.07875  2.59839e-04
118 -0.07712  6.68950e-04 |119 -0.03440  1.85848e-04 |120  0.06996 -2.69935e-04
121  0.02381  3.71429e-04 |122  0.01396  2.08799e-04 |123 -0.02779 -4.27770e-04
124 -0.06702  2.54692e-04 |125 -0.00638  2.26774e-04 |126  0.00471 -2.32830e-04
127 -0.02720 -4.27362e-04 |128  0.02829  4.04576e-05 |129  0.07355  2.06592e-04
130  0.01048 -2.85555e-04 |131  0.08263 -3.50600e-04 |132  0.00581 -1.16827e-04
133  0.13295 -3.30515e-05 |134 -0.00525 -3.67198e-04 |135 -0.04642 -4.43625e-05
136 -0.05667  6.74281e-05 |137 -0.02189 -1.50731e-04 |138  0.09425  4.11802e-04
139  0.03193  1.43680e-05 |140  0.01687 -4.89264e-05 |141 -0.02797 -1.33126e-04
142 -0.01758  1.22166e-05 |143 -0.00587  6.75659e-05 |144 -0.00040 -7.93527e-07
145  0.27546  1.38570e-04 |146  0.18648 -4.03720e-04 |147  0.04656 -1.01678e-04
148  0.29671  1.23027e-05 |149  0.01640  1.46655e-04 |150 -0.11481 -2.79157e-05
151 -0.47549  9.06894e-05 |152  0.31378 -2.47335e-04 |153  0.04880 -2.65120e-04
154 -0.23507  1.47607e-04 |155  0.18243 -2.09046e-04 |156  0.25986  5.02326e-06
157  0.17454 -1.91804e-04 |158  0.25418 -2.36263e-04 |159  0.00590 -1.59208e-04
160 -0.09830  8.07923e-05 |161  0.10338  5.01001e-05 |162  0.29675 -1.26473e-04
163  0.16886 -6.76850e-05 |164  0.24622  2.62669e-05 |165 -0.35199  8.93007e-05
166  0.24280  1.73354e-05 |167  0.05277 -5.46373e-05 |168 -0.18764 -9.11397e-05
169  0.20264  2.38224e-04 |170  0.31674  7.02685e-05 |171  0.07774 -2.77607e-04
172 -0.53219 -2.94994e-05 |173 -0.38064 -5.88625e-05 |174  0.23600 -2.62361e-05
175  0.07828 -8.09897e-05 |176 -0.12202 -7.89464e-05 |177  0.05109  3.55877e-04
178  0.11966  1.78433e-04 |179  0.32137  4.63590e-05 |180  0.27251 -4.24615e-05
181  0.00555 -4.42861e-05 |182  0.00909 -1.38909e-04 |183 -0.15023 -3.32155e-04
184 -0.12574  5.29264e-05 |185  0.01339 -1.79970e-04 |186  0.39319  9.46764e-05
187  0.01865  2.40557e-04 |188 -0.15438  4.29800e-06 |189  0.09929  2.19348e-04
190  0.16364  1.46042e-04 |191  0.21869 -7.69157e-05 |192  0.25726 -1.98944e-04
193  0.02453  2.27022e-04 |194 -0.00645  2.97284e-04 |195 -0.17631  2.54397e-04
196 -0.11433 -1.11058e-04 |197 -0.55410  1.06009e-04 |198  0.17113 -2.65555e-04
199  0.09514 -2.58723e-04 |200 -0.25354 -2.64744e-04 |

 - final statistics:
213 variables; iteration 0; function evaluation 0
Function value 7.3339e+03; maximum gradient component mag 7.6586e-04
Exit code = 0;  converg criter 1.0000e-03
Var    Value     Gradient |Var    Value     Gradient |Var    Value     Gradient
  1 -0.42335 -1.38165e-05 |  2  0.37109  6.80854e-04 |  3 -0.12612  7.65860e-04
  4 -0.01319  6.16587e-04 |  5 -0.70911  4.76474e-05 |  6 -0.60422  9.55235e-05
  7  0.37625  9.63693e-06 |  8 -0.18521  1.62100e-04 |  9  0.03403 -2.10271e-06
 10 -0.60951 -4.29109e-04 | 11 -0.62338 -8.42116e-05 | 12 -0.09187 -1.01627e-04
 13 -0.01015  2.83574e-05 | 14 -0.01037  2.69137e-05 | 15 -0.01059  2.51871e-05
 16 -0.01080  2.32197e-05 | 17 -0.01101  2.10594e-05 | 18 -0.01121  1.87674e-05
 19 -0.01141  1.64060e-05 | 20 -0.01159  1.40358e-05 | 21 -0.01177  1.17129e-05
 22 -0.01193  9.48379e-06 | 23 -0.01208  7.38178e-06 | 24 -0.01222  5.42538e-06
 25 -0.01234  3.61471e-06 | 26 -0.01245  1.93328e-06 | 27 -0.01254  3.48937e-07
 28 -0.01260 -1.17934e-06 | 29 -0.01265 -2.69667e-06 | 30 -0.01267 -4.24520e-06
 31 -0.01267 -5.86671e-06 | 32 -0.01264 -7.60100e-06 | 33 -0.01258 -9.48686e-06
 34 -0.01250 -1.15638e-05 | 35 -0.01238 -1.38766e-05 | 36 -0.01223 -1.64766e-05
 37 -0.01205 -1.94269e-05 | 38 -0.01182 -2.27990e-05 | 39 -0.01156 -2.66668e-05
 40 -0.01126 -3.10867e-05 | 41 -0.01092 -3.60705e-05 | 42 -0.01054 -4.15353e-05
 43 -0.01013 -4.72618e-05 | 44 -0.00969 -5.28501e-05 | 45 -0.00922 -5.77312e-05
 46 -0.00873 -6.12449e-05 | 47 -0.00824 -6.28029e-05 | 48 -0.00775 -6.20543e-05
 49 -0.00727 -5.90127e-05 | 50 -0.00682 -5.40584e-05 | 51 -0.00640 -4.78166e-05
 52 -0.00602 -4.09741e-05 | 53 -0.00569 -3.41362e-05 | 54 -0.00541 -2.77392e-05
 55 -0.00517 -2.21006e-05 | 56 -0.00495 -1.75393e-05 | 57 -0.00473 -1.44676e-05
 58 -0.00450 -1.34311e-05 | 59 -0.00422 -1.50709e-05 | 60 -0.00386 -1.99541e-05
 61 -0.00340 -2.82899e-05 | 62 -0.00279 -3.96536e-05 | 63 -0.00201 -5.31631e-05
 64 -0.00103 -6.86620e-05 | 65  0.00020 -8.76456e-05 | 66  0.00170 -1.08007e-04
 67  0.00349 -1.07881e-04 | 68  0.00559 -5.20619e-05 | 69  0.00802  2.07319e-05
 70  0.01076 -3.28362e-06 | 71  0.01378 -1.97820e-05 | 72  0.01702  1.80863e-05
 73  0.02040 -4.17362e-05 | 74  0.02375  8.47821e-05 | 75  0.02689  2.43562e-05
 76  0.02960  4.83688e-06 | 77  0.03168  1.67676e-05 | 78  0.03302 -7.87320e-05
 79  0.03358 -6.38382e-06 | 80  0.03344  1.57034e-04 | 81  0.03271  6.52601e-05
 82  0.03143  1.82025e-05 | 83  0.02957  3.37794e-05 | 84  0.02702  6.84807e-05
 85  0.02376  1.02567e-04 | 86  0.01994  1.02777e-04 | 87  0.01596  2.20440e-05
 88  0.01233  9.12301e-05 | 89  0.00947  5.24048e-05 | 90  0.00752  1.16296e-04
 91  0.00628  1.45736e-04 | 92  0.00533  1.14788e-04 | 93  0.00456  6.64827e-05
 94  0.00445  5.65686e-05 | 95  0.00508  8.32483e-05 | 96  0.00530  4.28757e-05
 97  0.00698  2.36225e-05 | 98  0.00955  2.59725e-05 | 99  0.01352  1.07582e-04
100  0.01364  1.10698e-04 |101  0.01240  8.62281e-05 |102  0.01072  4.35761e-05
103  0.00270 -2.44691e-04 |104  0.00357 -2.34242e-04 |105  0.02294 -1.81536e-04
106  0.02142 -7.04981e-05 |107 -0.00264 -6.69674e-05 |108  0.01582  3.17031e-04
109  0.08389  3.24021e-04 |110  0.02833  1.98508e-05 |111 -0.01440 -1.89817e-04
112  0.00445 -8.76339e-05 |113  0.01954 -1.85595e-05 |114  0.03886 -3.01100e-05
115  0.00303  1.64651e-04 |116 -0.06231 -1.88238e-04 |117 -0.07875  2.59839e-04
118 -0.07712  6.68950e-04 |119 -0.03440  1.85848e-04 |120  0.06996 -2.69935e-04
121  0.02381  3.71429e-04 |122  0.01396  2.08799e-04 |123 -0.02779 -4.27770e-04
124 -0.06702  2.54692e-04 |125 -0.00638  2.26774e-04 |126  0.00471 -2.32830e-04
127 -0.02720 -4.27362e-04 |128  0.02829  4.04576e-05 |129  0.07355  2.06592e-04
130  0.01048 -2.85555e-04 |131  0.08263 -3.50600e-04 |132  0.00581 -1.16827e-04
133  0.13295 -3.30515e-05 |134 -0.00525 -3.67198e-04 |135 -0.04642 -4.43625e-05
136 -0.05667  6.74281e-05 |137 -0.02189 -1.50731e-04 |138  0.09425  4.11802e-04
139  0.03193  1.43680e-05 |140  0.01687 -4.89264e-05 |141 -0.02797 -1.33126e-04
142 -0.01758  1.22166e-05 |143 -0.00587  6.75659e-05 |144 -0.00040 -7.93527e-07
145  0.00000  0.00000e+00 |146  0.00000  0.00000e+00 |147  0.00000  0.00000e+00
148  0.00000  0.00000e+00 |149  0.00000  0.00000e+00 |150  0.00000  0.00000e+00
151  0.00000  0.00000e+00 |152  0.00000  0.00000e+00 |153  0.00000  0.00000e+00
154  0.00000  0.00000e+00 |155  0.00000  0.00000e+00 |156  0.00000  0.00000e+00
157  0.00000  0.00000e+00 |158  0.27546  1.38570e-04 |159  0.18648 -4.03720e-04
160  0.04656 -1.01678e-04 |161  0.29671  1.23027e-05 |162  0.01640  1.46655e-04
163 -0.11481 -2.79157e-05 |164 -0.47549  9.06894e-05 |165  0.31378 -2.47335e-04
166  0.04880 -2.65120e-04 |167 -0.23507  1.47607e-04 |168  0.18243 -2.09046e-04
169  0.25986  5.02326e-06 |170  0.17454 -1.91804e-04 |171  0.25418 -2.36263e-04
172  0.00590 -1.59208e-04 |173 -0.09830  8.07923e-05 |174  0.10338  5.01001e-05
175  0.29675 -1.26473e-04 |176  0.16886 -6.76850e-05 |177  0.24622  2.62669e-05
178 -0.35199  8.93007e-05 |179  0.24280  1.73354e-05 |180  0.05277 -5.46373e-05
181 -0.18764 -9.11397e-05 |182  0.20264  2.38224e-04 |183  0.31674  7.02685e-05
184  0.07774 -2.77607e-04 |185 -0.53219 -2.94994e-05 |186 -0.38064 -5.88625e-05
187  0.23600 -2.62361e-05 |188  0.07828 -8.09897e-05 |189 -0.12202 -7.89464e-05
190  0.05109  3.55877e-04 |191  0.11966  1.78433e-04 |192  0.32137  4.63590e-05
193  0.27251 -4.24615e-05 |194  0.00555 -4.42861e-05 |195  0.00909 -1.38909e-04
196 -0.15023 -3.32155e-04 |197 -0.12574  5.29264e-05 |198  0.01339 -1.79970e-04
199  0.39319  9.46764e-05 |200  0.01865  2.40557e-04 |201 -0.15438  4.29800e-06
202  0.09929  2.19348e-04 |203  0.16364  1.46042e-04 |204  0.21869 -7.69157e-05
205  0.25726 -1.98944e-04 |206  0.02453  2.27022e-04 |207 -0.00645  2.97284e-04
208 -0.17631  2.54397e-04 |209 -0.11433 -1.11058e-04 |210 -0.55410  1.06009e-04
211  0.17113 -2.65555e-04 |212  0.09514 -2.58723e-04 |213 -0.25354 -2.64744e-04
size of file gradfil1.tmp = 0
size of file gradfil2.tmp = 0
size of file varssave.tmp = 0
size of file cmpdiff.tmp = 1000000040
