
Initial statistics: 1 variables; iteration 0; function evaluation 0; phase 1
Function value 4.8749564e+03; maximum gradient component mag -1.2643e+01
Var    Value     Gradient |Var    Value     Gradient |Var    Value     Gradient
  1  0.02008 -1.26434e+01 |

 - final statistics:
1 variables; iteration 1; function evaluation 2
Function value 4.8748e+03; maximum gradient component mag -7.1046e+00
Exit code = 1;  converg criter 1.0000e+01
Var    Value     Gradient |Var    Value     Gradient |Var    Value     Gradient
  1  0.03748 -7.10456e+00 |

Initial statistics: 13 variables; iteration 0; function evaluation 0; phase 2
Function value 4.8747884e+03; maximum gradient component mag 8.2195e+01
Var    Value     Gradient |Var    Value     Gradient |Var    Value     Gradient
  1 -0.38863  1.74981e+01 |  2  0.59777  5.61242e+01 |  3 -0.09949  7.16954e+01
  4 -0.18748  8.21947e+01 |  5 -0.68238  5.66923e+00 |  6 -0.60200  6.32933e+00
  7 -0.41937  1.65294e+01 |  8  0.53036  5.25658e+01 |  9 -0.18410  6.75823e+01
 10 -0.08356  6.44470e+01 | 11 -0.51580  1.22368e+01 | 12 -0.63599  2.55022e+01
 13  0.03748 -7.10456e+00 |

 - final statistics:
13 variables; iteration 15; function evaluation 21
Function value 4.8743e+03; maximum gradient component mag 1.0632e+00
Exit code = 1;  converg criter 1.0000e+01
Var    Value     Gradient |Var    Value     Gradient |Var    Value     Gradient
  1 -0.38718  3.98629e-01 |  2  0.58680  2.14736e-01 |  3 -0.09904  4.58872e-02
  4 -0.18517  2.40076e-01 |  5 -0.67568 -5.31519e-02 |  6 -0.60230 -2.90719e-01
  7 -0.41749  1.06322e+00 |  8  0.52066  5.98418e-02 |  9 -0.18350  3.56431e-01
 10 -0.08237  9.05421e-02 | 11 -0.51454 -2.37119e-02 | 12 -0.63604 -3.99658e-02
 13  0.07262 -3.42015e-01 |

Initial statistics: 172 variables; iteration 0; function evaluation 0; phase 3
Function value 4.8743365e+03; maximum gradient component mag 6.9070e+01
Var    Value     Gradient |Var    Value     Gradient |Var    Value     Gradient
  1 -0.38718  3.98629e-01 |  2  0.58680  2.14736e-01 |  3 -0.09904  4.58872e-02
  4 -0.18517  2.40076e-01 |  5 -0.67568 -5.31519e-02 |  6 -0.60230 -2.90719e-01
  7 -0.41749  1.06322e+00 |  8  0.52066  5.98418e-02 |  9 -0.18350  3.56431e-01
 10 -0.08237  9.05421e-02 | 11 -0.51454 -2.37119e-02 | 12 -0.63604 -3.99658e-02
 13  0.07262 -3.42015e-01 | 14  0.00000  1.19706e+00 | 15  0.00000  1.21063e+00
 16  0.00000  1.22168e+00 | 17  0.00000  1.22992e+00 | 18  0.00000  1.23508e+00
 19  0.00000  1.23688e+00 | 20  0.00000  1.23506e+00 | 21  0.00000  1.22935e+00
 22  0.00000  1.21951e+00 | 23  0.00000  1.20529e+00 | 24  0.00000  1.18646e+00
 25  0.00000  1.16276e+00 | 26  0.00000  1.13392e+00 | 27  0.00000  1.09962e+00
 28  0.00000  1.05952e+00 | 29  0.00000  1.01326e+00 | 30  0.00000  9.60447e-01
 31  0.00000  9.00741e-01 | 32  0.00000  8.33883e-01 | 33  0.00000  7.59631e-01
 34  0.00000  6.78028e-01 | 35  0.00000  5.89329e-01 | 36  0.00000  4.94041e-01
 37  0.00000  3.93067e-01 | 38  0.00000  2.87624e-01 | 39  0.00000  1.79304e-01
 40  0.00000  6.99660e-02 | 41  0.00000 -3.83691e-02 | 42  0.00000 -1.43693e-01
 43  0.00000 -2.44222e-01 | 44  0.00000 -3.38675e-01 | 45  0.00000 -4.26507e-01
 46  0.00000 -5.08092e-01 | 47  0.00000 -5.85007e-01 | 48  0.00000 -6.60094e-01
 49  0.00000 -7.37453e-01 | 50  0.00000 -8.22391e-01 | 51  0.00000 -9.21164e-01
 52  0.00000 -1.04089e+00 | 53  0.00000 -1.18906e+00 | 54  0.00000 -1.37359e+00
 55  0.00000 -1.60230e+00 | 56  0.00000 -1.88234e+00 | 57  0.00000 -2.22027e+00
 58  0.00000 -2.61984e+00 | 59  0.00000 -3.08384e+00 | 60  0.00000 -3.61143e+00
 61  0.00000 -4.19734e+00 | 62  0.00000 -4.83198e+00 | 63  0.00000 -5.49940e+00
 64  0.00000 -6.17740e+00 | 65  0.00000 -6.83560e+00 | 66  0.00000 -7.43619e+00
 67  0.00000 -7.93502e+00 | 68  0.00000 -8.28453e+00 | 69  0.00000 -8.43798e+00
 70  0.00000 -8.35639e+00 | 71  0.00000 -8.01431e+00 | 72  0.00000 -7.40196e+00
 73  0.00000 -6.52342e+00 | 74  0.00000 -5.38687e+00 | 75  0.00000 -3.99348e+00
 76  0.00000 -2.32994e+00 | 77  0.00000 -3.72609e-01 | 78  0.00000  1.89235e+00
 79  0.00000  4.43913e+00 | 80  0.00000  7.15865e+00 | 81  0.00000  9.89658e+00
 82  0.00000  1.24611e+01 | 83  0.00000  1.46811e+01 | 84  0.00000  1.64485e+01
 85  0.00000  1.77117e+01 | 86  0.00000  1.84265e+01 | 87  0.00000  1.85070e+01
 88  0.00000  1.78357e+01 | 89  0.00000  1.63471e+01 | 90  0.00000  1.41074e+01
 91  0.00000  1.12423e+01 | 92  0.00000  7.72198e+00 | 93  0.00000  3.30646e+00
 94  0.00000 -2.21720e+00 | 95  0.00000 -8.83964e+00 | 96  0.00000 -1.65590e+01
 97  0.00000 -2.53490e+01 | 98  0.00000 -3.45051e+01 | 99  0.00000 -4.29256e+01
100  0.00000 -5.04545e+01 |101  0.00000 -5.72913e+01 |102  0.00000 -6.18913e+01
103  0.00000 -6.27310e+01 |104  0.00000 -6.04755e+01 |105  0.00000 -5.48298e+01
106  0.00000 -4.52409e+01 |107  0.00000 -3.23382e+01 |108  0.00000 -7.59649e+00
109  0.00000  3.03126e+01 |110  0.00000  5.91253e+01 |111  0.00000  6.90698e+01
112  0.00000  6.23345e+01 |113  0.00000  4.78247e+01 |114  0.00000  3.61443e+01
115  0.00000  2.81863e+01 |116  0.00000  2.89506e+01 |117  0.00000  3.01675e+01
118  0.00000  2.44861e+01 |119  0.00000  1.08524e+01 |120  0.00000  3.66372e+00
121  0.00000 -1.25093e+00 |122  0.00000 -7.10087e+00 |123  0.00000 -1.01077e+01
124  0.00000 -8.05030e+00 |125  0.00000 -2.54235e+00 |126  0.00000  3.39036e+00
127  0.00000  8.65052e+00 |128  0.00000  7.01046e+00 |129  0.00000  5.77968e+00
130  0.00000  3.91328e+00 |131  0.00000  2.28274e+00 |132  0.00000  1.33758e+00
133  0.00000 -4.27776e-01 |134  0.00000 -1.34947e+00 |135  0.00000 -5.53586e-01
136  0.00000  5.09732e-01 |137  0.00000  5.43139e-05 |138  0.05014 -5.44637e+01
139 -0.58265 -1.63904e-03 |140  0.03630  5.16741e+01 |141 -0.04098 -3.58113e+00
142  0.30916  1.60627e+00 |143  0.18639 -4.13717e+01 |144 -0.58580 -1.49238e-03
145 -0.00517  2.75552e+01 |146  0.15509 -1.22833e+01 |147 -0.02937  1.09910e+01
148  0.13212 -1.37854e+01 |149  0.05646  1.99866e+01 |150  0.16307 -7.60744e+00
151 -0.03783  1.05787e+01 |152 -0.00067 -3.32845e-06 |153 -0.00066 -3.25834e-06
154  0.00052  2.57620e-06 |155  0.00052  2.57046e-06 |156 -0.00052 -2.58124e-06
157 -0.00031 -1.51980e-06 |158 -0.00011 -5.43419e-07 |159  0.00052  2.58154e-06
160  0.00015  7.30448e-07 |161  0.10698  1.30914e+01 |162 -0.54331  4.01208e-03
163  0.07492  9.98825e+00 |164  0.07522  6.10992e+00 |165 -0.17545  5.09605e+00
166 -0.15183  1.49457e+00 |167  0.26553 -2.63899e+00 |168  0.02333  2.75010e+00
169  0.00007  3.39637e-07 |170 -0.00037 -1.84190e-06 |171  0.00016  7.97209e-07
172  0.00035  1.71364e-06 |

Intermediate statistics: 172 variables; iteration 20; function evaluation 25; phase 3
Function value 4.8658237e+03; maximum gradient component mag -8.6599e+01
Var    Value     Gradient |Var    Value     Gradient |Var    Value     Gradient
  1 -0.39220 -1.95099e+01 |  2  0.59926  3.42371e+01 |  3 -0.09890  2.81862e+01
  4 -0.18616  3.51014e+01 |  5 -0.68321 -3.44802e+00 |  6 -0.60521 -5.71362e+01
  7 -0.42384 -5.16588e+01 |  8  0.52731  1.60132e+01 |  9 -0.18332  5.99364e+00
 10 -0.08022  8.12821e+00 | 11 -0.51645 -1.18053e+00 | 12 -0.63813 -3.18243e+01
 13  0.06949 -7.27667e-01 | 14 -0.00241  9.59592e-01 | 15 -0.00239  9.89472e-01
 16 -0.00236  1.02011e+00 | 17 -0.00231  1.05150e+00 | 18 -0.00225  1.08359e+00
 19 -0.00218  1.11635e+00 | 20 -0.00209  1.14972e+00 | 21 -0.00199  1.18362e+00
 22 -0.00187  1.21798e+00 | 23 -0.00173  1.25267e+00 | 24 -0.00158  1.28759e+00
 25 -0.00141  1.32260e+00 | 26 -0.00123  1.35753e+00 | 27 -0.00103  1.39223e+00
 28 -0.00081  1.42650e+00 | 29 -0.00057  1.46014e+00 | 30 -0.00032  1.49291e+00
 31 -0.00005  1.52456e+00 | 32  0.00024  1.55487e+00 | 33  0.00055  1.58338e+00
 34  0.00087  1.60982e+00 | 35  0.00120  1.63376e+00 | 36  0.00154  1.65472e+00
 37  0.00188  1.67217e+00 | 38  0.00221  1.68550e+00 | 39  0.00252  1.69400e+00
 40  0.00280  1.69693e+00 | 41  0.00304  1.69345e+00 | 42  0.00322  1.68270e+00
 43  0.00332  1.66386e+00 | 44  0.00335  1.63620e+00 | 45  0.00328  1.59905e+00
 46  0.00313  1.55199e+00 | 47  0.00288  1.49479e+00 | 48  0.00255  1.42745e+00
 49  0.00216  1.35020e+00 | 50  0.00172  1.26362e+00 | 51  0.00125  1.16847e+00
 52  0.00080  1.06588e+00 | 53  0.00038  9.57190e-01 | 54  0.00005  8.44211e-01
 55 -0.00018  7.29024e-01 | 56 -0.00025  6.14141e-01 | 57 -0.00013  5.02653e-01
 58  0.00022  3.97936e-01 | 59  0.00083  3.04205e-01 | 60  0.00176  2.25912e-01
 61  0.00301  1.67697e-01 | 62  0.00460  1.34084e-01 | 63  0.00653  1.28868e-01
 64  0.00877  1.54517e-01 | 65  0.01123  2.11357e-01 | 66  0.01379  2.97237e-01
 67  0.01624  4.07611e-01 | 68  0.01837  5.36518e-01 | 69  0.01991  6.78198e-01
 70  0.02067  8.28991e-01 | 71  0.02054  9.88811e-01 | 72  0.01957  1.16178e+00
 73  0.01790  1.35595e+00 | 74  0.01572  1.58131e+00 | 75  0.01315  1.84726e+00
 76  0.01026  2.16127e+00 | 77  0.00703  2.53036e+00 | 78  0.00354  2.96455e+00
 79 -0.00005  3.47664e+00 | 80 -0.00338  4.06306e+00 | 81 -0.00611  4.71470e+00
 82 -0.00795  5.38279e+00 | 83 -0.00886  5.99151e+00 | 84 -0.00898  6.45637e+00
 85 -0.00856  6.69762e+00 | 86 -0.00781  6.64277e+00 | 87 -0.00679  6.22516e+00
 88 -0.00538  5.38704e+00 | 89 -0.00356  4.08426e+00 | 90 -0.00172  2.27580e+00
 91 -0.00071 -9.62675e-02 | 92 -0.00107 -3.08723e+00 | 93 -0.00232 -6.69482e+00
 94 -0.00364 -1.08426e+01 | 95 -0.00494 -1.54097e+01 | 96 -0.00521 -2.02150e+01
 97 -0.00061 -2.51272e+01 | 98  0.00854 -3.02445e+01 | 99  0.01036 -3.46337e+01
100  0.00620 -3.77075e+01 |101  0.01934 -4.21724e+01 |102  0.03321 -4.71409e+01
103  0.01218 -4.49963e+01 |104 -0.00101 -4.33790e+01 |105 -0.00370 -4.02021e+01
106  0.00115 -3.30331e+01 |107  0.03530 -2.28836e+01 |108  0.00053 -8.49644e+00
109 -0.02222  9.41642e+00 |110 -0.02165  2.88073e+01 |111 -0.02064  3.79062e+01
112 -0.01482  3.80002e+01 |113 -0.00480  3.34344e+01 |114  0.00341  2.92575e+01
115  0.00975  2.63098e+01 |116  0.00091  2.48967e+01 |117 -0.01071  2.29711e+01
118 -0.01367  1.87720e+01 |119  0.00021  1.33600e+01 |120  0.00052  8.49495e+00
121 -0.00427  4.14508e+00 |122  0.00332  1.39802e+00 |123  0.01411  2.63292e-01
124  0.00957 -3.92569e-01 |125 -0.00486 -4.21548e-01 |126 -0.01472  3.40308e-01
127 -0.02793  7.32359e-01 |128 -0.02551  2.70149e-01 |129 -0.02349 -1.94604e-01
130 -0.01892 -4.12401e-01 |131 -0.01146 -2.99143e-01 |132 -0.00730 -2.46027e-01
133 -0.00021 -5.40166e-02 |134  0.00596  1.97157e-01 |135  0.00371  1.09615e-01
136 -0.00187 -5.83767e-02 |137 -0.00000 -4.05196e-05 |138  0.04637 -6.22936e+01
139 -0.58265 -1.87925e-03 |140  0.03825  6.11837e+01 |141 -0.04541 -1.56520e+00
142  0.30808  1.09790e-01 |143  0.17952 -8.65990e+01 |144 -0.58579 -2.94581e-03
145 -0.00070  8.06672e+01 |146  0.15299 -1.02222e+01 |147 -0.02795  1.00453e+01
148  0.12878 -1.50448e+01 |149  0.05962  2.56959e+01 |150  0.16127 -1.17465e+01
151 -0.03545  1.52182e+01 |152 -0.00067 -3.32818e-06 |153 -0.00066 -3.25808e-06
154  0.00052  2.57600e-06 |155  0.00052  2.57026e-06 |156 -0.00052 -2.58104e-06
157 -0.00031 -1.51968e-06 |158 -0.00011 -5.43376e-07 |159  0.00052  2.58133e-06
160  0.00015  7.30390e-07 |161  0.11142  2.32236e+01 |162 -0.54331  6.00938e-03
163  0.07736  1.24069e+00 |164  0.07506 -1.13647e+01 |165 -0.17701 -1.06503e+01
166 -0.14914  5.38105e+00 |167  0.26374 -7.31808e-01 |168  0.02398  6.29271e-01
169  0.00007  3.39610e-07 |170 -0.00037 -1.84176e-06 |171  0.00016  7.97146e-07
172  0.00035  1.71351e-06 |
172 variables; iteration 40; function evaluation 49; phase 3
Function value 4.8606896e+03; maximum gradient component mag 2.4947e+01
Var    Value     Gradient |Var    Value     Gradient |Var    Value     Gradient
  1 -0.38766  2.35900e+00 |  2  0.59385  1.24040e+01 |  3 -0.10068  1.68592e+01
  4 -0.18333  1.83533e+01 |  5 -0.67958  4.30987e-01 |  6 -0.60351 -1.18430e+01
  7 -0.41824 -6.65001e-01 |  8  0.52401  3.78789e+00 |  9 -0.18431  1.27067e+01
 10 -0.07890  6.89398e+00 | 11 -0.51365  6.56399e-01 | 12 -0.63642 -2.26752e+00
 13  0.13637 -1.15643e+00 | 14 -0.00247  2.73681e-01 | 15 -0.00246  2.83593e-01
 16 -0.00243  2.94005e-01 | 17 -0.00239  3.04938e-01 | 18 -0.00233  3.16407e-01
 19 -0.00226  3.28427e-01 | 20 -0.00218  3.41006e-01 | 21 -0.00208  3.54144e-01
 22 -0.00196  3.67838e-01 | 23 -0.00183  3.82069e-01 | 24 -0.00168  3.96814e-01
 25 -0.00151  4.12042e-01 | 26 -0.00132  4.27715e-01 | 27 -0.00112  4.43787e-01
 28 -0.00089  4.60200e-01 | 29 -0.00064  4.76883e-01 | 30 -0.00038  4.93738e-01
 31 -0.00009  5.10641e-01 | 32  0.00021  5.27453e-01 | 33  0.00054  5.43893e-01
 34  0.00088  5.59713e-01 | 35  0.00123  5.74543e-01 | 36  0.00159  5.87937e-01
 37  0.00195  5.99368e-01 | 38  0.00230  6.08231e-01 | 39  0.00263  6.13836e-01
 40  0.00293  6.15474e-01 | 41  0.00318  6.12414e-01 | 42  0.00337  6.03945e-01
 43  0.00349  5.89425e-01 | 44  0.00352  5.68301e-01 | 45  0.00346  5.40077e-01
 46  0.00330  5.04397e-01 | 47  0.00305  4.61045e-01 | 48  0.00273  4.09960e-01
 49  0.00233  3.51346e-01 | 50  0.00189  2.85779e-01 | 51  0.00143  2.14164e-01
 52  0.00098  1.37868e-01 | 53  0.00059  5.86514e-02 | 54  0.00029 -2.12520e-02
 55  0.00012 -9.91850e-02 | 56  0.00013 -1.72019e-01 | 57  0.00037 -2.36155e-01
 58  0.00088 -2.87556e-01 | 59  0.00172 -3.22232e-01 | 60  0.00290 -3.36917e-01
 61  0.00447 -3.30557e-01 | 62  0.00641 -3.06634e-01 | 63  0.00867 -2.75945e-01
 64  0.01112 -2.58228e-01 | 65  0.01357 -2.79668e-01 | 66  0.01578 -3.62818e-01
 67  0.01756 -5.09951e-01 | 68  0.01885 -6.90172e-01 | 69  0.01969 -8.45033e-01
 70  0.02023 -9.15811e-01 | 71  0.02049 -8.76121e-01 | 72  0.02036 -7.48475e-01
 73  0.01962 -5.94262e-01 | 74  0.01804 -4.83058e-01 | 75  0.01550 -4.61680e-01
 76  0.01197 -5.43832e-01 | 77  0.00751 -7.13881e-01 | 78  0.00239 -9.25507e-01
 79 -0.00293 -1.10293e+00 | 80 -0.00782 -1.17385e+00 | 81 -0.01185 -1.13156e+00
 82 -0.01480 -1.02161e+00 | 83 -0.01661 -8.97388e-01 | 84 -0.01739 -7.98705e-01
 85 -0.01737 -7.61878e-01 | 86 -0.01683 -8.27828e-01 | 87 -0.01586 -1.04120e+00
 88 -0.01449 -1.45085e+00 | 89 -0.01294 -2.11164e+00 | 90 -0.01197 -3.07087e+00
 91 -0.01230 -4.27119e+00 | 92 -0.01294 -5.38330e+00 | 93 -0.01080 -5.89339e+00
 94 -0.00264 -5.38133e+00 | 95  0.01148 -4.14391e+00 | 96  0.01901 -4.86957e+00
 97  0.00524 -9.70751e+00 | 98  0.02557 -9.47915e+00 | 99  0.01050 -1.31245e+01
100  0.00827 -1.41335e+01 |101 -0.01790 -1.78206e+01 |102  0.06633 -8.29515e+00
103 -0.00358 -1.28978e+01 |104  0.02217 -5.90224e+00 |105  0.03174 -4.75931e-01
106  0.03111  2.92837e+00 |107  0.01535  3.83727e-01 |108  0.02034  8.54710e+00
109 -0.02342  9.91114e+00 |110 -0.03605  1.43510e+01 |111 -0.04233  1.37089e+01
112 -0.03319  1.29473e+01 |113 -0.01005  1.31068e+01 |114  0.00122  9.91757e+00
115  0.01109  8.34053e+00 |116 -0.00277  7.86267e+00 |117 -0.01732  7.64165e+00
118 -0.02099  5.22214e+00 |119 -0.00149  2.78682e+00 |120 -0.00011  7.69748e-01
121 -0.00221 -1.78057e-01 |122  0.00987  1.68300e-01 |123  0.02088  5.28347e-01
124  0.01656  9.02723e-01 |125  0.00212  1.06751e+00 |126 -0.01233  5.55908e-01
127 -0.02996 -7.10418e-01 |128 -0.02597 -6.58345e-01 |129 -0.02295 -5.71198e-01
130 -0.01690 -2.23106e-01 |131 -0.01001 -7.40446e-02 |132 -0.00598 -8.32288e-03
133  0.00219  3.76199e-01 |134  0.00627  2.07195e-01 |135  0.00145 -3.55530e-01
136 -0.00250 -1.65458e-01 |137  0.00000  1.42106e-04 |138  0.05002 -2.01455e+01
139 -0.58254 -4.37408e-04 |140  0.03841  2.49466e+01 |141 -0.05096 -2.87133e+00
142  0.27712 -1.14086e+00 |143  0.18530 -2.27617e+01 |144 -0.58570 -5.87328e-04
145 -0.00287  2.43165e+01 |146  0.15468 -1.74030e+00 |147 -0.02941  1.26605e+00
148  0.12887 -5.93410e+00 |149  0.05631  7.59321e+00 |150  0.16135 -4.28355e+00
151 -0.03891  3.34472e+00 |152 -0.00067 -3.31327e-06 |153 -0.00066 -3.24348e-06
154  0.00052  2.56446e-06 |155  0.00052  2.55874e-06 |156 -0.00052 -2.56947e-06
157 -0.00031 -1.51287e-06 |158 -0.00011 -5.40942e-07 |159  0.00052  2.56977e-06
160  0.00015  7.27117e-07 |161  0.10849  5.53948e+00 |162 -0.54332  1.64948e-03
163  0.07545  2.17662e+00 |164  0.07488 -5.16335e+00 |165 -0.17566 -6.33702e+00
166 -0.15238  1.13620e+00 |167  0.27181  7.68557e-03 |168  0.02807  6.01771e-01
169  0.00007  3.38089e-07 |170 -0.00037 -1.83350e-06 |171  0.00016  7.93574e-07
172  0.00035  1.70583e-06 |
172 variables; iteration 60; function evaluation 76; phase 3
Function value 4.8595497e+03; maximum gradient component mag -1.4974e+01
Var    Value     Gradient |Var    Value     Gradient |Var    Value     Gradient
  1 -0.38805 -1.28348e+01 |  2  0.59541 -1.61361e+00 |  3 -0.10022 -9.62467e+00
  4 -0.18504 -3.72141e+00 |  5 -0.68198  1.55014e-01 |  6 -0.60238  7.95121e-03
  7 -0.41851 -1.49740e+01 |  8  0.52811 -4.85421e-01 |  9 -0.18449 -8.28824e+00
 10 -0.08104 -1.76722e+00 | 11 -0.51603  2.17800e-01 | 12 -0.63596 -3.18021e-01
 13  0.06967  2.01215e+00 | 14 -0.00282  1.07087e-01 | 15 -0.00283  1.09139e-01
 16 -0.00282  1.11107e-01 | 17 -0.00281  1.12986e-01 | 18 -0.00278  1.14773e-01
 19 -0.00274  1.16467e-01 | 20 -0.00269  1.18073e-01 | 21 -0.00262  1.19602e-01
 22 -0.00255  1.21068e-01 | 23 -0.00245  1.22490e-01 | 24 -0.00234  1.23896e-01
 25 -0.00222  1.25318e-01 | 26 -0.00208  1.26797e-01 | 27 -0.00192  1.28381e-01
 28 -0.00175  1.30125e-01 | 29 -0.00155  1.32094e-01 | 30 -0.00134  1.34358e-01
 31 -0.00111  1.36997e-01 | 32 -0.00086  1.40101e-01 | 33 -0.00058  1.43747e-01
 34 -0.00029  1.48033e-01 | 35  0.00001  1.53046e-01 | 36  0.00033  1.58875e-01
 37  0.00066  1.65611e-01 | 38  0.00099  1.73356e-01 | 39  0.00131  1.82230e-01
 40  0.00162  1.92393e-01 | 41  0.00189  2.04047e-01 | 42  0.00213  2.17440e-01
 43  0.00231  2.32853e-01 | 44  0.00244  2.50573e-01 | 45  0.00251  2.70837e-01
 46  0.00252  2.93825e-01 | 47  0.00247  3.19637e-01 | 48  0.00237  3.48275e-01
 49  0.00223  3.79681e-01 | 50  0.00207  4.13789e-01 | 51  0.00192  4.50454e-01
 52  0.00181  4.89524e-01 | 53  0.00175  5.30752e-01 | 54  0.00179  5.73881e-01
 55  0.00195  6.18617e-01 | 56  0.00227  6.64815e-01 | 57  0.00279  7.12772e-01
 58  0.00353  7.62920e-01 | 59  0.00452  8.16328e-01 | 60  0.00581  8.73225e-01
 61  0.00738  9.31459e-01 | 62  0.00922  9.85143e-01 | 63  0.01128  1.02468e+00
 64  0.01347  1.04013e+00 | 65  0.01568  1.02576e+00 | 66  0.01780  9.83300e-01
 67  0.01972  9.23868e-01 | 68  0.02132  8.67312e-01 | 69  0.02250  8.33343e-01
 70  0.02313  8.30622e-01 | 71  0.02311  8.58113e-01 | 72  0.02243  9.12696e-01
 73  0.02114  9.87442e-01 | 74  0.01928  1.06502e+00 | 75  0.01683  1.12257e+00
 76  0.01370  1.14230e+00 | 77  0.00981  1.11104e+00 | 78  0.00516  1.02280e+00
 79  0.00010  9.22848e-01 | 80 -0.00469  9.03623e-01 | 81 -0.00883  9.55298e-01
 82 -0.01232  9.75326e-01 | 83 -0.01496  9.49158e-01 | 84 -0.01655  9.28555e-01
 85 -0.01712  9.48227e-01 | 86 -0.01681  1.01193e+00 | 87 -0.01566  1.09910e+00
 88 -0.01370  1.16210e+00 | 89 -0.01119  1.12136e+00 | 90 -0.00887  9.08780e-01
 91 -0.00728  5.79151e-01 | 92 -0.00596  3.25133e-01 | 93 -0.00339  3.52118e-01
 94  0.00098  5.91601e-01 | 95  0.00399  2.36947e-01 | 96  0.00629 -5.81132e-01
 97  0.02128  8.61566e-01 | 98  0.01152 -3.08783e+00 | 99  0.02415 -1.93964e+00
100  0.02356 -3.06068e+00 |101  0.02128 -4.98211e+00 |102  0.02724 -5.21109e+00
103  0.02040 -6.05449e+00 |104  0.02209 -5.30253e+00 |105  0.02604 -4.19778e+00
106  0.02313 -4.52724e+00 |107  0.01478 -7.61832e+00 |108  0.01988 -2.32743e+00
109 -0.03011 -1.94556e+00 |110 -0.05218 -1.79949e+00 |111 -0.05307 -3.42221e-01
112 -0.04367 -4.75410e-01 |113 -0.01871  4.44026e-01 |114 -0.00119  4.33063e-01
115  0.01534  1.70463e+00 |116 -0.00540  1.49124e+00 |117 -0.02713  7.15957e-01
118 -0.02921  1.06188e-01 |119 -0.00279  6.88133e-01 |120  0.00151  6.21205e-01
121  0.00074  6.96249e-01 |122  0.01039  4.84303e-01 |123  0.01854 -1.44003e-01
124  0.01241 -5.72744e-01 |125 -0.00242 -7.02401e-01 |126 -0.01586 -9.51517e-01
127 -0.02931 -6.31897e-01 |128 -0.02306  2.00791e-01 |129 -0.01887  6.09378e-01
130 -0.01372  6.74917e-01 |131 -0.00896  1.75835e-01 |132 -0.00566  6.99838e-02
133  0.00149  2.62176e-01 |134  0.00532 -6.41202e-03 |135  0.00192 -2.82271e-01
136 -0.00210 -8.66498e-02 |137 -0.00000  6.57882e-05 |138  0.04957  2.36692e+00
139 -0.58253  2.00048e-04 |140  0.03634 -3.11038e-01 |141 -0.04065  1.88386e+00
142  0.28603 -1.18749e+00 |143  0.18595  4.87583e-02 |144 -0.58563 -4.76434e-06
145 -0.00499  4.57140e-01 |146  0.15406  1.43806e-01 |147 -0.02986 -4.28140e-01
148  0.13057 -2.87122e-01 |149  0.05631  5.87587e-01 |150  0.16305  2.25893e+00
151 -0.03738 -1.11451e+00 |152 -0.00066 -3.25722e-06 |153 -0.00065 -3.18861e-06
154  0.00051  2.52107e-06 |155  0.00051  2.51546e-06 |156 -0.00051 -2.52601e-06
157 -0.00030 -1.48728e-06 |158 -0.00011 -5.31791e-07 |159  0.00051  2.52629e-06
160  0.00014  7.14817e-07 |161  0.10708  2.63079e+00 |162 -0.54325  5.64120e-04
163  0.07561 -1.82278e-01 |164  0.07483  6.11556e+00 |165 -0.17539  5.63685e+00
166 -0.15225 -1.22400e+00 |167  0.27287  2.34639e-01 |168  0.02868  6.77720e-01
169  0.00007  3.32369e-07 |170 -0.00037 -1.80249e-06 |171  0.00016  7.80149e-07
172  0.00034  1.67697e-06 |
Maximum number of function evaluations exceeded

 - final statistics:
172 variables; iteration 75; function evaluation 100
Function value 4.8594e+03; maximum gradient component mag 1.3089e+00
Exit code = 3;  converg criter 1.0000e+00
Var    Value     Gradient |Var    Value     Gradient |Var    Value     Gradient
  1 -0.38794  1.15300e+00 |  2  0.59914  6.01472e-01 |  3 -0.09921  1.30890e+00
  4 -0.18827  4.82780e-01 |  5 -0.68269 -1.12517e-02 |  6 -0.60206 -7.31468e-01
  7 -0.41851  1.23918e+00 |  8  0.52947  3.57969e-02 |  9 -0.18424  1.06207e+00
 10 -0.08248  6.23799e-01 | 11 -0.51537  1.91482e-01 | 12 -0.63612 -2.01836e-01
 13  0.04796  9.42751e-02 | 14 -0.00289 -1.69734e-02 | 15 -0.00289 -1.67567e-02
 16 -0.00287 -1.63881e-02 | 17 -0.00285 -1.58596e-02 | 18 -0.00281 -1.51682e-02
 19 -0.00276 -1.43170e-02 | 20 -0.00269 -1.33171e-02 | 21 -0.00261 -1.21879e-02
 22 -0.00252 -1.09585e-02 | 23 -0.00241 -9.66856e-03 | 24 -0.00228 -8.36788e-03
 25 -0.00213 -7.11876e-03 | 26 -0.00197 -5.99559e-03 | 27 -0.00179 -5.08379e-03
 28 -0.00160 -4.47617e-03 | 29 -0.00139 -4.26530e-03 | 30 -0.00116 -4.53139e-03
 31 -0.00091 -5.32228e-03 | 32 -0.00065 -6.62876e-03 | 33 -0.00036 -8.36170e-03
 34 -0.00006 -1.03251e-02 | 35  0.00025 -1.22182e-02 | 36  0.00058 -1.36619e-02
 37  0.00092 -1.42668e-02 | 38  0.00126 -1.37323e-02 | 39  0.00160 -1.19564e-02
 40  0.00192 -9.11052e-03 | 41  0.00221 -5.63889e-03 | 42  0.00246 -2.17245e-03
 43  0.00266  6.18724e-04 | 44  0.00278  2.18610e-03 | 45  0.00283  2.21818e-03
 46  0.00280  6.85495e-04 | 47  0.00270 -2.15574e-03 | 48  0.00254 -5.85117e-03
 49  0.00233 -9.90927e-03 | 50  0.00209 -1.40123e-02 | 51  0.00186 -1.81815e-02
 52  0.00165 -2.28075e-02 | 53  0.00149 -2.85395e-02 | 54  0.00142 -3.61806e-02
 55  0.00145 -4.68334e-02 | 56  0.00162 -6.23273e-02 | 57  0.00195 -8.53867e-02
 58  0.00246 -1.17940e-01 | 59  0.00320 -1.55664e-01 | 60  0.00426 -1.79476e-01
 61  0.00580 -1.57538e-01 | 62  0.00788 -7.97371e-02 | 63  0.01026  6.59405e-04
 64  0.01262  2.14243e-02 | 65  0.01490 -1.14616e-02 | 66  0.01686 -1.25074e-01
 67  0.01873 -2.25378e-01 | 68  0.02153 -7.00096e-02 | 69  0.02375  7.29098e-02
 70  0.02424  1.30364e-02 | 71  0.02435  4.37760e-02 | 72  0.02350  4.70820e-02
 73  0.02095 -1.46448e-01 | 74  0.01888 -1.23846e-01 | 75  0.01716  8.67505e-02
 76  0.01412  1.28014e-01 | 77  0.00990  3.12918e-02 | 78  0.00485 -1.38193e-01
 79  0.00097  6.71514e-02 | 80 -0.00432 -5.65493e-02 | 81 -0.00853 -7.90206e-03
 82 -0.01167  1.15305e-01 | 83 -0.01430  9.81125e-02 | 84 -0.01590  7.59011e-02
 85 -0.01661  5.56310e-02 | 86 -0.01659  3.17376e-02 | 87 -0.01581  1.57378e-02
 88 -0.01398  4.95429e-02 | 89 -0.01107  1.39810e-01 | 90 -0.00859  1.05439e-02
 91 -0.00668 -1.63697e-01 | 92 -0.00405  1.66388e-02 | 93 -0.00203  3.35594e-02
 94 -0.00106 -3.87723e-01 | 95  0.00356 -7.85282e-02 | 96  0.00719 -2.24165e-01
 97  0.01376 -7.91990e-02 | 98  0.01848 -3.68469e-01 | 99  0.02233 -1.13184e-01
100  0.02306 -1.05378e-01 |101  0.02659 -9.15743e-02 |102  0.02660 -5.63721e-01
103  0.02651  4.65672e-02 |104  0.02366  2.34919e-02 |105  0.02149  6.98791e-02
106  0.02072  4.10352e-01 |107  0.02941  4.03102e-01 |108  0.01247  1.99229e-01
109 -0.02964  3.93746e-02 |110 -0.04976  1.94802e-01 |111 -0.05447 -4.34904e-02
112 -0.04287  1.84026e-01 |113 -0.01934  2.66823e-01 |114 -0.00173 -1.83085e-01
115  0.01219  5.84142e-02 |116 -0.00668  3.87841e-01 |117 -0.02794  3.28531e-02
118 -0.02773  3.08549e-01 |119 -0.00344  2.86936e-01 |120  0.00017  1.93389e-01
121 -0.00208  7.74387e-02 |122  0.00794  8.90964e-02 |123  0.01881  1.55297e-01
124  0.01412  1.42041e-01 |125 -0.00152  9.87743e-03 |126 -0.01352  8.75951e-02
127 -0.02733  1.97814e-01 |128 -0.02413  2.65049e-02 |129 -0.02142 -7.41296e-02
130 -0.01623  5.93327e-02 |131 -0.01022 -1.01331e-01 |132 -0.00605  1.26829e-02
133 -0.00014 -6.43845e-02 |134  0.00594  1.96711e-01 |135  0.00266 -1.31676e-01
136 -0.00216 -1.12262e-01 |137 -0.00000 -2.18075e-05 |138  0.04972 -1.16023e+00
139 -0.58260 -4.55973e-05 |140  0.03625  5.14343e-01 |141 -0.04105 -1.13263e-01
142  0.31694  1.93528e-01 |143  0.18588 -1.13010e+00 |144 -0.58555 -4.87651e-05
145 -0.00522  6.59421e-01 |146  0.15491 -2.53205e-01 |147 -0.02921  2.77795e-01
148  0.13137 -2.97152e-01 |149  0.05637  3.35911e-01 |150  0.16267 -4.94737e-01
151 -0.03796  3.18764e-01 |152 -0.00064 -3.16576e-06 |153 -0.00063 -3.09907e-06
154  0.00050  2.45028e-06 |155  0.00050  2.44482e-06 |156 -0.00050 -2.45508e-06
157 -0.00029 -1.44552e-06 |158 -0.00010 -5.16858e-07 |159  0.00050  2.45535e-06
160  0.00014  6.94744e-07 |161  0.10681 -9.79829e-02 |162 -0.54310 -3.99266e-05
163  0.07490 -7.96681e-02 |164  0.07508 -7.19511e-01 |165 -0.17549 -7.37115e-01
166 -0.15192  1.26268e-01 |167  0.27003  2.22495e-01 |168  0.02646  2.81318e-01
169  0.00007  3.23036e-07 |170 -0.00035 -1.75187e-06 |171  0.00015  7.58242e-07
172  0.00033  1.62988e-06 |

Initial statistics: 187 variables; iteration 0; function evaluation 0; phase 4
Function value 4.8594138e+03; maximum gradient component mag 5.1995e+00
Var    Value     Gradient |Var    Value     Gradient |Var    Value     Gradient
  1 -0.38794  1.15300e+00 |  2  0.59914  6.01472e-01 |  3 -0.09921  1.30890e+00
  4 -0.18827  4.82780e-01 |  5 -0.68269 -1.12517e-02 |  6 -0.60206 -7.31468e-01
  7 -0.41851  1.23918e+00 |  8  0.52947  3.57969e-02 |  9 -0.18424  1.06207e+00
 10 -0.08248  6.23799e-01 | 11 -0.51537  1.91482e-01 | 12 -0.63612 -2.01836e-01
 13  0.04796  9.42751e-02 | 14 -0.00289 -1.69734e-02 | 15 -0.00289 -1.67567e-02
 16 -0.00287 -1.63881e-02 | 17 -0.00285 -1.58596e-02 | 18 -0.00281 -1.51682e-02
 19 -0.00276 -1.43170e-02 | 20 -0.00269 -1.33171e-02 | 21 -0.00261 -1.21879e-02
 22 -0.00252 -1.09585e-02 | 23 -0.00241 -9.66856e-03 | 24 -0.00228 -8.36788e-03
 25 -0.00213 -7.11876e-03 | 26 -0.00197 -5.99559e-03 | 27 -0.00179 -5.08379e-03
 28 -0.00160 -4.47617e-03 | 29 -0.00139 -4.26530e-03 | 30 -0.00116 -4.53139e-03
 31 -0.00091 -5.32228e-03 | 32 -0.00065 -6.62876e-03 | 33 -0.00036 -8.36170e-03
 34 -0.00006 -1.03251e-02 | 35  0.00025 -1.22182e-02 | 36  0.00058 -1.36619e-02
 37  0.00092 -1.42668e-02 | 38  0.00126 -1.37323e-02 | 39  0.00160 -1.19564e-02
 40  0.00192 -9.11052e-03 | 41  0.00221 -5.63889e-03 | 42  0.00246 -2.17245e-03
 43  0.00266  6.18724e-04 | 44  0.00278  2.18610e-03 | 45  0.00283  2.21818e-03
 46  0.00280  6.85495e-04 | 47  0.00270 -2.15574e-03 | 48  0.00254 -5.85117e-03
 49  0.00233 -9.90927e-03 | 50  0.00209 -1.40123e-02 | 51  0.00186 -1.81815e-02
 52  0.00165 -2.28075e-02 | 53  0.00149 -2.85395e-02 | 54  0.00142 -3.61806e-02
 55  0.00145 -4.68334e-02 | 56  0.00162 -6.23273e-02 | 57  0.00195 -8.53867e-02
 58  0.00246 -1.17940e-01 | 59  0.00320 -1.55664e-01 | 60  0.00426 -1.79476e-01
 61  0.00580 -1.57538e-01 | 62  0.00788 -7.97371e-02 | 63  0.01026  6.59405e-04
 64  0.01262  2.14243e-02 | 65  0.01490 -1.14616e-02 | 66  0.01686 -1.25074e-01
 67  0.01873 -2.25378e-01 | 68  0.02153 -7.00096e-02 | 69  0.02375  7.29098e-02
 70  0.02424  1.30364e-02 | 71  0.02435  4.37760e-02 | 72  0.02350  4.70820e-02
 73  0.02095 -1.46448e-01 | 74  0.01888 -1.23846e-01 | 75  0.01716  8.67505e-02
 76  0.01412  1.28014e-01 | 77  0.00990  3.12918e-02 | 78  0.00485 -1.38193e-01
 79  0.00097  6.71514e-02 | 80 -0.00432 -5.65493e-02 | 81 -0.00853 -7.90206e-03
 82 -0.01167  1.15305e-01 | 83 -0.01430  9.81125e-02 | 84 -0.01590  7.59011e-02
 85 -0.01661  5.56310e-02 | 86 -0.01659  3.17376e-02 | 87 -0.01581  1.57378e-02
 88 -0.01398  4.95429e-02 | 89 -0.01107  1.39810e-01 | 90 -0.00859  1.05439e-02
 91 -0.00668 -1.63697e-01 | 92 -0.00405  1.66388e-02 | 93 -0.00203  3.35594e-02
 94 -0.00106 -3.87723e-01 | 95  0.00356 -7.85282e-02 | 96  0.00719 -2.24165e-01
 97  0.01376 -7.91990e-02 | 98  0.01848 -3.68469e-01 | 99  0.02233 -1.13184e-01
100  0.02306 -1.05378e-01 |101  0.02659 -9.15743e-02 |102  0.02660 -5.63721e-01
103  0.02651  4.65672e-02 |104  0.02366  2.34919e-02 |105  0.02149  6.98791e-02
106  0.02072  4.10352e-01 |107  0.02941  4.03102e-01 |108  0.01247  1.99229e-01
109 -0.02964  3.93746e-02 |110 -0.04976  1.94802e-01 |111 -0.05447 -4.34904e-02
112 -0.04287  1.84026e-01 |113 -0.01934  2.66823e-01 |114 -0.00173 -1.83085e-01
115  0.01219  5.84142e-02 |116 -0.00668  3.87841e-01 |117 -0.02794  3.28531e-02
118 -0.02773  3.08549e-01 |119 -0.00344  2.86936e-01 |120  0.00017  1.93389e-01
121 -0.00208  7.74387e-02 |122  0.00794  8.90964e-02 |123  0.01881  1.55297e-01
124  0.01412  1.42041e-01 |125 -0.00152  9.87743e-03 |126 -0.01352  8.75951e-02
127 -0.02733  1.97814e-01 |128 -0.02413  2.65049e-02 |129 -0.02142 -7.41296e-02
130 -0.01623  5.93327e-02 |131 -0.01022 -1.01331e-01 |132 -0.00605  1.26829e-02
133 -0.00014 -6.43845e-02 |134  0.00594  1.96711e-01 |135  0.00266 -1.31676e-01
136 -0.00216 -1.12262e-01 |137 -0.00000 -2.18075e-05 |138  0.04972 -1.16023e+00
139 -0.58260 -4.55973e-05 |140  0.03625  5.14343e-01 |141 -0.38525 -1.35661e-01
142  0.81951  3.27734e+00 |143 -0.04105 -1.13263e-01 |144  0.31694  1.93528e-01
145 -0.24609 -1.42802e-01 |146  0.18588 -1.13010e+00 |147 -0.58555 -4.87651e-05
148 -0.00522  6.59421e-01 |149 -0.41799 -2.77433e-01 |150  0.82277  5.19953e+00
151  0.15491 -2.53205e-01 |152 -0.02921  2.77795e-01 |153 -0.11795  2.89999e-02
154  0.13137 -2.97152e-01 |155  0.05637  3.35911e-01 |156  0.16267 -4.94737e-01
157 -0.03796  3.18764e-01 |158 -0.00064 -3.16576e-06 |159 -0.00063 -3.09907e-06
160  0.00050  2.45028e-06 |161  0.00050  2.44482e-06 |162 -0.00010 -5.17947e-07
163 -0.00050 -2.45508e-06 |164 -0.00029 -1.44552e-06 |165  0.00044  2.15348e-06
166 -0.00010 -5.16858e-07 |167  0.00050  2.45535e-06 |168  0.00014  6.94744e-07
169  0.00036  1.76791e-06 |170 -0.00007 -3.32966e-07 |171  0.10681 -9.79829e-02
172 -0.54310 -3.99266e-05 |173  0.07490 -7.96681e-02 |174 -0.41920 -5.86493e-02
175 -0.13664  7.91552e-01 |176  0.07508 -7.19511e-01 |177 -0.17549 -7.37115e-01
178 -0.15192  1.26268e-01 |179 -1.00000 -1.96890e-08 |180 -0.13513  1.12636e+00
181  0.27003  2.22495e-01 |182  0.02646  2.81318e-01 |183  0.00007  3.23036e-07
184 -0.00035 -1.75187e-06 |185  0.00015  7.58242e-07 |186  0.00033  1.62988e-06
187 -0.00006 -2.89804e-07 |

Intermediate statistics: 187 variables; iteration 20; function evaluation 22; phase 4
Function value 4.8594091e+03; maximum gradient component mag -2.9437e+00
Var    Value     Gradient |Var    Value     Gradient |Var    Value     Gradient
  1 -0.38815 -4.39073e-01 |  2  0.59843 -4.39753e-01 |  3 -0.09929 -7.87096e-01
  4 -0.18780 -1.15405e+00 |  5 -0.68250 -4.09568e-01 |  6 -0.60220 -2.94367e+00
  7 -0.41867  1.12247e+00 |  8  0.53005 -6.32448e-02 |  9 -0.18409 -4.61870e-01
 10 -0.08307 -1.59237e-01 | 11 -0.51582  1.30874e-01 | 12 -0.63596  1.46302e+00
 13  0.04523  1.52060e-01 | 14 -0.00287 -8.65133e-04 | 15 -0.00287 -9.43342e-04
 16 -0.00286 -1.03414e-03 | 17 -0.00284 -1.13831e-03 | 18 -0.00281 -1.25637e-03
 19 -0.00276 -1.38851e-03 | 20 -0.00270 -1.53451e-03 | 21 -0.00263 -1.69364e-03
 22 -0.00254 -1.86459e-03 | 23 -0.00243 -2.04540e-03 | 24 -0.00231 -2.23337e-03
 25 -0.00217 -2.42515e-03 | 26 -0.00202 -2.61669e-03 | 27 -0.00185 -2.80336e-03
 28 -0.00166 -2.98015e-03 | 29 -0.00145 -3.14212e-03 | 30 -0.00122 -3.28519e-03
 31 -0.00097 -3.40733e-03 | 32 -0.00070 -3.51041e-03 | 33 -0.00041 -3.60120e-03
 34 -0.00011 -3.69406e-03 | 35  0.00021 -3.81040e-03 | 36  0.00055 -3.97730e-03
 37  0.00089 -4.22308e-03 | 38  0.00122 -4.57052e-03 | 39  0.00155 -5.02900e-03
 40  0.00186 -5.58957e-03 | 41  0.00213 -6.22426e-03 | 42  0.00237 -6.89171e-03
 43  0.00254 -7.54745e-03 | 44  0.00266 -8.15513e-03 | 45  0.00270 -8.69324e-03
 46  0.00268 -9.15985e-03 | 47  0.00258 -9.57243e-03 | 48  0.00243 -9.96074e-03
 49  0.00223 -1.03569e-02 | 50  0.00201 -1.07826e-02 | 51  0.00179 -1.12335e-02
 52  0.00160 -1.16812e-02 | 53  0.00146 -1.20771e-02 | 54  0.00141 -1.23629e-02
 55  0.00149 -1.24554e-02 | 56  0.00172 -1.22185e-02 | 57  0.00214 -1.14546e-02
 58  0.00279 -9.99749e-03 | 59  0.00370 -8.11699e-03 | 60  0.00487 -7.08613e-03
 61  0.00632 -9.07094e-03 | 62  0.00804 -1.47666e-02 | 63  0.01004 -2.04722e-02
 64  0.01230 -2.18678e-02 | 65  0.01475 -1.94062e-02 | 66  0.01728 -1.15927e-02
 67  0.01969 -4.84269e-03 | 68  0.02171 -1.33657e-02 | 69  0.02321 -2.00840e-02
 70  0.02404 -1.47303e-02 | 71  0.02402 -1.41439e-02 | 72  0.02319 -1.17056e-02
 73  0.02168  2.62565e-03 | 74  0.01952  5.03024e-03 | 75  0.01679 -4.36744e-03
 76  0.01359 -3.33389e-03 | 77  0.00988  7.01089e-03 | 78  0.00563  2.22888e-02
 79  0.00087  1.23194e-02 | 80 -0.00387  2.33941e-02 | 81 -0.00827  2.30106e-02
 82 -0.01188  1.85303e-02 | 83 -0.01443  2.11019e-02 | 84 -0.01594  2.27320e-02
 85 -0.01656  2.28598e-02 | 86 -0.01647  2.14832e-02 | 87 -0.01565  1.77931e-02
 88 -0.01399  9.33726e-03 | 89 -0.01149 -5.19610e-03 | 90 -0.00857 -1.09059e-02
 91 -0.00605 -1.61875e-02 | 92 -0.00428 -4.62674e-02 | 93 -0.00247 -6.92840e-02
 94  0.00018 -6.52564e-02 | 95  0.00332 -1.12493e-01 | 96  0.00748 -1.29693e-01
 97  0.01324 -1.68932e-01 | 98  0.01933 -1.76395e-01 | 99  0.02182 -2.08571e-01
100  0.02248 -2.09721e-01 |101  0.02589 -1.98010e-01 |102  0.02862 -1.38621e-01
103  0.02561 -1.07195e-01 |104  0.02356 -2.09178e-02 |105  0.02192  7.61648e-02
106  0.02008  1.46360e-01 |107  0.02911  2.06464e-01 |108  0.01265  1.79321e-01
109 -0.02947  8.50318e-02 |110 -0.05015  5.19243e-02 |111 -0.05419  4.07855e-02
112 -0.04315  6.09878e-02 |113 -0.02001  5.55331e-02 |114 -0.00083  8.10135e-02
115  0.01230  1.02523e-01 |116 -0.00763  1.04455e-01 |117 -0.02754  1.21225e-01
118 -0.02818  1.23883e-01 |119 -0.00370  1.42090e-01 |120  0.00010  1.14631e-01
121 -0.00184  8.19440e-02 |122  0.00803  5.50405e-02 |123  0.01847  3.03507e-02
124  0.01371  1.23981e-02 |125 -0.00137  1.16134e-02 |126 -0.01367  1.05653e-02
127 -0.02788  1.16133e-03 |128 -0.02415 -4.90936e-04 |129 -0.02115 -5.61074e-04
130 -0.01644 -6.68379e-03 |131 -0.00980  4.61243e-03 |132 -0.00611 -3.24268e-03
133  0.00013  2.62944e-04 |134  0.00509 -1.30723e-02 |135  0.00323  9.36140e-03
136 -0.00168  7.76723e-03 |137 -0.00000  8.98692e-07 |138  0.04969 -1.03057e+00
139 -0.58260 -5.04919e-05 |140  0.03619  9.41144e-02 |141 -0.38508 -1.78446e-01
142  0.81950  1.20456e+00 |143 -0.04104 -6.69086e-02 |144  0.31504  1.45315e-01
145 -0.24616 -8.96801e-02 |146  0.18584 -1.34877e+00 |147 -0.58555 -4.03691e-05
148 -0.00524  8.50857e-01 |149 -0.41768 -5.47359e-02 |150  0.82275 -1.82711e+00
151  0.15482 -2.69498e-01 |152 -0.02931  2.54682e-01 |153 -0.11882 -6.03279e-04
154  0.13145 -2.64715e-02 |155  0.05639 -5.81005e-03 |156  0.16279  9.54954e-02
157 -0.03793 -1.34565e-01 |158 -0.00064 -3.16557e-06 |159 -0.00063 -3.09889e-06
160  0.00050  2.45014e-06 |161  0.00050  2.44468e-06 |162 -0.00010 -5.17917e-07
163 -0.00050 -2.45493e-06 |164 -0.00029 -1.44543e-06 |165  0.00044  2.15335e-06
166 -0.00010 -5.16828e-07 |167  0.00050  2.45521e-06 |168  0.00014  6.94703e-07
169  0.00036  1.76781e-06 |170 -0.00007 -3.32946e-07 |171  0.10681  5.00400e-01
172 -0.54310  8.38994e-05 |173  0.07474 -7.06330e-01 |174 -0.41867  9.16542e-02
175 -0.13685  2.81122e-01 |176  0.07519  2.37912e-01 |177 -0.17553  3.58299e-01
178 -0.15177 -7.46512e-03 |179 -0.99989  5.18130e-02 |180 -0.13528  4.23671e-01
181  0.26720  8.89656e-02 |182  0.02478  1.59664e-01 |183  0.00007  3.23017e-07
184 -0.00035 -1.75177e-06 |185  0.00015  7.58198e-07 |186  0.00033  1.62979e-06
187 -0.00006 -2.89787e-07 |
187 variables; iteration 40; function evaluation 45; phase 4
Function value 4.8594061e+03; maximum gradient component mag -6.9003e+00
Var    Value     Gradient |Var    Value     Gradient |Var    Value     Gradient
  1 -0.38850  7.83707e-01 |  2  0.59780  5.58272e-01 |  3 -0.09945  1.22199e+00
  4 -0.18745  5.80886e-01 |  5 -0.68240 -3.08928e-01 |  6 -0.60214 -2.39570e+00
  7 -0.41916  3.05291e+00 |  8  0.53028  8.32276e-01 |  9 -0.18411  1.33387e+00
 10 -0.08340  1.03437e+00 | 11 -0.51575  2.61838e-01 | 12 -0.63596  1.71844e+00
 13  0.02357 -4.39267e-01 | 14 -0.00296 -2.05192e-02 | 15 -0.00296 -2.10415e-02
 16 -0.00295 -2.15600e-02 | 17 -0.00293 -2.20734e-02 | 18 -0.00290 -2.25805e-02
 19 -0.00285 -2.30808e-02 | 20 -0.00279 -2.35739e-02 | 21 -0.00272 -2.40601e-02
 22 -0.00263 -2.45404e-02 | 23 -0.00253 -2.50162e-02 | 24 -0.00241 -2.54900e-02
 25 -0.00227 -2.59650e-02 | 26 -0.00211 -2.64455e-02 | 27 -0.00194 -2.69366e-02
 28 -0.00175 -2.74442e-02 | 29 -0.00154 -2.79745e-02 | 30 -0.00131 -2.85320e-02
 31 -0.00106 -2.91190e-02 | 32 -0.00079 -2.97336e-02 | 33 -0.00050 -3.03608e-02
 34 -0.00019 -3.09798e-02 | 35  0.00013 -3.15551e-02 | 36  0.00047 -3.20406e-02
 37  0.00081 -3.23861e-02 | 38  0.00116 -3.25470e-02 | 39  0.00149 -3.24962e-02
 40  0.00181 -3.22363e-02 | 41  0.00209 -3.18010e-02 | 42  0.00233 -3.12492e-02
 43  0.00252 -3.06498e-02 | 44  0.00265 -3.00625e-02 | 45  0.00270 -2.95207e-02
 46  0.00269 -2.90269e-02 | 47  0.00260 -2.85505e-02 | 48  0.00246 -2.80377e-02
 49  0.00228 -2.74345e-02 | 50  0.00207 -2.67133e-02 | 51  0.00186 -2.58870e-02
 52  0.00168 -2.50153e-02 | 53  0.00155 -2.41868e-02 | 54  0.00152 -2.35137e-02
 55  0.00160 -2.31479e-02 | 56  0.00184 -2.33406e-02 | 57  0.00227 -2.44883e-02
 58  0.00292 -2.69803e-02 | 59  0.00381 -3.06009e-02 | 60  0.00499 -3.32815e-02
 61  0.00647 -3.06079e-02 | 62  0.00829 -1.96628e-02 | 63  0.01040 -6.54594e-03
 64  0.01272 -1.94101e-03 | 65  0.01516 -7.84710e-03 | 66  0.01756 -3.37555e-02
 67  0.01985 -6.14673e-02 | 68  0.02213 -2.69966e-02 | 69  0.02388  7.49724e-03
 70  0.02464 -1.27062e-02 | 71  0.02470 -9.48965e-03 | 72  0.02388 -1.48954e-02
 73  0.02208 -7.18489e-02 | 74  0.01997 -7.14601e-02 | 75  0.01753 -3.04304e-02
 76  0.01437 -3.27419e-02 | 77  0.01054 -6.04825e-02 | 78  0.00614 -9.19799e-02
 79  0.00154 -7.50770e-02 | 80 -0.00329 -9.59035e-02 | 81 -0.00767 -1.01803e-01
 82 -0.01124 -1.04411e-01 | 83 -0.01380 -1.18735e-01 | 84 -0.01533 -1.34733e-01
 85 -0.01598 -1.51777e-01 | 86 -0.01592 -1.70052e-01 | 87 -0.01512 -1.88638e-01
 88 -0.01346 -2.04656e-01 | 89 -0.01094 -2.17472e-01 | 90 -0.00812 -2.45525e-01
 91 -0.00572 -2.74731e-01 | 92 -0.00389 -2.70251e-01 | 93 -0.00211 -2.72780e-01
 94  0.00022 -3.12821e-01 | 95  0.00353 -2.71384e-01 | 96  0.00752 -2.72536e-01
 97  0.01338 -2.19436e-01 | 98  0.01901 -2.42347e-01 | 99  0.02183 -1.12969e-01
100  0.02248 -2.01741e-02 |101  0.02596  9.71711e-02 |102  0.02778  6.91315e-02
103  0.02570  3.42378e-01 |104  0.02328  3.98420e-01 |105  0.02135  4.59015e-01
106  0.01971  5.86993e-01 |107  0.02860  6.82697e-01 |108  0.01216  6.25289e-01
109 -0.02980  4.51850e-01 |110 -0.05046  3.72856e-01 |111 -0.05462  2.79658e-01
112 -0.04364  2.67442e-01 |113 -0.02044  2.85714e-01 |114 -0.00150  2.30611e-01
115  0.01155  2.15561e-01 |116 -0.00826  1.70614e-01 |117 -0.02827  8.51013e-02
118 -0.02879  9.07979e-02 |119 -0.00439  8.75478e-02 |120 -0.00045  8.16627e-02
121 -0.00224  7.55682e-02 |122  0.00765  7.81234e-02 |123  0.01807  8.17043e-02
124  0.01332  6.25304e-02 |125 -0.00169  2.64058e-02 |126 -0.01394  1.27235e-02
127 -0.02794  2.91598e-02 |128 -0.02416  1.69528e-02 |129 -0.02117  6.15745e-03
130 -0.01637  1.44941e-02 |131 -0.00983 -4.58485e-03 |132 -0.00609  2.41089e-03
133  0.00015 -2.45743e-03 |134  0.00528  2.48837e-02 |135  0.00309 -1.77948e-02
136 -0.00178 -1.32923e-02 |137 -0.00000 -1.85654e-06 |138  0.04996 -1.80242e+00
139 -0.58260 -8.12182e-05 |140  0.03627  1.03531e+00 |141 -0.38527 -3.37174e-01
142  0.81951 -6.68879e+00 |143 -0.04096  6.92600e-02 |144  0.30896 -2.43385e-02
145 -0.24604  8.99508e-02 |146  0.18615 -1.78913e+00 |147 -0.58556 -4.03318e-05
148 -0.00516  1.48252e+00 |149 -0.41797 -2.23310e-01 |150  0.82277 -6.90035e+00
151  0.15498 -3.68282e-01 |152 -0.02937  2.87048e-01 |153 -0.11843 -6.11762e-02
154  0.13188 -2.79714e-01 |155  0.05642  3.38630e-01 |156  0.16292 -8.82481e-01
157 -0.03780  7.65201e-01 |158 -0.00064 -3.16270e-06 |159 -0.00063 -3.09609e-06
160  0.00050  2.44792e-06 |161  0.00049  2.44247e-06 |162 -0.00010 -5.17448e-07
163 -0.00050 -2.45271e-06 |164 -0.00029 -1.44412e-06 |165  0.00044  2.15140e-06
166 -0.00010 -5.16360e-07 |167  0.00050  2.45299e-06 |168  0.00014  6.94074e-07
169  0.00036  1.76620e-06 |170 -0.00007 -3.32645e-07 |171  0.10677 -3.82084e-02
172 -0.54311 -4.14580e-05 |173  0.07465 -5.61751e-01 |174 -0.41900 -2.79005e-02
175 -0.13657  4.85479e-01 |176  0.07513 -1.04518e+00 |177 -0.17539 -4.03141e-02
178 -0.15182  4.14325e-01 |179 -0.99987  6.48140e-02 |180 -0.13517 -4.24047e-01
181  0.26568  1.04414e-01 |182  0.02336 -1.50892e-01 |183  0.00007  3.22725e-07
184 -0.00035 -1.75018e-06 |185  0.00015  7.57511e-07 |186  0.00033  1.62831e-06
187 -0.00006 -2.89524e-07 |
187 variables; iteration 60; function evaluation 75; phase 4
Function value 4.8594045e+03; maximum gradient component mag -6.0488e-01
Var    Value     Gradient |Var    Value     Gradient |Var    Value     Gradient
  1 -0.38861  1.59918e-01 |  2  0.59777  1.48218e-01 |  3 -0.09949  3.42361e-01
  4 -0.18746  2.86450e-01 |  5 -0.68236  3.00277e-02 |  6 -0.60201  8.72858e-02
  7 -0.41934  2.00086e-01 |  8  0.53035  9.08076e-02 |  9 -0.18409  2.48278e-01
 10 -0.08354  1.35571e-01 | 11 -0.51581  1.17823e-02 | 12 -0.63599  5.23550e-02
 13  0.02098 -2.64601e-02 | 14 -0.00296 -1.57053e-03 | 15 -0.00296 -1.60917e-03
 16 -0.00295 -1.64744e-03 | 17 -0.00293 -1.68518e-03 | 18 -0.00290 -1.72225e-03
 19 -0.00286 -1.75848e-03 | 20 -0.00280 -1.79371e-03 | 21 -0.00272 -1.82780e-03
 22 -0.00264 -1.86062e-03 | 23 -0.00253 -1.89208e-03 | 24 -0.00241 -1.92213e-03
 25 -0.00227 -1.95078e-03 | 26 -0.00212 -1.97805e-03 | 27 -0.00195 -2.00402e-03
 28 -0.00176 -2.02873e-03 | 29 -0.00155 -2.05210e-03 | 30 -0.00132 -2.07388e-03
 31 -0.00107 -2.09343e-03 | 32 -0.00079 -2.10981e-03 | 33 -0.00050 -2.12123e-03
 34 -0.00020 -2.12596e-03 | 35  0.00013 -2.12226e-03 | 36  0.00047 -2.10924e-03
 37  0.00081 -2.08777e-03 | 38  0.00115 -2.06088e-03 | 39  0.00149 -2.03348e-03
 40  0.00180 -2.01117e-03 | 41  0.00208 -1.99839e-03 | 42  0.00232 -1.99707e-03
 43  0.00251 -2.00648e-03 | 44  0.00263 -2.02458e-03 | 45  0.00269 -2.04985e-03
 46  0.00267 -2.08306e-03 | 47  0.00259 -2.12774e-03 | 48  0.00245 -2.18920e-03
 49  0.00226 -2.27305e-03 | 50  0.00205 -2.38421e-03 | 51  0.00184 -2.52668e-03
 52  0.00166 -2.70533e-03 | 53  0.00153 -2.92643e-03 | 54  0.00150 -3.19753e-03
 55  0.00158 -3.52376e-03 | 56  0.00183 -3.90058e-03 | 57  0.00227 -4.29841e-03
 58  0.00293 -4.63490e-03 | 59  0.00384 -4.79671e-03 | 60  0.00503 -4.83164e-03
 61  0.00651 -5.32669e-03 | 62  0.00827 -7.08314e-03 | 63  0.01032 -9.37589e-03
 64  0.01262 -1.03924e-02 | 65  0.01509 -1.02558e-02 | 66  0.01761 -1.00698e-02
 67  0.02003 -1.20274e-02 | 68  0.02214 -1.22099e-02 | 69  0.02372 -1.09629e-02
 70  0.02457 -1.24656e-02 | 71  0.02460 -1.26963e-02 | 72  0.02379 -1.31110e-02
 73  0.02225 -1.60316e-02 | 74  0.02012 -1.50199e-02 | 75  0.01747 -1.46967e-02
 76  0.01430 -1.56009e-02 | 77  0.01058 -1.33631e-02 | 78  0.00630 -1.01414e-02
 79  0.00159 -1.16210e-02 | 80 -0.00318 -1.08097e-02 | 81 -0.00756 -8.30457e-03
 82 -0.01115 -7.42916e-03 | 83 -0.01369 -5.57326e-03 | 84 -0.01520 -3.69416e-03
 85 -0.01583 -2.12053e-03 | 86 -0.01574 -8.34636e-04 | 87 -0.01494 -1.14625e-04
 88 -0.01328 -9.02221e-04 | 89 -0.01079 -3.05178e-03 | 90 -0.00793 -3.07315e-03
 91 -0.00548 -4.76081e-03 | 92 -0.00372 -5.58965e-03 | 93 -0.00197 -6.67821e-03
 94  0.00049 -8.71237e-03 | 95  0.00363 -8.83582e-03 | 96  0.00768 -5.13406e-03
 97  0.01339 -3.61596e-03 | 98  0.01931  2.09255e-03 | 99  0.02181  9.95678e-03
100  0.02240  1.69797e-02 |101  0.02571  1.71325e-02 |102  0.02823  2.42063e-02
103  0.02526  1.66240e-02 |104  0.02306  1.21875e-02 |105  0.02127  7.54328e-03
106  0.01941  1.09766e-02 |107  0.02833  1.89226e-02 |108  0.01194  2.50593e-02
109 -0.03002  1.73782e-02 |110 -0.05067  2.67734e-02 |111 -0.05477 -1.39251e-03
112 -0.04375  1.74499e-02 |113 -0.02062  1.87554e-02 |114 -0.00152  2.81809e-02
115  0.01151  3.72915e-02 |116 -0.00834  3.39077e-02 |117 -0.02824  2.01706e-02
118 -0.02885  9.88785e-03 |119 -0.00442  1.34907e-02 |120 -0.00048  1.25608e-02
121 -0.00228  9.82195e-03 |122  0.00761  1.06427e-02 |123  0.01800  1.17597e-02
124  0.01327  1.14860e-02 |125 -0.00166  9.84134e-03 |126 -0.01390  7.30757e-03
127 -0.02800 -3.31455e-03 |128 -0.02418 -2.53306e-03 |129 -0.02117 -5.69619e-04
130 -0.01640 -6.11177e-04 |131 -0.00981  8.30423e-04 |132 -0.00609  2.12890e-04
133  0.00016 -1.17356e-04 |134  0.00516 -1.89409e-03 |135  0.00317  1.14277e-03
136 -0.00172  2.17516e-04 |137 -0.00000 -2.10816e-07 |138  0.05012 -7.81229e-02
139 -0.58262  1.69139e-06 |140  0.03629  5.81665e-02 |141 -0.38518  7.26999e-03
142  0.81951 -2.61489e-01 |143 -0.04107 -8.89911e-03 |144  0.30924  2.82972e-03
145 -0.24604  2.54755e-03 |146  0.18638 -6.16222e-02 |147 -0.58562  1.51190e-05
148 -0.00517  5.23972e-02 |149 -0.41800 -4.13918e-02 |150  0.82277 -6.04875e-01
151  0.15514  1.85394e-02 |152 -0.02930  4.56210e-02 |153 -0.11806 -7.84023e-03
154  0.13208 -1.76435e-02 |155  0.05646  2.95725e-02 |156  0.16308 -2.85253e-03
157 -0.03780  3.06890e-02 |158 -0.00063 -3.11809e-06 |159 -0.00062 -3.05241e-06
160  0.00049  2.41339e-06 |161  0.00049  2.40801e-06 |162 -0.00010 -5.10148e-07
163 -0.00049 -2.41811e-06 |164 -0.00029 -1.42375e-06 |165  0.00043  2.12105e-06
166 -0.00010 -5.09076e-07 |167  0.00049  2.41838e-06 |168  0.00014  6.84283e-07
169  0.00035  1.74129e-06 |170 -0.00007 -3.27953e-07 |171  0.10698 -1.20769e-02
172 -0.54315  1.22340e-05 |173  0.07493  2.71913e-02 |174 -0.41921 -7.26125e-03
175 -0.13665 -2.70014e-02 |176  0.07522 -7.58028e-02 |177 -0.17546 -1.06769e-01
178 -0.15182  1.34360e-02 |179 -0.99969  1.52120e-01 |180 -0.13514 -3.44562e-02
181  0.26549 -3.75951e-03 |182  0.02333  6.57042e-03 |183  0.00006  3.18172e-07
184 -0.00035 -1.72550e-06 |185  0.00015  7.46825e-07 |186  0.00033  1.60534e-06
187 -0.00006 -2.85440e-07 |
187 variables; iteration 80; function evaluation 110; phase 4
Function value 4.8594045e+03; maximum gradient component mag 3.4042e-01
Var    Value     Gradient |Var    Value     Gradient |Var    Value     Gradient
  1 -0.38863 -1.32515e-02 |  2  0.59778  3.52392e-02 |  3 -0.09949  8.28811e-02
  4 -0.18748  6.70880e-02 |  5 -0.68238  6.53717e-03 |  6 -0.60200  2.09942e-02
  7 -0.41938 -2.82794e-02 |  8  0.53037  8.45938e-03 |  9 -0.18410  2.90176e-02
 10 -0.08356  1.27831e-02 | 11 -0.51580  6.21416e-03 | 12 -0.63599  2.42967e-02
 13  0.01993  3.13079e-03 | 14 -0.00297 -9.77979e-05 | 15 -0.00297 -6.28970e-05
 16 -0.00296 -2.25895e-05 | 17 -0.00294  2.32288e-05 | 18 -0.00291  7.44652e-05
 19 -0.00286  1.30817e-04 | 20 -0.00280  1.91799e-04 | 21 -0.00273  2.56812e-04
 22 -0.00264  3.25260e-04 | 23 -0.00253  3.96719e-04 | 24 -0.00241  4.71165e-04
 25 -0.00228  5.49194e-04 | 26 -0.00212  6.32226e-04 | 27 -0.00195  7.22569e-04
 28 -0.00176  8.23255e-04 | 29 -0.00155  9.37409e-04 | 30 -0.00132  1.06704e-03
 31 -0.00107  1.21107e-03 | 32 -0.00080  1.36302e-03 | 33 -0.00050  1.50871e-03
 34 -0.00020  1.62647e-03 | 35  0.00013  1.69027e-03 | 36  0.00047  1.67748e-03
 37  0.00081  1.57906e-03 | 38  0.00115  1.40661e-03 | 39  0.00148  1.19120e-03
 40  0.00180  9.71660e-04 | 41  0.00208  7.78336e-04 | 42  0.00232  6.22169e-04
 43  0.00250  4.95008e-04 | 44  0.00263  3.78960e-04 | 45  0.00268  2.57319e-04
 46  0.00266  1.21532e-04 | 47  0.00258 -2.76412e-05 | 48  0.00244 -1.83903e-04
 49  0.00225 -3.41153e-04 | 50  0.00204 -4.96681e-04 | 51  0.00183 -6.46854e-04
 52  0.00165 -7.75980e-04 | 53  0.00152 -8.48758e-04 | 54  0.00149 -8.14525e-04
 55  0.00158 -6.27780e-04 | 56  0.00183 -2.98244e-04 | 57  0.00227  2.57168e-06
 58  0.00293 -1.41446e-04 | 59  0.00384 -9.57941e-04 | 60  0.00502 -1.35521e-03
 61  0.00651 -2.33215e-04 | 62  0.00828  9.04826e-04 | 63  0.01036  4.68472e-03
 64  0.01265  3.66338e-03 | 65  0.01508 -3.96528e-03 | 66  0.01765  3.97033e-03
 67  0.02007  4.24005e-03 | 68  0.02216  2.71784e-04 | 69  0.02375  3.59995e-03
 70  0.02461  4.49739e-03 | 71  0.02463  1.97898e-03 | 72  0.02383  3.43131e-03
 73  0.02231  4.11398e-03 | 74  0.02017  3.65696e-03 | 75  0.01751  6.80992e-04
 76  0.01436  4.48391e-03 | 77  0.01063  4.41447e-03 | 78  0.00633 -2.97049e-04
 79  0.00164  2.92775e-03 | 80 -0.00314  2.30851e-03 | 81 -0.00754 -1.63878e-03
 82 -0.01111  1.39982e-03 | 83 -0.01366  1.13121e-03 | 84 -0.01517  1.25876e-03
 85 -0.01581  1.25445e-03 | 86 -0.01572  1.48453e-03 | 87 -0.01492  1.89429e-03
 88 -0.01326  7.27929e-04 | 89 -0.01077 -1.57693e-03 | 90 -0.00790  8.11839e-04
 91 -0.00547 -4.01977e-03 | 92 -0.00369  2.40543e-03 | 93 -0.00196 -3.77604e-03
 94  0.00055  8.27543e-03 | 95  0.00368  3.15676e-03 | 96  0.00769 -1.10148e-03
 97  0.01342  1.17811e-03 | 98  0.01931 -1.40628e-03 | 99  0.02179 -2.05854e-03
100  0.02236 -3.28993e-03 |101  0.02567 -7.16396e-03 |102  0.02817 -6.84875e-03
103  0.02524 -2.93836e-03 |104  0.02304 -6.57822e-03 |105  0.02127 -1.09894e-03
106  0.01939 -1.42420e-03 |107  0.02832 -5.45349e-04 |108  0.01188 -9.71550e-03
109 -0.03005 -5.64265e-03 |110 -0.05072  8.47674e-04 |111 -0.05474  3.69530e-03
112 -0.04381 -9.26757e-03 |113 -0.02063 -8.59754e-04 |114 -0.00156 -3.16090e-03
115  0.01145 -5.07304e-03 |116 -0.00842 -8.56435e-03 |117 -0.02829 -6.53454e-03
118 -0.02884  3.32019e-03 |119 -0.00445 -1.75006e-03 |120 -0.00050  2.34247e-03
121 -0.00230 -1.25014e-03 |122  0.00759  3.41345e-04 |123  0.01796 -1.26380e-03
124  0.01324  7.44828e-04 |125 -0.00170 -3.11214e-03 |126 -0.01393 -4.85749e-04
127 -0.02797  6.34027e-03 |128 -0.02417  3.55178e-03 |129 -0.02116  1.26816e-03
130 -0.01641 -1.59666e-03 |131 -0.00981 -1.26414e-03 |132 -0.00609  1.01239e-03
133  0.00015 -1.86710e-03 |134  0.00518  3.12956e-03 |135  0.00317  2.21002e-03
136 -0.00171  4.44287e-03 |137 -0.00000  7.75304e-07 |138  0.05015  2.43697e-02
139 -0.58264  7.21797e-07 |140  0.03630 -1.14765e-02 |141 -0.38528 -3.12926e-03
142  0.81951  3.40417e-01 |143 -0.04095  4.37773e-03 |144  0.30914 -1.15430e-03
145 -0.24611  8.42915e-05 |146  0.18639  7.03625e-04 |147 -0.58574  6.50406e-06
148 -0.00518  4.22163e-04 |149 -0.41795  1.91682e-02 |150  0.82277 -1.63912e-02
151  0.15507 -1.94969e-03 |152 -0.02939 -1.75342e-02 |153 -0.11792  5.06882e-03
154  0.13213  1.33895e-02 |155  0.05646 -1.37557e-02 |156  0.16306  5.86679e-03
157 -0.03784 -1.53207e-02 |158 -0.00060 -2.98277e-06 |159 -0.00059 -2.91995e-06
160  0.00047  2.30865e-06 |161  0.00047  2.30351e-06 |162 -0.00010 -4.88010e-07
163 -0.00047 -2.31317e-06 |164 -0.00028 -1.36196e-06 |165  0.00041  2.02900e-06
166 -0.00010 -4.86983e-07 |167  0.00047  2.31343e-06 |168  0.00013  6.54586e-07
169  0.00034  1.66572e-06 |170 -0.00006 -3.13720e-07 |171  0.10697  6.20524e-03
172 -0.54325  6.29027e-06 |173  0.07491 -1.24301e-02 |174 -0.41918  3.93704e-03
175 -0.13663  1.55619e-02 |176  0.07521  3.07630e-04 |177 -0.17546  1.69279e-03
178 -0.15184 -3.46203e-03 |179 -0.99979  1.01999e-01 |180 -0.13513  2.24129e-02
181  0.26554  2.35381e-03 |182  0.02333 -3.57613e-03 |183  0.00006  3.04364e-07
184 -0.00033 -1.65061e-06 |185  0.00014  7.14414e-07 |186  0.00031  1.53567e-06
187 -0.00006 -2.73053e-07 |
187 variables; iteration 100; function evaluation 143; phase 4
Function value 4.8594045e+03; maximum gradient component mag 2.7395e-02
Var    Value     Gradient |Var    Value     Gradient |Var    Value     Gradient
  1 -0.38863 -8.55353e-03 |  2  0.59777 -6.25153e-03 |  3 -0.09949 -1.31866e-02
  4 -0.18748 -1.12360e-02 |  5 -0.68238 -7.91059e-04 |  6 -0.60200 -6.01205e-03
  7 -0.41937 -9.50814e-03 |  8  0.53037 -2.84541e-03 |  9 -0.18410 -1.06074e-02
 10 -0.08356 -6.61125e-03 | 11 -0.51580 -7.94420e-04 | 12 -0.63599 -2.61634e-05
 13  0.02002  1.17466e-03 | 14 -0.00296  2.93800e-04 | 15 -0.00297  2.66010e-04
 16 -0.00296  2.35115e-04 | 17 -0.00294  2.01247e-04 | 18 -0.00291  1.64635e-04
 19 -0.00286  1.25604e-04 | 20 -0.00280  8.45499e-05 | 21 -0.00273  4.18983e-05
 22 -0.00264 -1.93498e-06 | 23 -0.00254 -4.65697e-05 | 24 -0.00242 -9.14821e-05
 25 -0.00228 -1.35659e-04 | 26 -0.00212 -1.76853e-04 | 27 -0.00195 -2.10456e-04
 28 -0.00176 -2.28079e-04 | 29 -0.00155 -2.16420e-04 | 30 -0.00132 -1.57516e-04
 31 -0.00107 -3.22150e-05 | 32 -0.00080  1.71589e-04 | 33 -0.00051  4.46731e-04
 34 -0.00020  7.54427e-04 | 35  0.00013  1.02374e-03 | 36  0.00046  1.17214e-03
 37  0.00081  1.14564e-03 | 38  0.00115  9.55783e-04 | 39  0.00148  6.81124e-04
 40  0.00180  4.22779e-04 | 41  0.00208  2.46420e-04 | 42  0.00232  1.56634e-04
 43  0.00250  1.16218e-04 | 44  0.00263  8.24116e-05 | 45  0.00268  2.89055e-05
 46  0.00266 -5.15255e-05 | 47  0.00258 -1.52019e-04 | 48  0.00244 -2.57294e-04
 49  0.00225 -3.51256e-04 | 50  0.00204 -4.27212e-04 | 51  0.00183 -4.89726e-04
 52  0.00165 -5.37793e-04 | 53  0.00153 -5.43957e-04 | 54  0.00149 -4.51848e-04
 55  0.00158 -2.07985e-04 | 56  0.00183  1.33485e-04 | 57  0.00227  2.14605e-04
 58  0.00293 -3.78821e-04 | 59  0.00384 -3.93406e-04 | 60  0.00503  1.18294e-03
 61  0.00650 -1.47963e-03 | 62  0.00828 -6.79142e-04 | 63  0.01034  6.31149e-05
 64  0.01264  8.22253e-04 | 65  0.01510 -2.15971e-04 | 66  0.01762 -1.30855e-03
 67  0.02006  1.37462e-03 | 68  0.02216  5.18703e-04 | 69  0.02374 -3.14565e-04
 70  0.02461  3.85592e-03 | 71  0.02464  3.19947e-03 | 72  0.02382 -7.15964e-04
 73  0.02230  1.42359e-03 | 74  0.02017  1.85682e-03 | 75  0.01752  1.15925e-03
 76  0.01435  3.11980e-04 | 77  0.01062  1.01748e-03 | 78  0.00633 -4.98817e-04
 79  0.00163  1.10720e-03 | 80 -0.00315 -6.52161e-04 | 81 -0.00753 -1.11752e-03
 82 -0.01111 -5.01238e-05 | 83 -0.01366  1.16298e-03 | 84 -0.01518  1.62568e-04
 85 -0.01582 -1.25659e-03 | 86 -0.01572  7.63222e-04 | 87 -0.01492  2.06963e-03
 88 -0.01327 -5.13980e-05 | 89 -0.01077 -3.18701e-04 | 90 -0.00791 -1.70297e-03
 91 -0.00546 -3.93730e-04 | 92 -0.00369  1.50112e-03 | 93 -0.00194  3.21602e-05
 94  0.00053  1.18119e-03 | 95  0.00365 -3.16616e-03 | 96  0.00770 -5.33138e-04
 97  0.01341  1.47390e-05 | 98  0.01932  8.05359e-04 | 99  0.02180  1.20157e-03
100  0.02236 -8.12484e-04 |101  0.02568 -2.61230e-03 |102  0.02817 -3.23282e-03
103  0.02523 -1.39295e-03 |104  0.02305  2.37723e-04 |105  0.02127  1.18865e-03
106  0.01939 -8.61956e-04 |107  0.02830 -1.75561e-03 |108  0.01190 -6.73866e-04
109 -0.03005 -7.98973e-04 |110 -0.05072  2.49718e-04 |111 -0.05476 -1.93181e-03
112 -0.04378  5.45580e-04 |113 -0.02064 -1.98967e-03 |114 -0.00156 -1.96133e-03
115  0.01146 -1.36587e-03 |116 -0.00841 -2.07232e-03 |117 -0.02827 -1.65761e-03
118 -0.02885  4.26583e-04 |119 -0.00444 -1.28697e-03 |120 -0.00051 -1.51255e-03
121 -0.00229  3.28263e-04 |122  0.00758 -1.63002e-03 |123  0.01797 -2.30187e-04
124  0.01324  6.52241e-04 |125 -0.00169 -6.00567e-04 |126 -0.01393 -5.98494e-04
127 -0.02799 -3.69666e-04 |128 -0.02417  1.90150e-04 |129 -0.02116  1.36915e-03
130 -0.01639  3.42354e-03 |131 -0.00981 -3.45219e-05 |132 -0.00610 -4.88785e-04
133  0.00017  1.42516e-03 |134  0.00518  3.54008e-03 |135  0.00317  7.30352e-04
136 -0.00171  3.76558e-03 |137 -0.00000  1.78824e-06 |138  0.05015  3.75610e-03
139 -0.58266 -8.89204e-07 |140  0.03630 -2.79482e-03 |141 -0.38525 -3.61752e-04
142  0.81951  2.73950e-02 |143 -0.04098  5.58231e-04 |144  0.30916 -1.39778e-04
145 -0.24609  2.30644e-04 |146  0.18639  1.25685e-03 |147 -0.58586 -5.14508e-06
148 -0.00517 -1.62338e-03 |149 -0.41798  4.88623e-03 |150  0.82277  2.52151e-02
151  0.15509 -1.91492e-04 |152 -0.02937 -1.83428e-03 |153 -0.11794  3.06607e-04
154  0.13212  1.53159e-03 |155  0.05646 -2.02940e-03 |156  0.16307  3.84331e-04
157 -0.03783 -1.01263e-03 |158 -0.00055 -2.72873e-06 |159 -0.00054 -2.67125e-06
160  0.00043  2.11202e-06 |161  0.00043  2.10732e-06 |162 -0.00009 -4.46446e-07
163 -0.00043 -2.11616e-06 |164 -0.00025 -1.24596e-06 |165  0.00038  1.85619e-06
166 -0.00009 -4.45507e-07 |167  0.00043  2.11640e-06 |168  0.00012  5.98834e-07
169  0.00031  1.52385e-06 |170 -0.00006 -2.87001e-07 |171  0.10698  1.16834e-03
172 -0.54336 -3.53163e-06 |173  0.07492 -2.59515e-03 |174 -0.41920  2.75653e-04
175 -0.13663  2.83264e-03 |176  0.07522  3.52747e-03 |177 -0.17546  4.92334e-03
178 -0.15183  5.16585e-04 |179 -0.99999 -5.20109e-04 |180 -0.13513  2.66574e-03
181  0.26554  4.68899e-04 |182  0.02333 -7.43160e-04 |183  0.00006  2.78442e-07
184 -0.00031 -1.51003e-06 |185  0.00013  6.53566e-07 |186  0.00028  1.40488e-06
187 -0.00005 -2.49797e-07 |

 - final statistics:
187 variables; iteration 106; function evaluation 155
Function value 4.8594e+03; maximum gradient component mag 8.6807e-04
Exit code = 1;  converg criter 1.0000e-03
Var    Value     Gradient |Var    Value     Gradient |Var    Value     Gradient
  1 -0.38863 -2.86614e-04 |  2  0.59777 -3.51862e-04 |  3 -0.09949 -7.22979e-04
  4 -0.18748 -5.96188e-04 |  5 -0.68238 -6.90495e-05 |  6 -0.60200 -3.59564e-04
  7 -0.41937 -2.29840e-04 |  8  0.53036 -1.38709e-04 |  9 -0.18410 -4.66152e-04
 10 -0.08356 -2.48172e-04 | 11 -0.51580 -4.46820e-05 | 12 -0.63599 -2.65894e-05
 13  0.02007  2.89406e-05 | 14 -0.00296  1.77801e-05 | 15 -0.00297  1.49542e-05
 16 -0.00296  1.17991e-05 | 17 -0.00294  8.28766e-06 | 18 -0.00291  4.39539e-06
 19 -0.00286  1.01349e-07 | 20 -0.00280 -4.61161e-06 | 21 -0.00273 -9.75782e-06
 22 -0.00264 -1.53500e-05 | 23 -0.00253 -2.14010e-05 | 24 -0.00241 -2.79139e-05
 25 -0.00228 -3.48569e-05 | 26 -0.00212 -4.20993e-05 | 27 -0.00195 -4.92973e-05
 28 -0.00176 -5.57201e-05 | 29 -0.00155 -6.00526e-05 | 30 -0.00132 -6.02864e-05
 31 -0.00107 -5.39202e-05 | 32 -0.00080 -3.87522e-05 | 33 -0.00051 -1.43242e-05
 34 -0.00020  1.62596e-05 | 35  0.00012  4.56580e-05 | 36  0.00046  6.42473e-05
 37  0.00080  6.50168e-05 | 38  0.00115  4.86569e-05 | 39  0.00148  2.42012e-05
 40  0.00179  3.43258e-06 | 41  0.00208 -6.57946e-06 | 42  0.00232 -6.41046e-06
 43  0.00250 -1.26625e-06 | 44  0.00263  3.73726e-06 | 45  0.00268  5.90775e-06
 46  0.00266  4.77976e-06 | 47  0.00258  1.30819e-06 | 48  0.00244 -2.65570e-06
 49  0.00226 -5.02640e-06 | 50  0.00205 -4.75847e-06 | 51  0.00184 -2.54593e-06
 52  0.00165  7.41712e-07 | 53  0.00153  6.48135e-06 | 54  0.00149  1.88318e-05
 55  0.00158  4.11934e-05 | 56  0.00183  6.42489e-05 | 57  0.00227  4.57715e-05
 58  0.00293 -4.45368e-05 | 59  0.00384 -2.68107e-05 | 60  0.00503  1.00868e-04
 61  0.00651 -8.93168e-05 | 62  0.00828  6.62873e-05 | 63  0.01034  1.82912e-04
 64  0.01264 -3.10282e-05 | 65  0.01511  5.68501e-05 | 66  0.01763 -7.34608e-05
 67  0.02005 -2.20731e-05 | 68  0.02216 -2.87773e-05 | 69  0.02374 -2.26620e-05
 70  0.02460 -4.82068e-06 | 71  0.02462 -3.51214e-05 | 72  0.02382 -1.86483e-05
 73  0.02229  2.76097e-05 | 74  0.02016 -3.22444e-05 | 75  0.01751 -7.63338e-05
 76  0.01435 -7.83319e-05 | 77  0.01062  2.93999e-04 | 78  0.00633  5.82202e-05
 79  0.00163  5.02761e-05 | 80 -0.00314  1.38541e-05 | 81 -0.00753  3.31012e-05
 82 -0.01111  3.24531e-05 | 83 -0.01366 -1.33129e-05 | 84 -0.01518  1.51732e-05
 85 -0.01581 -6.45783e-05 | 86 -0.01573  5.78646e-05 | 87 -0.01492  1.36307e-04
 88 -0.01327 -3.00657e-05 | 89 -0.01077 -1.12558e-04 | 90 -0.00790 -9.02261e-05
 91 -0.00546 -9.38090e-05 | 92 -0.00370 -6.30038e-05 | 93 -0.00194  1.87899e-04
 94  0.00052  4.59806e-05 | 95  0.00367 -2.37016e-04 | 96  0.00770  8.41769e-05
 97  0.01341 -8.21955e-05 | 98  0.01931  3.03391e-05 | 99  0.02179  6.60083e-05
100  0.02236  2.12624e-05 |101  0.02568 -1.05438e-04 |102  0.02818 -1.49160e-04
103  0.02524 -5.89129e-05 |104  0.02305  4.46221e-05 |105  0.02127  1.35683e-04
106  0.01940 -5.46970e-05 |107  0.02831 -1.40008e-04 |108  0.01190  1.10912e-04
109 -0.03004 -3.40287e-05 |110 -0.05072 -3.00627e-06 |111 -0.05475 -8.41129e-05
112 -0.04378  5.00728e-05 |113 -0.02064 -7.77219e-05 |114 -0.00156 -6.62140e-05
115  0.01146 -4.32516e-05 |116 -0.00840 -2.13832e-05 |117 -0.02827 -9.97836e-05
118 -0.02885  1.83575e-04 |119 -0.00444 -3.01816e-04 |120 -0.00050 -2.92126e-05
121 -0.00229  1.96027e-04 |122  0.00759 -1.16333e-04 |123  0.01797 -1.50800e-05
124  0.01324 -1.81972e-05 |125 -0.00169 -1.70998e-04 |126 -0.01392  2.34793e-04
127 -0.02799 -1.76478e-04 |128 -0.02417  8.12735e-05 |129 -0.02116 -8.32192e-05
130 -0.01640  3.02103e-04 |131 -0.00981 -5.32100e-05 |132 -0.00609 -2.08413e-05
133  0.00016  1.21873e-04 |134  0.00517  2.84122e-04 |135  0.00316  5.38197e-06
136 -0.00172  2.90777e-04 |137 -0.00000  1.68372e-07 |138  0.05014  2.29142e-05
139 -0.58265 -6.49701e-07 |140  0.03630 -5.94837e-05 |141 -0.38525  3.41070e-05
142  0.81951  6.31220e-05 |143 -0.04098  1.97253e-06 |144  0.30916  9.53979e-06
145 -0.24609  1.51685e-05 |146  0.18640  9.79422e-06 |147 -0.58585 -3.87629e-06
148 -0.00517 -1.66997e-05 |149 -0.41799  7.90124e-05 |150  0.82277  8.68075e-04
151  0.15509  5.20947e-06 |152 -0.02937  3.60233e-06 |153 -0.11795 -5.13861e-06
154  0.13212 -1.72489e-05 |155  0.05646 -5.42044e-05 |156  0.16307 -1.45601e-05
157 -0.03783  3.17068e-05 |158 -0.00055 -2.69418e-06 |159 -0.00053 -2.63743e-06
160  0.00042  2.08528e-06 |161  0.00042  2.08064e-06 |162 -0.00009 -4.40794e-07
163 -0.00042 -2.08937e-06 |164 -0.00025 -1.23019e-06 |165  0.00037  1.83269e-06
166 -0.00009 -4.39867e-07 |167  0.00042  2.08960e-06 |168  0.00012  5.91252e-07
169  0.00030  1.50456e-06 |170 -0.00006 -2.83368e-07 |171  0.10698  3.30439e-05
172 -0.54335 -2.70681e-06 |173  0.07492 -8.21401e-05 |174 -0.41920 -1.15213e-05
175 -0.13664  8.57012e-05 |176  0.07522  4.79761e-05 |177 -0.17545  2.38264e-04
178 -0.15183 -1.15826e-04 |179 -0.99999  9.15346e-06 |180 -0.13513  4.91697e-05
181  0.26553  1.44516e-05 |182  0.02333 -1.98993e-05 |183  0.00006  2.74917e-07
184 -0.00030 -1.49091e-06 |185  0.00013  6.45292e-07 |186  0.00028  1.38709e-06
187 -0.00005 -2.46635e-07 |
Warning: the following parameters had issues
  selparm[63] is within 0.1% of lower bound: -2.00000e+00 < -2.00000e+00 < 2.00000e+01


 - final statistics:
200 variables; iteration 0; function evaluation 0
Function value 4.8594e+03; maximum gradient component mag 8.6807e-04
Exit code = 0;  converg criter 1.0000e-03
Var    Value     Gradient |Var    Value     Gradient |Var    Value     Gradient
  1 -0.38863 -2.86614e-04 |  2  0.59777 -3.51862e-04 |  3 -0.09949 -7.22979e-04
  4 -0.18748 -5.96188e-04 |  5 -0.68238 -6.90495e-05 |  6 -0.60200 -3.59564e-04
  7 -0.41937 -2.29840e-04 |  8  0.53036 -1.38709e-04 |  9 -0.18410 -4.66152e-04
 10 -0.08356 -2.48172e-04 | 11 -0.51580 -4.46820e-05 | 12 -0.63599 -2.65894e-05
 13  0.02007  2.89406e-05 | 14 -0.00296  1.77801e-05 | 15 -0.00297  1.49542e-05
 16 -0.00296  1.17991e-05 | 17 -0.00294  8.28766e-06 | 18 -0.00291  4.39539e-06
 19 -0.00286  1.01349e-07 | 20 -0.00280 -4.61161e-06 | 21 -0.00273 -9.75782e-06
 22 -0.00264 -1.53500e-05 | 23 -0.00253 -2.14010e-05 | 24 -0.00241 -2.79139e-05
 25 -0.00228 -3.48569e-05 | 26 -0.00212 -4.20993e-05 | 27 -0.00195 -4.92973e-05
 28 -0.00176 -5.57201e-05 | 29 -0.00155 -6.00526e-05 | 30 -0.00132 -6.02864e-05
 31 -0.00107 -5.39202e-05 | 32 -0.00080 -3.87522e-05 | 33 -0.00051 -1.43242e-05
 34 -0.00020  1.62596e-05 | 35  0.00012  4.56580e-05 | 36  0.00046  6.42473e-05
 37  0.00080  6.50168e-05 | 38  0.00115  4.86569e-05 | 39  0.00148  2.42012e-05
 40  0.00179  3.43258e-06 | 41  0.00208 -6.57946e-06 | 42  0.00232 -6.41047e-06
 43  0.00250 -1.26625e-06 | 44  0.00263  3.73726e-06 | 45  0.00268  5.90775e-06
 46  0.00266  4.77976e-06 | 47  0.00258  1.30819e-06 | 48  0.00244 -2.65570e-06
 49  0.00226 -5.02640e-06 | 50  0.00205 -4.75847e-06 | 51  0.00184 -2.54593e-06
 52  0.00165  7.41711e-07 | 53  0.00153  6.48135e-06 | 54  0.00149  1.88318e-05
 55  0.00158  4.11934e-05 | 56  0.00183  6.42489e-05 | 57  0.00227  4.57715e-05
 58  0.00293 -4.45368e-05 | 59  0.00384 -2.68107e-05 | 60  0.00503  1.00868e-04
 61  0.00651 -8.93168e-05 | 62  0.00828  6.62873e-05 | 63  0.01034  1.82912e-04
 64  0.01264 -3.10282e-05 | 65  0.01511  5.68501e-05 | 66  0.01763 -7.34608e-05
 67  0.02005 -2.20731e-05 | 68  0.02216 -2.87773e-05 | 69  0.02374 -2.26620e-05
 70  0.02460 -4.82068e-06 | 71  0.02462 -3.51214e-05 | 72  0.02382 -1.86483e-05
 73  0.02229  2.76096e-05 | 74  0.02016 -3.22444e-05 | 75  0.01751 -7.63338e-05
 76  0.01435 -7.83319e-05 | 77  0.01062  2.93999e-04 | 78  0.00633  5.82202e-05
 79  0.00163  5.02761e-05 | 80 -0.00314  1.38541e-05 | 81 -0.00753  3.31012e-05
 82 -0.01111  3.24531e-05 | 83 -0.01366 -1.33129e-05 | 84 -0.01518  1.51732e-05
 85 -0.01581 -6.45783e-05 | 86 -0.01573  5.78646e-05 | 87 -0.01492  1.36307e-04
 88 -0.01327 -3.00657e-05 | 89 -0.01077 -1.12558e-04 | 90 -0.00790 -9.02261e-05
 91 -0.00546 -9.38090e-05 | 92 -0.00370 -6.30038e-05 | 93 -0.00194  1.87899e-04
 94  0.00052  4.59806e-05 | 95  0.00367 -2.37016e-04 | 96  0.00770  8.41769e-05
 97  0.01341 -8.21955e-05 | 98  0.01931  3.03391e-05 | 99  0.02179  6.60083e-05
100  0.02236  2.12624e-05 |101  0.02568 -1.05438e-04 |102  0.02818 -1.49160e-04
103  0.02524 -5.89129e-05 |104  0.02305  4.46222e-05 |105  0.02127  1.35683e-04
106  0.01940 -5.46970e-05 |107  0.02831 -1.40008e-04 |108  0.01190  1.10912e-04
109 -0.03004 -3.40287e-05 |110 -0.05072 -3.00627e-06 |111 -0.05475 -8.41129e-05
112 -0.04378  5.00728e-05 |113 -0.02064 -7.77219e-05 |114 -0.00156 -6.62140e-05
115  0.01146 -4.32516e-05 |116 -0.00840 -2.13832e-05 |117 -0.02827 -9.97836e-05
118 -0.02885  1.83575e-04 |119 -0.00444 -3.01816e-04 |120 -0.00050 -2.92125e-05
121 -0.00229  1.96027e-04 |122  0.00759 -1.16333e-04 |123  0.01797 -1.50800e-05
124  0.01324 -1.81972e-05 |125 -0.00169 -1.70998e-04 |126 -0.01392  2.34793e-04
127 -0.02799 -1.76478e-04 |128 -0.02417  8.12735e-05 |129 -0.02116 -8.32192e-05
130 -0.01640  3.02103e-04 |131 -0.00981 -5.32100e-05 |132 -0.00609 -2.08413e-05
133  0.00016  1.21873e-04 |134  0.00517  2.84122e-04 |135  0.00316  5.38197e-06
136 -0.00172  2.90777e-04 |137 -0.00000  1.68372e-07 |138  0.00000  0.00000e+00
139  0.00000  0.00000e+00 |140  0.00000  0.00000e+00 |141  0.00000  0.00000e+00
142  0.00000  0.00000e+00 |143  0.00000  0.00000e+00 |144  0.00000  0.00000e+00
145  0.00000  0.00000e+00 |146  0.00000  0.00000e+00 |147  0.00000  0.00000e+00
148  0.00000  0.00000e+00 |149  0.00000  0.00000e+00 |150  0.00000  0.00000e+00
151  0.05014  2.29142e-05 |152 -0.58265 -6.49701e-07 |153  0.03630 -5.94836e-05
154 -0.38525  3.41070e-05 |155  0.81951  6.31216e-05 |156 -0.04098  1.97253e-06
157  0.30916  9.53979e-06 |158 -0.24609  1.51685e-05 |159  0.18640  9.79421e-06
160 -0.58585 -3.87629e-06 |161 -0.00517 -1.66997e-05 |162 -0.41799  7.90124e-05
163  0.82277  8.68075e-04 |164  0.15509  5.20946e-06 |165 -0.02937  3.60233e-06
166 -0.11795 -5.13861e-06 |167  0.13212 -1.72489e-05 |168  0.05646 -5.42044e-05
169  0.16307 -1.45601e-05 |170 -0.03783  3.17068e-05 |171 -0.00055 -2.69418e-06
172 -0.00053 -2.63743e-06 |173  0.00042  2.08528e-06 |174  0.00042  2.08064e-06
175 -0.00009 -4.40794e-07 |176 -0.00042 -2.08937e-06 |177 -0.00025 -1.23019e-06
178  0.00037  1.83269e-06 |179 -0.00009 -4.39867e-07 |180  0.00042  2.08960e-06
181  0.00012  5.91252e-07 |182  0.00030  1.50456e-06 |183 -0.00006 -2.83368e-07
184  0.10698  3.30439e-05 |185 -0.54335 -2.70681e-06 |186  0.07492 -8.21401e-05
187 -0.41920 -1.15213e-05 |188 -0.13664  8.57012e-05 |189  0.07522  4.79761e-05
190 -0.17545  2.38264e-04 |191 -0.15183 -1.15826e-04 |192 -0.99999  9.15988e-06
193 -0.13513  4.91697e-05 |194  0.26553  1.44516e-05 |195  0.02333 -1.98993e-05
196  0.00006  2.74917e-07 |197 -0.00030 -1.49091e-06 |198  0.00013  6.45292e-07
199  0.00028  1.38709e-06 |200 -0.00005 -2.46635e-07 |
size of file gradfil1.tmp = 0
size of file gradfil2.tmp = 0
size of file varssave.tmp = 0
size of file cmpdiff.tmp = 600000024
