
 - final statistics:
3 variables; iteration 0; function evaluation 0
Function value 7.0707e+03; maximum gradient component mag -1.2512e-04
Exit code = 0;  converg criter 1.0000e+01
Var    Value     Gradient |Var    Value     Gradient |Var    Value     Gradient
  1  0.82552 -5.62774e-05 |  2 -0.64808 -1.25124e-04 |  3 -0.99393  6.18941e-07

 - final statistics:
15 variables; iteration 0; function evaluation 0
Function value 7.0707e+03; maximum gradient component mag 2.4893e+00
Exit code = 0;  converg criter 1.0000e+01
Var    Value     Gradient |Var    Value     Gradient |Var    Value     Gradient
  1 -0.38767 -1.51436e-01 |  2  0.35802 -1.34326e+00 |  3 -0.14696  1.36403e+00
  4  0.02639 -1.84469e-02 |  5 -0.68375  4.56513e-02 |  6 -0.61919  2.27996e+00
  7 -0.41866  7.03376e-01 |  8  0.35663  1.95709e+00 |  9 -0.20076 -5.28646e-01
 10  0.08187  9.35252e-01 | 11 -0.61141 -5.25499e-02 | 12 -0.63626  2.48926e+00
 13  0.82552 -5.62774e-05 | 14 -0.64808 -1.25124e-04 | 15 -0.99393  6.18941e-07

Initial statistics: 174 variables; iteration 0; function evaluation 0; phase 3
Function value 7.0707008e+03; maximum gradient component mag 5.5264e+00
Var    Value     Gradient |Var    Value     Gradient |Var    Value     Gradient
  1 -0.38767 -1.51436e-01 |  2  0.35802 -1.34326e+00 |  3 -0.14696  1.36403e+00
  4  0.02639 -1.84469e-02 |  5 -0.68375  4.56513e-02 |  6 -0.61919  2.27996e+00
  7 -0.41866  7.03376e-01 |  8  0.35663  1.95709e+00 |  9 -0.20076 -5.28646e-01
 10  0.08187  9.35252e-01 | 11 -0.61141 -5.25499e-02 | 12 -0.63626  2.48926e+00
 13  0.82552 -5.62774e-05 | 14 -0.00261  4.75318e-04 | 15 -0.00262  4.99600e-04
 16 -0.00263  5.11408e-04 | 17 -0.00262  5.34390e-04 | 18 -0.00261  5.57548e-04
 19 -0.00258  5.83807e-04 | 20 -0.00255  6.08779e-04 | 21 -0.00250  6.31366e-04
 22 -0.00244  6.57729e-04 | 23 -0.00237  6.87291e-04 | 24 -0.00229  7.18707e-04
 25 -0.00219  7.41562e-04 | 26 -0.00208  7.75227e-04 | 27 -0.00196  8.12744e-04
 28 -0.00182  8.39732e-04 | 29 -0.00167  8.78407e-04 | 30 -0.00151  9.14440e-04
 31 -0.00133  9.52525e-04 | 32 -0.00114  9.91862e-04 | 33 -0.00093  1.03160e-03
 34 -0.00072  1.07316e-03 | 35 -0.00049  1.11810e-03 | 36 -0.00026  1.16211e-03
 37 -0.00002  1.21107e-03 | 38  0.00020  1.25412e-03 | 39  0.00041  1.31016e-03
 40  0.00060  1.35422e-03 | 41  0.00075  1.40204e-03 | 42  0.00086  1.44958e-03
 43  0.00091  1.49945e-03 | 44  0.00090  1.54943e-03 | 45  0.00083  1.58996e-03
 46  0.00069  1.63290e-03 | 47  0.00050  1.68256e-03 | 48  0.00026  1.71949e-03
 49 -0.00001  1.73968e-03 | 50 -0.00030  1.77606e-03 | 51 -0.00056  1.80543e-03
 52 -0.00079  1.80946e-03 | 53 -0.00094  1.81157e-03 | 54 -0.00099  1.82783e-03
 55 -0.00091  1.80391e-03 | 56 -0.00066  1.78759e-03 | 57 -0.00022  1.74409e-03
 58  0.00045  1.69150e-03 | 59  0.00137  1.60989e-03 | 60  0.00256  1.49520e-03
 61  0.00404  1.36955e-03 | 62  0.00580  1.20229e-03 | 63  0.00783  9.72717e-04
 64  0.01011  6.90811e-04 | 65  0.01256  3.64982e-04 | 66  0.01508 -5.48931e-05
 67  0.01752 -5.66786e-04 | 68  0.01970 -1.14251e-03 | 69  0.02143 -1.82494e-03
 70  0.02254 -2.60481e-03 | 71  0.02293 -3.42889e-03 | 72  0.02261 -4.33648e-03
 73  0.02168 -5.22539e-03 | 74  0.02023 -6.14049e-03 | 75  0.01831 -7.01032e-03
 76  0.01590 -7.79788e-03 | 77  0.01291 -8.42673e-03 | 78  0.00931 -8.80602e-03
 79  0.00522 -8.88051e-03 | 80  0.00097 -8.52141e-03 | 81 -0.00296 -7.68524e-03
 82 -0.00620 -6.24763e-03 | 83 -0.00860 -3.99271e-03 | 84 -0.01033 -6.21762e-04
 85 -0.01173  4.25164e-03 | 86 -0.01293  1.09802e-02 | 87 -0.01352  2.01643e-02
 88 -0.01312  3.26504e-02 | 89 -0.01209  4.94276e-02 | 90 -0.00933  7.23183e-02
 91 -0.00485  1.03720e-01 | 92  0.00133  1.46893e-01 | 93  0.00519  2.00085e-01
 94  0.00820  2.65929e-01 | 95  0.01087  3.46896e-01 | 96  0.00611  4.20351e-01
 97  0.00747  5.25792e-01 | 98  0.02557  7.36405e-01 | 99  0.01874  8.31634e-01
100  0.00021  8.35019e-01 |101  0.01997  1.09475e+00 |102  0.08630  1.95927e+00
103  0.03406  1.32361e+00 |104 -0.00555  8.85618e-01 |105  0.00548  7.25628e-01
106  0.01794  3.27279e-01 |107  0.03196 -4.13225e-01 |108 -0.00073 -1.06772e+00
109 -0.06704 -1.07020e+00 |110 -0.08406 -1.19511e+00 |111 -0.08247 -1.23022e+00
112 -0.04737 -1.47157e+00 |113  0.06416 -5.11531e+00 |114  0.01510 -4.98104e+00
115  0.00908 -4.14791e+00 |116 -0.04026 -9.79999e-01 |117 -0.08121 -8.13270e-01
118 -0.03137 -2.54634e+00 |119 -0.02415 -2.32933e+00 |120 -0.04966 -8.36825e-01
121  0.00275  3.45926e-01 |122  0.03969  1.82552e+00 |123 -0.00317  2.90875e+00
124  0.04570  5.52635e+00 |125 -0.01655  1.36037e+00 |126  0.10265  1.54000e+00
127 -0.01123  2.85642e-01 |128 -0.05016  1.92960e-01 |129 -0.06006 -3.83180e-02
130 -0.02641  1.99508e-01 |131  0.08554  1.69262e+00 |132  0.02400  1.32618e+00
133  0.01266  2.77265e-01 |134 -0.03397 -6.62360e-02 |135 -0.01914 -6.85158e-02
136 -0.00406 -2.78173e-02 |137 -0.00000  6.59064e-08 |138 -0.64808 -1.25124e-04
139 -0.99393  6.18941e-07 |140  0.03121 -7.56353e-05 |141 -0.58651 -1.12829e-07
142  0.03495  5.92468e-05 |143 -0.10991 -1.03009e-03 |144  0.20000  1.06164e-03
145  0.16748 -1.17013e-04 |146 -0.58136  1.33598e-07 |147 -0.00720  4.95207e-05
148  0.12386 -6.32678e-05 |149 -0.04033  7.19477e-05 |150  0.09532  4.87115e-05
151  0.04853 -6.12432e-05 |152  0.14563 -1.04788e-05 |153 -0.03738 -1.96672e-06
154 -0.58548  8.88803e-06 |155 -0.50980  3.44295e-08 |156 -0.20972 -6.47177e-06
157 -0.21217  7.80598e-05 |158  0.19395 -6.14314e-05 |159  0.08261 -6.12707e-06
160 -0.39563 -1.13653e-05 |161 -0.20088 -2.22653e-07 |162 -0.03778  2.83060e-06
163  0.08906  1.80619e-04 |164 -0.52696  1.17506e-07 |165  0.07864 -1.21998e-04
166  0.06407 -2.62755e-05 |167 -0.17462 -2.81808e-04 |168 -0.15651 -7.65481e-05
169  0.22776  3.00763e-06 |170  0.01200 -1.25586e-06 |171 -0.36298 -2.39840e-05
172 -0.44269 -2.56845e-07 |173 -0.04126 -1.70127e-05 |174 -0.30026 -7.34534e-05

Intermediate statistics: 174 variables; iteration 20; function evaluation 25; phase 3
Function value 7.0706506e+03; maximum gradient component mag 2.0133e+01
Var    Value     Gradient |Var    Value     Gradient |Var    Value     Gradient
  1 -0.38822 -2.87175e+00 |  2  0.35804  9.95093e+00 |  3 -0.14699  1.09545e+01
  4  0.02670  9.04824e+00 |  5 -0.68440 -2.25702e-01 |  6 -0.61933 -2.25570e+00
  7 -0.41894  7.81657e+00 |  8  0.35659  1.52657e+01 |  9 -0.20063  2.01329e+01
 10  0.08224  1.25264e+01 | 11 -0.61263 -2.32391e-01 | 12 -0.63641 -3.79885e+00
 13  0.82499 -2.57505e-01 | 14 -0.00270 -2.64549e-02 | 15 -0.00272 -2.72960e-02
 16 -0.00272 -2.81616e-02 | 17 -0.00272 -2.90480e-02 | 18 -0.00271 -2.99568e-02
 19 -0.00268 -3.08874e-02 | 20 -0.00265 -3.18401e-02 | 21 -0.00260 -3.28148e-02
 22 -0.00254 -3.38098e-02 | 23 -0.00247 -3.48243e-02 | 24 -0.00239 -3.58575e-02
 25 -0.00230 -3.69100e-02 | 26 -0.00219 -3.79771e-02 | 27 -0.00206 -3.90584e-02
 28 -0.00193 -4.01542e-02 | 29 -0.00178 -4.12590e-02 | 30 -0.00162 -4.23727e-02
 31 -0.00144 -4.34920e-02 | 32 -0.00124 -4.46143e-02 | 33 -0.00104 -4.57366e-02
 34 -0.00082 -4.68550e-02 | 35 -0.00059 -4.79650e-02 | 36 -0.00035 -4.90626e-02
 37 -0.00012 -5.01409e-02 | 38  0.00011 -5.11952e-02 | 39  0.00033 -5.22144e-02
 40  0.00052 -5.31939e-02 | 41  0.00068 -5.41214e-02 | 42  0.00079 -5.49870e-02
 43  0.00085 -5.57797e-02 | 44  0.00085 -5.64898e-02 | 45  0.00078 -5.71097e-02
 46  0.00065 -5.76305e-02 | 47  0.00047 -5.80471e-02 | 48  0.00024 -5.83617e-02
 49 -0.00003 -5.85775e-02 | 50 -0.00030 -5.86948e-02 | 51 -0.00056 -5.87267e-02
 52 -0.00077 -5.86879e-02 | 53 -0.00092 -5.85888e-02 | 54 -0.00096 -5.84427e-02
 55 -0.00087 -5.82761e-02 | 56 -0.00061 -5.80996e-02 | 57 -0.00015 -5.79381e-02
 58  0.00052 -5.78082e-02 | 59  0.00145 -5.77329e-02 | 60  0.00266 -5.77317e-02
 61  0.00414 -5.78184e-02 | 62  0.00591 -5.80134e-02 | 63  0.00796 -5.83310e-02
 64  0.01025 -5.87728e-02 | 65  0.01271 -5.93264e-02 | 66  0.01524 -5.99728e-02
 67  0.01769 -6.06581e-02 | 68  0.01989 -6.12967e-02 | 69  0.02163 -6.18036e-02
 70  0.02274 -6.20917e-02 | 71  0.02315 -6.21049e-02 | 72  0.02284 -6.18721e-02
 73  0.02191 -6.14445e-02 | 74  0.02047 -6.09268e-02 | 75  0.01856 -6.03740e-02
 76  0.01616 -5.98086e-02 | 77  0.01317 -5.92220e-02 | 78  0.00957 -5.86303e-02
 79  0.00548 -5.81290e-02 | 80  0.00124 -5.77407e-02 | 81 -0.00269 -5.78459e-02
 82 -0.00592 -5.86217e-02 | 83 -0.00832 -6.00957e-02 | 84 -0.01005 -6.20611e-02
 85 -0.01144 -6.40730e-02 | 86 -0.01263 -6.55757e-02 | 87 -0.01322 -6.66309e-02
 88 -0.01280 -6.78380e-02 | 89 -0.01177 -6.81642e-02 | 90 -0.00900 -6.81962e-02
 91 -0.00451 -6.80913e-02 | 92  0.00170 -6.98012e-02 | 93  0.00556 -6.88243e-02
 94  0.00858 -6.02132e-02 | 95  0.01124 -5.09919e-02 | 96  0.00644 -3.06040e-02
 97  0.00775  9.63161e-03 | 98  0.02585  4.58917e-02 | 99  0.01896  7.44300e-02
100  0.00032  1.27596e-01 |101  0.02001  1.97083e-01 |102  0.08637  3.72262e-01
103  0.03407  2.28572e-01 |104 -0.00550  2.26541e-01 |105  0.00566  2.76263e-01
106  0.01829  2.60141e-01 |107  0.03248  1.51210e-01 |108  0.00025 -4.93070e-02
109 -0.06607 -2.19923e-02 |110 -0.08297  3.75748e-03 |111 -0.08140  7.56187e-02
112 -0.04695  1.41648e-01 |113  0.06516 -1.75710e-01 |114  0.01820 -5.11523e-01
115  0.01141 -4.22864e-01 |116 -0.04122 -1.56809e-01 |117 -0.08175 -1.95056e-02
118 -0.02905 -2.48026e-01 |119 -0.02178 -2.65189e-01 |120 -0.04873 -3.36418e-02
121  0.00260  2.80251e-01 |122  0.03917  6.28274e-01 |123 -0.00557  6.68778e-01
124  0.04051  1.14469e+00 |125 -0.01743  3.02767e-01 |126  0.10101  4.05802e-01
127 -0.01202  5.33033e-02 |128 -0.05101  4.50422e-02 |129 -0.06031  3.33252e-02
130 -0.02718  1.44057e-02 |131  0.08188  1.32589e-01 |132  0.02072  1.50679e-01
133  0.01151  7.22897e-02 |134 -0.03398  1.96120e-02 |135 -0.01899  2.99778e-02
136 -0.00399  6.27947e-03 |137 -0.00000  1.35655e-07 |138 -0.64878 -2.43039e-01
139 -0.99393 -3.32068e-03 |140  0.03133  1.44858e+00 |141 -0.58651  5.66698e-05
142  0.03507 -1.17322e+00 |143 -0.10990 -9.58949e-04 |144  0.19999  1.04225e-03
145  0.16769  8.07709e-01 |146 -0.58136  5.05173e-05 |147 -0.00686 -6.59327e-01
148  0.12434 -1.45643e-01 |149 -0.03978  1.73857e-01 |150  0.09571  1.88702e-01
151  0.04904 -1.76260e-01 |152  0.14568 -1.13306e-01 |153 -0.03740  1.69365e-01
154 -0.58560 -6.62012e-02 |155 -0.50980 -2.38237e-04 |156 -0.20970  1.42046e-04
157 -0.21226 -8.01998e-01 |158  0.19362  9.81738e-03 |159  0.08228 -1.01507e-02
160 -0.39612  1.74554e-02 |161 -0.20070  1.09300e-02 |162 -0.03748  7.97424e-02
163  0.08896 -1.80540e-02 |164 -0.52696 -1.45584e-05 |165  0.07856  8.09380e-02
166  0.06394 -3.30142e+00 |167 -0.17468 -3.51826e+00 |168 -0.15663  6.24735e-01
169  0.22795 -2.35073e-02 |170  0.01263 -3.15415e-02 |171 -0.36271 -2.74534e-01
172 -0.44269 -1.34357e-03 |173 -0.04116  9.38455e-02 |174 -0.30031 -4.36737e-01
174 variables; iteration 40; function evaluation 46; phase 3
Function value 7.0706448e+03; maximum gradient component mag 7.8132e+00
Var    Value     Gradient |Var    Value     Gradient |Var    Value     Gradient
  1 -0.38817 -1.10652e+00 |  2  0.35804  3.93473e+00 |  3 -0.14705  4.30841e+00
  4  0.02663  3.42597e+00 |  5 -0.68448 -1.50379e-01 |  6 -0.61929 -8.67730e-01
  7 -0.41909  3.07710e+00 |  8  0.35650  5.88215e+00 |  9 -0.20074  7.81322e+00
 10  0.08223  4.92756e+00 | 11 -0.61266 -7.91034e-02 | 12 -0.63634 -1.49053e+00
 13  0.82413 -2.34030e-01 | 14 -0.00266  4.44747e-03 | 15 -0.00267  4.09996e-03
 16 -0.00268  3.69277e-03 | 17 -0.00267  3.24706e-03 | 18 -0.00266  2.74780e-03
 19 -0.00264  2.19423e-03 | 20 -0.00261  1.57766e-03 | 21 -0.00256  8.92417e-04
 22 -0.00251  1.40109e-04 | 23 -0.00244 -6.85056e-04 | 24 -0.00236 -1.58994e-03
 25 -0.00226 -2.59106e-03 | 26 -0.00216 -3.67391e-03 | 27 -0.00204 -4.85127e-03
 28 -0.00190 -6.14327e-03 | 29 -0.00176 -7.53099e-03 | 30 -0.00160 -9.03271e-03
 31 -0.00142 -1.06453e-02 | 32 -0.00123 -1.23695e-02 | 33 -0.00103 -1.42041e-02
 34 -0.00082 -1.61427e-02 | 35 -0.00060 -1.81758e-02 | 36 -0.00037 -2.02969e-02
 37 -0.00014 -2.24847e-02 | 38  0.00009 -2.47314e-02 | 39  0.00030 -2.69930e-02
 40  0.00048 -2.92673e-02 | 41  0.00063 -3.15031e-02 | 42  0.00074 -3.36656e-02
 43  0.00079 -3.57077e-02 | 44  0.00079 -3.75834e-02 | 45  0.00072 -3.92524e-02
 46  0.00058 -4.06509e-02 | 47  0.00039 -4.17259e-02 | 48  0.00016 -4.24569e-02
 49 -0.00010 -4.28172e-02 | 50 -0.00038 -4.27548e-02 | 51 -0.00063 -4.22952e-02
 52 -0.00084 -4.14771e-02 | 53 -0.00098 -4.03123e-02 | 54 -0.00102 -3.88365e-02
 55 -0.00092 -3.71724e-02 | 56 -0.00066 -3.53414e-02 | 57 -0.00020 -3.34557e-02
 58  0.00049 -3.15694e-02 | 59  0.00142 -2.97720e-02 | 60  0.00263 -2.81296e-02
 61  0.00412 -2.66730e-02 | 62  0.00590 -2.54855e-02 | 63  0.00795 -2.46356e-02
 64  0.01023 -2.41527e-02 | 65  0.01270 -2.40571e-02 | 66  0.01523 -2.44053e-02
 67  0.01768 -2.51695e-02 | 68  0.01988 -2.62875e-02 | 69  0.02162 -2.77562e-02
 70  0.02273 -2.95619e-02 | 71  0.02313 -3.17085e-02 | 72  0.02282 -3.42547e-02
 73  0.02189 -3.72002e-02 | 74  0.02044 -4.06064e-02 | 75  0.01853 -4.44615e-02
 76  0.01611 -4.87302e-02 | 77  0.01312 -5.33148e-02 | 78  0.00950 -5.80970e-02
 79  0.00540 -6.29993e-02 | 80  0.00115 -6.76648e-02 | 81 -0.00278 -7.20758e-02
 82 -0.00602 -7.59956e-02 | 83 -0.00842 -7.91850e-02 | 84 -0.01015 -8.13340e-02
 85 -0.01154 -8.18627e-02 | 86 -0.01272 -8.01816e-02 | 87 -0.01329 -7.72219e-02
 88 -0.01286 -7.35576e-02 | 89 -0.01180 -6.52999e-02 | 90 -0.00900 -5.77988e-02
 91 -0.00448 -5.00569e-02 | 92  0.00172 -5.03922e-02 | 93  0.00559 -4.65366e-02
 94  0.00859 -3.93132e-02 | 95  0.01123 -3.64846e-02 | 96  0.00645 -1.42410e-02
 97  0.00780  2.23114e-02 | 98  0.02585  3.08390e-02 | 99  0.01895  4.08709e-02
100  0.00042  9.75242e-02 |101  0.01998  8.30892e-02 |102  0.08636  1.20019e-01
103  0.03389  2.42895e-02 |104 -0.00550  6.49305e-02 |105  0.00566  7.24394e-02
106  0.01816  2.22294e-02 |107  0.03263  3.49469e-02 |108  0.00019 -1.37487e-01
109 -0.06607 -8.65206e-02 |110 -0.08294 -5.35955e-02 |111 -0.08148 -4.94458e-02
112 -0.04693  2.95227e-02 |113  0.06517 -1.03839e-01 |114  0.01850 -1.53662e-01
115  0.01159 -1.68640e-01 |116 -0.04128 -5.22842e-02 |117 -0.08176 -6.10550e-03
118 -0.02889 -1.41194e-01 |119 -0.02175 -1.94728e-01 |120 -0.04859 -8.45030e-03
121  0.00256  1.09230e-01 |122  0.03876  1.76304e-01 |123 -0.00596  2.45667e-01
124  0.03963  4.08333e-01 |125 -0.01776  8.00525e-02 |126  0.10062  1.13069e-01
127 -0.01218  4.45790e-04 |128 -0.05127 -3.71824e-02 |129 -0.06058 -5.94237e-02
130 -0.02728 -5.68210e-03 |131  0.08162  8.25734e-02 |132  0.02021 -1.44477e-02
133  0.01109 -6.99941e-02 |134 -0.03346  2.15647e-01 |135 -0.01865  1.11731e-01
136 -0.00399 -1.26167e-02 |137 -0.00000 -1.11556e-06 |138 -0.64836 -2.71277e-01
139 -0.99400 -2.05327e-03 |140  0.03127  4.66598e-01 |141 -0.58651  1.05510e-05
142  0.03512 -5.55516e-01 |143 -0.10927 -9.61943e-04 |144  0.19932  1.04012e-03
145  0.16763  2.10286e-01 |146 -0.58138  1.70081e-05 |147 -0.00683 -3.69592e-01
148  0.12524 -4.24358e-02 |149 -0.03878  3.40527e-01 |150  0.09516 -7.63790e-02
151  0.04874 -1.47462e-01 |152  0.14577 -1.02753e-02 |153 -0.03739  6.42813e-02
154 -0.58644 -2.48743e-02 |155 -0.50980 -1.12524e-04 |156 -0.21068 -2.76065e-02
157 -0.21201 -2.78973e-01 |158  0.19359 -6.72473e-02 |159  0.08236  1.37336e-01
160 -0.40361 -5.18391e-02 |161 -0.19840  5.11006e-02 |162 -0.04344 -1.46381e-01
163  0.08885 -1.09164e-01 |164 -0.52695 -9.48732e-05 |165  0.07839 -2.20061e-01
166  0.06405 -1.30370e+00 |167 -0.17467 -1.33947e+00 |168 -0.15661  2.72651e-01
169  0.22794 -3.95425e-03 |170  0.01264 -9.61467e-02 |171 -0.36234  6.46778e-02
172 -0.44285  3.34398e-05 |173 -0.04121 -1.38338e-01 |174 -0.30025  2.92964e-04

 - final statistics:
174 variables; iteration 52; function evaluation 58
Function value 7.0706e+03; maximum gradient component mag 9.9218e-01
Exit code = 1;  converg criter 1.0000e+00
Var    Value     Gradient |Var    Value     Gradient |Var    Value     Gradient
  1 -0.38827 -2.00125e-01 |  2  0.35804  5.35031e-01 |  3 -0.14711  5.72234e-01
  4  0.02660  3.96199e-01 |  5 -0.68426  7.85402e-02 |  6 -0.61928 -1.23186e-01
  7 -0.41932  3.43575e-01 |  8  0.35648  6.86900e-01 |  9 -0.20080  9.92182e-01
 10  0.08218  6.94333e-01 | 11 -0.61272 -6.40551e-02 | 12 -0.63627 -2.06000e-01
 13  0.82385 -1.31621e-01 | 14 -0.00272  3.05297e-03 | 15 -0.00273  3.23908e-03
 16 -0.00274  3.43171e-03 | 17 -0.00273  3.62094e-03 | 18 -0.00272  3.80944e-03
 19 -0.00270  3.99467e-03 | 20 -0.00266  4.17667e-03 | 21 -0.00261  4.35424e-03
 22 -0.00256  4.52333e-03 | 23 -0.00249  4.68233e-03 | 24 -0.00240  4.82972e-03
 25 -0.00231  4.96730e-03 | 26 -0.00220  5.08528e-03 | 27 -0.00207  5.18353e-03
 28 -0.00194  5.26451e-03 | 29 -0.00179  5.31598e-03 | 30 -0.00162  5.33957e-03
 31 -0.00144  5.32892e-03 | 32 -0.00125  5.27946e-03 | 33 -0.00104  5.18631e-03
 34 -0.00082  5.04314e-03 | 35 -0.00059  4.84313e-03 | 36 -0.00035  4.58131e-03
 37 -0.00012  4.24742e-03 | 38  0.00012  3.83732e-03 | 39  0.00033  3.33175e-03
 40  0.00052  2.72946e-03 | 41  0.00068  2.00821e-03 | 42  0.00080  1.15271e-03
 43  0.00086  1.42987e-04 | 44  0.00085 -1.03902e-03 | 45  0.00079 -2.40643e-03
 46  0.00066 -3.97879e-03 | 47  0.00047 -5.76553e-03 | 48  0.00023 -7.75585e-03
 49 -0.00003 -9.93563e-03 | 50 -0.00031 -1.22962e-02 | 51 -0.00057 -1.47932e-02
 52 -0.00079 -1.73781e-02 | 53 -0.00094 -2.00185e-02 | 54 -0.00098 -2.26810e-02
 55 -0.00090 -2.53106e-02 | 56 -0.00064 -2.79085e-02 | 57 -0.00019 -3.04557e-02
 58  0.00049 -3.29723e-02 | 59  0.00142 -3.54766e-02 | 60  0.00262 -3.80050e-02
 61  0.00410 -4.06142e-02 | 62  0.00587 -4.33316e-02 | 63  0.00792 -4.61771e-02
 64  0.01020 -4.91696e-02 | 65  0.01266 -5.23021e-02 | 66  0.01519 -5.55035e-02
 67  0.01765 -5.87043e-02 | 68  0.01984 -6.18039e-02 | 69  0.02158 -6.46194e-02
 70  0.02270 -6.69623e-02 | 71  0.02310 -6.86669e-02 | 72  0.02280 -6.96039e-02
 73  0.02187 -6.97466e-02 | 74  0.02043 -6.90517e-02 | 75  0.01853 -6.74853e-02
 76  0.01612 -6.49707e-02 | 77  0.01314 -6.14560e-02 | 78  0.00954 -5.69775e-02
 79  0.00546 -5.16782e-02 | 80  0.00122 -4.57044e-02 | 81 -0.00271 -3.92723e-02
 82 -0.00594 -3.21211e-02 | 83 -0.00833 -2.36325e-02 | 84 -0.01004 -1.30878e-02
 85 -0.01142  4.51148e-05 | 86 -0.01259  1.60627e-02 | 87 -0.01314  3.49853e-02
 88 -0.01268  5.62248e-02 | 89 -0.01160  7.81020e-02 | 90 -0.00878  9.88161e-02
 91 -0.00426  1.15879e-01 | 92  0.00199  1.31888e-01 | 93  0.00587  1.37949e-01
 94  0.00886  1.32090e-01 | 95  0.01152  1.19199e-01 | 96  0.00664  7.90138e-02
 97  0.00780  2.24046e-02 | 98  0.02590 -8.96391e-03 | 99  0.01899 -4.88557e-02
100  0.00024 -7.70308e-02 |101  0.01994 -6.75403e-02 |102  0.08648 -3.44498e-02
103  0.03423  5.39212e-02 |104 -0.00528  1.04246e-01 |105  0.00588  1.14808e-01
106  0.01851  9.21277e-02 |107  0.03257  1.01346e-02 |108  0.00053 -1.98782e-02
109 -0.06572  4.74469e-02 |110 -0.08281 -4.10125e-02 |111 -0.08149 -1.26752e-01
112 -0.04665  1.26091e-01 |113  0.06554  1.39533e-01 |114  0.01879 -8.46336e-03
115  0.01171 -1.43896e-01 |116 -0.04112 -9.62243e-03 |117 -0.08163 -5.80393e-03
118 -0.02848  1.98258e-02 |119 -0.02126 -8.12513e-03 |120 -0.04839  3.26044e-02
121  0.00279  8.74597e-02 |122  0.03901  1.11224e-01 |123 -0.00600  9.48559e-02
124  0.03960  1.90242e-01 |125 -0.01771 -9.99269e-03 |126  0.10033 -4.20649e-01
127 -0.01198  1.74751e-02 |128 -0.05119 -4.94634e-02 |129 -0.06010  9.30507e-02
130 -0.02679  1.67626e-01 |131  0.08169  5.69377e-02 |132  0.02026 -4.88815e-02
133  0.01141  8.14814e-03 |134 -0.03355  1.60943e-01 |135 -0.01918 -5.82853e-02
136 -0.00399 -2.09557e-03 |137 -0.00000  3.39376e-07 |138 -0.64841 -1.82566e-01
139 -0.99402 -6.05846e-04 |140  0.03130  4.18717e-02 |141 -0.58651  9.23911e-07
142  0.03520 -6.57042e-02 |143 -0.10880 -9.60200e-04 |144  0.19881  1.03804e-03
145  0.16770  1.30729e-02 |146 -0.58140  2.55874e-05 |147 -0.00674 -4.08036e-02
148  0.12443 -6.31231e-02 |149 -0.03985 -1.48642e-02 |150  0.09614  7.32657e-02
151  0.04939  5.97394e-02 |152  0.14579 -3.62991e-03 |153 -0.03744  1.57946e-02
154 -0.58592  1.54539e-02 |155 -0.50980 -9.99385e-06 |156 -0.21006 -1.49506e-02
157 -0.21209 -5.01175e-02 |158  0.19366  8.56259e-03 |159  0.08232  8.18538e-02
160 -0.39782  6.14193e-03 |161 -0.20018  3.06259e-02 |162 -0.03871  4.19899e-02
163  0.08880 -2.00687e-01 |164 -0.52695 -1.31409e-04 |165  0.07833 -2.39393e-01
166  0.06410 -1.57850e-01 |167 -0.17465 -1.57818e-01 |168 -0.15668  3.36913e-02
169  0.22948  1.48112e-01 |170  0.01356 -1.83939e-01 |171 -0.36183  7.89871e-02
172 -0.44297  3.76127e-04 |173 -0.04075 -6.79200e-02 |174 -0.30041  3.19754e-02

Initial statistics: 189 variables; iteration 0; function evaluation 0; phase 4
Function value 7.0706431e+03; maximum gradient component mag 3.2259e+01
Var    Value     Gradient |Var    Value     Gradient |Var    Value     Gradient
  1 -0.38827 -2.00125e-01 |  2  0.35804  5.35031e-01 |  3 -0.14711  5.72234e-01
  4  0.02660  3.96199e-01 |  5 -0.68426  7.85402e-02 |  6 -0.61928 -1.23186e-01
  7 -0.41932  3.43575e-01 |  8  0.35648  6.86900e-01 |  9 -0.20080  9.92182e-01
 10  0.08218  6.94333e-01 | 11 -0.61272 -6.40551e-02 | 12 -0.63627 -2.06000e-01
 13  0.82385 -1.31621e-01 | 14 -0.00272  3.05297e-03 | 15 -0.00273  3.23908e-03
 16 -0.00274  3.43171e-03 | 17 -0.00273  3.62094e-03 | 18 -0.00272  3.80944e-03
 19 -0.00270  3.99467e-03 | 20 -0.00266  4.17667e-03 | 21 -0.00261  4.35424e-03
 22 -0.00256  4.52333e-03 | 23 -0.00249  4.68233e-03 | 24 -0.00240  4.82972e-03
 25 -0.00231  4.96730e-03 | 26 -0.00220  5.08528e-03 | 27 -0.00207  5.18353e-03
 28 -0.00194  5.26451e-03 | 29 -0.00179  5.31598e-03 | 30 -0.00162  5.33957e-03
 31 -0.00144  5.32892e-03 | 32 -0.00125  5.27946e-03 | 33 -0.00104  5.18631e-03
 34 -0.00082  5.04314e-03 | 35 -0.00059  4.84313e-03 | 36 -0.00035  4.58131e-03
 37 -0.00012  4.24742e-03 | 38  0.00012  3.83732e-03 | 39  0.00033  3.33175e-03
 40  0.00052  2.72946e-03 | 41  0.00068  2.00821e-03 | 42  0.00080  1.15271e-03
 43  0.00086  1.42987e-04 | 44  0.00085 -1.03902e-03 | 45  0.00079 -2.40643e-03
 46  0.00066 -3.97879e-03 | 47  0.00047 -5.76553e-03 | 48  0.00023 -7.75585e-03
 49 -0.00003 -9.93563e-03 | 50 -0.00031 -1.22962e-02 | 51 -0.00057 -1.47932e-02
 52 -0.00079 -1.73781e-02 | 53 -0.00094 -2.00185e-02 | 54 -0.00098 -2.26810e-02
 55 -0.00090 -2.53106e-02 | 56 -0.00064 -2.79085e-02 | 57 -0.00019 -3.04557e-02
 58  0.00049 -3.29723e-02 | 59  0.00142 -3.54766e-02 | 60  0.00262 -3.80050e-02
 61  0.00410 -4.06142e-02 | 62  0.00587 -4.33316e-02 | 63  0.00792 -4.61771e-02
 64  0.01020 -4.91696e-02 | 65  0.01266 -5.23021e-02 | 66  0.01519 -5.55035e-02
 67  0.01765 -5.87043e-02 | 68  0.01984 -6.18039e-02 | 69  0.02158 -6.46194e-02
 70  0.02270 -6.69623e-02 | 71  0.02310 -6.86669e-02 | 72  0.02280 -6.96039e-02
 73  0.02187 -6.97466e-02 | 74  0.02043 -6.90517e-02 | 75  0.01853 -6.74853e-02
 76  0.01612 -6.49707e-02 | 77  0.01314 -6.14560e-02 | 78  0.00954 -5.69775e-02
 79  0.00546 -5.16782e-02 | 80  0.00122 -4.57044e-02 | 81 -0.00271 -3.92723e-02
 82 -0.00594 -3.21211e-02 | 83 -0.00833 -2.36325e-02 | 84 -0.01004 -1.30878e-02
 85 -0.01142  4.51148e-05 | 86 -0.01259  1.60627e-02 | 87 -0.01314  3.49853e-02
 88 -0.01268  5.62248e-02 | 89 -0.01160  7.81020e-02 | 90 -0.00878  9.88161e-02
 91 -0.00426  1.15879e-01 | 92  0.00199  1.31888e-01 | 93  0.00587  1.37949e-01
 94  0.00886  1.32090e-01 | 95  0.01152  1.19199e-01 | 96  0.00664  7.90138e-02
 97  0.00780  2.24046e-02 | 98  0.02590 -8.96391e-03 | 99  0.01899 -4.88557e-02
100  0.00024 -7.70308e-02 |101  0.01994 -6.75403e-02 |102  0.08648 -3.44498e-02
103  0.03423  5.39212e-02 |104 -0.00528  1.04246e-01 |105  0.00588  1.14808e-01
106  0.01851  9.21277e-02 |107  0.03257  1.01346e-02 |108  0.00053 -1.98782e-02
109 -0.06572  4.74469e-02 |110 -0.08281 -4.10125e-02 |111 -0.08149 -1.26752e-01
112 -0.04665  1.26091e-01 |113  0.06554  1.39533e-01 |114  0.01879 -8.46336e-03
115  0.01171 -1.43896e-01 |116 -0.04112 -9.62243e-03 |117 -0.08163 -5.80393e-03
118 -0.02848  1.98258e-02 |119 -0.02126 -8.12513e-03 |120 -0.04839  3.26044e-02
121  0.00279  8.74597e-02 |122  0.03901  1.11224e-01 |123 -0.00600  9.48559e-02
124  0.03960  1.90242e-01 |125 -0.01771 -9.99269e-03 |126  0.10033 -4.20649e-01
127 -0.01198  1.74751e-02 |128 -0.05119 -4.94634e-02 |129 -0.06010  9.30507e-02
130 -0.02679  1.67626e-01 |131  0.08169  5.69377e-02 |132  0.02026 -4.88815e-02
133  0.01141  8.14814e-03 |134 -0.03355  1.60943e-01 |135 -0.01918 -5.82853e-02
136 -0.00399 -2.09557e-03 |137 -0.00000  3.39376e-07 |138 -0.64841 -1.82566e-01
139 -0.99402 -6.05846e-04 |140  0.03130  4.18717e-02 |141 -0.58651  9.23911e-07
142  0.03520 -6.57042e-02 |143 -0.40376 -3.44090e-02 |144  0.81922 -1.28604e+01
145 -0.10880 -9.60200e-04 |146  0.19881  1.03804e-03 |147 -0.23782 -1.97310e-03
148  0.16770  1.30729e-02 |149 -0.58140  2.55874e-05 |150 -0.00674 -4.08036e-02
151 -0.42445 -4.14246e-03 |152  0.82196 -1.82032e+01 |153  0.12443 -6.31231e-02
154 -0.03985 -1.48642e-02 |155 -0.12018 -1.43150e-01 |156  0.09614  7.32657e-02
157  0.04939  5.97394e-02 |158  0.14579 -3.62991e-03 |159 -0.03744  1.57946e-02
160 -0.58592  1.54539e-02 |161 -0.50980 -9.99385e-06 |162 -0.21006 -1.49506e-02
163 -0.21209 -5.01175e-02 |164  0.80064 -3.15382e-01 |165  0.19366  8.56259e-03
166  0.08232  8.18538e-02 |167 -0.25929  1.01067e-01 |168 -0.39782  6.14193e-03
169 -0.20018  3.06259e-02 |170 -0.03871  4.19899e-02 |171 -0.28409  1.71102e-01
172  0.81681  3.22586e+01 |173  0.08880 -2.00687e-01 |174 -0.52695 -1.31409e-04
175  0.07833 -2.39393e-01 |176 -0.40554 -1.31023e-01 |177 -0.14465  1.66500e-01
178  0.06410 -1.57850e-01 |179 -0.17465 -1.57818e-01 |180 -0.15668  3.36913e-02
181 -0.99999  1.18086e-05 |182 -0.13819 -1.02136e-01 |183  0.22948  1.48112e-01
184  0.01356 -1.83939e-01 |185 -0.36183  7.89871e-02 |186 -0.44297  3.76127e-04
187 -0.04075 -6.79200e-02 |188 -0.30041  3.19754e-02 |189  0.80943 -1.33976e+01

Intermediate statistics: 189 variables; iteration 20; function evaluation 24; phase 4
Function value 7.0706411e+03; maximum gradient component mag -1.2042e+00
Var    Value     Gradient |Var    Value     Gradient |Var    Value     Gradient
  1 -0.38821 -6.15259e-01 |  2  0.35801  1.41217e-01 |  3 -0.14721 -5.99567e-01
  4  0.02671 -3.14179e-01 |  5 -0.68448  5.09961e-02 |  6 -0.61924  8.37282e-01
  7 -0.41927  1.15871e-01 |  8  0.35644 -1.01837e+00 |  9 -0.20087  5.22342e-01
 10  0.08226 -5.15638e-01 | 11 -0.61275 -1.48804e-01 | 12 -0.63631 -1.20424e+00
 13  0.82379 -8.75494e-03 | 14 -0.00272  3.35050e-03 | 15 -0.00273  3.46934e-03
 16 -0.00274  3.59125e-03 | 17 -0.00273  3.71402e-03 | 18 -0.00272  3.83822e-03
 19 -0.00270  3.96327e-03 | 20 -0.00266  4.08914e-03 | 21 -0.00262  4.21550e-03
 22 -0.00256  4.34141e-03 | 23 -0.00249  4.46641e-03 | 24 -0.00241  4.59008e-03
 25 -0.00231  4.71271e-03 | 26 -0.00220  4.83198e-03 | 27 -0.00208  4.94773e-03
 28 -0.00194  5.06034e-03 | 29 -0.00179  5.16692e-03 | 30 -0.00163  5.26766e-03
 31 -0.00145  5.36096e-03 | 32 -0.00125  5.44560e-03 | 33 -0.00105  5.52029e-03
 34 -0.00083  5.58338e-03 | 35 -0.00060  5.63306e-03 | 36 -0.00036  5.66789e-03
 37 -0.00012  5.68516e-03 | 38  0.00011  5.68345e-03 | 39  0.00032  5.65777e-03
 40  0.00052  5.60718e-03 | 41  0.00067  5.52579e-03 | 42  0.00079  5.40925e-03
 43  0.00085  5.25217e-03 | 44  0.00085  5.04968e-03 | 45  0.00078  4.79825e-03
 46  0.00065  4.49318e-03 | 47  0.00047  4.13247e-03 | 48  0.00023  3.71914e-03
 49 -0.00003  3.25723e-03 | 50 -0.00030  2.74973e-03 | 51 -0.00056  2.20784e-03
 52 -0.00078  1.64364e-03 | 53 -0.00092  1.06560e-03 | 54 -0.00097  4.82524e-04
 55 -0.00088 -9.14598e-05 | 56 -0.00062 -6.54202e-04 | 57 -0.00017 -1.19794e-03
 58  0.00051 -1.72256e-03 | 59  0.00144 -2.22606e-03 | 60  0.00264 -2.70931e-03
 61  0.00413 -3.17696e-03 | 62  0.00590 -3.62620e-03 | 63  0.00794 -4.05212e-03
 64  0.01023 -4.45066e-03 | 65  0.01269 -4.81394e-03 | 66  0.01522 -5.12113e-03
 67  0.01767 -5.35866e-03 | 68  0.01987 -5.51336e-03 | 69  0.02161 -5.55555e-03
 70  0.02272 -5.45592e-03 | 71  0.02313 -5.18713e-03 | 72  0.02282 -4.72156e-03
 73  0.02190 -4.05293e-03 | 74  0.02046 -3.16605e-03 | 75  0.01855 -2.05625e-03
 76  0.01615 -7.18361e-04 | 77  0.01317  8.38886e-04 | 78  0.00957  2.59289e-03
 79  0.00549  4.52029e-03 | 80  0.00125  6.58153e-03 | 81 -0.00267  8.81722e-03
 82 -0.00590  1.13063e-02 | 83 -0.00829  1.41483e-02 | 84 -0.01001  1.73949e-02
 85 -0.01139  2.10006e-02 | 86 -0.01258  2.48590e-02 | 87 -0.01315  2.88663e-02
 88 -0.01272  3.28435e-02 | 89 -0.01167  3.63577e-02 | 90 -0.00888  3.91422e-02
 91 -0.00438  4.09953e-02 | 92  0.00185  4.25907e-02 | 93  0.00572  4.16416e-02
 94  0.00873  3.77268e-02 | 95  0.01141  3.22987e-02 | 96  0.00659  2.03743e-02
 97  0.00786  4.36163e-03 | 98  0.02598 -8.69260e-03 | 99  0.01909 -2.66739e-02
100  0.00037 -4.31757e-02 |101  0.02003 -6.28906e-02 |102  0.08650 -1.22140e-01
103  0.03412 -7.76687e-02 |104 -0.00541 -4.50153e-02 |105  0.00581 -3.60944e-02
106  0.01848 -2.07215e-02 |107  0.03270 -1.67411e-02 |108  0.00063 -1.82916e-02
109 -0.06581 -1.23919e-02 |110 -0.08272 -1.22724e-02 |111 -0.08119 -1.37377e-02
112 -0.04679  1.12133e-02 |113  0.06548  5.86293e-03 |114  0.01881 -2.08052e-02
115  0.01188 -6.04974e-02 |116 -0.04118 -4.09393e-02 |117 -0.08161 -1.54587e-02
118 -0.02850 -2.35819e-02 |119 -0.02124 -1.35603e-02 |120 -0.04841  2.07633e-03
121  0.00272  2.72651e-02 |122  0.03897  6.18398e-02 |123 -0.00606  3.63681e-02
124  0.03931  4.62386e-02 |125 -0.01779 -6.42888e-03 |126  0.10047 -1.29201e-01
127 -0.01214 -9.70552e-03 |128 -0.05113  9.45075e-03 |129 -0.06039  1.06547e-02
130 -0.02734  2.36608e-02 |131  0.08124  5.61315e-03 |132  0.02021  5.77697e-03
133  0.01125  1.29305e-02 |134 -0.03402  2.36153e-02 |135 -0.01903 -9.27953e-03
136 -0.00396 -3.04763e-04 |137 -0.00000  9.85585e-09 |138 -0.64866  2.91687e-02
139 -0.99402 -7.77161e-04 |140  0.03134 -1.03212e-01 |141 -0.58651 -1.97749e-05
142  0.03528  1.35971e-01 |143 -0.40412  4.93781e-03 |144  0.81924 -1.17474e+00
145 -0.10880 -9.66974e-04 |146  0.19880  1.03902e-03 |147 -0.23781 -1.98519e-03
148  0.16774  6.35027e-01 |149 -0.58140  1.75246e-05 |150 -0.00670 -5.80529e-01
151 -0.42462 -1.94245e-01 |152  0.82199 -3.65672e-01 |153  0.12468  4.01115e-02
154 -0.03960 -7.70515e-02 |155 -0.11934 -8.71933e-02 |156  0.09603  2.23475e-02
157  0.04930  1.09460e-02 |158  0.14585 -3.48858e-02 |159 -0.03740  4.44650e-02
160 -0.58594  8.29995e-03 |161 -0.50980 -1.39097e-05 |162 -0.21002 -8.56504e-03
163 -0.21205 -1.58971e-02 |164  0.80064 -2.63892e-01 |165  0.19361 -4.09521e-02
166  0.08229  1.04316e-01 |167 -0.25928 -6.46558e-02 |168 -0.39744  9.42311e-03
169 -0.20052  1.52994e-01 |170 -0.03904 -1.19089e-02 |171 -0.28414  6.96084e-02
172  0.81676 -6.08768e-01 |173  0.08885 -1.43072e-01 |174 -0.52695 -8.64390e-05
175  0.07839 -1.25572e-01 |176 -0.40554 -8.61148e-02 |177 -0.14465  4.75591e-02
178  0.06408 -8.90772e-01 |179 -0.17464 -1.11722e+00 |180 -0.15667  1.39521e-01
181 -0.99999  7.76793e-06 |182 -0.13815 -4.28610e-01 |183  0.22942  8.65880e-02
184  0.01359 -1.11516e-01 |185 -0.36189  3.12736e-02 |186 -0.44297  1.81115e-04
187 -0.04066 -2.29121e-02 |188 -0.30042  5.82260e-02 |189  0.80944  1.95061e-01
189 variables; iteration 40; function evaluation 45; phase 4
Function value 7.0706410e+03; maximum gradient component mag -1.1211e+00
Var    Value     Gradient |Var    Value     Gradient |Var    Value     Gradient
  1 -0.38816 -3.17653e-01 |  2  0.35800  2.12664e-01 |  3 -0.14727 -6.40960e-01
  4  0.02677 -2.96898e-01 |  5 -0.68447  4.12816e-02 |  6 -0.61925  5.77267e-01
  7 -0.41923  2.64299e-01 |  8  0.35642 -9.00107e-01 |  9 -0.20092  4.00628e-01
 10  0.08233 -4.22581e-01 | 11 -0.61272 -1.28930e-01 | 12 -0.63632 -1.12115e+00
 13  0.82466  2.81909e-02 | 14 -0.00271  3.13129e-03 | 15 -0.00272  3.18497e-03
 16 -0.00273  3.23646e-03 | 17 -0.00272  3.28664e-03 | 18 -0.00271  3.33455e-03
 19 -0.00269  3.37988e-03 | 20 -0.00265  3.42188e-03 | 21 -0.00261  3.45987e-03
 22 -0.00255  3.49347e-03 | 23 -0.00248  3.52184e-03 | 24 -0.00240  3.54401e-03
 25 -0.00230  3.55840e-03 | 26 -0.00219  3.56495e-03 | 27 -0.00207  3.56208e-03
 28 -0.00193  3.54765e-03 | 29 -0.00178  3.52153e-03 | 30 -0.00162  3.48139e-03
 31 -0.00144  3.42593e-03 | 32 -0.00125  3.35341e-03 | 33 -0.00104  3.26202e-03
 34 -0.00082  3.15003e-03 | 35 -0.00059  3.01567e-03 | 36 -0.00036  2.85680e-03
 37 -0.00012  2.67209e-03 | 38  0.00011  2.45914e-03 | 39  0.00032  2.21817e-03
 40  0.00052  1.94636e-03 | 41  0.00067  1.64466e-03 | 42  0.00079  1.31294e-03
 43  0.00084  9.52108e-04 | 44  0.00084  5.62910e-04 | 45  0.00078  1.45418e-04
 46  0.00065 -2.98902e-04 | 47  0.00046 -7.70042e-04 | 48  0.00023 -1.27098e-03
 49 -0.00004 -1.80433e-03 | 50 -0.00031 -2.37067e-03 | 51 -0.00057 -2.97514e-03
 52 -0.00079 -3.62187e-03 | 53 -0.00093 -4.31102e-03 | 54 -0.00097 -5.04219e-03
 55 -0.00088 -5.81858e-03 | 56 -0.00063 -6.63574e-03 | 57 -0.00017 -7.49493e-03
 58  0.00050 -8.39448e-03 | 59  0.00143 -9.33686e-03 | 60  0.00263 -1.03250e-02
 61  0.00411 -1.13603e-02 | 62  0.00588 -1.24499e-02 | 63  0.00793 -1.36005e-02
 64  0.01021 -1.48125e-02 | 65  0.01267 -1.60794e-02 | 66  0.01520 -1.73931e-02
 67  0.01765 -1.87209e-02 | 68  0.01984 -2.00118e-02 | 69  0.02158 -2.12178e-02
 70  0.02270 -2.22863e-02 | 71  0.02310 -2.31720e-02 | 72  0.02280 -2.38486e-02
 73  0.02187 -2.42907e-02 | 74  0.02043 -2.44930e-02 | 75  0.01852 -2.44380e-02
 76  0.01612 -2.41011e-02 | 77  0.01314 -2.34471e-02 | 78  0.00954 -2.24563e-02
 79  0.00546 -2.11603e-02 | 80  0.00122 -1.95891e-02 | 81 -0.00270 -1.79214e-02
 82 -0.00593 -1.62158e-02 | 83 -0.00832 -1.44174e-02 | 84 -0.01004 -1.23904e-02
 85 -0.01142 -1.00020e-02 | 86 -0.01261 -7.15567e-03 | 87 -0.01318 -3.73689e-03
 88 -0.01275  2.53859e-04 | 89 -0.01171  4.52738e-03 | 90 -0.00892  9.11235e-03
 91 -0.00441  1.41025e-02 | 92  0.00182  1.87925e-02 | 93  0.00569  2.17011e-02
 94  0.00871  2.32918e-02 | 95  0.01138  2.21505e-02 | 96  0.00656  2.01239e-02
 97  0.00786  1.82041e-02 | 98  0.02597  1.60347e-02 | 99  0.01906  9.88628e-03
100  0.00036  8.36067e-03 |101  0.02003  2.03107e-02 |102  0.08657  7.07943e-02
103  0.03413  6.68837e-02 |104 -0.00538  7.05155e-02 |105  0.00588  9.73531e-02
106  0.01850  1.00958e-01 |107  0.03272  8.97801e-02 |108  0.00062  2.07337e-02
109 -0.06581 -5.18545e-03 |110 -0.08273 -2.21861e-02 |111 -0.08123 -4.29702e-02
112 -0.04677  9.46488e-03 |113  0.06548 -2.29921e-02 |114  0.01885 -3.38883e-02
115  0.01185 -9.53224e-02 |116 -0.04117 -5.40404e-02 |117 -0.08162 -2.80650e-02
118 -0.02849 -3.26530e-02 |119 -0.02124 -2.55805e-02 |120 -0.04841 -2.15800e-03
121  0.00275  3.14682e-02 |122  0.03898  6.32312e-02 |123 -0.00607  3.47707e-02
124  0.03934  6.59701e-02 |125 -0.01778 -2.65226e-03 |126  0.10045 -1.55291e-01
127 -0.01213 -7.11434e-03 |128 -0.05118 -1.47734e-02 |129 -0.06035  2.24976e-02
130 -0.02728  4.96867e-02 |131  0.08131  4.23963e-02 |132  0.02014 -2.08352e-02
133  0.01120 -5.18473e-03 |134 -0.03401  2.42342e-02 |135 -0.01907 -2.12577e-02
136 -0.00394  6.77051e-03 |137 -0.00000 -5.80521e-08 |138 -0.64916  4.42774e-02
139 -0.99399  4.44927e-05 |140  0.03140  2.75479e-02 |141 -0.58651 -2.90563e-05
142  0.03529 -1.06234e-01 |143 -0.40443 -4.04445e-02 |144  0.81925 -1.03827e+00
145 -0.10870 -9.62765e-04 |146  0.19870  1.03868e-03 |147 -0.23761 -1.97598e-03
148  0.16774  5.89882e-01 |149 -0.58139  1.45015e-05 |150 -0.00670 -5.54374e-01
151 -0.42464 -1.93670e-01 |152  0.82200 -3.24821e-01 |153  0.12489 -1.08075e-01
154 -0.03926  9.77310e-02 |155 -0.11841 -1.67252e-02 |156  0.09603  1.81374e-02
157  0.04927 -3.71900e-02 |158  0.14590 -6.45027e-02 |159 -0.03738  6.45335e-02
160 -0.58590  2.38371e-03 |161 -0.50980 -6.37858e-06 |162 -0.20998 -1.75440e-03
163 -0.21216 -5.63780e-02 |164  0.80063 -2.33485e-01 |165  0.19357 -8.75418e-02
166  0.08225  7.70114e-02 |167 -0.25928 -2.21745e-01 |168 -0.39563 -1.10539e-02
169 -0.20139  5.75543e-02 |170 -0.03766  4.55550e-02 |171 -0.28389  3.08723e-02
172  0.81676 -6.78675e-01 |173  0.08886 -1.95345e-01 |174 -0.52695 -1.01785e-04
175  0.07840 -8.22911e-02 |176 -0.40558 -9.13799e-02 |177 -0.14460  1.36184e-01
178  0.06410 -6.79092e-01 |179 -0.17464 -9.59563e-01 |180 -0.15668  8.41439e-02
181 -0.99999  7.74882e-06 |182 -0.13815 -8.68115e-01 |183  0.22953  8.95543e-02
184  0.01363 -1.15755e-01 |185 -0.36172  1.14881e-01 |186 -0.44297  6.37458e-04
187 -0.04057 -5.14427e-02 |188 -0.30043  1.88466e-01 |189  0.80944  1.59988e-01
189 variables; iteration 60; function evaluation 65; phase 4
Function value 7.0706408e+03; maximum gradient component mag 6.2578e-02
Var    Value     Gradient |Var    Value     Gradient |Var    Value     Gradient
  1 -0.38811  1.89963e-02 |  2  0.35795 -8.60165e-03 |  3 -0.14730  3.80572e-02
  4  0.02686  9.72097e-03 |  5 -0.68455 -2.42257e-02 |  6 -0.61927 -2.97905e-02
  7 -0.41921 -1.25741e-02 |  8  0.35643  4.56740e-02 |  9 -0.20097 -2.80835e-02
 10  0.08239  3.46748e-02 | 11 -0.61274 -1.02288e-04 | 12 -0.63629  6.25783e-02
 13  0.82473  7.30797e-03 | 14 -0.00271 -7.15906e-04 | 15 -0.00273 -7.24295e-04
 16 -0.00273 -7.31863e-04 | 17 -0.00273 -7.39530e-04 | 18 -0.00272 -7.46825e-04
 19 -0.00269 -7.53821e-04 | 20 -0.00266 -7.60281e-04 | 21 -0.00261 -7.66076e-04
 22 -0.00256 -7.71354e-04 | 23 -0.00248 -7.75965e-04 | 24 -0.00240 -7.79708e-04
 25 -0.00231 -7.81977e-04 | 26 -0.00220 -7.83390e-04 | 27 -0.00208 -7.83456e-04
 28 -0.00194 -7.81342e-04 | 29 -0.00179 -7.77776e-04 | 30 -0.00163 -7.71905e-04
 31 -0.00145 -7.63694e-04 | 32 -0.00125 -7.52863e-04 | 33 -0.00105 -7.39120e-04
 34 -0.00083 -7.22285e-04 | 35 -0.00060 -7.02207e-04 | 36 -0.00036 -6.78493e-04
 37 -0.00013 -6.51308e-04 | 38  0.00010 -6.20092e-04 | 39  0.00032 -5.85893e-04
 40  0.00051 -5.47698e-04 | 41  0.00067 -5.06692e-04 | 42  0.00078 -4.63199e-04
 43  0.00084 -4.17995e-04 | 44  0.00084 -3.71677e-04 | 45  0.00078 -3.24449e-04
 46  0.00065 -2.77481e-04 | 47  0.00046 -2.31212e-04 | 48  0.00023 -1.84286e-04
 49 -0.00003 -1.35379e-04 | 50 -0.00031 -8.41679e-05 | 51 -0.00057 -2.68186e-05
 52 -0.00078  4.05380e-05 | 53 -0.00093  1.19623e-04 | 54 -0.00097  2.12033e-04
 55 -0.00088  3.21950e-04 | 56 -0.00062  4.48028e-04 | 57 -0.00017  5.92403e-04
 58  0.00051  7.54532e-04 | 59  0.00144  9.35870e-04 | 60  0.00264  1.13730e-03
 61  0.00412  1.35843e-03 | 62  0.00589  1.60145e-03 | 63  0.00794  1.86652e-03
 64  0.01022  2.14987e-03 | 65  0.01268  2.44538e-03 | 66  0.01521  2.74176e-03
 67  0.01766  3.03026e-03 | 68  0.01986  3.31453e-03 | 69  0.02160  3.59223e-03
 70  0.02272  3.85756e-03 | 71  0.02312  4.10043e-03 | 72  0.02281  4.30380e-03
 73  0.02189  4.47193e-03 | 74  0.02044  4.59377e-03 | 75  0.01854  4.66527e-03
 76  0.01614  4.67447e-03 | 77  0.01315  4.60998e-03 | 78  0.00955  4.45597e-03
 79  0.00547  4.20244e-03 | 80  0.00123  3.85923e-03 | 81 -0.00269  3.49615e-03
 82 -0.00592  3.15152e-03 | 83 -0.00831  2.80020e-03 | 84 -0.01003  2.38412e-03
 85 -0.01142  1.85242e-03 | 86 -0.01261  1.16660e-03 | 87 -0.01319  3.06186e-04
 88 -0.01277 -6.89571e-04 | 89 -0.01173 -1.72135e-03 | 90 -0.00896 -2.84240e-03
 91 -0.00446 -4.15182e-03 | 92  0.00176 -5.17951e-03 | 93  0.00563 -5.48709e-03
 94  0.00866 -5.26736e-03 | 95  0.01134 -5.03638e-03 | 96  0.00653 -4.46285e-03
 97  0.00784 -4.49428e-03 | 98  0.02597 -3.54380e-03 | 99  0.01909 -9.25167e-04
100  0.00039  1.12232e-03 |101  0.02006  1.65964e-03 |102  0.08660  9.61036e-03
103  0.03413  1.67958e-03 |104 -0.00539  4.75844e-04 |105  0.00582 -5.39601e-03
106  0.01846 -6.12027e-03 |107  0.03270 -1.65766e-02 |108  0.00066 -1.71267e-02
109 -0.06580 -9.76002e-03 |110 -0.08270 -7.98611e-03 |111 -0.08115 -1.10457e-03
112 -0.04680 -2.09927e-03 |113  0.06548  1.11436e-02 |114  0.01885  6.73005e-03
115  0.01195  4.22476e-03 |116 -0.04115 -6.37985e-03 |117 -0.08159 -4.19809e-03
118 -0.02849 -1.45569e-02 |119 -0.02122 -7.15238e-03 |120 -0.04841 -6.24782e-03
121  0.00270 -3.29325e-03 |122  0.03892  1.15629e-03 |123 -0.00609 -1.05881e-03
124  0.03926  7.70506e-03 |125 -0.01779  3.67000e-03 |126  0.10060  2.45748e-02
127 -0.01215  1.98282e-03 |128 -0.05113  1.06439e-03 |129 -0.06043 -1.22797e-03
130 -0.02741 -5.67358e-04 |131  0.08119  1.66034e-03 |132  0.02018 -3.23130e-03
133  0.01119 -2.85839e-03 |134 -0.03410 -5.39583e-03 |135 -0.01899  5.58199e-03
136 -0.00395 -1.27982e-03 |137 -0.00000  2.25650e-08 |138 -0.64931 -7.32465e-03
139 -0.99399  3.53417e-04 |140  0.03141 -2.47706e-03 |141 -0.58648 -2.49020e-05
142  0.03531  3.42755e-03 |143 -0.40443 -6.75264e-03 |144  0.81925  6.21831e-02
145 -0.10759 -9.38996e-04 |146  0.19750  1.03194e-03 |147 -0.23534 -1.93006e-03
148  0.16772 -2.80337e-02 |149 -0.58138 -1.32711e-05 |150 -0.00663  3.79865e-02
151 -0.42468  1.16699e-02 |152  0.82201  1.05180e-02 |153  0.12499  4.73690e-03
154 -0.03921 -6.41800e-03 |155 -0.11814 -3.96959e-03 |156  0.09616  5.93495e-03
157  0.04934  6.75257e-03 |158  0.14594  3.81293e-03 |159 -0.03737 -2.09047e-03
160 -0.58581  2.50665e-03 |161 -0.50980  8.37979e-06 |162 -0.20987  4.81652e-03
163 -0.21220 -1.74267e-03 |164  0.80065 -3.96875e-03 |165  0.19354 -7.10736e-03
166  0.08222  2.14775e-02 |167 -0.25925  1.91522e-02 |168 -0.39592 -6.05510e-03
169 -0.20144  1.02676e-03 |170 -0.03798 -9.57369e-04 |171 -0.28378  1.39149e-02
172  0.81676  2.75209e-02 |173  0.08896  1.16112e-02 |174 -0.52694  2.31397e-06
175  0.07848  9.05180e-03 |176 -0.40556  6.89172e-03 |177 -0.14463 -6.38344e-03
178  0.06411  3.89363e-02 |179 -0.17461  5.56636e-02 |180 -0.15669 -5.07205e-03
181 -0.99999 -4.09180e-06 |182 -0.13808  4.92695e-02 |183  0.22945 -3.55588e-03
184  0.01369  7.97077e-03 |185 -0.36183 -1.06883e-02 |186 -0.44298 -4.37441e-05
187 -0.04056  6.25000e-03 |188 -0.30047 -6.71398e-03 |189  0.80945 -1.86159e-02
189 variables; iteration 80; function evaluation 88; phase 4
Function value 7.0706407e+03; maximum gradient component mag -1.6533e-02
Var    Value     Gradient |Var    Value     Gradient |Var    Value     Gradient
  1 -0.38812 -4.37151e-03 |  2  0.35795  7.22920e-04 |  3 -0.14730 -8.42384e-03
  4  0.02686 -4.88722e-05 |  5 -0.68450  1.42704e-02 |  6 -0.61927  5.17905e-03
  7 -0.41921  1.74860e-03 |  8  0.35643 -6.33932e-03 |  9 -0.20096  8.61692e-03
 10  0.08237 -1.41681e-02 | 11 -0.61270  1.35989e-02 | 12 -0.63629 -1.34149e-02
 13  0.82427 -3.26680e-03 | 14 -0.00271  3.84977e-04 | 15 -0.00272  3.92638e-04
 16 -0.00273  4.00089e-04 | 17 -0.00273  4.07631e-04 | 18 -0.00271  4.15084e-04
 19 -0.00269  4.22452e-04 | 20 -0.00266  4.29632e-04 | 21 -0.00261  4.36558e-04
 22 -0.00255  4.43253e-04 | 23 -0.00248  4.49639e-04 | 24 -0.00240  4.55615e-04
 25 -0.00230  4.60938e-04 | 26 -0.00220  4.65783e-04 | 27 -0.00207  4.69937e-04
 28 -0.00194  4.73057e-04 | 29 -0.00179  4.75343e-04 | 30 -0.00162  4.76429e-04
 31 -0.00144  4.76225e-04 | 32 -0.00125  4.74544e-04 | 33 -0.00104  4.71177e-04
 34 -0.00082  4.65943e-04 | 35 -0.00060  4.58648e-04 | 36 -0.00036  4.48994e-04
 37 -0.00012  4.36878e-04 | 38  0.00011  4.21907e-04 | 39  0.00032  4.04334e-04
 40  0.00051  3.83581e-04 | 41  0.00067  3.59991e-04 | 42  0.00079  3.33571e-04
 43  0.00084  3.04522e-04 | 44  0.00084  2.72966e-04 | 45  0.00078  2.38833e-04
 46  0.00065  2.02442e-04 | 47  0.00046  1.63776e-04 | 48  0.00023  1.22079e-04
 49 -0.00003  7.67322e-05 | 50 -0.00031  2.76854e-05 | 51 -0.00057 -2.62831e-05
 52 -0.00078 -8.61495e-05 | 53 -0.00093 -1.51935e-04 | 54 -0.00097 -2.23621e-04
 55 -0.00088 -3.02239e-04 | 56 -0.00062 -3.86847e-04 | 57 -0.00017 -4.77903e-04
 58  0.00051 -5.74939e-04 | 59  0.00144 -6.78529e-04 | 60  0.00264 -7.89650e-04
 61  0.00412 -9.09690e-04 | 62  0.00589 -1.04254e-03 | 63  0.00794 -1.19060e-03
 64  0.01022 -1.34954e-03 | 65  0.01268 -1.50672e-03 | 66  0.01521 -1.64152e-03
 67  0.01766 -1.75887e-03 | 68  0.01986 -1.88807e-03 | 69  0.02160 -2.02884e-03
 70  0.02271 -2.16100e-03 | 71  0.02312 -2.26716e-03 | 72  0.02281 -2.34711e-03
 73  0.02188 -2.39835e-03 | 74  0.02044 -2.42976e-03 | 75  0.01854 -2.44586e-03
 76  0.01613 -2.44238e-03 | 77  0.01315 -2.40616e-03 | 78  0.00955 -2.31290e-03
 79  0.00547 -2.15759e-03 | 80  0.00123 -1.98220e-03 | 81 -0.00270 -1.80989e-03
 82 -0.00592 -1.62810e-03 | 83 -0.00832 -1.45399e-03 | 84 -0.01004 -1.28249e-03
 85 -0.01142 -1.07578e-03 | 86 -0.01261 -7.83197e-04 | 87 -0.01319 -3.46103e-04
 88 -0.01276  2.24807e-04 | 89 -0.01172  8.21505e-04 | 90 -0.00894  1.52876e-03
 91 -0.00444  2.15875e-03 | 92  0.00179  2.68827e-03 | 93  0.00566  2.93351e-03
 94  0.00867  2.62268e-03 | 95  0.01136  2.97108e-03 | 96  0.00655  2.61278e-03
 97  0.00785  2.23505e-03 | 98  0.02599  2.38602e-03 | 99  0.01910  9.46164e-04
100  0.00039 -1.88822e-03 |101  0.02005 -6.09005e-03 |102  0.08659 -2.23034e-03
103  0.03412 -6.79879e-03 |104 -0.00539 -8.33516e-04 |105  0.00585  1.48807e-03
106  0.01846  1.19636e-03 |107  0.03271  7.04565e-03 |108  0.00069  1.11452e-02
109 -0.06578  5.38044e-03 |110 -0.08269  2.17049e-03 |111 -0.08114  6.26245e-03
112 -0.04680  6.40208e-05 |113  0.06547 -5.63964e-03 |114  0.01886 -2.92219e-04
115  0.01194 -4.36838e-04 |116 -0.04114  1.26701e-03 |117 -0.08157  8.30653e-03
118 -0.02847  4.95588e-03 |119 -0.02121  6.93031e-03 |120 -0.04839  1.04324e-02
121  0.00273  1.07368e-02 |122  0.03891 -6.21338e-03 |123 -0.00609 -4.40071e-03
124  0.03927  3.90111e-03 |125 -0.01778  3.22235e-03 |126  0.10059 -7.41708e-03
127 -0.01213  7.01203e-03 |128 -0.05112  5.68036e-03 |129 -0.06042  4.52935e-04
130 -0.02742 -9.07011e-04 |131  0.08118 -8.10547e-03 |132  0.02020  2.16998e-03
133  0.01120 -1.71825e-03 |134 -0.03407  1.93542e-03 |135 -0.01902 -2.60251e-03
136 -0.00395  9.12430e-04 |137 -0.00000  1.13170e-08 |138 -0.64901  4.99894e-03
139 -0.99402 -1.83330e-04 |140  0.03140  1.29556e-03 |141 -0.58640 -1.59136e-05
142  0.03530 -2.68572e-04 |143 -0.40439  4.01221e-03 |144  0.81925 -1.38409e-02
145 -0.10442 -8.76179e-04 |146  0.19399  1.01297e-03 |147 -0.22882 -1.80600e-03
148  0.16771  3.28132e-03 |149 -0.58134 -9.09236e-06 |150 -0.00664 -1.20319e-02
151 -0.42468 -3.19199e-03 |152  0.82201  9.01699e-04 |153  0.12499 -7.83959e-04
154 -0.03921  4.45680e-04 |155 -0.11811  3.74197e-04 |156  0.09611 -2.48786e-03
157  0.04931 -3.10328e-03 |158  0.14593 -6.63246e-04 |159 -0.03738 -1.50845e-04
160 -0.58612 -4.50680e-03 |161 -0.50979 -8.76662e-06 |162 -0.21021 -3.95257e-03
163 -0.21212  1.05887e-03 |164  0.80066  5.72707e-03 |165  0.19355  3.07408e-03
166  0.08218 -1.65333e-02 |167 -0.25925 -5.79421e-03 |168 -0.39557  3.87298e-03
169 -0.20149 -5.27027e-03 |170 -0.03773 -2.86658e-03 |171 -0.28387 -5.82019e-03
172  0.81676 -8.99880e-03 |173  0.08897 -5.52787e-04 |174 -0.52693 -4.98136e-06
175  0.07848 -3.17238e-03 |176 -0.40560 -7.28580e-03 |177 -0.14462  1.18663e-03
178  0.06411 -8.17456e-03 |179 -0.17461 -1.20167e-02 |180 -0.15668  1.57054e-03
181 -1.00001 -3.79935e-04 |182 -0.13808 -1.03181e-02 |183  0.22935 -1.93621e-03
184  0.01361 -5.65248e-03 |185 -0.36167  9.92182e-03 |186 -0.44298  4.83272e-05
187 -0.04046  1.69949e-03 |188 -0.30053 -2.56881e-03 |189  0.80945  4.48388e-03
189 variables; iteration 100; function evaluation 122; phase 4
Function value 7.0706406e+03; maximum gradient component mag 5.7154e-02
Var    Value     Gradient |Var    Value     Gradient |Var    Value     Gradient
  1 -0.38814 -1.09301e-02 |  2  0.35794 -8.55172e-04 |  3 -0.14730 -1.07844e-02
  4  0.02687  2.12534e-03 |  5 -0.68454 -2.91094e-03 |  6 -0.61927  5.53523e-03
  7 -0.41923 -5.13381e-03 |  8  0.35643 -9.78122e-03 |  9 -0.20097  4.66577e-03
 10  0.08238 -6.61897e-03 | 11 -0.61275 -9.29027e-03 | 12 -0.63629 -1.21674e-02
 13  0.82440  5.22263e-04 | 14 -0.00273 -4.34612e-03 | 15 -0.00274 -4.32778e-03
 16 -0.00275 -4.30607e-03 | 17 -0.00274 -4.28777e-03 | 18 -0.00273 -4.27087e-03
 19 -0.00271 -4.25637e-03 | 20 -0.00267 -4.24285e-03 | 21 -0.00263 -4.22900e-03
 22 -0.00257 -4.21491e-03 | 23 -0.00250 -4.19810e-03 | 24 -0.00242 -4.17520e-03
 25 -0.00232 -4.13896e-03 | 26 -0.00221 -4.09098e-03 | 27 -0.00209 -4.02389e-03
 28 -0.00195 -3.92680e-03 | 29 -0.00180 -3.80136e-03 | 30 -0.00164 -3.63636e-03
 31 -0.00146 -3.42817e-03 | 32 -0.00126 -3.17309e-03 | 33 -0.00106 -2.87102e-03
 34 -0.00084 -2.52789e-03 | 35 -0.00060 -2.15634e-03 | 36 -0.00037 -1.77564e-03
 37 -0.00013 -1.41090e-03 | 38  0.00010 -1.08912e-03 | 39  0.00032 -8.21344e-04
 40  0.00051 -6.16796e-04 | 41  0.00067 -4.43802e-04 | 42  0.00078 -2.55155e-04
 43  0.00084  1.56774e-05 | 44  0.00084  4.28226e-04 | 45  0.00078  1.00943e-03
 46  0.00066  1.75868e-03 | 47  0.00047  2.60912e-03 | 48  0.00024  3.43734e-03
 49 -0.00002  4.13603e-03 | 50 -0.00029  4.65277e-03 | 51 -0.00055  4.99724e-03
 52 -0.00076  5.25256e-03 | 53 -0.00091  5.50400e-03 | 54 -0.00095  5.79039e-03
 55 -0.00086  6.11372e-03 | 56 -0.00060  6.43421e-03 | 57 -0.00014  6.76548e-03
 58  0.00054  7.18879e-03 | 59  0.00147  7.77843e-03 | 60  0.00267  8.33521e-03
 61  0.00415  8.18032e-03 | 62  0.00592  6.40114e-03 | 63  0.00795  3.96135e-03
 64  0.01024  3.07784e-03 | 65  0.01268 -9.55422e-04 | 66  0.01515 -1.25085e-02
 67  0.01764 -4.50990e-03 | 68  0.01996  2.14586e-02 | 69  0.02168  1.59816e-02
 70  0.02266 -1.24523e-02 | 71  0.02304 -1.53774e-02 | 72  0.02277 -9.69138e-03
 73  0.02197  1.62405e-02 | 74  0.02053  1.77157e-02 | 75  0.01853 -2.26102e-03
 76  0.01607 -1.36834e-02 | 77  0.01313 -4.34893e-03 | 78  0.00955  1.50850e-03
 79  0.00548  4.16340e-03 | 80  0.00124  4.45354e-03 | 81 -0.00268  5.14269e-03
 82 -0.00588  1.32081e-02 | 83 -0.00826  1.54103e-02 | 84 -0.00997  1.86877e-02
 85 -0.01133  2.50445e-02 | 86 -0.01251  2.83799e-02 | 87 -0.01310  2.32962e-02
 88 -0.01272  1.14890e-02 | 89 -0.01175 -8.64492e-03 | 90 -0.00904 -2.91825e-02
 91 -0.00451 -2.00107e-02 | 92  0.00170 -2.25832e-02 | 93  0.00569  8.03516e-03
 94  0.00862 -9.84840e-03 | 95  0.01146  3.22356e-02 | 96  0.00666  3.76753e-02
 97  0.00787  1.67196e-02 | 98  0.02621  5.71538e-02 | 99  0.01898 -2.70371e-02
100  0.00027 -4.09079e-02 |101  0.01996 -2.83050e-02 |102  0.08672  3.28637e-02
103  0.03417  1.88235e-02 |104 -0.00544 -1.32291e-02 |105  0.00586  2.08901e-03
106  0.01852  1.17333e-02 |107  0.03269  3.88186e-03 |108  0.00077  3.39221e-02
109 -0.06587 -3.38641e-02 |110 -0.08259  3.75242e-02 |111 -0.08114  6.12277e-04
112 -0.04678  6.66880e-03 |113  0.06552  1.52900e-02 |114  0.01879 -3.58336e-02
115  0.01200  2.12636e-02 |116 -0.04110  1.90411e-02 |117 -0.08148  4.13440e-02
118 -0.02848 -3.10191e-03 |119 -0.02118  1.17966e-02 |120 -0.04845 -1.76980e-02
121  0.00275  1.70919e-02 |122  0.03897  1.87491e-02 |123 -0.00614 -2.48886e-02
124  0.03928  3.52443e-03 |125 -0.01779 -3.76066e-03 |126  0.10059 -6.10885e-03
127 -0.01216 -1.06502e-02 |128 -0.05120 -2.66759e-02 |129 -0.06038  1.46942e-02
130 -0.02741  1.02738e-03 |131  0.08116 -1.48257e-02 |132  0.02022  1.09494e-02
133  0.01117 -1.54198e-02 |134 -0.03393  4.87849e-02 |135 -0.01903 -8.04883e-03
136 -0.00398 -8.10559e-03 |137 -0.00000 -2.58755e-07 |138 -0.64912  7.49953e-03
139 -0.99430 -1.16614e-04 |140  0.03140  1.36838e-03 |141 -0.58535  7.97103e-05
142  0.03531  8.18494e-04 |143 -0.40440 -4.63864e-04 |144  0.81925 -4.72484e-03
145 -0.04526 -2.88368e-04 |146  0.12544  6.61770e-04 |147 -0.10696 -5.70218e-04
148  0.16772  9.07779e-03 |149 -0.58078  4.13510e-05 |150 -0.00663 -5.22220e-03
151 -0.42471 -1.69334e-02 |152  0.82201  5.39083e-03 |153  0.12500 -2.44971e-06
154 -0.03920  2.69870e-03 |155 -0.11813 -1.33052e-03 |156  0.09605 -1.62322e-02
157  0.04928 -9.75064e-03 |158  0.14603  2.53538e-02 |159 -0.03727  2.95138e-02
160 -0.58610  2.53373e-02 |161 -0.50971 -1.06359e-06 |162 -0.21039 -3.20987e-02
163 -0.21214 -1.02076e-02 |164  0.80065 -4.88281e-03 |165  0.19359  5.09396e-03
166  0.08221 -6.36356e-03 |167 -0.25926 -5.23409e-03 |168 -0.39566 -1.00838e-03
169 -0.20148 -2.76743e-03 |170 -0.03779  1.02971e-03 |171 -0.28384  1.15226e-04
172  0.81676 -9.18520e-03 |173  0.08897 -6.09991e-04 |174 -0.52673  1.09860e-05
175  0.07848 -1.20145e-03 |176 -0.40559 -6.06047e-03 |177 -0.14462  1.67098e-03
178  0.06413 -1.98746e-03 |179 -0.17462 -1.06102e-02 |180 -0.15663  1.60392e-02
181 -1.00003 -8.73530e-03 |182 -0.13808 -8.07812e-03 |183  0.22934 -4.24256e-03
184  0.01362 -3.06379e-03 |185 -0.36165  1.42793e-02 |186 -0.44307  6.01449e-05
187 -0.04045  1.88616e-03 |188 -0.30054 -6.20407e-03 |189  0.80945  4.81599e-03
189 variables; iteration 120; function evaluation 156; phase 4
Function value 7.0706404e+03; maximum gradient component mag 2.1182e-03
Var    Value     Gradient |Var    Value     Gradient |Var    Value     Gradient
  1 -0.38812  1.61667e-04 |  2  0.35795  4.31762e-05 |  3 -0.14730  1.55495e-04
  4  0.02686  3.44143e-05 |  5 -0.68452 -1.04423e-04 |  6 -0.61927  5.47949e-05
  7 -0.41921  1.65322e-04 |  8  0.35643  2.21689e-05 |  9 -0.20097  1.26212e-04
 10  0.08238 -4.39872e-05 | 11 -0.61273  3.55527e-04 | 12 -0.63629 -2.03193e-05
 13  0.82444  2.08983e-05 | 14 -0.00271  1.23202e-04 | 15 -0.00272  1.00780e-04
 16 -0.00273  8.16774e-05 | 17 -0.00273  6.45770e-05 | 18 -0.00271  5.01411e-05
 19 -0.00269  3.82449e-05 | 20 -0.00266  2.91769e-05 | 21 -0.00261  2.30334e-05
 22 -0.00255  1.95846e-05 | 23 -0.00248  1.89496e-05 | 24 -0.00240  2.12660e-05
 25 -0.00230  2.68270e-05 | 26 -0.00220  3.48683e-05 | 27 -0.00207  4.53690e-05
 28 -0.00194  5.77758e-05 | 29 -0.00179  7.09736e-05 | 30 -0.00162  8.34439e-05
 31 -0.00145  9.31512e-05 | 32 -0.00125  9.75160e-05 | 33 -0.00104  9.36573e-05
 34 -0.00083  7.92557e-05 | 35 -0.00060  5.33048e-05 | 36 -0.00036  1.65022e-05
 37 -0.00012 -2.66418e-05 | 38  0.00011 -7.05704e-05 | 39  0.00032 -1.06194e-04
 40  0.00051 -1.29333e-04 | 41  0.00067 -1.36858e-04 | 42  0.00078 -1.32002e-04
 43  0.00084 -1.21345e-04 | 44  0.00084 -1.11487e-04 | 45  0.00078 -1.04482e-04
 46  0.00065 -9.44994e-05 | 47  0.00046 -6.82068e-05 | 48  0.00023 -1.34063e-05
 49 -0.00003  7.09899e-05 | 50 -0.00031  1.71978e-04 | 51 -0.00056  2.59105e-04
 52 -0.00078  3.05904e-04 | 53 -0.00093  3.08633e-04 | 54 -0.00097  2.82351e-04
 55 -0.00088  2.46566e-04 | 56 -0.00062  2.25646e-04 | 57 -0.00017  2.17840e-04
 58  0.00051  1.88409e-04 | 59  0.00144  6.89104e-05 | 60  0.00264 -1.30454e-04
 61  0.00412 -2.11295e-04 | 62  0.00589 -5.53336e-05 | 63  0.00794 -2.84419e-05
 64  0.01022 -3.41109e-05 | 65  0.01268  1.04784e-04 | 66  0.01521 -2.90133e-04
 67  0.01766 -2.50185e-04 | 68  0.01986  5.36794e-05 | 69  0.02160 -8.78094e-05
 70  0.02271  2.27827e-04 | 71  0.02312  6.31315e-05 | 72  0.02281  1.93731e-04
 73  0.02188 -8.37205e-05 | 74  0.02044 -2.52206e-05 | 75  0.01854 -8.78531e-05
 76  0.01613 -3.17530e-04 | 77  0.01315  1.54942e-04 | 78  0.00955  5.67742e-05
 79  0.00547 -3.76746e-05 | 80  0.00123  3.96492e-04 | 81 -0.00270 -2.48908e-04
 82 -0.00592  3.50364e-04 | 83 -0.00831  1.01636e-05 | 84 -0.01004 -3.70612e-04
 85 -0.01142 -4.81640e-04 | 86 -0.01261 -1.71559e-04 | 87 -0.01319  4.31709e-04
 88 -0.01277 -3.37235e-04 | 89 -0.01173 -6.90637e-04 | 90 -0.00895 -7.06613e-04
 91 -0.00444  7.41308e-04 | 92  0.00178  2.11817e-03 | 93  0.00565 -5.73164e-04
 94  0.00867 -3.61044e-04 | 95  0.01135  9.08887e-04 | 96  0.00654 -1.36443e-03
 97  0.00785  1.85500e-04 | 98  0.02597 -9.46598e-04 | 99  0.01909  7.52322e-04
100  0.00039 -1.25903e-04 |101  0.02007  3.18988e-04 |102  0.08658  1.13214e-04
103  0.03414 -8.43251e-05 |104 -0.00540 -5.89578e-04 |105  0.00583  6.69365e-05
106  0.01847  5.28294e-04 |107  0.03271 -4.04451e-04 |108  0.00067  2.17360e-04
109 -0.06579 -1.06853e-04 |110 -0.08269  1.85882e-04 |111 -0.08115 -3.40741e-04
112 -0.04680  3.78343e-04 |113  0.06547 -2.34817e-04 |114  0.01885  3.98636e-04
115  0.01194 -2.11423e-04 |116 -0.04114 -2.41072e-05 |117 -0.08159 -4.38710e-04
118 -0.02847  4.98913e-04 |119 -0.02122 -3.35661e-04 |120 -0.04840  1.54567e-04
121  0.00271 -4.18017e-04 |122  0.03892  6.17983e-04 |123 -0.00609 -1.02830e-03
124  0.03925  4.36942e-04 |125 -0.01779 -3.10195e-04 |126  0.10059  6.03735e-05
127 -0.01215 -3.28472e-05 |128 -0.05114  4.72250e-04 |129 -0.06042  8.26062e-04
130 -0.02742 -1.01707e-03 |131  0.08119  1.33040e-04 |132  0.02019  6.48599e-04
133  0.01120 -2.64509e-04 |134 -0.03408 -1.02636e-04 |135 -0.01901  1.38410e-04
136 -0.00395 -6.82153e-04 |137 -0.00000 -3.32635e-08 |138 -0.64911 -2.49200e-05
139 -0.99462 -6.51500e-06 |140  0.03140 -1.37493e-05 |141 -0.58499  1.12894e-04
142  0.03530  1.76353e-05 |143 -0.40440 -5.91778e-05 |144  0.81925 -4.27619e-04
145  0.02709 -2.25902e-05 |146  0.03939  3.13878e-04 |147  0.04089  2.01542e-04
148  0.16771 -2.39487e-04 |149 -0.58058  5.95736e-05 |150 -0.00663 -1.51081e-04
151 -0.42468  7.01778e-04 |152  0.82201 -3.65552e-04 |153  0.12500  1.45521e-05
154 -0.03920  5.01754e-05 |155 -0.11811  3.47857e-05 |156  0.09612  3.38011e-05
157  0.04932  4.17873e-05 |158  0.14594 -9.59720e-05 |159 -0.03738 -7.93369e-05
160 -0.58594 -4.29114e-04 |161 -0.50968  7.46145e-06 |162 -0.21002  3.60632e-04
163 -0.21215 -1.53617e-05 |164  0.80065 -1.89042e-04 |165  0.19356 -2.27828e-05
166  0.08220 -3.65618e-05 |167 -0.25926 -7.78443e-06 |168 -0.39570  1.38291e-05
169 -0.20145  5.80666e-06 |170 -0.03781 -3.28387e-05 |171 -0.28387 -7.76066e-06
172  0.81676  2.56550e-05 |173  0.08895 -4.86841e-06 |174 -0.52665  1.96206e-05
175  0.07848 -7.00409e-06 |176 -0.40556 -1.38696e-05 |177 -0.14463 -9.32767e-06
178  0.06411  1.05324e-04 |179 -0.17461 -3.84387e-04 |180 -0.15668  4.77144e-04
181 -1.00001  2.99894e-04 |182 -0.13808 -1.45421e-04 |183  0.22942  5.58204e-06
184  0.01367  1.11475e-05 |185 -0.36179 -1.31980e-06 |186 -0.44312 -7.96417e-06
187 -0.04055 -6.34823e-05 |188 -0.30048  4.59205e-07 |189  0.80945  1.81756e-04
189 variables; iteration 140; function evaluation 191; phase 4
Function value 7.0706404e+03; maximum gradient component mag 8.5646e-03
Var    Value     Gradient |Var    Value     Gradient |Var    Value     Gradient
  1 -0.38811  3.55497e-04 |  2  0.35795 -1.94856e-05 |  3 -0.14730  5.74704e-05
  4  0.02686 -1.08147e-04 |  5 -0.68452 -7.06201e-06 |  6 -0.61927 -1.51315e-04
  7 -0.41921  1.99134e-04 |  8  0.35643  3.65370e-04 |  9 -0.20097 -1.87564e-04
 10  0.08238 -9.49628e-05 | 11 -0.61273  9.09676e-04 | 12 -0.63629  2.07860e-04
 13  0.82442  3.51257e-04 | 14 -0.00271 -6.38071e-04 | 15 -0.00273 -5.66348e-04
 16 -0.00273 -5.03809e-04 | 17 -0.00273 -4.46866e-04 | 18 -0.00272 -3.97264e-04
 19 -0.00269 -3.54695e-04 | 20 -0.00266 -3.19981e-04 | 21 -0.00261 -2.93487e-04
 22 -0.00255 -2.74866e-04 | 23 -0.00248 -2.64945e-04 | 24 -0.00240 -2.65021e-04
 25 -0.00231 -2.77354e-04 | 26 -0.00220 -3.02106e-04 | 27 -0.00208 -3.41931e-04
 28 -0.00194 -3.97987e-04 | 29 -0.00179 -4.69444e-04 | 30 -0.00163 -5.51018e-04
 31 -0.00145 -6.31158e-04 | 32 -0.00126 -6.88800e-04 | 33 -0.00105 -6.93054e-04
 34 -0.00083 -6.09623e-04 | 35 -0.00060 -4.12543e-04 | 36 -0.00036 -9.80815e-05
 37 -0.00012  2.91801e-04 | 38  0.00011  6.86049e-04 | 39  0.00033  9.89713e-04
 40  0.00052  1.15028e-03 | 41  0.00068  1.16241e-03 | 42  0.00079  1.08201e-03
 43  0.00085  9.94539e-04 | 44  0.00085  9.75035e-04 | 45  0.00078  1.05195e-03
 46  0.00065  1.19081e-03 | 47  0.00047  1.26392e-03 | 48  0.00023  1.10961e-03
 49 -0.00003  6.70553e-04 | 50 -0.00031  6.08944e-05 | 51 -0.00057 -4.57396e-04
 52 -0.00079 -6.99191e-04 | 53 -0.00093 -6.98538e-04 | 54 -0.00097 -6.08901e-04
 55 -0.00088 -5.66988e-04 | 56 -0.00062 -7.12728e-04 | 57 -0.00017 -9.91186e-04
 58  0.00051 -9.49866e-04 | 59  0.00144 -6.23364e-05 | 60  0.00264  2.96078e-04
 61  0.00412 -1.35439e-04 | 62  0.00589 -9.44779e-04 | 63  0.00794 -1.70384e-04
 64  0.01022 -1.02167e-03 | 65  0.01267 -2.00694e-03 | 66  0.01523  3.50395e-03
 67  0.01766 -7.91775e-05 | 68  0.01985 -4.56319e-04 | 69  0.02160  1.20720e-03
 70  0.02271 -3.60358e-04 | 71  0.02310 -3.66182e-03 | 72  0.02282  1.45041e-03
 73  0.02188 -1.86253e-03 | 74  0.02044 -1.02290e-03 | 75  0.01853 -4.49437e-04
 76  0.01612 -3.02503e-03 | 77  0.01315  1.37479e-04 | 78  0.00955  6.27209e-04
 79  0.00547  5.61333e-04 | 80  0.00122 -6.20882e-04 | 81 -0.00269  1.97822e-03
 82 -0.00592  1.30134e-03 | 83 -0.00831  2.15876e-03 | 84 -0.01004 -4.06627e-04
 85 -0.01143 -1.68705e-03 | 86 -0.01263 -6.04029e-03 | 87 -0.01318  2.01596e-03
 88 -0.01277 -2.28903e-03 | 89 -0.01175 -5.37769e-03 | 90 -0.00896 -2.75054e-03
 91 -0.00441  8.56456e-03 | 92  0.00177 -1.69481e-04 | 93  0.00566  3.66690e-03
 94  0.00865 -3.70087e-03 | 95  0.01136  2.44492e-03 | 96  0.00652 -5.56793e-03
 97  0.00785  6.21011e-04 | 98  0.02596 -5.25646e-03 | 99  0.01911  4.22429e-03
100  0.00039  1.56136e-03 |101  0.02006 -1.50892e-03 |102  0.08657 -1.38020e-03
103  0.03415  1.39225e-03 |104 -0.00541 -3.54856e-03 |105  0.00584  2.78411e-03
106  0.01846 -1.31645e-03 |107  0.03270 -2.17952e-03 |108  0.00067  2.00204e-03
109 -0.06580 -2.89644e-03 |110 -0.08268  1.77652e-03 |111 -0.08116 -3.08729e-03
112 -0.04679  2.43090e-03 |113  0.06547 -2.58264e-03 |114  0.01886  3.58819e-03
115  0.01193 -2.44345e-03 |116 -0.04114 -2.98500e-04 |117 -0.08159 -7.37068e-04
118 -0.02847 -1.55213e-03 |119 -0.02122  1.01031e-03 |120 -0.04840  7.19258e-04
121  0.00270 -1.84803e-03 |122  0.03892  2.99772e-04 |123 -0.00609 -7.08600e-04
124  0.03925  5.46829e-04 |125 -0.01779 -4.59918e-04 |126  0.10059  1.53527e-04
127 -0.01215  3.37495e-04 |128 -0.05113  1.71999e-03 |129 -0.06042 -2.12034e-04
130 -0.02742 -1.06625e-03 |131  0.08119  7.12842e-04 |132  0.02019  3.62564e-04
133  0.01120  2.89503e-05 |134 -0.03408 -9.27320e-04 |135 -0.01900  1.30632e-03
136 -0.00395  8.35398e-04 |137 -0.00000  1.39803e-07 |138 -0.64910 -1.34153e-04
139 -0.99397  1.13360e-05 |140  0.03140 -1.20883e-05 |141 -0.59281 -5.67338e-04
142  0.03530 -1.48152e-04 |143 -0.40440  4.10955e-04 |144  0.81925  3.22232e-04
145  0.02718 -5.06303e-05 |146  0.01404  2.01036e-04 |147  0.01935  9.50359e-05
148  0.16772  7.04415e-04 |149 -0.58471 -3.02642e-04 |150 -0.00663  6.03513e-04
151 -0.42469 -2.61525e-03 |152  0.82201  2.40861e-04 |153  0.12500  2.32351e-05
154 -0.03920 -1.76600e-04 |155 -0.11811 -1.66722e-04 |156  0.09612  2.88485e-04
157  0.04932  5.54475e-05 |158  0.14594 -1.22676e-04 |159 -0.03738 -2.64171e-04
160 -0.58594 -1.00145e-03 |161 -0.51021 -3.33824e-05 |162 -0.21000  1.17661e-03
163 -0.21215  2.09086e-03 |164  0.80065  3.29784e-03 |165  0.19356 -2.32992e-04
166  0.08220 -6.53093e-05 |167 -0.25926  1.20818e-04 |168 -0.39570  1.75223e-04
169 -0.20145 -1.67127e-05 |170 -0.03781 -2.49052e-04 |171 -0.28387 -1.10339e-04
172  0.81676  2.15176e-04 |173  0.08895 -4.31279e-06 |174 -0.52804 -9.11082e-05
175  0.07848 -1.86074e-05 |176 -0.40556  1.46108e-04 |177 -0.14463 -2.84423e-05
178  0.06411 -2.85704e-06 |179 -0.17461  1.11733e-03 |180 -0.15669 -6.40040e-04
181 -1.00001  8.06252e-04 |182 -0.13808  5.66518e-04 |183  0.22943  1.71881e-04
184  0.01367 -5.47803e-05 |185 -0.36180 -7.74272e-04 |186 -0.44252  3.11806e-05
187 -0.04055 -3.07224e-05 |188 -0.30048  4.39341e-04 |189  0.80945  1.34628e-04
189 variables; iteration 160; function evaluation 226; phase 4
Function value 7.0706404e+03; maximum gradient component mag -6.2845e-03
Var    Value     Gradient |Var    Value     Gradient |Var    Value     Gradient
  1 -0.38812 -1.41941e-04 |  2  0.35795  3.04733e-05 |  3 -0.14730 -5.53063e-05
  4  0.02686  7.76206e-05 |  5 -0.68452 -2.38446e-05 |  6 -0.61927  1.06510e-04
  7 -0.41921 -3.97244e-05 |  8  0.35643 -2.27688e-04 |  9 -0.20097  1.14466e-04
 10  0.08238  5.85426e-05 | 11 -0.61273 -6.28997e-04 | 12 -0.63629 -1.49273e-04
 13  0.82440 -6.28701e-05 | 14 -0.00270  2.28552e-03 | 15 -0.00272  1.94233e-03
 16 -0.00272  1.71399e-03 | 17 -0.00272  1.54903e-03 | 18 -0.00271  1.42834e-03
 19 -0.00269  1.32823e-03 | 20 -0.00265  1.24263e-03 | 21 -0.00261  1.17329e-03
 22 -0.00255  1.12120e-03 | 23 -0.00248  1.09210e-03 | 24 -0.00240  1.08006e-03
 25 -0.00230  1.05830e-03 | 26 -0.00219  9.47707e-04 | 27 -0.00207  6.71062e-04
 28 -0.00194  1.57455e-04 | 29 -0.00179 -5.87125e-04 | 30 -0.00163 -1.42360e-03
 31 -0.00145 -2.06066e-03 | 32 -0.00126 -2.15337e-03 | 33 -0.00105 -1.51814e-03
 34 -0.00083 -3.59984e-04 | 35 -0.00059  7.31360e-04 | 36 -0.00036  1.15389e-03
 37 -0.00012  7.98791e-04 | 38  0.00011  1.39872e-04 | 39  0.00032 -2.31058e-04
 40  0.00051 -1.55401e-04 | 41  0.00067  1.06694e-04 | 42  0.00079  2.81314e-04
 43  0.00085  3.29087e-04 | 44  0.00084  3.53120e-04 | 45  0.00078  3.75831e-04
 46  0.00065  2.44706e-04 | 47  0.00046 -1.22345e-04 | 48  0.00023 -3.07131e-04
 49 -0.00003  2.12545e-04 | 50 -0.00030  9.55745e-04 | 51 -0.00056  8.17221e-04
 52 -0.00078 -3.06320e-05 | 53 -0.00093 -6.24099e-04 | 54 -0.00097 -8.90722e-04
 55 -0.00088 -1.14811e-03 | 56 -0.00062 -9.87605e-04 | 57 -0.00017  1.68649e-04
 58  0.00051 -5.82666e-04 | 59  0.00144 -2.88417e-05 | 60  0.00264  3.90194e-04
 61  0.00413  2.02951e-03 | 62  0.00589 -2.64050e-05 | 63  0.00793 -1.45669e-03
 64  0.01022  3.88976e-04 | 65  0.01270  3.57698e-03 | 66  0.01521 -1.29332e-04
 67  0.01767  1.49035e-03 | 68  0.01986  5.75828e-04 | 69  0.02159 -4.51593e-04
 70  0.02272  5.20499e-04 | 71  0.02313  2.31478e-03 | 72  0.02281 -7.42808e-04
 73  0.02189  1.14801e-03 | 74  0.02044  5.00807e-04 | 75  0.01853 -1.27031e-03
 76  0.01613 -2.19414e-04 | 77  0.01315 -7.16745e-04 | 78  0.00955 -6.49585e-04
 79  0.00547  1.17008e-03 | 80  0.00123  7.94028e-04 | 81 -0.00270 -9.15233e-04
 82 -0.00592  9.51607e-04 | 83 -0.00832 -1.24942e-03 | 84 -0.01003  1.80263e-03
 85 -0.01142 -7.10060e-04 | 86 -0.01260  1.69722e-03 | 87 -0.01319 -8.37764e-04
 88 -0.01275  3.71367e-03 | 89 -0.01171  3.11628e-03 | 90 -0.00894  1.41295e-03
 91 -0.00447 -6.28451e-03 | 92  0.00178  1.55813e-03 | 93  0.00564 -2.69946e-03
 94  0.00868  1.84217e-03 | 95  0.01134 -1.51890e-03 | 96  0.00656  4.06905e-03
 97  0.00784 -3.88264e-04 | 98  0.02599  3.42338e-03 | 99  0.01908 -2.80551e-03
100  0.00039 -1.00333e-03 |101  0.02007  1.03415e-03 |102  0.08658  9.46920e-04
103  0.03413 -8.52021e-04 |104 -0.00539  2.30416e-03 |105  0.00582 -2.35306e-03
106  0.01847  2.00635e-03 |107  0.03271  3.80173e-04 |108  0.00067 -6.00501e-04
109 -0.06578  1.62123e-03 |110 -0.08269 -1.06905e-03 |111 -0.08115  1.90597e-03
112 -0.04680 -1.43810e-03 |113  0.06548  1.57852e-03 |114  0.01884 -2.21936e-03
115  0.01194  1.51313e-03 |116 -0.04114  2.36462e-04 |117 -0.08158  4.76329e-04
118 -0.02847  9.66372e-04 |119 -0.02122 -6.45838e-04 |120 -0.04840 -4.18816e-04
121  0.00271  1.10486e-03 |122  0.03892 -1.45831e-04 |123 -0.00608  3.63746e-04
124  0.03925 -3.55466e-04 |125 -0.01779  2.57137e-04 |126  0.10059 -1.25618e-04
127 -0.01215 -2.21403e-04 |128 -0.05114 -1.08162e-03 |129 -0.06042  1.97806e-04
130 -0.02741  5.96995e-04 |131  0.08119 -4.64285e-04 |132  0.02019 -1.79614e-04
133  0.01120 -6.89547e-05 |134 -0.03408  6.72574e-04 |135 -0.01901 -6.77092e-04
136 -0.00395  8.43705e-05 |137 -0.00000 -1.73861e-07 |138 -0.64909  9.75548e-05
139 -0.99327 -5.35822e-07 |140  0.03140  3.88636e-05 |141 -0.58678 -5.02792e-05
142  0.03530  8.67356e-05 |143 -0.40440 -2.61454e-04 |144  0.81925 -2.00941e-04
145  0.03753 -4.28645e-05 |146 -0.02891  6.02700e-06 |147  0.01100  5.46526e-05
148  0.16771 -4.05364e-04 |149 -0.58146 -1.93546e-05 |150 -0.00663 -3.73707e-04
151 -0.42468  1.54960e-03 |152  0.82201 -2.02511e-04 |153  0.12499 -1.80796e-05
154 -0.03920  1.09645e-04 |155 -0.11811  9.39576e-05 |156  0.09612 -3.25944e-04
157  0.04932 -1.28482e-04 |158  0.14594  1.91215e-04 |159 -0.03737  2.96648e-04
160 -0.58594  6.67471e-04 |161 -0.50988 -8.41691e-06 |162 -0.21002 -6.99373e-04
163 -0.21215 -4.55704e-04 |164  0.80065 -2.39611e-04 |165  0.19356  1.52662e-04
166  0.08221  3.29888e-05 |167 -0.25926 -8.50469e-05 |168 -0.39570 -9.46420e-05
169 -0.20145  6.26768e-06 |170 -0.03781  1.37099e-04 |171 -0.28386  6.48007e-05
172  0.81676 -1.54538e-04 |173  0.08895  1.59036e-06 |174 -0.52712 -1.87348e-05
175  0.07848  9.90930e-06 |176 -0.40556 -9.71810e-05 |177 -0.14463  2.19084e-05
178  0.06411 -1.76566e-05 |179 -0.17461 -7.03353e-04 |180 -0.15668  3.99787e-04
181 -1.00001 -5.25272e-04 |182 -0.13808 -3.63429e-04 |183  0.22942 -1.12245e-04
184  0.01367  2.63828e-05 |185 -0.36179  5.25085e-04 |186 -0.44280  1.53380e-05
187 -0.04055 -4.87703e-05 |188 -0.30048 -2.95532e-04 |189  0.80945 -8.82963e-05

 - final statistics:
189 variables; iteration 169; function evaluation 240
Function value 7.0706e+03; maximum gradient component mag -3.0015e-04
Exit code = 1;  converg criter 1.0000e-03
Var    Value     Gradient |Var    Value     Gradient |Var    Value     Gradient
  1 -0.38812 -2.31768e-06 |  2  0.35795  2.18258e-06 |  3 -0.14730 -5.30437e-07
  4  0.02686  1.94631e-06 |  5 -0.68452 -4.74556e-06 |  6 -0.61927  5.72980e-06
  7 -0.41921  8.55403e-07 |  8  0.35643 -4.66505e-06 |  9 -0.20097  4.57202e-06
 10  0.08238 -2.40050e-06 | 11 -0.61273 -9.36037e-06 | 12 -0.63629 -2.86550e-06
 13  0.82439  8.20248e-06 | 14 -0.00271  5.06754e-05 | 15 -0.00272  4.36003e-05
 16 -0.00273  3.78163e-05 | 17 -0.00273  3.28401e-05 | 18 -0.00272  2.86692e-05
 19 -0.00269  2.50952e-05 | 20 -0.00266  2.23804e-05 | 21 -0.00261  2.09979e-05
 22 -0.00255  2.14416e-05 | 23 -0.00248  2.42959e-05 | 24 -0.00240  3.02673e-05
 25 -0.00230  4.07169e-05 | 26 -0.00220  5.78687e-05 | 27 -0.00207  8.18846e-05
 28 -0.00194  1.04356e-04 | 29 -0.00179  1.01518e-04 | 30 -0.00162  3.98828e-05
 31 -0.00145 -9.28436e-05 | 32 -0.00125 -2.44577e-04 | 33 -0.00105 -3.00149e-04
 34 -0.00083 -1.80652e-04 | 35 -0.00060  3.27966e-05 | 36 -0.00036  1.44520e-04
 37 -0.00012  7.65995e-05 | 38  0.00011 -3.47460e-05 | 39  0.00032 -4.91741e-05
 40  0.00051  5.99639e-06 | 41  0.00067  4.30522e-05 | 42  0.00078  4.77579e-05
 43  0.00084  4.56984e-05 | 44  0.00084  4.78834e-05 | 45  0.00078  5.69643e-05
 46  0.00065  6.65111e-05 | 47  0.00046  3.10769e-05 | 48  0.00023 -4.39686e-05
 49 -0.00003 -5.20488e-07 | 50 -0.00031  1.40219e-04 | 51 -0.00057  1.04800e-04
 52 -0.00078 -3.64341e-05 | 53 -0.00093 -7.39012e-05 | 54 -0.00097 -6.74744e-05
 55 -0.00088 -1.15747e-04 | 56 -0.00062 -1.35790e-04 | 57 -0.00017  8.97263e-05
 58  0.00051 -3.09966e-05 | 59  0.00144 -1.65222e-04 | 60  0.00264  1.57271e-04
 61  0.00412  1.91623e-04 | 62  0.00589 -2.25774e-04 | 63  0.00794 -2.30861e-05
 64  0.01022  3.16538e-05 | 65  0.01268  1.56030e-04 | 66  0.01521  6.15220e-06
 67  0.01766  1.64957e-05 | 68  0.01986  1.29172e-04 | 69  0.02160 -3.23027e-05
 70  0.02271  5.38490e-06 | 71  0.02312  3.41774e-05 | 72  0.02281 -5.74734e-06
 73  0.02188  2.10956e-05 | 74  0.02044 -9.44681e-05 | 75  0.01854  5.22079e-05
 76  0.01613 -1.34152e-05 | 77  0.01315 -6.26541e-05 | 78  0.00955 -1.98844e-04
 79  0.00547  2.41119e-04 | 80  0.00123 -4.22440e-05 | 81 -0.00270  3.18762e-05
 82 -0.00592  7.13605e-05 | 83 -0.00831 -5.65844e-05 | 84 -0.01004  7.31722e-05
 85 -0.01142 -7.26944e-07 | 86 -0.01261 -8.10037e-05 | 87 -0.01319 -1.23586e-05
 88 -0.01277  1.83757e-05 | 89 -0.01172  1.04466e-04 | 90 -0.00895  5.29166e-05
 91 -0.00445 -1.20573e-04 | 92  0.00178  1.88046e-04 | 93  0.00565 -1.28152e-04
 94  0.00867 -5.11787e-05 | 95  0.01135 -3.84793e-05 | 96  0.00654  1.18467e-04
 97  0.00784  1.25386e-05 | 98  0.02598  6.66608e-05 | 99  0.01909 -3.99937e-05
100  0.00039 -7.41391e-05 |101  0.02006  3.06952e-05 |102  0.08658  3.25940e-05
103  0.03414  4.12172e-10 |104 -0.00539 -2.68608e-05 |105  0.00583 -1.46795e-05
106  0.01846  6.32450e-05 |107  0.03271 -2.50811e-05 |108  0.00067  1.67734e-05
109 -0.06579  2.00280e-05 |110 -0.08269 -1.38252e-05 |111 -0.08115  3.04226e-05
112 -0.04680 -1.55383e-05 |113  0.06547  2.20180e-05 |114  0.01885 -3.44317e-05
115  0.01194  2.27893e-05 |116 -0.04114  9.93328e-06 |117 -0.08158  4.66165e-06
118 -0.02847  2.78317e-05 |119 -0.02122 -1.74943e-05 |120 -0.04840 -1.29695e-06
121  0.00271  1.30602e-05 |122  0.03892  8.93341e-06 |123 -0.00609 -1.20467e-05
124  0.03925 -1.35513e-06 |125 -0.01779 -1.17859e-07 |126  0.10059 -3.76976e-06
127 -0.01215 -3.76326e-06 |128 -0.05114 -9.17703e-06 |129 -0.06042  2.28062e-05
130 -0.02742 -6.56483e-06 |131  0.08119 -6.10420e-06 |132  0.02019  1.45127e-05
133  0.01120 -6.75873e-06 |134 -0.03408  2.37797e-05 |135 -0.01901  5.35649e-06
136 -0.00395 -2.75061e-05 |137 -0.00000 -1.17612e-08 |138 -0.64909 -4.36790e-07
139 -0.99316  4.64351e-06 |140  0.03140 -4.06085e-06 |141 -0.58616  5.47529e-06
142  0.03530  4.08539e-06 |143 -0.40440 -8.24532e-06 |144  0.81925 -2.30608e-05
145  0.03661 -5.02128e-05 |146 -0.03263 -1.33293e-05 |147  0.00348  1.76217e-05
148  0.16771 -1.08022e-05 |149 -0.58116  7.33500e-06 |150 -0.00663 -1.06850e-05
151 -0.42468  3.56549e-05 |152  0.82201 -6.70586e-06 |153  0.12500  8.70353e-08
154 -0.03920  2.87379e-06 |155 -0.11811  1.86802e-06 |156  0.09612 -1.57966e-05
157  0.04932 -8.84486e-06 |158  0.14594  1.11427e-05 |159 -0.03737  1.41855e-05
160 -0.58594 -2.64751e-05 |161 -0.50982 -3.82787e-06 |162 -0.21002  2.46344e-05
163 -0.21215  4.98857e-05 |164  0.80065  9.96455e-05 |165  0.19356  3.73986e-06
166  0.08220 -3.57950e-06 |167 -0.25926 -3.17131e-06 |168 -0.39570 -7.23333e-07
169 -0.20145 -1.05177e-06 |170 -0.03781  8.97587e-07 |171 -0.28387  2.07384e-07
172  0.81676 -2.75153e-06 |173  0.08895 -4.31208e-07 |174 -0.52698 -7.30923e-06
175  0.07848 -3.42305e-07 |176 -0.40556 -3.80780e-06 |177 -0.14463  4.32341e-07
178  0.06411 -3.11983e-06 |179 -0.17461 -1.91317e-05 |180 -0.15668  7.44545e-06
181 -1.00001 -4.03264e-06 |182 -0.13808 -1.06051e-05 |183  0.22942 -2.78881e-06
184  0.01367 -6.63887e-07 |185 -0.36180  1.15106e-05 |186 -0.44288  8.67992e-06
187 -0.04055 -3.37778e-06 |188 -0.30048 -6.43971e-06 |189  0.80945 -3.08258e-06
Warning: the following parameters had issues
  Q_parm[5] is within 0.1% of lower bound: -1.00000e+01 < -9.99965e+00 < 2.00000e+00
  selparm[63] is within 0.1% of lower bound: -2.00000e+00 < -2.00000e+00 < 2.00000e+01


 - final statistics:
202 variables; iteration 0; function evaluation 0
Function value 7.0706e+03; maximum gradient component mag -3.0015e-04
Exit code = 0;  converg criter 1.0000e-03
Var    Value     Gradient |Var    Value     Gradient |Var    Value     Gradient
  1 -0.38812 -2.31766e-06 |  2  0.35795  2.18258e-06 |  3 -0.14730 -5.30464e-07
  4  0.02686  1.94631e-06 |  5 -0.68452 -4.74556e-06 |  6 -0.61927  5.72982e-06
  7 -0.41921  8.55432e-07 |  8  0.35643 -4.66506e-06 |  9 -0.20097  4.57197e-06
 10  0.08238 -2.40051e-06 | 11 -0.61273 -9.36037e-06 | 12 -0.63629 -2.86549e-06
 13  0.82439  8.20247e-06 | 14 -0.00271  5.06754e-05 | 15 -0.00272  4.36003e-05
 16 -0.00273  3.78163e-05 | 17 -0.00273  3.28401e-05 | 18 -0.00272  2.86692e-05
 19 -0.00269  2.50952e-05 | 20 -0.00266  2.23804e-05 | 21 -0.00261  2.09979e-05
 22 -0.00255  2.14416e-05 | 23 -0.00248  2.42959e-05 | 24 -0.00240  3.02673e-05
 25 -0.00230  4.07169e-05 | 26 -0.00220  5.78687e-05 | 27 -0.00207  8.18846e-05
 28 -0.00194  1.04356e-04 | 29 -0.00179  1.01518e-04 | 30 -0.00162  3.98828e-05
 31 -0.00145 -9.28436e-05 | 32 -0.00125 -2.44577e-04 | 33 -0.00105 -3.00149e-04
 34 -0.00083 -1.80652e-04 | 35 -0.00060  3.27966e-05 | 36 -0.00036  1.44520e-04
 37 -0.00012  7.65995e-05 | 38  0.00011 -3.47460e-05 | 39  0.00032 -4.91741e-05
 40  0.00051  5.99639e-06 | 41  0.00067  4.30522e-05 | 42  0.00078  4.77579e-05
 43  0.00084  4.56984e-05 | 44  0.00084  4.78834e-05 | 45  0.00078  5.69643e-05
 46  0.00065  6.65111e-05 | 47  0.00046  3.10769e-05 | 48  0.00023 -4.39686e-05
 49 -0.00003 -5.20489e-07 | 50 -0.00031  1.40219e-04 | 51 -0.00057  1.04800e-04
 52 -0.00078 -3.64341e-05 | 53 -0.00093 -7.39012e-05 | 54 -0.00097 -6.74744e-05
 55 -0.00088 -1.15747e-04 | 56 -0.00062 -1.35790e-04 | 57 -0.00017  8.97263e-05
 58  0.00051 -3.09966e-05 | 59  0.00144 -1.65222e-04 | 60  0.00264  1.57271e-04
 61  0.00412  1.91623e-04 | 62  0.00589 -2.25774e-04 | 63  0.00794 -2.30861e-05
 64  0.01022  3.16538e-05 | 65  0.01268  1.56030e-04 | 66  0.01521  6.15220e-06
 67  0.01766  1.64957e-05 | 68  0.01986  1.29172e-04 | 69  0.02160 -3.23027e-05
 70  0.02271  5.38490e-06 | 71  0.02312  3.41774e-05 | 72  0.02281 -5.74734e-06
 73  0.02188  2.10956e-05 | 74  0.02044 -9.44681e-05 | 75  0.01854  5.22079e-05
 76  0.01613 -1.34152e-05 | 77  0.01315 -6.26541e-05 | 78  0.00955 -1.98844e-04
 79  0.00547  2.41119e-04 | 80  0.00123 -4.22440e-05 | 81 -0.00270  3.18762e-05
 82 -0.00592  7.13605e-05 | 83 -0.00831 -5.65844e-05 | 84 -0.01004  7.31722e-05
 85 -0.01142 -7.26946e-07 | 86 -0.01261 -8.10037e-05 | 87 -0.01319 -1.23586e-05
 88 -0.01277  1.83757e-05 | 89 -0.01172  1.04466e-04 | 90 -0.00895  5.29166e-05
 91 -0.00445 -1.20573e-04 | 92  0.00178  1.88046e-04 | 93  0.00565 -1.28152e-04
 94  0.00867 -5.11787e-05 | 95  0.01135 -3.84793e-05 | 96  0.00654  1.18467e-04
 97  0.00784  1.25386e-05 | 98  0.02598  6.66608e-05 | 99  0.01909 -3.99937e-05
100  0.00039 -7.41391e-05 |101  0.02006  3.06952e-05 |102  0.08658  3.25940e-05
103  0.03414  4.11658e-10 |104 -0.00539 -2.68608e-05 |105  0.00583 -1.46795e-05
106  0.01846  6.32450e-05 |107  0.03271 -2.50811e-05 |108  0.00067  1.67734e-05
109 -0.06579  2.00280e-05 |110 -0.08269 -1.38252e-05 |111 -0.08115  3.04226e-05
112 -0.04680 -1.55383e-05 |113  0.06547  2.20180e-05 |114  0.01885 -3.44317e-05
115  0.01194  2.27893e-05 |116 -0.04114  9.93328e-06 |117 -0.08158  4.66165e-06
118 -0.02847  2.78317e-05 |119 -0.02122 -1.74943e-05 |120 -0.04840 -1.29695e-06
121  0.00271  1.30602e-05 |122  0.03892  8.93341e-06 |123 -0.00609 -1.20467e-05
124  0.03925 -1.35513e-06 |125 -0.01779 -1.17858e-07 |126  0.10059 -3.76976e-06
127 -0.01215 -3.76326e-06 |128 -0.05114 -9.17703e-06 |129 -0.06042  2.28062e-05
130 -0.02742 -6.56483e-06 |131  0.08119 -6.10420e-06 |132  0.02019  1.45127e-05
133  0.01120 -6.75873e-06 |134 -0.03408  2.37797e-05 |135 -0.01901  5.35649e-06
136 -0.00395 -2.75061e-05 |137 -0.00000 -1.17612e-08 |138  0.00000  0.00000e+00
139  0.00000  0.00000e+00 |140  0.00000  0.00000e+00 |141  0.00000  0.00000e+00
142  0.00000  0.00000e+00 |143  0.00000  0.00000e+00 |144  0.00000  0.00000e+00
145  0.00000  0.00000e+00 |146  0.00000  0.00000e+00 |147  0.00000  0.00000e+00
148  0.00000  0.00000e+00 |149  0.00000  0.00000e+00 |150  0.00000  0.00000e+00
151 -0.64909 -4.36809e-07 |152 -0.99316  4.64351e-06 |153  0.03140 -4.06087e-06
154 -0.58616  5.47529e-06 |155  0.03530  4.08541e-06 |156 -0.40440 -8.24533e-06
157  0.81925 -2.30613e-05 |158  0.03661 -5.02128e-05 |159 -0.03263 -1.33293e-05
160  0.00348  1.76217e-05 |161  0.16771 -1.08023e-05 |162 -0.58116  7.33500e-06
163 -0.00663 -1.06850e-05 |164 -0.42468  3.56549e-05 |165  0.82201 -6.70617e-06
166  0.12500  8.70351e-08 |167 -0.03920  2.87379e-06 |168 -0.11811  1.86802e-06
169  0.09612 -1.57966e-05 |170  0.04932 -8.84486e-06 |171  0.14594  1.11427e-05
172 -0.03737  1.41855e-05 |173 -0.58594 -2.64752e-05 |174 -0.50982 -3.82787e-06
175 -0.21002  2.46344e-05 |176 -0.21215  4.98857e-05 |177  0.80065  9.96454e-05
178  0.19356  3.73986e-06 |179  0.08220 -3.57950e-06 |180 -0.25926 -3.17131e-06
181 -0.39570 -7.23335e-07 |182 -0.20145 -1.05177e-06 |183 -0.03781  8.97589e-07
184 -0.28387  2.07385e-07 |185  0.81676 -2.75192e-06 |186  0.08895 -4.31208e-07
187 -0.52698 -7.30923e-06 |188  0.07848 -3.42305e-07 |189 -0.40556 -3.80780e-06
190 -0.14463  4.32341e-07 |191  0.06411 -3.11983e-06 |192 -0.17461 -1.91317e-05
193 -0.15668  7.44545e-06 |194 -0.99999  4.03855e-06 |195 -0.13808 -1.06051e-05
196  0.22942 -2.78881e-06 |197  0.01367 -6.63887e-07 |198 -0.36180  1.15106e-05
199 -0.44288  8.67992e-06 |200 -0.04055 -3.37778e-06 |201 -0.30048 -6.43972e-06
202  0.80945 -3.08344e-06 |
size of file gradfil1.tmp = 0
size of file gradfil2.tmp = 0
size of file varssave.tmp = 0
size of file cmpdiff.tmp = 1000000040
