
 - final statistics:
3 variables; iteration 0; function evaluation 0
Function value 7.0411e+03; maximum gradient component mag -1.2512e-04
Exit code = 0;  converg criter 1.0000e+01
Var    Value     Gradient |Var    Value     Gradient |Var    Value     Gradient
  1  0.82552 -6.33624e-05 |  2 -0.64808 -1.25124e-04 |  3 -0.99393  6.18941e-07

Initial statistics: 15 variables; iteration 0; function evaluation 0; phase 2
Function value 7.0411490e+03; maximum gradient component mag -2.4655e+01
Var    Value     Gradient |Var    Value     Gradient |Var    Value     Gradient
  1 -0.38767 -2.46548e+01 |  2  0.35802 -2.87351e+00 |  3 -0.14696 -2.33102e+01
  4  0.02639 -1.26188e+01 |  5 -0.68375 -2.99708e+00 |  6 -0.61919  3.17453e+00
  7 -0.41866  2.34971e+01 |  8  0.35663 -8.67572e+00 |  9 -0.20076  1.98807e+01
 10  0.08187  5.52423e+00 | 11 -0.61141  1.45585e+00 | 12 -0.63626 -9.11496e+00
 13  0.82552 -6.33624e-05 | 14 -0.64808 -1.25124e-04 | 15 -0.99393  6.18941e-07

 - final statistics:
15 variables; iteration 16; function evaluation 22
Function value 7.0411e+03; maximum gradient component mag -9.7528e+00
Exit code = 1;  converg criter 1.0000e+01
Var    Value     Gradient |Var    Value     Gradient |Var    Value     Gradient
  1 -0.38683 -1.74156e+00 |  2  0.35737 -9.75279e+00 |  3 -0.14716 -7.97506e+00
  4  0.02739 -8.11656e+00 |  5 -0.68050 -6.72645e-01 |  6 -0.61977 -1.37522e+00
  7 -0.41946 -1.03450e+00 |  8  0.35744  3.72442e+00 |  9 -0.20064  5.45697e+00
 10  0.08076  4.08317e+00 | 11 -0.61396  2.98989e-01 | 12 -0.63559  1.02047e+00
 13  0.82659  5.80636e-01 | 14 -0.64892 -2.22789e-01 | 15 -0.99412  2.10052e-02

Initial statistics: 174 variables; iteration 0; function evaluation 0; phase 3
Function value 7.0411090e+03; maximum gradient component mag -9.7528e+00
Var    Value     Gradient |Var    Value     Gradient |Var    Value     Gradient
  1 -0.38683 -1.74156e+00 |  2  0.35737 -9.75279e+00 |  3 -0.14716 -7.97506e+00
  4  0.02739 -8.11656e+00 |  5 -0.68050 -6.72645e-01 |  6 -0.61977 -1.37522e+00
  7 -0.41946 -1.03450e+00 |  8  0.35744  3.72442e+00 |  9 -0.20064  5.45697e+00
 10  0.08076  4.08317e+00 | 11 -0.61396  2.98989e-01 | 12 -0.63559  1.02047e+00
 13  0.82659  5.80636e-01 | 14 -0.00261  2.09662e-02 | 15 -0.00262  2.16891e-02
 16 -0.00263  2.24166e-02 | 17 -0.00262  2.31715e-02 | 18 -0.00261  2.39420e-02
 19 -0.00258  2.47297e-02 | 20 -0.00255  2.55286e-02 | 21 -0.00250  2.63359e-02
 22 -0.00244  2.71553e-02 | 23 -0.00237  2.79837e-02 | 24 -0.00229  2.88165e-02
 25 -0.00219  2.96398e-02 | 26 -0.00208  3.04691e-02 | 27 -0.00196  3.12930e-02
 28 -0.00182  3.20924e-02 | 29 -0.00167  3.28845e-02 | 30 -0.00151  3.36499e-02
 31 -0.00133  3.43879e-02 | 32 -0.00114  3.50921e-02 | 33 -0.00093  3.57562e-02
 34 -0.00072  3.63763e-02 | 35 -0.00049  3.69485e-02 | 36 -0.00026  3.74633e-02
 37 -0.00002  3.79216e-02 | 38  0.00020  3.83076e-02 | 39  0.00041  3.86357e-02
 40  0.00060  3.88769e-02 | 41  0.00075  3.90434e-02 | 42  0.00086  3.91283e-02
 43  0.00091  3.91326e-02 | 44  0.00090  3.90535e-02 | 45  0.00083  3.88829e-02
 46  0.00069  3.86355e-02 | 47  0.00050  3.83208e-02 | 48  0.00026  3.79262e-02
 49 -0.00001  3.74569e-02 | 50 -0.00030  3.69558e-02 | 51 -0.00056  3.64109e-02
 52 -0.00079  3.58156e-02 | 53 -0.00094  3.52048e-02 | 54 -0.00099  3.46060e-02
 55 -0.00091  3.39762e-02 | 56 -0.00066  3.33742e-02 | 57 -0.00022  3.27767e-02
 58  0.00045  3.22140e-02 | 59  0.00137  3.16799e-02 | 60  0.00256  3.11868e-02
 61  0.00404  3.07767e-02 | 62  0.00580  3.04438e-02 | 63  0.00783  3.01979e-02
 64  0.01011  3.00851e-02 | 65  0.01256  3.01560e-02 | 66  0.01508  3.04064e-02
 67  0.01752  3.08863e-02 | 68  0.01970  3.16720e-02 | 69  0.02143  3.27675e-02
 70  0.02254  3.42316e-02 | 71  0.02293  3.61781e-02 | 72  0.02261  3.86505e-02
 73  0.02168  4.18605e-02 | 74  0.02023  4.58898e-02 | 75  0.01831  5.09244e-02
 76  0.01590  5.70706e-02 | 77  0.01291  6.44137e-02 | 78  0.00931  7.30305e-02
 79  0.00522  8.30328e-02 | 80  0.00097  9.45237e-02 | 81 -0.00296  1.08207e-01
 82 -0.00620  1.24772e-01 | 83 -0.00860  1.44950e-01 | 84 -0.01033  1.69348e-01
 85 -0.01173  1.98452e-01 | 86 -0.01293  2.33358e-01 | 87 -0.01352  2.77570e-01
 88 -0.01312  3.35165e-01 | 89 -0.01209  4.09569e-01 | 90 -0.00933  5.12737e-01
 91 -0.00485  6.50334e-01 | 92  0.00133  8.22150e-01 | 93  0.00519  9.68638e-01
 94  0.00820  1.01123e+00 | 95  0.01087  7.90619e-01 | 96  0.00611  8.36469e-02
 97  0.00747 -1.18392e+00 | 98  0.02557 -3.34042e+00 | 99  0.01874 -4.73796e+00
100  0.00021 -3.94508e+00 |101  0.01997 -1.63804e+00 |102  0.08630  3.44330e+00
103  0.03406  1.42929e+00 |104 -0.00555 -1.75863e+00 |105  0.00548 -2.74935e+00
106  0.01794 -1.95165e+00 |107  0.03196  2.70876e+00 |108 -0.00073  8.12311e+00
109 -0.06704 -5.53563e-01 |110 -0.08406  9.29794e-01 |111 -0.08247 -1.56708e+00
112 -0.04737 -7.16138e-01 |113  0.06416 -4.30811e-01 |114  0.01510 -9.20233e-02
115  0.00908 -1.28545e-01 |116 -0.04026 -3.09507e-02 |117 -0.08121 -1.30561e-01
118 -0.03137  2.59851e-01 |119 -0.02415 -1.20526e-01 |120 -0.04966 -2.31202e-04
121  0.00275  6.93679e-03 |122  0.03969 -1.57502e-02 |123 -0.00317  3.69275e-02
124  0.04570 -8.39303e-02 |125 -0.01655  2.81163e-02 |126  0.10265 -1.06012e-01
127 -0.01123  7.19013e-02 |128 -0.05016 -4.60356e-02 |129 -0.06006  1.22522e-01
130 -0.02641 -2.77454e-02 |131  0.08554 -7.98038e-02 |132  0.02400  1.54729e-01
133  0.01266 -5.96929e-02 |134 -0.03397 -1.55236e-02 |135 -0.01914  5.46876e-02
136 -0.00406 -1.60329e-02 |137 -0.00000  7.42505e-07 |138 -0.64892 -2.22789e-01
139 -0.99412  2.10052e-02 |140  0.03121 -2.30477e-01 |141 -0.58651 -2.09120e-05
142  0.03495 -5.80346e-03 |143 -0.10991  1.62363e-02 |144  0.20000 -1.97351e-02
145  0.16748 -2.28643e-01 |146 -0.58136 -2.05697e-05 |147 -0.00720  3.34855e-02
148  0.12386 -2.59131e-02 |149 -0.04033  8.52944e-03 |150  0.09532 -6.77779e-02
151  0.04853  3.84449e-02 |152  0.14563 -8.86839e-02 |153 -0.03738  5.56010e-02
154 -0.58548  4.14591e-01 |155 -0.50980  1.41114e-03 |156 -0.20972  2.59532e-02
157 -0.21217  4.33194e+00 |158  0.19395 -1.33535e-01 |159  0.08261  2.01059e-01
160 -0.39563  2.34982e-02 |161 -0.20088  1.22284e-02 |162 -0.03778 -3.14696e-02
163  0.08906  2.46796e-02 |164 -0.52696  8.83935e-07 |165  0.07864 -4.13856e-02
166  0.06407 -2.27536e-01 |167 -0.17462 -3.85504e-01 |168 -0.15651  1.08898e-02
169  0.22776 -2.32481e-02 |170  0.01200  1.68051e-02 |171 -0.36298 -3.32156e-02
172 -0.44269 -3.72258e-04 |173 -0.04126 -1.90585e-02 |174 -0.30026 -1.14324e-01

Intermediate statistics: 174 variables; iteration 20; function evaluation 25; phase 3
Function value 7.0410225e+03; maximum gradient component mag 1.3596e+01
Var    Value     Gradient |Var    Value     Gradient |Var    Value     Gradient
  1 -0.38714 -4.99208e+00 |  2  0.35751  6.25112e+00 |  3 -0.14688  1.03312e+01
  4  0.02736  6.54390e+00 |  5 -0.68058 -3.54334e-01 |  6 -0.61973 -1.41252e+00
  7 -0.41970 -6.74442e+00 |  8  0.35734  3.11706e+00 |  9 -0.20074  2.73270e+00
 10  0.08102  4.01259e+00 | 11 -0.61402  3.81865e-01 | 12 -0.63558 -2.29706e-01
 13  0.82652  5.89793e-01 | 14 -0.00259  8.94837e-02 | 15 -0.00260  9.20752e-02
 16 -0.00261  9.47137e-02 | 17 -0.00260  9.74055e-02 | 18 -0.00259  1.00145e-01
 19 -0.00256  1.02930e-01 | 20 -0.00253  1.05757e-01 | 21 -0.00248  1.08621e-01
 22 -0.00242  1.11521e-01 | 23 -0.00235  1.14449e-01 | 24 -0.00227  1.17401e-01
 25 -0.00217  1.20365e-01 | 26 -0.00206  1.23341e-01 | 27 -0.00194  1.26316e-01
 28 -0.00180  1.29278e-01 | 29 -0.00166  1.32222e-01 | 30 -0.00149  1.35135e-01
 31 -0.00132  1.38006e-01 | 32 -0.00112  1.40823e-01 | 33 -0.00092  1.43574e-01
 34 -0.00070  1.46246e-01 | 35 -0.00048  1.48825e-01 | 36 -0.00025  1.51293e-01
 37 -0.00001  1.53635e-01 | 38  0.00021  1.55829e-01 | 39  0.00042  1.57859e-01
 40  0.00061  1.59695e-01 | 41  0.00076  1.61319e-01 | 42  0.00086  1.62706e-01
 43  0.00091  1.63836e-01 | 44  0.00090  1.64690e-01 | 45  0.00083  1.65252e-01
 46  0.00069  1.65521e-01 | 47  0.00049  1.65503e-01 | 48  0.00025  1.65205e-01
 49 -0.00003  1.64649e-01 | 50 -0.00032  1.63876e-01 | 51 -0.00059  1.62921e-01
 52 -0.00081  1.61824e-01 | 53 -0.00097  1.60646e-01 | 54 -0.00103  1.59449e-01
 55 -0.00095  1.58279e-01 | 56 -0.00071  1.57218e-01 | 57 -0.00027  1.56327e-01
 58  0.00039  1.55689e-01 | 59  0.00131  1.55382e-01 | 60  0.00249  1.55495e-01
 61  0.00396  1.56133e-01 | 62  0.00571  1.57391e-01 | 63  0.00774  1.59368e-01
 64  0.01000  1.62173e-01 | 65  0.01244  1.65893e-01 | 66  0.01494  1.70558e-01
 67  0.01738  1.76149e-01 | 68  0.01955  1.82574e-01 | 69  0.02127  1.89633e-01
 70  0.02237  1.97111e-01 | 71  0.02276  2.04856e-01 | 72  0.02245  2.12801e-01
 73  0.02153  2.21055e-01 | 74  0.02009  2.29702e-01 | 75  0.01820  2.38751e-01
 76  0.01582  2.47974e-01 | 77  0.01287  2.56965e-01 | 78  0.00930  2.65330e-01
 79  0.00526  2.72919e-01 | 80  0.00107  2.79243e-01 | 81 -0.00281  2.85353e-01
 82 -0.00599  2.91267e-01 | 83 -0.00834  2.96227e-01 | 84 -0.01002  2.98520e-01
 85 -0.01136  2.95808e-01 | 86 -0.01252  2.86145e-01 | 87 -0.01309  2.68378e-01
 88 -0.01270  2.39563e-01 | 89 -0.01174  1.94945e-01 | 90 -0.00915  1.31046e-01
 91 -0.00501  3.55411e-02 | 92  0.00060 -1.08091e-01 | 93  0.00366 -3.10191e-01
 94  0.00578 -6.02821e-01 | 95  0.00773 -1.03770e+00 | 96  0.00322 -1.58318e+00
 97  0.00575 -2.38142e+00 | 98  0.02738 -3.63492e+00 | 99  0.02400 -4.08975e+00
100  0.00530 -3.32446e+00 |101  0.02240 -2.39114e+00 |102  0.07717 -8.74608e-01
103  0.03334 -4.36719e-01 |104 -0.00269 -1.21092e+00 |105  0.00712 -1.48190e+00
106  0.02021  9.38485e-03 |107  0.03338  4.32373e+00 |108 -0.00447  7.48568e+00
109 -0.06243  1.78451e+00 |110 -0.08504  1.03752e+00 |111 -0.08154 -8.70635e-01
112 -0.04762 -6.85909e-01 |113  0.06368 -1.11317e+00 |114  0.01471 -7.58056e-01
115  0.00891 -6.58320e-01 |116 -0.04052 -4.57844e-01 |117 -0.08122 -1.65398e-01
118 -0.03191 -1.22384e-01 |119 -0.02408 -2.20597e-01 |120 -0.04983 -1.14172e-01
121  0.00259 -9.00763e-02 |122  0.03956 -1.13368e-01 |123 -0.00336 -9.10755e-02
124  0.04556 -1.38460e-01 |125 -0.01674 -7.30377e-02 |126  0.10253 -3.97745e-02
127 -0.01134 -2.36320e-03 |128 -0.05018  8.56240e-03 |129 -0.06029  3.96988e-02
130 -0.02643 -1.74289e-02 |131  0.08558 -8.07649e-02 |132  0.02373  3.02203e-02
133  0.01271  6.18342e-03 |134 -0.03399  7.08834e-03 |135 -0.01924  1.87278e-02
136 -0.00405  4.02006e-03 |137 -0.00000  6.00040e-08 |138 -0.64845  2.86888e-01
139 -0.99413  1.22648e-02 |140  0.03128  1.12457e+00 |141 -0.58651  9.62929e-06
142  0.03489 -1.44894e+00 |143 -0.10996  7.25121e-02 |144  0.19988 -1.38315e-01
145  0.16733 -1.42343e+00 |146 -0.58136 -9.71313e-05 |147 -0.00711  1.01068e+00
148  0.12392  3.93429e-01 |149 -0.04039 -3.01558e-01 |150  0.09540  5.02633e-01
151  0.04848 -7.46660e-01 |152  0.14576  8.03920e-01 |153 -0.03746 -6.78029e-01
154 -0.58443  3.43263e-01 |155 -0.50980  8.77522e-04 |156 -0.21010 -7.24477e-02
157 -0.21223  3.01390e+00 |158  0.19503 -1.28395e-01 |159  0.08106  2.02065e-01
160 -0.39552  1.72607e-01 |161 -0.20082  1.37586e-01 |162 -0.03778 -1.37052e-01
163  0.08941  1.04349e+00 |164 -0.52696  4.14868e-04 |165  0.07874 -1.03365e-01
166  0.06424  8.81895e+00 |167 -0.17428  1.35958e+01 |168 -0.15657 -9.29851e-01
169  0.22780  5.07417e-02 |170  0.01204 -5.83266e-02 |171 -0.36179  1.35332e-01
172 -0.44268 -5.35802e-04 |173 -0.04134 -2.88845e-01 |174 -0.30075 -1.64960e-01
174 variables; iteration 40; function evaluation 47; phase 3
Function value 7.0409347e+03; maximum gradient component mag 3.3950e+00
Var    Value     Gradient |Var    Value     Gradient |Var    Value     Gradient
  1 -0.38657 -8.74115e-01 |  2  0.35737  1.73923e+00 |  3 -0.14709  3.16884e+00
  4  0.02758  2.15433e+00 |  5 -0.68119 -9.95123e-01 |  6 -0.61972 -3.53412e-01
  7 -0.41916 -1.29558e+00 |  8  0.35728  5.31246e-01 |  9 -0.20075  8.19139e-01
 10  0.08102  2.22109e+00 | 11 -0.61434 -1.51970e-01 | 12 -0.63561  1.02495e-01
 13  0.82394  6.64026e-02 | 14 -0.00268 -2.37705e-02 | 15 -0.00269 -2.40597e-02
 16 -0.00270 -2.43177e-02 | 17 -0.00270 -2.45235e-02 | 18 -0.00268 -2.46756e-02
 19 -0.00266 -2.47633e-02 | 20 -0.00263 -2.47788e-02 | 21 -0.00258 -2.47112e-02
 22 -0.00252 -2.45439e-02 | 23 -0.00245 -2.42623e-02 | 24 -0.00237 -2.38511e-02
 25 -0.00227 -2.32981e-02 | 26 -0.00217 -2.25712e-02 | 27 -0.00204 -2.16522e-02
 28 -0.00191 -2.05249e-02 | 29 -0.00176 -1.91482e-02 | 30 -0.00159 -1.75010e-02
 31 -0.00141 -1.55472e-02 | 32 -0.00122 -1.32517e-02 | 33 -0.00101 -1.05766e-02
 34 -0.00079 -7.47975e-03 | 35 -0.00056 -3.91696e-03 | 36 -0.00032  1.53932e-04
 37 -0.00008  4.78250e-03 | 38  0.00016  1.00069e-02 | 39  0.00038  1.58840e-02
 40  0.00058  2.24382e-02 | 41  0.00074  2.97178e-02 | 42  0.00086  3.77528e-02
 43  0.00093  4.65720e-02 | 44  0.00094  5.61943e-02 | 45  0.00089  6.66268e-02
 46  0.00078  7.78838e-02 | 47  0.00061  8.99658e-02 | 48  0.00039  1.02848e-01
 49  0.00015  1.16505e-01 | 50 -0.00010  1.30921e-01 | 51 -0.00034  1.46022e-01
 52 -0.00053  1.61712e-01 | 53 -0.00065  1.77888e-01 | 54 -0.00067  1.94398e-01
 55 -0.00055  2.10991e-01 | 56 -0.00026  2.27418e-01 | 57  0.00022  2.43305e-01
 58  0.00092  2.58244e-01 | 59  0.00186  2.71741e-01 | 60  0.00308  2.83282e-01
 61  0.00456  2.92381e-01 | 62  0.00633  2.98586e-01 | 63  0.00836  3.01581e-01
 64  0.01062  3.01254e-01 | 65  0.01305  2.97653e-01 | 66  0.01553  2.90843e-01
 67  0.01793  2.80854e-01 | 68  0.02007  2.67532e-01 | 69  0.02174  2.50496e-01
 70  0.02279  2.29444e-01 | 71  0.02311  2.04362e-01 | 72  0.02273  1.75510e-01
 73  0.02172  1.43504e-01 | 74  0.02019  1.09014e-01 | 75  0.01821  7.28644e-02
 76  0.01573  3.58905e-02 | 77  0.01267 -9.53778e-04 | 78  0.00901 -3.64123e-02
 79  0.00488 -6.87280e-02 | 80  0.00061 -9.53185e-02 | 81 -0.00332 -1.13611e-01
 82 -0.00653 -1.20644e-01 | 83 -0.00887 -1.13081e-01 | 84 -0.01049 -8.77681e-02
 85 -0.01172 -4.22610e-02 | 86 -0.01271  2.50131e-02 | 87 -0.01306  1.11881e-01
 88 -0.01242  2.08166e-01 | 89 -0.01125  2.92213e-01 | 90 -0.00863  3.21603e-01
 91 -0.00479  2.46844e-01 | 92  0.00011  6.74324e-02 | 93  0.00242 -1.45820e-01
 94  0.00398 -3.44047e-01 | 95  0.00619 -4.11937e-01 | 96  0.00274 -4.08837e-01
 97  0.00830 -8.66096e-02 | 98  0.03027 -6.22538e-01 | 99  0.02676 -1.00454e+00
100  0.00757 -8.22596e-01 |101  0.02702  3.71551e-01 |102  0.07217 -1.08897e-01
103  0.03282  2.03602e-01 |104 -0.00195 -1.77497e-01 |105  0.01041  3.26418e-01
106  0.02148  2.36349e-01 |107  0.03165  1.31427e+00 |108 -0.01150  1.97863e+00
109 -0.06257 -6.11389e-02 |110 -0.08497  4.67257e-01 |111 -0.07995 -2.84525e-01
112 -0.04766 -8.51656e-01 |113  0.06367 -1.37231e+00 |114  0.01461 -8.17634e-01
115  0.00851 -1.07928e+00 |116 -0.04091 -7.96929e-01 |117 -0.08141 -4.12829e-01
118 -0.03281 -6.96942e-01 |119 -0.02440 -4.44918e-01 |120 -0.05004 -1.98993e-01
121  0.00261  4.60510e-02 |122  0.03950  2.15274e-01 |123 -0.00309  2.64001e-01
124  0.04589  4.88655e-01 |125 -0.01664  1.91297e-01 |126  0.10267  2.50290e-01
127 -0.01142 -1.25381e-02 |128 -0.05015 -2.15600e-02 |129 -0.06034 -5.68505e-04
130 -0.02637  1.47394e-02 |131  0.08570  7.10694e-02 |132  0.02359 -2.79761e-02
133  0.01280  3.92580e-02 |134 -0.03386  2.74588e-02 |135 -0.01929  5.56100e-03
136 -0.00419 -4.30976e-02 |137 -0.00000 -1.63757e-06 |138 -0.64632 -6.59521e-02
139 -0.99417  3.04606e-03 |140  0.03090 -3.23890e-01 |141 -0.58651 -7.47983e-05
142  0.03463 -1.15571e+00 |143 -0.10984  2.41383e-01 |144  0.19992 -1.21848e-01
145  0.16747 -1.97944e-01 |146 -0.58137 -3.65365e-06 |147 -0.00712  4.74892e-01
148  0.12373 -3.37374e-01 |149 -0.04018  3.51406e-01 |150  0.09529  2.29470e-02
151  0.04853  1.22210e-02 |152  0.14559 -4.68050e-02 |153 -0.03729  4.40840e-02
154 -0.57717  7.78499e-02 |155 -0.50969  3.56190e-04 |156 -0.20098  2.75930e-01
157 -0.21267  1.11141e+00 |158  0.29882 -2.88872e-02 |159 -0.07627  1.22083e-01
160 -0.39472 -2.71930e-01 |161 -0.20143 -5.65916e-01 |162 -0.03681  1.71173e-01
163  0.08925  2.60661e-01 |164 -0.52694  4.53538e-05 |165  0.07884 -2.71543e-01
166  0.06409  2.17465e+00 |167 -0.17453  3.39497e+00 |168 -0.15652 -2.29736e-01
169  0.22753 -3.47288e-02 |170  0.01186  4.71893e-02 |171 -0.36516 -3.53673e-01
172 -0.44224 -6.07891e-03 |173 -0.04483 -8.57346e-01 |174 -0.30029 -1.38842e+00

 - final statistics:
174 variables; iteration 49; function evaluation 59
Function value 7.0409e+03; maximum gradient component mag -8.4256e-01
Exit code = 1;  converg criter 1.0000e+00
Var    Value     Gradient |Var    Value     Gradient |Var    Value     Gradient
  1 -0.38643  5.24272e-01 |  2  0.35745 -2.66321e-01 |  3 -0.14717 -4.32615e-01
  4  0.02743 -3.73268e-01 |  5 -0.68005 -1.41277e-01 |  6 -0.61980  1.22994e-01
  7 -0.41906  6.85765e-01 |  8  0.35755 -1.95229e-01 |  9 -0.20062 -6.29835e-02
 10  0.08035 -1.04071e-01 | 11 -0.61392 -3.46504e-03 | 12 -0.63562  6.74235e-02
 13  0.83204  2.98972e-02 | 14 -0.00262 -1.51316e-02 | 15 -0.00264 -1.53011e-02
 16 -0.00264 -1.54446e-02 | 17 -0.00264 -1.55520e-02 | 18 -0.00262 -1.56216e-02
 19 -0.00260 -1.56476e-02 | 20 -0.00256 -1.56258e-02 | 21 -0.00251 -1.55508e-02
 22 -0.00245 -1.54149e-02 | 23 -0.00238 -1.52116e-02 | 24 -0.00230 -1.49343e-02
 25 -0.00220 -1.45779e-02 | 26 -0.00209 -1.41299e-02 | 27 -0.00197 -1.35838e-02
 28 -0.00183 -1.29349e-02 | 29 -0.00168 -1.21693e-02 | 30 -0.00151 -1.12825e-02
 31 -0.00133 -1.02658e-02 | 32 -0.00114 -9.11273e-03 | 33 -0.00093 -7.81809e-03
 34 -0.00071 -6.37753e-03 | 35 -0.00048 -4.78860e-03 | 36 -0.00024 -3.05228e-03
 37 -0.00001 -1.16931e-03 | 38  0.00022  8.53222e-04 | 39  0.00044  3.01319e-03
 40  0.00063  5.29540e-03 | 41  0.00079  7.69206e-03 | 42  0.00090  1.01878e-02
 43  0.00096  1.27654e-02 | 44  0.00096  1.54022e-02 | 45  0.00089  1.80684e-02
 46  0.00076  2.07327e-02 | 47  0.00057  2.33539e-02 | 48  0.00033  2.58770e-02
 49  0.00006  2.82418e-02 | 50 -0.00022  3.03902e-02 | 51 -0.00048  3.22447e-02
 52 -0.00071  3.37269e-02 | 53 -0.00086  3.47708e-02 | 54 -0.00092  3.53150e-02
 55 -0.00084  3.52905e-02 | 56 -0.00059  3.46685e-02 | 57 -0.00016  3.34129e-02
 58  0.00050  3.15140e-02 | 59  0.00141  2.89628e-02 | 60  0.00259  2.57686e-02
 61  0.00405  2.19764e-02 | 62  0.00579  1.76825e-02 | 63  0.00781  1.30847e-02
 64  0.01007  8.45429e-03 | 65  0.01251  3.97195e-03 | 66  0.01501 -4.86335e-04
 67  0.01744 -5.55231e-03 | 68  0.01961 -1.21476e-02 | 69  0.02131 -2.06532e-02
 70  0.02239 -3.06786e-02 | 71  0.02275 -4.13883e-02 | 72  0.02241 -5.17046e-02
 73  0.02146 -6.10334e-02 | 74  0.02001 -6.86440e-02 | 75  0.01811 -7.42819e-02
 76  0.01572 -7.79395e-02 | 77  0.01277 -8.01614e-02 | 78  0.00920 -8.18850e-02
 79  0.00515 -8.36216e-02 | 80  0.00094 -8.46049e-02 | 81 -0.00295 -8.41840e-02
 82 -0.00614 -8.22930e-02 | 83 -0.00850 -7.95492e-02 | 84 -0.01019 -7.64236e-02
 85 -0.01156 -7.28278e-02 | 86 -0.01275 -6.85035e-02 | 87 -0.01337 -6.25184e-02
 88 -0.01304 -5.09509e-02 | 89 -0.01215 -2.91266e-02 | 90 -0.00966 -2.79907e-03
 91 -0.00574  2.38575e-03 | 92 -0.00054 -3.29897e-02 | 93  0.00215 -6.74835e-02
 94  0.00422 -5.24621e-02 | 95  0.00658  1.22884e-02 | 96  0.00323  1.37676e-01
 97  0.00798  3.74041e-01 | 98  0.03047  9.05282e-02 | 99  0.02834  7.01526e-02
100  0.00911  1.01457e-01 |101  0.02616  4.87143e-01 |102  0.07135  1.15768e-02
103  0.03288  3.81564e-01 |104 -0.00210 -1.34573e-01 |105  0.00975  1.71356e-01
106  0.02287  2.39844e-01 |107  0.03126 -4.04760e-02 |108 -0.01549 -5.62334e-01
109 -0.06076  3.17633e-02 |110 -0.08627 -2.43394e-01 |111 -0.07948  4.60336e-02
112 -0.04698  5.43152e-02 |113  0.06466  4.68837e-01 |114  0.01437 -2.67438e-01
115  0.00802 -7.51762e-01 |116 -0.04017  2.32309e-02 |117 -0.08106  4.96018e-02
118 -0.03226  4.23555e-02 |119 -0.02370  1.68280e-01 |120 -0.04987  8.24482e-03
121  0.00208 -2.02910e-01 |122  0.03949 -9.07214e-02 |123 -0.00354 -4.83965e-02
124  0.04570  1.73858e-02 |125 -0.01705 -1.02414e-01 |126  0.10324  6.56792e-01
127 -0.01161 -8.31839e-02 |128 -0.04983  1.32624e-01 |129 -0.06026  5.40289e-02
130 -0.02629  3.80129e-02 |131  0.08557 -6.71937e-02 |132  0.02347 -3.59670e-02
133  0.01300  1.04195e-01 |134 -0.03420 -6.87949e-02 |135 -0.01935 -1.53423e-02
136 -0.00417 -3.50430e-02 |137 -0.00000 -6.66304e-07 |138 -0.65140 -1.97790e-01
139 -0.99365  4.77198e-03 |140  0.03117 -1.32544e-01 |141 -0.58651 -9.40771e-06
142  0.03487  1.71558e-02 |143 -0.11071 -7.23743e-01 |144  0.20059  6.17539e-01
145  0.16755  7.39698e-02 |146 -0.58137  5.87202e-06 |147 -0.00724 -1.17212e-01
148  0.12407 -7.61796e-04 |149 -0.04010  5.73292e-02 |150  0.09552 -7.07447e-03
151  0.04857  5.42579e-02 |152  0.14569 -6.80108e-02 |153 -0.03728  6.10639e-02
154 -0.58494 -1.72240e-01 |155 -0.50956 -2.21007e-04 |156 -0.21118 -5.72357e-03
157 -0.21310 -6.00440e-01 |158  0.31961  9.30224e-02 |159 -0.20366  4.27431e-02
160 -0.39634  1.10481e-01 |161 -0.20089 -3.03874e-01 |162 -0.03904 -3.42817e-01
163  0.08931 -6.01072e-02 |164 -0.52690 -2.42871e-05 |165  0.07904  1.81970e-01
166  0.06405 -6.37006e-01 |167 -0.17461 -8.42559e-01 |168 -0.15654  8.96496e-02
169  0.23396  2.11321e-01 |170  0.01624  3.76939e-01 |171 -0.36313 -7.29655e-02
172 -0.44144 -1.28480e-03 |173 -0.04243 -1.59556e-01 |174 -0.30012  1.25378e-01

Initial statistics: 189 variables; iteration 0; function evaluation 0; phase 4
Function value 7.0409134e+03; maximum gradient component mag -7.1172e+00
Var    Value     Gradient |Var    Value     Gradient |Var    Value     Gradient
  1 -0.38643  5.24272e-01 |  2  0.35745 -2.66321e-01 |  3 -0.14717 -4.32615e-01
  4  0.02743 -3.73268e-01 |  5 -0.68005 -1.41277e-01 |  6 -0.61980  1.22994e-01
  7 -0.41906  6.85765e-01 |  8  0.35755 -1.95229e-01 |  9 -0.20062 -6.29835e-02
 10  0.08035 -1.04071e-01 | 11 -0.61392 -3.46504e-03 | 12 -0.63562  6.74235e-02
 13  0.83204  2.98972e-02 | 14 -0.00262 -1.51316e-02 | 15 -0.00264 -1.53011e-02
 16 -0.00264 -1.54446e-02 | 17 -0.00264 -1.55520e-02 | 18 -0.00262 -1.56216e-02
 19 -0.00260 -1.56476e-02 | 20 -0.00256 -1.56258e-02 | 21 -0.00251 -1.55508e-02
 22 -0.00245 -1.54149e-02 | 23 -0.00238 -1.52116e-02 | 24 -0.00230 -1.49343e-02
 25 -0.00220 -1.45779e-02 | 26 -0.00209 -1.41299e-02 | 27 -0.00197 -1.35838e-02
 28 -0.00183 -1.29349e-02 | 29 -0.00168 -1.21693e-02 | 30 -0.00151 -1.12825e-02
 31 -0.00133 -1.02658e-02 | 32 -0.00114 -9.11273e-03 | 33 -0.00093 -7.81809e-03
 34 -0.00071 -6.37753e-03 | 35 -0.00048 -4.78860e-03 | 36 -0.00024 -3.05228e-03
 37 -0.00001 -1.16931e-03 | 38  0.00022  8.53222e-04 | 39  0.00044  3.01319e-03
 40  0.00063  5.29540e-03 | 41  0.00079  7.69206e-03 | 42  0.00090  1.01878e-02
 43  0.00096  1.27654e-02 | 44  0.00096  1.54022e-02 | 45  0.00089  1.80684e-02
 46  0.00076  2.07327e-02 | 47  0.00057  2.33539e-02 | 48  0.00033  2.58770e-02
 49  0.00006  2.82418e-02 | 50 -0.00022  3.03902e-02 | 51 -0.00048  3.22447e-02
 52 -0.00071  3.37269e-02 | 53 -0.00086  3.47708e-02 | 54 -0.00092  3.53150e-02
 55 -0.00084  3.52905e-02 | 56 -0.00059  3.46685e-02 | 57 -0.00016  3.34129e-02
 58  0.00050  3.15140e-02 | 59  0.00141  2.89628e-02 | 60  0.00259  2.57686e-02
 61  0.00405  2.19764e-02 | 62  0.00579  1.76825e-02 | 63  0.00781  1.30847e-02
 64  0.01007  8.45429e-03 | 65  0.01251  3.97195e-03 | 66  0.01501 -4.86335e-04
 67  0.01744 -5.55231e-03 | 68  0.01961 -1.21476e-02 | 69  0.02131 -2.06532e-02
 70  0.02239 -3.06786e-02 | 71  0.02275 -4.13883e-02 | 72  0.02241 -5.17046e-02
 73  0.02146 -6.10334e-02 | 74  0.02001 -6.86440e-02 | 75  0.01811 -7.42819e-02
 76  0.01572 -7.79395e-02 | 77  0.01277 -8.01614e-02 | 78  0.00920 -8.18850e-02
 79  0.00515 -8.36216e-02 | 80  0.00094 -8.46049e-02 | 81 -0.00295 -8.41840e-02
 82 -0.00614 -8.22930e-02 | 83 -0.00850 -7.95492e-02 | 84 -0.01019 -7.64236e-02
 85 -0.01156 -7.28278e-02 | 86 -0.01275 -6.85035e-02 | 87 -0.01337 -6.25184e-02
 88 -0.01304 -5.09509e-02 | 89 -0.01215 -2.91266e-02 | 90 -0.00966 -2.79907e-03
 91 -0.00574  2.38575e-03 | 92 -0.00054 -3.29897e-02 | 93  0.00215 -6.74835e-02
 94  0.00422 -5.24621e-02 | 95  0.00658  1.22884e-02 | 96  0.00323  1.37676e-01
 97  0.00798  3.74041e-01 | 98  0.03047  9.05282e-02 | 99  0.02834  7.01526e-02
100  0.00911  1.01457e-01 |101  0.02616  4.87143e-01 |102  0.07135  1.15768e-02
103  0.03288  3.81564e-01 |104 -0.00210 -1.34573e-01 |105  0.00975  1.71356e-01
106  0.02287  2.39844e-01 |107  0.03126 -4.04760e-02 |108 -0.01549 -5.62334e-01
109 -0.06076  3.17633e-02 |110 -0.08627 -2.43394e-01 |111 -0.07948  4.60336e-02
112 -0.04698  5.43152e-02 |113  0.06466  4.68837e-01 |114  0.01437 -2.67438e-01
115  0.00802 -7.51762e-01 |116 -0.04017  2.32309e-02 |117 -0.08106  4.96018e-02
118 -0.03226  4.23555e-02 |119 -0.02370  1.68280e-01 |120 -0.04987  8.24482e-03
121  0.00208 -2.02910e-01 |122  0.03949 -9.07214e-02 |123 -0.00354 -4.83965e-02
124  0.04570  1.73858e-02 |125 -0.01705 -1.02414e-01 |126  0.10324  6.56792e-01
127 -0.01161 -8.31839e-02 |128 -0.04983  1.32624e-01 |129 -0.06026  5.40289e-02
130 -0.02629  3.80129e-02 |131  0.08557 -6.71937e-02 |132  0.02347 -3.59670e-02
133  0.01300  1.04195e-01 |134 -0.03420 -6.87949e-02 |135 -0.01935 -1.53423e-02
136 -0.00417 -3.50430e-02 |137 -0.00000 -6.66304e-07 |138 -0.65140 -1.97790e-01
139 -0.99365  4.77198e-03 |140  0.03117 -1.32544e-01 |141 -0.58651 -9.40771e-06
142  0.03487  1.71558e-02 |143 -0.40376 -7.61347e-02 |144  0.81922 -7.11716e+00
145 -0.11071 -7.23743e-01 |146  0.20059  6.17539e-01 |147 -0.23782 -8.77133e-01
148  0.16755  7.39698e-02 |149 -0.58137  5.87202e-06 |150 -0.00724 -1.17212e-01
151 -0.42445 -2.29606e-01 |152  0.82196 -1.51242e+00 |153  0.12407 -7.61796e-04
154 -0.04010  5.73292e-02 |155 -0.12018 -6.06982e-03 |156  0.09552 -7.07447e-03
157  0.04857  5.42579e-02 |158  0.14569 -6.80108e-02 |159 -0.03728  6.10639e-02
160 -0.58494 -1.72240e-01 |161 -0.50956 -2.21007e-04 |162 -0.21118 -5.72357e-03
163 -0.21310 -6.00440e-01 |164  0.80064  1.24907e+00 |165  0.31961  9.30224e-02
166 -0.20366  4.27431e-02 |167 -0.25929  6.36694e-01 |168 -0.39634  1.10481e-01
169 -0.20089 -3.03874e-01 |170 -0.03904 -3.42817e-01 |171 -0.28409 -2.80999e-01
172  0.81681 -5.80758e+00 |173  0.08931 -6.01072e-02 |174 -0.52690 -2.42871e-05
175  0.07904  1.81970e-01 |176 -0.40554 -8.23500e-02 |177 -0.14465 -8.38045e-01
178  0.06405 -6.37006e-01 |179 -0.17461 -8.42559e-01 |180 -0.15654  8.96496e-02
181 -0.99999  1.86716e-05 |182 -0.13819 -1.03511e+00 |183  0.23396  2.11321e-01
184  0.01624  3.76939e-01 |185 -0.36313 -7.29655e-02 |186 -0.44144 -1.28480e-03
187 -0.04243 -1.59556e-01 |188 -0.30012  1.25378e-01 |189  0.80943  1.99848e+00

Intermediate statistics: 189 variables; iteration 20; function evaluation 22; phase 4
Function value 7.0409075e+03; maximum gradient component mag 4.8540e+00
Var    Value     Gradient |Var    Value     Gradient |Var    Value     Gradient
  1 -0.38644  1.42015e+00 |  2  0.35742 -4.40228e-01 |  3 -0.14720 -1.19699e-01
  4  0.02750  3.57102e-01 |  5 -0.68004  3.29319e-01 |  6 -0.61967  4.85405e+00
  7 -0.41912 -5.99959e-01 |  8  0.35757  3.49364e+00 |  9 -0.20068  3.13501e-01
 10  0.08047  2.16462e+00 | 11 -0.61420  5.95481e-02 | 12 -0.63553  1.84241e+00
 13  0.83114  1.43696e-01 | 14 -0.00259 -6.65338e-03 | 15 -0.00261 -6.91708e-03
 16 -0.00261 -7.19415e-03 | 17 -0.00261 -7.48650e-03 | 18 -0.00259 -7.79470e-03
 19 -0.00257 -8.11992e-03 | 20 -0.00253 -8.46309e-03 | 21 -0.00249 -8.82532e-03
 22 -0.00243 -9.20805e-03 | 23 -0.00236 -9.61250e-03 | 24 -0.00228 -1.00399e-02
 25 -0.00218 -1.04910e-02 | 26 -0.00207 -1.09681e-02 | 27 -0.00195 -1.14720e-02
 28 -0.00182 -1.20034e-02 | 29 -0.00167 -1.25645e-02 | 30 -0.00151 -1.31556e-02
 31 -0.00133 -1.37777e-02 | 32 -0.00114 -1.44313e-02 | 33 -0.00094 -1.51164e-02
 34 -0.00072 -1.58325e-02 | 35 -0.00050 -1.65787e-02 | 36 -0.00027 -1.73527e-02
 37 -0.00004 -1.81521e-02 | 38  0.00018 -1.89727e-02 | 39  0.00039 -1.98106e-02
 40  0.00057 -2.06592e-02 | 41  0.00072 -2.15125e-02 | 42  0.00082 -2.23631e-02
 43  0.00087 -2.32029e-02 | 44  0.00086 -2.40230e-02 | 45  0.00079 -2.48136e-02
 46  0.00065 -2.55650e-02 | 47  0.00045 -2.62669e-02 | 48  0.00020 -2.69074e-02
 49 -0.00007 -2.74744e-02 | 50 -0.00036 -2.79572e-02 | 51 -0.00063 -2.83425e-02
 52 -0.00086 -2.86181e-02 | 53 -0.00101 -2.87740e-02 | 54 -0.00107 -2.88022e-02
 55 -0.00099 -2.86946e-02 | 56 -0.00074 -2.84506e-02 | 57 -0.00030 -2.80700e-02
 58  0.00037 -2.75577e-02 | 59  0.00128 -2.69203e-02 | 60  0.00247 -2.61677e-02
 61  0.00395 -2.53157e-02 | 62  0.00570 -2.43859e-02 | 63  0.00774 -2.34094e-02
 64  0.01001 -2.24169e-02 | 65  0.01245 -2.14129e-02 | 66  0.01496 -2.03565e-02
 67  0.01740 -1.91611e-02 | 68  0.01958 -1.77446e-02 | 69  0.02131 -1.61018e-02
 70  0.02241 -1.42862e-02 | 71  0.02281 -1.23640e-02 | 72  0.02250 -1.04146e-02
 73  0.02157 -8.50865e-03 | 74  0.02014 -6.75663e-03 | 75  0.01824 -5.25405e-03
 76  0.01586 -4.08055e-03 | 77  0.01289 -3.26095e-03 | 78  0.00931 -2.76023e-03
 79  0.00526 -2.56756e-03 | 80  0.00104 -2.81859e-03 | 81 -0.00286 -3.76624e-03
 82 -0.00606 -5.54688e-03 | 83 -0.00844 -8.09700e-03 | 84 -0.01016 -1.11675e-02
 85 -0.01155 -1.42639e-02 | 86 -0.01277 -1.64573e-02 | 87 -0.01341 -1.64269e-02
 88 -0.01312 -1.29101e-02 | 89 -0.01229 -4.53844e-03 | 90 -0.00986  1.08114e-02
 91 -0.00589  3.71838e-02 | 92 -0.00045  7.46709e-02 | 93  0.00250  1.15250e-01
 94  0.00463  1.50813e-01 | 95  0.00685  1.78877e-01 | 96  0.00308  1.84397e-01
 97  0.00685  1.84833e-01 | 98  0.03089  2.80164e-01 | 99  0.02890  2.95014e-01
100  0.00946  2.37481e-01 |101  0.02455  2.00154e-01 |102  0.07263  3.05212e-01
103  0.03175  2.10819e-01 |104 -0.00098  1.93195e-01 |105  0.00964  1.19432e-01
106  0.02232  2.57460e-02 |107  0.03095 -5.42481e-02 |108 -0.01425 -4.68576e-02
109 -0.06150 -1.46738e-01 |110 -0.08582  8.99248e-03 |111 -0.07958  6.79022e-02
112 -0.04660  2.39214e-01 |113  0.06443  3.67755e-01 |114  0.01461 -2.00649e-01
115  0.00856 -5.37362e-01 |116 -0.04070 -3.36534e-01 |117 -0.08123 -1.37358e-01
118 -0.03219 -1.13459e-01 |119 -0.02391 -1.18763e-01 |120 -0.04980 -8.64449e-02
121  0.00256 -1.56459e-01 |122  0.03937 -2.99379e-01 |123 -0.00346 -1.55850e-01
124  0.04562 -1.56592e-01 |125 -0.01660  3.44850e-02 |126  0.10320  5.13640e-01
127 -0.01132  3.24674e-02 |128 -0.05024 -5.88262e-02 |129 -0.06046 -2.41589e-02
130 -0.02639 -2.03216e-02 |131  0.08587  2.17706e-02 |132  0.02362  8.43895e-03
133  0.01271 -3.89962e-02 |134 -0.03398 -1.23542e-03 |135 -0.01932 -2.06062e-03
136 -0.00405 -2.72828e-03 |137 -0.00000  1.24655e-07 |138 -0.65043 -1.88473e-02
139 -0.99370  5.00882e-03 |140  0.03121  8.58095e-02 |141 -0.58651 -1.90173e-05
142  0.03488 -2.99577e-01 |143 -0.40393 -6.77042e-02 |144  0.81923 -5.36537e-01
145 -0.11011  2.59189e-02 |146  0.19968 -6.69026e-02 |147 -0.23775 -1.98602e-03
148  0.16773  1.89342e+00 |149 -0.58137  7.37225e-05 |150 -0.00738 -1.94504e+00
151 -0.42461 -7.32453e-03 |152  0.82195 -1.35510e+00 |153  0.12402  3.11580e-02
154 -0.04022 -2.99160e-02 |155 -0.12000  8.91543e-03 |156  0.09563  1.14004e-01
157  0.04858 -1.50224e-01 |158  0.14575  6.14483e-02 |159 -0.03727 -5.88257e-02
160 -0.58468 -1.36992e-01 |161 -0.50956 -1.85485e-04 |162 -0.21072 -6.75227e-03
163 -0.21311 -4.23027e-01 |164  0.80070  1.91103e+00 |165  0.31880  9.54891e-02
166 -0.20404  4.64754e-02 |167 -0.26482  6.55256e-01 |168 -0.39637  1.46976e-01
169 -0.20056  7.96022e-03 |170 -0.03857 -2.13188e-01 |171 -0.28402  2.55585e-02
172  0.81683  3.34622e+00 |173  0.08916 -5.20863e-01 |174 -0.52689 -1.39447e-04
175  0.07916  7.20458e-01 |176 -0.40539 -1.52533e-01 |177 -0.14457 -7.00448e-01
178  0.06408  5.68652e-01 |179 -0.17449  1.27794e+00 |180 -0.15656 -7.53309e-03
181 -0.99999  1.43823e-05 |182 -0.13839 -3.88647e+00 |183  0.23157  3.13866e-02
184  0.01468  3.62719e-01 |185 -0.36199 -5.74047e-02 |186 -0.44143 -1.25899e-03
187 -0.04165 -1.48500e-01 |188 -0.30067 -8.76001e-02 |189  0.80942  2.95165e+00
189 variables; iteration 40; function evaluation 42; phase 4
Function value 7.0408387e+03; maximum gradient component mag -6.2568e+00
Var    Value     Gradient |Var    Value     Gradient |Var    Value     Gradient
  1 -0.38649  1.90016e+00 |  2  0.35747  5.22695e-01 |  3 -0.14710  4.42302e-01
  4  0.02732  9.69911e-02 |  5 -0.68014  2.74889e-01 |  6 -0.61972  3.06944e+00
  7 -0.41917 -8.10244e-02 |  8  0.35756  2.62713e+00 |  9 -0.20060  1.07544e+00
 10  0.08037  1.50662e+00 | 11 -0.61434  1.58724e-01 | 12 -0.63555  1.51435e+00
 13  0.81702 -7.35357e-01 | 14 -0.00263 -1.75764e-02 | 15 -0.00264 -1.78673e-02
 16 -0.00264 -1.81269e-02 | 17 -0.00264 -1.83529e-02 | 18 -0.00262 -1.85384e-02
 19 -0.00260 -1.86774e-02 | 20 -0.00256 -1.87627e-02 | 21 -0.00252 -1.87870e-02
 22 -0.00246 -1.87432e-02 | 23 -0.00238 -1.86228e-02 | 24 -0.00230 -1.84166e-02
 25 -0.00220 -1.81136e-02 | 26 -0.00209 -1.77062e-02 | 27 -0.00197 -1.71829e-02
 28 -0.00183 -1.65304e-02 | 29 -0.00168 -1.57410e-02 | 30 -0.00151 -1.48014e-02
 31 -0.00133 -1.37019e-02 | 32 -0.00113 -1.24329e-02 | 33 -0.00092 -1.09860e-02
 34 -0.00070 -9.35505e-03 | 35 -0.00047 -7.53646e-03 | 36 -0.00023 -5.52791e-03
 37  0.00001 -3.33206e-03 | 38  0.00024 -9.51335e-04 | 39  0.00046  1.60272e-03
 40  0.00066  4.32382e-03 | 41  0.00082  7.19403e-03 | 42  0.00093  1.01954e-02
 43  0.00099  1.33044e-02 | 44  0.00100  1.64932e-02 | 45  0.00093  1.97298e-02
 46  0.00080  2.29701e-02 | 47  0.00062  2.61624e-02 | 48  0.00039  2.92491e-02
 49  0.00012  3.21559e-02 | 50 -0.00015  3.47881e-02 | 51 -0.00041  3.70495e-02
 52 -0.00063  3.88326e-02 | 53 -0.00078  4.00185e-02 | 54 -0.00083  4.04930e-02
 55 -0.00075  4.01652e-02 | 56 -0.00050  3.89456e-02 | 57 -0.00007  3.67849e-02
 58  0.00060  3.36537e-02 | 59  0.00151  2.95589e-02 | 60  0.00268  2.45242e-02
 61  0.00415  1.85521e-02 | 62  0.00589  1.15577e-02 | 63  0.00790  3.20394e-03
 64  0.01015 -7.20645e-03 | 65  0.01256 -2.04851e-02 | 66  0.01503 -3.68171e-02
 67  0.01741 -5.45726e-02 | 68  0.01955 -7.02012e-02 | 69  0.02126 -8.09341e-02
 70  0.02237 -8.66585e-02 | 71  0.02278 -8.94952e-02 | 72  0.02249 -9.28864e-02
 73  0.02157 -9.85105e-02 | 74  0.02011 -1.07975e-01 | 75  0.01819 -1.20613e-01
 76  0.01576 -1.34419e-01 | 77  0.01276 -1.45693e-01 | 78  0.00918 -1.50839e-01
 79  0.00515 -1.49499e-01 | 80  0.00097 -1.44342e-01 | 81 -0.00290 -1.38523e-01
 82 -0.00607 -1.33013e-01 | 83 -0.00841 -1.28510e-01 | 84 -0.01009 -1.25896e-01
 85 -0.01144 -1.25720e-01 | 86 -0.01262 -1.28039e-01 | 87 -0.01322 -1.31844e-01
 88 -0.01285 -1.35140e-01 | 89 -0.01193 -1.39102e-01 | 90 -0.00944 -1.54303e-01
 91 -0.00555 -1.94603e-01 | 92 -0.00025 -2.14258e-01 | 93  0.00264 -1.73478e-01
 94  0.00464 -9.99240e-02 | 95  0.00684  3.57673e-02 | 96  0.00313  1.74606e-01
 97  0.00581  7.46598e-02 | 98  0.03054  5.96102e-01 | 99  0.02737  3.39092e-01
100  0.00892  3.82982e-01 |101  0.01981 -4.71494e-01 |102  0.08071  1.87383e+00
103  0.02906 -3.00146e-01 |104 -0.00133  2.07677e-01 |105  0.00884  2.63182e-01
106  0.02305  7.22030e-01 |107  0.03117  1.66347e-01 |108 -0.01561 -7.01683e-01
109 -0.06037  1.17311e-01 |110 -0.08677 -5.34920e-01 |111 -0.07912 -8.59422e-03
112 -0.04677 -1.62370e-01 |113  0.06390 -5.05643e-01 |114  0.01470 -4.53931e-01
115  0.00893 -2.37959e-01 |116 -0.04037  3.89389e-02 |117 -0.08077  2.25817e-01
118 -0.03210  2.70434e-01 |119 -0.02338  4.71229e-01 |120 -0.04952  2.74594e-01
121  0.00246  9.42846e-02 |122  0.03980  7.96202e-02 |123 -0.00373 -2.22371e-01
124  0.04560 -2.95927e-01 |125 -0.01715 -3.25474e-01 |126  0.10272 -1.37715e-01
127 -0.01149 -1.01631e-01 |128 -0.04989  8.78957e-02 |129 -0.06024  5.98211e-02
130 -0.02633  1.47847e-02 |131  0.08546 -1.46804e-01 |132  0.02348 -6.18219e-02
133  0.01307  9.75338e-02 |134 -0.03415 -8.32855e-02 |135 -0.01918  2.64919e-02
136 -0.00393  2.83604e-02 |137 -0.00000  1.32224e-06 |138 -0.64215 -1.20037e-01
139 -0.99455 -1.71117e-02 |140  0.03127  7.60205e-01 |141 -0.58650 -4.66769e-05
142  0.03477 -1.69637e+00 |143 -0.40446 -2.75701e-01 |144  0.81923 -1.07347e+00
145 -0.10951 -1.83139e-02 |146  0.20046  2.13945e-01 |147 -0.23794  5.12074e-02
148  0.16768  1.39452e+00 |149 -0.58137  8.35549e-05 |150 -0.00728 -1.10952e+00
151 -0.42425  2.41916e-01 |152  0.82195 -8.02209e-01 |153  0.12357 -8.58545e-01
154 -0.04024  6.70342e-01 |155 -0.11898  1.52672e-01 |156  0.09584  4.63761e-01
157  0.04866 -5.41163e-01 |158  0.14575 -3.01799e-01 |159 -0.03715  2.92954e-01
160 -0.57889 -5.76552e-01 |161 -0.50954 -1.01802e-03 |162 -0.20027  4.53530e-01
163 -0.21231 -2.21519e+00 |164  0.80103 -2.66073e+00 |165  0.30697 -5.10426e-01
166 -0.22631  2.48933e-01 |167 -0.45455  1.17498e-01 |168 -0.39382  3.98848e-01
169 -0.20087  1.71765e-01 |170 -0.03707 -3.79462e-01 |171 -0.28457  3.77443e-02
172  0.81682  3.03405e+00 |173  0.08897 -2.87754e-01 |174 -0.52688 -4.62594e-05
175  0.07894  3.47711e-01 |176 -0.40465  2.94616e-02 |177 -0.14469 -8.34827e-01
178  0.06400 -4.00944e-01 |179 -0.17453  1.01622e+00 |180 -0.15645  3.23077e-01
181 -0.99999  3.76329e-05 |182 -0.13833 -2.51207e+00 |183  0.21765 -7.29112e-01
184  0.00504 -1.43654e-01 |185 -0.35674  1.00861e-01 |186 -0.44127  2.53199e-04
187 -0.03736  3.10218e-01 |188 -0.30281 -5.24276e-01 |189  0.80942 -6.25679e+00
189 variables; iteration 60; function evaluation 62; phase 4
Function value 7.0407849e+03; maximum gradient component mag 4.3225e+00
Var    Value     Gradient |Var    Value     Gradient |Var    Value     Gradient
  1 -0.38649 -9.11848e-01 |  2  0.35744 -5.48895e-02 |  3 -0.14724 -2.82029e-02
  4  0.02747 -5.70861e-01 |  5 -0.68010  4.88697e-02 |  6 -0.61984 -1.21227e+00
  7 -0.41910 -1.28865e-01 |  8  0.35750 -8.37653e-01 |  9 -0.20071 -1.93128e-01
 10  0.08047 -9.37056e-01 | 11 -0.61486 -3.84095e-01 | 12 -0.63557 -6.33363e-01
 13  0.82824  3.66262e-01 | 14 -0.00258  1.60714e-02 | 15 -0.00259  1.66745e-02
 16 -0.00260  1.73068e-02 | 17 -0.00259  1.79583e-02 | 18 -0.00258  1.86353e-02
 19 -0.00255  1.93374e-02 | 20 -0.00251  2.00681e-02 | 21 -0.00247  2.08291e-02
 22 -0.00241  2.16191e-02 | 23 -0.00234  2.24400e-02 | 24 -0.00225  2.32939e-02
 25 -0.00215  2.41873e-02 | 26 -0.00204  2.51127e-02 | 27 -0.00192  2.60746e-02
 28 -0.00179  2.70807e-02 | 29 -0.00164  2.81215e-02 | 30 -0.00147  2.92036e-02
 31 -0.00129  3.03242e-02 | 32 -0.00110  3.14820e-02 | 33 -0.00089  3.26749e-02
 34 -0.00068  3.38978e-02 | 35 -0.00045  3.51440e-02 | 36 -0.00022  3.64071e-02
 37  0.00002  3.76730e-02 | 38  0.00024  3.89313e-02 | 39  0.00046  4.01544e-02
 40  0.00064  4.13286e-02 | 41  0.00079  4.24177e-02 | 42  0.00090  4.33892e-02
 43  0.00095  4.42036e-02 | 44  0.00095  4.48208e-02 | 45  0.00087  4.52036e-02
 46  0.00073  4.53082e-02 | 47  0.00054  4.50978e-02 | 48  0.00029  4.45519e-02
 49  0.00002  4.36494e-02 | 50 -0.00027  4.23578e-02 | 51 -0.00054  4.06704e-02
 52 -0.00077  3.85772e-02 | 53 -0.00093  3.60436e-02 | 54 -0.00099  3.30296e-02
 55 -0.00092  2.95165e-02 | 56 -0.00068  2.54254e-02 | 57 -0.00024  2.07005e-02
 58  0.00041  1.52462e-02 | 59  0.00132  8.96471e-03 | 60  0.00249  1.72306e-03
 61  0.00395 -6.65132e-03 | 62  0.00569 -1.63052e-02 | 63  0.00769 -2.71892e-02
 64  0.00994 -3.86749e-02 | 65  0.01236 -4.94646e-02 | 66  0.01486 -5.86229e-02
 67  0.01728 -6.72202e-02 | 68  0.01944 -7.77606e-02 | 69  0.02113 -9.05989e-02
 70  0.02220 -1.03420e-01 | 71  0.02256 -1.14423e-01 | 72  0.02222 -1.23544e-01
 73  0.02127 -1.31005e-01 | 74  0.01982 -1.35595e-01 | 75  0.01793 -1.35944e-01
 76  0.01556 -1.32105e-01 | 77  0.01260 -1.26567e-01 | 78  0.00903 -1.21593e-01
 79  0.00499 -1.14408e-01 | 80  0.00081 -1.00108e-01 | 81 -0.00304 -7.97394e-02
 82 -0.00619 -5.63741e-02 | 83 -0.00849 -3.09232e-02 | 84 -0.01013 -3.36496e-03
 85 -0.01143  2.53140e-02 | 86 -0.01256  5.27661e-02 | 87 -0.01311  7.48584e-02
 88 -0.01275  8.21014e-02 | 89 -0.01195  5.60348e-02 | 90 -0.00974 -2.18815e-02
 91 -0.00599 -9.01595e-02 | 92 -0.00036 -3.39588e-02 | 93  0.00290  7.59344e-02
 94  0.00522  1.76118e-01 | 95  0.00725  1.98305e-01 | 96  0.00286  1.13494e-01
 97  0.00570 -5.59129e-02 | 98  0.02838 -1.73326e-01 | 99  0.02747 -8.64613e-02
100  0.00778 -4.51905e-01 |101  0.02396 -5.88869e-01 |102  0.07663 -5.06338e-02
103  0.03187  1.36528e-01 |104 -0.00043  6.49348e-01 |105  0.00928  1.91874e-01
106  0.02202 -3.14302e-01 |107  0.02937 -1.11476e+00 |108 -0.01409 -4.35361e-01
109 -0.06061  3.39082e-01 |110 -0.08510  5.55368e-01 |111 -0.07841  6.60268e-01
112 -0.04666  2.14833e-01 |113  0.06371  1.90382e-02 |114  0.01525  2.18331e-01
115  0.00926  3.46317e-01 |116 -0.04051  7.42467e-02 |117 -0.08059  2.57933e-01
118 -0.03196  5.71529e-02 |119 -0.02449 -3.85874e-01 |120 -0.05009 -2.72694e-01
121  0.00253 -1.76088e-01 |122  0.03958  3.91776e-02 |123 -0.00274  3.03503e-01
124  0.04597  2.57984e-01 |125 -0.01715 -2.05624e-01 |126  0.10288  1.58374e-01
127 -0.01088  2.01038e-01 |128 -0.05016 -2.84549e-02 |129 -0.06009  1.09572e-01
130 -0.02625  3.09734e-02 |131  0.08483 -4.36283e-01 |132  0.02372  2.92864e-02
133  0.01319  1.63421e-01 |134 -0.03396 -8.54117e-03 |135 -0.01921  2.47068e-02
136 -0.00389  3.65164e-02 |137 -0.00000  2.50794e-07 |138 -0.65035  5.78446e-03
139 -0.99918  1.29537e-03 |140  0.03125 -3.97690e-01 |141 -0.58649 -1.47139e-06
142  0.03504  8.42244e-01 |143 -0.40372  9.16709e-02 |144  0.81924  3.55503e-01
145 -0.11058  9.44219e-02 |146  0.19889 -3.54295e-01 |147 -0.23755 -2.05335e-02
148  0.16722 -1.05045e+00 |149 -0.58137 -1.03496e-04 |150 -0.00750 -1.76032e-01
151 -0.42419 -4.50497e-02 |152  0.82198  1.81573e-01 |153  0.12465  3.35891e-01
154 -0.03956 -2.09082e-01 |155 -0.11691  3.42557e-01 |156  0.09580 -1.16665e-01
157  0.04872  2.17165e-01 |158  0.14589 -1.59166e-02 |159 -0.03718  8.90031e-03
160 -0.58593  1.32414e-01 |161 -0.50948  6.84059e-04 |162 -0.21131  8.30109e-04
163 -0.21171  2.51413e+00 |164  0.80037  4.05687e+00 |165  0.33281  1.45421e-01
166 -0.41160  1.37943e-03 |167 -0.58600  4.40795e-02 |168 -0.39759 -9.75428e-02
169 -0.19865 -3.51398e-02 |170 -0.03899  5.99497e-02 |171 -0.28623 -3.01891e-01
172  0.81685 -1.57615e+00 |173  0.08848  5.80117e-03 |174 -0.52685  3.11352e-05
175  0.07860 -5.99332e-02 |176 -0.40367  3.39242e-01 |177 -0.14456  2.69370e-01
178  0.06405  1.27259e-02 |179 -0.17465 -2.50488e-01 |180 -0.15662 -7.26092e-02
181 -0.99999  2.18314e-04 |182 -0.13803  8.64506e-01 |183  0.22530 -2.66072e-01
184  0.01028  5.74178e-02 |185 -0.35662 -2.29593e-01 |186 -0.44085  2.35471e-03
187 -0.03522  1.21050e+00 |188 -0.30204  5.81246e-01 |189  0.80946  4.32247e+00
189 variables; iteration 80; function evaluation 87; phase 4
Function value 7.0407743e+03; maximum gradient component mag 2.1896e+00
Var    Value     Gradient |Var    Value     Gradient |Var    Value     Gradient
  1 -0.38656 -3.67715e-01 |  2  0.35745 -3.18993e-02 |  3 -0.14722  3.92408e-02
  4  0.02749 -2.33823e-01 |  5 -0.68019 -8.70602e-02 |  6 -0.61982 -5.28807e-01
  7 -0.41920  2.86807e-03 |  8  0.35755 -3.65854e-01 |  9 -0.20067 -3.83472e-02
 10  0.08040 -4.88720e-01 | 11 -0.61437 -6.72893e-02 | 12 -0.63560 -2.58377e-01
 13  0.82683  2.53058e-02 | 14 -0.00259  5.78931e-03 | 15 -0.00260  5.90684e-03
 16 -0.00260  6.02142e-03 | 17 -0.00260  6.12719e-03 | 18 -0.00259  6.22479e-03
 19 -0.00256  6.31204e-03 | 20 -0.00253  6.38793e-03 | 21 -0.00248  6.45067e-03
 22 -0.00242  6.49682e-03 | 23 -0.00235  6.52403e-03 | 24 -0.00227  6.52989e-03
 25 -0.00217  6.51348e-03 | 26 -0.00206  6.46784e-03 | 27 -0.00194  6.39087e-03
 28 -0.00181  6.28155e-03 | 29 -0.00166  6.13160e-03 | 30 -0.00150  5.93945e-03
 31 -0.00132  5.69973e-03 | 32 -0.00113  5.40799e-03 | 33 -0.00093  5.05987e-03
 34 -0.00071  4.65077e-03 | 35 -0.00049  4.17656e-03 | 36 -0.00026  3.63470e-03
 37 -0.00003  3.02184e-03 | 38  0.00019  2.33824e-03 | 39  0.00040  1.58085e-03
 40  0.00058  7.54230e-04 | 41  0.00073 -1.41558e-04 | 42  0.00083 -1.10231e-03
 43  0.00088 -2.12334e-03 | 44  0.00087 -3.19803e-03 | 45  0.00079 -4.31735e-03
 46  0.00065 -5.47255e-03 | 47  0.00045 -6.65066e-03 | 48  0.00020 -7.83023e-03
 49 -0.00008 -8.98404e-03 | 50 -0.00036 -1.00821e-02 | 51 -0.00064 -1.10757e-02
 52 -0.00087 -1.19059e-02 | 53 -0.00103 -1.25107e-02 | 54 -0.00108 -1.28176e-02
 55 -0.00100 -1.27344e-02 | 56 -0.00076 -1.21883e-02 | 57 -0.00031 -1.11068e-02
 58  0.00036 -9.46395e-03 | 59  0.00128 -7.29232e-03 | 60  0.00248 -4.71055e-03
 61  0.00396 -1.89105e-03 | 62  0.00572  1.09101e-03 | 63  0.00776  4.51655e-03
 64  0.01005  8.99746e-03 | 65  0.01251  1.43755e-02 | 66  0.01503  1.85108e-02
 67  0.01747  1.92144e-02 | 68  0.01964  1.82245e-02 | 69  0.02136  1.90136e-02
 70  0.02247  2.16339e-02 | 71  0.02287  2.41437e-02 | 72  0.02257  2.54181e-02
 73  0.02164  2.50371e-02 | 74  0.02018  2.19844e-02 | 75  0.01827  1.66992e-02
 76  0.01587  1.19556e-02 | 77  0.01290  1.02456e-02 | 78  0.00933  8.12405e-03
 79  0.00526  6.85687e-04 | 80  0.00102 -8.43450e-03 | 81 -0.00289 -1.69995e-02
 82 -0.00611 -2.80421e-02 | 83 -0.00851 -4.16756e-02 | 84 -0.01024 -5.50616e-02
 85 -0.01163 -6.45438e-02 | 86 -0.01281 -6.62157e-02 | 87 -0.01336 -5.47350e-02
 88 -0.01289 -2.33442e-02 | 89 -0.01181  2.54085e-02 | 90 -0.00921  5.16425e-02
 91 -0.00534  1.25015e-02 | 92  0.00005  5.66624e-03 | 93  0.00297  2.55986e-02
 94  0.00496  4.61483e-02 | 95  0.00679  3.98230e-02 | 96  0.00250  8.66013e-03
 97  0.00582  1.88137e-03 | 98  0.02883  5.54682e-02 | 99  0.02709  5.43817e-02
100  0.00881  3.68802e-03 |101  0.02560 -4.86386e-02 |102  0.07632 -8.41943e-02
103  0.03218 -7.05485e-02 |104 -0.00241 -7.12121e-02 |105  0.00894  6.70923e-02
106  0.02227 -7.19766e-02 |107  0.03081 -2.29551e-01 |108 -0.01382  6.12765e-02
109 -0.06115  1.38643e-02 |110 -0.08558  8.73784e-02 |111 -0.07935  4.52410e-02
112 -0.04691 -5.97531e-02 |113  0.06435  1.99169e-01 |114  0.01500  1.37733e-01
115  0.00920  1.00189e-01 |116 -0.04021  9.12328e-02 |117 -0.08114 -2.36763e-02
118 -0.03213 -2.15719e-02 |119 -0.02389 -4.13844e-02 |120 -0.04969 -1.19508e-02
121  0.00257 -6.05307e-02 |122  0.03962 -8.43779e-05 |123 -0.00305  1.07850e-01
124  0.04577  4.03932e-02 |125 -0.01668 -1.58024e-02 |126  0.10272  8.43636e-03
127 -0.01120  6.14497e-02 |128 -0.05030 -8.48809e-02 |129 -0.06024  4.42734e-02
130 -0.02624  3.79914e-02 |131  0.08580  4.63529e-03 |132  0.02375  4.09253e-02
133  0.01285  2.70849e-02 |134 -0.03391  1.47503e-02 |135 -0.01939 -2.11481e-02
136 -0.00397  2.11554e-02 |137 -0.00000  1.20561e-07 |138 -0.64776  1.25817e-01
139 -0.99234 -1.89806e-03 |140  0.03138 -5.87768e-02 |141 -0.58648 -1.66230e-05
142  0.03508  3.77116e-01 |143 -0.40434 -6.89936e-02 |144  0.81924  2.62400e-01
145 -0.10787  1.25802e-01 |146  0.20084  2.96183e-02 |147 -0.23876  2.21989e-02
148  0.16748 -4.50255e-01 |149 -0.58137 -5.03080e-05 |150 -0.00728 -7.39479e-02
151 -0.42463 -1.39061e-01 |152  0.82197  1.92866e-01 |153  0.12446  1.95871e-01
154 -0.03975 -6.48482e-02 |155 -0.11906  9.75034e-02 |156  0.09575 -2.97526e-02
157  0.04872  1.20077e-01 |158  0.14585  1.90154e-02 |159 -0.03718 -4.15152e-03
160 -0.58205  6.35986e-02 |161 -0.50941 -1.12412e-04 |162 -0.20801 -6.21150e-02
163 -0.21234 -2.05211e-01 |164  0.80050 -6.11013e-01 |165  0.32319  1.29352e-01
166 -0.44669  7.40604e-04 |167 -0.59335  2.40268e-02 |168 -0.39599 -1.36911e-01
169 -0.20081 -1.55665e-01 |170 -0.03776  1.12050e-01 |171 -0.28399 -1.05286e-01
172  0.81683 -2.56889e-01 |173  0.08935  1.93498e-02 |174 -0.52683 -1.29548e-05
175  0.07898 -1.96900e-02 |176 -0.40569 -3.20203e-03 |177 -0.14446  9.53359e-02
178  0.06408  2.46031e-02 |179 -0.17458 -1.14664e-01 |180 -0.15650 -1.66511e-02
181 -1.00032 -1.48970e-01 |182 -0.13805  4.04065e-01 |183  0.22771 -9.76147e-02
184  0.01195  9.66598e-02 |185 -0.36131  7.64784e-04 |186 -0.44061  2.87749e-04
187 -0.04083  8.16285e-02 |188 -0.30095  1.11984e-01 |189  0.80941  2.18963e+00
189 variables; iteration 100; function evaluation 114; phase 4
Function value 7.0407696e+03; maximum gradient component mag -3.5386e+00
Var    Value     Gradient |Var    Value     Gradient |Var    Value     Gradient
  1 -0.38650  6.15738e-01 |  2  0.35738  2.14124e-01 |  3 -0.14719  1.10799e-01
  4  0.02757  5.26108e-01 |  5 -0.68018  1.92194e-01 |  6 -0.61979  9.08246e-01
  7 -0.41914  8.17126e-02 |  8  0.35747  6.72945e-01 |  9 -0.20066  1.82454e-01
 10  0.08056  8.30398e-01 | 11 -0.61446  1.50548e-01 | 12 -0.63556  4.78524e-01
 13  0.82644 -2.51391e-02 | 14 -0.00264 -1.93777e-02 | 15 -0.00265 -1.96738e-02
 16 -0.00266 -1.99420e-02 | 17 -0.00265 -2.01664e-02 | 18 -0.00264 -2.03458e-02
 19 -0.00262 -2.04728e-02 | 20 -0.00258 -2.05426e-02 | 21 -0.00253 -2.05483e-02
 22 -0.00247 -2.04795e-02 | 23 -0.00240 -2.03281e-02 | 24 -0.00232 -2.00860e-02
 25 -0.00222 -1.97483e-02 | 26 -0.00211 -1.92966e-02 | 27 -0.00198 -1.87238e-02
 28 -0.00185 -1.80249e-02 | 29 -0.00169 -1.71798e-02 | 30 -0.00153 -1.61836e-02
 31 -0.00134 -1.50242e-02 | 32 -0.00115 -1.36928e-02 | 33 -0.00094 -1.21823e-02
 34 -0.00072 -1.04874e-02 | 35 -0.00048 -8.60558e-03 | 36 -0.00025 -6.53969e-03
 37 -0.00001 -4.29338e-03 | 38  0.00023 -1.87812e-03 | 39  0.00044  6.98887e-04
 40  0.00064  3.41780e-03 | 41  0.00080  6.26677e-03 | 42  0.00091  9.22832e-03
 43  0.00098  1.22847e-02 | 44  0.00098  1.54135e-02 | 45  0.00091  1.85850e-02
 46  0.00078  2.17639e-02 | 47  0.00060  2.49017e-02 | 48  0.00036  2.79305e-02
 49  0.00010  3.07699e-02 | 50 -0.00018  3.33342e-02 | 51 -0.00045  3.55080e-02
 52 -0.00067  3.71650e-02 | 53 -0.00082  3.81900e-02 | 54 -0.00088  3.84785e-02
 55 -0.00080  3.79329e-02 | 56 -0.00057  3.65500e-02 | 57 -0.00013  3.43903e-02
 58  0.00052  3.16527e-02 | 59  0.00142  2.86359e-02 | 60  0.00259  2.56654e-02
 61  0.00405  2.30110e-02 | 62  0.00580  2.10991e-02 | 63  0.00783  2.05505e-02
 64  0.01009  1.96542e-02 | 65  0.01250  1.41310e-02 | 66  0.01499  9.31854e-03
 67  0.01743  1.17768e-02 | 68  0.01961  1.43859e-02 | 69  0.02137  2.26818e-02
 70  0.02248  2.58317e-02 | 71  0.02281  1.55242e-02 | 72  0.02247  9.91414e-03
 73  0.02156  1.69692e-02 | 74  0.02016  2.62533e-02 | 75  0.01828  2.97831e-02
 76  0.01590  3.36979e-02 | 77  0.01292  3.07031e-02 | 78  0.00935  3.25158e-02
 79  0.00533  4.13588e-02 | 80  0.00114  4.54642e-02 | 81 -0.00274  4.79961e-02
 82 -0.00592  4.92579e-02 | 83 -0.00827  5.00996e-02 | 84 -0.00998  4.28725e-02
 85 -0.01139  2.46911e-02 | 86 -0.01264 -1.42258e-03 | 87 -0.01330 -2.62686e-02
 88 -0.01299 -4.56302e-02 | 89 -0.01219 -8.25081e-02 | 90 -0.00977 -1.14697e-01
 91 -0.00509  4.33365e-02 | 92  0.00044  4.96319e-02 | 93  0.00316 -1.46524e-04
 94  0.00504 -3.24642e-02 | 95  0.00686 -6.30063e-02 | 96  0.00265 -7.03442e-02
 97  0.00594 -4.07039e-02 | 98  0.02821 -4.81237e-02 | 99  0.02584  1.45987e-02
100  0.00867  3.95225e-01 |101  0.02536  3.37913e-01 |102  0.07688  1.27546e-01
103  0.03323 -5.45141e-02 |104 -0.00255 -1.85149e-01 |105  0.00763 -1.15150e-01
106  0.02195  1.72945e-01 |107  0.03209  4.94993e-01 |108 -0.01465  3.69597e-02
109 -0.06124 -5.56048e-02 |110 -0.08631 -2.91935e-01 |111 -0.07981 -1.80259e-01
112 -0.04648  5.77039e-02 |113  0.06395 -2.29551e-01 |114  0.01459 -2.13914e-01
115  0.00898 -1.65977e-01 |116 -0.04043 -7.08454e-02 |117 -0.08109 -5.11632e-03
118 -0.03245 -8.11114e-02 |119 -0.02390  7.19224e-02 |120 -0.04969  1.10971e-01
121  0.00291  2.00122e-01 |122  0.03930 -9.67864e-02 |123 -0.00369 -1.90634e-01
124  0.04554 -7.50451e-02 |125 -0.01674  1.07159e-02 |126  0.10251 -4.60730e-02
127 -0.01179 -1.94503e-01 |128 -0.04998  7.77765e-02 |129 -0.06062 -7.29845e-02
130 -0.02668 -9.91031e-02 |131  0.08574  2.11044e-02 |132  0.02341 -6.55042e-02
133  0.01263 -5.92180e-02 |134 -0.03369  9.93838e-02 |135 -0.01946 -4.57772e-02
136 -0.00421 -4.88150e-02 |137 -0.00000 -5.77446e-07 |138 -0.64718 -6.41309e-02
139 -0.98143  1.29133e-03 |140  0.03102  1.63129e-01 |141 -0.58644 -9.69018e-07
142  0.03478 -5.79946e-01 |143 -0.40338  2.46423e-02 |144  0.81922 -3.40588e-01
145 -0.11246 -1.51644e-01 |146  0.19893  4.90770e-02 |147 -0.23664 -6.21851e-03
148  0.16773  6.66867e-01 |149 -0.58138  7.15955e-05 |150 -0.00703  7.88830e-02
151 -0.42443  1.58099e-01 |152  0.82196 -1.73903e-01 |153  0.12309 -3.61039e-01
154 -0.04117  5.29688e-02 |155 -0.12150 -1.73160e-01 |156  0.09520  3.26617e-02
157  0.04838 -1.78365e-01 |158  0.14570 -2.76368e-02 |159 -0.03726  1.02057e-02
160 -0.58318 -1.20182e-01 |161 -0.50918 -4.32018e-05 |162 -0.20817  9.03566e-02
163 -0.21241  6.85793e-02 |164  0.80058  5.66634e-01 |165  0.29280 -2.31589e-01
166 -0.56065  4.31515e-02 |167 -0.62494  4.30691e-02 |168 -0.39804  1.45009e-01
169 -0.19925  3.39144e-01 |170 -0.03956 -1.33687e-01 |171 -0.28467  1.53576e-01
172  0.81683  3.28044e-01 |173  0.08964 -1.83205e-03 |174 -0.52677 -2.04084e-05
175  0.07911  3.33074e-02 |176 -0.40637 -1.32200e-01 |177 -0.14449 -1.59355e-01
178  0.06405 -4.39089e-02 |179 -0.17459  1.49916e-01 |180 -0.15652  3.17567e-02
181 -0.99943  2.68793e-01 |182 -0.13818 -6.15961e-01 |183  0.22894  1.45541e-01
184  0.01260 -1.12769e-01 |185 -0.36251  9.29584e-02 |186 -0.43975 -7.23859e-04
187 -0.04228 -2.82770e-01 |188 -0.30075 -2.25854e-01 |189  0.80940 -3.53859e+00
189 variables; iteration 120; function evaluation 148; phase 4
Function value 7.0407641e+03; maximum gradient component mag 6.6113e-01
Var    Value     Gradient |Var    Value     Gradient |Var    Value     Gradient
  1 -0.38650  9.34676e-02 |  2  0.35743 -1.99512e-02 |  3 -0.14720 -4.01711e-02
  4  0.02749  2.97470e-02 |  5 -0.68028  4.82743e-02 |  6 -0.61980  1.43191e-01
  7 -0.41914 -1.24323e-02 |  8  0.35751  9.37371e-02 |  9 -0.20067 -7.60427e-03
 10  0.08047  1.20229e-01 | 11 -0.61452  1.72570e-02 | 12 -0.63557  7.50267e-02
 13  0.82726 -1.35810e-02 | 14 -0.00262 -8.07488e-03 | 15 -0.00264 -7.95666e-03
 16 -0.00264 -7.78143e-03 | 17 -0.00264 -7.54026e-03 | 18 -0.00262 -7.22853e-03
 19 -0.00259 -6.83986e-03 | 20 -0.00256 -6.36863e-03 | 21 -0.00251 -5.80865e-03
 22 -0.00245 -5.15286e-03 | 23 -0.00237 -4.39487e-03 | 24 -0.00229 -3.52778e-03
 25 -0.00219 -2.54388e-03 | 26 -0.00208 -1.43557e-03 | 27 -0.00195 -1.94933e-04
 28 -0.00181  1.18866e-03 | 29 -0.00166  2.71988e-03 | 30 -0.00149  4.40778e-03
 31 -0.00130  6.25516e-03 | 32 -0.00111  8.26148e-03 | 33 -0.00089  1.04193e-02
 34 -0.00067  1.27110e-02 | 35 -0.00044  1.51076e-02 | 36 -0.00019  1.75707e-02
 37  0.00005  2.00479e-02 | 38  0.00028  2.24864e-02 | 39  0.00050  2.48273e-02
 40  0.00069  2.70280e-02 | 41  0.00085  2.90499e-02 | 42  0.00096  3.08683e-02
 43  0.00102  3.24618e-02 | 44  0.00101  3.38037e-02 | 45  0.00094  3.48511e-02
 46  0.00081  3.55370e-02 | 47  0.00061  3.57625e-02 | 48  0.00037  3.54081e-02
 49  0.00009  3.43498e-02 | 50 -0.00020  3.24650e-02 | 51 -0.00048  2.96697e-02
 52 -0.00072  2.59045e-02 | 53 -0.00089  2.11219e-02 | 54 -0.00097  1.53364e-02
 55 -0.00091  8.70748e-03 | 56 -0.00069  1.56352e-03 | 57 -0.00027 -5.45870e-03
 58  0.00037 -1.15985e-02 | 59  0.00127 -1.65946e-02 | 60  0.00244 -2.13489e-02
 61  0.00389 -2.67001e-02 | 62  0.00563 -3.27389e-02 | 63  0.00766 -3.17463e-02
 64  0.00997 -2.25998e-02 | 65  0.01223 -6.22373e-02 | 66  0.01515  2.73146e-02
 67  0.01743 -6.02971e-03 | 68  0.01942 -4.35094e-02 | 69  0.02146  2.20162e-02
 70  0.02252  1.54901e-02 | 71  0.02284  4.04783e-03 | 72  0.02202 -9.61452e-02
 73  0.02154 -3.10194e-03 | 74  0.02046  7.37422e-02 | 75  0.01813 -1.25483e-02
 76  0.01567 -2.55854e-02 | 77  0.01313  7.00191e-02 | 78  0.00943  4.53192e-02
 79  0.00540  5.32579e-02 | 80  0.00118  5.34668e-02 | 81 -0.00270  5.53821e-02
 82 -0.00595  4.13569e-02 | 83 -0.00839  2.10514e-02 | 84 -0.01021 -1.61749e-02
 85 -0.01171 -5.56570e-02 | 86 -0.01298 -8.22955e-02 | 87 -0.01363 -1.01866e-01
 88 -0.01311 -6.07556e-02 | 89 -0.01155  1.09577e-01 | 90 -0.00923  5.15745e-02
 91 -0.00506  7.20675e-02 | 92 -0.00020 -9.18302e-02 | 93  0.00310 -7.28788e-03
 94  0.00534  4.16442e-02 | 95  0.00721  1.38869e-02 | 96  0.00274 -6.34366e-02
 97  0.00632  2.64556e-02 | 98  0.02842 -3.07028e-02 | 99  0.02567 -5.31509e-02
100  0.00736  2.62774e-02 |101  0.02428  4.10066e-02 |102  0.07722  1.45704e-02
103  0.03382 -2.32321e-02 |104 -0.00154  1.08922e-01 |105  0.00763 -5.36727e-02
106  0.02189  6.13503e-02 |107  0.03136  4.93071e-02 |108 -0.01434 -2.09324e-02
109 -0.06114  1.46268e-02 |110 -0.08577 -6.50557e-03 |111 -0.07959 -5.84162e-02
112 -0.04669  7.82332e-03 |113  0.06417 -3.24245e-02 |114  0.01466 -1.09185e-01
115  0.00919  1.59042e-02 |116 -0.04047 -6.38586e-02 |117 -0.08114 -1.78341e-02
118 -0.03221 -1.30696e-02 |119 -0.02388  2.11921e-02 |120 -0.04964  5.18881e-02
121  0.00251 -3.26733e-02 |122  0.03957 -6.51177e-03 |123 -0.00335 -2.02059e-02
124  0.04559 -3.67301e-02 |125 -0.01672 -2.66850e-03 |126  0.10258 -2.78366e-02
127 -0.01140 -1.13276e-02 |128 -0.05018 -1.69644e-02 |129 -0.06081 -1.46824e-01
130 -0.02658 -6.61775e-02 |131  0.08566 -4.51143e-03 |132  0.02329 -1.06923e-01
133  0.01245 -1.03235e-01 |134 -0.03442 -1.49412e-01 |135 -0.01877  1.64375e-01
136 -0.00413 -2.52707e-02 |137 -0.00000  8.19418e-07 |138 -0.64843 -9.05545e-02
139 -1.00348 -6.74187e-04 |140  0.03117  3.40298e-02 |141 -0.58638  2.06532e-06
142  0.03491 -1.18433e-01 |143 -0.40369  1.42537e-02 |144  0.81923 -7.36530e-02
145 -0.11065 -4.10499e-02 |146  0.19965  2.42488e-02 |147 -0.23745  5.37687e-03
148  0.16762  1.36627e-01 |149 -0.58138  1.45203e-05 |150 -0.00714  1.97004e-02
151 -0.42451  3.55155e-02 |152  0.82197 -5.06788e-02 |153  0.12393 -5.80210e-02
154 -0.04029  1.33837e-02 |155 -0.12015 -2.44973e-02 |156  0.09551  5.82805e-03
157  0.04856 -3.88736e-02 |158  0.14599  4.46003e-02 |159 -0.03701  5.93258e-02
160 -0.58298 -1.42576e-02 |161 -0.50877  7.63431e-05 |162 -0.20829  2.75926e-02
163 -0.21237  2.46469e-01 |164  0.80056  6.61135e-01 |165  0.29150  2.77820e-02
166 -0.65289 -2.61926e-03 |167 -0.71705  5.43812e-03 |168 -0.39590  3.26618e-02
169 -0.20064  4.53281e-02 |170 -0.03792 -2.24017e-02 |171 -0.28407  2.57902e-02
172  0.81682  9.09332e-02 |173  0.08934 -1.37167e-02 |174 -0.52669 -1.88793e-06
175  0.07895  2.31752e-03 |176 -0.40568 -1.41523e-02 |177 -0.14451 -4.08851e-02
178  0.06398 -2.85090e-02 |179 -0.17454  4.31442e-02 |180 -0.15674 -5.97135e-02
181 -0.99992  3.72104e-02 |182 -0.13811 -1.24348e-01 |183  0.22835  3.60217e-02
184  0.01226 -2.76847e-02 |185 -0.36228 -6.12064e-03 |186 -0.43778 -2.52205e-04
187 -0.04151 -1.41052e-02 |188 -0.30062 -6.37820e-03 |189  0.80942 -5.18537e-01
189 variables; iteration 140; function evaluation 178; phase 4
Function value 7.0407635e+03; maximum gradient component mag -6.2409e-02
Var    Value     Gradient |Var    Value     Gradient |Var    Value     Gradient
  1 -0.38654  3.16217e-03 |  2  0.35743 -2.46028e-03 |  3 -0.14720 -1.12778e-03
  4  0.02749 -1.42671e-03 |  5 -0.68035  4.00444e-04 |  6 -0.61980  7.54715e-04
  7 -0.41917  2.23565e-03 |  8  0.35752 -2.56731e-03 |  9 -0.20067 -1.54317e-03
 10  0.08045 -1.26127e-03 | 11 -0.61452  1.31088e-03 | 12 -0.63557 -5.33995e-04
 13  0.82711 -3.20401e-03 | 14 -0.00260  3.41832e-05 | 15 -0.00261  3.61978e-05
 16 -0.00262  3.76995e-05 | 17 -0.00261  3.84292e-05 | 18 -0.00260  3.80531e-05
 19 -0.00257  3.62469e-05 | 20 -0.00254  3.26308e-05 | 21 -0.00249  2.67934e-05
 22 -0.00243  1.83168e-05 | 23 -0.00236  6.74049e-06 | 24 -0.00228 -8.41668e-06
 25 -0.00218 -2.76947e-05 | 26 -0.00207 -5.11270e-05 | 27 -0.00195 -7.87933e-05
 28 -0.00182 -1.10500e-04 | 29 -0.00167 -1.45212e-04 | 30 -0.00151 -1.81993e-04
 31 -0.00133 -2.19603e-04 | 32 -0.00114 -2.57208e-04 | 33 -0.00093 -2.94786e-04
 34 -0.00072 -3.33306e-04 | 35 -0.00049 -3.74313e-04 | 36 -0.00026 -4.18999e-04
 37 -0.00003 -4.66198e-04 | 38  0.00019 -5.12672e-04 | 39  0.00040 -5.52481e-04
 40  0.00059 -5.82150e-04 | 41  0.00074 -6.00319e-04 | 42  0.00085 -6.10078e-04
 43  0.00090 -6.16583e-04 | 44  0.00089 -6.24660e-04 | 45  0.00081 -6.36605e-04
 46  0.00068 -6.50436e-04 | 47  0.00048 -6.58501e-04 | 48  0.00024 -6.50977e-04
 49 -0.00004 -6.21479e-04 | 50 -0.00032 -5.69341e-04 | 51 -0.00059 -5.00859e-04
 52 -0.00082 -4.20564e-04 | 53 -0.00097 -3.29045e-04 | 54 -0.00102 -2.27362e-04
 55 -0.00094 -1.18960e-04 | 56 -0.00070 -2.39138e-06 | 57 -0.00025  1.15571e-04
 58  0.00041  1.34841e-04 | 59  0.00133 -7.52185e-05 | 60  0.00252 -3.53397e-05
 61  0.00399  3.65544e-04 | 62  0.00574 -1.16965e-03 | 63  0.00776 -2.62474e-03
 64  0.01006  4.49800e-03 | 65  0.01249 -1.35095e-04 | 66  0.01503  6.07822e-03
 67  0.01744  9.06829e-04 | 68  0.01961  1.04482e-03 | 69  0.02131 -4.63118e-03
 70  0.02241 -4.71131e-03 | 71  0.02284  4.17585e-03 | 72  0.02248 -4.90355e-03
 73  0.02155 -3.87816e-03 | 74  0.02014  3.24265e-03 | 75  0.01821 -1.19470e-03
 76  0.01583  1.22187e-04 | 77  0.01285 -1.66074e-03 | 78  0.00929  3.33849e-03
 79  0.00521 -1.03335e-03 | 80  0.00101 -4.26178e-04 | 81 -0.00289 -7.53079e-04
 82 -0.00607  2.83944e-03 | 83 -0.00844  1.26492e-04 | 84 -0.01012  3.01568e-03
 85 -0.01150 -2.34410e-03 | 86 -0.01267 -3.94774e-04 | 87 -0.01327 -4.85320e-03
 88 -0.01285  8.12145e-03 | 89 -0.01198 -6.60528e-03 | 90 -0.00942 -1.84566e-03
 91 -0.00534 -1.76044e-03 | 92  0.00022  8.41391e-03 | 93  0.00310 -8.34967e-03
 94  0.00517  7.64587e-04 | 95  0.00716  2.14687e-03 | 96  0.00297 -3.19060e-03
 97  0.00618 -2.31149e-03 | 98  0.02852  2.44315e-03 | 99  0.02587  2.27183e-03
100  0.00726 -4.13809e-03 |101  0.02414  1.97022e-04 |102  0.07725  2.90279e-03
103  0.03403  8.74051e-04 |104 -0.00190 -2.49746e-03 |105  0.00795  4.06471e-03
106  0.02176 -4.38493e-03 |107  0.03132  4.71684e-03 |108 -0.01423 -8.69721e-05
109 -0.06117 -1.64810e-03 |110 -0.08575 -1.24669e-03 |111 -0.07946 -2.71757e-03
112 -0.04670  7.38705e-04 |113  0.06416  6.87041e-04 |114  0.01486  8.51083e-04
115  0.00911 -2.37666e-03 |116 -0.04034  8.73299e-04 |117 -0.08109 -4.58952e-04
118 -0.03214 -1.90153e-03 |119 -0.02388  5.38732e-04 |120 -0.04974 -5.39817e-04
121  0.00264  4.19274e-04 |122  0.03959 -2.57612e-04 |123 -0.00329 -1.46808e-03
124  0.04567 -8.61544e-04 |125 -0.01669  1.17228e-03 |126  0.10266  7.13591e-04
127 -0.01134 -8.92155e-04 |128 -0.05010  1.33168e-03 |129 -0.06036  2.09408e-03
130 -0.02635  7.63276e-04 |131  0.08574  7.30426e-04 |132  0.02364  1.63272e-03
133  0.01278 -5.89107e-04 |134 -0.03393  3.69926e-03 |135 -0.01931 -1.11867e-03
136 -0.00403  1.80337e-03 |137 -0.00000 -1.03708e-07 |138 -0.64812  2.77161e-03
139 -1.00816  1.84353e-04 |140  0.03121 -1.17934e-03 |141 -0.58637 -1.69388e-07
142  0.03494  3.51946e-04 |143 -0.40382 -2.70492e-03 |144  0.81923  2.87452e-04
145 -0.11007 -1.31395e-03 |146  0.19984  1.14940e-03 |147 -0.23773 -5.88483e-04
148  0.16759  5.89387e-04 |149 -0.58138 -1.02951e-07 |150 -0.00717 -9.03085e-05
151 -0.42453 -1.71666e-03 |152  0.82197  1.77766e-03 |153  0.12407 -2.81638e-04
154 -0.04015  1.31375e-04 |155 -0.11992  5.34306e-04 |156  0.09555 -6.74658e-03
157  0.04858 -4.36519e-03 |158  0.14583  9.38007e-04 |159 -0.03720  1.26290e-03
160 -0.58278 -5.50171e-03 |161 -0.50876 -7.04047e-06 |162 -0.20824  4.29567e-04
163 -0.21236 -2.56713e-02 |164  0.80054 -6.24095e-02 |165  0.29139  1.53580e-02
166 -0.65638 -2.93567e-03 |167 -0.72688  2.09323e-03 |168 -0.39590 -3.58054e-04
169 -0.20067  2.56672e-03 |170 -0.03788  3.16398e-04 |171 -0.28405  5.34036e-05
172  0.81683 -1.22593e-03 |173  0.08933  2.24820e-03 |174 -0.52670  2.93456e-06
175  0.07895  1.48609e-03 |176 -0.40565 -9.11519e-04 |177 -0.14450  1.69175e-03
178  0.06408  2.13973e-03 |179 -0.17459 -1.02143e-03 |180 -0.15649  6.33594e-03
181 -1.00001  5.52700e-04 |182 -0.13810 -3.51241e-04 |183  0.22816  1.04441e-03
184  0.01215  1.38917e-03 |185 -0.36213  7.15779e-04 |186 -0.43738 -2.38203e-05
187 -0.04141 -2.70316e-03 |188 -0.30069 -1.26496e-03 |189  0.80942  1.04217e-02
189 variables; iteration 160; function evaluation 214; phase 4
Function value 7.0407635e+03; maximum gradient component mag 8.0694e-02
Var    Value     Gradient |Var    Value     Gradient |Var    Value     Gradient
  1 -0.38654 -7.37099e-03 |  2  0.35743 -1.45859e-03 |  3 -0.14721  2.04027e-04
  4  0.02749 -4.45097e-03 |  5 -0.68035 -1.78791e-03 |  6 -0.61980 -1.05065e-02
  7 -0.41917 -9.42731e-04 |  8  0.35752 -6.70619e-03 |  9 -0.20067 -2.32757e-04
 10  0.08045 -7.95805e-03 | 11 -0.61452 -2.81084e-03 | 12 -0.63557 -5.56926e-03
 13  0.82719 -3.28089e-04 | 14 -0.00259  3.15607e-03 | 15 -0.00260  2.81465e-03
 16 -0.00261  2.44427e-03 | 17 -0.00260  2.02886e-03 | 18 -0.00259  1.60209e-03
 19 -0.00257  1.17901e-03 | 20 -0.00253  7.89731e-04 | 21 -0.00249  4.66841e-04
 22 -0.00243  2.39199e-04 | 23 -0.00236  1.54427e-04 | 24 -0.00228  2.64578e-04
 25 -0.00218  6.26701e-04 | 26 -0.00207  1.22364e-03 | 27 -0.00194  2.03248e-03
 28 -0.00181  2.95558e-03 | 29 -0.00165  3.80278e-03 | 30 -0.00149  4.36707e-03
 31 -0.00131  4.47272e-03 | 32 -0.00112  4.07999e-03 | 33 -0.00092  3.35013e-03
 34 -0.00071  2.60033e-03 | 35 -0.00048  2.12841e-03 | 36 -0.00025  2.01956e-03
 37 -0.00002  2.06989e-03 | 38  0.00020  2.00778e-03 | 39  0.00041  1.67957e-03
 40  0.00060  1.18763e-03 | 41  0.00074  6.78784e-04 | 42  0.00085  2.37682e-04
 43  0.00090 -1.42438e-04 | 44  0.00089 -4.93426e-04 | 45  0.00081 -8.09379e-04
 46  0.00067 -1.00404e-03 | 47  0.00048 -9.58771e-04 | 48  0.00024 -7.12612e-04
 49 -0.00004 -6.21741e-04 | 50 -0.00032 -1.13533e-03 | 51 -0.00060 -2.05717e-03
 52 -0.00083 -2.68996e-03 | 53 -0.00098 -2.46767e-03 | 54 -0.00103 -1.22949e-03
 55 -0.00094  3.50200e-04 | 56 -0.00070  2.27023e-04 | 57 -0.00026 -1.50684e-03
 58  0.00042  1.85155e-03 | 59  0.00134  2.99846e-03 | 60  0.00253  4.23136e-03
 61  0.00400  2.07874e-03 | 62  0.00578  8.89853e-03 | 63  0.00776 -4.39645e-03
 64  0.01005  7.33520e-04 | 65  0.01249 -5.34012e-05 | 66  0.01500  8.79525e-05
 67  0.01743  5.03067e-05 | 68  0.01959 -2.71464e-03 | 69  0.02131 -4.52659e-03
 70  0.02244  1.79192e-03 | 71  0.02281 -3.74695e-04 | 72  0.02250 -7.74868e-04
 73  0.02155 -3.97020e-03 | 74  0.02014  2.96693e-03 | 75  0.01825  6.07747e-03
 76  0.01581 -4.39232e-03 | 77  0.01285 -1.03006e-03 | 78  0.00930  5.11233e-03
 79  0.00519 -7.56200e-03 | 80  0.00099 -4.65122e-03 | 81 -0.00286  6.69912e-03
 82 -0.00607  4.04351e-03 | 83 -0.00845 -6.91301e-04 | 84 -0.01010  8.16341e-03
 85 -0.01152 -7.99287e-03 | 86 -0.01267 -8.93500e-05 | 87 -0.01327 -5.33147e-03
 88 -0.01290 -5.02018e-03 | 89 -0.01193  6.63086e-03 | 90 -0.00940  4.88757e-03
 91 -0.00533  8.56567e-04 | 92  0.00014 -9.30945e-03 | 93  0.00318  1.29428e-02
 94  0.00513 -7.53965e-03 | 95  0.00712 -5.47535e-03 | 96  0.00300  4.92205e-03
 97  0.00622  7.33726e-03 | 98  0.02849 -3.96901e-03 | 99  0.02584 -5.49246e-03
100  0.00730  4.84785e-03 |101  0.02413 -3.21223e-03 |102  0.07724 -7.03795e-04
103  0.03403 -2.91041e-03 |104 -0.00185  9.02892e-03 |105  0.00790 -7.20751e-03
106  0.02181  7.19243e-03 |107  0.03128 -1.11461e-02 |108 -0.01421  1.68552e-03
109 -0.06117  9.24135e-04 |110 -0.08574  4.82039e-03 |111 -0.07945  2.89031e-03
112 -0.04670 -1.56779e-03 |113  0.06416  2.90766e-03 |114  0.01486  1.77252e-03
115  0.00912  3.34202e-03 |116 -0.04034 -7.50718e-05 |117 -0.08109 -1.33694e-04
118 -0.03213  2.93695e-03 |119 -0.02389 -2.13595e-03 |120 -0.04974 -3.71825e-04
121  0.00264 -2.26656e-03 |122  0.03959  2.56250e-04 |123 -0.00327  3.20040e-03
124  0.04567  5.50611e-04 |125 -0.01669 -1.54959e-03 |126  0.10266 -1.06781e-04
127 -0.01133  2.63268e-03 |128 -0.05011 -1.51453e-03 |129 -0.06038 -2.59092e-03
130 -0.02636 -6.27237e-04 |131  0.08573 -7.00625e-04 |132  0.02363 -1.76193e-03
133  0.01278  4.16802e-04 |134 -0.03396 -6.36292e-03 |135 -0.01931  7.79179e-05
136 -0.00403  1.09516e-03 |137 -0.00000  4.22041e-06 |138 -0.64819 -9.28679e-04
139 -1.00717 -1.56303e-05 |140  0.03121 -2.41445e-03 |141 -0.58638  2.00810e-07
142  0.03494  6.04149e-03 |143 -0.40380  3.05976e-03 |144  0.81923  2.35843e-03
145 -0.11003  1.73805e-03 |146  0.19985 -4.05177e-04 |147 -0.23775  5.26298e-04
148  0.16759 -8.01172e-03 |149 -0.58138 -7.46113e-07 |150 -0.00718 -1.05657e-03
151 -0.42453 -1.02054e-03 |152  0.82197  7.93726e-04 |153  0.12408  3.98749e-03
154 -0.04014 -1.01717e-03 |155 -0.11989  2.97277e-03 |156  0.09563  9.82714e-03
157  0.04863  8.96770e-03 |158  0.14583  1.36831e-03 |159 -0.03720  1.01875e-03
160 -0.58270  2.86784e-03 |161 -0.50884 -4.14076e-06 |162 -0.20818 -2.49775e-03
163 -0.21238 -7.04671e-03 |164  0.80054 -1.30432e-02 |165  0.29346 -5.89308e-03
166 -0.61978  8.17882e-05 |167 -0.74360  6.17670e-05 |168 -0.39580 -1.42975e-03
169 -0.20073 -5.00018e-03 |170 -0.03781  2.43286e-03 |171 -0.28403 -2.55140e-03
172  0.81683 -2.11492e-04 |173  0.08932 -7.05810e-04 |174 -0.52677 -2.70521e-06
175  0.07894 -5.22892e-04 |176 -0.40563  2.14993e-03 |177 -0.14450  1.23623e-03
178  0.06407  7.20298e-04 |179 -0.17458 -2.26571e-03 |180 -0.15651  1.95820e-04
181 -1.00001  4.98752e-03 |182 -0.13810  6.88642e-03 |183  0.22813 -1.38045e-03
184  0.01213  1.16814e-03 |185 -0.36211 -6.53845e-04 |186 -0.43665  3.91486e-05
187 -0.04138  4.41687e-03 |188 -0.30069  4.03854e-03 |189  0.80942  8.06944e-02

 - final statistics:
189 variables; iteration 172; function evaluation 234
Function value 7.0408e+03; maximum gradient component mag -9.6322e-04
Exit code = 1;  converg criter 1.0000e-03
Var    Value     Gradient |Var    Value     Gradient |Var    Value     Gradient
  1 -0.38654 -2.03159e-05 |  2  0.35743  2.72636e-05 |  3 -0.14720  3.97606e-05
  4  0.02749  1.43356e-06 |  5 -0.68035 -4.83490e-06 |  6 -0.61980 -5.93342e-05
  7 -0.41917  4.55623e-05 |  8  0.35752 -3.57180e-05 |  9 -0.20067  2.66760e-05
 10  0.08045 -4.51009e-05 | 11 -0.61452  2.06399e-06 | 12 -0.63557 -2.50102e-05
 13  0.82717 -6.69108e-05 | 14 -0.00260  6.34575e-05 | 15 -0.00261  6.19852e-05
 16 -0.00262  5.70499e-05 | 17 -0.00261  4.71275e-05 | 18 -0.00260  2.99499e-05
 19 -0.00257  8.74296e-06 | 20 -0.00254 -5.42852e-06 | 21 -0.00249  3.49110e-06
 22 -0.00243  4.57675e-05 | 23 -0.00236  1.13365e-04 | 24 -0.00228  1.73584e-04
 25 -0.00218  1.80607e-04 | 26 -0.00207  1.09760e-04 | 27 -0.00195 -8.98538e-06
 28 -0.00182 -8.91780e-05 | 29 -0.00167 -5.00021e-05 | 30 -0.00151  9.66971e-05
 31 -0.00133  2.22016e-04 | 32 -0.00114  1.94046e-04 | 33 -0.00093  3.51406e-05
 34 -0.00072 -9.25284e-05 | 35 -0.00049 -1.00073e-04 | 36 -0.00026 -7.46496e-05
 37 -0.00003 -9.47668e-05 | 38  0.00020 -9.69263e-05 | 39  0.00041 -2.07816e-05
 40  0.00059  6.10725e-05 | 41  0.00074  7.62576e-05 | 42  0.00085  3.93937e-05
 43  0.00090  1.12813e-06 | 44  0.00089 -6.22278e-06 | 45  0.00082  3.09928e-05
 46  0.00068  9.31388e-05 | 47  0.00048  8.03867e-05 | 48  0.00024 -7.88117e-05
 49 -0.00004 -1.97678e-04 | 50 -0.00032 -9.20402e-05 | 51 -0.00059  2.98531e-06
 52 -0.00082 -3.23502e-05 | 53 -0.00097 -2.22143e-05 | 54 -0.00102  1.04743e-04
 55 -0.00094  1.84844e-04 | 56 -0.00070 -1.08326e-04 | 57 -0.00025  1.35534e-04
 58  0.00041 -3.70409e-04 | 59  0.00133  6.01023e-05 | 60  0.00252  2.51989e-04
 61  0.00399  2.78484e-04 | 62  0.00574 -6.00663e-06 | 63  0.00777 -4.73858e-05
 64  0.01004  4.11409e-06 | 65  0.01249 -1.06433e-05 | 66  0.01500 -5.05216e-06
 67  0.01743 -1.78654e-05 | 68  0.01961 -4.25014e-05 | 69  0.02133 -1.42635e-05
 70  0.02243 -5.26851e-05 | 71  0.02282  8.82188e-07 | 72  0.02250 -7.78569e-05
 73  0.02156 -1.46144e-05 | 74  0.02012 -2.14630e-05 | 75  0.01822 -1.43246e-05
 76  0.01583 -2.99911e-05 | 77  0.01286  1.29519e-05 | 78  0.00928  5.16054e-05
 79  0.00522  1.21778e-04 | 80  0.00101  2.27086e-04 | 81 -0.00289 -1.10405e-04
 82 -0.00608 -4.01044e-05 | 83 -0.00844 -6.54840e-06 | 84 -0.01014 -3.43842e-05
 85 -0.01149 -5.87042e-05 | 86 -0.01267 -3.20261e-05 | 87 -0.01326 -4.64381e-06
 88 -0.01288  2.89950e-06 | 89 -0.01196 -8.21687e-06 | 90 -0.00942  4.82908e-06
 91 -0.00533 -3.02624e-06 | 92  0.00018  1.69948e-05 | 93  0.00313 -6.59798e-05
 94  0.00516 -3.74480e-06 | 95  0.00715  4.57540e-05 | 96  0.00298 -3.08048e-05
 97  0.00619  1.85038e-06 | 98  0.02851  4.84702e-05 | 99  0.02586  6.78096e-05
100  0.00727  1.80632e-06 |101  0.02414  3.22254e-05 |102  0.07724 -5.98155e-05
103  0.03404 -1.01121e-04 |104 -0.00188 -2.28514e-05 |105  0.00793  2.10735e-05
106  0.02178 -2.73274e-05 |107  0.03131 -2.56562e-05 |108 -0.01422 -1.26869e-06
109 -0.06117 -3.68125e-06 |110 -0.08575  1.86164e-05 |111 -0.07946  4.04574e-06
112 -0.04670  8.61915e-06 |113  0.06416  2.54483e-05 |114  0.01486  3.39417e-05
115  0.00911  6.15481e-06 |116 -0.04034  1.06150e-05 |117 -0.08109  1.08239e-05
118 -0.03214  2.29188e-06 |119 -0.02388 -1.59461e-05 |120 -0.04974 -1.49122e-05
121  0.00264 -4.07762e-05 |122  0.03959  1.06201e-05 |123 -0.00328  3.02826e-05
124  0.04567 -8.53667e-06 |125 -0.01669 -7.63944e-06 |126  0.10266 -8.21652e-07
127 -0.01134 -2.23355e-05 |128 -0.05010 -2.40776e-05 |129 -0.06037  6.89286e-06
130 -0.02635  3.78144e-06 |131  0.08574  1.10297e-05 |132  0.02364 -8.10033e-07
133  0.01278  4.22052e-06 |134 -0.03394 -1.55753e-05 |135 -0.01931  1.70058e-05
136 -0.00404 -6.61257e-07 |137 -0.00000 -8.09902e-07 |138 -0.64817  2.43321e-05
139 -1.00681 -1.97691e-06 |140  0.03121 -1.77174e-05 |141 -0.58638 -5.25772e-08
142  0.03494  6.99172e-05 |143 -0.40381 -3.33641e-07 |144  0.81923  4.92215e-05
145 -0.11006  1.06913e-05 |146  0.19984  7.49278e-07 |147 -0.23774  4.30217e-06
148  0.16759 -8.20980e-05 |149 -0.58138  3.49974e-08 |150 -0.00717 -1.64459e-05
151 -0.42453 -1.26748e-05 |152  0.82197  4.11343e-05 |153  0.12407  2.69055e-05
154 -0.04015 -1.22255e-05 |155 -0.11993  3.42402e-07 |156  0.09558 -3.11038e-05
157  0.04860  5.86377e-06 |158  0.14582  1.44586e-05 |159 -0.03720  1.31582e-05
160 -0.58272 -2.30925e-05 |161 -0.50883 -2.39190e-06 |162 -0.20819 -2.25679e-05
163 -0.21237 -4.18114e-04 |164  0.80054 -9.63225e-04 |165  0.29419 -8.73477e-05
166 -0.61373  2.83916e-06 |167 -0.74726 -7.30984e-06 |168 -0.39587 -1.03026e-05
169 -0.20070  2.42881e-05 |170 -0.03786  1.58908e-05 |171 -0.28403  7.98515e-08
172  0.81683 -2.21874e-04 |173  0.08933  7.55224e-06 |174 -0.52676 -1.87201e-06
175  0.07895 -3.43147e-06 |176 -0.40564  8.12981e-06 |177 -0.14450  2.35977e-05
178  0.06407  1.63258e-05 |179 -0.17458 -2.32004e-05 |180 -0.15651  1.63970e-05
181 -1.00001 -8.23341e-04 |182 -0.13810  7.29466e-05 |183  0.22813 -1.65269e-05
184  0.01214  1.55807e-05 |185 -0.36212 -1.40192e-05 |186 -0.43673  2.23717e-05
187 -0.04140  9.86028e-06 |188 -0.30069 -2.51445e-06 |189  0.80942  7.29737e-05
Warning: the following parameters had issues
  Q_parm[5] is within 0.1% of lower bound: -1.00000e+01 < -9.99966e+00 < 2.00000e+00
  selparm[63] is within 0.1% of lower bound: -2.00000e+00 < -2.00000e+00 < 2.00000e+01


 - final statistics:
202 variables; iteration 0; function evaluation 0
Function value 7.0408e+03; maximum gradient component mag -9.6322e-04
Exit code = 0;  converg criter 1.0000e-03
Var    Value     Gradient |Var    Value     Gradient |Var    Value     Gradient
  1 -0.38654 -2.03159e-05 |  2  0.35743  2.72636e-05 |  3 -0.14720  3.97606e-05
  4  0.02749  1.43354e-06 |  5 -0.68035 -4.83490e-06 |  6 -0.61980 -5.93342e-05
  7 -0.41917  4.55623e-05 |  8  0.35752 -3.57180e-05 |  9 -0.20067  2.66759e-05
 10  0.08045 -4.51009e-05 | 11 -0.61452  2.06399e-06 | 12 -0.63557 -2.50102e-05
 13  0.82717 -6.69109e-05 | 14 -0.00260  6.34575e-05 | 15 -0.00261  6.19852e-05
 16 -0.00262  5.70499e-05 | 17 -0.00261  4.71275e-05 | 18 -0.00260  2.99499e-05
 19 -0.00257  8.74296e-06 | 20 -0.00254 -5.42852e-06 | 21 -0.00249  3.49110e-06
 22 -0.00243  4.57675e-05 | 23 -0.00236  1.13365e-04 | 24 -0.00228  1.73584e-04
 25 -0.00218  1.80607e-04 | 26 -0.00207  1.09760e-04 | 27 -0.00195 -8.98538e-06
 28 -0.00182 -8.91780e-05 | 29 -0.00167 -5.00021e-05 | 30 -0.00151  9.66971e-05
 31 -0.00133  2.22016e-04 | 32 -0.00114  1.94046e-04 | 33 -0.00093  3.51406e-05
 34 -0.00072 -9.25284e-05 | 35 -0.00049 -1.00073e-04 | 36 -0.00026 -7.46496e-05
 37 -0.00003 -9.47668e-05 | 38  0.00020 -9.69263e-05 | 39  0.00041 -2.07816e-05
 40  0.00059  6.10725e-05 | 41  0.00074  7.62576e-05 | 42  0.00085  3.93937e-05
 43  0.00090  1.12813e-06 | 44  0.00089 -6.22278e-06 | 45  0.00082  3.09928e-05
 46  0.00068  9.31388e-05 | 47  0.00048  8.03867e-05 | 48  0.00024 -7.88117e-05
 49 -0.00004 -1.97678e-04 | 50 -0.00032 -9.20402e-05 | 51 -0.00059  2.98531e-06
 52 -0.00082 -3.23502e-05 | 53 -0.00097 -2.22143e-05 | 54 -0.00102  1.04743e-04
 55 -0.00094  1.84844e-04 | 56 -0.00070 -1.08326e-04 | 57 -0.00025  1.35534e-04
 58  0.00041 -3.70409e-04 | 59  0.00133  6.01023e-05 | 60  0.00252  2.51989e-04
 61  0.00399  2.78484e-04 | 62  0.00574 -6.00663e-06 | 63  0.00777 -4.73858e-05
 64  0.01004  4.11409e-06 | 65  0.01249 -1.06433e-05 | 66  0.01500 -5.05216e-06
 67  0.01743 -1.78654e-05 | 68  0.01961 -4.25014e-05 | 69  0.02133 -1.42635e-05
 70  0.02243 -5.26851e-05 | 71  0.02282  8.82186e-07 | 72  0.02250 -7.78569e-05
 73  0.02156 -1.46144e-05 | 74  0.02012 -2.14630e-05 | 75  0.01822 -1.43246e-05
 76  0.01583 -2.99911e-05 | 77  0.01286  1.29519e-05 | 78  0.00928  5.16054e-05
 79  0.00522  1.21778e-04 | 80  0.00101  2.27086e-04 | 81 -0.00289 -1.10405e-04
 82 -0.00608 -4.01044e-05 | 83 -0.00844 -6.54840e-06 | 84 -0.01014 -3.43842e-05
 85 -0.01149 -5.87042e-05 | 86 -0.01267 -3.20261e-05 | 87 -0.01326 -4.64381e-06
 88 -0.01288  2.89950e-06 | 89 -0.01196 -8.21687e-06 | 90 -0.00942  4.82908e-06
 91 -0.00533 -3.02624e-06 | 92  0.00018  1.69948e-05 | 93  0.00313 -6.59798e-05
 94  0.00516 -3.74480e-06 | 95  0.00715  4.57540e-05 | 96  0.00298 -3.08048e-05
 97  0.00619  1.85038e-06 | 98  0.02851  4.84702e-05 | 99  0.02586  6.78096e-05
100  0.00727  1.80632e-06 |101  0.02414  3.22254e-05 |102  0.07724 -5.98155e-05
103  0.03404 -1.01121e-04 |104 -0.00188 -2.28514e-05 |105  0.00793  2.10735e-05
106  0.02178 -2.73274e-05 |107  0.03131 -2.56562e-05 |108 -0.01422 -1.26869e-06
109 -0.06117 -3.68125e-06 |110 -0.08575  1.86164e-05 |111 -0.07946  4.04574e-06
112 -0.04670  8.61915e-06 |113  0.06416  2.54483e-05 |114  0.01486  3.39417e-05
115  0.00911  6.15481e-06 |116 -0.04034  1.06150e-05 |117 -0.08109  1.08239e-05
118 -0.03214  2.29189e-06 |119 -0.02388 -1.59461e-05 |120 -0.04974 -1.49122e-05
121  0.00264 -4.07762e-05 |122  0.03959  1.06201e-05 |123 -0.00328  3.02826e-05
124  0.04567 -8.53667e-06 |125 -0.01669 -7.63944e-06 |126  0.10266 -8.21650e-07
127 -0.01134 -2.23355e-05 |128 -0.05010 -2.40776e-05 |129 -0.06037  6.89286e-06
130 -0.02635  3.78144e-06 |131  0.08574  1.10297e-05 |132  0.02364 -8.10032e-07
133  0.01278  4.22052e-06 |134 -0.03394 -1.55753e-05 |135 -0.01931  1.70058e-05
136 -0.00404 -6.61257e-07 |137 -0.00000 -8.09902e-07 |138  0.00000  0.00000e+00
139  0.00000  0.00000e+00 |140  0.00000  0.00000e+00 |141  0.00000  0.00000e+00
142  0.00000  0.00000e+00 |143  0.00000  0.00000e+00 |144  0.00000  0.00000e+00
145  0.00000  0.00000e+00 |146  0.00000  0.00000e+00 |147  0.00000  0.00000e+00
148  0.00000  0.00000e+00 |149  0.00000  0.00000e+00 |150  0.00000  0.00000e+00
151 -0.64817  2.43321e-05 |152 -0.99319  1.97691e-06 |153  0.03121 -1.77174e-05
154 -0.58638 -5.25772e-08 |155  0.03494  6.99173e-05 |156 -0.40381 -3.33648e-07
157  0.81923  4.92210e-05 |158 -0.11006  1.06913e-05 |159  0.19984  7.49278e-07
160 -0.23774  4.30217e-06 |161  0.16759 -8.20980e-05 |162 -0.58138  3.49974e-08
163 -0.00717 -1.64459e-05 |164 -0.42453 -1.26748e-05 |165  0.82197  4.11340e-05
166  0.12407  2.69055e-05 |167 -0.04015 -1.22255e-05 |168 -0.11993  3.42402e-07
169  0.09558 -3.11038e-05 |170  0.04860  5.86377e-06 |171  0.14582  1.44586e-05
172 -0.03720  1.31582e-05 |173 -0.58272 -2.30925e-05 |174 -0.50883 -2.39190e-06
175 -0.20819 -2.25679e-05 |176 -0.21237 -4.18114e-04 |177  0.80054 -9.63225e-04
178  0.29419 -8.73477e-05 |179 -0.61373  2.83916e-06 |180 -0.74726 -7.30984e-06
181 -0.39587 -1.03026e-05 |182 -0.20070  2.42881e-05 |183 -0.03786  1.58908e-05
184 -0.28403  7.98521e-08 |185  0.81683 -2.21874e-04 |186  0.08933  7.55224e-06
187 -0.52676 -1.87201e-06 |188  0.07895 -3.43147e-06 |189 -0.40564  8.12981e-06
190 -0.14450  2.35977e-05 |191  0.06407  1.63258e-05 |192 -0.17458 -2.32004e-05
193 -0.15651  1.63970e-05 |194 -0.99999  8.23346e-04 |195 -0.13810  7.29466e-05
196  0.22813 -1.65269e-05 |197  0.01214  1.55807e-05 |198 -0.36212 -1.40192e-05
199 -0.43673  2.23717e-05 |200 -0.04140  9.86028e-06 |201 -0.30069 -2.51446e-06
202  0.80942  7.29728e-05 |
size of file gradfil1.tmp = 0
size of file gradfil2.tmp = 0
size of file varssave.tmp = 0
size of file cmpdiff.tmp = 1000000040
