
 - final statistics:
3 variables; iteration 0; function evaluation 0
Function value 6.7616e+03; maximum gradient component mag 5.6527e-04
Exit code = 0;  converg criter 1.0000e+01
Var    Value     Gradient |Var    Value     Gradient |Var    Value     Gradient
  1  0.82552  5.65272e-04 |  2 -0.64808 -1.25124e-04 |  3 -0.99393  6.18941e-07

Initial statistics: 15 variables; iteration 0; function evaluation 0; phase 2
Function value 6.7616388e+03; maximum gradient component mag 3.4051e+02
Var    Value     Gradient |Var    Value     Gradient |Var    Value     Gradient
  1 -0.38767 -1.68954e+02 |  2  0.35802  2.12012e+01 |  3 -0.14696  2.92988e+00
  4  0.02639  1.01130e+01 |  5 -0.68375 -4.20653e+00 |  6 -0.61919  3.40506e+02
  7 -0.41866  1.71307e+02 |  8  0.35663 -6.49345e+00 |  9 -0.20076 -6.79471e+01
 10  0.08187 -1.43115e+01 | 11 -0.61141 -5.93528e+00 | 12 -0.63626  3.02130e+02
 13  0.82552  5.65272e-04 | 14 -0.64808 -1.25124e-04 | 15 -0.99393  6.18941e-07

 - final statistics:
15 variables; iteration 20; function evaluation 29
Function value 6.7461e+03; maximum gradient component mag 5.4524e+00
Exit code = 1;  converg criter 1.0000e+01
Var    Value     Gradient |Var    Value     Gradient |Var    Value     Gradient
  1 -0.33370  9.90287e-01 |  2  0.33475  7.66833e-01 |  3 -0.19752  5.45236e+00
  4  0.10413  1.69934e+00 |  5 -0.60246  1.68920e-01 |  6 -0.65448 -3.67802e-01
  7 -0.43885  1.97788e-01 |  8  0.35581 -9.50719e-01 |  9 -0.19431  6.91190e-01
 10  0.07844 -7.52784e-02 | 11 -0.55297 -3.28704e-01 | 12 -0.65312 -1.56654e+00
 13  0.83556 -2.97787e-01 | 14 -0.64133 -2.38228e-02 | 15 -0.96565 -5.17634e-02

Initial statistics: 174 variables; iteration 0; function evaluation 0; phase 3
Function value 6.7460734e+03; maximum gradient component mag -4.9801e+01
Var    Value     Gradient |Var    Value     Gradient |Var    Value     Gradient
  1 -0.33370  9.90287e-01 |  2  0.33475  7.66833e-01 |  3 -0.19752  5.45236e+00
  4  0.10413  1.69934e+00 |  5 -0.60246  1.68920e-01 |  6 -0.65448 -3.67802e-01
  7 -0.43885  1.97788e-01 |  8  0.35581 -9.50719e-01 |  9 -0.19431  6.91190e-01
 10  0.07844 -7.52784e-02 | 11 -0.55297 -3.28704e-01 | 12 -0.65312 -1.56654e+00
 13  0.83556 -2.97787e-01 | 14 -0.00261 -5.69417e-01 | 15 -0.00262 -5.84861e-01
 16 -0.00263 -6.00417e-01 | 17 -0.00262 -6.16037e-01 | 18 -0.00261 -6.31704e-01
 19 -0.00258 -6.47387e-01 | 20 -0.00255 -6.63056e-01 | 21 -0.00250 -6.78678e-01
 22 -0.00244 -6.94209e-01 | 23 -0.00237 -7.09605e-01 | 24 -0.00229 -7.24820e-01
 25 -0.00219 -7.39810e-01 | 26 -0.00208 -7.54494e-01 | 27 -0.00196 -7.68812e-01
 28 -0.00182 -7.82701e-01 | 29 -0.00167 -7.96053e-01 | 30 -0.00151 -8.08787e-01
 31 -0.00133 -8.20793e-01 | 32 -0.00114 -8.31953e-01 | 33 -0.00093 -8.42135e-01
 34 -0.00072 -8.51185e-01 | 35 -0.00049 -8.58928e-01 | 36 -0.00026 -8.65172e-01
 37 -0.00002 -8.69684e-01 | 38  0.00020 -8.72224e-01 | 39  0.00041 -8.72488e-01
 40  0.00060 -8.70193e-01 | 41  0.00075 -8.65001e-01 | 42  0.00086 -8.56583e-01
 43  0.00091 -8.44618e-01 | 44  0.00090 -8.28811e-01 | 45  0.00083 -8.08922e-01
 46  0.00069 -7.84745e-01 | 47  0.00050 -7.56154e-01 | 48  0.00026 -7.23118e-01
 49 -0.00001 -6.85665e-01 | 50 -0.00030 -6.43850e-01 | 51 -0.00056 -5.97831e-01
 52 -0.00079 -5.47802e-01 | 53 -0.00094 -4.93923e-01 | 54 -0.00099 -4.36364e-01
 55 -0.00091 -3.75332e-01 | 56 -0.00066 -3.10889e-01 | 57 -0.00022 -2.43117e-01
 58  0.00045 -1.71960e-01 | 59  0.00137 -9.73055e-02 | 60  0.00256 -1.89062e-02
 61  0.00404  6.36498e-02 | 62  0.00580  1.50897e-01 | 63  0.00783  2.43561e-01
 64  0.01011  3.42571e-01 | 65  0.01256  4.48981e-01 | 66  0.01508  5.63725e-01
 67  0.01752  6.87458e-01 | 68  0.01970  8.20172e-01 | 69  0.02143  9.60753e-01
 70  0.02254  1.10703e+00 | 71  0.02293  1.25607e+00 | 72  0.02261  1.40459e+00
 73  0.02168  1.54945e+00 | 74  0.02023  1.68703e+00 | 75  0.01831  1.81267e+00
 76  0.01590  1.91999e+00 | 77  0.01291  2.00181e+00 | 78  0.00931  2.05264e+00
 79  0.00522  2.07166e+00 | 80  0.00097  2.05880e+00 | 81 -0.00296  2.02852e+00
 82 -0.00620  1.98870e+00 | 83 -0.00860  1.94215e+00 | 84 -0.01033  1.88748e+00
 85 -0.01173  1.82514e+00 | 86 -0.01293  1.76887e+00 | 87 -0.01352  1.75591e+00
 88 -0.01312  1.80155e+00 | 89 -0.01209  1.88346e+00 | 90 -0.00933  2.14908e+00
 91 -0.00485  2.53340e+00 | 92  0.00133  3.11896e+00 | 93  0.00519  3.80736e+00
 94  0.00820  4.87292e+00 | 95  0.01087  6.51861e+00 | 96  0.00611  8.01925e+00
 97  0.00747  1.02793e+01 | 98  0.02557  1.53511e+01 | 99  0.01874  1.80487e+01
100  0.00021  1.79913e+01 |101  0.01997  2.34625e+01 |102  0.08630  3.98435e+01
103  0.03406  2.40419e+01 |104 -0.00555  1.49827e+01 |105  0.00548  1.37446e+01
106  0.01794  1.01824e+01 |107  0.03196  3.61109e+00 |108 -0.00073 -4.19902e+00
109 -0.06704 -6.88563e+00 |110 -0.08406 -8.38596e+00 |111 -0.08247 -9.75963e+00
112 -0.04737 -1.36910e+01 |113  0.06416 -4.98006e+01 |114  0.01510 -3.46804e+01
115  0.00908 -2.67483e+01 |116 -0.04026 -1.19592e+01 |117 -0.08121 -6.67639e+00
118 -0.03137 -4.83184e+00 |119 -0.02415 -5.34645e+00 |120 -0.04966 -1.20284e+00
121  0.00275 -3.06750e+00 |122  0.03969 -6.86050e+00 |123 -0.00317 -2.43577e+00
124  0.04570 -1.04518e+01 |125 -0.01655 -5.41558e+00 |126  0.10265 -1.13704e+01
127 -0.01123 -1.63078e+00 |128 -0.05016  7.54137e-01 |129 -0.06006  2.65354e+00
130 -0.02641  2.37514e+00 |131  0.08554  2.08758e+00 |132  0.02400  1.28602e+00
133  0.01266  3.94037e-01 |134 -0.03397  1.43077e+00 |135 -0.01914 -4.65582e-01
136 -0.00406 -1.97097e-01 |137 -0.00000  8.68555e-05 |138 -0.64133 -2.38228e-02
139 -0.96565 -5.17634e-02 |140  0.03121 -6.46763e-04 |141 -0.58651 -4.13684e-03
142  0.03495  5.64533e-04 |143 -0.10991 -1.17496e-03 |144  0.20000  1.15008e-03
145  0.16748  4.54329e-04 |146 -0.58136 -4.06808e-03 |147 -0.00720  1.92060e-04
148  0.12386  5.01435e-04 |149 -0.04033 -1.18687e-04 |150  0.09532  4.05625e-04
151  0.04853  3.05232e-04 |152  0.14563  4.28111e-04 |153 -0.03738  3.69981e-05
154 -0.58548 -1.04226e+00 |155 -0.50980 -6.46161e-04 |156 -0.20972  3.20418e-01
157 -0.21217 -1.64840e+00 |158  0.19395  4.86361e+00 |159  0.08261 -1.47744e+00
160 -0.39563  2.90061e-01 |161 -0.20088 -5.79956e-01 |162 -0.03778 -8.86644e-01
163  0.08906  3.06221e-03 |164 -0.52696 -3.41892e-03 |165  0.07864 -1.42105e-03
166  0.06407  2.21098e-03 |167 -0.17462  1.55417e-03 |168 -0.15651 -1.09196e-03
169  0.22776  1.05936e-03 |170  0.01200  1.62962e-04 |171 -0.36298  7.67802e-02
172 -0.44269 -9.96493e-04 |173 -0.04126 -7.88054e-01 |174 -0.30026 -4.50436e-01

Intermediate statistics: 174 variables; iteration 20; function evaluation 27; phase 3
Function value 6.7433148e+03; maximum gradient component mag -5.3054e+01
Var    Value     Gradient |Var    Value     Gradient |Var    Value     Gradient
  1 -0.32504  2.65401e+01 |  2  0.33607  3.46169e+01 |  3 -0.20319  5.18409e+01
  4  0.10664  3.12202e+01 |  5 -0.60164  3.52844e+00 |  6 -0.65381  3.32052e+01
  7 -0.43193  2.86580e+01 |  8  0.35860 -1.25043e+01 |  9 -0.19669  4.22214e+01
 10  0.07463 -2.34162e+00 | 11 -0.55196 -7.76706e+00 | 12 -0.65440 -5.30538e+01
 13  0.85693 -2.56054e+00 | 14 -0.00141 -4.94232e-01 | 15 -0.00140 -5.08434e-01
 16 -0.00138 -5.22847e-01 | 17 -0.00135 -5.37451e-01 | 18 -0.00132 -5.52232e-01
 19 -0.00127 -5.67168e-01 | 20 -0.00122 -5.82239e-01 | 21 -0.00116 -5.97421e-01
 22 -0.00108 -6.12684e-01 | 23 -0.00100 -6.27995e-01 | 24 -0.00091 -6.43319e-01
 25 -0.00081 -6.58617e-01 | 26 -0.00070 -6.73839e-01 | 27 -0.00058 -6.88937e-01
 28 -0.00045 -7.03858e-01 | 29 -0.00031 -7.18538e-01 | 30 -0.00016 -7.32917e-01
 31 -0.00000 -7.46927e-01 | 32  0.00016 -7.60494e-01 | 33  0.00033 -7.73542e-01
 34  0.00051 -7.85986e-01 | 35  0.00069 -7.97736e-01 | 36  0.00087 -8.08689e-01
 37  0.00103 -8.18730e-01 | 38  0.00119 -8.27734e-01 | 39  0.00132 -8.35551e-01
 40  0.00141 -8.42030e-01 | 41  0.00147 -8.46998e-01 | 42  0.00146 -8.50281e-01
 43  0.00140 -8.51717e-01 | 44  0.00127 -8.51164e-01 | 45  0.00106 -8.48531e-01
 46  0.00078 -8.43782e-01 | 47  0.00044 -8.36968e-01 | 48  0.00005 -8.28239e-01
 49 -0.00037 -8.17846e-01 | 50 -0.00081 -8.06122e-01 | 51 -0.00124 -7.93498e-01
 52 -0.00163 -7.80472e-01 | 53 -0.00195 -7.67564e-01 | 54 -0.00216 -7.55322e-01
 55 -0.00225 -7.44305e-01 | 56 -0.00217 -7.35018e-01 | 57 -0.00190 -7.27947e-01
 58 -0.00141 -7.23499e-01 | 59 -0.00067 -7.22017e-01 | 60  0.00034 -7.23732e-01
 61  0.00163 -7.28737e-01 | 62  0.00319 -7.36971e-01 | 63  0.00503 -7.48157e-01
 64  0.00709 -7.61769e-01 | 65  0.00932 -7.77003e-01 | 66  0.01161 -7.92822e-01
 67  0.01380 -8.07974e-01 | 68  0.01572 -8.21087e-01 | 69  0.01716 -8.30798e-01
 70  0.01797 -8.35907e-01 | 71  0.01805 -8.35603e-01 | 72  0.01743 -8.29670e-01
 73  0.01620 -8.18398e-01 | 74  0.01448 -8.02297e-01 | 75  0.01233 -7.81712e-01
 76  0.00973 -7.56775e-01 | 77  0.00662 -7.27704e-01 | 78  0.00298 -6.95310e-01
 79 -0.00106 -6.61194e-01 | 80 -0.00520 -6.25831e-01 | 81 -0.00899 -5.92879e-01
 82 -0.01208 -5.63620e-01 | 83 -0.01431 -5.38437e-01 | 84 -0.01585 -5.16045e-01
 85 -0.01698 -4.92736e-01 | 86 -0.01788 -4.61065e-01 | 87 -0.01819 -4.08785e-01
 88 -0.01754 -3.29779e-01 | 89 -0.01619 -2.22456e-01 | 90 -0.01334 -3.52432e-02
 91 -0.00869  2.22827e-01 | 92 -0.00235  5.73004e-01 | 93  0.00208  1.00040e+00
 94  0.00546  1.61535e+00 | 95  0.00769  2.45148e+00 | 96  0.00288  3.25452e+00
 97  0.00404  4.38848e+00 | 98  0.01939  6.57122e+00 | 99  0.01130  7.63950e+00
100 -0.00616  7.63730e+00 |101  0.01166  9.96217e+00 |102  0.07276  1.70737e+01
103  0.02932  1.07815e+01 |104 -0.00849  7.53022e+00 |105  0.00217  8.07410e+00
106  0.01567  7.89542e+00 |107  0.03246  6.62913e+00 |108  0.00368  2.51286e+00
109 -0.06230 -5.85943e-01 |110 -0.07919 -1.93152e+00 |111 -0.07815 -2.75333e+00
112 -0.04794 -2.86138e+00 |113  0.08199 -1.06259e+01 |114  0.03282 -7.41626e+00
115  0.02239 -5.85581e+00 |116 -0.03516 -3.03717e+00 |117 -0.07582 -1.67238e+00
118 -0.02706 -1.27601e+00 |119 -0.01454 -1.66554e+00 |120 -0.04560 -2.74346e-01
121  0.01013 -1.83346e-01 |122  0.05760 -6.39058e-01 |123 -0.00039 -2.43021e-01
124  0.06518 -2.60745e+00 |125 -0.00677 -1.89978e+00 |126  0.11815 -3.37021e+00
127 -0.00670 -7.87548e-01 |128 -0.04986 -2.64041e-02 |129 -0.06433  5.24012e-01
130 -0.03018  6.09420e-01 |131  0.08411  5.47549e-01 |132  0.02206  5.48873e-01
133  0.01193  1.80323e-01 |134 -0.03628  5.68544e-01 |135 -0.01858 -1.79673e-01
136 -0.00391 -3.97501e-02 |137 -0.00000 -3.39415e-05 |138 -0.64308 -4.91368e-01
139 -0.95919 -5.71431e-01 |140  0.03123 -1.83823e-04 |141 -0.58623 -4.13296e-03
142  0.03494  2.27168e-04 |143 -0.10985 -6.93768e-04 |144  0.19993  1.01061e-03
145  0.16743  6.63978e-04 |146 -0.58108 -4.06435e-03 |147 -0.00721  7.52985e-05
148  0.12382  5.75285e-04 |149 -0.04032 -1.69928e-04 |150  0.09529  4.68299e-04
151  0.04852  2.36866e-04 |152  0.14559  5.68862e-04 |153 -0.03738 -7.17926e-05
154 -0.57311 -2.22637e+00 |155 -0.50980 -5.91486e-03 |156 -0.19891  1.63561e-01
157 -0.21491 -1.98084e+01 |158  0.18829 -2.16277e+00 |159  0.07775  2.85019e+00
160 -0.33473  8.34558e-01 |161 -0.24389  1.41083e+00 |162  0.00215  3.83576e-01
163  0.08904  1.80226e-03 |164 -0.52672 -3.41668e-03 |165  0.07860 -4.17842e-04
166  0.06407  1.53378e-03 |167 -0.17453  6.62771e-04 |168 -0.15646 -9.91490e-04
169  0.22768  1.09462e-03 |170  0.01199  1.32793e-04 |171 -0.34884 -2.47163e-01
172 -0.44300  9.38177e-03 |173 -0.03170  1.74028e+00 |174 -0.30210  1.00338e+00
174 variables; iteration 40; function evaluation 51; phase 3
Function value 6.7429302e+03; maximum gradient component mag -1.0749e+01
Var    Value     Gradient |Var    Value     Gradient |Var    Value     Gradient
  1 -0.32487  3.63419e+00 |  2  0.33517  3.50400e+00 |  3 -0.20584  4.77061e+00
  4  0.10945  2.90621e+00 |  5 -0.60261 -2.02873e+00 |  6 -0.65461  2.98656e+00
  7 -0.43121  6.27008e+00 |  8  0.35833 -2.79108e+00 |  9 -0.19983  4.73483e+00
 10  0.07794  1.94604e+00 | 11 -0.54942 -1.73059e+00 | 12 -0.65379 -7.43644e+00
 13  0.86727 -1.30692e+00 | 14 -0.00112 -1.38067e-01 | 15 -0.00110 -1.40726e-01
 16 -0.00108 -1.43323e-01 | 17 -0.00105 -1.45839e-01 | 18 -0.00101 -1.48262e-01
 19 -0.00096 -1.50573e-01 | 20 -0.00090 -1.52754e-01 | 21 -0.00083 -1.54782e-01
 22 -0.00076 -1.56627e-01 | 23 -0.00067 -1.58258e-01 | 24 -0.00058 -1.59639e-01
 25 -0.00047 -1.60735e-01 | 26 -0.00036 -1.61496e-01 | 27 -0.00024 -1.61879e-01
 28 -0.00011 -1.61839e-01 | 29  0.00003 -1.61321e-01 | 30  0.00017 -1.60279e-01
 31  0.00033 -1.58660e-01 | 32  0.00049 -1.56412e-01 | 33  0.00065 -1.53487e-01
 34  0.00082 -1.49833e-01 | 35  0.00099 -1.45404e-01 | 36  0.00116 -1.40161e-01
 37  0.00131 -1.34075e-01 | 38  0.00145 -1.27145e-01 | 39  0.00157 -1.19393e-01
 40  0.00165 -1.10905e-01 | 41  0.00168 -1.01803e-01 | 42  0.00165 -9.22772e-02
 43  0.00155 -8.25581e-02 | 44  0.00138 -7.28954e-02 | 45  0.00113 -6.35167e-02
 46  0.00080 -5.45720e-02 | 47  0.00040 -4.61120e-02 | 48 -0.00005 -3.80786e-02
 49 -0.00055 -3.03118e-02 | 50 -0.00106 -2.25800e-02 | 51 -0.00155 -1.46593e-02
 52 -0.00201 -6.35507e-03 | 53 -0.00238  2.47582e-03 | 54 -0.00265  1.18876e-02
 55 -0.00278  2.18199e-02 | 56 -0.00274  3.21247e-02 | 57 -0.00249  4.25168e-02
 58 -0.00202  5.26109e-02 | 59 -0.00128  6.19143e-02 | 60 -0.00028  6.98602e-02
 61  0.00101  7.57972e-02 | 62  0.00258  7.88601e-02 | 63  0.00442  7.76989e-02
 64  0.00646  7.00893e-02 | 65  0.00864  5.27690e-02 | 66  0.01083  2.21982e-02
 67  0.01287 -2.27944e-02 | 68  0.01458 -7.77596e-02 | 69  0.01584 -1.32413e-01
 70  0.01652 -1.75256e-01 | 71  0.01657 -2.00802e-01 | 72  0.01599 -2.13541e-01
 73  0.01480 -2.24229e-01 | 74  0.01307 -2.44923e-01 | 75  0.01082 -2.82971e-01
 76  0.00805 -3.38301e-01 | 77  0.00472 -4.02207e-01 | 78  0.00088 -4.61303e-01
 79 -0.00332 -5.07254e-01 | 80 -0.00755 -5.40448e-01 | 81 -0.01142 -5.65938e-01
 82 -0.01456 -5.80070e-01 | 83 -0.01678 -5.72662e-01 | 84 -0.01819 -5.33607e-01
 85 -0.01908 -4.55416e-01 | 86 -0.01959 -3.33242e-01 | 87 -0.01943 -1.69547e-01
 88 -0.01826  2.24481e-02 | 89 -0.01638  2.22638e-01 | 90 -0.01316  4.17569e-01
 91 -0.00829  5.76516e-01 | 92 -0.00181  6.86316e-01 | 93  0.00259  6.95215e-01
 94  0.00563  6.39801e-01 | 95  0.00729  5.87231e-01 | 96  0.00156  4.15167e-01
 97  0.00181  2.86026e-01 | 98  0.01574  4.14317e-01 | 99  0.00747  6.12331e-01
100 -0.00808  8.96645e-01 |101  0.00953  1.06293e+00 |102  0.06472  1.31014e+00
103  0.03030  1.28605e+00 |104 -0.00880  1.30427e+00 |105  0.00126  2.21333e+00
106  0.01631  2.38379e+00 |107  0.03158  6.90309e-01 |108  0.00159 -1.03204e+00
109 -0.05970  5.41883e-02 |110 -0.07277  1.74531e+00 |111 -0.07364  8.53231e-01
112 -0.04711 -3.05804e-01 |113  0.08751 -4.47290e-01 |114  0.03846  2.59309e-01
115  0.02807 -1.66681e-01 |116 -0.03550 -2.09129e+00 |117 -0.07450 -1.21940e+00
118 -0.02535 -9.43772e-01 |119 -0.01012 -6.86859e-01 |120 -0.04332 -2.66439e-01
121  0.01138 -9.13491e-01 |122  0.06133 -1.41064e+00 |123 -0.00089 -7.75259e-01
124  0.07236  3.83250e-02 |125 -0.00160  3.88928e-01 |126  0.12489  9.46016e-01
127 -0.00231  8.30857e-01 |128 -0.05222 -1.60618e+00 |129 -0.06333  5.26884e-01
130 -0.02956  5.86087e-01 |131  0.08718  1.90455e+00 |132  0.02410  1.18490e+00
133  0.01322  5.54996e-01 |134 -0.03857 -3.20872e-01 |135 -0.01789  3.69372e-02
136 -0.00359 -3.37338e-03 |137 -0.00000  8.20857e-05 |138 -0.64575 -1.01228e+00
139 -0.94338 -3.10396e-01 |140  0.03146 -1.97720e-04 |141 -0.58193 -4.07565e-03
142  0.03474  1.85878e-04 |143 -0.10910 -7.11352e-04 |144  0.19892  9.81546e-04
145  0.16670  6.94725e-04 |146 -0.57686 -4.00914e-03 |147 -0.00727  5.79292e-05
148  0.12323  5.67140e-04 |149 -0.04015 -1.70276e-04 |150  0.09481  4.64623e-04
151  0.04827  2.33181e-04 |152  0.14510  4.89894e-04 |153 -0.03737 -2.01758e-05
154 -0.58194 -1.14803e+00 |155 -0.51012 -2.78937e-03 |156 -0.21178 -2.32317e-01
157 -0.21494 -1.07488e+01 |158  0.18888  4.64784e-01 |159  0.07582  9.59834e-01
160 -0.34080 -1.75190e-01 |161 -0.24787  1.01608e+00 |162 -0.00414  6.16799e-01
163  0.08870  4.62027e-04 |164 -0.52318 -3.37903e-03 |165  0.07793  5.39850e-04
166  0.06404  2.01790e-04 |167 -0.17321 -1.06103e-03 |168 -0.15566 -7.87609e-04
169  0.22654  1.09235e-03 |170  0.01185  1.28731e-04 |171 -0.36041 -1.03558e+00
172 -0.44882 -1.68404e-04 |173 -0.04390 -3.42849e-02 |174 -0.29814 -8.66246e-01

 - final statistics:
174 variables; iteration 54; function evaluation 70
Function value 6.7429e+03; maximum gradient component mag -9.9753e-01
Exit code = 1;  converg criter 1.0000e+00
Var    Value     Gradient |Var    Value     Gradient |Var    Value     Gradient
  1 -0.32430  2.53753e-01 |  2  0.33512 -3.16037e-01 |  3 -0.20608 -5.30520e-01
  4  0.10954 -4.52557e-01 |  5 -0.60026 -2.18427e-01 |  6 -0.65491 -1.44625e-01
  7 -0.43141  7.90656e-01 |  8  0.35960  1.47100e-01 |  9 -0.19874 -3.85283e-01
 10  0.07499 -2.50784e-01 | 11 -0.54870 -2.26282e-01 | 12 -0.65320  6.56802e-01
 13  0.84764  5.21833e-02 | 14 -0.00083 -1.44255e-02 | 15 -0.00081 -1.49508e-02
 16 -0.00079 -1.54805e-02 | 17 -0.00075 -1.60131e-02 | 18 -0.00071 -1.65465e-02
 19 -0.00066 -1.70788e-02 | 20 -0.00060 -1.76079e-02 | 21 -0.00054 -1.81324e-02
 22 -0.00046 -1.86509e-02 | 23 -0.00038 -1.91621e-02 | 24 -0.00029 -1.96648e-02
 25 -0.00019 -2.01569e-02 | 26 -0.00008 -2.06374e-02 | 27  0.00003 -2.11033e-02
 28  0.00015 -2.15501e-02 | 29  0.00028 -2.19744e-02 | 30  0.00041 -2.23690e-02
 31  0.00055 -2.27266e-02 | 32  0.00069 -2.30378e-02 | 33  0.00084 -2.32919e-02
 34  0.00099 -2.34763e-02 | 35  0.00113 -2.35766e-02 | 36  0.00127 -2.35754e-02
 37  0.00140 -2.34535e-02 | 38  0.00151 -2.31866e-02 | 39  0.00159 -2.27501e-02
 40  0.00163 -2.21087e-02 | 41  0.00163 -2.12234e-02 | 42  0.00156 -2.00387e-02
 43  0.00144 -1.84786e-02 | 44  0.00123 -1.64439e-02 | 45  0.00096 -1.38237e-02
 46  0.00061 -1.05322e-02 | 47  0.00019 -6.55245e-03 | 48 -0.00027 -1.97538e-03
 49 -0.00078  2.99541e-03 | 50 -0.00129  8.09684e-03 | 51 -0.00180  1.30926e-02
 52 -0.00226  1.78419e-02 | 53 -0.00265  2.23254e-02 | 54 -0.00295  2.66134e-02
 55 -0.00310  3.07997e-02 | 56 -0.00309  3.49372e-02 | 57 -0.00288  3.89808e-02
 58 -0.00244  4.27576e-02 | 59 -0.00175  4.59772e-02 | 60 -0.00079  4.83838e-02
 61  0.00045  5.02177e-02 | 62  0.00198  5.30920e-02 | 63  0.00380  6.06796e-02
 64  0.00588  7.70476e-02 | 65  0.00816  1.00077e-01 | 66  0.01045  1.13784e-01
 67  0.01250  9.55897e-02 | 68  0.01413  4.54561e-02 | 69  0.01529 -2.25702e-03
 70  0.01598 -1.47962e-02 | 71  0.01614  1.13235e-02 | 72  0.01573  6.48419e-02
 73  0.01473  1.23318e-01 | 74  0.01308  1.48707e-01 | 75  0.01077  1.21749e-01
 76  0.00791  6.96328e-02 | 77  0.00467  4.35701e-02 | 78  0.00107  5.49564e-02
 79 -0.00294  6.25908e-02 | 80 -0.00711  5.14676e-02 | 81 -0.01089  4.88702e-02
 82 -0.01392  6.09170e-02 | 83 -0.01611  7.19576e-02 | 84 -0.01760  7.32624e-02
 85 -0.01871  6.51562e-02 | 86 -0.01957  5.10450e-02 | 87 -0.01984  3.73394e-02
 88 -0.01910  3.12731e-02 | 89 -0.01758  3.50360e-02 | 90 -0.01464  3.36808e-02
 91 -0.00994  2.13530e-02 | 92 -0.00349  2.14907e-02 | 93  0.00115  1.01952e-02
 94  0.00464  8.58656e-03 | 95  0.00646 -4.52206e-02 | 96  0.00155 -6.31788e-02
 97  0.00207 -1.73072e-01 | 98  0.01551 -2.50380e-01 | 99  0.00704 -2.40488e-01
100 -0.00923 -2.32464e-01 |101  0.00776 -3.00784e-01 |102  0.06365 -4.35568e-01
103  0.02955 -2.99197e-01 |104 -0.00936 -7.98032e-02 |105 -0.00061  4.01991e-02
106  0.01312 -2.14548e-02 |107  0.03080 -1.86623e-01 |108  0.00382 -1.64768e-01
109 -0.05977  1.33581e-01 |110 -0.07598  1.62587e-01 |111 -0.07529 -4.23374e-02
112 -0.04667  1.33790e-01 |113  0.08750  3.95349e-01 |114  0.03779  1.76332e-01
115  0.02680  6.43734e-02 |116 -0.03210  1.00890e-01 |117 -0.07316 -2.56379e-01
118 -0.02510 -1.99774e-01 |119 -0.00978 -1.90471e-01 |120 -0.04371 -3.69124e-02
121  0.01179 -2.74555e-02 |122  0.06363  1.52956e-01 |123 -0.00020  1.06889e-01
124  0.07337  9.08003e-02 |125 -0.00234 -1.55653e-01 |126  0.12484  8.46185e-02
127 -0.00439 -6.47102e-02 |128 -0.04880 -6.74679e-02 |129 -0.06502  1.14107e-01
130 -0.03116  4.26974e-02 |131  0.08337 -6.24544e-02 |132  0.02106  4.92719e-02
133  0.01165  8.95258e-02 |134 -0.03799 -5.01450e-02 |135 -0.01773  1.11244e-01
136 -0.00364  2.01150e-03 |137 -0.00000 -6.77070e-05 |138 -0.63468  1.50933e-01
139 -0.92372 -1.06232e-02 |140  0.03187 -2.23925e-04 |141 -0.57457 -3.97956e-03
142  0.03442  1.77258e-04 |143 -0.10779 -7.12156e-04 |144  0.19716  9.55465e-04
145  0.16544  6.91200e-04 |146 -0.56961 -3.91648e-03 |147 -0.00737  5.30783e-05
148  0.12221  5.59252e-04 |149 -0.03984 -1.68732e-04 |150  0.09396  4.61055e-04
151  0.04786  2.28149e-04 |152  0.14426  4.60919e-04 |153 -0.03736 -5.42814e-06
154 -0.57385 -4.16096e-02 |155 -0.51093  1.66011e-04 |156 -0.20107  4.80116e-03
157 -0.21370 -9.97528e-01 |158  0.18705 -1.69873e-01 |159  0.07420 -5.47523e-02
160 -0.33365  7.78378e-01 |161 -0.25865  8.95225e-01 |162 -0.00146 -3.38476e-01
163  0.08823  2.11889e-04 |164 -0.51706 -3.31469e-03 |165  0.07670  6.98610e-04
166  0.06410 -5.53953e-05 |167 -0.17075 -1.41679e-03 |168 -0.15430 -7.41102e-04
169  0.22456  1.08031e-03 |170  0.01162  1.27066e-04 |171 -0.35199 -2.67726e-01
172 -0.45711  3.05245e-03 |173 -0.03770  3.50563e-01 |174 -0.30092 -2.43542e-01

Initial statistics: 189 variables; iteration 0; function evaluation 0; phase 4
Function value 6.7428671e+03; maximum gradient component mag -4.5221e+02
Var    Value     Gradient |Var    Value     Gradient |Var    Value     Gradient
  1 -0.32430  2.53753e-01 |  2  0.33512 -3.16037e-01 |  3 -0.20608 -5.30520e-01
  4  0.10954 -4.52557e-01 |  5 -0.60026 -2.18427e-01 |  6 -0.65491 -1.44625e-01
  7 -0.43141  7.90656e-01 |  8  0.35960  1.47100e-01 |  9 -0.19874 -3.85283e-01
 10  0.07499 -2.50784e-01 | 11 -0.54870 -2.26282e-01 | 12 -0.65320  6.56802e-01
 13  0.84764  5.21833e-02 | 14 -0.00083 -1.44255e-02 | 15 -0.00081 -1.49508e-02
 16 -0.00079 -1.54805e-02 | 17 -0.00075 -1.60131e-02 | 18 -0.00071 -1.65465e-02
 19 -0.00066 -1.70788e-02 | 20 -0.00060 -1.76079e-02 | 21 -0.00054 -1.81324e-02
 22 -0.00046 -1.86509e-02 | 23 -0.00038 -1.91621e-02 | 24 -0.00029 -1.96648e-02
 25 -0.00019 -2.01569e-02 | 26 -0.00008 -2.06374e-02 | 27  0.00003 -2.11033e-02
 28  0.00015 -2.15501e-02 | 29  0.00028 -2.19744e-02 | 30  0.00041 -2.23690e-02
 31  0.00055 -2.27266e-02 | 32  0.00069 -2.30378e-02 | 33  0.00084 -2.32919e-02
 34  0.00099 -2.34763e-02 | 35  0.00113 -2.35766e-02 | 36  0.00127 -2.35754e-02
 37  0.00140 -2.34535e-02 | 38  0.00151 -2.31866e-02 | 39  0.00159 -2.27501e-02
 40  0.00163 -2.21087e-02 | 41  0.00163 -2.12234e-02 | 42  0.00156 -2.00387e-02
 43  0.00144 -1.84786e-02 | 44  0.00123 -1.64439e-02 | 45  0.00096 -1.38237e-02
 46  0.00061 -1.05322e-02 | 47  0.00019 -6.55245e-03 | 48 -0.00027 -1.97538e-03
 49 -0.00078  2.99541e-03 | 50 -0.00129  8.09684e-03 | 51 -0.00180  1.30926e-02
 52 -0.00226  1.78419e-02 | 53 -0.00265  2.23254e-02 | 54 -0.00295  2.66134e-02
 55 -0.00310  3.07997e-02 | 56 -0.00309  3.49372e-02 | 57 -0.00288  3.89808e-02
 58 -0.00244  4.27576e-02 | 59 -0.00175  4.59772e-02 | 60 -0.00079  4.83838e-02
 61  0.00045  5.02177e-02 | 62  0.00198  5.30920e-02 | 63  0.00380  6.06796e-02
 64  0.00588  7.70476e-02 | 65  0.00816  1.00077e-01 | 66  0.01045  1.13784e-01
 67  0.01250  9.55897e-02 | 68  0.01413  4.54561e-02 | 69  0.01529 -2.25702e-03
 70  0.01598 -1.47962e-02 | 71  0.01614  1.13235e-02 | 72  0.01573  6.48419e-02
 73  0.01473  1.23318e-01 | 74  0.01308  1.48707e-01 | 75  0.01077  1.21749e-01
 76  0.00791  6.96328e-02 | 77  0.00467  4.35701e-02 | 78  0.00107  5.49564e-02
 79 -0.00294  6.25908e-02 | 80 -0.00711  5.14676e-02 | 81 -0.01089  4.88702e-02
 82 -0.01392  6.09170e-02 | 83 -0.01611  7.19576e-02 | 84 -0.01760  7.32624e-02
 85 -0.01871  6.51562e-02 | 86 -0.01957  5.10450e-02 | 87 -0.01984  3.73394e-02
 88 -0.01910  3.12731e-02 | 89 -0.01758  3.50360e-02 | 90 -0.01464  3.36808e-02
 91 -0.00994  2.13530e-02 | 92 -0.00349  2.14907e-02 | 93  0.00115  1.01952e-02
 94  0.00464  8.58656e-03 | 95  0.00646 -4.52206e-02 | 96  0.00155 -6.31788e-02
 97  0.00207 -1.73072e-01 | 98  0.01551 -2.50380e-01 | 99  0.00704 -2.40488e-01
100 -0.00923 -2.32464e-01 |101  0.00776 -3.00784e-01 |102  0.06365 -4.35568e-01
103  0.02955 -2.99197e-01 |104 -0.00936 -7.98032e-02 |105 -0.00061  4.01991e-02
106  0.01312 -2.14548e-02 |107  0.03080 -1.86623e-01 |108  0.00382 -1.64768e-01
109 -0.05977  1.33581e-01 |110 -0.07598  1.62587e-01 |111 -0.07529 -4.23374e-02
112 -0.04667  1.33790e-01 |113  0.08750  3.95349e-01 |114  0.03779  1.76332e-01
115  0.02680  6.43734e-02 |116 -0.03210  1.00890e-01 |117 -0.07316 -2.56379e-01
118 -0.02510 -1.99774e-01 |119 -0.00978 -1.90471e-01 |120 -0.04371 -3.69124e-02
121  0.01179 -2.74555e-02 |122  0.06363  1.52956e-01 |123 -0.00020  1.06889e-01
124  0.07337  9.08003e-02 |125 -0.00234 -1.55653e-01 |126  0.12484  8.46185e-02
127 -0.00439 -6.47102e-02 |128 -0.04880 -6.74679e-02 |129 -0.06502  1.14107e-01
130 -0.03116  4.26974e-02 |131  0.08337 -6.24544e-02 |132  0.02106  4.92719e-02
133  0.01165  8.95258e-02 |134 -0.03799 -5.01450e-02 |135 -0.01773  1.11244e-01
136 -0.00364  2.01150e-03 |137 -0.00000 -6.77070e-05 |138 -0.63468  1.50933e-01
139 -0.92372 -1.06232e-02 |140  0.03187 -2.23925e-04 |141 -0.57457 -3.97956e-03
142  0.03442  1.77258e-04 |143 -0.40376 -2.44777e-03 |144  0.81922  6.35544e-03
145 -0.10779 -7.12156e-04 |146  0.19716  9.55465e-04 |147 -0.23782 -1.78320e-03
148  0.16544  6.91200e-04 |149 -0.56961 -3.91648e-03 |150 -0.00737  5.30783e-05
151 -0.42445 -2.61269e-03 |152  0.82196  1.11059e-02 |153  0.12221  5.59252e-04
154 -0.03984 -1.68732e-04 |155 -0.12018 -6.00611e-04 |156  0.09396  4.61055e-04
157  0.04786  2.28149e-04 |158  0.14426  4.60919e-04 |159 -0.03736 -5.42814e-06
160 -0.57385 -4.16096e-02 |161 -0.51093  1.66011e-04 |162 -0.20107  4.80116e-03
163 -0.21370 -9.97528e-01 |164  0.80064 -3.93763e-01 |165  0.18705 -1.69873e-01
166  0.07420 -5.47523e-02 |167 -0.25929  2.91876e+00 |168 -0.33365  7.78378e-01
169 -0.25865  8.95225e-01 |170 -0.00146 -3.38476e-01 |171 -0.28409  2.20968e+00
172  0.81681 -4.52206e+02 |173  0.08823  2.11889e-04 |174 -0.51706 -3.31469e-03
175  0.07670  6.98610e-04 |176 -0.40554 -2.30469e-03 |177 -0.14465 -5.10337e-04
178  0.06410 -5.53953e-05 |179 -0.17075 -1.41679e-03 |180 -0.15430 -7.41102e-04
181 -0.99999 -1.02831e-02 |182 -0.13819 -9.76086e-04 |183  0.22456  1.08031e-03
184  0.01162  1.27066e-04 |185 -0.35199 -2.67726e-01 |186 -0.45711  3.05245e-03
187 -0.03770  3.50563e-01 |188 -0.30092 -2.43542e-01 |189  0.80943 -2.25251e+02

Intermediate statistics: 189 variables; iteration 20; function evaluation 24; phase 4
Function value 6.7426295e+03; maximum gradient component mag -7.6077e+01
Var    Value     Gradient |Var    Value     Gradient |Var    Value     Gradient
  1 -0.32222  8.73804e+00 |  2  0.33528  2.17560e+01 |  3 -0.20661  3.93732e+01
  4  0.11008  2.39104e+01 |  5 -0.60033  4.67720e-01 |  6 -0.65499  3.39892e+00
  7 -0.42847  1.09236e+01 |  8  0.36065  1.43063e+01 |  9 -0.19943  1.85412e+01
 10  0.07404  1.15447e+01 | 11 -0.54781  1.03057e+00 | 12 -0.65301  8.67920e+00
 13  0.84867  2.80914e-01 | 14 -0.00066 -1.54645e-01 | 15 -0.00063 -1.58791e-01
 16 -0.00060 -1.62961e-01 | 17 -0.00057 -1.67144e-01 | 18 -0.00052 -1.71328e-01
 19 -0.00046 -1.75499e-01 | 20 -0.00040 -1.79643e-01 | 21 -0.00033 -1.83742e-01
 22 -0.00025 -1.87777e-01 | 23 -0.00017 -1.91727e-01 | 24 -0.00007 -1.95568e-01
 25  0.00003 -1.99275e-01 | 26  0.00014 -2.02820e-01 | 27  0.00026 -2.06171e-01
 28  0.00038 -2.09296e-01 | 29  0.00051 -2.12161e-01 | 30  0.00064 -2.14730e-01
 31  0.00078 -2.16967e-01 | 32  0.00093 -2.18834e-01 | 33  0.00107 -2.20296e-01
 34  0.00122 -2.21318e-01 | 35  0.00137 -2.21867e-01 | 36  0.00150 -2.21910e-01
 37  0.00163 -2.21417e-01 | 38  0.00173 -2.20360e-01 | 39  0.00181 -2.18711e-01
 40  0.00185 -2.16446e-01 | 41  0.00183 -2.13544e-01 | 42  0.00176 -2.09982e-01
 43  0.00162 -2.05741e-01 | 44  0.00141 -2.00806e-01 | 45  0.00112 -1.95175e-01
 46  0.00075 -1.88883e-01 | 47  0.00032 -1.82024e-01 | 48 -0.00016 -1.74781e-01
 49 -0.00068 -1.67424e-01 | 50 -0.00122 -1.60281e-01 | 51 -0.00175 -1.53696e-01
 52 -0.00224 -1.47979e-01 | 53 -0.00266 -1.43388e-01 | 54 -0.00298 -1.40132e-01
 55 -0.00316 -1.38403e-01 | 56 -0.00318 -1.38398e-01 | 57 -0.00301 -1.40344e-01
 58 -0.00261 -1.44507e-01 | 59 -0.00196 -1.51182e-01 | 60 -0.00105 -1.60594e-01
 61  0.00014 -1.72660e-01 | 62  0.00161 -1.86551e-01 | 63  0.00336 -2.00414e-01
 64  0.00535 -2.12294e-01 | 65  0.00750 -2.23244e-01 | 66  0.00969 -2.40326e-01
 67  0.01172 -2.72334e-01 | 68  0.01340 -3.17160e-01 | 69  0.01462 -3.58873e-01
 70  0.01528 -3.83890e-01 | 71  0.01530 -3.90829e-01 | 72  0.01469 -3.83439e-01
 73  0.01348 -3.69656e-01 | 74  0.01173 -3.64787e-01 | 75  0.00946 -3.77874e-01
 76  0.00670 -3.97934e-01 | 77  0.00350 -4.00784e-01 | 78 -0.00012 -3.78441e-01
 79 -0.00414 -3.49703e-01 | 80 -0.00825 -3.22214e-01 | 81 -0.01200 -2.83634e-01
 82 -0.01500 -2.31337e-01 | 83 -0.01715 -1.74962e-01 | 84 -0.01860 -1.20304e-01
 85 -0.01964 -6.79683e-02 | 86 -0.02043 -1.72877e-02 | 87 -0.02064  3.30312e-02
 88 -0.01988  8.45461e-02 | 89 -0.01837  1.38444e-01 | 90 -0.01547  1.89745e-01
 91 -0.01082  2.39944e-01 | 92 -0.00446  3.08483e-01 | 93  0.00011  3.75347e-01
 94  0.00350  4.53580e-01 | 95  0.00532  5.01817e-01 | 96  0.00043  5.48499e-01
 97  0.00106  6.01687e-01 | 98  0.01448  7.66691e-01 | 99  0.00625  8.41425e-01
100 -0.00976  8.69293e-01 |101  0.00739  1.05918e+00 |102  0.06251  1.56134e+00
103  0.02918  1.09577e+00 |104 -0.00972  9.66549e-01 |105 -0.00056  1.36270e+00
106  0.01308  1.66477e+00 |107  0.03066  1.63566e+00 |108  0.00382  9.72715e-01
109 -0.06008  6.78392e-01 |110 -0.07623  5.50496e-01 |111 -0.07476  5.84223e-01
112 -0.04607  9.52437e-01 |113  0.08799  1.44601e+00 |114  0.03843  3.60508e-01
115  0.02737  4.55876e-01 |116 -0.03164  1.76847e-01 |117 -0.07231  2.06417e-01
118 -0.02400  1.11916e-01 |119 -0.00843  5.03978e-02 |120 -0.04267  1.04309e-01
121  0.01304  2.92479e-01 |122  0.06571  1.58054e-01 |123  0.00075  2.73347e-01
124  0.07643  1.81118e-01 |125 -0.00049 -1.88121e-01 |126  0.12757  1.94676e-02
127 -0.00331 -1.42989e-01 |128 -0.04814 -2.67986e-01 |129 -0.06460 -7.73726e-02
130 -0.03039 -2.79060e-01 |131  0.08567 -6.46812e-01 |132  0.02207 -3.72564e-01
133  0.01242 -1.54609e-01 |134 -0.03736 -3.76835e-02 |135 -0.01766  1.73747e-01
136 -0.00372  2.33106e-02 |137 -0.00000  7.63180e-06 |138 -0.64470  6.84173e-01
139 -0.92111 -3.31292e-02 |140  0.03187 -1.24118e-04 |141 -0.57445 -3.97811e-03
142  0.03441  1.18635e-04 |143 -0.40369 -2.42589e-03 |144  0.81902  7.69213e-03
145 -0.10777 -6.15926e-04 |146  0.19714  9.51936e-04 |147 -0.23777 -1.59030e-03
148  0.16542  7.19288e-04 |149 -0.56950 -3.91508e-03 |150 -0.00737  3.61642e-05
151 -0.42438 -2.41300e-03 |152  0.82163  1.15630e-02 |153  0.12219  5.78361e-04
154 -0.03983 -1.79808e-04 |155 -0.12016 -5.94663e-04 |156  0.09395  4.76909e-04
157  0.04785  2.12615e-04 |158  0.14424  5.28072e-04 |159 -0.03736 -5.39762e-05
160 -0.57367 -1.02053e-02 |161 -0.51093  1.64804e-04 |162 -0.20123 -2.88564e-02
163 -0.21327 -9.15153e-01 |164  0.80057 -1.20118e+00 |165  0.19269 -2.67172e+00
166  0.07667  2.22625e+00 |167 -0.26128 -6.93163e+00 |168 -0.33032  1.07503e+00
169 -0.24306  3.51532e-01 |170  0.00799 -4.64086e-01 |171 -0.29020  1.71355e+00
172  0.81755 -7.60767e+01 |173  0.08822  7.00303e-04 |174 -0.51697 -3.31355e-03
175  0.07668  3.68259e-04 |176 -0.40548 -2.12775e-03 |177 -0.14465  2.54386e-04
178  0.06409  5.64560e-04 |179 -0.17073 -5.61954e-04 |180 -0.15427 -8.37859e-04
181 -0.99860 -2.99951e-01 |182 -0.13817 -3.37672e-04 |183  0.22453  1.08635e-03
184  0.01161  1.21443e-04 |185 -0.34667  1.94208e-01 |186 -0.45704  2.51895e-03
187 -0.03232  4.64155e-01 |188 -0.30233  8.13824e-01 |189  0.80983 -7.30121e+01
189 variables; iteration 40; function evaluation 46; phase 4
Function value 6.7425716e+03; maximum gradient component mag -2.4268e+01
Var    Value     Gradient |Var    Value     Gradient |Var    Value     Gradient
  1 -0.32113  4.28499e-01 |  2  0.33546  8.04746e-01 |  3 -0.20792  1.26308e+00
  4  0.11032  1.02341e+00 |  5 -0.59942 -2.88347e-02 |  6 -0.65514  3.79958e-02
  7 -0.42799  7.12753e-01 |  8  0.36062  8.32470e-01 |  9 -0.20018  6.46226e-01
 10  0.07426 -2.04516e-02 | 11 -0.54749 -4.78786e-01 | 12 -0.65336  5.91020e-01
 13  0.85389  3.70818e-01 | 14 -0.00030  2.44784e-02 | 15 -0.00027  2.47637e-02
 16 -0.00023  2.50271e-02 | 17 -0.00019  2.52665e-02 | 18 -0.00014  2.54791e-02
 19 -0.00008  2.56617e-02 | 20 -0.00002  2.58104e-02 | 21  0.00005  2.59206e-02
 22  0.00013  2.59870e-02 | 23  0.00022  2.60033e-02 | 24  0.00031  2.59628e-02
 25  0.00041  2.58581e-02 | 26  0.00052  2.56821e-02 | 27  0.00063  2.54272e-02
 28  0.00074  2.50867e-02 | 29  0.00086  2.46551e-02 | 30  0.00098  2.41279e-02
 31  0.00111  2.35028e-02 | 32  0.00124  2.27793e-02 | 33  0.00136  2.19594e-02
 34  0.00149  2.10476e-02 | 35  0.00161  2.00510e-02 | 36  0.00172  1.89802e-02
 37  0.00181  1.78490e-02 | 38  0.00188  1.66760e-02 | 39  0.00192  1.54862e-02
 40  0.00192  1.43099e-02 | 41  0.00187  1.31862e-02 | 42  0.00176  1.21593e-02
 43  0.00157  1.12773e-02 | 44  0.00132  1.05866e-02 | 45  0.00098  1.01273e-02
 46  0.00057  9.93041e-03 | 47  0.00010  1.00141e-02 | 48 -0.00043  1.03780e-02
 49 -0.00099  1.09876e-02 | 50 -0.00157  1.17502e-02 | 51 -0.00213  1.24865e-02
 52 -0.00265  1.29244e-02 | 53 -0.00310  1.27205e-02 | 54 -0.00345  1.15077e-02
 55 -0.00366  8.95584e-03 | 56 -0.00371  4.82524e-03 | 57 -0.00356 -9.96900e-04
 58 -0.00319 -8.47711e-03 | 59 -0.00257 -1.74406e-02 | 60 -0.00168 -2.76275e-02
 61 -0.00051 -3.88544e-02 | 62  0.00094 -5.12721e-02 | 63  0.00266 -6.53286e-02
 64  0.00460 -8.06214e-02 | 65  0.00671 -9.41909e-02 | 66  0.00889 -1.03236e-01
 67  0.01096 -1.14212e-01 | 68  0.01270 -1.39865e-01 | 69  0.01391 -1.75744e-01
 70  0.01454 -2.00123e-01 | 71  0.01457 -2.02317e-01 | 72  0.01397 -1.89806e-01
 73  0.01274 -1.80934e-01 | 74  0.01094 -1.90342e-01 | 75  0.00867 -2.08219e-01
 76  0.00601 -2.14091e-01 | 77  0.00289 -2.08027e-01 | 78 -0.00076 -2.02701e-01
 79 -0.00479 -1.91733e-01 | 80 -0.00886 -1.69835e-01 | 81 -0.01259 -1.47012e-01
 82 -0.01565 -1.26222e-01 | 83 -0.01788 -1.09099e-01 | 84 -0.01942 -9.82907e-02
 85 -0.02056 -9.37313e-02 | 86 -0.02144 -9.33965e-02 | 87 -0.02174 -9.41606e-02
 88 -0.02105 -9.07122e-02 | 89 -0.01956 -7.41109e-02 | 90 -0.01662 -4.00972e-02
 91 -0.01186  1.24990e-02 | 92 -0.00538  9.34779e-02 | 93 -0.00061  1.88771e-01
 94  0.00287  2.59502e-01 | 95  0.00497  3.37313e-01 | 96  0.00023  3.76558e-01
 97  0.00052  2.49856e-01 | 98  0.01358  1.60638e-01 | 99  0.00521  7.49898e-02
100 -0.01148 -1.69245e-01 |101  0.00619 -7.90319e-04 |102  0.06288  4.10627e-01
103  0.02926  1.07772e-01 |104 -0.00967 -3.62385e-02 |105 -0.00137 -2.30478e-01
106  0.01173 -2.74595e-01 |107  0.03045  4.32110e-02 |108  0.00473  3.83855e-01
109 -0.06046  7.87469e-02 |110 -0.07614  1.40413e-01 |111 -0.07365  5.79111e-01
112 -0.04626  3.60857e-01 |113  0.08869  3.90939e-01 |114  0.03887 -2.45249e-01
115  0.02708 -4.32425e-01 |116 -0.03130 -1.20824e-01 |117 -0.07213 -9.73949e-02
118 -0.02284  2.13981e-01 |119 -0.00720  1.28845e-01 |120 -0.04224 -1.96330e-03
121  0.01346  2.16161e-01 |122  0.06805  8.02030e-01 |123  0.00044  1.56605e-01
124  0.07800  4.80912e-01 |125  0.00065 -2.47707e-02 |126  0.12722 -1.62876e+00
127 -0.00235 -5.90567e-02 |128 -0.04713 -3.40961e-02 |129 -0.06441 -1.88388e-01
130 -0.02955 -1.57079e-01 |131  0.08779 -6.74843e-02 |132  0.02293 -2.74357e-01
133  0.01332 -8.32555e-02 |134 -0.03678  6.51526e-02 |135 -0.01714  2.82659e-01
136 -0.00385 -7.17763e-03 |137 -0.00000  6.37636e-07 |138 -0.65315  4.93264e-01
139 -0.92376  5.31434e-02 |140  0.03208 -5.15291e-04 |141 -0.57025 -3.92460e-03
142  0.03427  9.62977e-05 |143 -0.40110 -2.59650e-03 |144  0.81149  7.93814e-03
145 -0.10708 -6.47016e-04 |146  0.19612  9.54478e-04 |147 -0.23600 -1.63761e-03
148  0.16468  6.07875e-04 |149 -0.56536 -3.86337e-03 |150 -0.00742  8.90844e-05
151 -0.42173 -2.48491e-03 |152  0.80950  1.05477e-02 |153  0.12159  5.70514e-04
154 -0.03965 -1.76116e-04 |155 -0.11953 -5.92979e-04 |156  0.09345  4.70933e-04
157  0.04762  2.15181e-04 |158  0.14372  5.02692e-04 |159 -0.03733 -3.74430e-05
160 -0.57740  1.55239e-01 |161 -0.51136  5.50697e-04 |162 -0.20608 -1.78100e-01
163 -0.21252  5.66319e-01 |164  0.80032  6.32561e-01 |165  0.19619  8.86957e-02
166  0.07687  2.86698e-01 |167 -0.26146 -4.58954e-01 |168 -0.33716  7.83013e-01
169 -0.22631  5.21737e-01 |170  0.00641  8.53079e-02 |171 -0.29595  1.31561e+00
172  0.81778 -2.42685e+01 |173  0.08774  4.90083e-04 |174 -0.51346 -3.27730e-03
175  0.07613  4.92902e-04 |176 -0.40313 -2.18579e-03 |177 -0.14462 -3.01144e-05
178  0.06380  3.10430e-04 |179 -0.16969 -9.22395e-04 |180 -0.15344 -7.96551e-04
181 -0.97740 -8.72219e-02 |182 -0.13759 -5.46948e-04 |183  0.22339  1.07941e-03
184  0.01148  1.21332e-04 |185 -0.34765 -3.92843e-01 |186 -0.45505 -1.53038e-03
187 -0.03179  5.42279e-01 |188 -0.30216  1.40421e-01 |189  0.81005  2.40783e+00
189 variables; iteration 60; function evaluation 70; phase 4
Function value 6.7425570e+03; maximum gradient component mag -8.0145e+00
Var    Value     Gradient |Var    Value     Gradient |Var    Value     Gradient
  1 -0.32118 -4.59795e-01 |  2  0.33557 -1.60775e+00 |  3 -0.20782 -3.06217e+00
  4  0.10992 -1.75450e+00 |  5 -0.59952 -2.15773e-01 |  6 -0.65505 -1.43874e-01
  7 -0.42800 -3.91162e-01 |  8  0.36059 -1.01343e+00 |  9 -0.20025 -1.54731e+00
 10  0.07428 -1.08204e+00 | 11 -0.54675 -5.82852e-02 | 12 -0.65350 -4.92203e-01
 13  0.85274  2.83431e-02 | 14 -0.00048 -1.78935e-02 | 15 -0.00045 -1.76707e-02
 16 -0.00041 -1.73919e-02 | 17 -0.00037 -1.70518e-02 | 18 -0.00032 -1.66435e-02
 19 -0.00026 -1.61596e-02 | 20 -0.00020 -1.55905e-02 | 21 -0.00012 -1.49252e-02
 22 -0.00004 -1.41516e-02 | 23  0.00005 -1.32557e-02 | 24  0.00014 -1.22228e-02
 25  0.00025 -1.10376e-02 | 26  0.00036 -9.68528e-03 | 27  0.00047 -8.15136e-03
 28  0.00060 -6.42302e-03 | 29  0.00072 -4.49027e-03 | 30  0.00086 -2.34570e-03
 31  0.00099  1.37936e-05 | 32  0.00113  2.58664e-03 | 33  0.00127  5.36625e-03
 34  0.00141  8.33948e-03 | 35  0.00154  1.14874e-02 | 36  0.00167  1.47849e-02
 37  0.00178  1.82018e-02 | 38  0.00187  2.17036e-02 | 39  0.00192  2.52511e-02
 40  0.00194  2.87992e-02 | 41  0.00190  3.22863e-02 | 42  0.00180  3.56230e-02
 43  0.00163  3.86763e-02 | 44  0.00138  4.12637e-02 | 45  0.00105  4.31691e-02
 46  0.00064  4.41861e-02 | 47  0.00016  4.41912e-02 | 48 -0.00038  4.32284e-02
 49 -0.00096  4.15649e-02 | 50 -0.00155  3.96742e-02 | 51 -0.00213  3.80975e-02
 52 -0.00266  3.72133e-02 | 53 -0.00312  3.70328e-02 | 54 -0.00347  3.71586e-02
 55 -0.00369  3.69370e-02 | 56 -0.00373  3.57229e-02 | 57 -0.00359  3.31052e-02
 58 -0.00322  2.89950e-02 | 59 -0.00260  2.35310e-02 | 60 -0.00171  1.68768e-02
 61 -0.00055  9.26859e-03 | 62  0.00090  1.87722e-03 | 63  0.00262 -3.20515e-03
 64  0.00457 -1.02213e-02 | 65  0.00660 -3.36948e-02 | 66  0.00871 -5.08925e-02
 67  0.01108  1.33612e-02 | 68  0.01322  8.73631e-02 | 69  0.01420  7.15836e-03
 70  0.01440 -1.05259e-01 | 71  0.01459 -6.46048e-02 | 72  0.01443  5.02982e-02
 73  0.01308  3.78290e-02 | 74  0.01079 -7.75902e-02 | 75  0.00857 -8.37518e-02
 76  0.00621 -1.82869e-02 | 77  0.00308 -1.46666e-02 | 78 -0.00057 -1.33197e-02
 79 -0.00459 -3.89695e-03 | 80 -0.00860  2.55731e-02 | 81 -0.01232  4.58539e-02
 82 -0.01550  2.67744e-02 | 83 -0.01790 -1.61277e-02 | 84 -0.01960 -5.99089e-02
 85 -0.02079 -8.39880e-02 | 86 -0.02161 -7.74143e-02 | 87 -0.02173 -4.35367e-02
 88 -0.02086 -5.18527e-03 | 89 -0.01931  9.54455e-03 | 90 -0.01647 -1.28637e-02
 91 -0.01184 -2.45147e-02 | 92 -0.00539  1.32282e-02 | 93 -0.00073  4.57798e-02
 94  0.00283  1.01337e-01 | 95  0.00469  8.70849e-02 | 96 -0.00036  2.76457e-02
 97  0.00046  2.98035e-02 | 98  0.01360 -4.14710e-02 | 99  0.00529 -9.96533e-02
100 -0.01023 -1.58787e-02 |101  0.00651 -2.02500e-01 |102  0.06153 -3.76889e-01
103  0.02911 -2.69212e-01 |104 -0.00950 -6.25641e-02 |105 -0.00077 -2.91312e-02
106  0.01238 -6.42727e-02 |107  0.03008 -1.47951e-01 |108  0.00447  1.03626e-01
109 -0.05972  2.16340e-01 |110 -0.07625 -1.13064e-01 |111 -0.07489 -2.25795e-01
112 -0.04581  2.02871e-01 |113  0.08842 -4.46478e-02 |114  0.03919 -9.89076e-02
115  0.02799  1.02818e-01 |116 -0.03154 -1.15392e-01 |117 -0.07117  2.75754e-01
118 -0.02340 -9.65625e-02 |119 -0.00718 -5.75700e-02 |120 -0.04187 -5.11730e-02
121  0.01323 -2.35758e-01 |122  0.06738 -1.20211e-02 |123  0.00119  1.54708e-01
124  0.07833  1.32822e-01 |125  0.00002 -4.14532e-01 |126  0.12976  4.27778e-01
127 -0.00174  9.38967e-02 |128 -0.04640  1.30073e-01 |129 -0.06337  6.80675e-02
130 -0.02850  8.28873e-02 |131  0.08849  4.55993e-02 |132  0.02394  9.68862e-03
133  0.01318 -2.25263e-01 |134 -0.03639  2.12432e-01 |135 -0.01846 -1.26727e-01
136 -0.00344  8.41932e-02 |137 -0.00000  1.78558e-04 |138 -0.65476 -1.23555e-01
139 -0.92526  4.03551e-02 |140  0.03365 -7.37432e-04 |141 -0.56025 -3.80068e-03
142  0.03405  8.24816e-05 |143 -0.39433 -2.67498e-03 |144  0.78926  9.12529e-03
145 -0.10541 -6.40318e-04 |146  0.19367  9.43047e-04 |147 -0.23180 -1.60785e-03
148  0.16313  5.87157e-04 |149 -0.55551 -3.74354e-03 |150 -0.00765  9.91670e-05
151 -0.41536 -2.44203e-03 |152  0.78363  8.88564e-03 |153  0.12013  5.62834e-04
154 -0.03920 -1.73944e-04 |155 -0.11801 -5.85739e-04 |156  0.09224  4.64374e-04
157  0.04707  2.12723e-04 |158  0.14244  4.91825e-04 |159 -0.03724 -3.46533e-05
160 -0.57393 -1.99558e-02 |161 -0.51223  4.80703e-04 |162 -0.20046  1.19648e-01
163 -0.21277  5.33083e-01 |164  0.80038  6.18213e-01 |165  0.19478  2.26988e-01
166  0.07617 -1.01061e-02 |167 -0.26103  5.68583e-01 |168 -0.35489  7.92032e-01
169 -0.21400  6.27746e-01 |170 -0.00676 -2.27896e-01 |171 -0.29771  1.20015e+00
172  0.81788 -8.01447e+00 |173  0.08660  4.35854e-04 |174 -0.50510 -3.19227e-03
175  0.07479  5.21839e-04 |176 -0.39752 -2.15097e-03 |177 -0.14455 -5.89752e-05
178  0.06310  2.65781e-04 |179 -0.16723 -9.66630e-04 |180 -0.15142 -7.77660e-04
181 -0.97046 -6.70918e-02 |182 -0.13619 -5.56133e-04 |183  0.22063  1.06369e-03
184  0.01117  1.19127e-04 |185 -0.34576  2.39592e-02 |186 -0.45054 -1.83332e-03
187 -0.03123 -2.25212e-03 |188 -0.30283 -1.15398e-02 |189  0.81010  5.42722e+00
189 variables; iteration 80; function evaluation 101; phase 4
Function value 6.7425445e+03; maximum gradient component mag 4.9515e+00
Var    Value     Gradient |Var    Value     Gradient |Var    Value     Gradient
  1 -0.32123 -1.81137e-01 |  2  0.33569 -4.87598e-01 |  3 -0.20774 -8.92095e-01
  4  0.10976 -4.88540e-01 |  5 -0.59916  6.13803e-02 |  6 -0.65507 -5.88223e-02
  7 -0.42797 -2.48359e-01 |  8  0.36052 -3.81868e-01 |  9 -0.20035 -4.68607e-01
 10  0.07451 -1.63813e-01 | 11 -0.54668  1.40026e-01 | 12 -0.65352 -2.24999e-01
 13  0.85647 -4.23488e-02 | 14 -0.00030  2.23607e-02 | 15 -0.00027  2.22075e-02
 16 -0.00024  2.20093e-02 | 17 -0.00020  2.17607e-02 | 18 -0.00015  2.14548e-02
 19 -0.00009  2.10831e-02 | 20 -0.00003  2.06342e-02 | 21  0.00004  2.00947e-02
 22  0.00012  1.94491e-02 | 23  0.00020  1.86797e-02 | 24  0.00029  1.77682e-02
 25  0.00039  1.66957e-02 | 26  0.00049  1.54453e-02 | 27  0.00060  1.40016e-02
 28  0.00071  1.23534e-02 | 29  0.00082  1.04948e-02 | 30  0.00094  8.42568e-03
 31  0.00106  6.15386e-03 | 32  0.00118  3.69583e-03 | 33  0.00130  1.07705e-03
 34  0.00142 -1.66726e-03 | 35  0.00153 -4.49516e-03 | 36  0.00163 -7.36216e-03
 37  0.00172 -1.02292e-02 | 38  0.00179 -1.30718e-02 | 39  0.00182 -1.58859e-02
 40  0.00181 -1.86836e-02 | 41  0.00175 -2.14647e-02 | 42  0.00163 -2.41653e-02
 43  0.00144 -2.65887e-02 | 44  0.00118 -2.83630e-02 | 45  0.00084 -2.89847e-02
 46  0.00043 -2.80008e-02 | 47 -0.00003 -2.53068e-02 | 48 -0.00055 -2.14021e-02
 49 -0.00111 -1.73538e-02 | 50 -0.00168 -1.43344e-02 | 51 -0.00225 -1.29374e-02
 52 -0.00278 -1.27896e-02 | 53 -0.00324 -1.28180e-02 | 54 -0.00360 -1.19415e-02
 55 -0.00380 -9.60364e-03 | 56 -0.00384 -5.83564e-03 | 57 -0.00367 -9.87122e-04
 58 -0.00327  4.55865e-03 | 59 -0.00262  1.05656e-02 | 60 -0.00169  1.71200e-02
 61 -0.00048  2.44405e-02 | 62  0.00101  3.01849e-02 | 63  0.00274  2.85179e-02
 64  0.00470  3.00428e-02 | 65  0.00683  3.14501e-02 | 66  0.00887  2.06937e-03
 67  0.01118  5.76968e-02 | 68  0.01260 -2.60851e-02 | 69  0.01442  8.47876e-02
 70  0.01538  1.40887e-01 | 71  0.01529  1.24594e-01 | 72  0.01402 -1.40702e-03
 73  0.01268 -1.07278e-02 | 74  0.01110  3.36087e-02 | 75  0.00880  1.21921e-02
 76  0.00630  4.36647e-02 | 77  0.00307  2.23918e-02 | 78 -0.00059  2.07070e-02
 79 -0.00470  5.99424e-03 | 80 -0.00880  1.01278e-02 | 81 -0.01270 -2.10220e-02
 82 -0.01582 -3.08276e-02 | 83 -0.01781  4.21252e-02 | 84 -0.01905  1.23487e-01
 85 -0.02008  1.46366e-01 | 86 -0.02108  9.35522e-02 | 87 -0.02164 -6.67255e-03
 88 -0.02117 -9.40878e-02 | 89 -0.01964 -9.84816e-02 | 90 -0.01630  8.89121e-03
 91 -0.01146  3.67629e-02 | 92 -0.00516  1.37250e-02 | 93 -0.00052  1.96458e-02
 94  0.00261 -5.17813e-02 | 95  0.00435 -1.02273e-01 | 96 -0.00065 -1.45891e-01
 97 -0.00008 -1.82887e-01 | 98  0.01389 -1.22814e-02 | 99  0.00548 -2.08346e-02
100 -0.01000  1.27351e-01 |101  0.00694  4.05409e-02 |102  0.06174 -8.35395e-02
103  0.02914 -1.28156e-01 |104 -0.00979 -7.42733e-02 |105 -0.00085  3.23493e-02
106  0.01240  4.48183e-02 |107  0.03068  4.53032e-02 |108  0.00398 -1.35020e-01
109 -0.06008 -3.99869e-02 |110 -0.07597 -3.65497e-02 |111 -0.07432 -3.62395e-02
112 -0.04654 -1.71555e-01 |113  0.08843 -1.12979e-01 |114  0.03977  1.81538e-01
115  0.02761 -4.39022e-02 |116 -0.03087  1.69721e-01 |117 -0.07163  9.46295e-02
118 -0.02349 -1.29482e-01 |119 -0.00733 -8.61408e-02 |120 -0.04154  1.22405e-01
121  0.01412  1.02167e-01 |122  0.06685 -3.03723e-01 |123  0.00084 -1.35716e-01
124  0.07805 -8.77635e-02 |125  0.00135  1.14357e-01 |126  0.12953  3.70108e-01
127 -0.00221 -1.28451e-01 |128 -0.04736 -2.15259e-01 |129 -0.06336  7.61625e-02
130 -0.02855  3.45126e-03 |131  0.08856 -1.91982e-02 |132  0.02389  6.74252e-02
133  0.01363  2.68625e-02 |134 -0.03780 -1.65538e-01 |135 -0.01790  1.00558e-01
136 -0.00385 -3.44266e-02 |137 -0.00000 -2.23010e-04 |138 -0.65618 -1.02206e-01
139 -0.93797  3.43759e-03 |140  0.04094 -5.56445e-04 |141 -0.51693 -3.31363e-03
142  0.03292  1.29423e-04 |143 -0.36420 -2.42508e-03 |144  0.69621  6.07605e-03
145 -0.09810 -5.77375e-04 |146  0.18283  8.83985e-04 |147 -0.21349 -1.41328e-03
148  0.15623  5.83796e-04 |149 -0.51284 -3.27101e-03 |150 -0.00871  8.22900e-05
151 -0.38751 -2.19138e-03 |152  0.68314  5.78193e-03 |153  0.11365  5.33173e-04
154 -0.03719 -1.66317e-04 |155 -0.11128 -5.51962e-04 |156  0.08690  4.37981e-04
157  0.04463  2.00256e-04 |158  0.13675  4.69639e-04 |159 -0.03681 -4.09109e-05
160 -0.57464 -1.79599e-02 |161 -0.51510  9.71227e-05 |162 -0.20173  4.27933e-02
163 -0.21276  2.49588e-01 |164  0.80050  5.66834e-01 |165  0.19421  4.74430e-02
166  0.07597 -2.91611e-02 |167 -0.26091  1.98346e-01 |168 -0.38714  5.01659e-03
169 -0.19771  5.40323e-02 |170 -0.02924 -8.61429e-03 |171 -0.30350 -1.20235e-02
172  0.81802  4.95150e+00 |173  0.08137  4.48421e-04 |174 -0.46863 -2.84608e-03
175  0.06890  4.83508e-04 |176 -0.37300 -1.92027e-03 |177 -0.14405 -9.41274e-05
178  0.05977  3.14500e-04 |179 -0.15658 -7.86029e-04 |180 -0.14245 -7.36125e-04
181 -0.92389 -2.61368e-02 |182 -0.12997 -5.22569e-04 |183  0.20840  9.98123e-04
184  0.00981  1.05953e-04 |185 -0.34618  6.71655e-02 |186 -0.43205 -1.10060e-03
187 -0.03171 -8.87817e-02 |188 -0.30279 -2.48306e-02 |189  0.81009  1.35384e-01
189 variables; iteration 100; function evaluation 137; phase 4
Function value 6.7425413e+03; maximum gradient component mag -9.2353e-01
Var    Value     Gradient |Var    Value     Gradient |Var    Value     Gradient
  1 -0.32124  1.20604e-01 |  2  0.33566  4.19273e-01 |  3 -0.20771  7.97482e-01
  4  0.10980  4.85224e-01 |  5 -0.59942 -1.76685e-03 |  6 -0.65505  2.71791e-02
  7 -0.42799  1.00820e-01 |  8  0.36056  3.10292e-01 |  9 -0.20026  4.27766e-01
 10  0.07440  2.41356e-01 | 11 -0.54698 -5.13868e-02 | 12 -0.65345  1.47440e-01
 13  0.86113  7.91099e-02 | 14 -0.00043 -1.15449e-02 | 15 -0.00040 -1.14200e-02
 16 -0.00036 -1.11538e-02 | 17 -0.00032 -1.07396e-02 | 18 -0.00027 -1.01719e-02
 19 -0.00021 -9.45067e-03 | 20 -0.00014 -8.58285e-03 | 21 -0.00007 -7.58448e-03
 22  0.00002 -6.47914e-03 | 23  0.00011 -5.30241e-03 | 24  0.00021 -4.09572e-03
 25  0.00031 -2.90705e-03 | 26  0.00042 -1.78363e-03 | 27  0.00054 -7.68135e-04
 28  0.00066  1.10786e-04 | 29  0.00078  8.42745e-04 | 30  0.00091  1.44600e-03
 31  0.00104  1.97252e-03 | 32  0.00117  2.51489e-03 | 33  0.00130  3.20801e-03
 34  0.00143  4.22187e-03 | 35  0.00156  5.73851e-03 | 36  0.00169  7.90488e-03
 37  0.00180  1.07636e-02 | 38  0.00189  1.41780e-02 | 39  0.00194  1.77818e-02
 40  0.00196  2.10163e-02 | 41  0.00192  2.33052e-02 | 42  0.00181  2.44254e-02
 43  0.00164  2.50202e-02 | 44  0.00139  2.69111e-02 | 45  0.00107  3.24729e-02
 46  0.00070  4.24828e-02 | 47  0.00027  5.35264e-02 | 48 -0.00025  5.84104e-02
 49 -0.00084  5.19334e-02 | 50 -0.00148  3.72298e-02 | 51 -0.00211  2.39485e-02
 52 -0.00266  1.87808e-02 | 53 -0.00310  2.00043e-02 | 54 -0.00345  2.17543e-02
 55 -0.00366  2.03553e-02 | 56 -0.00372  1.56585e-02 | 57 -0.00359  8.90067e-03
 58 -0.00323  8.80685e-04 | 59 -0.00263 -8.58691e-03 | 60 -0.00176 -1.95912e-02
 61 -0.00059 -2.67126e-02 | 62  0.00088 -2.96306e-02 | 63  0.00248 -6.48606e-02
 64  0.00450 -5.22116e-02 | 65  0.00655 -7.16187e-02 | 66  0.00895 -1.93961e-02
 67  0.01140  6.11213e-02 | 68  0.01278 -3.33146e-02 | 69  0.01398 -6.15571e-02
 70  0.01436 -1.31925e-01 | 71  0.01518  4.71671e-02 | 72  0.01445  4.04079e-02
 73  0.01288 -1.75785e-02 | 74  0.01088 -6.60116e-02 | 75  0.00914  4.27918e-02
 76  0.00622 -1.96603e-02 | 77  0.00312 -8.92320e-03 | 78 -0.00039  3.01596e-02
 79 -0.00435  5.67289e-02 | 80 -0.00807  1.65660e-01 | 81 -0.01307 -1.55452e-01
 82 -0.01564 -1.54275e-02 | 83 -0.01791 -1.96064e-02 | 84 -0.01981 -1.23790e-01
 85 -0.02054 -1.47744e-02 | 86 -0.02109  6.55386e-02 | 87 -0.02147  2.37872e-02
 88 -0.02070  2.92606e-02 | 89 -0.01878  1.42409e-01 | 90 -0.01690 -1.53065e-01
 91 -0.01178 -3.56931e-02 | 92 -0.00514  4.53416e-02 | 93 -0.00094 -4.18916e-02
 94  0.00264  2.07865e-02 | 95  0.00455  2.98733e-02 | 96 -0.00022  6.00337e-02
 97  0.00060  8.09507e-02 | 98  0.01381  5.15836e-02 | 99  0.00534 -1.62834e-02
100 -0.01098 -1.33110e-01 |101  0.00693  8.30912e-02 |102  0.06199  1.16134e-01
103  0.02937  7.27466e-02 |104 -0.00983  1.20623e-02 |105 -0.00054  1.58931e-01
106  0.01202 -1.00346e-01 |107  0.03022 -9.46290e-02 |108  0.00458  1.14674e-01
109 -0.06029 -3.73670e-02 |110 -0.07602 -6.64179e-03 |111 -0.07436  3.05294e-02
112 -0.04612  9.59230e-02 |113  0.08856  2.45694e-02 |114  0.03911 -8.61865e-02
115  0.02792 -4.40124e-03 |116 -0.03137 -7.35288e-02 |117 -0.07200 -4.21215e-02
118 -0.02301  9.15112e-02 |119 -0.00706  5.38507e-02 |120 -0.04220 -1.15405e-01
121  0.01353 -2.07858e-02 |122  0.06753  1.60634e-01 |123  0.00095  5.12133e-02
124  0.07805  3.55602e-02 |125  0.00090 -7.55818e-02 |126  0.12881 -2.96844e-01
127 -0.00190  6.10574e-02 |128 -0.04653  1.51040e-01 |129 -0.06391 -1.10988e-01
130 -0.02887 -1.03189e-01 |131  0.08851  1.80347e-02 |132  0.02399  1.30321e-01
133  0.01342 -4.03358e-02 |134 -0.03700  1.07615e-01 |135 -0.01851 -8.35306e-02
136 -0.00341  8.00269e-02 |137 -0.00000  1.98434e-05 |138 -0.65779  1.07816e-01
139 -0.94786  8.31818e-03 |140  0.05152 -2.32194e-04 |141 -0.44800 -2.66692e-03
142  0.03004  1.71441e-04 |143 -0.31406 -1.94544e-03 |144  0.57338  3.96428e-03
145 -0.08611 -4.72485e-04 |146  0.16430  7.79930e-04 |147 -0.18420 -1.12644e-03
148  0.14382  5.68559e-04 |149 -0.44479 -2.63912e-03 |150 -0.01036  5.36601e-05
151 -0.34188 -1.81553e-03 |152  0.56155  3.81636e-03 |153  0.10244  4.81731e-04
154 -0.03369 -1.52456e-04 |155 -0.09969 -4.93937e-04 |156  0.07770  3.92874e-04
157  0.04042  1.78711e-04 |158  0.12684  4.32396e-04 |159 -0.03590 -5.03178e-05
160 -0.57423  8.85536e-02 |161 -0.51613  2.47448e-05 |162 -0.20196 -4.56245e-02
163 -0.21294  1.24103e-01 |164  0.80049  3.28501e-01 |165  0.19438 -3.69561e-02
166  0.07607  3.59925e-02 |167 -0.26099 -1.75418e-01 |168 -0.38565 -1.48780e-01
169 -0.19836 -3.34195e-01 |170 -0.02811  8.22396e-02 |171 -0.30369 -3.25879e-01
172  0.81800  2.92780e-01 |173  0.07166  4.54277e-04 |174 -0.40930 -2.35239e-03
175  0.05892  4.07426e-04 |176 -0.33311 -1.55996e-03 |177 -0.14177 -2.03133e-04
178  0.05286  3.42636e-04 |179 -0.14077 -5.33880e-04 |180 -0.12693 -6.69572e-04
181 -0.87724 -1.61063e-02 |182 -0.11887 -5.10192e-04 |183  0.18745  8.89254e-04
184  0.00762  8.35638e-05 |185 -0.34689 -3.84942e-02 |186 -0.41419  3.68773e-04
187 -0.03207  4.36145e-02 |188 -0.30261  3.50674e-02 |189  0.81007 -9.23529e-01
189 variables; iteration 120; function evaluation 171; phase 4
Function value 6.7425337e+03; maximum gradient component mag -7.2377e-01
Var    Value     Gradient |Var    Value     Gradient |Var    Value     Gradient
  1 -0.32127  1.57242e-02 |  2  0.33569  4.32672e-03 |  3 -0.20770  1.53633e-02
  4  0.10974  9.07815e-03 |  5 -0.59933  1.42620e-03 |  6 -0.65505 -1.70214e-03
  7 -0.42801  2.03054e-02 |  8  0.36055  1.70775e-03 |  9 -0.20028  8.49758e-03
 10  0.07442  7.16417e-03 | 11 -0.54689  2.72938e-04 | 12 -0.65347  3.08157e-05
 13  0.86722 -2.75456e-02 | 14 -0.00039  4.63552e-04 | 15 -0.00036  5.08560e-04
 16 -0.00032  5.99261e-04 | 17 -0.00028  7.34955e-04 | 18 -0.00023  9.13435e-04
 19 -0.00017  1.12846e-03 | 20 -0.00011  1.36899e-03 | 21 -0.00003  1.61787e-03
 22  0.00005  1.85297e-03 | 23  0.00013  2.04571e-03 | 24  0.00023  2.16548e-03
 25  0.00033  2.18113e-03 | 26  0.00044  2.06720e-03 | 27  0.00055  1.80784e-03
 28  0.00066  1.40307e-03 | 29  0.00078  8.72233e-04 | 30  0.00090  2.56828e-04
 31  0.00103 -3.79691e-04 | 32  0.00116 -9.55655e-04 | 33  0.00129 -1.37945e-03
 34  0.00141 -1.56450e-03 | 35  0.00154 -1.44791e-03 | 36  0.00166 -1.01317e-03
 37  0.00176 -3.06235e-04 | 38  0.00184  5.57662e-04 | 39  0.00189  1.39656e-03
 40  0.00189  1.97554e-03 | 41  0.00184  2.02457e-03 | 42  0.00173  1.30833e-03
 43  0.00155 -1.66717e-04 | 44  0.00128 -1.73809e-03 | 45  0.00095 -1.77058e-03
 46  0.00055  1.47860e-03 | 47  0.00010  7.10243e-03 | 48 -0.00042  1.00581e-02
 49 -0.00101  6.27453e-03 | 50 -0.00162 -6.66578e-04 | 51 -0.00221 -3.85272e-03
 52 -0.00273 -2.49893e-03 | 53 -0.00318 -5.44335e-04 | 54 -0.00353  1.58756e-06
 55 -0.00374 -3.48649e-04 | 56 -0.00379 -8.87208e-04 | 57 -0.00364 -1.36432e-03
 58 -0.00325 -1.68119e-03 | 59 -0.00262 -2.00888e-03 | 60 -0.00172 -3.40132e-03
 61 -0.00053 -3.88906e-03 | 62  0.00095 -3.50175e-03 | 63  0.00267 -8.91907e-03
 64  0.00467 -2.15703e-03 | 65  0.00683  6.05439e-03 | 66  0.00900  5.15878e-03
 67  0.01108  3.95756e-03 | 68  0.01287  2.32291e-03 | 69  0.01420  2.29280e-03
 70  0.01490  7.57140e-04 | 71  0.01488 -2.37594e-03 | 72  0.01419 -2.34964e-03
 73  0.01289 -2.76765e-03 | 74  0.01111 -2.78371e-03 | 75  0.00891 -4.90560e-04
 76  0.00630  7.25794e-03 | 77  0.00310 -5.68796e-03 | 78 -0.00053  1.81632e-03
 79 -0.00457  3.63344e-03 | 80 -0.00876 -1.09810e-02 | 81 -0.01252 -2.54472e-03
 82 -0.01558  7.09427e-03 | 83 -0.01788 -7.97255e-03 | 84 -0.01935  1.07451e-02
 85 -0.02052 -6.16839e-03 | 86 -0.02132  7.39914e-04 | 87 -0.02154  2.60162e-03
 88 -0.02081 -4.87286e-03 | 89 -0.01925  5.38177e-03 | 90 -0.01637 -1.12169e-02
 91 -0.01167 -1.10600e-02 | 92 -0.00525  7.91073e-03 | 93 -0.00074 -7.86229e-03
 94  0.00269  9.95585e-03 | 95  0.00454 -1.38052e-03 | 96 -0.00038 -1.55104e-02
 97  0.00041 -3.20576e-03 | 98  0.01373 -2.79754e-03 | 99  0.00551  7.63936e-04
100 -0.01046 -4.37377e-03 |101  0.00671 -1.25402e-02 |102  0.06184 -8.39525e-03
103  0.02942 -1.37819e-03 |104 -0.00965 -4.06254e-03 |105 -0.00101 -3.67944e-03
106  0.01232 -2.32874e-03 |107  0.03052 -4.15154e-03 |108  0.00422 -3.52825e-03
109 -0.06013 -1.71689e-03 |110 -0.07596 -6.62782e-04 |111 -0.07436  1.00349e-03
112 -0.04630  3.97208e-04 |113  0.08857  3.59027e-03 |114  0.03930  2.59301e-03
115  0.02785  1.42745e-03 |116 -0.03121  2.24626e-04 |117 -0.07188 -4.43252e-04
118 -0.02320  1.79803e-04 |119 -0.00716 -7.71561e-04 |120 -0.04187  2.20102e-04
121  0.01367  1.89279e-04 |122  0.06731 -9.21865e-04 |123  0.00095  4.54184e-04
124  0.07805 -1.82204e-03 |125  0.00107 -1.00902e-03 |126  0.12912 -3.36128e-03
127 -0.00200 -1.38895e-03 |128 -0.04688 -2.06237e-03 |129 -0.06361 -2.37258e-03
130 -0.02859 -8.19419e-04 |131  0.08852 -7.02035e-04 |132  0.02369 -2.26718e-03
133  0.01353 -1.45840e-03 |134 -0.03733 -1.98502e-03 |135 -0.01824 -2.23191e-03
136 -0.00373 -2.02267e-03 |137 -0.00000  6.31101e-06 |138 -0.66144 -3.06615e-02
139 -0.97529 -2.11728e-03 |140  0.11476  3.44425e-04 |141 -0.00829 -4.08909e-05
142  0.00979  2.19949e-04 |143  0.00543  2.68124e-05 |144 -0.20113 -1.02694e-03
145 -0.00934 -6.94348e-05 |146  0.04435  1.88371e-04 |147  0.00243  7.10331e-06
148  0.06192  2.59034e-04 |149 -0.01058 -5.21970e-05 |150 -0.02038 -6.74728e-05
151 -0.04876 -2.41116e-04 |152 -0.19896 -1.01512e-03 |153  0.02951  1.39854e-04
154 -0.01083 -5.23650e-05 |155 -0.02449 -1.21097e-04 |156  0.01793  1.06975e-04
157  0.01318  3.98534e-05 |158  0.06192  1.99660e-04 |159 -0.02944 -9.05665e-05
160 -0.57480 -9.07086e-03 |161 -0.52012 -3.54752e-04 |162 -0.20218  7.70900e-04
163 -0.21277 -7.72964e-02 |164  0.80046 -1.49367e-01 |165  0.19426  6.10795e-04
166  0.07600  3.15476e-03 |167 -0.26095 -3.52104e-03 |168 -0.38612 -3.72957e-03
169 -0.19841  2.59441e-03 |170 -0.02859  3.72694e-03 |171 -0.30301 -3.69787e-03
172  0.81800  2.36423e-02 |173  0.00879  6.84004e-07 |174 -0.02981 -1.47221e-04
175 -0.00513  2.13989e-05 |176 -0.07628 -3.78242e-04 |177 -0.12169 -6.07974e-04
178  0.00724  1.09171e-04 |179 -0.03930 -1.94208e-04 |180 -0.02589 -1.90322e-04
181 -0.59013 -4.26624e-03 |182 -0.04552 -2.25014e-04 |183  0.05137  2.56615e-04
184 -0.00611 -4.75334e-05 |185 -0.34732 -5.64022e-02 |186 -0.36735  3.72345e-03
187 -0.03228  1.71838e-02 |188 -0.30295 -1.06573e-01 |189  0.81009 -7.23774e-01
189 variables; iteration 140; function evaluation 204; phase 4
Function value 6.7425334e+03; maximum gradient component mag 5.1950e-01
Var    Value     Gradient |Var    Value     Gradient |Var    Value     Gradient
  1 -0.32127 -3.13446e-03 |  2  0.33568  1.61490e-02 |  3 -0.20770  2.45784e-02
  4  0.10974  1.57272e-02 |  5 -0.59933  1.93046e-03 |  6 -0.65505  1.88246e-03
  7 -0.42802 -6.43857e-03 |  8  0.36055  1.08992e-02 |  9 -0.20028  1.06381e-02
 10  0.07442  7.17903e-03 | 11 -0.54689  2.33681e-05 | 12 -0.65347  6.00062e-03
 13  0.86759  1.71860e-02 | 14 -0.00040 -2.08337e-03 | 15 -0.00037 -2.23621e-03
 16 -0.00034 -2.39587e-03 | 17 -0.00029 -2.52052e-03 | 18 -0.00024 -2.55367e-03
 19 -0.00019 -2.42498e-03 | 20 -0.00012 -2.06089e-03 | 21 -0.00005 -1.41068e-03
 22  0.00004 -4.77712e-04 | 23  0.00013  6.39437e-04 | 24  0.00023  1.73412e-03
 25  0.00033  2.51267e-03 | 26  0.00044  2.68440e-03 | 27  0.00055  2.09651e-03
 28  0.00066  8.67231e-04 | 29  0.00077 -5.70375e-04 | 30  0.00089 -1.59797e-03
 31  0.00102 -1.71950e-03 | 32  0.00116 -9.31223e-04 | 33  0.00129  1.09916e-04
 34  0.00142  3.95226e-04 | 35  0.00154 -6.72402e-04 | 36  0.00165 -2.59892e-03
 37  0.00174 -4.00426e-03 | 38  0.00182 -3.81789e-03 | 39  0.00187 -2.43491e-03
 40  0.00188 -1.62752e-03 | 41  0.00182 -2.94524e-03 | 42  0.00170 -5.08706e-03
 43  0.00153 -3.53094e-03 | 44  0.00129  3.81666e-04 | 45  0.00094 -2.65964e-03
 46  0.00055  6.51902e-04 | 47  0.00010  8.23560e-03 | 48 -0.00049 -6.81641e-03
 49 -0.00102  5.55862e-03 | 50 -0.00163 -1.28917e-03 | 51 -0.00219  5.85827e-04
 52 -0.00269  9.45498e-03 | 53 -0.00317  1.26691e-03 | 54 -0.00349  1.01739e-02
 55 -0.00371  8.12187e-03 | 56 -0.00379  5.00206e-04 | 57 -0.00365 -3.23297e-03
 58 -0.00326 -2.16378e-03 | 59 -0.00261  7.42967e-04 | 60 -0.00171 -2.60788e-03
 61 -0.00051  9.42152e-04 | 62  0.00097  3.09986e-03 | 63  0.00272  3.88354e-03
 64  0.00466 -3.29200e-03 | 65  0.00677 -6.57996e-03 | 66  0.00895 -7.51896e-03
 67  0.01106 -6.45157e-05 | 68  0.01284 -4.64758e-03 | 69  0.01418 -1.39391e-03
 70  0.01488 -3.56316e-03 | 71  0.01489 -1.20443e-05 | 72  0.01419 -1.78782e-03
 73  0.01293  6.81742e-03 | 74  0.01114  5.01508e-03 | 75  0.00893  5.18041e-03
 76  0.00625 -3.01439e-03 | 77  0.00314  3.92529e-03 | 78 -0.00053  2.16791e-03
 79 -0.00459  3.25653e-04 | 80 -0.00873 -1.36235e-03 | 81 -0.01250  3.55408e-03
 82 -0.01559  3.25598e-03 | 83 -0.01787 -3.66264e-03 | 84 -0.01941 -5.85110e-03
 85 -0.02050 -3.36324e-04 | 86 -0.02131  4.74370e-03 | 87 -0.02153  7.68024e-03
 88 -0.02082 -4.82883e-03 | 89 -0.01928 -2.08029e-03 | 90 -0.01634  8.00318e-04
 91 -0.01161  8.16143e-03 | 92 -0.00534 -1.13220e-02 | 93 -0.00071  4.81554e-03
 94  0.00265  3.66531e-03 | 95  0.00452 -2.58938e-03 | 96 -0.00033  4.83657e-04
 97  0.00041  1.57578e-03 | 98  0.01372  2.05035e-03 | 99  0.00549  2.10075e-03
100 -0.01048 -2.72943e-03 |101  0.00675  6.12587e-03 |102  0.06186  8.09977e-03
103  0.02938  4.89132e-03 |104 -0.00966  4.97957e-03 |105 -0.00099  2.52740e-03
106  0.01234  2.20619e-03 |107  0.03047 -2.61968e-03 |108  0.00426  2.56855e-03
109 -0.06012 -2.75979e-04 |110 -0.07597 -6.38020e-04 |111 -0.07436  1.44531e-03
112 -0.04628  7.12598e-04 |113  0.08855 -1.43192e-04 |114  0.03930 -2.73945e-03
115  0.02786 -2.48677e-04 |116 -0.03122 -6.78304e-04 |117 -0.07188 -4.04236e-04
118 -0.02320  1.62849e-03 |119 -0.00715  2.00011e-03 |120 -0.04188 -2.37569e-03
121  0.01367  1.03849e-04 |122  0.06732  4.57814e-03 |123  0.00094 -7.62016e-04
124  0.07805  9.93318e-04 |125  0.00107 -1.71128e-04 |126  0.12912 -7.78317e-03
127 -0.00200  3.02801e-04 |128 -0.04688  1.23018e-03 |129 -0.06361 -1.64479e-03
130 -0.02860 -3.86354e-03 |131  0.08852 -1.06040e-03 |132  0.02369 -1.24649e-03
133  0.01353 -2.24705e-03 |134 -0.03731  1.98693e-03 |135 -0.01824 -2.07971e-03
136 -0.00374 -3.63097e-03 |137 -0.00000  5.74725e-05 |138 -0.66131  2.26070e-02
139 -0.97600  9.70540e-04 |140  0.10749  3.02373e-04 |141  0.00519  2.56364e-05
142  0.00352  1.84043e-04 |143  0.01373  6.77761e-05 |144 -0.19609 -9.99460e-04
145 -0.00534 -6.20358e-05 |146  0.03602  1.57026e-04 |147  0.00751  3.27660e-05
148  0.05279  2.16103e-04 |149  0.00304  1.49933e-05 |150 -0.01889 -6.20533e-05
151 -0.03417 -1.68764e-04 |152 -0.19395 -9.87884e-04 |153  0.02378  1.12711e-04
154 -0.00881 -4.27214e-05 |155 -0.01919 -9.49468e-05 |156  0.01344  8.58727e-05
157  0.01137  3.06540e-05 |158  0.05482  1.76321e-04 |159 -0.02687 -8.47723e-05
160 -0.57483  4.42226e-03 |161 -0.51428  1.26427e-04 |162 -0.20223  4.29853e-05
163 -0.21280  3.73602e-02 |164  0.80046  8.05774e-02 |165  0.19425 -1.15382e-04
166  0.07600  1.52226e-03 |167 -0.26095 -5.38242e-03 |168 -0.38597  3.56893e-03
169 -0.19847  9.72605e-03 |170 -0.02848  1.77057e-03 |171 -0.30297  5.73622e-03
172  0.81800 -1.51679e-02 |173  0.00698 -8.46063e-06 |174 -0.01526 -7.53220e-05
175 -0.00750  9.33171e-06 |176 -0.05912 -2.92593e-04 |177 -0.10519 -5.23855e-04
178  0.00308  8.17145e-05 |179 -0.03135 -1.54850e-04 |180 -0.01804 -1.46131e-04
181 -0.57361 -4.04339e-03 |182 -0.03754 -1.85464e-04 |183  0.04079  2.08710e-04
184 -0.00525 -4.65702e-05 |185 -0.34649  2.40646e-02 |186 -0.43200 -7.58589e-04
187 -0.03184 -3.93085e-03 |188 -0.30265  4.80894e-02 |189  0.81008  5.19495e-01
189 variables; iteration 160; function evaluation 241; phase 4
Function value 6.7425331e+03; maximum gradient component mag -3.6180e+00
Var    Value     Gradient |Var    Value     Gradient |Var    Value     Gradient
  1 -0.32128 -3.54636e-03 |  2  0.33569 -5.10793e-02 |  3 -0.20770 -9.78018e-02
  4  0.10974 -5.74156e-02 |  5 -0.59932 -4.29660e-04 |  6 -0.65505 -9.78356e-03
  7 -0.42802  5.57453e-03 |  8  0.36055 -3.40735e-02 |  9 -0.20028 -6.06529e-02
 10  0.07442 -2.32220e-02 | 11 -0.54689  1.59613e-03 | 12 -0.65348 -2.65583e-02
 13  0.86782 -3.29827e-02 | 14 -0.00035  1.11451e-02 | 15 -0.00034  4.35193e-03
 16 -0.00034 -2.30648e-03 | 17 -0.00031 -7.27626e-03 | 18 -0.00027 -8.46979e-03
 19 -0.00019 -3.95787e-03 | 20 -0.00009  6.53311e-03 | 21  0.00004  1.97022e-02
 22  0.00015  2.82638e-02 | 23  0.00022  2.40667e-02 | 24  0.00024  5.15746e-03
 25  0.00024 -1.86006e-02 | 26  0.00030 -3.01351e-02 | 27  0.00045 -2.14114e-02
 28  0.00063 -5.35163e-03 | 29  0.00077 -2.25468e-03 | 30  0.00086 -1.04652e-02
 31  0.00100 -8.28545e-03 | 32  0.00117  2.74600e-03 | 33  0.00127 -4.30065e-03
 34  0.00136 -1.44583e-02 | 35  0.00157  5.02629e-03 | 36  0.00167  2.41447e-03
 37  0.00165 -2.55404e-02 | 38  0.00187  8.53051e-03 | 39  0.00188 -6.13475e-04
 40  0.00175 -3.36095e-02 | 41  0.00192  1.89315e-02 | 42  0.00161 -2.83264e-02
 43  0.00160  1.21352e-02 | 44  0.00124 -1.36668e-02 | 45  0.00093 -7.33062e-03
 46  0.00053 -3.70012e-03 | 47  0.00018  2.77663e-02 | 48 -0.00049 -7.10553e-03
 49 -0.00108 -1.10581e-02 | 50 -0.00162  8.23898e-04 | 51 -0.00240 -5.15129e-02
 52 -0.00278 -1.42373e-02 | 53 -0.00320 -5.45121e-03 | 54 -0.00367 -3.54178e-02
 55 -0.00363  2.97715e-02 | 56 -0.00371  2.00787e-02 | 57 -0.00354  2.28125e-02
 58 -0.00335 -2.49339e-02 | 59 -0.00251  2.51590e-02 | 60 -0.00153  4.47966e-02
 61 -0.00054 -5.45670e-03 | 62  0.00103  1.63708e-02 | 63  0.00269 -1.66337e-03
 64  0.00463 -9.28211e-03 | 65  0.00670 -2.19568e-02 | 66  0.00901  6.51027e-03
 67  0.01097 -1.87354e-02 | 68  0.01284 -3.73647e-03 | 69  0.01417 -4.19062e-03
 70  0.01495  1.16643e-02 | 71  0.01487 -5.86824e-03 | 72  0.01423  7.26489e-03
 73  0.01288 -5.91807e-03 | 74  0.01110 -4.47215e-03 | 75  0.00891 -1.64682e-03
 76  0.00626 -2.62219e-03 | 77  0.00320  1.77577e-02 | 78 -0.00059 -1.38157e-02
 79 -0.00460 -7.78274e-04 | 80 -0.00872  1.29046e-03 | 81 -0.01248  8.10252e-03
 82 -0.01563 -5.37532e-03 | 83 -0.01783  1.00514e-02 | 84 -0.01936  1.10811e-02
 85 -0.02052 -4.39593e-03 | 86 -0.02135 -3.51163e-03 | 87 -0.02158 -2.22454e-03
 88 -0.02082  5.23374e-04 | 89 -0.01931 -4.97857e-03 | 90 -0.01633  8.23656e-03
 91 -0.01163  8.35774e-03 | 92 -0.00522  2.43321e-02 | 93 -0.00061  3.33877e-02
 94  0.00253 -2.10442e-02 | 95  0.00438 -3.58173e-02 | 96 -0.00020  3.25609e-02
 97  0.00040 -9.30710e-04 | 98  0.01373 -2.62498e-03 | 99  0.00544 -1.80530e-02
100 -0.01043 -6.51205e-04 |101  0.00677 -1.22544e-02 |102  0.06183 -4.63813e-02
103  0.02935 -4.03880e-02 |104 -0.00960 -1.77674e-03 |105 -0.00106 -3.34517e-02
106  0.01237 -5.34757e-03 |107  0.03052 -5.46903e-03 |108  0.00420 -2.55422e-02
109 -0.06011 -3.13562e-03 |110 -0.07596 -1.51201e-03 |111 -0.07436 -4.31692e-03
112 -0.04629 -9.39062e-03 |113  0.08855  2.47881e-03 |114  0.03932  1.39619e-02
115  0.02785  5.57584e-03 |116 -0.03121  5.59509e-03 |117 -0.07187  2.42636e-03
118 -0.02321 -6.48635e-03 |119 -0.00717 -8.10926e-03 |120 -0.04182  1.42586e-02
121  0.01368 -3.52504e-03 |122  0.06728 -2.10266e-02 |123  0.00095 -3.72301e-03
124  0.07805 -8.88084e-03 |125  0.00108  4.55692e-03 |126  0.12916  2.84908e-02
127 -0.00201 -6.29453e-03 |128 -0.04691 -1.40425e-02 |129 -0.06359  4.79339e-03
130 -0.02855  1.43737e-02 |131  0.08852 -1.30454e-03 |132  0.02367 -9.93126e-03
133  0.01354  3.43752e-03 |134 -0.03735 -9.84448e-03 |135 -0.01819  1.20646e-02
136 -0.00368  1.16212e-02 |137 -0.00000  3.11522e-04 |138 -0.66154 -1.51944e-01
139 -0.97827  5.51468e-03 |140  0.03763 -1.51535e-05 |141  0.02914  1.43918e-04
142 -0.04197 -1.20640e-04 |143  0.01897  9.36450e-05 |144 -0.00765 -3.77601e-05
145  0.01542 -6.30253e-05 |146 -0.01075 -2.22048e-06 |147  0.01234  5.79696e-05
148 -0.00571 -5.72248e-05 |149  0.02918  1.44116e-04 |150 -0.00438 -9.01110e-09
151  0.02723  1.34444e-04 |152 -0.00825 -4.07279e-05 |153 -0.00873 -4.43476e-05
154  0.00318  1.61564e-05 |155  0.00916  4.48378e-05 |156 -0.01165 -3.21422e-05
157  0.00201 -1.63407e-05 |158  0.00726  3.95806e-06 |159 -0.00559 -1.84354e-05
160 -0.57482  3.43618e-02 |161 -0.52441 -5.50543e-04 |162 -0.20221  1.93463e-03
163 -0.21277  3.38770e-01 |164  0.80047  6.24790e-01 |165  0.19424  4.75996e-03
166  0.07599 -4.89717e-04 |167 -0.26094  1.69561e-02 |168 -0.38622 -2.94486e-03
169 -0.19838  4.85430e-04 |170 -0.02867 -1.33952e-03 |171 -0.30301 -3.53482e-03
172  0.81800  2.26308e-01 |173  0.00480 -1.96549e-05 |174  0.02911  1.43742e-04
175 -0.01416 -2.42104e-05 |176  0.03016  1.48934e-04 |177  0.02437  1.20304e-04
178 -0.01988 -7.31549e-05 |179  0.01360  6.71323e-05 |180  0.02448  9.99586e-05
181 -0.47972 -2.98397e-03 |182  0.01283  6.33417e-05 |183 -0.01958 -6.93222e-05
184  0.00515 -5.13870e-06 |185 -0.34661 -2.14231e-01 |186 -0.48620 -3.08417e-03
187 -0.03190  4.83754e-02 |188 -0.30271 -4.23650e-01 |189  0.81008 -3.61799e+00
189 variables; iteration 180; function evaluation 277; phase 4
Function value 6.7425327e+03; maximum gradient component mag -4.7586e-02
Var    Value     Gradient |Var    Value     Gradient |Var    Value     Gradient
  1 -0.32127  3.53821e-03 |  2  0.33568  6.58428e-03 |  3 -0.20770  1.43074e-02
  4  0.10974  8.97080e-03 |  5 -0.59933  1.00407e-03 |  6 -0.65505  2.04467e-05
  7 -0.42801  2.90228e-03 |  8  0.36055  4.33353e-03 |  9 -0.20028  8.06198e-03
 10  0.07441  4.64603e-03 | 11 -0.54689  6.16845e-04 | 12 -0.65347  1.56011e-03
 13  0.86808 -2.32932e-03 | 14 -0.00033  1.36631e-02 | 15 -0.00035  2.22454e-03
 16 -0.00035 -5.80042e-03 | 17 -0.00032 -8.26449e-03 | 18 -0.00026 -5.56777e-03
 19 -0.00018 -1.40874e-03 | 20 -0.00011  3.13246e-04 | 21 -0.00004  7.34089e-04
 22  0.00006  4.76457e-03 | 23  0.00017  1.00756e-02 | 24  0.00024  5.83842e-03
 25  0.00030 -5.90913e-03 | 26  0.00039 -8.03421e-03 | 27  0.00052 -4.80260e-03
 28  0.00062 -9.69648e-03 | 29  0.00076 -2.74036e-03 | 30  0.00093  7.15358e-03
 31  0.00101 -4.19149e-03 | 32  0.00117  2.52734e-03 | 33  0.00126 -6.93156e-03
 34  0.00140 -4.64612e-03 | 35  0.00158  8.75147e-03 | 36  0.00165 -1.09791e-03
 37  0.00174 -5.55291e-03 | 38  0.00186  5.82520e-03 | 39  0.00188 -7.46855e-04
 40  0.00186 -4.57990e-03 | 41  0.00190  1.51060e-02 | 42  0.00171 -3.05394e-03
 43  0.00156  4.53584e-03 | 44  0.00124 -1.18715e-02 | 45  0.00098  4.83999e-03
 46  0.00055  2.28782e-03 | 47  0.00011  9.67912e-03 | 48 -0.00044  7.13336e-03
 49 -0.00105 -1.97444e-03 | 50 -0.00163 -3.17260e-03 | 51 -0.00223 -1.02813e-02
 52 -0.00275 -7.78941e-03 | 53 -0.00315  8.18542e-03 | 54 -0.00354 -3.13025e-03
 55 -0.00372  5.44126e-03 | 56 -0.00378  2.03763e-03 | 57 -0.00360  7.56024e-03
 58 -0.00329 -1.08919e-02 | 59 -0.00259  6.54916e-03 | 60 -0.00164  1.58754e-02
 61 -0.00052 -1.63601e-03 | 62  0.00095 -2.55340e-03 | 63  0.00268 -5.29961e-03
 64  0.00466 -3.56603e-03 | 65  0.00679 -2.64256e-03 | 66  0.00896 -5.66539e-03
 67  0.01106 -4.50669e-04 | 68  0.01285 -3.22826e-03 | 69  0.01418 -1.77162e-03
 70  0.01488 -3.78123e-03 | 71  0.01489 -3.58724e-04 | 72  0.01419 -1.90137e-03
 73  0.01292  2.81997e-03 | 74  0.01113  2.40908e-03 | 75  0.00892  2.86585e-03
 76  0.00627  1.57109e-03 | 77  0.00315  5.59458e-03 | 78 -0.00048  1.38366e-02
 79 -0.00463 -1.07807e-02 | 80 -0.00873 -2.84790e-03 | 81 -0.01251 -1.52895e-03
 82 -0.01560  9.62672e-04 | 83 -0.01786 -2.30580e-03 | 84 -0.01940 -3.56979e-03
 85 -0.02050  3.36513e-06 | 86 -0.02132  2.28931e-03 | 87 -0.02154  2.75252e-03
 88 -0.02080 -1.31414e-03 | 89 -0.01927 -4.28213e-04 | 90 -0.01634 -9.10412e-04
 91 -0.01163  4.74076e-04 | 92 -0.00533 -1.11756e-02 | 93 -0.00068  1.01839e-02
 94  0.00262 -3.50663e-03 | 95  0.00454 -1.39769e-04 | 96 -0.00036 -7.58030e-03
 97  0.00043  4.89018e-03 | 98  0.01373  4.18918e-04 | 99  0.00547 -3.65110e-03
100 -0.01047 -1.54866e-03 |101  0.00674  5.03371e-04 |102  0.06185  1.18894e-03
103  0.02938 -6.31718e-04 |104 -0.00966  1.64075e-03 |105 -0.00099  1.65493e-03
106  0.01233 -1.81053e-03 |107  0.03049 -2.67334e-03 |108  0.00425  2.76151e-04
109 -0.06013 -1.14883e-03 |110 -0.07597 -6.76280e-04 |111 -0.07436  2.25298e-04
112 -0.04628  9.54617e-04 |113  0.08855  3.49954e-04 |114  0.03930 -9.90656e-04
115  0.02785  9.60767e-05 |116 -0.03122 -1.08028e-03 |117 -0.07188 -6.83401e-04
118 -0.02320  8.84033e-04 |119 -0.00715  1.17210e-03 |120 -0.04187 -2.49217e-03
121  0.01367 -9.17023e-04 |122  0.06732  3.34787e-03 |123  0.00093 -1.69505e-03
124  0.07806  1.12688e-03 |125  0.00107 -1.32238e-03 |126  0.12912 -5.43081e-03
127 -0.00200  3.69736e-04 |128 -0.04687  1.50357e-03 |129 -0.06360 -1.72033e-03
130 -0.02860 -3.17451e-03 |131  0.08852  7.53142e-06 |132  0.02370  8.75977e-04
133  0.01353 -1.36383e-03 |134 -0.03732  1.28849e-03 |135 -0.01824 -2.25327e-03
136 -0.00373 -1.85201e-03 |137 -0.00000  5.70985e-05 |138 -0.66162  1.49477e-03
139 -0.97995 -4.33242e-04 |140  0.01267 -1.05049e-04 |141  0.06534  3.23588e-04
142 -0.05726 -2.28460e-04 |143  0.04046  1.99914e-04 |144  0.01864  9.20095e-05
145  0.03487 -5.43461e-05 |146 -0.04105 -9.46349e-05 |147  0.02548  1.24337e-04
148 -0.03467 -1.93774e-04 |149  0.06594  3.26551e-04 |150  0.00129  2.51301e-05
151  0.06927  3.43186e-04 |152  0.01768  8.72808e-05 |153 -0.02623 -1.30056e-04
154  0.00932  4.68900e-05 |155  0.02494  1.22792e-04 |156 -0.02555 -9.80995e-05
157 -0.00330 -4.25345e-05 |158 -0.01886 -1.05243e-04 |159  0.00538  2.13098e-05
160 -0.57481 -3.92462e-05 |161 -0.50655  7.75074e-04 |162 -0.20223 -2.39465e-03
163 -0.21280 -2.88521e-02 |164  0.80047 -4.75861e-02 |165  0.19425  2.39007e-04
166  0.07600  1.33034e-03 |167 -0.26095 -2.81288e-03 |168 -0.38603 -1.97082e-03
169 -0.19845 -2.27829e-03 |170 -0.02853  2.25857e-03 |171 -0.30299 -4.63605e-03
172  0.81800  3.44035e-02 |173  0.00016 -4.32699e-05 |174  0.06977  3.45689e-04
175 -0.02063 -5.72042e-05 |176  0.08090  4.01385e-04 |177  0.07646  3.79159e-04
178 -0.02934 -1.36922e-04 |179  0.03754  1.85481e-04 |180  0.04538  2.17987e-04
181 -0.39949 -2.29384e-03 |182  0.03720  1.83764e-04 |183 -0.05280 -2.30848e-04
184  0.00894  1.47722e-05 |185 -0.34670 -7.73385e-03 |186 -0.40637  4.59629e-04
187 -0.03195  3.38130e-03 |188 -0.30272 -1.32604e-02 |189  0.81008  3.94726e-03
189 variables; iteration 200; function evaluation 310; phase 4
Function value 6.7425322e+03; maximum gradient component mag 1.0338e-01
Var    Value     Gradient |Var    Value     Gradient |Var    Value     Gradient
  1 -0.32127  9.48751e-04 |  2  0.33568  3.95379e-04 |  3 -0.20770  2.71484e-03
  4  0.10974  1.44986e-03 |  5 -0.59933 -1.95583e-05 |  6 -0.65505  3.21017e-04
  7 -0.42801  5.39647e-04 |  8  0.36055  2.29681e-04 |  9 -0.20028  2.47588e-03
 10  0.07441  8.19260e-04 | 11 -0.54689 -8.90907e-05 | 12 -0.65347  1.37292e-05
 13  0.86880 -1.77210e-03 | 14 -0.00039 -5.60318e-04 | 15 -0.00026  2.62021e-02
 16 -0.00034 -3.59591e-03 | 17 -0.00025  7.61244e-03 | 18 -0.00020  7.97726e-03
 19 -0.00023 -1.29407e-02 | 20 -0.00013 -5.09017e-03 | 21 -0.00008 -1.00985e-02
 22 -0.00002 -1.36065e-02 | 23  0.00021  1.99630e-02 | 24  0.00019 -8.29125e-03
 25  0.00028 -9.73367e-03 | 26  0.00043  8.28049e-04 | 27  0.00055  4.12375e-03
 28  0.00067  3.26440e-03 | 29  0.00073 -1.23695e-02 | 30  0.00094  1.02564e-02
 31  0.00102 -1.17643e-03 | 32  0.00117  2.75766e-03 | 33  0.00130  3.30667e-03
 34  0.00145  6.78270e-03 | 35  0.00152 -4.78605e-03 | 36  0.00165 -1.48278e-03
 37  0.00174 -5.05004e-03 | 38  0.00182 -3.14634e-03 | 39  0.00188  1.92195e-04
 40  0.00188 -2.66550e-04 | 41  0.00183 -1.89256e-03 | 42  0.00175  5.90320e-03
 43  0.00157  6.92713e-03 | 44  0.00128 -1.36763e-03 | 45  0.00095 -2.41379e-03
 46  0.00055  2.87441e-04 | 47  0.00008  2.64020e-03 | 48 -0.00050 -7.67754e-03
 49 -0.00104 -2.51983e-04 | 50 -0.00160  6.00830e-03 | 51 -0.00219  1.17689e-03
 52 -0.00272  1.20069e-03 | 53 -0.00317  1.09203e-03 | 54 -0.00352  2.25200e-03
 55 -0.00375 -5.90445e-04 | 56 -0.00379 -1.55780e-04 | 57 -0.00363 -4.11692e-04
 58 -0.00324  8.70840e-04 | 59 -0.00262 -2.88911e-03 | 60 -0.00171 -2.16090e-03
 61 -0.00053 -4.86687e-03 | 62  0.00096 -1.21953e-03 | 63  0.00271  9.91967e-04
 64  0.00468  8.50540e-04 | 65  0.00680  9.79855e-04 | 66  0.00898  4.27378e-05
 67  0.01106  1.00921e-03 | 68  0.01286  6.02983e-04 | 69  0.01419  5.50083e-04
 70  0.01490 -3.57178e-05 | 71  0.01490  9.30895e-04 | 72  0.01420  4.25529e-04
 73  0.01291  6.85132e-04 | 74  0.01112  5.25751e-04 | 75  0.00891  2.17496e-04
 76  0.00627 -7.24177e-05 | 77  0.00312 -1.23490e-03 | 78 -0.00056 -6.53305e-03
 79 -0.00458  2.78429e-03 | 80 -0.00871  1.24913e-03 | 81 -0.01251 -4.26004e-04
 82 -0.01560  5.25252e-04 | 83 -0.01785 -6.69215e-05 | 84 -0.01939 -7.28643e-04
 85 -0.02050 -3.32257e-04 | 86 -0.02132  3.26739e-04 | 87 -0.02155 -9.72636e-05
 88 -0.02080 -2.52037e-04 | 89 -0.01927  4.26762e-05 | 90 -0.01634 -7.09776e-04
 91 -0.01163 -1.13478e-04 | 92 -0.00529 -1.03646e-03 | 93 -0.00073 -3.50675e-03
 94  0.00264  1.22377e-03 | 95  0.00455  2.05654e-03 | 96 -0.00034 -3.16492e-03
 97  0.00041  6.45873e-04 | 98  0.01372 -2.02267e-04 | 99  0.00548 -3.13839e-04
100 -0.01046 -4.08809e-05 |101  0.00674  2.30149e-04 |102  0.06185  1.13742e-03
103  0.02939  6.68560e-04 |104 -0.00966  3.42379e-04 |105 -0.00099  1.00633e-03
106  0.01233 -5.05146e-05 |107  0.03049 -1.15029e-04 |108  0.00425  5.82523e-04
109 -0.06012 -1.40243e-04 |110 -0.07597 -8.86976e-05 |111 -0.07436 -1.08458e-04
112 -0.04628  2.81004e-04 |113  0.08855 -4.32996e-04 |114  0.03931 -5.79745e-04
115  0.02786 -1.78182e-04 |116 -0.03122 -3.70161e-04 |117 -0.07188 -2.00832e-04
118 -0.02320  2.54495e-04 |119 -0.00715  2.51752e-04 |120 -0.04187 -7.39980e-04
121  0.01367 -2.25953e-04 |122  0.06731  4.51991e-04 |123  0.00094 -1.76140e-04
124  0.07806  2.55239e-04 |125  0.00107 -4.42579e-04 |126  0.12913 -9.49954e-04
127 -0.00200  2.03255e-04 |128 -0.04688  5.73057e-04 |129 -0.06360 -4.45498e-04
130 -0.02859 -7.85174e-04 |131  0.08852  2.09206e-04 |132  0.02370  6.85203e-04
133  0.01353 -1.67927e-04 |134 -0.03732  3.21558e-04 |135 -0.01824 -4.78031e-04
136 -0.00372 -3.65516e-04 |137 -0.00000 -8.81351e-05 |138 -0.66194  4.15850e-03
139 -0.98673 -3.61913e-04 |140  0.00921  2.27152e-05 |141 -0.00159 -7.82606e-06
142  0.03410  1.34661e-04 |143 -0.00134 -6.60960e-06 |144 -0.00358 -1.76790e-05
145  0.12396  3.52552e-04 |146 -0.07560 -2.05116e-04 |147 -0.00153 -6.98040e-06
148 -0.00578 -5.66796e-05 |149 -0.00150 -7.39882e-06 |150  0.00197  3.14768e-05
151 -0.00011 -5.46987e-07 |152 -0.00448 -2.21283e-05 |153 -0.00234 -1.30984e-05
154  0.00011  8.83295e-07 |155  0.00063  2.73292e-06 |156 -0.00968 -2.26895e-05
157  0.00553  7.84628e-07 |158 -0.03365 -1.63757e-04 |159  0.02406  1.01620e-04
160 -0.57482 -2.51851e-03 |161 -0.52484 -6.66412e-04 |162 -0.20222 -6.16019e-04
163 -0.21279 -2.98535e-02 |164  0.80046 -5.27493e-02 |165  0.19424  5.82059e-05
166  0.07599  2.02239e-04 |167 -0.26094 -4.98060e-04 |168 -0.38604 -1.10811e-03
169 -0.19846 -2.74816e-03 |170 -0.02854  4.99840e-04 |171 -0.30298 -2.49661e-03
172  0.81800  1.15773e-02 |173  0.00962  5.32631e-06 |174 -0.00081 -4.01485e-06
175 -0.00825  5.28106e-06 |176  0.00014  6.67273e-07 |177  0.00080  3.96728e-06
178  0.02305  1.13827e-04 |179  0.00083  4.10568e-06 |180 -0.01976 -9.76148e-05
181 -0.06184 -3.06355e-04 |182  0.00105  5.15714e-06 |183 -0.01721 -5.80280e-05
184  0.01050  2.08972e-05 |185 -0.34661  4.55818e-03 |186 -0.41708 -1.35181e-04
187 -0.03190 -8.42772e-04 |188 -0.30269  9.04848e-03 |189  0.81008  1.03383e-01
189 variables; iteration 220; function evaluation 341; phase 4
Function value 6.7425322e+03; maximum gradient component mag -3.5927e-02
Var    Value     Gradient |Var    Value     Gradient |Var    Value     Gradient
  1 -0.32127  4.05019e-04 |  2  0.33568 -4.58557e-04 |  3 -0.20770 -5.32886e-04
  4  0.10974 -3.18505e-04 |  5 -0.59933  7.67787e-05 |  6 -0.65505 -1.88142e-04
  7 -0.42801  7.03411e-04 |  8  0.36055 -3.92438e-04 |  9 -0.20028 -3.55885e-04
 10  0.07442  5.20079e-05 | 11 -0.54689  8.02746e-06 | 12 -0.65347 -2.13149e-04
 13  0.86886 -1.32577e-03 | 14 -0.00038  2.98964e-03 | 15 -0.00040 -1.06221e-02
 16 -0.00026  1.62186e-02 | 17 -0.00031 -5.87460e-03 | 18 -0.00027 -8.62978e-03
 19 -0.00015  7.10383e-03 | 20 -0.00013 -3.96699e-03 | 21 -0.00001  7.51738e-03
 22  0.00003 -1.39124e-03 | 23  0.00010 -5.26692e-03 | 24  0.00022  3.30999e-06
 25  0.00033  2.50409e-03 | 26  0.00039 -8.83666e-03 | 27  0.00055  2.07221e-03
 28  0.00065  5.99926e-05 | 29  0.00079  3.44992e-03 | 30  0.00089 -2.66837e-03
 31  0.00104  2.30360e-03 | 32  0.00115 -1.27941e-03 | 33  0.00130  1.26218e-03
 34  0.00142 -8.30956e-04 | 35  0.00155  2.66219e-03 | 36  0.00167  1.75154e-03
 37  0.00176  9.51676e-04 | 38  0.00184  1.51664e-03 | 39  0.00188  3.51425e-04
 40  0.00189  4.70032e-04 | 41  0.00184  1.03630e-03 | 42  0.00172 -3.64424e-04
 43  0.00154 -1.93922e-03 | 44  0.00129 -5.06813e-04 | 45  0.00096 -2.22939e-04
 46  0.00054 -1.71518e-03 | 47  0.00007  1.47854e-03 | 48 -0.00046  8.77527e-04
 49 -0.00104 -2.19620e-04 | 50 -0.00163 -2.29622e-03 | 51 -0.00219 -5.61005e-04
 52 -0.00272 -5.70136e-04 | 53 -0.00318 -4.98921e-04 | 54 -0.00353 -1.07570e-03
 55 -0.00374 -1.66894e-04 | 56 -0.00379 -4.71752e-04 | 57 -0.00363 -5.53099e-04
 58 -0.00325 -1.35974e-03 | 59 -0.00261 -4.20828e-04 | 60 -0.00171 -1.63621e-03
 61 -0.00053 -4.19588e-03 | 62  0.00101  1.21103e-02 | 63  0.00271  2.31587e-03
 64  0.00468  9.73998e-04 | 65  0.00680  3.11811e-04 | 66  0.00898  2.77800e-04
 67  0.01106 -3.20794e-04 | 68  0.01286 -3.92159e-04 | 69  0.01419 -5.56552e-04
 70  0.01489 -5.24209e-04 | 71  0.01489 -9.92125e-04 | 72  0.01419 -9.82052e-04
 73  0.01290 -1.25225e-03 | 74  0.01111 -1.41450e-03 | 75  0.00891 -1.60159e-03
 76  0.00626 -1.97862e-03 | 77  0.00311 -3.14889e-03 | 78 -0.00050  9.82913e-03
 79 -0.00459 -1.02270e-04 | 80 -0.00872 -2.09432e-04 | 81 -0.01251  5.25416e-05
 82 -0.01560 -2.84032e-04 | 83 -0.01786 -1.55586e-04 | 84 -0.01939 -3.82624e-05
 85 -0.02050 -1.89573e-04 | 86 -0.02133 -3.27766e-04 | 87 -0.02155 -2.46278e-04
 88 -0.02080 -2.16409e-04 | 89 -0.01928 -3.42803e-04 | 90 -0.01634 -8.86730e-05
 91 -0.01163 -2.60500e-04 | 92 -0.00529  7.29619e-05 | 93 -0.00072  2.32230e-04
 94  0.00263 -3.10754e-04 | 95  0.00453 -7.68648e-04 | 96 -0.00033  6.94877e-05
 97  0.00041 -1.94710e-04 | 98  0.01372 -1.80589e-04 | 99  0.00549 -3.35700e-04
100 -0.01046 -1.06391e-04 |101  0.00674 -1.38429e-04 |102  0.06185 -4.73152e-04
103  0.02939 -3.35873e-04 |104 -0.00966  1.07104e-05 |105 -0.00100 -3.44757e-04
106  0.01234 -4.71030e-05 |107  0.03049 -4.45481e-05 |108  0.00424 -3.49441e-04
109 -0.06012 -2.55011e-05 |110 -0.07597 -3.28003e-05 |111 -0.07436 -1.03794e-06
112 -0.04628 -1.31933e-04 |113  0.08855  5.40254e-05 |114  0.03931  1.29159e-04
115  0.02785  8.54456e-05 |116 -0.03122  9.87854e-05 |117 -0.07188  5.96097e-05
118 -0.02320 -7.20087e-05 |119 -0.00716 -1.11057e-04 |120 -0.04187  1.97532e-04
121  0.01367  8.22546e-05 |122  0.06731 -3.30799e-04 |123  0.00094  1.31714e-04
124  0.07805 -2.34353e-04 |125  0.00107  1.02638e-04 |126  0.12913  2.11644e-04
127 -0.00200 -1.04341e-04 |128 -0.04688 -2.31962e-04 |129 -0.06360  7.03974e-05
130 -0.02859  1.80480e-04 |131  0.08852 -1.01038e-04 |132  0.02369 -2.45970e-04
133  0.01353  1.82642e-05 |134 -0.03732 -8.74685e-05 |135 -0.01823  2.08958e-04
136 -0.00372  3.10857e-04 |137  0.00012  3.04331e-02 |138 -0.66198 -1.45881e-03
139 -0.98746 -8.72956e-05 |140  0.00463  6.27720e-06 |141 -0.00226 -1.11732e-05
142  0.03165  1.19752e-04 |143 -0.00185 -9.14763e-06 |144 -0.00027 -1.33422e-06
145  0.11299  2.74684e-04 |146 -0.07008 -1.69344e-04 |147 -0.00177 -8.31743e-06
148 -0.00391 -4.78990e-05 |149 -0.00217 -1.06969e-05 |150  0.00099  2.68124e-05
151 -0.00051 -2.49304e-06 |152 -0.00100 -4.91045e-06 |153 -0.00186 -1.07817e-05
154  0.00008  7.76425e-07 |155  0.00048  2.03254e-06 |156 -0.00886 -1.88170e-05
157  0.00553  8.46976e-07 |158 -0.02879 -1.43371e-04 |159  0.02116  8.99591e-05
160 -0.57483 -5.87356e-04 |161 -0.51309  2.09014e-04 |162 -0.20222  2.65295e-05
163 -0.21279 -4.90777e-03 |164  0.80046 -9.35459e-03 |165  0.19424  5.24223e-05
166  0.07599  3.91347e-05 |167 -0.26094  1.06392e-04 |168 -0.38604  1.28899e-04
169 -0.19846  6.16239e-04 |170 -0.02854 -4.79267e-06 |171 -0.30297  3.23870e-04
172  0.81800  1.60228e-03 |173  0.00954  4.94297e-06 |174 -0.00138 -6.78626e-06
175 -0.00832  4.91207e-06 |176 -0.00008 -3.93788e-07 |177  0.00122  5.99707e-06
178  0.01956  9.65646e-05 |179  0.00065  3.20162e-06 |180 -0.01681 -8.29894e-05
181 -0.02460 -1.21568e-04 |182  0.00092  4.56181e-06 |183 -0.01521 -4.85036e-05
184  0.00992  1.81390e-05 |185 -0.34665 -1.83435e-03 |186 -0.41303  4.47521e-05
187 -0.03192  4.45472e-04 |188 -0.30270 -3.64653e-03 |189  0.81008 -3.59267e-02

 - final statistics:
189 variables; iteration 229; function evaluation 350
Function value 6.7425e+03; maximum gradient component mag -7.4697e-04
Exit code = 1;  converg criter 1.0000e-03
Var    Value     Gradient |Var    Value     Gradient |Var    Value     Gradient
  1 -0.32127 -9.72168e-07 |  2  0.33568  1.53787e-05 |  3 -0.20770  1.63864e-05
  4  0.10974  1.24101e-05 |  5 -0.59933  7.21729e-07 |  6 -0.65505  1.92616e-06
  7 -0.42801 -3.35441e-06 |  8  0.36055  1.12711e-05 |  9 -0.20028 -2.15523e-06
 10  0.07442  6.03927e-06 | 11 -0.54689 -4.32098e-06 | 12 -0.65347  4.23785e-07
 13  0.86890  5.16315e-06 | 14 -0.00039 -2.29041e-05 | 15 -0.00036 -1.62102e-05
 16 -0.00033 -1.16136e-04 | 17 -0.00028 -7.23759e-06 | 18 -0.00023  1.14948e-04
 19 -0.00018 -7.52692e-05 | 20 -0.00011  3.17189e-05 | 21 -0.00004  3.05825e-05
 22  0.00004 -2.46898e-05 | 23  0.00013  2.59222e-05 | 24  0.00022  2.47994e-05
 25  0.00032 -3.19739e-05 | 26  0.00043  1.44617e-04 | 27  0.00054 -5.05622e-05
 28  0.00065  1.67255e-05 | 29  0.00078 -1.62771e-05 | 30  0.00090  1.33871e-05
 31  0.00103 -1.60353e-05 | 32  0.00116  1.37159e-05 | 33  0.00129 -1.51945e-05
 34  0.00142  6.60639e-06 | 35  0.00154 -2.06955e-06 | 36  0.00166 -2.39125e-05
 37  0.00176 -3.14804e-05 | 38  0.00183 -1.89705e-05 | 39  0.00188 -1.37546e-05
 40  0.00188 -8.89846e-06 | 41  0.00184 -2.42539e-05 | 42  0.00173 -6.58232e-07
 43  0.00155  2.70293e-05 | 44  0.00129  1.54789e-05 | 45  0.00096 -7.80234e-06
 46  0.00055  5.72214e-06 | 47  0.00007 -3.61190e-05 | 48 -0.00047  2.03728e-05
 49 -0.00104  3.75381e-06 | 50 -0.00162  6.51978e-06 | 51 -0.00219  1.87935e-05
 52 -0.00272  1.21000e-05 | 53 -0.00318  6.28964e-06 | 54 -0.00353  1.38805e-05
 55 -0.00374  3.09633e-06 | 56 -0.00379  6.54722e-06 | 57 -0.00363  3.02269e-06
 58 -0.00325  1.56696e-05 | 59 -0.00261  1.48481e-05 | 60 -0.00170  2.33282e-05
 61 -0.00051  8.10452e-05 | 62  0.00096 -1.82522e-04 | 63  0.00270 -1.84546e-05
 64  0.00467 -1.07955e-05 | 65  0.00680 -1.07188e-05 | 66  0.00898 -5.92285e-06
 67  0.01106 -3.57696e-06 | 68  0.01286 -9.44506e-07 | 69  0.01419  2.88386e-06
 70  0.01490  6.45174e-06 | 71  0.01489  1.12871e-05 | 72  0.01420  1.50603e-05
 73  0.01290  1.91296e-05 | 74  0.01112  1.90113e-05 | 75  0.00891  1.89775e-05
 76  0.00627  1.61483e-05 | 77  0.00313  3.65662e-05 | 78 -0.00054 -9.85356e-05
 79 -0.00459 -8.22757e-06 | 80 -0.00872  1.71354e-06 | 81 -0.01251  4.28683e-06
 82 -0.01560  4.47167e-06 | 83 -0.01785  7.27473e-07 | 84 -0.01939 -3.33349e-06
 85 -0.02050 -1.95723e-06 | 86 -0.02133  1.10401e-05 | 87 -0.02155  7.74687e-06
 88 -0.02080 -1.45058e-06 | 89 -0.01927 -2.48634e-06 | 90 -0.01634  4.88986e-06
 91 -0.01163  8.41805e-06 | 92 -0.00529  2.53616e-06 | 93 -0.00072  5.27594e-06
 94  0.00264 -4.32645e-06 | 95  0.00454  5.81973e-06 | 96 -0.00033  6.87183e-06
 97  0.00041 -2.70156e-06 | 98  0.01372  9.26859e-07 | 99  0.00549  2.26359e-06
100 -0.01046 -8.72791e-06 |101  0.00674 -3.80805e-07 |102  0.06185 -5.44192e-06
103  0.02939 -3.13085e-06 |104 -0.00966  2.08959e-06 |105 -0.00099 -1.95661e-06
106  0.01234 -1.91583e-06 |107  0.03049 -1.49129e-06 |108  0.00424 -1.25949e-06
109 -0.06012 -4.67201e-07 |110 -0.07597  5.53846e-08 |111 -0.07436  2.16259e-06
112 -0.04628 -2.49002e-07 |113  0.08855  1.56889e-06 |114  0.03931  9.79861e-07
115  0.02785  1.61178e-06 |116 -0.03122  2.58703e-07 |117 -0.07188 -7.73955e-08
118 -0.02320  2.80492e-06 |119 -0.00715  1.76172e-06 |120 -0.04187 -1.54050e-06
121  0.01367 -2.03294e-06 |122  0.06731 -1.25537e-06 |123  0.00094 -1.88587e-06
124  0.07806 -1.55267e-06 |125  0.00107  1.57452e-08 |126  0.12913 -1.93015e-06
127 -0.00200 -1.89664e-07 |128 -0.04688 -4.37158e-08 |129 -0.06360 -2.13608e-06
130 -0.02859 -2.17448e-06 |131  0.08852 -4.55309e-07 |132  0.02370 -1.66033e-06
133  0.01353 -1.81162e-06 |134 -0.03732  7.03165e-08 |135 -0.01823 -1.01077e-07
136 -0.00372 -5.19831e-07 |137  0.00000  3.34144e-04 |138 -0.66200 -2.55063e-05
139 -0.98782 -2.81284e-05 |140  0.00023 -3.24935e-05 |141 -0.00009 -4.44767e-07
142  0.00583  6.86838e-06 |143  0.00004  2.14382e-07 |144 -0.00064 -3.16138e-06
145  0.04208 -1.04147e-05 |146 -0.02825 -2.86135e-05 |147 -0.00004 -2.24466e-06
148  0.00786  7.70864e-06 |149 -0.00012 -5.74499e-07 |150 -0.00545 -3.65163e-06
151 -0.00052 -2.56704e-06 |152 -0.00049 -2.42993e-06 |153  0.00097  3.06856e-06
154 -0.00019 -5.56815e-07 |155 -0.00024 -1.51849e-06 |156 -0.00418  3.32312e-06
157  0.00543  6.29167e-07 |158  0.00435 -5.92939e-06 |159  0.00061  8.66693e-06
160 -0.57482  2.10446e-05 |161 -0.51569  1.90269e-06 |162 -0.20222  2.70279e-06
163 -0.21279  2.15504e-04 |164  0.80046  4.04344e-04 |165  0.19424 -2.56873e-06
166  0.07599  2.36720e-06 |167 -0.26094 -9.30811e-06 |168 -0.38604  1.28125e-06
169 -0.19846  5.17009e-06 |170 -0.02854  2.07621e-06 |171 -0.30297  2.67064e-06
172  0.81800  2.35801e-05 |173  0.00839 -9.53686e-07 |174 -0.00033 -1.60920e-06
175 -0.00942 -6.12510e-07 |176 -0.00074 -3.63756e-06 |177 -0.00105 -5.20076e-06
178 -0.00283 -1.39462e-05 |179 -0.00048 -2.37027e-06 |180  0.00225  1.10871e-05
181 -0.00116 -5.79945e-06 |182 -0.00054 -2.67002e-06 |183 -0.00324  8.22519e-06
184  0.00562 -2.19584e-06 |185 -0.34664 -4.42325e-05 |186 -0.41405  2.08632e-07
187 -0.03192  1.14528e-05 |188 -0.30270 -8.71366e-05 |189  0.81008 -7.46974e-04
Warning: the following parameters had issues
  Q_parm[5] is within 0.1% of lower bound: -1.00000e+01 < -9.99890e+00 < 2.00000e+00


 - final statistics:
202 variables; iteration 0; function evaluation 0
Function value 6.7425e+03; maximum gradient component mag -7.4698e-04
Exit code = 0;  converg criter 1.0000e-03
Var    Value     Gradient |Var    Value     Gradient |Var    Value     Gradient
  1 -0.32127 -9.72155e-07 |  2  0.33568  1.53787e-05 |  3 -0.20770  1.63864e-05
  4  0.10974  1.24101e-05 |  5 -0.59933  7.21731e-07 |  6 -0.65505  1.92617e-06
  7 -0.42801 -3.35439e-06 |  8  0.36055  1.12711e-05 |  9 -0.20028 -2.15524e-06
 10  0.07442  6.03927e-06 | 11 -0.54689 -4.32098e-06 | 12 -0.65347  4.23794e-07
 13  0.86890  5.16314e-06 | 14 -0.00039 -2.29041e-05 | 15 -0.00036 -1.62102e-05
 16 -0.00033 -1.16136e-04 | 17 -0.00028 -7.23759e-06 | 18 -0.00023  1.14948e-04
 19 -0.00018 -7.52692e-05 | 20 -0.00011  3.17189e-05 | 21 -0.00004  3.05825e-05
 22  0.00004 -2.46898e-05 | 23  0.00013  2.59222e-05 | 24  0.00022  2.47994e-05
 25  0.00032 -3.19739e-05 | 26  0.00043  1.44617e-04 | 27  0.00054 -5.05622e-05
 28  0.00065  1.67255e-05 | 29  0.00078 -1.62771e-05 | 30  0.00090  1.33871e-05
 31  0.00103 -1.60353e-05 | 32  0.00116  1.37159e-05 | 33  0.00129 -1.51945e-05
 34  0.00142  6.60639e-06 | 35  0.00154 -2.06955e-06 | 36  0.00166 -2.39125e-05
 37  0.00176 -3.14804e-05 | 38  0.00183 -1.89705e-05 | 39  0.00188 -1.37546e-05
 40  0.00188 -8.89846e-06 | 41  0.00184 -2.42539e-05 | 42  0.00173 -6.58232e-07
 43  0.00155  2.70293e-05 | 44  0.00129  1.54789e-05 | 45  0.00096 -7.80234e-06
 46  0.00055  5.72214e-06 | 47  0.00007 -3.61190e-05 | 48 -0.00047  2.03728e-05
 49 -0.00104  3.75381e-06 | 50 -0.00162  6.51977e-06 | 51 -0.00219  1.87935e-05
 52 -0.00272  1.21000e-05 | 53 -0.00318  6.28964e-06 | 54 -0.00353  1.38805e-05
 55 -0.00374  3.09633e-06 | 56 -0.00379  6.54722e-06 | 57 -0.00363  3.02269e-06
 58 -0.00325  1.56696e-05 | 59 -0.00261  1.48481e-05 | 60 -0.00170  2.33282e-05
 61 -0.00051  8.10452e-05 | 62  0.00096 -1.82522e-04 | 63  0.00270 -1.84546e-05
 64  0.00467 -1.07955e-05 | 65  0.00680 -1.07188e-05 | 66  0.00898 -5.92285e-06
 67  0.01106 -3.57696e-06 | 68  0.01286 -9.44506e-07 | 69  0.01419  2.88386e-06
 70  0.01490  6.45174e-06 | 71  0.01489  1.12871e-05 | 72  0.01420  1.50603e-05
 73  0.01290  1.91296e-05 | 74  0.01112  1.90113e-05 | 75  0.00891  1.89775e-05
 76  0.00627  1.61483e-05 | 77  0.00313  3.65662e-05 | 78 -0.00054 -9.85356e-05
 79 -0.00459 -8.22757e-06 | 80 -0.00872  1.71354e-06 | 81 -0.01251  4.28683e-06
 82 -0.01560  4.47167e-06 | 83 -0.01785  7.27472e-07 | 84 -0.01939 -3.33350e-06
 85 -0.02050 -1.95723e-06 | 86 -0.02133  1.10401e-05 | 87 -0.02155  7.74687e-06
 88 -0.02080 -1.45058e-06 | 89 -0.01927 -2.48634e-06 | 90 -0.01634  4.88986e-06
 91 -0.01163  8.41805e-06 | 92 -0.00529  2.53616e-06 | 93 -0.00072  5.27594e-06
 94  0.00264 -4.32645e-06 | 95  0.00454  5.81973e-06 | 96 -0.00033  6.87183e-06
 97  0.00041 -2.70156e-06 | 98  0.01372  9.26858e-07 | 99  0.00549  2.26359e-06
100 -0.01046 -8.72791e-06 |101  0.00674 -3.80806e-07 |102  0.06185 -5.44192e-06
103  0.02939 -3.13085e-06 |104 -0.00966  2.08958e-06 |105 -0.00099 -1.95661e-06
106  0.01234 -1.91583e-06 |107  0.03049 -1.49129e-06 |108  0.00424 -1.25949e-06
109 -0.06012 -4.67201e-07 |110 -0.07597  5.53847e-08 |111 -0.07436  2.16259e-06
112 -0.04628 -2.49001e-07 |113  0.08855  1.56890e-06 |114  0.03931  9.79863e-07
115  0.02785  1.61178e-06 |116 -0.03122  2.58704e-07 |117 -0.07188 -7.73951e-08
118 -0.02320  2.80492e-06 |119 -0.00715  1.76172e-06 |120 -0.04187 -1.54050e-06
121  0.01367 -2.03294e-06 |122  0.06731 -1.25537e-06 |123  0.00094 -1.88587e-06
124  0.07806 -1.55267e-06 |125  0.00107  1.57457e-08 |126  0.12913 -1.93015e-06
127 -0.00200 -1.89664e-07 |128 -0.04688 -4.37155e-08 |129 -0.06360 -2.13608e-06
130 -0.02859 -2.17448e-06 |131  0.08852 -4.55308e-07 |132  0.02370 -1.66033e-06
133  0.01353 -1.81162e-06 |134 -0.03732  7.03167e-08 |135 -0.01823 -1.01077e-07
136 -0.00372 -5.19831e-07 |137  0.00000  3.34144e-04 |138  0.00000  0.00000e+00
139  0.00000  0.00000e+00 |140  0.00000  0.00000e+00 |141  0.00000  0.00000e+00
142  0.00000  0.00000e+00 |143  0.00000  0.00000e+00 |144  0.00000  0.00000e+00
145  0.00000  0.00000e+00 |146  0.00000  0.00000e+00 |147  0.00000  0.00000e+00
148  0.00000  0.00000e+00 |149  0.00000  0.00000e+00 |150  0.00000  0.00000e+00
151 -0.66200 -2.55064e-05 |152 -0.98782 -2.81284e-05 |153  0.00023 -3.24935e-05
154 -0.00009 -4.44767e-07 |155  0.00583  6.86838e-06 |156  0.00004  2.14382e-07
157 -0.00064 -3.16138e-06 |158  0.04208 -1.04147e-05 |159 -0.02825 -2.86135e-05
160 -0.00004 -2.24466e-06 |161  0.00786  7.70864e-06 |162 -0.00012 -5.74499e-07
163 -0.00545 -3.65163e-06 |164 -0.00052 -2.56704e-06 |165 -0.00049 -2.42993e-06
166  0.00097  3.06856e-06 |167 -0.00019 -5.56815e-07 |168 -0.00024 -1.51849e-06
169 -0.00418  3.32312e-06 |170  0.00543  6.29167e-07 |171  0.00435 -5.92939e-06
172  0.00061  8.66693e-06 |173 -0.57482  2.10446e-05 |174 -0.51569  1.90269e-06
175 -0.20222  2.70279e-06 |176 -0.21279  2.15504e-04 |177  0.80046  4.04344e-04
178  0.19424 -2.56873e-06 |179  0.07599  2.36720e-06 |180 -0.26094 -9.30811e-06
181 -0.38604  1.28125e-06 |182 -0.19846  5.17010e-06 |183 -0.02854  2.07621e-06
184 -0.30297  2.67064e-06 |185  0.81800  2.35797e-05 |186  0.00839 -9.53686e-07
187 -0.00033 -1.60920e-06 |188 -0.00942 -6.12510e-07 |189 -0.00074 -3.63756e-06
190 -0.00105 -5.20076e-06 |191 -0.00283 -1.39462e-05 |192 -0.00048 -2.37027e-06
193  0.00225  1.10871e-05 |194 -0.00116 -5.79945e-06 |195 -0.00054 -2.67002e-06
196 -0.00324  8.22519e-06 |197  0.00562 -2.19584e-06 |198 -0.34664 -4.42325e-05
199 -0.41405  2.08632e-07 |200 -0.03192  1.14528e-05 |201 -0.30270 -8.71366e-05
202  0.81008 -7.46975e-04 |
size of file gradfil1.tmp = 0
size of file gradfil2.tmp = 0
size of file varssave.tmp = 0
size of file cmpdiff.tmp = 1000000040
