
Initial statistics: 136 variables; iteration 0; function evaluation 0; phase 1
Function value 7.3785782e+03; maximum gradient component mag -2.5314e+02
Var    Value     Gradient |Var    Value     Gradient |Var    Value     Gradient
  1 -0.42335 -2.71616e+01 |  2 -0.09168 -2.53140e+02 |  3  0.00000  4.71811e+00
  4  0.00000  4.83991e+00 |  5  0.00000  4.96270e+00 |  6  0.00000  5.08621e+00
  7  0.00000  5.21027e+00 |  8  0.00000  5.33447e+00 |  9  0.00000  5.45838e+00
 10  0.00000  5.58163e+00 | 11  0.00000  5.70383e+00 | 12  0.00000  5.82459e+00
 13  0.00000  5.94347e+00 | 14  0.00000  6.06009e+00 | 15  0.00000  6.17397e+00
 16  0.00000  6.28456e+00 | 17  0.00000  6.39122e+00 | 18  0.00000  6.49322e+00
 19  0.00000  6.58988e+00 | 20  0.00000  6.68059e+00 | 21  0.00000  6.76489e+00
 22  0.00000  6.84223e+00 | 23  0.00000  6.91192e+00 | 24  0.00000  6.97318e+00
 25  0.00000  7.02495e+00 | 26  0.00000  7.06610e+00 | 27  0.00000  7.09528e+00
 28  0.00000  7.11127e+00 | 29  0.00000  7.11287e+00 | 30  0.00000  7.09844e+00
 31  0.00000  7.06836e+00 | 32  0.00000  7.02174e+00 | 33  0.00000  6.95819e+00
 34  0.00000  6.87766e+00 | 35  0.00000  6.78013e+00 | 36  0.00000  6.66581e+00
 37  0.00000  6.53530e+00 | 38  0.00000  6.38912e+00 | 39  0.00000  6.22793e+00
 40  0.00000  6.05228e+00 | 41  0.00000  5.86223e+00 | 42  0.00000  5.65682e+00
 43  0.00000  5.43434e+00 | 44  0.00000  5.19105e+00 | 45  0.00000  4.92107e+00
 46  0.00000  4.61728e+00 | 47  0.00000  4.27154e+00 | 48  0.00000  3.87432e+00
 49  0.00000  3.41614e+00 | 50  0.00000  2.88691e+00 | 51  0.00000  2.27668e+00
 52  0.00000  1.57532e+00 | 53  0.00000  7.73981e-01 | 54  0.00000 -1.34733e-01
 55  0.00000 -1.15578e+00 | 56  0.00000 -2.29232e+00 | 57  0.00000 -3.54381e+00
 58  0.00000 -4.90480e+00 | 59  0.00000 -6.36585e+00 | 60  0.00000 -7.91085e+00
 61  0.00000 -9.51815e+00 | 62  0.00000 -1.11582e+01 | 63  0.00000 -1.27963e+01
 64  0.00000 -1.43929e+01 | 65  0.00000 -1.59055e+01 | 66  0.00000 -1.72923e+01
 67  0.00000 -1.85210e+01 | 68  0.00000 -1.95713e+01 | 69  0.00000 -2.04362e+01
 70  0.00000 -2.11209e+01 | 71  0.00000 -2.16289e+01 | 72  0.00000 -2.19539e+01
 73  0.00000 -2.20716e+01 | 74  0.00000 -2.19454e+01 | 75  0.00000 -2.15482e+01
 76  0.00000 -2.08881e+01 | 77  0.00000 -2.00346e+01 | 78  0.00000 -1.91108e+01
 79  0.00000 -1.82628e+01 | 80  0.00000 -1.75828e+01 | 81  0.00000 -1.70886e+01
 82  0.00000 -1.67360e+01 | 83  0.00000 -1.65387e+01 | 84  0.00000 -1.66557e+01
 85  0.00000 -1.71526e+01 | 86  0.00000 -1.77910e+01 | 87  0.00000 -1.90513e+01
 88  0.00000 -2.08278e+01 | 89  0.00000 -2.32309e+01 | 90  0.00000 -2.52498e+01
 91  0.00000 -2.73487e+01 | 92  0.00000 -2.97676e+01 | 93  0.00000 -3.13914e+01
 94  0.00000 -3.61144e+01 | 95  0.00000 -4.60775e+01 | 96  0.00000 -5.22072e+01
 97  0.00000 -5.26443e+01 | 98  0.00000 -6.56001e+01 | 99  0.00000 -8.25566e+01
100  0.00000 -6.58059e+01 |101  0.00000 -3.55767e+01 |102  0.00000 -2.62560e+01
103  0.00000 -1.86944e+01 |104  0.00000 -4.16496e+00 |105  0.00000  3.86388e+01
106  0.00000  1.10100e+02 |107  0.00000  1.42880e+02 |108  0.00000  1.34659e+02
109  0.00000  7.21987e+01 |110  0.00000 -5.51475e+00 |111  0.00000  4.41508e+00
112  0.00000  2.69153e+01 |113  0.00000  5.36323e+01 |114  0.00000  7.34763e+01
115  0.00000  4.05227e+01 |116  0.00000  2.43458e+01 |117  0.00000  1.91671e+01
118  0.00000 -1.92663e+01 |119  0.00000 -4.50720e+01 |120  0.00000 -3.16722e+01
121  0.00000 -5.06717e+01 |122  0.00000 -2.07132e+01 |123  0.00000 -9.03619e+01
124  0.00000  3.40674e+00 |125  0.00000  2.57065e+01 |126  0.00000  2.81973e+01
127  0.00000  9.35727e+00 |128  0.00000 -3.69536e+01 |129  0.00000 -1.38183e+01
130  0.00000 -3.70979e+00 |131  0.00000  1.08161e+01 |132  0.00000  5.18180e+00
133  0.00000  1.49401e+00 |134  0.00000  1.14376e-01 |135  0.27523 -3.69251e+01
136  0.18628 -5.80805e+01 |

Intermediate statistics: 136 variables; iteration 20; function evaluation 27; phase 1
Function value 7.3408984e+03; maximum gradient component mag -1.3055e+02
Var    Value     Gradient |Var    Value     Gradient |Var    Value     Gradient
  1 -0.42590 -4.55018e+01 |  2 -0.10730 -1.30554e+02 |  3 -0.00945  4.98914e-01
  4 -0.00959  5.29247e-01 |  5 -0.00972  5.61711e-01 |  6 -0.00984  5.96442e-01
  7 -0.00995  6.33612e-01 |  8 -0.01004  6.73325e-01 |  9 -0.01012  7.15706e-01
 10 -0.01018  7.60890e-01 | 11 -0.01022  8.09000e-01 | 12 -0.01024  8.60173e-01
 13 -0.01024  9.14549e-01 | 14 -0.01021  9.72260e-01 | 15 -0.01016  1.03345e+00
 16 -0.01008  1.09827e+00 | 17 -0.00997  1.16683e+00 | 18 -0.00983  1.23920e+00
 19 -0.00965  1.31540e+00 | 20 -0.00944  1.39542e+00 | 21 -0.00920  1.47932e+00
 22 -0.00891  1.56717e+00 | 23 -0.00859  1.65906e+00 | 24 -0.00822  1.75507e+00
 25 -0.00781  1.85522e+00 | 26 -0.00735  1.95943e+00 | 27 -0.00684  2.06746e+00
 28 -0.00628  2.17894e+00 | 29 -0.00568  2.29327e+00 | 30 -0.00502  2.40939e+00
 31 -0.00431  2.52680e+00 | 32 -0.00356  2.64406e+00 | 33 -0.00278  2.75949e+00
 34 -0.00197  2.87088e+00 | 35 -0.00115  2.97526e+00 | 36 -0.00033  3.06885e+00
 37  0.00046  3.14734e+00 | 38  0.00119  3.20566e+00 | 39  0.00184  3.23837e+00
 40  0.00238  3.23977e+00 | 41  0.00278  3.20393e+00 | 42  0.00302  3.12492e+00
 43  0.00306  2.99760e+00 | 44  0.00289  2.81762e+00 | 45  0.00252  2.58181e+00
 46  0.00196  2.28861e+00 | 47  0.00121  1.93776e+00 | 48  0.00032  1.53011e+00
 49 -0.00069  1.06871e+00 | 50 -0.00176  5.58890e-01 | 51 -0.00285  9.34564e-03
 52 -0.00386 -5.66941e-01 | 53 -0.00470 -1.15135e+00 | 54 -0.00524 -1.71855e+00
 55 -0.00531 -2.23529e+00 | 56 -0.00472 -2.66330e+00 | 57 -0.00321 -2.95804e+00
 58 -0.00055 -3.07746e+00 | 59  0.00349 -2.99452e+00 | 60  0.00901 -2.71611e+00
 61  0.01585 -2.30774e+00 | 62  0.02339 -1.91317e+00 | 63  0.03046 -1.74681e+00
 64  0.03536 -2.03799e+00 | 65  0.03638 -2.93015e+00 | 66  0.03282 -4.38271e+00
 67  0.02590 -6.14291e+00 | 68  0.01832 -7.81494e+00 | 69  0.01258 -9.04869e+00
 70  0.00964 -9.72608e+00 | 71  0.00931 -9.88913e+00 | 72  0.01139 -9.58009e+00
 73  0.01622 -8.73955e+00 | 74  0.02391 -7.33520e+00 | 75  0.03238 -5.64306e+00
 76  0.03727 -4.25931e+00 | 77  0.03549 -3.71825e+00 | 78  0.02814 -4.12810e+00
 79  0.01865 -5.19407e+00 | 80  0.00965 -6.52286e+00 | 81  0.00236 -7.80704e+00
 82 -0.00229 -8.73627e+00 | 83 -0.00360 -9.12520e+00 | 84 -0.00270 -9.27790e+00
 85 -0.00027 -9.34758e+00 | 86  0.00751 -8.43853e+00 | 87  0.01365 -8.26315e+00
 88  0.01741 -8.79416e+00 | 89  0.00777 -1.15538e+01 | 90  0.01442 -1.12386e+01
 91  0.01558 -1.13873e+01 | 92  0.00508 -1.29245e+01 | 93 -0.00382 -1.28509e+01
 94  0.01030 -1.13529e+01 | 95 -0.00357 -1.71082e+01 | 96  0.05274 -9.83696e+00
 97 -0.04627 -1.98704e+01 | 98 -0.02872 -1.88219e+01 | 99  0.12091 -1.62976e+01
100 -0.00523 -1.70289e+01 |101 -0.05830 -1.91597e+01 |102  0.01557 -6.66396e+00
103 -0.00152 -7.85355e+00 |104  0.04097  8.84717e+00 |105 -0.00932  1.57796e+01
106 -0.02429  4.91849e+01 |107 -0.03325  6.01959e+01 |108 -0.03415  5.38260e+01
109 -0.02992  2.11521e+01 |110  0.05424  4.19166e+00 |111  0.00749 -3.47292e+00
112  0.01153  5.34366e+00 |113 -0.02765  6.77239e+00 |114 -0.05189  1.31439e+01
115 -0.00333  1.15600e+01 |116  0.01123  1.11935e+01 |117 -0.02505  4.33460e+00
118  0.01584 -3.30815e+00 |119  0.07367 -6.95757e+00 |120 -0.03336 -1.56594e+01
121  0.08465 -5.77255e+00 |122 -0.01950 -1.02002e+01 |123  0.12383 -7.16879e+00
124 -0.00859 -7.54200e-01 |125 -0.04285  2.22887e+00 |126 -0.04963  3.16163e+00
127 -0.02100  7.78859e-01 |128  0.08882 -1.82182e+00 |129  0.02994 -4.69094e-01
130  0.01660  3.23235e-01 |131 -0.02726  5.00001e-01 |132 -0.02401 -1.76611e+00
133 -0.00986 -9.69833e-01 |134 -0.00060 -4.60369e-02 |135  0.29404 -1.21985e+01
136  0.20058 -3.08547e+01 |

 - final statistics:
136 variables; iteration 35; function evaluation 49
Function value 7.3343e+03; maximum gradient component mag 9.4456e+00
Exit code = 1;  converg criter 1.0000e+01
Var    Value     Gradient |Var    Value     Gradient |Var    Value     Gradient
  1 -0.42343 -2.94482e+00 |  2 -0.09426  8.42213e+00 |  3 -0.01011  6.59149e-02
  4 -0.01034  6.37513e-02 |  5 -0.01057  6.14957e-02 |  6 -0.01080  5.91724e-02
  7 -0.01102  5.68060e-02 |  8 -0.01124  5.44324e-02 |  9 -0.01145  5.20882e-02
 10 -0.01165  4.98126e-02 | 11 -0.01184  4.76485e-02 | 12 -0.01202  4.56399e-02
 13 -0.01218  4.38321e-02 | 14 -0.01233  4.22708e-02 | 15 -0.01247  4.09999e-02
 16 -0.01258  4.00597e-02 | 17 -0.01268  3.94890e-02 | 18 -0.01275  3.93296e-02
 19 -0.01280  3.96315e-02 | 20 -0.01283  4.04555e-02 | 21 -0.01283  4.18619e-02
 22 -0.01280  4.39031e-02 | 23 -0.01274  4.66143e-02 | 24 -0.01265  5.00020e-02
 25 -0.01253  5.40330e-02 | 26 -0.01237  5.86262e-02 | 27 -0.01218  6.36470e-02
 28 -0.01195  6.89098e-02 | 29 -0.01168  7.41818e-02 | 30 -0.01137  7.91690e-02
 31 -0.01102  8.36006e-02 | 32 -0.01064  8.71506e-02 | 33 -0.01024  8.95126e-02
 34 -0.00980  9.04578e-02 | 35 -0.00935  8.98916e-02 | 36 -0.00889  8.79440e-02
 37 -0.00842  8.50240e-02 | 38 -0.00796  8.18090e-02 | 39 -0.00751  7.92074e-02
 40 -0.00708  7.82549e-02 | 41 -0.00667  8.00048e-02 | 42 -0.00629  8.54285e-02
 43 -0.00595  9.53728e-02 | 44 -0.00563  1.10419e-01 | 45 -0.00533  1.30795e-01
 46 -0.00503  1.56392e-01 | 47 -0.00472  1.86816e-01 | 48 -0.00437  2.21399e-01
 49 -0.00396  2.59286e-01 | 50 -0.00346  2.99239e-01 | 51 -0.00286  3.39420e-01
 52 -0.00212  3.76781e-01 | 53 -0.00124  4.06604e-01 | 54 -0.00021  4.21920e-01
 55  0.00097  4.13523e-01 | 56  0.00228  3.72724e-01 | 57  0.00373  2.95424e-01
 58  0.00537  1.91935e-01 | 59  0.00734  9.60871e-02 | 60  0.00987  6.25426e-02
 61  0.01312  1.31418e-01 | 62  0.01685  2.54052e-01 | 63  0.02017  2.61953e-01
 64  0.02233  3.81795e-02 | 65  0.02388 -2.51006e-01 | 66  0.02632 -2.73754e-01
 67  0.03000  5.26938e-02 | 68  0.03345  4.56096e-01 | 69  0.03538  7.06912e-01
 70  0.03586  8.11390e-01 | 71  0.03539  8.42507e-01 | 72  0.03412  8.17474e-01
 73  0.03162  6.56713e-01 | 74  0.02714  2.24980e-01 | 75  0.02145 -3.42760e-01
 76  0.01761 -4.57809e-01 | 77  0.01629 -1.16584e-02 | 78  0.01450  2.70557e-01
 79  0.01162  1.32844e-01 | 80  0.00900 -1.79558e-01 | 81  0.00713 -5.09685e-01
 82  0.00569 -8.39745e-01 | 83  0.00451 -1.18035e+00 | 84  0.00400 -1.55323e+00
 85  0.00430 -1.95745e+00 | 86  0.00447 -2.32866e+00 | 87  0.00569 -2.84892e+00
 88  0.00733 -3.52030e+00 | 89  0.01294 -3.74784e+00 | 90  0.01141 -4.51690e+00
 91  0.00893 -5.13537e+00 | 92  0.00782 -5.31807e+00 | 93 -0.00135 -5.47207e+00
 94 -0.00477 -6.34910e+00 | 95  0.02761 -4.23475e+00 | 96  0.01978 -4.71085e+00
 97 -0.00250 -3.14060e+00 | 98  0.00111 -5.84698e+00 | 99  0.09771 -1.39234e+00
100  0.00960 -5.74682e+00 |101 -0.01467 -6.95782e-01 |102  0.00663  1.52656e+00
103  0.01773  2.40307e+00 |104  0.03880  5.75843e+00 |105  0.00455  6.97159e+00
106 -0.06045  5.92486e+00 |107 -0.07416  7.59834e+00 |108 -0.06879  9.44559e+00
109 -0.02985  7.11785e+00 |110  0.06386  4.81893e+00 |111  0.03180  8.10495e+00
112  0.01527  3.48606e+00 |113 -0.03334 -2.43911e+00 |114 -0.07770 -5.27401e+00
115 -0.01221 -4.21198e+00 |116  0.00641 -9.55080e-01 |117 -0.02260  5.76764e-01
118  0.01997 -3.22716e+00 |119  0.07299  8.18005e-01 |120  0.02149  5.13308e+00
121  0.08136  1.84562e+00 |122  0.00837  1.41676e+00 |123  0.13266  3.31900e-01
124 -0.00555 -8.69670e-02 |125 -0.04402  1.00273e+00 |126 -0.05675  6.22175e-02
127 -0.01947  8.82465e-01 |128  0.09365 -9.45649e-02 |129  0.03105 -3.12672e-01
130  0.01210 -1.73840e+00 |131 -0.02680  4.59941e-01 |132 -0.01705  1.44154e-01
133 -0.00450  3.54127e-01 |134 -0.00034  1.49455e-02 |135  0.28166  8.68992e+00
136  0.19174  7.81472e+00 |

 - final statistics:
146 variables; iteration 0; function evaluation 0
Function value 7.3343e+03; maximum gradient component mag 9.4456e+00
Exit code = 0;  converg criter 1.0000e+01
Var    Value     Gradient |Var    Value     Gradient |Var    Value     Gradient
  1 -0.42343 -2.94482e+00 |  2  0.37108  4.50731e+00 |  3 -0.12611  4.75739e+00
  4 -0.01318  4.12414e+00 |  5 -0.70910  9.16341e-01 |  6 -0.60422 -1.54855e+00
  7  0.37624  5.28914e+00 |  8 -0.18520  9.26609e+00 |  9  0.03404  5.61653e+00
 10 -0.60952  7.43563e-01 | 11 -0.62338  5.68012e-01 | 12 -0.09426  8.42213e+00
 13 -0.01011  6.59149e-02 | 14 -0.01034  6.37513e-02 | 15 -0.01057  6.14957e-02
 16 -0.01080  5.91724e-02 | 17 -0.01102  5.68060e-02 | 18 -0.01124  5.44324e-02
 19 -0.01145  5.20882e-02 | 20 -0.01165  4.98126e-02 | 21 -0.01184  4.76485e-02
 22 -0.01202  4.56399e-02 | 23 -0.01218  4.38321e-02 | 24 -0.01233  4.22708e-02
 25 -0.01247  4.09999e-02 | 26 -0.01258  4.00597e-02 | 27 -0.01268  3.94890e-02
 28 -0.01275  3.93296e-02 | 29 -0.01280  3.96315e-02 | 30 -0.01283  4.04555e-02
 31 -0.01283  4.18619e-02 | 32 -0.01280  4.39031e-02 | 33 -0.01274  4.66143e-02
 34 -0.01265  5.00020e-02 | 35 -0.01253  5.40330e-02 | 36 -0.01237  5.86262e-02
 37 -0.01218  6.36470e-02 | 38 -0.01195  6.89098e-02 | 39 -0.01168  7.41818e-02
 40 -0.01137  7.91690e-02 | 41 -0.01102  8.36006e-02 | 42 -0.01064  8.71506e-02
 43 -0.01024  8.95126e-02 | 44 -0.00980  9.04578e-02 | 45 -0.00935  8.98916e-02
 46 -0.00889  8.79440e-02 | 47 -0.00842  8.50240e-02 | 48 -0.00796  8.18090e-02
 49 -0.00751  7.92074e-02 | 50 -0.00708  7.82549e-02 | 51 -0.00667  8.00048e-02
 52 -0.00629  8.54285e-02 | 53 -0.00595  9.53728e-02 | 54 -0.00563  1.10419e-01
 55 -0.00533  1.30795e-01 | 56 -0.00503  1.56392e-01 | 57 -0.00472  1.86816e-01
 58 -0.00437  2.21399e-01 | 59 -0.00396  2.59286e-01 | 60 -0.00346  2.99239e-01
 61 -0.00286  3.39420e-01 | 62 -0.00212  3.76781e-01 | 63 -0.00124  4.06604e-01
 64 -0.00021  4.21920e-01 | 65  0.00097  4.13523e-01 | 66  0.00228  3.72724e-01
 67  0.00373  2.95424e-01 | 68  0.00537  1.91935e-01 | 69  0.00734  9.60871e-02
 70  0.00987  6.25426e-02 | 71  0.01312  1.31418e-01 | 72  0.01685  2.54052e-01
 73  0.02017  2.61953e-01 | 74  0.02233  3.81795e-02 | 75  0.02388 -2.51006e-01
 76  0.02632 -2.73754e-01 | 77  0.03000  5.26938e-02 | 78  0.03345  4.56096e-01
 79  0.03538  7.06912e-01 | 80  0.03586  8.11390e-01 | 81  0.03539  8.42507e-01
 82  0.03412  8.17474e-01 | 83  0.03162  6.56713e-01 | 84  0.02714  2.24980e-01
 85  0.02145 -3.42760e-01 | 86  0.01761 -4.57809e-01 | 87  0.01629 -1.16584e-02
 88  0.01450  2.70557e-01 | 89  0.01162  1.32844e-01 | 90  0.00900 -1.79558e-01
 91  0.00713 -5.09685e-01 | 92  0.00569 -8.39745e-01 | 93  0.00451 -1.18035e+00
 94  0.00400 -1.55323e+00 | 95  0.00430 -1.95745e+00 | 96  0.00447 -2.32866e+00
 97  0.00569 -2.84892e+00 | 98  0.00733 -3.52030e+00 | 99  0.01294 -3.74784e+00
100  0.01141 -4.51690e+00 |101  0.00893 -5.13537e+00 |102  0.00782 -5.31807e+00
103 -0.00135 -5.47207e+00 |104 -0.00477 -6.34910e+00 |105  0.02761 -4.23475e+00
106  0.01978 -4.71085e+00 |107 -0.00250 -3.14060e+00 |108  0.00111 -5.84698e+00
109  0.09771 -1.39234e+00 |110  0.00960 -5.74682e+00 |111 -0.01467 -6.95782e-01
112  0.00663  1.52656e+00 |113  0.01773  2.40307e+00 |114  0.03880  5.75843e+00
115  0.00455  6.97159e+00 |116 -0.06045  5.92486e+00 |117 -0.07416  7.59834e+00
118 -0.06879  9.44559e+00 |119 -0.02985  7.11785e+00 |120  0.06386  4.81893e+00
121  0.03180  8.10495e+00 |122  0.01527  3.48606e+00 |123 -0.03334 -2.43911e+00
124 -0.07770 -5.27401e+00 |125 -0.01221 -4.21198e+00 |126  0.00641 -9.55080e-01
127 -0.02260  5.76764e-01 |128  0.01997 -3.22716e+00 |129  0.07299  8.18005e-01
130  0.02149  5.13308e+00 |131  0.08136  1.84562e+00 |132  0.00837  1.41676e+00
133  0.13266  3.31900e-01 |134 -0.00555 -8.69670e-02 |135 -0.04402  1.00273e+00
136 -0.05675  6.22175e-02 |137 -0.01947  8.82465e-01 |138  0.09365 -9.45649e-02
139  0.03105 -3.12672e-01 |140  0.01210 -1.73840e+00 |141 -0.02680  4.59941e-01
142 -0.01705  1.44154e-01 |143 -0.00450  3.54127e-01 |144 -0.00034  1.49455e-02
145  0.28166  8.68992e+00 |146  0.19174  7.81472e+00 |

Initial statistics: 176 variables; iteration 0; function evaluation 0; phase 3
Function value 7.3343477e+03; maximum gradient component mag -1.2972e+01
Var    Value     Gradient |Var    Value     Gradient |Var    Value     Gradient
  1 -0.42343 -2.94482e+00 |  2  0.37108  4.50731e+00 |  3 -0.12611  4.75739e+00
  4 -0.01318  4.12414e+00 |  5 -0.70910  9.16341e-01 |  6 -0.60422 -1.54855e+00
  7  0.37624  5.28914e+00 |  8 -0.18520  9.26609e+00 |  9  0.03404  5.61653e+00
 10 -0.60952  7.43563e-01 | 11 -0.62338  5.68012e-01 | 12 -0.09426  8.42213e+00
 13 -0.01011  6.59149e-02 | 14 -0.01034  6.37513e-02 | 15 -0.01057  6.14957e-02
 16 -0.01080  5.91724e-02 | 17 -0.01102  5.68060e-02 | 18 -0.01124  5.44324e-02
 19 -0.01145  5.20882e-02 | 20 -0.01165  4.98126e-02 | 21 -0.01184  4.76485e-02
 22 -0.01202  4.56399e-02 | 23 -0.01218  4.38321e-02 | 24 -0.01233  4.22708e-02
 25 -0.01247  4.09999e-02 | 26 -0.01258  4.00597e-02 | 27 -0.01268  3.94890e-02
 28 -0.01275  3.93296e-02 | 29 -0.01280  3.96315e-02 | 30 -0.01283  4.04555e-02
 31 -0.01283  4.18619e-02 | 32 -0.01280  4.39031e-02 | 33 -0.01274  4.66143e-02
 34 -0.01265  5.00020e-02 | 35 -0.01253  5.40330e-02 | 36 -0.01237  5.86262e-02
 37 -0.01218  6.36470e-02 | 38 -0.01195  6.89098e-02 | 39 -0.01168  7.41818e-02
 40 -0.01137  7.91690e-02 | 41 -0.01102  8.36006e-02 | 42 -0.01064  8.71506e-02
 43 -0.01024  8.95126e-02 | 44 -0.00980  9.04578e-02 | 45 -0.00935  8.98916e-02
 46 -0.00889  8.79440e-02 | 47 -0.00842  8.50240e-02 | 48 -0.00796  8.18090e-02
 49 -0.00751  7.92074e-02 | 50 -0.00708  7.82549e-02 | 51 -0.00667  8.00048e-02
 52 -0.00629  8.54285e-02 | 53 -0.00595  9.53728e-02 | 54 -0.00563  1.10419e-01
 55 -0.00533  1.30795e-01 | 56 -0.00503  1.56392e-01 | 57 -0.00472  1.86816e-01
 58 -0.00437  2.21399e-01 | 59 -0.00396  2.59286e-01 | 60 -0.00346  2.99239e-01
 61 -0.00286  3.39420e-01 | 62 -0.00212  3.76781e-01 | 63 -0.00124  4.06604e-01
 64 -0.00021  4.21920e-01 | 65  0.00097  4.13523e-01 | 66  0.00228  3.72724e-01
 67  0.00373  2.95424e-01 | 68  0.00537  1.91935e-01 | 69  0.00734  9.60871e-02
 70  0.00987  6.25426e-02 | 71  0.01312  1.31418e-01 | 72  0.01685  2.54052e-01
 73  0.02017  2.61953e-01 | 74  0.02233  3.81795e-02 | 75  0.02388 -2.51006e-01
 76  0.02632 -2.73754e-01 | 77  0.03000  5.26938e-02 | 78  0.03345  4.56096e-01
 79  0.03538  7.06912e-01 | 80  0.03586  8.11390e-01 | 81  0.03539  8.42507e-01
 82  0.03412  8.17474e-01 | 83  0.03162  6.56713e-01 | 84  0.02714  2.24980e-01
 85  0.02145 -3.42760e-01 | 86  0.01761 -4.57809e-01 | 87  0.01629 -1.16584e-02
 88  0.01450  2.70557e-01 | 89  0.01162  1.32844e-01 | 90  0.00900 -1.79558e-01
 91  0.00713 -5.09685e-01 | 92  0.00569 -8.39745e-01 | 93  0.00451 -1.18035e+00
 94  0.00400 -1.55323e+00 | 95  0.00430 -1.95745e+00 | 96  0.00447 -2.32866e+00
 97  0.00569 -2.84892e+00 | 98  0.00733 -3.52030e+00 | 99  0.01294 -3.74784e+00
100  0.01141 -4.51690e+00 |101  0.00893 -5.13537e+00 |102  0.00782 -5.31807e+00
103 -0.00135 -5.47207e+00 |104 -0.00477 -6.34910e+00 |105  0.02761 -4.23475e+00
106  0.01978 -4.71085e+00 |107 -0.00250 -3.14060e+00 |108  0.00111 -5.84698e+00
109  0.09771 -1.39234e+00 |110  0.00960 -5.74682e+00 |111 -0.01467 -6.95782e-01
112  0.00663  1.52656e+00 |113  0.01773  2.40307e+00 |114  0.03880  5.75843e+00
115  0.00455  6.97159e+00 |116 -0.06045  5.92486e+00 |117 -0.07416  7.59834e+00
118 -0.06879  9.44559e+00 |119 -0.02985  7.11785e+00 |120  0.06386  4.81893e+00
121  0.03180  8.10495e+00 |122  0.01527  3.48606e+00 |123 -0.03334 -2.43911e+00
124 -0.07770 -5.27401e+00 |125 -0.01221 -4.21198e+00 |126  0.00641 -9.55080e-01
127 -0.02260  5.76764e-01 |128  0.01997 -3.22716e+00 |129  0.07299  8.18005e-01
130  0.02149  5.13308e+00 |131  0.08136  1.84562e+00 |132  0.00837  1.41676e+00
133  0.13266  3.31900e-01 |134 -0.00555 -8.69670e-02 |135 -0.04402  1.00273e+00
136 -0.05675  6.22175e-02 |137 -0.01947  8.82465e-01 |138  0.09365 -9.45649e-02
139  0.03105 -3.12672e-01 |140  0.01210 -1.73840e+00 |141 -0.02680  4.59941e-01
142 -0.01705  1.44154e-01 |143 -0.00450  3.54127e-01 |144 -0.00034  1.49455e-02
145  0.28166  8.68992e+00 |146  0.19174  7.81472e+00 |147  0.04655 -4.68295e+00
148  0.29672  3.83250e+00 |149 -0.47550 -4.21670e-01 |150  0.31378  2.74665e-01
151  0.18240 -2.71730e+00 |152  0.25985  5.48472e+00 |153  0.17452 -1.96092e+00
154  0.25418  1.72187e+00 |155  0.10334 -1.97900e+00 |156  0.29675  3.59973e+00
157  0.16884 -2.17167e+00 |158  0.24621  3.10182e+00 |159 -0.35199  7.15404e-02
160  0.24280  4.35127e-01 |161  0.20262 -1.37897e+00 |162  0.31674  3.92821e+00
163 -0.38070  3.79087e-01 |164  0.23598  2.86093e-01 |165  0.05108 -3.06944e+00
166  0.11964 -4.32872e+00 |167  0.32137  3.99482e+00 |168  0.27251  5.44314e+00
169  0.01338 -1.12916e+00 |170  0.39320 -1.31200e-01 |171  0.09929 -1.29724e+01
172  0.16363 -1.18503e+01 |173  0.21869  1.08011e+01 |174  0.25726  6.25915e+00
175 -0.55411  2.07869e+00 |176  0.17113 -5.52691e-01 |

Intermediate statistics: 176 variables; iteration 20; function evaluation 20; phase 3
Function value 7.3340471e+03; maximum gradient component mag -4.2519e+01
Var    Value     Gradient |Var    Value     Gradient |Var    Value     Gradient
  1 -0.42300  1.22478e+01 |  2  0.37155  4.24072e+01 |  3 -0.12655  2.38811e+00
  4 -0.01289  1.67031e+01 |  5 -0.70924 -1.32885e+00 |  6 -0.60463 -1.13116e+01
  7  0.37606 -1.72848e+01 |  8 -0.18582 -4.15251e+01 |  9  0.03429 -2.16204e+01
 10 -0.61004 -2.18087e+00 | 11 -0.62369 -9.72945e+00 | 12 -0.09343 -4.15910e+00
 13 -0.01013 -1.19907e-02 | 14 -0.01034 -1.24312e-02 | 15 -0.01056 -1.28718e-02
 16 -0.01077 -1.33104e-02 | 17 -0.01098 -1.37460e-02 | 18 -0.01118 -1.41754e-02
 19 -0.01138 -1.45964e-02 | 20 -0.01156 -1.50072e-02 | 21 -0.01174 -1.54055e-02
 22 -0.01190 -1.57892e-02 | 23 -0.01205 -1.61560e-02 | 24 -0.01219 -1.65027e-02
 25 -0.01231 -1.68252e-02 | 26 -0.01242 -1.71183e-02 | 27 -0.01250 -1.73769e-02
 28 -0.01257 -1.75978e-02 | 29 -0.01261 -1.77812e-02 | 30 -0.01263 -1.79270e-02
 31 -0.01263 -1.80323e-02 | 32 -0.01259 -1.80903e-02 | 33 -0.01254 -1.80924e-02
 34 -0.01245 -1.80294e-02 | 35 -0.01233 -1.78932e-02 | 36 -0.01218 -1.76793e-02
 37 -0.01199 -1.73881e-02 | 38 -0.01177 -1.70267e-02 | 39 -0.01150 -1.66066e-02
 40 -0.01120 -1.61389e-02 | 41 -0.01086 -1.56419e-02 | 42 -0.01048 -1.51252e-02
 43 -0.01006 -1.45969e-02 | 44 -0.00962 -1.40625e-02 | 45 -0.00915 -1.35215e-02
 46 -0.00867 -1.29620e-02 | 47 -0.00818 -1.23555e-02 | 48 -0.00768 -1.16510e-02
 49 -0.00721 -1.07756e-02 | 50 -0.00675 -9.64275e-03 | 51 -0.00633 -8.16500e-03
 52 -0.00596 -6.26755e-03 | 53 -0.00563 -3.89353e-03 | 54 -0.00534 -1.00188e-03
 55 -0.00510  2.43570e-03 | 56 -0.00487  6.43095e-03 | 57 -0.00464  1.09727e-02
 58 -0.00440  1.60251e-02 | 59 -0.00410  2.15353e-02 | 60 -0.00373  2.74248e-02
 61 -0.00325  3.35699e-02 | 62 -0.00262  3.97505e-02 | 63 -0.00182  4.55897e-02
 64 -0.00082  5.04602e-02 | 65  0.00043  5.33909e-02 | 66  0.00193  5.32010e-02
 67  0.00371  4.87350e-02 | 68  0.00578  3.98736e-02 | 69  0.00818  2.90043e-02
 70  0.01090  2.18890e-02 | 71  0.01397  2.47313e-02 | 72  0.01729  3.36598e-02
 73  0.02066  2.44583e-02 | 74  0.02382 -2.74045e-02 | 75  0.02665 -1.01120e-01
 76  0.02927 -1.35094e-01 | 77  0.03163 -1.03360e-01 | 78  0.03338 -5.36975e-02
 79  0.03421 -3.62615e-02 | 80  0.03417 -5.35128e-02 | 81  0.03345 -9.06757e-02
 82  0.03213 -1.43378e-01 | 83  0.03008 -2.25190e-01 | 84  0.02713 -3.54422e-01
 85  0.02344 -4.95556e-01 | 86  0.01964 -5.56414e-01 | 87  0.01602 -5.46472e-01
 88  0.01258 -5.75192e-01 | 89  0.00967 -6.62185e-01 | 90  0.00762 -7.71726e-01
 91  0.00628 -8.87409e-01 | 92  0.00526 -1.00678e+00 | 93  0.00443 -1.13029e+00
 94  0.00425 -1.26444e+00 | 95  0.00484 -1.41220e+00 | 96  0.00502 -1.55668e+00
 97  0.00662 -1.72619e+00 | 98  0.00908 -1.91681e+00 | 99  0.01318 -2.08222e+00
100  0.01314 -2.23510e+00 |101  0.01181 -2.32352e+00 |102  0.01022 -2.34106e+00
103  0.00212 -2.23204e+00 |104  0.00259 -2.26791e+00 |105  0.02258 -2.34031e+00
106  0.02043 -2.22794e+00 |107 -0.00318 -1.40953e+00 |108  0.01360 -1.46805e+00
109  0.08551 -4.29836e-01 |110  0.02607 -4.30605e-01 |111 -0.01430  6.23715e-01
112  0.00427  1.25896e+00 |113  0.01889  2.04597e+00 |114  0.03880  3.71798e+00
115  0.00374  3.76433e+00 |116 -0.06130  3.00581e+00 |117 -0.07731  3.08346e+00
118 -0.07559  3.09112e+00 |119 -0.03324  3.58475e+00 |120  0.07007  5.05309e+00
121  0.02396  2.52089e+00 |122  0.01387  1.48184e+00 |123 -0.02835  2.31434e-01
124 -0.06742  2.07632e-01 |125 -0.00770 -7.67815e-01 |126  0.00291 -1.08530e+00
127 -0.02796 -4.60503e-01 |128  0.02820  8.25903e-02 |129  0.07333  7.30216e-01
130  0.01097  6.01281e-01 |131  0.08270  1.15767e+00 |132  0.00565  2.19446e-01
133  0.13238  1.93926e-01 |134 -0.00540 -1.18801e-01 |135 -0.04656  1.67963e-01
136 -0.05672 -3.03603e-02 |137 -0.02205  1.66604e-02 |138  0.09380 -1.26788e-01
139  0.03192 -8.68403e-02 |140  0.01691  1.70059e-01 |141 -0.02795  5.01546e-02
142 -0.01759 -1.32566e-01 |143 -0.00566  2.14078e-01 |144 -0.00039  1.83748e-03
145  0.27871  2.73475e+00 |146  0.18928  2.09943e+00 |147  0.04638 -1.26920e-01
148  0.29639 -3.70834e+00 |149 -0.47569 -1.52817e-01 |150  0.31379  8.43004e-02
151  0.18231 -5.90250e+00 |152  0.26023  1.13085e+01 |153  0.17428 -4.03956e+00
154  0.25450  5.34702e+00 |155  0.10327 -3.41703e+00 |156  0.29709  7.08905e+00
157  0.16875 -3.30338e+00 |158  0.24638  4.72794e+00 |159 -0.35206  5.03895e-01
160  0.24252 -9.01760e-01 |161  0.20278  5.31308e-01 |162  0.31617 -2.08975e+00
163 -0.38087  1.20256e-01 |164  0.23594  1.06272e-01 |165  0.05108 -6.00827e-01
166  0.11909 -9.71094e+00 |167  0.32095  9.55338e-02 |168  0.27329  1.32149e+01
169  0.01313 -8.96640e-01 |170  0.39314  1.01009e-01 |171  0.09876 -4.25192e+01
172  0.16316 -1.22985e+01 |173  0.21911  3.23615e+01 |174  0.25697  4.17931e+00
175 -0.55516  5.03452e-01 |176  0.17047 -2.44104e-01 |
176 variables; iteration 40; function evaluation 41; phase 3
Function value 7.3339874e+03; maximum gradient component mag 2.3837e+01
Var    Value     Gradient |Var    Value     Gradient |Var    Value     Gradient
  1 -0.42324  6.98331e+00 |  2  0.37152  2.38370e+01 |  3 -0.12618  1.78303e+00
  4 -0.01343  8.06587e+00 |  5 -0.70859 -3.66837e-01 |  6 -0.60444 -4.87160e+00
  7  0.37596 -1.00332e+01 |  8 -0.18563 -2.24258e+01 |  9  0.03452 -1.07519e+01
 10 -0.60976 -8.69348e-01 | 11 -0.62358 -5.64562e+00 | 12 -0.09072 -2.62934e+00
 13 -0.01015 -3.82755e-03 | 14 -0.01036 -2.89593e-03 | 15 -0.01057 -1.93572e-03
 16 -0.01078 -9.53761e-04 | 17 -0.01099  4.33885e-05 | 18 -0.01118  1.04565e-03
 19 -0.01137  2.04302e-03 | 20 -0.01156  3.02508e-03 | 21 -0.01173  3.98071e-03
 22 -0.01189  4.89877e-03 | 23 -0.01203  5.76819e-03 | 24 -0.01217  6.57804e-03
 25 -0.01229  7.31845e-03 | 26 -0.01239  7.98091e-03 | 27 -0.01247  8.55729e-03
 28 -0.01254  9.03775e-03 | 29 -0.01258  9.40895e-03 | 30 -0.01260  9.65519e-03
 31 -0.01260  9.76345e-03 | 32 -0.01257  9.72405e-03 | 33 -0.01251  9.53217e-03
 34 -0.01243  9.19014e-03 | 35 -0.01231  8.70954e-03 | 36 -0.01216  8.11244e-03
 37 -0.01198  7.43270e-03 | 38 -0.01176  6.71583e-03 | 39 -0.01150  6.01935e-03
 40 -0.01119  5.41572e-03 | 41 -0.01086  4.97922e-03 | 42 -0.01048  4.79599e-03
 43 -0.01006  4.94883e-03 | 44 -0.00962  5.49852e-03 | 45 -0.00915  6.46711e-03
 46 -0.00866  7.81556e-03 | 47 -0.00816  9.43197e-03 | 48 -0.00766  1.11338e-02
 49 -0.00717  1.26806e-02 | 50 -0.00672  1.37984e-02 | 51 -0.00630  1.42058e-02
 52 -0.00592  1.36403e-02 | 53 -0.00560  1.18813e-02 | 54 -0.00533  8.79020e-03
 55 -0.00511  4.33277e-03 | 56 -0.00491 -1.43294e-03 | 57 -0.00473 -8.38098e-03
 58 -0.00452 -1.63214e-02 | 59 -0.00427 -2.49998e-02 | 60 -0.00395 -3.40515e-02
 61 -0.00352 -4.29270e-02 | 62 -0.00294 -5.07427e-02 | 63 -0.00218 -5.61619e-02
 64 -0.00120 -5.73121e-02 | 65  0.00005 -5.19756e-02 | 66  0.00161 -3.85190e-02
 67  0.00350 -1.73927e-02 | 68  0.00571  6.60361e-03 | 69  0.00823  2.38953e-02
 70  0.01099  2.50961e-02 | 71  0.01398  1.22024e-02 | 72  0.01721  1.83261e-03
 73  0.02058 -5.51484e-03 | 74  0.02373 -5.54553e-02 | 75  0.02635 -1.66995e-01
 76  0.02868 -2.47373e-01 | 77  0.03108 -2.00842e-01 | 78  0.03313 -8.53225e-02
 79  0.03419 -1.39672e-02 | 80  0.03421 -8.02855e-03 | 81  0.03345 -3.93966e-02
 82  0.03200 -9.70374e-02 | 83  0.02974 -2.01716e-01 | 84  0.02653 -3.61314e-01
 85  0.02289 -4.74749e-01 | 86  0.01937 -4.54293e-01 | 87  0.01567 -4.35844e-01
 88  0.01196 -4.95064e-01 | 89  0.00905 -5.51002e-01 | 90  0.00717 -5.85916e-01
 91  0.00598 -6.22708e-01 | 92  0.00507 -6.69809e-01 | 93  0.00430 -7.28363e-01
 94  0.00415 -7.99490e-01 | 95  0.00471 -8.89242e-01 | 96  0.00477 -1.00579e+00
 97  0.00641 -1.11159e+00 | 98  0.00899 -1.21997e+00 | 99  0.01282 -1.35144e+00
100  0.01289 -1.41851e+00 |101  0.01176 -1.41887e+00 |102  0.01011 -1.37852e+00
103  0.00257 -1.17891e+00 |104  0.00454 -9.20661e-01 |105  0.02198 -1.35040e+00
106  0.02108 -1.10616e+00 |107 -0.00127 -4.02284e-01 |108  0.01510 -6.02019e-01
109  0.08364 -2.52736e-01 |110  0.02870  1.82632e-01 |111 -0.01421  5.72616e-01
112  0.00440  1.04492e+00 |113  0.02027  1.84254e+00 |114  0.03922  2.53968e+00
115  0.00376  2.26826e+00 |116 -0.06150  1.67112e+00 |117 -0.07756  1.75086e+00
118 -0.07557  1.84995e+00 |119 -0.03337  1.87299e+00 |120  0.07010  2.16945e+00
121  0.02491  1.43259e+00 |122  0.01426  6.80095e-01 |123 -0.02797 -4.65795e-02
124 -0.06743 -3.32602e-02 |125 -0.00635  6.42706e-02 |126  0.00572  4.20519e-01
127 -0.02780 -3.95625e-02 |128  0.02963  7.12221e-01 |129  0.07373  7.12924e-01
130  0.01178  5.74877e-01 |131  0.08256  2.53884e-01 |132  0.00605  2.67824e-02
133  0.13314  1.54767e-01 |134 -0.00517 -1.53144e-01 |135 -0.04618  1.73592e-01
136 -0.05641  2.14716e-02 |137 -0.02192 -7.88858e-03 |138  0.09443 -9.75146e-03
139  0.03183 -1.02635e-01 |140  0.01674 -1.27739e-02 |141 -0.02785  6.58446e-02
142 -0.01763 -1.37699e-01 |143 -0.00559  1.95109e-01 |144 -0.00041 -1.90110e-03
145  0.27441  1.84444e+00 |146  0.18365  5.62838e-01 |147  0.04620 -1.02928e+00
148  0.29641 -2.47088e+00 |149 -0.47550 -5.37407e-02 |150  0.31414  3.62572e-02
151  0.18204 -3.55632e+00 |152  0.25993  5.96869e+00 |153  0.17417 -2.84360e+00
154  0.25428  3.44273e+00 |155  0.10306 -1.77737e+00 |156  0.29682  3.35903e+00
157  0.16864 -2.32491e+00 |158  0.24629  3.27096e+00 |159 -0.35189  2.31007e-01
160  0.24273 -2.67550e-01 |161  0.20243  1.32905e-02 |162  0.31635 -9.50255e-01
163 -0.38075  1.98198e-01 |164  0.23593 -2.70981e-01 |165  0.05095 -2.59300e-01
166  0.11903 -5.85616e+00 |167  0.32096 -5.22387e-01 |168  0.27267  6.34357e+00
169  0.01459  2.12931e+00 |170  0.39295 -9.53477e-01 |171  0.09907 -2.29320e+01
172  0.16337 -6.62658e+00 |173  0.21902  1.90570e+01 |174  0.25711  2.52549e+00
175 -0.54526  7.25393e-01 |176  0.17512  9.22304e-02 |

 - final statistics:
176 variables; iteration 54; function evaluation 62
Function value 7.3340e+03; maximum gradient component mag 5.1346e-01
Exit code = 1;  converg criter 1.0000e+00
Var    Value     Gradient |Var    Value     Gradient |Var    Value     Gradient
  1 -0.42336  1.12052e-01 |  2  0.37111  5.13460e-01 |  3 -0.12610  9.05232e-02
  4 -0.01323  1.20699e-01 |  5 -0.70920 -7.73056e-02 |  6 -0.60421 -5.16042e-02
  7  0.37628 -4.12109e-02 |  8 -0.18520 -1.50586e-01 |  9  0.03397 -1.87156e-01
 10 -0.60957 -1.06382e-01 | 11 -0.62337 -5.62285e-02 | 12 -0.09171 -1.91917e-01
 13 -0.01016 -2.19476e-03 | 14 -0.01038 -2.00587e-03 | 15 -0.01060 -1.80062e-03
 16 -0.01081 -1.58044e-03 | 17 -0.01102 -1.34673e-03 | 18 -0.01122 -1.10197e-03
 19 -0.01141 -8.48726e-04 | 20 -0.01160 -5.89724e-04 | 21 -0.01177 -3.27965e-04
 22 -0.01193 -6.64978e-05 | 23 -0.01208  1.91635e-04 | 24 -0.01222  4.43466e-04
 25 -0.01234  6.86271e-04 | 26 -0.01245  9.17622e-04 | 27 -0.01253  1.13523e-03
 28 -0.01260  1.33669e-03 | 29 -0.01264  1.51913e-03 | 30 -0.01266  1.67913e-03
 31 -0.01266  1.81369e-03 | 32 -0.01263  1.92040e-03 | 33 -0.01257  1.99818e-03
 34 -0.01249  2.04765e-03 | 35 -0.01237  2.07169e-03 | 36 -0.01222  2.07561e-03
 37 -0.01203  2.06717e-03 | 38 -0.01181  2.05609e-03 | 39 -0.01155  2.05319e-03
 40 -0.01125  2.06953e-03 | 41 -0.01091  2.11514e-03 | 42 -0.01053  2.19699e-03
 43 -0.01011  2.31702e-03 | 44 -0.00967  2.46804e-03 | 45 -0.00920  2.63046e-03
 46 -0.00872  2.77020e-03 | 47 -0.00823  2.84139e-03 | 48 -0.00773  2.79275e-03
 49 -0.00726  2.57779e-03 | 50 -0.00681  2.16542e-03 | 51 -0.00639  1.54604e-03
 52 -0.00602  7.30420e-04 | 53 -0.00570 -2.57082e-04 | 54 -0.00542 -1.38693e-03
 55 -0.00518 -2.62685e-03 | 56 -0.00497 -3.93738e-03 | 57 -0.00476 -5.26601e-03
 58 -0.00453 -6.54103e-03 | 59 -0.00425 -7.66445e-03 | 60 -0.00389 -8.50234e-03
 61 -0.00343 -8.88503e-03 | 62 -0.00282 -8.62444e-03 | 63 -0.00203 -7.58862e-03
 64 -0.00103 -5.86317e-03 | 65  0.00021 -4.02596e-03 | 66  0.00171 -3.42381e-03
 67  0.00350 -6.01795e-03 | 68  0.00558 -1.30505e-02 | 69  0.00797 -2.23954e-02
 70  0.01069 -2.75026e-02 | 71  0.01374 -2.40483e-02 | 72  0.01701 -2.01622e-02
 73  0.02038 -2.15931e-02 | 74  0.02381 -6.19957e-03 | 75  0.02711  2.14204e-02
 76  0.02974  4.96715e-03 | 77  0.03161 -3.71221e-02 | 78  0.03291 -4.50375e-02
 79  0.03351 -3.69109e-02 | 80  0.03336 -4.10563e-02 | 81  0.03254 -5.60145e-02
 82  0.03118 -7.19299e-02 | 83  0.02932 -7.29435e-02 | 84  0.02697 -3.41404e-02
 85  0.02394  1.34768e-02 | 86  0.01999 -8.53525e-03 | 87  0.01589 -3.22045e-02
 88  0.01232 -1.65241e-02 | 89  0.00947 -1.36845e-02 | 90  0.00748 -2.12367e-02
 91  0.00622 -2.45353e-02 | 92  0.00529 -2.17240e-02 | 93  0.00455 -1.49186e-02
 94  0.00446 -9.01029e-03 | 95  0.00512 -5.51749e-03 | 96  0.00538  2.90135e-03
 97  0.00703 -5.01428e-03 | 98  0.00956 -1.72084e-02 | 99  0.01353 -1.88933e-02
100  0.01363 -2.78079e-02 |101  0.01235 -3.98515e-02 |102  0.01072 -3.37621e-02
103  0.00274 -2.44296e-02 |104  0.00337 -7.09815e-02 |105  0.02317  1.18597e-02
106  0.02118 -1.00423e-01 |107 -0.00249  2.94288e-02 |108  0.01574 -4.31015e-02
109  0.08386 -5.29700e-02 |110  0.02826  2.34423e-03 |111 -0.01427  8.36675e-02
112  0.00458  1.01891e-01 |113  0.01958  5.64747e-02 |114  0.03876 -2.82623e-02
115  0.00294 -2.43083e-02 |116 -0.06217  1.19372e-01 |117 -0.07846  2.17071e-01
118 -0.07687  1.86297e-01 |119 -0.03447  2.34282e-02 |120  0.07002  5.56795e-02
121  0.02375 -2.04270e-02 |122  0.01399  9.29021e-03 |123 -0.02776  1.40228e-02
124 -0.06692  6.57649e-02 |125 -0.00628  1.13475e-01 |126  0.00504  1.86363e-01
127 -0.02683  1.34696e-01 |128  0.02814 -9.17195e-02 |129  0.07359 -1.29986e-01
130  0.01015 -1.26929e-01 |131  0.08302  1.84402e-01 |132  0.00558 -7.44343e-02
133  0.13281 -1.49954e-01 |134 -0.00533 -3.39946e-02 |135 -0.04648 -1.92733e-02
136 -0.05681 -5.15792e-02 |137 -0.02183  1.87468e-02 |138  0.09446  1.04855e-01
139  0.03199  3.31348e-02 |140  0.01689  1.92824e-02 |141 -0.02821 -7.54277e-02
142 -0.01764 -1.13772e-02 |143 -0.00596 -2.00106e-02 |144 -0.00040  6.35819e-04
145  0.27527  3.25801e-02 |146  0.18649 -6.10634e-02 |147  0.04657 -2.54211e-02
148  0.29672  8.38350e-03 |149 -0.47499  5.57462e-02 |150  0.31474  5.97741e-02
151  0.18265  1.57324e-01 |152  0.25997  1.70357e-01 |153  0.17459  2.69786e-02
154  0.25421  6.51907e-02 |155  0.10331 -5.64808e-02 |156  0.29673  2.84724e-02
157  0.16875 -1.01899e-01 |158  0.24615 -4.21264e-03 |159 -0.35211 -5.87569e-02
160  0.24275 -1.86856e-02 |161  0.20255 -5.88968e-02 |162  0.31670 -3.03340e-02
163 -0.38130 -7.94065e-02 |164  0.23576 -3.79365e-02 |165  0.05109  1.30943e-02
166  0.11970  5.73802e-02 |167  0.32137  1.68389e-02 |168  0.27255  1.41437e-01
169  0.01316 -2.51336e-01 |170  0.39284 -1.91723e-01 |171  0.09929 -2.22374e-01
172  0.16365 -1.34624e-01 |173  0.21869  1.88335e-01 |174  0.25726  9.78876e-02
175 -0.55519 -1.82598e-01 |176  0.17089  2.00559e-01 |

Initial statistics: 200 variables; iteration 0; function evaluation 0; phase 4
Function value 7.3339518e+03; maximum gradient component mag 5.1346e-01
Var    Value     Gradient |Var    Value     Gradient |Var    Value     Gradient
  1 -0.42336  1.12052e-01 |  2  0.37111  5.13460e-01 |  3 -0.12610  9.05232e-02
  4 -0.01323  1.20699e-01 |  5 -0.70920 -7.73056e-02 |  6 -0.60421 -5.16042e-02
  7  0.37628 -4.12109e-02 |  8 -0.18520 -1.50586e-01 |  9  0.03397 -1.87156e-01
 10 -0.60957 -1.06382e-01 | 11 -0.62337 -5.62285e-02 | 12 -0.09171 -1.91917e-01
 13 -0.01016 -2.19476e-03 | 14 -0.01038 -2.00587e-03 | 15 -0.01060 -1.80062e-03
 16 -0.01081 -1.58044e-03 | 17 -0.01102 -1.34673e-03 | 18 -0.01122 -1.10197e-03
 19 -0.01141 -8.48726e-04 | 20 -0.01160 -5.89724e-04 | 21 -0.01177 -3.27965e-04
 22 -0.01193 -6.64978e-05 | 23 -0.01208  1.91635e-04 | 24 -0.01222  4.43466e-04
 25 -0.01234  6.86271e-04 | 26 -0.01245  9.17622e-04 | 27 -0.01253  1.13523e-03
 28 -0.01260  1.33669e-03 | 29 -0.01264  1.51913e-03 | 30 -0.01266  1.67913e-03
 31 -0.01266  1.81369e-03 | 32 -0.01263  1.92040e-03 | 33 -0.01257  1.99818e-03
 34 -0.01249  2.04765e-03 | 35 -0.01237  2.07169e-03 | 36 -0.01222  2.07561e-03
 37 -0.01203  2.06717e-03 | 38 -0.01181  2.05609e-03 | 39 -0.01155  2.05319e-03
 40 -0.01125  2.06953e-03 | 41 -0.01091  2.11514e-03 | 42 -0.01053  2.19699e-03
 43 -0.01011  2.31702e-03 | 44 -0.00967  2.46804e-03 | 45 -0.00920  2.63046e-03
 46 -0.00872  2.77020e-03 | 47 -0.00823  2.84139e-03 | 48 -0.00773  2.79275e-03
 49 -0.00726  2.57779e-03 | 50 -0.00681  2.16542e-03 | 51 -0.00639  1.54604e-03
 52 -0.00602  7.30420e-04 | 53 -0.00570 -2.57082e-04 | 54 -0.00542 -1.38693e-03
 55 -0.00518 -2.62685e-03 | 56 -0.00497 -3.93738e-03 | 57 -0.00476 -5.26601e-03
 58 -0.00453 -6.54103e-03 | 59 -0.00425 -7.66445e-03 | 60 -0.00389 -8.50234e-03
 61 -0.00343 -8.88503e-03 | 62 -0.00282 -8.62444e-03 | 63 -0.00203 -7.58862e-03
 64 -0.00103 -5.86317e-03 | 65  0.00021 -4.02596e-03 | 66  0.00171 -3.42381e-03
 67  0.00350 -6.01795e-03 | 68  0.00558 -1.30505e-02 | 69  0.00797 -2.23954e-02
 70  0.01069 -2.75026e-02 | 71  0.01374 -2.40483e-02 | 72  0.01701 -2.01622e-02
 73  0.02038 -2.15931e-02 | 74  0.02381 -6.19957e-03 | 75  0.02711  2.14204e-02
 76  0.02974  4.96715e-03 | 77  0.03161 -3.71221e-02 | 78  0.03291 -4.50375e-02
 79  0.03351 -3.69109e-02 | 80  0.03336 -4.10563e-02 | 81  0.03254 -5.60145e-02
 82  0.03118 -7.19299e-02 | 83  0.02932 -7.29435e-02 | 84  0.02697 -3.41404e-02
 85  0.02394  1.34768e-02 | 86  0.01999 -8.53525e-03 | 87  0.01589 -3.22045e-02
 88  0.01232 -1.65241e-02 | 89  0.00947 -1.36845e-02 | 90  0.00748 -2.12367e-02
 91  0.00622 -2.45353e-02 | 92  0.00529 -2.17240e-02 | 93  0.00455 -1.49186e-02
 94  0.00446 -9.01029e-03 | 95  0.00512 -5.51749e-03 | 96  0.00538  2.90135e-03
 97  0.00703 -5.01428e-03 | 98  0.00956 -1.72084e-02 | 99  0.01353 -1.88933e-02
100  0.01363 -2.78079e-02 |101  0.01235 -3.98515e-02 |102  0.01072 -3.37621e-02
103  0.00274 -2.44296e-02 |104  0.00337 -7.09815e-02 |105  0.02317  1.18597e-02
106  0.02118 -1.00423e-01 |107 -0.00249  2.94288e-02 |108  0.01574 -4.31015e-02
109  0.08386 -5.29700e-02 |110  0.02826  2.34423e-03 |111 -0.01427  8.36675e-02
112  0.00458  1.01891e-01 |113  0.01958  5.64747e-02 |114  0.03876 -2.82623e-02
115  0.00294 -2.43083e-02 |116 -0.06217  1.19372e-01 |117 -0.07846  2.17071e-01
118 -0.07687  1.86297e-01 |119 -0.03447  2.34282e-02 |120  0.07002  5.56795e-02
121  0.02375 -2.04270e-02 |122  0.01399  9.29021e-03 |123 -0.02776  1.40228e-02
124 -0.06692  6.57649e-02 |125 -0.00628  1.13475e-01 |126  0.00504  1.86363e-01
127 -0.02683  1.34696e-01 |128  0.02814 -9.17195e-02 |129  0.07359 -1.29986e-01
130  0.01015 -1.26929e-01 |131  0.08302  1.84402e-01 |132  0.00558 -7.44343e-02
133  0.13281 -1.49954e-01 |134 -0.00533 -3.39946e-02 |135 -0.04648 -1.92733e-02
136 -0.05681 -5.15792e-02 |137 -0.02183  1.87468e-02 |138  0.09446  1.04855e-01
139  0.03199  3.31348e-02 |140  0.01689  1.92824e-02 |141 -0.02821 -7.54277e-02
142 -0.01764 -1.13772e-02 |143 -0.00596 -2.00106e-02 |144 -0.00040  6.35819e-04
145  0.27527  3.25801e-02 |146  0.18649 -6.10634e-02 |147  0.04657 -2.54211e-02
148  0.29672  8.38350e-03 |149  0.01641 -3.44815e-02 |150 -0.11482 -9.83048e-02
151 -0.47499  5.57462e-02 |152  0.31474  5.97741e-02 |153  0.04880  1.95035e-01
154 -0.23508 -1.66134e-02 |155  0.18265  1.57324e-01 |156  0.25997  1.70357e-01
157  0.17459  2.69786e-02 |158  0.25421  6.51907e-02 |159  0.00590  4.90395e-02
160 -0.09831 -1.88232e-02 |161  0.10331 -5.64808e-02 |162  0.29673  2.84724e-02
163  0.16875 -1.01899e-01 |164  0.24615 -4.21264e-03 |165 -0.35211 -5.87569e-02
166  0.24275 -1.86856e-02 |167  0.05277 -1.95911e-01 |168 -0.18764 -2.83964e-02
169  0.20255 -5.88968e-02 |170  0.31670 -3.03340e-02 |171  0.07774 -3.35658e-01
172 -0.53233 -6.43455e-05 |173 -0.38130 -7.94065e-02 |174  0.23576 -3.79365e-02
175  0.07830 -3.28745e-01 |176 -0.12203 -1.60931e-01 |177  0.05109  1.30943e-02
178  0.11970  5.73802e-02 |179  0.32137  1.68389e-02 |180  0.27255  1.41437e-01
181  0.00556  1.92771e-02 |182  0.00910  7.28389e-02 |183 -0.15023 -8.29940e-03
184 -0.12575 -2.64038e-02 |185  0.01316 -2.51336e-01 |186  0.39284 -1.91723e-01
187  0.01865 -3.10098e-01 |188 -0.15439 -8.24345e-02 |189  0.09929 -2.22374e-01
190  0.16365 -1.34624e-01 |191  0.21869  1.88335e-01 |192  0.25726  9.78876e-02
193  0.02454 -1.18835e-01 |194 -0.00644 -6.84862e-02 |195 -0.17632 -7.63500e-02
196 -0.11434 -3.45665e-01 |197 -0.55519 -1.82598e-01 |198  0.17089  2.00559e-01
199  0.09515 -5.05883e-01 |200 -0.25356 -8.65255e-02 |

Intermediate statistics: 200 variables; iteration 20; function evaluation 22; phase 4
Function value 7.3339514e+03; maximum gradient component mag -7.9115e-01
Var    Value     Gradient |Var    Value     Gradient |Var    Value     Gradient
  1 -0.42337 -5.88249e-01 |  2  0.37110  3.71420e-01 |  3 -0.12612 -7.77427e-01
  4 -0.01320 -2.28692e-01 |  5 -0.70909 -4.90935e-02 |  6 -0.60423 -6.82745e-01
  7  0.37625 -2.25953e-01 |  8 -0.18521 -6.68568e-01 |  9  0.03402 -3.69531e-01
 10 -0.60951 -5.57312e-02 | 11 -0.62339 -5.50077e-01 | 12 -0.09175  5.90641e-01
 13 -0.01015  2.56811e-03 | 14 -0.01037  2.64457e-03 | 15 -0.01059  2.72275e-03
 16 -0.01080  2.80259e-03 | 17 -0.01101  2.88414e-03 | 18 -0.01121  2.96732e-03
 19 -0.01141  3.05205e-03 | 20 -0.01159  3.13834e-03 | 21 -0.01177  3.22617e-03
 22 -0.01193  3.31558e-03 | 23 -0.01208  3.40659e-03 | 24 -0.01222  3.49926e-03
 25 -0.01234  3.59362e-03 | 26 -0.01245  3.68969e-03 | 27 -0.01253  3.78745e-03
 28 -0.01260  3.88687e-03 | 29 -0.01264  3.98797e-03 | 30 -0.01267  4.09078e-03
 31 -0.01266  4.19546e-03 | 32 -0.01263  4.30215e-03 | 33 -0.01258  4.41099e-03
 34 -0.01249  4.52207e-03 | 35 -0.01237  4.63545e-03 | 36 -0.01222  4.75108e-03
 37 -0.01204  4.86889e-03 | 38 -0.01181  4.98885e-03 | 39 -0.01155  5.11096e-03
 40 -0.01125  5.23487e-03 | 41 -0.01091  5.36159e-03 | 42 -0.01053  5.49115e-03
 43 -0.01012  5.62372e-03 | 44 -0.00968  5.75930e-03 | 45 -0.00921  5.89729e-03
 46 -0.00873  6.03651e-03 | 47 -0.00823  6.17541e-03 | 48 -0.00774  6.31177e-03
 49 -0.00727  6.44325e-03 | 50 -0.00681  6.56763e-03 | 51 -0.00640  6.68277e-03
 52 -0.00602  6.78668e-03 | 53 -0.00570  6.87862e-03 | 54 -0.00542  6.95854e-03
 55 -0.00518  7.02732e-03 | 56 -0.00496  7.08747e-03 | 57 -0.00475  7.14244e-03
 58 -0.00451  7.19560e-03 | 59 -0.00423  7.25271e-03 | 60 -0.00387  7.32085e-03
 61 -0.00341  7.41070e-03 | 62 -0.00280  7.53477e-03 | 63 -0.00202  7.70802e-03
 64 -0.00103  7.94059e-03 | 65  0.00020  8.21687e-03 | 66  0.00169  8.47800e-03
 67  0.00349  8.58392e-03 | 68  0.00559  8.38125e-03 | 69  0.00802  7.92791e-03
 70  0.01075  7.74642e-03 | 71  0.01378  8.42358e-03 | 72  0.01703  9.32262e-03
 73  0.02040  9.70296e-03 | 74  0.02377  1.26632e-02 | 75  0.02693  1.81841e-02
 76  0.02963  1.65094e-02 | 77  0.03168  9.42162e-03 | 78  0.03300  8.27324e-03
 79  0.03357  1.01719e-02 | 80  0.03343  9.48149e-03 | 81  0.03268  6.52605e-03
 82  0.03139  3.40899e-03 | 83  0.02953  3.12732e-03 | 84  0.02701  9.43890e-03
 85  0.02378  1.58409e-02 | 86  0.01994  1.12061e-02 | 87  0.01594  7.20264e-03
 88  0.01231  8.05781e-03 | 89  0.00945  7.58055e-03 | 90  0.00750  6.46272e-03
 91  0.00625  5.99005e-03 | 92  0.00531  6.18129e-03 | 93  0.00454  6.77679e-03
 94  0.00443  7.37199e-03 | 95  0.00507  7.80949e-03 | 96  0.00531  8.49377e-03
 97  0.00699  7.89932e-03 | 98  0.00956  6.90087e-03 | 99  0.01354  6.94687e-03
100  0.01366  5.82262e-03 |101  0.01241  3.81242e-03 |102  0.01075  2.45291e-03
103  0.00272 -3.73041e-04 |104  0.00355 -6.72819e-03 |105  0.02298 -1.20783e-03
106  0.02141 -2.05028e-02 |107 -0.00269 -1.45984e-02 |108  0.01582 -1.47860e-02
109  0.08391 -3.03781e-02 |110  0.02830 -2.04955e-02 |111 -0.01440 -1.08553e-02
112  0.00444 -1.65681e-02 |113  0.01953 -1.46307e-02 |114  0.03886 -5.51231e-03
115  0.00304  3.53970e-03 |116 -0.06229  1.25290e-02 |117 -0.07873  1.51813e-02
118 -0.07710  1.35988e-02 |119 -0.03437  1.60673e-02 |120  0.06996 -1.34280e-02
121  0.02381 -2.03447e-02 |122  0.01397 -2.08677e-02 |123 -0.02777 -9.64248e-03
124 -0.06699  6.89643e-03 |125 -0.00632  1.17123e-02 |126  0.00476 -4.92321e-03
127 -0.02718 -1.45370e-02 |128  0.02831 -3.01726e-02 |129  0.07358 -3.15607e-02
130  0.01047 -1.51451e-02 |131  0.08266  8.31056e-03 |132  0.00584  1.26633e-02
133  0.13289 -3.60148e-02 |134 -0.00526  3.66602e-03 |135 -0.04642  9.16500e-03
136 -0.05666  6.86961e-03 |137 -0.02188  5.15740e-03 |138  0.09425  7.34436e-03
139  0.03192  4.27616e-03 |140  0.01686  5.78600e-03 |141 -0.02798  5.52968e-03
142 -0.01759 -2.39693e-03 |143 -0.00587  2.83275e-03 |144 -0.00040  2.14087e-04
145  0.27532  9.50932e-02 |146  0.18639  3.06206e-01 |147  0.04654 -5.13163e-04
148  0.29670 -1.21818e-01 |149  0.01641 -6.20486e-02 |150 -0.11484 -2.46074e-01
151 -0.47495  3.62827e-02 |152  0.31436  2.17314e-02 |153  0.04868  7.49546e-02
154 -0.23501  1.53537e-02 |155  0.18244  2.99838e-02 |156  0.25987  1.63408e-02
157  0.17453  2.94938e-02 |158  0.25418  7.30557e-03 |159  0.00592  4.32137e-02
160 -0.09831 -5.95701e-03 |161  0.10336  2.55960e-02 |162  0.29675 -6.37648e-02
163  0.16883  2.43585e-02 |164  0.24620 -5.57575e-02 |165 -0.35203 -3.97334e-02
166  0.24279  2.78283e-02 |167  0.05276 -1.12283e-01 |168 -0.18763  2.60888e-01
169  0.20260 -7.25423e-02 |170  0.31673  4.15549e-02 |171  0.07772 -4.11128e-01
172 -0.53233 -6.83548e-05 |173 -0.38116 -8.09051e-02 |174  0.23583  1.36785e-01
175  0.07838 -5.03139e-02 |176 -0.12207 -4.52982e-01 |177  0.05108 -2.58451e-04
178  0.11965 -6.96604e-03 |179  0.32137  1.76543e-02 |180  0.27252  8.42291e-02
181  0.00557  4.18354e-03 |182  0.00910  3.90566e-02 |183 -0.15024 -2.24636e-02
184 -0.12574  2.88797e-02 |185  0.01335 -8.10567e-02 |186  0.39314 -2.39379e-02
187  0.01862 -1.09511e-01 |188 -0.15438 -3.92002e-02 |189  0.09930  4.15947e-01
190  0.16364  6.07598e-01 |191  0.21869 -1.96183e-01 |192  0.25725 -7.91145e-01
193  0.02454  3.58977e-01 |194 -0.00643  1.36381e-01 |195 -0.17632  4.05501e-02
196 -0.11435 -4.91503e-01 |197 -0.55487 -2.08739e-03 |198  0.17088  5.87798e-02
199  0.09522  7.53122e-01 |200 -0.25361  2.47138e-01 |
200 variables; iteration 40; function evaluation 46; phase 4
Function value 7.3339513e+03; maximum gradient component mag -8.3430e-01
Var    Value     Gradient |Var    Value     Gradient |Var    Value     Gradient
  1 -0.42337 -5.17153e-01 |  2  0.37110  3.41358e-01 |  3 -0.12612 -7.39328e-01
  4 -0.01320 -2.09037e-01 |  5 -0.70912 -7.60487e-02 |  6 -0.60423 -7.20056e-01
  7  0.37625 -3.03132e-01 |  8 -0.18521 -5.59758e-01 |  9  0.03401 -3.69051e-01
 10 -0.60952 -7.37987e-02 | 11 -0.62339 -5.65341e-01 | 12 -0.09182  5.80276e-01
 13 -0.01015  2.05824e-03 | 14 -0.01037  2.13235e-03 | 15 -0.01059  2.20892e-03
 16 -0.01080  2.28787e-03 | 17 -0.01101  2.36915e-03 | 18 -0.01121  2.45255e-03
 19 -0.01141  2.53789e-03 | 20 -0.01159  2.62500e-03 | 21 -0.01177  2.71371e-03
 22 -0.01193  2.80384e-03 | 23 -0.01208  2.89522e-03 | 24 -0.01222  2.98771e-03
 25 -0.01234  3.08115e-03 | 26 -0.01245  3.17537e-03 | 27 -0.01253  3.27020e-03
 28 -0.01260  3.36546e-03 | 29 -0.01264  3.46098e-03 | 30 -0.01267  3.55657e-03
 31 -0.01266  3.65218e-03 | 32 -0.01263  3.74774e-03 | 33 -0.01258  3.84332e-03
 34 -0.01249  3.93902e-03 | 35 -0.01237  4.03503e-03 | 36 -0.01222  4.13162e-03
 37 -0.01204  4.22916e-03 | 38 -0.01181  4.32817e-03 | 39 -0.01155  4.42923e-03
 40 -0.01125  4.53269e-03 | 41 -0.01091  4.63984e-03 | 42 -0.01053  4.75106e-03
 43 -0.01012  4.86654e-03 | 44 -0.00968  4.98584e-03 | 45 -0.00921  5.10740e-03
 46 -0.00873  5.22853e-03 | 47 -0.00823  5.34575e-03 | 48 -0.00774  5.45497e-03
 49 -0.00727  5.55244e-03 | 50 -0.00681  5.63534e-03 | 51 -0.00640  5.70190e-03
 52 -0.00602  5.75139e-03 | 53 -0.00570  5.78458e-03 | 54 -0.00542  5.80318e-03
 55 -0.00518  5.80989e-03 | 56 -0.00496  5.80916e-03 | 57 -0.00475  5.80686e-03
 58 -0.00451  5.80965e-03 | 59 -0.00423  5.82733e-03 | 60 -0.00387  5.87212e-03
 61 -0.00341  5.96015e-03 | 62 -0.00280  6.10846e-03 | 63 -0.00202  6.33130e-03
 64 -0.00103  6.62702e-03 | 65  0.00020  6.95233e-03 | 66  0.00170  7.20815e-03
 67  0.00349  7.23453e-03 | 68  0.00559  6.92893e-03 | 69  0.00802  6.46825e-03
 70  0.01076  6.38694e-03 | 71  0.01378  7.01440e-03 | 72  0.01703  7.67171e-03
 73  0.02040  7.91729e-03 | 74  0.02376  9.24453e-03 | 75  0.02691  1.10541e-02
 76  0.02961  1.01132e-02 | 77  0.03168  8.07557e-03 | 78  0.03301  7.83012e-03
 79  0.03357  8.21835e-03 | 80  0.03343  8.01549e-03 | 81  0.03269  7.27594e-03
 82  0.03141  6.36309e-03 | 83  0.02955  6.05083e-03 | 84  0.02701  8.00380e-03
 85  0.02376  1.09553e-02 | 86  0.01993  9.46703e-03 | 87  0.01594  7.57866e-03
 88  0.01232  8.66291e-03 | 89  0.00946  8.87589e-03 | 90  0.00751  8.39581e-03
 91  0.00626  8.41308e-03 | 92  0.00532  9.04652e-03 | 93  0.00456  1.00633e-02
 94  0.00445  1.10064e-02 | 95  0.00509  1.16345e-02 | 96  0.00532  1.23159e-02
 97  0.00700  1.14034e-02 | 98  0.00957  9.95002e-03 | 99  0.01354  9.05028e-03
100  0.01365  6.95265e-03 |101  0.01241  3.83005e-03 |102  0.01074  8.84619e-04
103  0.00271 -2.32405e-03 |104  0.00356 -9.95955e-03 |105  0.02295 -1.02024e-02
106  0.02139 -2.80317e-02 |107 -0.00265 -1.87521e-02 |108  0.01581 -2.83694e-02
109  0.08387 -4.89520e-02 |110  0.02831 -2.71403e-02 |111 -0.01440 -8.95467e-03
112  0.00444 -8.21545e-03 |113  0.01953 -6.84073e-03 |114  0.03884 -5.90410e-03
115  0.00302  1.41517e-03 |116 -0.06230  1.84225e-02 |117 -0.07872  2.73734e-02
118 -0.07710  2.20196e-02 |119 -0.03440  1.42040e-02 |120  0.06996  1.42380e-02
121  0.02381 -2.37120e-04 |122  0.01396 -9.23649e-03 |123 -0.02778 -9.08427e-03
124 -0.06700  4.61275e-03 |125 -0.00634  6.03857e-03 |126  0.00476  5.22038e-04
127 -0.02717 -6.93577e-03 |128  0.02830 -2.75577e-02 |129  0.07358 -2.83822e-02
130  0.01046 -1.74075e-02 |131  0.08267  1.96961e-02 |132  0.00582  7.43003e-03
133  0.13292 -1.82192e-02 |134 -0.00526 -5.99786e-04 |135 -0.04643  3.98724e-03
136 -0.05668  2.17085e-04 |137 -0.02189  4.81367e-03 |138  0.09426  1.52429e-02
139  0.03193  3.98120e-03 |140  0.01686  6.21565e-03 |141 -0.02798 -8.84978e-04
142 -0.01758 -1.55406e-03 |143 -0.00588  1.35008e-03 |144 -0.00040  1.55285e-04
145  0.27542  1.07675e-01 |146  0.18646  3.05964e-01 |147  0.04656 -1.38927e-02
148  0.29670 -1.11084e-01 |149  0.01640 -9.44151e-02 |150 -0.11484 -3.12766e-01
151 -0.47529  2.98846e-02 |152  0.31394 -3.36309e-04 |153  0.04877  6.15481e-02
154 -0.23505  8.35348e-03 |155  0.18246  6.06821e-02 |156  0.25987 -4.18093e-02
157  0.17454  4.37147e-03 |158  0.25418  3.14400e-02 |159  0.00591  2.73504e-02
160 -0.09831 -1.01642e-02 |161  0.10336 -4.26567e-02 |162  0.29676  9.20809e-02
163  0.16884  4.29311e-02 |164  0.24620 -9.19577e-02 |165 -0.35199 -3.37554e-02
166  0.24280  2.26688e-02 |167  0.05275 -1.21246e-01 |168 -0.18764  2.47214e-01
169  0.20263 -6.26303e-02 |170  0.31674  2.86671e-02 |171  0.07772 -3.79343e-01
172 -0.53233 -6.76266e-05 |173 -0.38077 -5.99003e-02 |174  0.23596  1.08029e-01
175  0.07828 -7.29027e-02 |176 -0.12206 -3.71402e-01 |177  0.05109  4.11577e-02
178  0.11966  7.24738e-02 |179  0.32137 -3.04743e-02 |180  0.27252 -4.28942e-04
181  0.00557  3.74588e-02 |182  0.00910  7.76881e-02 |183 -0.15023  1.80218e-02
184 -0.12574  8.42900e-02 |185  0.01336 -6.28129e-02 |186  0.39315 -1.35677e-02
187  0.01863 -7.94752e-02 |188 -0.15438 -2.69437e-02 |189  0.09930  4.13262e-01
190  0.16364  5.51719e-01 |191  0.21870 -2.14028e-01 |192  0.25724 -8.34299e-01
193  0.02453  2.79310e-01 |194 -0.00644  8.46623e-02 |195 -0.17631  1.21171e-01
196 -0.11435 -5.60981e-01 |197 -0.55420  3.71689e-02 |198  0.17113  4.23607e-02
199  0.09515  7.39902e-01 |200 -0.25354  2.45544e-01 |
200 variables; iteration 60; function evaluation 66; phase 4
Function value 7.3339513e+03; maximum gradient component mag -1.8915e-01
Var    Value     Gradient |Var    Value     Gradient |Var    Value     Gradient
  1 -0.42336 -1.16697e-01 |  2  0.37109  8.31358e-02 |  3 -0.12611 -1.53329e-01
  4 -0.01320 -6.56798e-02 |  5 -0.70910 -5.98493e-03 |  6 -0.60422 -1.54355e-01
  7  0.37625 -6.28368e-02 |  8 -0.18521 -1.23382e-01 |  9  0.03403 -8.34468e-02
 10 -0.60953 -2.95661e-02 | 11 -0.62338 -1.20116e-01 | 12 -0.09189  1.16490e-01
 13 -0.01015  9.42559e-05 | 14 -0.01037  1.23627e-04 | 15 -0.01059  1.56294e-04
 16 -0.01080  1.92130e-04 | 17 -0.01101  2.30979e-04 | 18 -0.01121  2.72499e-04
 19 -0.01141  3.16287e-04 | 20 -0.01159  3.61873e-04 | 21 -0.01177  4.08699e-04
 22 -0.01193  4.56154e-04 | 23 -0.01208  5.03584e-04 | 24 -0.01222  5.50295e-04
 25 -0.01234  5.95589e-04 | 26 -0.01245  6.38775e-04 | 27 -0.01253  6.79161e-04
 28 -0.01260  7.16035e-04 | 29 -0.01264  7.48627e-04 | 30 -0.01266  7.76119e-04
 31 -0.01266  7.97795e-04 | 32 -0.01263  8.13040e-04 | 33 -0.01257  8.21440e-04
 34 -0.01249  8.22855e-04 | 35 -0.01237  8.17500e-04 | 36 -0.01222  8.05980e-04
 37 -0.01204  7.89290e-04 | 38 -0.01181  7.68750e-04 | 39 -0.01155  7.45836e-04
 40 -0.01125  7.21986e-04 | 41 -0.01091  6.98441e-04 | 42 -0.01053  6.75777e-04
 43 -0.01012  6.53715e-04 | 44 -0.00968  6.30690e-04 | 45 -0.00921  6.03728e-04
 46 -0.00873  5.68654e-04 | 47 -0.00823  5.20874e-04 | 48 -0.00774  4.56411e-04
 49 -0.00727  3.72963e-04 | 50 -0.00681  2.70542e-04 | 51 -0.00640  1.51383e-04
 52 -0.00602  1.92812e-05 | 53 -0.00570 -1.21277e-04 | 54 -0.00542 -2.65733e-04
 55 -0.00518 -4.09443e-04 | 56 -0.00496 -5.47246e-04 | 57 -0.00475 -6.72888e-04
 58 -0.00451 -7.78317e-04 | 59 -0.00423 -8.53892e-04 | 60 -0.00388 -8.89018e-04
 61 -0.00341 -8.75073e-04 | 62 -0.00281 -8.10516e-04 | 63 -0.00202 -7.10238e-04
 64 -0.00104 -6.14187e-04 | 65  0.00019 -5.84378e-04 | 66  0.00169 -6.71215e-04
 67  0.00349 -8.43595e-04 | 68  0.00559 -9.61334e-04 | 69  0.00802 -9.38522e-04
 70  0.01076 -9.99106e-04 | 71  0.01378 -1.38261e-03 | 72  0.01703 -1.72348e-03
 73  0.02040 -1.84458e-03 | 74  0.02376 -1.13025e-03 | 75  0.02691  1.59136e-03
 76  0.02962  1.45882e-03 | 77  0.03168 -2.25713e-03 | 78  0.03301 -2.85916e-03
 79  0.03358 -1.66560e-03 | 80  0.03344 -1.87984e-03 | 81  0.03270 -3.31273e-03
 82  0.03141 -4.71307e-03 | 83  0.02955 -4.29706e-03 | 84  0.02702 -7.37525e-04
 85  0.02377  1.08665e-03 | 86  0.01994 -8.35558e-04 | 87  0.01596 -1.12933e-03
 88  0.01232 -1.55753e-03 | 89  0.00947 -1.53404e-03 | 90  0.00752 -1.14548e-03
 91  0.00627 -8.89218e-04 | 92  0.00533 -7.62771e-04 | 93  0.00457 -7.04561e-04
 94  0.00445 -6.98066e-04 | 95  0.00510 -8.70657e-04 | 96  0.00532 -1.48362e-03
 97  0.00700 -2.08864e-03 | 98  0.00957 -2.49372e-03 | 99  0.01354 -2.90090e-03
100  0.01365 -2.85402e-03 |101  0.01241 -1.99327e-03 |102  0.01074 -5.71991e-04
103  0.00271  2.17007e-03 |104  0.00358  5.14309e-03 |105  0.02293  3.26789e-03
106  0.02142  6.39247e-03 |107 -0.00263  1.32566e-02 |108  0.01584  1.25804e-02
109  0.08388  7.73667e-03 |110  0.02830  7.01507e-05 |111 -0.01442 -5.35853e-04
112  0.00443 -2.48236e-03 |113  0.01953 -5.51249e-04 |114  0.03884 -3.84978e-03
115  0.00302 -7.05988e-03 |116 -0.06235 -1.57558e-02 |117 -0.07878 -7.95347e-03
118 -0.07713  2.89104e-03 |119 -0.03438  1.97943e-02 |120  0.06994  2.51200e-02
121  0.02381  2.30807e-02 |122  0.01398  2.81464e-02 |123 -0.02777  1.55294e-02
124 -0.06704 -9.59109e-03 |125 -0.00636  5.21776e-03 |126  0.00475  6.31320e-03
127 -0.02716  6.84846e-03 |128  0.02831 -7.04669e-03 |129  0.07356 -9.30260e-03
130  0.01050  7.69253e-04 |131  0.08263 -2.54526e-03 |132  0.00583  7.46343e-03
133  0.13296  8.62792e-03 |134 -0.00527 -7.89696e-03 |135 -0.04643  4.40683e-05
136 -0.05668 -2.41157e-03 |137 -0.02188  4.12864e-03 |138  0.09425  5.69310e-04
139  0.03192 -1.08663e-03 |140  0.01684 -6.58517e-03 |141 -0.02799 -5.17015e-03
142 -0.01758 -1.72115e-03 |143 -0.00587  3.06662e-03 |144 -0.00040  1.00285e-04
145  0.27551  3.91195e-02 |146  0.18653  7.48123e-02 |147  0.04657  9.55546e-03
148  0.29672 -1.85186e-02 |149  0.01639 -2.42999e-02 |150 -0.11481 -6.59248e-02
151 -0.47571  2.18102e-03 |152  0.31362 -4.57499e-03 |153  0.04888  2.96249e-02
154 -0.23508  1.84091e-03 |155  0.18245  1.85130e-02 |156  0.25986 -6.82975e-03
157  0.17453 -8.31305e-03 |158  0.25417 -2.51389e-04 |159  0.00590  1.30878e-03
160 -0.09830  8.83798e-03 |161  0.10336 -1.83615e-02 |162  0.29675  1.42668e-02
163  0.16886  1.00123e-02 |164  0.24621 -2.20506e-02 |165 -0.35191  2.59089e-04
166  0.24283  1.81935e-02 |167  0.05274 -2.12182e-02 |168 -0.18764  5.15506e-02
169  0.20269 -5.72926e-03 |170  0.31676  7.24035e-03 |171  0.07773 -8.20447e-02
172 -0.53229 -4.60139e-05 |173 -0.38076 -1.63300e-02 |174  0.23596  2.55763e-02
175  0.07830 -8.26753e-03 |176 -0.12203 -7.63845e-02 |177  0.05104 -3.29897e-02
178  0.11966  2.41577e-02 |179  0.32135 -2.03218e-02 |180  0.27252  1.56027e-02
181  0.00557 -2.76975e-02 |182  0.00910  3.17146e-02 |183 -0.15019  6.57399e-02
184 -0.12574  2.54956e-02 |185  0.01340 -6.95148e-03 |186  0.39318 -7.79067e-03
187  0.01864 -1.64291e-02 |188 -0.15438 -6.13704e-03 |189  0.09930  9.03283e-02
190  0.16364  1.05096e-01 |191  0.21870 -4.56936e-02 |192  0.25726 -1.89150e-01
193  0.02453  6.14272e-02 |194 -0.00643  4.61807e-02 |195 -0.17631  2.84951e-02
196 -0.11433 -1.22253e-01 |197 -0.55428 -2.98371e-03 |198  0.17107  1.59643e-02
199  0.09515  1.61479e-01 |200 -0.25355  5.69787e-02 |
200 variables; iteration 80; function evaluation 87; phase 4
Function value 7.3339512e+03; maximum gradient component mag -4.9559e-03
Var    Value     Gradient |Var    Value     Gradient |Var    Value     Gradient
  1 -0.42335 -1.66481e-04 |  2  0.37108  4.39594e-04 |  3 -0.12611  7.12442e-04
  4 -0.01319 -1.23919e-03 |  5 -0.70911  1.34853e-04 |  6 -0.60422 -4.40672e-05
  7  0.37625 -4.75880e-04 |  8 -0.18521  8.83656e-05 |  9  0.03403  4.66364e-04
 10 -0.60951 -1.23540e-03 | 11 -0.62338 -7.41909e-06 | 12 -0.09184  6.36075e-04
 13 -0.01015  1.43747e-04 | 14 -0.01037  1.46274e-04 | 15 -0.01059  1.50262e-04
 16 -0.01080  1.55805e-04 | 17 -0.01101  1.62962e-04 | 18 -0.01121  1.71726e-04
 19 -0.01141  1.82037e-04 | 20 -0.01159  1.93782e-04 | 21 -0.01177  2.06789e-04
 22 -0.01193  2.20834e-04 | 23 -0.01208  2.35648e-04 | 24 -0.01222  2.50926e-04
 25 -0.01234  2.66333e-04 | 26 -0.01245  2.81515e-04 | 27 -0.01253  2.96095e-04
 28 -0.01260  3.09669e-04 | 29 -0.01264  3.21821e-04 | 30 -0.01267  3.32135e-04
 31 -0.01266  3.40257e-04 | 32 -0.01263  3.45876e-04 | 33 -0.01258  3.48769e-04
 34 -0.01249  3.48816e-04 | 35 -0.01237  3.46018e-04 | 36 -0.01222  3.40499e-04
 37 -0.01204  3.32489e-04 | 38 -0.01181  3.22282e-04 | 39 -0.01155  3.10147e-04
 40 -0.01125  2.96204e-04 | 41 -0.01091  2.80474e-04 | 42 -0.01053  2.62595e-04
 43 -0.01012  2.41934e-04 | 44 -0.00968  2.17657e-04 | 45 -0.00921  1.88966e-04
 46 -0.00873  1.55494e-04 | 47 -0.00823  1.17724e-04 | 48 -0.00774  7.71888e-05
 49 -0.00727  3.63525e-05 | 50 -0.00681 -1.89263e-06 | 51 -0.00640 -3.49202e-05
 52 -0.00602 -6.09782e-05 | 53 -0.00570 -7.94972e-05 | 54 -0.00542 -9.09296e-05
 55 -0.00518 -9.62614e-05 | 56 -0.00496 -9.66092e-05 | 57 -0.00475 -9.31757e-05
 58 -0.00451 -8.76379e-05 | 59 -0.00423 -8.31686e-05 | 60 -0.00387 -8.57256e-05
 61 -0.00341 -1.05759e-04 | 62 -0.00280 -1.58918e-04 | 63 -0.00202 -2.62779e-04
 64 -0.00103 -4.23824e-04 | 65  0.00019 -6.11542e-04 | 66  0.00169 -7.39122e-04
 67  0.00349 -7.07518e-04 | 68  0.00559 -5.66324e-04 | 69  0.00802 -5.88125e-04
 70  0.01076 -8.15699e-04 | 71  0.01379 -6.81878e-04 | 72  0.01703 -2.49927e-04
 73  0.02041 -9.55600e-05 | 74  0.02376 -5.84982e-05 | 75  0.02689 -1.91238e-03
 76  0.02959 -2.55914e-03 | 77  0.03169 -1.91790e-04 | 78  0.03302  1.75935e-04
 79  0.03357 -6.14859e-04 | 80  0.03343 -4.53448e-04 | 81  0.03271  5.33207e-04
 82  0.03144  1.51257e-03 | 83  0.02957  1.12432e-03 | 84  0.02701 -1.10528e-03
 85  0.02375 -6.22450e-04 | 86  0.01993  6.23340e-04 | 87  0.01595  7.79732e-05
 88  0.01232  9.60939e-04 | 89  0.00946  9.37470e-04 | 90  0.00752  9.29334e-04
 91  0.00627  1.10980e-03 | 92  0.00533  1.19758e-03 | 93  0.00457  1.07158e-03
 94  0.00445  7.46957e-04 | 95  0.00509  3.15217e-04 | 96  0.00532 -9.57871e-05
 97  0.00700 -3.44798e-04 | 98  0.00957 -6.31818e-04 | 99  0.01354 -8.17371e-04
100  0.01365 -4.54043e-04 |101  0.01241 -2.08104e-04 |102  0.01074  4.33346e-04
103  0.00271  1.02212e-03 |104  0.00358  1.42625e-03 |105  0.02294  2.01635e-03
106  0.02142  7.61382e-04 |107 -0.00264  2.59036e-03 |108  0.01583  1.47446e-03
109  0.08388 -2.08087e-03 |110  0.02832 -1.55603e-03 |111 -0.01441 -4.13052e-04
112  0.00444  7.65475e-04 |113  0.01953  1.47596e-03 |114  0.03885 -2.05770e-04
115  0.00302 -4.22708e-03 |116 -0.06231  1.26150e-03 |117 -0.07876  1.08507e-03
118 -0.07714 -3.39638e-03 |119 -0.03440  3.31841e-04 |120  0.06996  3.13039e-03
121  0.02380 -2.45152e-03 |122  0.01396 -1.65559e-03 |123 -0.02778  2.29311e-04
124 -0.06701 -2.48795e-03 |125 -0.00636  5.42550e-04 |126  0.00473 -1.84800e-03
127 -0.02718  5.76468e-04 |128  0.02832  1.16858e-03 |129  0.07358  3.63070e-03
130  0.01048 -1.07927e-03 |131  0.08264 -2.06508e-03 |132  0.00581 -1.48891e-03
133  0.13295  1.97139e-03 |134 -0.00526 -2.08427e-03 |135 -0.04642  1.29084e-04
136 -0.05667 -1.17568e-04 |137 -0.02190 -2.07413e-03 |138  0.09424 -1.46438e-03
139  0.03193  7.62108e-04 |140  0.01687  8.12983e-05 |141 -0.02797  8.01220e-04
142 -0.01758 -1.51708e-03 |143 -0.00587 -5.50141e-05 |144 -0.00040 -3.95497e-05
145  0.27542  9.02284e-04 |146  0.18643 -1.54696e-03 |147  0.04656  1.82045e-03
148  0.29672  7.49377e-04 |149  0.01640 -1.95779e-03 |150 -0.11481 -1.29598e-04
151 -0.47548 -7.93028e-04 |152  0.31380  1.33472e-03 |153  0.04879 -5.71484e-04
154 -0.23507  1.10090e-04 |155  0.18243 -6.61647e-04 |156  0.25986 -3.28373e-04
157  0.17453 -1.93119e-03 |158  0.25418 -1.26242e-03 |159  0.00590 -4.74195e-04
160 -0.09831  2.46847e-04 |161  0.10337  9.81652e-05 |162  0.29675  1.40119e-04
163  0.16885 -1.30450e-03 |164  0.24621 -6.92945e-04 |165 -0.35199  7.30042e-05
166  0.24280 -1.70687e-04 |167  0.05277 -1.31874e-04 |168 -0.18764 -5.72879e-04
169  0.20263  3.17527e-04 |170  0.31674  3.15561e-04 |171  0.07774 -1.47262e-04
172 -0.53225 -3.41276e-05 |173 -0.38064  3.18172e-04 |174  0.23600  3.66608e-04
175  0.07828  6.76870e-04 |176 -0.12202 -4.56472e-05 |177  0.05110  3.91460e-03
178  0.11965 -1.22919e-03 |179  0.32138  2.53155e-03 |180  0.27251 -1.60285e-04
181  0.00555  2.85162e-03 |182  0.00909  2.69672e-03 |183 -0.15023 -4.95589e-03
184 -0.12574 -7.52061e-04 |185  0.01339  5.07460e-04 |186  0.39319 -4.37477e-03
187  0.01865 -1.95953e-03 |188 -0.15438  4.94913e-06 |189  0.09929 -1.09489e-04
190  0.16364 -1.17825e-03 |191  0.21869 -4.33602e-05 |192  0.25726 -6.55602e-04
193  0.02453  9.46017e-05 |194 -0.00644  1.90343e-03 |195 -0.17631 -1.46986e-04
196 -0.11433 -5.28777e-04 |197 -0.55410 -4.18729e-04 |198  0.17113  1.13308e-03
199  0.09514  9.52817e-04 |200 -0.25354 -1.85766e-04 |

 - final statistics:
200 variables; iteration 91; function evaluation 104
Function value 7.3340e+03; maximum gradient component mag 7.4016e-04
Exit code = 1;  converg criter 1.0000e-03
Var    Value     Gradient |Var    Value     Gradient |Var    Value     Gradient
  1 -0.42335  1.23933e-05 |  2  0.37108  5.43011e-05 |  3 -0.12611  8.08832e-05
  4 -0.01319 -1.15687e-04 |  5 -0.70911  2.98552e-04 |  6 -0.60421 -7.85559e-06
  7  0.37625  2.46557e-05 |  8 -0.18521  4.15388e-05 |  9  0.03403 -3.56963e-05
 10 -0.60951  9.31962e-05 | 11 -0.62338  4.21613e-06 | 12 -0.09184  1.86120e-04
 13 -0.01015  2.69870e-05 | 14 -0.01037  2.74464e-05 | 15 -0.01059  2.82584e-05
 16 -0.01080  2.94385e-05 | 17 -0.01101  3.09931e-05 | 18 -0.01121  3.29123e-05
 19 -0.01141  3.51736e-05 | 20 -0.01159  3.77420e-05 | 21 -0.01177  4.05695e-05
 22 -0.01193  4.35975e-05 | 23 -0.01208  4.67592e-05 | 24 -0.01222  4.99808e-05
 25 -0.01234  5.31846e-05 | 26 -0.01245  5.62919e-05 | 27 -0.01253  5.92217e-05
 28 -0.01260  6.18907e-05 | 29 -0.01265  6.42126e-05 | 30 -0.01267  6.61008e-05
 31 -0.01266  6.74821e-05 | 32 -0.01263  6.82932e-05 | 33 -0.01258  6.84895e-05
 34 -0.01249  6.80495e-05 | 35 -0.01238  6.69794e-05 | 36 -0.01223  6.53144e-05
 37 -0.01204  6.31150e-05 | 38 -0.01182  6.04579e-05 | 39 -0.01155  5.74162e-05
 40 -0.01125  5.40338e-05 | 41 -0.01091  5.03245e-05 | 42 -0.01053  4.62182e-05
 43 -0.01012  4.15756e-05 | 44 -0.00968  3.62020e-05 | 45 -0.00921  2.99059e-05
 46 -0.00873  2.26002e-05 | 47 -0.00823  1.44135e-05 | 48 -0.00774  5.75003e-06
 49 -0.00727 -2.73891e-06 | 50 -0.00681 -1.02898e-05 | 51 -0.00640 -1.62141e-05
 52 -0.00602 -2.00596e-05 | 53 -0.00570 -2.16844e-05 | 54 -0.00542 -2.12042e-05
 55 -0.00518 -1.88645e-05 | 56 -0.00496 -1.49505e-05 | 57 -0.00475 -9.78574e-06
 58 -0.00451 -3.83259e-06 | 59 -0.00423  2.05340e-06 | 60 -0.00387  6.29130e-06
 61 -0.00341  6.15674e-06 | 62 -0.00280 -2.35961e-06 | 63 -0.00202 -2.36092e-05
 64 -0.00103 -5.88927e-05 | 65  0.00020 -1.00318e-04 | 66  0.00169 -1.27694e-04
 67  0.00349 -1.22104e-04 | 68  0.00559 -9.99730e-05 | 69  0.00802 -1.10759e-04
 70  0.01076 -1.45644e-04 | 71  0.01379 -1.41226e-04 | 72  0.01703 -1.42954e-04
 73  0.02040 -1.73366e-04 | 74  0.02375 -2.46671e-04 | 75  0.02689 -2.48006e-04
 76  0.02960 -1.55264e-04 | 77  0.03169 -1.91807e-04 | 78  0.03302 -1.88094e-04
 79  0.03358 -1.46646e-04 | 80  0.03344 -1.27742e-04 | 81  0.03270 -1.27395e-04
 82  0.03143 -1.18490e-04 | 83  0.02956 -5.13551e-05 | 84  0.02702  1.22196e-05
 85  0.02375 -1.13277e-04 | 86  0.01993 -4.06775e-05 | 87  0.01595  1.76333e-05
 88  0.01232  9.50730e-05 | 89  0.00946  1.28894e-04 | 90  0.00752  1.56482e-04
 91  0.00627  2.06913e-04 | 92  0.00533  2.36679e-04 | 93  0.00456  2.21983e-04
 94  0.00445  1.68056e-04 | 95  0.00509  9.74068e-05 | 96  0.00532  2.83467e-05
 97  0.00700  1.43154e-06 | 98  0.00957 -4.56946e-05 | 99  0.01354 -9.47043e-05
100  0.01366 -1.10233e-04 |101  0.01241 -1.28790e-04 |102  0.01074 -9.68959e-05
103  0.00271 -2.39809e-05 |104  0.00357  7.01034e-05 |105  0.02294 -6.58672e-06
106  0.02142 -7.37878e-05 |107 -0.00264  2.51168e-04 |108  0.01582 -1.18128e-04
109  0.08388 -2.93259e-05 |110  0.02832 -1.61039e-04 |111 -0.01441  6.42418e-05
112  0.00444  2.04386e-04 |113  0.01953  5.60872e-05 |114  0.03885  8.25694e-05
115  0.00303 -3.10289e-04 |116 -0.06232 -2.56636e-04 |117 -0.07876  5.97009e-05
118 -0.07713 -9.20777e-05 |119 -0.03440  3.86404e-04 |120  0.06995  2.36334e-04
121  0.02380 -3.12567e-04 |122  0.01396 -2.37193e-04 |123 -0.02778  4.66977e-04
124 -0.06701  4.06475e-04 |125 -0.00637 -2.37547e-04 |126  0.00474 -7.03161e-05
127 -0.02718 -4.15098e-04 |128  0.02832  1.51963e-04 |129  0.07358  5.10454e-04
130  0.01049  3.45109e-04 |131  0.08264  4.52647e-05 |132  0.00581  3.87605e-05
133  0.13295  2.19911e-04 |134 -0.00525 -1.45221e-04 |135 -0.04642 -7.60942e-05
136 -0.05667  5.96362e-05 |137 -0.02189 -1.79105e-04 |138  0.09425 -1.83087e-04
139  0.03193 -3.50931e-04 |140  0.01687 -3.35264e-05 |141 -0.02797  2.50179e-04
142 -0.01758 -3.99337e-04 |143 -0.00587  1.18874e-04 |144 -0.00040 -8.58053e-06
145  0.27542 -5.38360e-04 |146  0.18644  7.40158e-04 |147  0.04656  1.80484e-04
148  0.29672  6.55714e-05 |149  0.01640 -1.89130e-04 |150 -0.11481  1.25216e-06
151 -0.47549 -1.80687e-05 |152  0.31378  2.74989e-05 |153  0.04880 -5.41261e-05
154 -0.23507 -6.36381e-05 |155  0.18243  3.81110e-05 |156  0.25986  5.02721e-06
157  0.17454  4.62746e-05 |158  0.25418  1.64009e-06 |159  0.00590 -2.21161e-04
160 -0.09830  2.26259e-05 |161  0.10337  1.83703e-04 |162  0.29675  6.82629e-05
163  0.16885 -6.40870e-04 |164  0.24622 -3.88821e-04 |165 -0.35199 -2.54346e-04
166  0.24280 -6.40012e-05 |167  0.05277  7.96089e-05 |168 -0.18764  6.88605e-05
169  0.20263  3.62227e-05 |170  0.31674  1.13471e-05 |171  0.07774 -1.23664e-05
172 -0.53221 -3.12315e-05 |173 -0.38065 -2.18529e-05 |174  0.23599  9.98008e-06
175  0.07828  3.74301e-05 |176 -0.12202  1.80642e-05 |177  0.05109  7.43810e-05
178  0.11965 -1.15890e-04 |179  0.32137  1.00243e-04 |180  0.27251 -3.27883e-05
181  0.00556  4.30299e-04 |182  0.00909  2.29386e-04 |183 -0.15023 -4.52534e-04
184 -0.12574 -7.71374e-05 |185  0.01339  3.97218e-05 |186  0.39319 -2.67041e-04
187  0.01865 -8.03955e-05 |188 -0.15438 -5.93342e-05 |189  0.09929 -2.59601e-05
190  0.16364 -1.19040e-04 |191  0.21869  1.91811e-06 |192  0.25726 -2.03907e-05
193  0.02453 -1.02489e-05 |194 -0.00645  1.52495e-04 |195 -0.17631 -2.69411e-05
196 -0.11433 -5.35212e-05 |197 -0.55410  9.46890e-05 |198  0.17113 -2.90757e-04
199  0.09514 -4.32828e-04 |200 -0.25354  4.66708e-04 |

 - final statistics:
213 variables; iteration 0; function evaluation 0
Function value 7.3340e+03; maximum gradient component mag 7.4016e-04
Exit code = 0;  converg criter 1.0000e-03
Var    Value     Gradient |Var    Value     Gradient |Var    Value     Gradient
  1 -0.42335  1.23933e-05 |  2  0.37108  5.43011e-05 |  3 -0.12611  8.08832e-05
  4 -0.01319 -1.15687e-04 |  5 -0.70911  2.98552e-04 |  6 -0.60421 -7.85558e-06
  7  0.37625  2.46557e-05 |  8 -0.18521  4.15388e-05 |  9  0.03403 -3.56963e-05
 10 -0.60951  9.31962e-05 | 11 -0.62338  4.21614e-06 | 12 -0.09184  1.86120e-04
 13 -0.01015  2.69870e-05 | 14 -0.01037  2.74464e-05 | 15 -0.01059  2.82584e-05
 16 -0.01080  2.94385e-05 | 17 -0.01101  3.09931e-05 | 18 -0.01121  3.29123e-05
 19 -0.01141  3.51736e-05 | 20 -0.01159  3.77420e-05 | 21 -0.01177  4.05695e-05
 22 -0.01193  4.35975e-05 | 23 -0.01208  4.67592e-05 | 24 -0.01222  4.99808e-05
 25 -0.01234  5.31846e-05 | 26 -0.01245  5.62919e-05 | 27 -0.01253  5.92217e-05
 28 -0.01260  6.18907e-05 | 29 -0.01265  6.42126e-05 | 30 -0.01267  6.61008e-05
 31 -0.01266  6.74821e-05 | 32 -0.01263  6.82932e-05 | 33 -0.01258  6.84895e-05
 34 -0.01249  6.80495e-05 | 35 -0.01238  6.69794e-05 | 36 -0.01223  6.53144e-05
 37 -0.01204  6.31150e-05 | 38 -0.01182  6.04579e-05 | 39 -0.01155  5.74162e-05
 40 -0.01125  5.40338e-05 | 41 -0.01091  5.03245e-05 | 42 -0.01053  4.62182e-05
 43 -0.01012  4.15756e-05 | 44 -0.00968  3.62020e-05 | 45 -0.00921  2.99059e-05
 46 -0.00873  2.26002e-05 | 47 -0.00823  1.44135e-05 | 48 -0.00774  5.75003e-06
 49 -0.00727 -2.73891e-06 | 50 -0.00681 -1.02898e-05 | 51 -0.00640 -1.62141e-05
 52 -0.00602 -2.00596e-05 | 53 -0.00570 -2.16844e-05 | 54 -0.00542 -2.12042e-05
 55 -0.00518 -1.88645e-05 | 56 -0.00496 -1.49505e-05 | 57 -0.00475 -9.78574e-06
 58 -0.00451 -3.83259e-06 | 59 -0.00423  2.05340e-06 | 60 -0.00387  6.29130e-06
 61 -0.00341  6.15674e-06 | 62 -0.00280 -2.35961e-06 | 63 -0.00202 -2.36092e-05
 64 -0.00103 -5.88927e-05 | 65  0.00020 -1.00318e-04 | 66  0.00169 -1.27694e-04
 67  0.00349 -1.22104e-04 | 68  0.00559 -9.99730e-05 | 69  0.00802 -1.10759e-04
 70  0.01076 -1.45644e-04 | 71  0.01379 -1.41226e-04 | 72  0.01703 -1.42954e-04
 73  0.02040 -1.73366e-04 | 74  0.02375 -2.46671e-04 | 75  0.02689 -2.48006e-04
 76  0.02960 -1.55264e-04 | 77  0.03169 -1.91807e-04 | 78  0.03302 -1.88094e-04
 79  0.03358 -1.46646e-04 | 80  0.03344 -1.27742e-04 | 81  0.03270 -1.27395e-04
 82  0.03143 -1.18490e-04 | 83  0.02956 -5.13551e-05 | 84  0.02702  1.22196e-05
 85  0.02375 -1.13277e-04 | 86  0.01993 -4.06775e-05 | 87  0.01595  1.76333e-05
 88  0.01232  9.50730e-05 | 89  0.00946  1.28894e-04 | 90  0.00752  1.56482e-04
 91  0.00627  2.06913e-04 | 92  0.00533  2.36679e-04 | 93  0.00456  2.21983e-04
 94  0.00445  1.68056e-04 | 95  0.00509  9.74068e-05 | 96  0.00532  2.83467e-05
 97  0.00700  1.43154e-06 | 98  0.00957 -4.56945e-05 | 99  0.01354 -9.47043e-05
100  0.01366 -1.10233e-04 |101  0.01241 -1.28790e-04 |102  0.01074 -9.68959e-05
103  0.00271 -2.39809e-05 |104  0.00357  7.01034e-05 |105  0.02294 -6.58672e-06
106  0.02142 -7.37878e-05 |107 -0.00264  2.51168e-04 |108  0.01582 -1.18128e-04
109  0.08388 -2.93259e-05 |110  0.02832 -1.61039e-04 |111 -0.01441  6.42418e-05
112  0.00444  2.04386e-04 |113  0.01953  5.60872e-05 |114  0.03885  8.25694e-05
115  0.00303 -3.10289e-04 |116 -0.06232 -2.56636e-04 |117 -0.07876  5.97009e-05
118 -0.07713 -9.20777e-05 |119 -0.03440  3.86404e-04 |120  0.06995  2.36334e-04
121  0.02380 -3.12567e-04 |122  0.01396 -2.37193e-04 |123 -0.02778  4.66977e-04
124 -0.06701  4.06475e-04 |125 -0.00637 -2.37547e-04 |126  0.00474 -7.03161e-05
127 -0.02718 -4.15098e-04 |128  0.02832  1.51963e-04 |129  0.07358  5.10454e-04
130  0.01049  3.45109e-04 |131  0.08264  4.52647e-05 |132  0.00581  3.87605e-05
133  0.13295  2.19911e-04 |134 -0.00525 -1.45221e-04 |135 -0.04642 -7.60942e-05
136 -0.05667  5.96362e-05 |137 -0.02189 -1.79105e-04 |138  0.09425 -1.83087e-04
139  0.03193 -3.50931e-04 |140  0.01687 -3.35264e-05 |141 -0.02797  2.50179e-04
142 -0.01758 -3.99337e-04 |143 -0.00587  1.18874e-04 |144 -0.00040 -8.58053e-06
145  0.00000  0.00000e+00 |146  0.00000  0.00000e+00 |147  0.00000  0.00000e+00
148  0.00000  0.00000e+00 |149  0.00000  0.00000e+00 |150  0.00000  0.00000e+00
151  0.00000  0.00000e+00 |152  0.00000  0.00000e+00 |153  0.00000  0.00000e+00
154  0.00000  0.00000e+00 |155  0.00000  0.00000e+00 |156  0.00000  0.00000e+00
157  0.00000  0.00000e+00 |158  0.27542 -5.38360e-04 |159  0.18644  7.40158e-04
160  0.04656  1.80484e-04 |161  0.29672  6.55714e-05 |162  0.01640 -1.89130e-04
163 -0.11481  1.25216e-06 |164 -0.47549 -1.80687e-05 |165  0.31378  2.74989e-05
166  0.04880 -5.41261e-05 |167 -0.23507 -6.36381e-05 |168  0.18243  3.81110e-05
169  0.25986  5.02721e-06 |170  0.17454  4.62746e-05 |171  0.25418  1.64009e-06
172  0.00590 -2.21161e-04 |173 -0.09830  2.26259e-05 |174  0.10337  1.83703e-04
175  0.29675  6.82629e-05 |176  0.16885 -6.40870e-04 |177  0.24622 -3.88821e-04
178 -0.35199 -2.54346e-04 |179  0.24280 -6.40012e-05 |180  0.05277  7.96089e-05
181 -0.18764  6.88605e-05 |182  0.20263  3.62227e-05 |183  0.31674  1.13471e-05
184  0.07774 -1.23664e-05 |185 -0.53221 -3.12315e-05 |186 -0.38065 -2.18529e-05
187  0.23599  9.98008e-06 |188  0.07828  3.74301e-05 |189 -0.12202  1.80642e-05
190  0.05109  7.43810e-05 |191  0.11965 -1.15890e-04 |192  0.32137  1.00243e-04
193  0.27251 -3.27883e-05 |194  0.00556  4.30299e-04 |195  0.00909  2.29386e-04
196 -0.15023 -4.52534e-04 |197 -0.12574 -7.71374e-05 |198  0.01339  3.97218e-05
199  0.39319 -2.67041e-04 |200  0.01865 -8.03955e-05 |201 -0.15438 -5.93342e-05
202  0.09929 -2.59601e-05 |203  0.16364 -1.19040e-04 |204  0.21869  1.91811e-06
205  0.25726 -2.03907e-05 |206  0.02453 -1.02489e-05 |207 -0.00645  1.52495e-04
208 -0.17631 -2.69411e-05 |209 -0.11433 -5.35212e-05 |210 -0.55410  9.46890e-05
211  0.17113 -2.90757e-04 |212  0.09514 -4.32828e-04 |213 -0.25354  4.66708e-04
size of file gradfil1.tmp = 0
size of file gradfil2.tmp = 0
size of file varssave.tmp = 0
size of file cmpdiff.tmp = 1000000040
