
 - final statistics:
3 variables; iteration 0; function evaluation 0
Function value 7.0417e+03; maximum gradient component mag -6.8737e-04
Exit code = 0;  converg criter 1.0000e+01
Var    Value     Gradient |Var    Value     Gradient |Var    Value     Gradient
  1  0.82552 -6.87366e-04 |  2 -0.64808 -1.25124e-04 |  3 -0.99393  6.18941e-07

Initial statistics: 15 variables; iteration 0; function evaluation 0; phase 2
Function value 7.0417299e+03; maximum gradient component mag 5.5829e+01
Var    Value     Gradient |Var    Value     Gradient |Var    Value     Gradient
  1 -0.38767 -4.91699e+01 |  2  0.35802  8.01083e+00 |  3 -0.14696  2.28433e+01
  4  0.02639  1.14723e+01 |  5 -0.68375  1.64504e-01 |  6 -0.61919  2.62503e+01
  7 -0.41866  5.58293e+01 |  8  0.35663 -2.81877e+00 |  9 -0.20076 -2.47398e+01
 10  0.08187 -6.77785e+00 | 11 -0.61141 -1.89061e-01 | 12 -0.63626  1.78504e+01
 13  0.82552 -6.87366e-04 | 14 -0.64808 -1.25124e-04 | 15 -0.99393  6.18941e-07

 - final statistics:
15 variables; iteration 4; function evaluation 8
Function value 7.0416e+03; maximum gradient component mag 8.0601e+00
Exit code = 1;  converg criter 1.0000e+01
Var    Value     Gradient |Var    Value     Gradient |Var    Value     Gradient
  1 -0.38546 -2.23004e+00 |  2  0.35837  8.06009e+00 |  3 -0.14802  3.96023e+00
  4  0.02670 -1.75116e+00 |  5 -0.68356 -2.62630e+00 |  6 -0.62014  2.32896e+00
  7 -0.42096  1.62599e+00 |  8  0.35620 -3.35241e+00 |  9 -0.19967  1.98269e+00
 10  0.08168  3.33223e+00 | 11 -0.61129 -4.22679e-01 | 12 -0.63642  3.72133e+00
 13  0.82551  6.38758e-02 | 14 -0.64809  1.08660e-01 | 15 -0.99393 -3.52690e-05

Initial statistics: 174 variables; iteration 0; function evaluation 0; phase 3
Function value 7.0415707e+03; maximum gradient component mag 8.0601e+00
Var    Value     Gradient |Var    Value     Gradient |Var    Value     Gradient
  1 -0.38546 -2.23004e+00 |  2  0.35837  8.06009e+00 |  3 -0.14802  3.96023e+00
  4  0.02670 -1.75116e+00 |  5 -0.68356 -2.62630e+00 |  6 -0.62014  2.32896e+00
  7 -0.42096  1.62599e+00 |  8  0.35620 -3.35241e+00 |  9 -0.19967  1.98269e+00
 10  0.08168  3.33223e+00 | 11 -0.61129 -4.22679e-01 | 12 -0.63642  3.72133e+00
 13  0.82551  6.38758e-02 | 14 -0.00261  5.28535e-02 | 15 -0.00262  5.48327e-02
 16 -0.00263  5.68516e-02 | 17 -0.00262  5.89321e-02 | 18 -0.00261  6.10603e-02
 19 -0.00258  6.32358e-02 | 20 -0.00255  6.54500e-02 | 21 -0.00250  6.76963e-02
 22 -0.00244  6.99746e-02 | 23 -0.00237  7.22764e-02 | 24 -0.00229  7.45916e-02
 25 -0.00219  7.68996e-02 | 26 -0.00208  7.92084e-02 | 27 -0.00196  8.14984e-02
 28 -0.00182  8.37417e-02 | 29 -0.00167  8.59460e-02 | 30 -0.00151  8.80820e-02
 31 -0.00133  9.01387e-02 | 32 -0.00114  9.20998e-02 | 33 -0.00093  9.39484e-02
 34 -0.00072  9.56703e-02 | 35 -0.00049  9.72516e-02 | 36 -0.00026  9.86728e-02
 37 -0.00002  9.99252e-02 | 38  0.00020  1.00983e-01 | 39  0.00041  1.01853e-01
 40  0.00060  1.02495e-01 | 41  0.00075  1.02915e-01 | 42  0.00086  1.03098e-01
 43  0.00091  1.03039e-01 | 44  0.00090  1.02731e-01 | 45  0.00083  1.02164e-01
 46  0.00069  1.01353e-01 | 47  0.00050  1.00313e-01 | 48  0.00026  9.90366e-02
 49 -0.00001  9.75392e-02 | 50 -0.00030  9.58743e-02 | 51 -0.00056  9.40414e-02
 52 -0.00079  9.20446e-02 | 53 -0.00094  8.99286e-02 | 54 -0.00099  8.77280e-02
 55 -0.00091  8.54038e-02 | 56 -0.00066  8.30153e-02 | 57 -0.00022  8.05352e-02
 58  0.00045  7.79841e-02 | 59  0.00137  7.53398e-02 | 60  0.00256  7.25905e-02
 61  0.00404  6.97448e-02 | 62  0.00580  6.67538e-02 | 63  0.00783  6.35727e-02
 64  0.01011  6.01817e-02 | 65  0.01256  5.65523e-02 | 66  0.01508  5.25900e-02
 67  0.01752  4.82450e-02 | 68  0.01970  4.34899e-02 | 69  0.02143  3.82319e-02
 70  0.02254  3.24467e-02 | 71  0.02293  2.61794e-02 | 72  0.02261  1.94035e-02
 73  0.02168  1.22316e-02 | 74  0.02023  4.59625e-03 | 75  0.01831 -3.50633e-03
 76  0.01590 -1.21589e-02 | 77  0.01291 -2.14145e-02 | 78  0.00931 -3.12847e-02
 79  0.00522 -4.17903e-02 | 80  0.00097 -5.27933e-02 | 81 -0.00296 -6.44990e-02
 82 -0.00620 -7.70590e-02 | 83 -0.00860 -9.05418e-02 | 84 -0.01033 -1.04869e-01
 85 -0.01173 -1.19804e-01 | 86 -0.01293 -1.35499e-01 | 87 -0.01352 -1.52996e-01
 88 -0.01312 -1.73233e-01 | 89 -0.01209 -1.95858e-01 | 90 -0.00933 -2.23683e-01
 91 -0.00485 -2.56696e-01 | 92  0.00133 -2.96251e-01 | 93  0.00519 -3.29100e-01
 94  0.00820 -3.58233e-01 | 95  0.01087 -3.84620e-01 | 96  0.00611 -3.83232e-01
 97  0.00747 -4.01991e-01 | 98  0.02557 -4.98037e-01 | 99  0.01874 -5.55320e-01
100  0.00021 -5.96365e-01 |101  0.01997 -8.93314e-01 |102  0.08630 -1.89822e+00
103  0.03406 -1.49890e+00 |104 -0.00555 -1.22999e+00 |105  0.00548 -1.46884e+00
106  0.01794 -1.73844e+00 |107  0.03196 -2.10644e+00 |108 -0.00073 -1.89034e+00
109 -0.06704 -1.23054e+00 |110 -0.08406 -1.17779e+00 |111 -0.08247 -1.30475e+00
112 -0.04737 -1.58796e+00 |113  0.06416 -3.50718e+00 |114  0.01510 -1.94156e+00
115  0.00908 -1.23199e+00 |116 -0.04026 -3.38139e-01 |117 -0.08121  4.32898e-01
118 -0.03137  1.34044e+00 |119 -0.02415  2.30095e+00 |120 -0.04966  2.31988e+00
121  0.00275  3.75016e+00 |122  0.03969  4.71087e+00 |123 -0.00317  2.71531e+00
124  0.04570  3.05588e+00 |125 -0.01655  1.11000e+00 |126  0.10265  1.80440e+00
127 -0.01123  3.50973e-01 |128 -0.05016  2.72958e-01 |129 -0.06006  8.43387e-02
130 -0.02641  2.80728e-01 |131  0.08554  3.72802e-01 |132  0.02400 -2.64264e-02
133  0.01266  3.19841e-02 |134 -0.03397  2.14662e-02 |135 -0.01914 -4.99120e-02
136 -0.00406  2.75081e-02 |137 -0.00000 -7.33434e-07 |138 -0.64809  1.08660e-01
139 -0.99393 -3.52690e-05 |140  0.03121  3.37670e+00 |141 -0.58651  2.53413e-04
142  0.03495 -1.09804e+00 |143 -0.10991  2.52361e-01 |144  0.20000 -5.06441e-02
145  0.16748  2.48789e+00 |146 -0.58136  1.76006e-04 |147 -0.00720 -1.13862e+00
148  0.12386  5.94698e-01 |149 -0.04033 -3.79169e-01 |150  0.09532  4.52917e-04
151  0.04853  2.66437e-04 |152  0.14563  7.77819e-01 |153 -0.03738 -5.39984e-01
154 -0.58548  2.64500e-02 |155 -0.50980 -5.80358e-06 |156 -0.20972 -1.31578e-02
157 -0.21217 -5.81138e-03 |158  0.19395  1.94442e-01 |159  0.08261 -4.49092e-02
160 -0.39563 -1.64869e-02 |161 -0.20088 -1.94142e-01 |162 -0.03778 -2.83741e-02
163  0.08906  5.11239e-01 |164 -0.52696  1.71343e-04 |165  0.07864 -2.09362e-01
166  0.06407  2.83079e+00 |167 -0.17462  4.18882e+00 |168 -0.15651 -3.09827e-01
169  0.22776  1.57207e-01 |170  0.01200 -1.66605e-01 |171 -0.36298  1.73220e-03
172 -0.44269 -1.32376e-04 |173 -0.04126 -9.91545e-03 |174 -0.30026 -2.72210e-02

Intermediate statistics: 174 variables; iteration 20; function evaluation 24; phase 3
Function value 7.0415295e+03; maximum gradient component mag -2.6736e+01
Var    Value     Gradient |Var    Value     Gradient |Var    Value     Gradient
  1 -0.38573  2.32643e+00 |  2  0.35734 -2.67358e+01 |  3 -0.14873 -2.17514e+01
  4  0.02821 -2.50452e+01 |  5 -0.68066 -5.61149e-01 |  6 -0.62068  2.89492e+00
  7 -0.42216 -1.36438e+01 |  8  0.35613 -2.15608e+00 |  9 -0.19967 -7.18449e+00
 10  0.08198  1.16039e+00 | 11 -0.61019  5.30880e-01 | 12 -0.63660  5.38570e+00
 13  0.82445 -2.00668e-01 | 14 -0.00278  5.33157e-02 | 15 -0.00280  5.50468e-02
 16 -0.00281  5.68238e-02 | 17 -0.00281  5.86522e-02 | 18 -0.00280  6.05300e-02
 19 -0.00278  6.24578e-02 | 20 -0.00275  6.44347e-02 | 21 -0.00271  6.64600e-02
 22 -0.00265  6.85344e-02 | 23 -0.00258  7.06568e-02 | 24 -0.00250  7.28256e-02
 25 -0.00241  7.50370e-02 | 26 -0.00230  7.72933e-02 | 27 -0.00218  7.95911e-02
 28 -0.00205  8.19254e-02 | 29 -0.00190  8.42988e-02 | 30 -0.00174  8.67065e-02
 31 -0.00156  8.91478e-02 | 32 -0.00137  9.16212e-02 | 33 -0.00116  9.41250e-02
 34 -0.00094  9.66587e-02 | 35 -0.00070  9.92212e-02 | 36 -0.00047  1.01810e-01
 37 -0.00023  1.04426e-01 | 38  0.00001  1.07063e-01 | 39  0.00023  1.09724e-01
 40  0.00043  1.12401e-01 | 41  0.00059  1.15093e-01 | 42  0.00072  1.17798e-01
 43  0.00078  1.20517e-01 | 44  0.00079  1.23249e-01 | 45  0.00074  1.26000e-01
 46  0.00062  1.28779e-01 | 47  0.00044  1.31605e-01 | 48  0.00022  1.34492e-01
 49 -0.00003  1.37465e-01 | 50 -0.00029  1.40564e-01 | 51 -0.00054  1.43817e-01
 52 -0.00074  1.47262e-01 | 53 -0.00087  1.50945e-01 | 54 -0.00090  1.54918e-01
 55 -0.00080  1.59219e-01 | 56 -0.00053  1.63913e-01 | 57 -0.00006  1.69052e-01
 58  0.00063  1.74703e-01 | 59  0.00157  1.80929e-01 | 60  0.00278  1.87800e-01
 61  0.00428  1.95390e-01 | 62  0.00606  2.03755e-01 | 63  0.00812  2.12935e-01
 64  0.01042  2.22947e-01 | 65  0.01290  2.33747e-01 | 66  0.01544  2.45190e-01
 67  0.01791  2.57029e-01 | 68  0.02012  2.68898e-01 | 69  0.02188  2.80315e-01
 70  0.02301  2.90799e-01 | 71  0.02342  2.99987e-01 | 72  0.02312  3.07693e-01
 73  0.02220  3.13966e-01 | 74  0.02075  3.18894e-01 | 75  0.01885  3.22494e-01
 76  0.01645  3.24569e-01 | 77  0.01346  3.24801e-01 | 78  0.00986  3.23025e-01
 79  0.00578  3.19525e-01 | 80  0.00154  3.14371e-01 | 81 -0.00238  3.09592e-01
 82 -0.00560  3.06193e-01 | 83 -0.00798  3.04554e-01 | 84 -0.00968  3.04228e-01
 85 -0.01105  3.04114e-01 | 86 -0.01223  3.02910e-01 | 87 -0.01280  3.01072e-01
 88 -0.01237  3.00086e-01 | 89 -0.01132  2.98246e-01 | 90 -0.00854  2.95763e-01
 91 -0.00403  2.94298e-01 | 92  0.00221  2.96576e-01 | 93  0.00611  2.88714e-01
 94  0.00915  2.65879e-01 | 95  0.01180  2.38495e-01 | 96  0.00695  1.86329e-01
 97  0.00827  1.02514e-01 | 98  0.02633  7.95541e-03 | 99  0.01928 -1.27719e-01
100  0.00063 -3.17828e-01 |101  0.02030 -5.88450e-01 |102  0.08724 -1.25326e+00
103  0.03478 -8.87631e-01 |104 -0.00489 -8.08297e-01 |105  0.00606 -1.03862e+00
106  0.01850 -1.30000e+00 |107  0.03258 -1.63843e+00 |108 -0.00008 -1.26188e+00
109 -0.06640 -8.32809e-01 |110 -0.08344 -8.38157e-01 |111 -0.08190 -1.03027e+00
112 -0.04728 -1.70016e+00 |113  0.06473 -3.61907e+00 |114  0.01550 -1.96694e+00
115  0.00950 -1.43109e+00 |116 -0.04029 -6.02333e-01 |117 -0.08119 -3.85023e-01
118 -0.03232 -1.08555e-02 |119 -0.02545  4.21979e-01 |120 -0.05135  5.24382e-01
121  0.00062  9.45705e-01 |122  0.03716  1.30308e+00 |123 -0.00537  6.76351e-01
124  0.04323  5.09693e-01 |125 -0.01854  2.70683e-02 |126  0.10051 -1.03186e-01
127 -0.01272 -1.41686e-01 |128 -0.05113 -8.87742e-02 |129 -0.06101 -8.63444e-02
130 -0.02738 -9.03358e-03 |131  0.08475  6.03779e-02 |132  0.02379  3.94028e-02
133  0.01255 -7.87697e-02 |134 -0.03421 -1.85982e-02 |135 -0.01919 -2.98305e-02
136 -0.00401 -5.87664e-03 |137 -0.00000 -6.88783e-07 |138 -0.64919 -2.84855e-01
139 -0.99394 -8.42519e-04 |140  0.03104  1.28380e+01 |141 -0.58651  6.26741e-04
142  0.03458 -9.40207e+00 |143 -0.11083 -8.42778e-02 |144  0.20166  2.64412e-01
145  0.16686  3.94874e+00 |146 -0.58136  1.52480e-04 |147 -0.00709 -2.89353e+00
148  0.12334  5.91394e-01 |149 -0.04024 -3.85896e-01 |150  0.09532  4.46911e-04
151  0.04853  2.73763e-04 |152  0.14506 -2.43418e-02 |153 -0.03743  1.14859e-01
154 -0.58538 -4.49610e-02 |155 -0.50980 -1.12413e-04 |156 -0.20977 -1.01377e-02
157 -0.21236 -4.72195e-01 |158  0.19359  2.77599e-01 |159  0.08257 -7.98511e-02
160 -0.39693 -7.47313e-02 |161 -0.19948 -7.13061e-03 |162 -0.03694  2.69358e-01
163  0.08887  5.69869e-01 |164 -0.52696  1.60728e-04 |165  0.07866 -3.15494e-01
166  0.06387 -1.03691e+01 |167 -0.17531 -1.51403e+01 |168 -0.15636  1.19587e+00
169  0.22661 -1.66885e-01 |170  0.01281  3.37165e-01 |171 -0.36307 -1.88592e-02
172 -0.44269 -7.17815e-04 |173 -0.04110 -6.47163e-02 |174 -0.30015 -1.21358e-01
174 variables; iteration 40; function evaluation 44; phase 3
Function value 7.0414963e+03; maximum gradient component mag -6.3353e+00
Var    Value     Gradient |Var    Value     Gradient |Var    Value     Gradient
  1 -0.38583  7.29213e-01 |  2  0.35681 -6.33532e+00 |  3 -0.14930 -5.17891e+00
  4  0.03001 -5.44864e+00 |  5 -0.67978  6.29539e-02 |  6 -0.62106  5.32442e-01
  7 -0.42199 -2.87159e+00 |  8  0.35666 -6.51475e-02 |  9 -0.19923 -1.31109e+00
 10  0.08077 -7.47168e-01 | 11 -0.60987  2.20023e-01 | 12 -0.63677  1.19216e+00
 13  0.82513  2.75488e-01 | 14 -0.00279  1.12209e-02 | 15 -0.00281  1.14871e-02
 16 -0.00282  1.17518e-02 | 17 -0.00282  1.20203e-02 | 18 -0.00282  1.22897e-02
 19 -0.00280  1.25604e-02 | 20 -0.00277  1.28309e-02 | 21 -0.00272  1.31001e-02
 22 -0.00267  1.33683e-02 | 23 -0.00260  1.36340e-02 | 24 -0.00252  1.38951e-02
 25 -0.00243  1.41473e-02 | 26 -0.00233  1.43927e-02 | 27 -0.00221  1.46272e-02
 28 -0.00207  1.48450e-02 | 29 -0.00193  1.50487e-02 | 30 -0.00176  1.52324e-02
 31 -0.00159  1.53950e-02 | 32 -0.00139  1.55341e-02 | 33 -0.00119  1.56476e-02
 34 -0.00097  1.57342e-02 | 35 -0.00074  1.57934e-02 | 36 -0.00050  1.58241e-02
 37 -0.00026  1.58290e-02 | 38 -0.00003  1.58086e-02 | 39  0.00020  1.57746e-02
 40  0.00039  1.57296e-02 | 41  0.00056  1.56925e-02 | 42  0.00068  1.56807e-02
 43  0.00075  1.57175e-02 | 44  0.00076  1.58270e-02 | 45  0.00070  1.60312e-02
 46  0.00058  1.63556e-02 | 47  0.00041  1.68169e-02 | 48  0.00019  1.74150e-02
 49 -0.00006  1.81436e-02 | 50 -0.00032  1.89959e-02 | 51 -0.00056  1.99391e-02
 52 -0.00076  2.09371e-02 | 53 -0.00089  2.19649e-02 | 54 -0.00092  2.29997e-02
 55 -0.00081  2.40087e-02 | 56 -0.00054  2.49981e-02 | 57 -0.00007  2.59637e-02
 58  0.00062  2.69267e-02 | 59  0.00156  2.79051e-02 | 60  0.00277  2.89257e-02
 61  0.00427  3.00262e-02 | 62  0.00605  3.12238e-02 | 63  0.00811  3.25365e-02
 64  0.01041  3.40032e-02 | 65  0.01288  3.56891e-02 | 66  0.01542  3.76695e-02
 67  0.01788  4.00946e-02 | 68  0.02009  4.31369e-02 | 69  0.02184  4.68642e-02
 70  0.02297  5.12648e-02 | 71  0.02338  5.62934e-02 | 72  0.02308  6.19273e-02
 73  0.02216  6.82811e-02 | 74  0.02072  7.54020e-02 | 75  0.01882  8.32820e-02
 76  0.01643  9.17576e-02 | 77  0.01345  1.00595e-01 | 78  0.00986  1.09668e-01
 79  0.00579  1.19189e-01 | 80  0.00156  1.29438e-01 | 81 -0.00234  1.41199e-01
 82 -0.00554  1.54565e-01 | 83 -0.00790  1.69269e-01 | 84 -0.00958  1.84809e-01
 85 -0.01093  2.00465e-01 | 86 -0.01209  2.15620e-01 | 87 -0.01264  2.30664e-01
 88 -0.01219  2.46362e-01 | 89 -0.01113  2.61259e-01 | 90 -0.00833  2.76424e-01
 91 -0.00379  2.90683e-01 | 92  0.00249  3.01624e-01 | 93  0.00641  2.89538e-01
 94  0.00944  2.57769e-01 | 95  0.01209  2.11276e-01 | 96  0.00720  1.31206e-01
 97  0.00843  1.58687e-02 | 98  0.02639 -1.22643e-01 | 99  0.01927 -2.59433e-01
100  0.00048 -4.05124e-01 |101  0.02021 -5.45923e-01 |102  0.08733 -9.36435e-01
103  0.03505 -5.61218e-01 |104 -0.00446 -2.77411e-01 |105  0.00656 -2.16933e-01
106  0.01900 -2.46701e-01 |107  0.03294 -4.55482e-01 |108  0.00009 -4.56854e-01
109 -0.06624 -2.67706e-01 |110 -0.08316 -1.81062e-01 |111 -0.08137 -1.23480e-01
112 -0.04681 -4.68150e-01 |113  0.06492 -1.53041e+00 |114  0.01559 -6.16975e-01
115  0.01044  3.41587e-01 |116 -0.03915  6.74421e-01 |117 -0.08139 -8.51166e-02
118 -0.03307 -1.89880e-01 |119 -0.02664 -2.42621e-01 |120 -0.05213 -6.32163e-03
121 -0.00056  1.76091e-01 |122  0.03617  5.94247e-01 |123 -0.00553  5.63344e-01
124  0.04249  1.89712e-01 |125 -0.01975 -3.82496e-01 |126  0.10041  4.26495e-01
127 -0.01400 -5.15708e-01 |128 -0.05095  1.44568e-01 |129 -0.06061  2.13232e-01
130 -0.02719  1.24327e-01 |131  0.08467  4.92649e-02 |132  0.02342 -7.26320e-02
133  0.01231 -5.62126e-02 |134 -0.03476 -1.25011e-01 |135 -0.01930  9.03896e-04
136 -0.00392  3.54906e-03 |137 -0.00000  6.23993e-07 |138 -0.64936  3.16219e-01
139 -0.99407  2.48173e-03 |140  0.03026  2.97625e+00 |141 -0.58656  1.90998e-04
142  0.03488 -2.02948e+00 |143 -0.11132 -1.85266e-01 |144  0.20141  2.23853e-02
145  0.16659  1.36580e+00 |146 -0.58130  5.53242e-05 |147 -0.00671 -2.47555e-01
148  0.12257  1.12952e-01 |149 -0.04082 -2.20822e-01 |150  0.09494  4.48605e-04
151  0.04831  2.68515e-04 |152  0.14493  1.48897e-02 |153 -0.03762 -1.15057e-02
154 -0.58394  2.63468e-02 |155 -0.50981  7.59799e-05 |156 -0.20814  2.56039e-02
157 -0.21265 -1.31777e-01 |158  0.19304 -3.11904e-01 |159  0.08238  1.96060e-01
160 -0.40756  1.42900e-01 |161 -0.19587  7.71151e-01 |162 -0.04532 -1.48161e-01
163  0.08893  3.14400e-01 |164 -0.52695  1.58286e-04 |165  0.07884  3.22758e-01
166  0.06406 -2.40486e+00 |167 -0.17505 -3.30253e+00 |168 -0.15637  3.40489e-01
169  0.22690 -4.64113e-04 |170  0.01314  1.68188e-01 |171 -0.36321 -6.11871e-02
172 -0.44254  8.34522e-04 |173 -0.04084  2.37940e-01 |174 -0.29992  4.04521e-01

 - final statistics:
174 variables; iteration 53; function evaluation 63
Function value 7.0415e+03; maximum gradient component mag -6.2923e-01
Exit code = 1;  converg criter 1.0000e+00
Var    Value     Gradient |Var    Value     Gradient |Var    Value     Gradient
  1 -0.38608  3.01502e-02 |  2  0.35680 -6.29231e-01 |  3 -0.14935 -5.11795e-01
  4  0.03022 -5.31290e-01 |  5 -0.67984 -9.67293e-02 |  6 -0.62110  5.00822e-02
  7 -0.42212 -3.20444e-01 |  8  0.35656  2.84994e-02 |  9 -0.19930 -1.03133e-01
 10  0.08100 -9.43983e-02 | 11 -0.61000 -8.05170e-03 | 12 -0.63683  1.17108e-01
 13  0.82244 -5.18475e-02 | 14 -0.00282  6.23703e-03 | 15 -0.00284  6.40269e-03
 16 -0.00285  6.56982e-03 | 17 -0.00285  6.73400e-03 | 18 -0.00285  6.89524e-03
 19 -0.00283  7.05155e-03 | 20 -0.00280  7.20173e-03 | 21 -0.00275  7.34407e-03
 22 -0.00270  7.47562e-03 | 23 -0.00263  7.59427e-03 | 24 -0.00255  7.69779e-03
 25 -0.00246  7.78509e-03 | 26 -0.00235  7.85057e-03 | 27 -0.00223  7.89206e-03
 28 -0.00210  7.90810e-03 | 29 -0.00195  7.89142e-03 | 30 -0.00179  7.83964e-03
 31 -0.00161  7.74687e-03 | 32 -0.00141  7.60742e-03 | 33 -0.00121  7.41490e-03
 34 -0.00098  7.16156e-03 | 35 -0.00075  6.83862e-03 | 36 -0.00051  6.43698e-03
 37 -0.00027  5.94427e-03 | 38 -0.00003  5.34939e-03 | 39  0.00019  4.63385e-03
 40  0.00039  3.78557e-03 | 41  0.00056  2.78319e-03 | 42  0.00068  1.60772e-03
 43  0.00075  2.37998e-04 | 44  0.00076 -1.34688e-03 | 45  0.00071 -3.16635e-03
 46  0.00059 -5.24312e-03 | 47  0.00042 -7.59549e-03 | 48  0.00020 -1.02314e-02
 49 -0.00006 -1.31533e-02 | 50 -0.00032 -1.63590e-02 | 51 -0.00057 -1.98246e-02
 52 -0.00078 -2.35179e-02 | 53 -0.00091 -2.74083e-02 | 54 -0.00095 -3.14623e-02
 55 -0.00085 -3.56360e-02 | 56 -0.00058 -3.99058e-02 | 57 -0.00012 -4.42349e-02
 58  0.00056 -4.85928e-02 | 59  0.00150 -5.29321e-02 | 60  0.00271 -5.71908e-02
 61  0.00421 -6.12894e-02 | 62  0.00599 -6.51164e-02 | 63  0.00805 -6.85673e-02
 64  0.01035 -7.16043e-02 | 65  0.01283 -7.43170e-02 | 66  0.01537 -7.69782e-02
 67  0.01784 -7.98550e-02 | 68  0.02005 -8.27353e-02 | 69  0.02180 -8.48214e-02
 70  0.02293 -8.48467e-02 | 71  0.02335 -8.17672e-02 | 72  0.02307 -7.57247e-02
 73  0.02217 -6.72462e-02 | 74  0.02075 -5.75735e-02 | 75  0.01886 -4.73359e-02
 76  0.01647 -3.67071e-02 | 77  0.01350 -2.52184e-02 | 78  0.00992 -1.21426e-02
 79  0.00586  2.71242e-03 | 80  0.00164  1.85896e-02 | 81 -0.00225  3.48182e-02
 82 -0.00545  5.14458e-02 | 83 -0.00781  6.85424e-02 | 84 -0.00949  8.57400e-02
 85 -0.01084  1.02349e-01 | 86 -0.01199  1.17654e-01 | 87 -0.01254  1.31369e-01
 88 -0.01209  1.43474e-01 | 89 -0.01101  1.53292e-01 | 90 -0.00821  1.60636e-01
 91 -0.00368  1.64033e-01 | 92  0.00258  1.62825e-01 | 93  0.00651  1.53632e-01
 94  0.00952  1.29240e-01 | 95  0.01212  9.35919e-02 | 96  0.00724  4.97684e-02
 97  0.00854  6.27538e-03 | 98  0.02644 -8.20007e-02 | 99  0.01946 -1.10171e-01
100  0.00082 -1.20920e-01 |101  0.02059 -1.17631e-01 |102  0.08779 -1.67610e-01
103  0.03557  1.71420e-02 |104 -0.00435  6.32123e-02 |105  0.00673  1.39714e-01
106  0.01928  1.77731e-01 |107  0.03337  9.85296e-02 |108  0.00047 -8.94091e-02
109 -0.06613 -1.89752e-01 |110 -0.08332 -2.99370e-01 |111 -0.08182 -3.46628e-01
112 -0.04685 -1.66559e-01 |113  0.06613  1.56040e-01 |114  0.01616  3.48421e-02
115  0.00992 -2.77178e-02 |116 -0.04000  7.39787e-02 |117 -0.08126  1.43861e-02
118 -0.03273  2.23161e-02 |119 -0.02616  4.68538e-02 |120 -0.05201  9.12038e-02
121 -0.00035  2.22420e-01 |122  0.03593  2.64279e-01 |123 -0.00619  2.29360e-02
124  0.04177 -3.74369e-01 |125 -0.01912 -1.52666e-01 |126  0.09995  1.01897e-01
127 -0.01303 -5.27229e-02 |128 -0.05153 -9.95180e-02 |129 -0.06094  7.45575e-02
130 -0.02742  3.60932e-02 |131  0.08459  7.83668e-03 |132  0.02384  5.52146e-02
133  0.01251  2.09211e-02 |134 -0.03454 -6.73706e-02 |135 -0.01920  1.68220e-02
136 -0.00403 -1.46656e-02 |137 -0.00000 -3.77349e-07 |138 -0.64833 -5.91639e-02
139 -0.99425 -4.34444e-04 |140  0.03002  3.05300e-01 |141 -0.58662  6.24079e-05
142  0.03496 -1.95141e-01 |143 -0.11083  3.40456e-02 |144  0.20190  4.66910e-03
145  0.16628  1.96369e-01 |146 -0.58123 -3.66382e-05 |147 -0.00681  3.20688e-02
148  0.12315  6.99537e-02 |149 -0.04005  1.94703e-03 |150  0.09443  4.47136e-04
151  0.04800  2.65880e-04 |152  0.14503  1.14681e-02 |153 -0.03754  5.89629e-03
154 -0.58546  7.58886e-03 |155 -0.50983  1.20042e-07 |156 -0.20988 -2.55014e-02
157 -0.21212 -3.04762e-02 |158  0.19350 -4.18583e-02 |159  0.08254  4.83845e-02
160 -0.40358  1.07176e-01 |161 -0.19728  1.88584e-01 |162 -0.04216 -1.06655e-01
163  0.08877 -2.09797e-02 |164 -0.52694 -2.24071e-05 |165  0.07860 -2.00115e-02
166  0.06412 -2.36992e-01 |167 -0.17499 -3.16336e-01 |168 -0.15644  3.19569e-02
169  0.22541  3.36029e-03 |170  0.01212 -9.01504e-03 |171 -0.36262  7.03307e-02
172 -0.44236  1.54165e-04 |173 -0.04074  2.11257e-03 |174 -0.30027  5.19953e-02

Initial statistics: 189 variables; iteration 0; function evaluation 0; phase 4
Function value 7.0414910e+03; maximum gradient component mag 6.8893e+01
Var    Value     Gradient |Var    Value     Gradient |Var    Value     Gradient
  1 -0.38608  3.01502e-02 |  2  0.35680 -6.29231e-01 |  3 -0.14935 -5.11795e-01
  4  0.03022 -5.31290e-01 |  5 -0.67984 -9.67293e-02 |  6 -0.62110  5.00822e-02
  7 -0.42212 -3.20444e-01 |  8  0.35656  2.84994e-02 |  9 -0.19930 -1.03133e-01
 10  0.08100 -9.43983e-02 | 11 -0.61000 -8.05170e-03 | 12 -0.63683  1.17108e-01
 13  0.82244 -5.18475e-02 | 14 -0.00282  6.23703e-03 | 15 -0.00284  6.40269e-03
 16 -0.00285  6.56982e-03 | 17 -0.00285  6.73400e-03 | 18 -0.00285  6.89524e-03
 19 -0.00283  7.05155e-03 | 20 -0.00280  7.20173e-03 | 21 -0.00275  7.34407e-03
 22 -0.00270  7.47562e-03 | 23 -0.00263  7.59427e-03 | 24 -0.00255  7.69779e-03
 25 -0.00246  7.78509e-03 | 26 -0.00235  7.85057e-03 | 27 -0.00223  7.89206e-03
 28 -0.00210  7.90810e-03 | 29 -0.00195  7.89142e-03 | 30 -0.00179  7.83964e-03
 31 -0.00161  7.74687e-03 | 32 -0.00141  7.60742e-03 | 33 -0.00121  7.41490e-03
 34 -0.00098  7.16156e-03 | 35 -0.00075  6.83862e-03 | 36 -0.00051  6.43698e-03
 37 -0.00027  5.94427e-03 | 38 -0.00003  5.34939e-03 | 39  0.00019  4.63385e-03
 40  0.00039  3.78557e-03 | 41  0.00056  2.78319e-03 | 42  0.00068  1.60772e-03
 43  0.00075  2.37998e-04 | 44  0.00076 -1.34688e-03 | 45  0.00071 -3.16635e-03
 46  0.00059 -5.24312e-03 | 47  0.00042 -7.59549e-03 | 48  0.00020 -1.02314e-02
 49 -0.00006 -1.31533e-02 | 50 -0.00032 -1.63590e-02 | 51 -0.00057 -1.98246e-02
 52 -0.00078 -2.35179e-02 | 53 -0.00091 -2.74083e-02 | 54 -0.00095 -3.14623e-02
 55 -0.00085 -3.56360e-02 | 56 -0.00058 -3.99058e-02 | 57 -0.00012 -4.42349e-02
 58  0.00056 -4.85928e-02 | 59  0.00150 -5.29321e-02 | 60  0.00271 -5.71908e-02
 61  0.00421 -6.12894e-02 | 62  0.00599 -6.51164e-02 | 63  0.00805 -6.85673e-02
 64  0.01035 -7.16043e-02 | 65  0.01283 -7.43170e-02 | 66  0.01537 -7.69782e-02
 67  0.01784 -7.98550e-02 | 68  0.02005 -8.27353e-02 | 69  0.02180 -8.48214e-02
 70  0.02293 -8.48467e-02 | 71  0.02335 -8.17672e-02 | 72  0.02307 -7.57247e-02
 73  0.02217 -6.72462e-02 | 74  0.02075 -5.75735e-02 | 75  0.01886 -4.73359e-02
 76  0.01647 -3.67071e-02 | 77  0.01350 -2.52184e-02 | 78  0.00992 -1.21426e-02
 79  0.00586  2.71242e-03 | 80  0.00164  1.85896e-02 | 81 -0.00225  3.48182e-02
 82 -0.00545  5.14458e-02 | 83 -0.00781  6.85424e-02 | 84 -0.00949  8.57400e-02
 85 -0.01084  1.02349e-01 | 86 -0.01199  1.17654e-01 | 87 -0.01254  1.31369e-01
 88 -0.01209  1.43474e-01 | 89 -0.01101  1.53292e-01 | 90 -0.00821  1.60636e-01
 91 -0.00368  1.64033e-01 | 92  0.00258  1.62825e-01 | 93  0.00651  1.53632e-01
 94  0.00952  1.29240e-01 | 95  0.01212  9.35919e-02 | 96  0.00724  4.97684e-02
 97  0.00854  6.27538e-03 | 98  0.02644 -8.20007e-02 | 99  0.01946 -1.10171e-01
100  0.00082 -1.20920e-01 |101  0.02059 -1.17631e-01 |102  0.08779 -1.67610e-01
103  0.03557  1.71420e-02 |104 -0.00435  6.32123e-02 |105  0.00673  1.39714e-01
106  0.01928  1.77731e-01 |107  0.03337  9.85296e-02 |108  0.00047 -8.94091e-02
109 -0.06613 -1.89752e-01 |110 -0.08332 -2.99370e-01 |111 -0.08182 -3.46628e-01
112 -0.04685 -1.66559e-01 |113  0.06613  1.56040e-01 |114  0.01616  3.48421e-02
115  0.00992 -2.77178e-02 |116 -0.04000  7.39787e-02 |117 -0.08126  1.43861e-02
118 -0.03273  2.23161e-02 |119 -0.02616  4.68538e-02 |120 -0.05201  9.12038e-02
121 -0.00035  2.22420e-01 |122  0.03593  2.64279e-01 |123 -0.00619  2.29360e-02
124  0.04177 -3.74369e-01 |125 -0.01912 -1.52666e-01 |126  0.09995  1.01897e-01
127 -0.01303 -5.27229e-02 |128 -0.05153 -9.95180e-02 |129 -0.06094  7.45575e-02
130 -0.02742  3.60932e-02 |131  0.08459  7.83668e-03 |132  0.02384  5.52146e-02
133  0.01251  2.09211e-02 |134 -0.03454 -6.73706e-02 |135 -0.01920  1.68220e-02
136 -0.00403 -1.46656e-02 |137 -0.00000 -3.77349e-07 |138 -0.64833 -5.91639e-02
139 -0.99425 -4.34444e-04 |140  0.03002  3.05300e-01 |141 -0.58662  6.24079e-05
142  0.03496 -1.95141e-01 |143 -0.40376  5.66464e-01 |144  0.81922  1.42594e+01
145 -0.11083  3.40456e-02 |146  0.20190  4.66910e-03 |147 -0.23782  2.52745e-01
148  0.16628  1.96369e-01 |149 -0.58123 -3.66382e-05 |150 -0.00681  3.20688e-02
151 -0.42445  4.34400e-01 |152  0.82196  2.01550e+01 |153  0.12315  6.99537e-02
154 -0.04005  1.94703e-03 |155 -0.12018 -1.83470e-01 |156  0.09443  4.47136e-04
157  0.04800  2.65880e-04 |158  0.14503  1.14681e-02 |159 -0.03754  5.89629e-03
160 -0.58546  7.58886e-03 |161 -0.50983  1.20042e-07 |162 -0.20988 -2.55014e-02
163 -0.21212 -3.04762e-02 |164  0.80064  1.24793e-01 |165  0.19350 -4.18583e-02
166  0.08254  4.83845e-02 |167 -0.25929  3.06505e-01 |168 -0.40358  1.07176e-01
169 -0.19728  1.88584e-01 |170 -0.04216 -1.06655e-01 |171 -0.28409  2.48863e-01
172  0.81681  6.88929e+01 |173  0.08877 -2.09797e-02 |174 -0.52694 -2.24071e-05
175  0.07860 -2.00115e-02 |176 -0.40554  9.60630e-02 |177 -0.14465  8.51522e-01
178  0.06412 -2.36992e-01 |179 -0.17499 -3.16336e-01 |180 -0.15644  3.19569e-02
181 -0.99999 -1.36080e-04 |182 -0.13819  1.81985e+00 |183  0.22541  3.36029e-03
184  0.01212 -9.01504e-03 |185 -0.36262  7.03307e-02 |186 -0.44236  1.54165e-04
187 -0.04074  2.11257e-03 |188 -0.30027  5.19953e-02 |189  0.80943  3.08217e+00

Intermediate statistics: 189 variables; iteration 20; function evaluation 24; phase 4
Function value 7.0414851e+03; maximum gradient component mag -5.5034e+00
Var    Value     Gradient |Var    Value     Gradient |Var    Value     Gradient
  1 -0.38624  4.19267e-01 |  2  0.35675  7.57016e-01 |  3 -0.14932 -1.57496e+00
  4  0.03033 -2.80375e-01 |  5 -0.67963  4.53487e-03 |  6 -0.62117  2.47780e-01
  7 -0.42224  1.41846e+00 |  8  0.35655  3.10594e+00 |  9 -0.19928 -1.34137e+00
 10  0.08113  9.93281e-01 | 11 -0.60986  2.05047e-01 | 12 -0.63684  1.97161e+00
 13  0.82259 -6.73745e-02 | 14 -0.00287 -1.48881e-02 | 15 -0.00289 -1.52948e-02
 16 -0.00290 -1.57066e-02 | 17 -0.00290 -1.61236e-02 | 18 -0.00290 -1.65451e-02
 19 -0.00288 -1.69704e-02 | 20 -0.00285 -1.73985e-02 | 21 -0.00281 -1.78284e-02
 22 -0.00275 -1.82591e-02 | 23 -0.00269 -1.86892e-02 | 24 -0.00261 -1.91170e-02
 25 -0.00252 -1.95404e-02 | 26 -0.00241 -1.99580e-02 | 27 -0.00229 -2.03672e-02
 28 -0.00216 -2.07653e-02 | 29 -0.00201 -2.11503e-02 | 30 -0.00184 -2.15188e-02
 31 -0.00166 -2.18683e-02 | 32 -0.00147 -2.21956e-02 | 33 -0.00126 -2.24975e-02
 34 -0.00103 -2.27707e-02 | 35 -0.00080 -2.30119e-02 | 36 -0.00055 -2.32174e-02
 37 -0.00031 -2.33839e-02 | 38 -0.00007 -2.35072e-02 | 39  0.00016 -2.35845e-02
 40  0.00036 -2.36110e-02 | 41  0.00054 -2.35841e-02 | 42  0.00066 -2.35003e-02
 43  0.00074 -2.33571e-02 | 44  0.00076 -2.31524e-02 | 45  0.00071 -2.28849e-02
 46  0.00060 -2.25552e-02 | 47  0.00044 -2.21647e-02 | 48  0.00022 -2.17142e-02
 49 -0.00002 -2.12054e-02 | 50 -0.00027 -2.06407e-02 | 51 -0.00051 -2.00197e-02
 52 -0.00071 -1.93413e-02 | 53 -0.00083 -1.86064e-02 | 54 -0.00085 -1.78152e-02
 55 -0.00074 -1.69665e-02 | 56 -0.00046 -1.60625e-02 | 57  0.00001 -1.51024e-02
 58  0.00071 -1.40849e-02 | 59  0.00166 -1.30040e-02 | 60  0.00288 -1.18483e-02
 61  0.00438 -1.06004e-02 | 62  0.00617 -9.23371e-03 | 63  0.00824 -7.72139e-03
 64  0.01055 -6.05414e-03 | 65  0.01304 -4.26298e-03 | 66  0.01560 -2.44719e-03
 67  0.01808 -7.37770e-04 | 68  0.02030  8.38297e-04 | 69  0.02206  2.41947e-03
 70  0.02320  4.30410e-03 | 71  0.02362  6.74449e-03 | 72  0.02333  9.63401e-03
 73  0.02242  1.27473e-02 | 74  0.02099  1.56621e-02 | 75  0.01909  1.81646e-02
 76  0.01669  2.01882e-02 | 77  0.01371  2.18523e-02 | 78  0.01012  2.33477e-02
 79  0.00604  2.47408e-02 | 80  0.00181  2.58599e-02 | 81 -0.00211  2.67234e-02
 82 -0.00532  2.74093e-02 | 83 -0.00770  2.79197e-02 | 84 -0.00940  2.81243e-02
 85 -0.01076  2.78650e-02 | 86 -0.01193  2.70965e-02 | 87 -0.01249  2.59551e-02
 88 -0.01205  2.44792e-02 | 89 -0.01099  2.26167e-02 | 90 -0.00819  2.06633e-02
 91 -0.00366  1.78077e-02 | 92  0.00261  1.29192e-02 | 93  0.00654  5.80060e-03
 94  0.00958 -3.86975e-03 | 95  0.01222 -1.69243e-02 | 96  0.00736 -2.91701e-02
 97  0.00868 -3.96872e-02 | 98  0.02673 -7.45519e-02 | 99  0.01968 -8.70217e-02
100  0.00100 -8.53797e-02 |101  0.02069 -1.00470e-01 |102  0.08804 -1.65167e-01
103  0.03548 -7.93398e-02 |104 -0.00432 -1.02954e-02 |105  0.00674  5.33996e-02
106  0.01926  8.42820e-02 |107  0.03338  4.80500e-02 |108  0.00054 -4.02587e-02
109 -0.06604 -7.90283e-02 |110 -0.08314 -9.38621e-02 |111 -0.08154 -5.97182e-02
112 -0.04677  3.25621e-02 |113  0.06587  2.70371e-01 |114  0.01617  2.04804e-01
115  0.00995  2.14485e-01 |116 -0.04022  1.25613e-01 |117 -0.08135  1.06063e-01
118 -0.03285  1.36134e-01 |119 -0.02630  1.18167e-01 |120 -0.05221  1.02531e-01
121 -0.00069  1.64956e-01 |122  0.03548  1.45127e-01 |123 -0.00647  3.51012e-02
124  0.04170 -1.41229e-01 |125 -0.01936 -7.76014e-02 |126  0.09938  5.02344e-02
127 -0.01324  2.42201e-02 |128 -0.05156  1.93838e-02 |129 -0.06137  3.19276e-02
130 -0.02782  6.47454e-03 |131  0.08391 -3.26230e-02 |132  0.02327  1.21219e-02
133  0.01215  1.84486e-02 |134 -0.03451  6.33796e-03 |135 -0.01927  1.61156e-02
136 -0.00397  2.74781e-04 |137 -0.00000  1.00205e-07 |138 -0.64809 -1.33023e-01
139 -0.99425  4.00184e-04 |140  0.03015  3.04245e-01 |141 -0.58662  3.53807e-05
142  0.03509 -2.46214e-01 |143 -0.40455  2.08646e-01 |144  0.81921  3.24925e+00
145 -0.11065  7.52868e-02 |146  0.20209 -4.23944e-02 |147 -0.23802  2.48061e-01
148  0.16620 -1.05459e+00 |149 -0.58123 -5.90183e-05 |150 -0.00669  1.23594e+00
151 -0.42466 -7.60215e-01 |152  0.82191 -3.39939e+00 |153  0.12266 -5.65282e-02
154 -0.04039  4.35961e-02 |155 -0.12016 -1.01195e-01 |156  0.09443  4.46639e-04
157  0.04800  2.66223e-04 |158  0.14473 -1.61156e-01 |159 -0.03769  9.95026e-02
160 -0.58550 -2.53665e-03 |161 -0.50983  3.39434e-05 |162 -0.20978 -6.24863e-03
163 -0.21212  5.45723e-02 |164  0.80061  2.87957e-01 |165  0.19371 -6.04062e-02
166  0.08268  7.79280e-02 |167 -0.25939  4.01260e-02 |168 -0.40278  4.37395e-02
169 -0.19837  6.00367e-01 |170 -0.04244 -5.78781e-02 |171 -0.28321  2.02177e-01
172  0.81669  2.74743e-01 |173  0.08884  1.96447e-01 |174 -0.52694  3.63935e-05
175  0.07858 -2.41190e-01 |176 -0.40559  9.00430e-02 |177 -0.14480  3.77407e-01
178  0.06407 -2.99583e+00 |179 -0.17506 -4.19339e+00 |180 -0.15639  3.79771e-01
181 -0.99999 -1.92865e-05 |182 -0.13830  1.85930e-01 |183  0.22512 -7.37885e-02
184  0.01224  1.21065e-01 |185 -0.36279  4.09203e-02 |186 -0.44236  2.60818e-04
187 -0.04088  2.08392e-02 |188 -0.30022  2.04498e-02 |189  0.80941 -5.50341e+00
189 variables; iteration 40; function evaluation 46; phase 4
Function value 7.0414840e+03; maximum gradient component mag -4.9487e+00
Var    Value     Gradient |Var    Value     Gradient |Var    Value     Gradient
  1 -0.38626  5.66157e-01 |  2  0.35676  7.29038e-01 |  3 -0.14928 -1.46702e+00
  4  0.03028 -3.28992e-01 |  5 -0.67964 -2.01132e-02 |  6 -0.62116  3.66049e-01
  7 -0.42226  1.34857e+00 |  8  0.35656  2.76215e+00 |  9 -0.19924 -1.18706e+00
 10  0.08106  8.45206e-01 | 11 -0.60980  1.81468e-01 | 12 -0.63685  1.77884e+00
 13  0.82224 -7.30248e-02 | 14 -0.00287 -1.12185e-02 | 15 -0.00288 -1.15277e-02
 16 -0.00290 -1.18437e-02 | 17 -0.00290 -1.21667e-02 | 18 -0.00289 -1.24969e-02
 19 -0.00287 -1.28342e-02 | 20 -0.00284 -1.31788e-02 | 21 -0.00280 -1.35307e-02
 22 -0.00274 -1.38900e-02 | 23 -0.00268 -1.42565e-02 | 24 -0.00260 -1.46301e-02
 25 -0.00251 -1.50106e-02 | 26 -0.00240 -1.53981e-02 | 27 -0.00228 -1.57923e-02
 28 -0.00215 -1.61930e-02 | 29 -0.00200 -1.66003e-02 | 30 -0.00183 -1.70142e-02
 31 -0.00165 -1.74349e-02 | 32 -0.00146 -1.78627e-02 | 33 -0.00125 -1.82981e-02
 34 -0.00102 -1.87416e-02 | 35 -0.00079 -1.91937e-02 | 36 -0.00055 -1.96550e-02
 37 -0.00030 -2.01262e-02 | 38 -0.00006 -2.06077e-02 | 39  0.00017 -2.11001e-02
 40  0.00037 -2.16038e-02 | 41  0.00054 -2.21193e-02 | 42  0.00067 -2.26472e-02
 43  0.00074 -2.31884e-02 | 44  0.00076 -2.37440e-02 | 45  0.00071 -2.43156e-02
 46  0.00060 -2.49053e-02 | 47  0.00043 -2.55151e-02 | 48  0.00022 -2.61469e-02
 49 -0.00003 -2.68019e-02 | 50 -0.00028 -2.74802e-02 | 51 -0.00052 -2.81798e-02
 52 -0.00072 -2.88963e-02 | 53 -0.00085 -2.96239e-02 | 54 -0.00087 -3.03549e-02
 55 -0.00076 -3.10799e-02 | 56 -0.00049 -3.17898e-02 | 57 -0.00002 -3.24745e-02
 58  0.00068 -3.31246e-02 | 59  0.00163 -3.37298e-02 | 60  0.00285 -3.42802e-02
 61  0.00435 -3.47658e-02 | 62  0.00614 -3.51768e-02 | 63  0.00821 -3.55015e-02
 64  0.01051 -3.57173e-02 | 65  0.01300 -3.57717e-02 | 66  0.01555 -3.55578e-02
 67  0.01803 -3.49228e-02 | 68  0.02025 -3.37470e-02 | 69  0.02202 -3.20095e-02
 70  0.02316 -2.98007e-02 | 71  0.02359 -2.72247e-02 | 72  0.02330 -2.42517e-02
 73  0.02238 -2.08160e-02 | 74  0.02095 -1.67742e-02 | 75  0.01906 -1.20882e-02
 76  0.01667 -6.81537e-03 | 77  0.01369 -1.13272e-03 | 78  0.01010  4.73608e-03
 79  0.00603  1.06370e-02 | 80  0.00180  1.64428e-02 | 81 -0.00211  2.20900e-02
 82 -0.00532  2.75660e-02 | 83 -0.00769  3.29011e-02 | 84 -0.00939  3.80317e-02
 85 -0.01075  4.27830e-02 | 86 -0.01191  4.70158e-02 | 87 -0.01247  5.08665e-02
 88 -0.01203  5.44034e-02 | 89 -0.01096  5.72321e-02 | 90 -0.00817  5.97383e-02
 91 -0.00362  6.12007e-02 | 92  0.00265  6.07618e-02 | 93  0.00658  5.51163e-02
 94  0.00962  4.46153e-02 | 95  0.01225  2.81750e-02 | 96  0.00737  4.52076e-03
 97  0.00866 -2.22861e-02 | 98  0.02674 -5.81596e-02 | 99  0.01963 -9.80935e-02
100  0.00096 -1.10008e-01 |101  0.02057 -1.47550e-01 |102  0.08810 -2.14384e-01
103  0.03540 -1.43451e-01 |104 -0.00434 -5.00423e-02 |105  0.00667 -1.71243e-03
106  0.01922  3.19412e-02 |107  0.03337  1.29648e-02 |108  0.00051 -4.18672e-02
109 -0.06602 -6.06320e-02 |110 -0.08313 -7.25079e-02 |111 -0.08157 -4.30655e-02
112 -0.04680  6.52489e-02 |113  0.06592  3.52088e-01 |114  0.01613  2.08005e-01
115  0.00987  1.95296e-01 |116 -0.04021  1.34740e-01 |117 -0.08136  1.00177e-01
118 -0.03288  1.18003e-01 |119 -0.02634  9.69602e-02 |120 -0.05225  8.93563e-02
121 -0.00072  1.46382e-01 |122  0.03547  1.41526e-01 |123 -0.00646  5.31155e-02
124  0.04173 -9.72956e-02 |125 -0.01932 -4.27241e-02 |126  0.09943  8.24464e-02
127 -0.01319  3.77842e-02 |128 -0.05152  1.84108e-02 |129 -0.06125  6.51372e-02
130 -0.02778  3.42120e-02 |131  0.08402  3.31947e-02 |132  0.02341  5.48202e-02
133  0.01223  3.95020e-02 |134 -0.03453 -2.13095e-02 |135 -0.01927  7.67258e-03
136 -0.00399  4.04319e-03 |137 -0.00000  2.09693e-07 |138 -0.64785 -1.30062e-01
139 -0.99427  1.92375e-04 |140  0.03023  2.97129e-01 |141 -0.58663  3.64314e-05
142  0.03516 -2.24505e-02 |143 -0.40473  1.75591e-01 |144  0.81920  2.93243e+00
145 -0.10957  5.15286e-02 |146  0.20259 -3.38591e-03 |147 -0.23863  1.00151e-01
148  0.16618 -1.04343e+00 |149 -0.58123 -6.15342e-05 |150 -0.00672  1.16289e+00
151 -0.42462 -6.84387e-01 |152  0.82190 -3.06655e+00 |153  0.12236  2.17019e-01
154 -0.04090 -3.06772e-01 |155 -0.12040 -8.45531e-02 |156  0.09438  4.46431e-04
157  0.04797  2.66035e-04 |158  0.14468 -2.79073e-01 |159 -0.03769  2.06917e-01
160 -0.58519  9.08015e-03 |161 -0.50983  4.47485e-05 |162 -0.20940 -1.07554e-03
163 -0.21210  8.09409e-02 |164  0.80061  2.46390e-01 |165  0.19384  2.38821e-02
166  0.08272  4.31767e-02 |167 -0.25941  2.30592e-01 |168 -0.39621  6.87962e-02
169 -0.20168  4.00553e-01 |170 -0.03755  8.36264e-02 |171 -0.28175  2.18644e-01
172  0.81666 -1.64766e+00 |173  0.08883  6.49160e-02 |174 -0.52694  1.46339e-05
175  0.07867  7.29373e-03 |176 -0.40559  8.04830e-02 |177 -0.14477  4.89418e-01
178  0.06408 -2.71134e+00 |179 -0.17505 -3.71767e+00 |180 -0.15638  3.60821e-01
181 -0.99999 -2.49928e-05 |182 -0.13833  3.53572e-02 |183  0.22445 -8.79155e-02
184  0.01177  7.53509e-02 |185 -0.36331 -3.32970e-02 |186 -0.44237 -9.53425e-05
187 -0.04123  3.24101e-02 |188 -0.30005 -2.98046e-02 |189  0.80941 -4.94868e+00
189 variables; iteration 60; function evaluation 71; phase 4
Function value 7.0414828e+03; maximum gradient component mag -5.5288e-01
Var    Value     Gradient |Var    Value     Gradient |Var    Value     Gradient
  1 -0.38644  1.30630e-02 |  2  0.35672 -4.70275e-03 |  3 -0.14916  2.83434e-02
  4  0.03025 -4.50845e-03 |  5 -0.67963 -1.30016e-02 |  6 -0.62118 -2.54499e-03
  7 -0.42245 -1.21779e-05 |  8  0.35648 -5.36221e-02 |  9 -0.19910  1.95329e-02
 10  0.08102 -3.83974e-02 | 11 -0.60981  1.00558e-02 | 12 -0.63690 -3.42174e-02
 13  0.82229  3.76647e-03 | 14 -0.00288 -1.46947e-04 | 15 -0.00290 -1.48224e-04
 16 -0.00291 -1.48653e-04 | 17 -0.00291 -1.48271e-04 | 18 -0.00290 -1.46973e-04
 19 -0.00288 -1.44719e-04 | 20 -0.00285 -1.41446e-04 | 21 -0.00281 -1.37110e-04
 22 -0.00276 -1.31709e-04 | 23 -0.00269 -1.25220e-04 | 24 -0.00261 -1.17623e-04
 25 -0.00252 -1.08857e-04 | 26 -0.00242 -9.90311e-05 | 27 -0.00230 -8.81305e-05
 28 -0.00216 -7.61008e-05 | 29 -0.00201 -6.31420e-05 | 30 -0.00185 -4.92507e-05
 31 -0.00167 -3.45905e-05 | 32 -0.00147 -1.93314e-05 | 33 -0.00126 -3.69542e-06
 34 -0.00103  1.20112e-05 | 35 -0.00080  2.74075e-05 | 36 -0.00055  4.21034e-05
 37 -0.00031  5.54959e-05 | 38 -0.00007  6.71039e-05 | 39  0.00016  7.59154e-05
 40  0.00037  8.14612e-05 | 41  0.00054  8.25566e-05 | 42  0.00067  7.82333e-05
 43  0.00075  6.73289e-05 | 44  0.00076  4.86570e-05 | 45  0.00072  2.10461e-05
 46  0.00061 -1.71770e-05 | 47  0.00044 -6.75522e-05 | 48  0.00023 -1.31053e-04
 49 -0.00001 -2.08597e-04 | 50 -0.00026 -3.01130e-04 | 51 -0.00050 -4.08231e-04
 52 -0.00069 -5.29098e-04 | 53 -0.00082 -6.62818e-04 | 54 -0.00084 -8.07465e-04
 55 -0.00073 -9.59143e-04 | 56 -0.00045 -1.11358e-03 | 57  0.00003 -1.26381e-03
 58  0.00072 -1.40160e-03 | 59  0.00167 -1.51558e-03 | 60  0.00289 -1.59068e-03
 61  0.00440 -1.60677e-03 | 62  0.00619 -1.53629e-03 | 63  0.00826 -1.35323e-03
 64  0.01057 -1.05667e-03 | 65  0.01306 -7.00355e-04 | 66  0.01562 -4.02000e-04
 67  0.01810 -2.57017e-04 | 68  0.02032 -2.01010e-04 | 69  0.02209 -6.04043e-05
 70  0.02323  3.05595e-04 | 71  0.02365  9.17870e-04 | 72  0.02336  1.70864e-03
 73  0.02245  2.65982e-03 | 74  0.02102  3.63742e-03 | 75  0.01913  4.48747e-03
 76  0.01673  5.07251e-03 | 77  0.01375  5.42359e-03 | 78  0.01016  5.74650e-03
 79  0.00608  6.18121e-03 | 80  0.00185  6.61702e-03 | 81 -0.00206  6.94949e-03
 82 -0.00528  7.08152e-03 | 83 -0.00765  6.88544e-03 | 84 -0.00935  6.29835e-03
 85 -0.01072  5.32041e-03 | 86 -0.01189  3.99110e-03 | 87 -0.01246  2.48259e-03
 88 -0.01203  9.72000e-04 | 89 -0.01097 -5.50062e-04 | 90 -0.00817 -1.55300e-03
 91 -0.00363 -1.97281e-03 | 92  0.00265 -2.22275e-03 | 93  0.00658 -2.17974e-03
 94  0.00963 -2.71090e-03 | 95  0.01227 -4.17528e-03 | 96  0.00741 -4.61787e-03
 97  0.00874 -5.12284e-03 | 98  0.02680 -1.73664e-02 | 99  0.01973 -1.69682e-02
100  0.00104 -1.98736e-02 |101  0.02069 -1.64293e-02 |102  0.08823 -1.32596e-02
103  0.03548 -9.50688e-03 |104 -0.00432 -9.68837e-03 |105  0.00665 -2.40079e-02
106  0.01915 -3.17098e-02 |107  0.03334 -1.02700e-02 |108  0.00061  2.75623e-02
109 -0.06592  2.27137e-02 |110 -0.08300  2.24897e-02 |111 -0.08145  9.04675e-03
112 -0.04680 -1.45745e-02 |113  0.06574  2.44801e-02 |114  0.01607  2.91354e-02
115  0.00980  5.16527e-03 |116 -0.04033 -1.47813e-02 |117 -0.08143 -1.74063e-02
118 -0.03299 -2.15191e-02 |119 -0.02646 -6.94903e-03 |120 -0.05235  6.62642e-03
121 -0.00085  3.26112e-02 |122  0.03534  5.84848e-02 |123 -0.00650  3.76649e-02
124  0.04179  1.67589e-02 |125 -0.01937 -1.17809e-02 |126  0.09926 -3.34112e-02
127 -0.01327 -8.55747e-03 |128 -0.05156 -1.16201e-03 |129 -0.06137  1.25952e-02
130 -0.02792 -2.99523e-03 |131  0.08383 -1.65395e-03 |132  0.02322 -2.40990e-03
133  0.01207 -1.26467e-03 |134 -0.03460 -3.75967e-02 |135 -0.01926  7.14719e-04
136 -0.00397  2.55403e-03 |137 -0.00000  3.38499e-08 |138 -0.64787  1.71166e-03
139 -0.99427  8.34089e-05 |140  0.03011 -4.66068e-03 |141 -0.58664  1.79119e-05
142  0.03511  3.11511e-03 |143 -0.40458  3.57926e-02 |144  0.81919 -1.26131e-01
145 -0.10940  2.03222e-02 |146  0.20275  9.64756e-03 |147 -0.23885  8.41397e-03
148  0.16616  4.03541e-02 |149 -0.58119 -2.94624e-05 |150 -0.00685 -1.44465e-02
151 -0.42469  3.21011e-02 |152  0.82188  6.95653e-02 |153  0.12235  1.16329e-02
154 -0.04062  4.14412e-03 |155 -0.12016  4.53770e-02 |156  0.09389  4.43333e-04
157  0.04768  2.65095e-04 |158  0.14457 -2.99140e-03 |159 -0.03778 -2.38244e-02
160 -0.58522  5.11655e-03 |161 -0.50985  3.33371e-05 |162 -0.20943 -1.38165e-03
163 -0.21205  4.28360e-02 |164  0.80057  2.81562e-02 |165  0.19421  2.37460e-02
166  0.08284  9.54390e-03 |167 -0.25954 -1.46792e-02 |168 -0.39627  3.71620e-02
169 -0.20250  6.43218e-02 |170 -0.03793 -3.40976e-02 |171 -0.28105  1.01519e-02
172  0.81665 -5.52884e-01 |173  0.08890 -9.24485e-03 |174 -0.52693 -1.56283e-05
175  0.07868 -1.17235e-02 |176 -0.40573 -2.88089e-02 |177 -0.14492 -4.59884e-03
178  0.06415  5.62243e-02 |179 -0.17495  9.91940e-02 |180 -0.15636  2.71226e-03
181 -0.99999 -3.01390e-07 |182 -0.13847 -2.19619e-03 |183  0.22437 -7.49913e-03
184  0.01175 -4.13028e-03 |185 -0.36323  2.39079e-02 |186 -0.44242  1.19805e-04
187 -0.04120 -1.35544e-02 |188 -0.30011  8.62812e-03 |189  0.80940  1.15167e-01
189 variables; iteration 80; function evaluation 95; phase 4
Function value 7.0414827e+03; maximum gradient component mag -1.0968e-01
Var    Value     Gradient |Var    Value     Gradient |Var    Value     Gradient
  1 -0.38644  3.01414e-03 |  2  0.35671 -2.64951e-03 |  3 -0.14915  4.31217e-03
  4  0.03025  2.56899e-04 |  5 -0.67962 -5.65838e-03 |  6 -0.62118  1.01718e-04
  7 -0.42246  4.25011e-04 |  8  0.35648 -1.29878e-02 |  9 -0.19909  2.42705e-03
 10  0.08102 -5.87801e-03 | 11 -0.60983  2.45036e-03 | 12 -0.63690 -7.10302e-03
 13  0.82242  3.90374e-03 | 14 -0.00288  2.47275e-05 | 15 -0.00290 -8.47341e-06
 16 -0.00291 -4.08914e-05 | 17 -0.00291 -7.36837e-05 | 18 -0.00290 -1.06124e-04
 19 -0.00289 -1.38239e-04 | 20 -0.00286 -1.69647e-04 | 21 -0.00281 -2.00122e-04
 22 -0.00276 -2.29802e-04 | 23 -0.00269 -2.58423e-04 | 24 -0.00262 -2.85612e-04
 25 -0.00252 -3.10373e-04 | 26 -0.00242 -3.33380e-04 | 27 -0.00230 -3.53672e-04
 28 -0.00216 -3.69646e-04 | 29 -0.00201 -3.81915e-04 | 30 -0.00185 -3.88626e-04
 31 -0.00167 -3.89059e-04 | 32 -0.00147 -3.82031e-04 | 33 -0.00126 -3.66283e-04
 34 -0.00104 -3.40737e-04 | 35 -0.00080 -3.04414e-04 | 36 -0.00056 -2.56021e-04
 37 -0.00031 -1.95410e-04 | 38 -0.00007 -1.21305e-04 | 39  0.00016 -3.55157e-05
 40  0.00036  6.39096e-05 | 41  0.00054  1.74930e-04 | 42  0.00067  2.97276e-04
 43  0.00074  4.29949e-04 | 44  0.00076  5.72097e-04 | 45  0.00072  7.22993e-04
 46  0.00061  8.78818e-04 | 47  0.00045  1.03565e-03 | 48  0.00023  1.19156e-03
 49 -0.00001  1.34345e-03 | 50 -0.00026  1.48605e-03 | 51 -0.00049  1.62047e-03
 52 -0.00069  1.74766e-03 | 53 -0.00081  1.86438e-03 | 54 -0.00083  1.96688e-03
 55 -0.00072  2.05566e-03 | 56 -0.00044  2.12239e-03 | 57  0.00003  2.16718e-03
 58  0.00073  2.19061e-03 | 59  0.00168  2.20620e-03 | 60  0.00290  2.23806e-03
 61  0.00441  2.31149e-03 | 62  0.00620  2.43123e-03 | 63  0.00827  2.53267e-03
 64  0.01058  2.51477e-03 | 65  0.01307  2.43268e-03 | 66  0.01563  2.57061e-03
 67  0.01811  2.85956e-03 | 68  0.02033  2.42107e-03 | 69  0.02209  7.73914e-04
 70  0.02323 -9.96537e-04 | 71  0.02365 -1.45941e-03 | 72  0.02337 -6.78398e-04
 73  0.02246  4.84773e-04 | 74  0.02103  6.07838e-04 | 75  0.01913 -5.07428e-04
 76  0.01672 -1.93955e-03 | 77  0.01374 -2.74980e-03 | 78  0.01015 -3.21627e-03
 79  0.00607 -3.76336e-03 | 80  0.00184 -4.11605e-03 | 81 -0.00208 -4.25438e-03
 82 -0.00529 -4.29288e-03 | 83 -0.00766 -4.38401e-03 | 84 -0.00936 -4.48807e-03
 85 -0.01073 -4.45696e-03 | 86 -0.01190 -4.17570e-03 | 87 -0.01246 -3.65979e-03
 88 -0.01202 -3.07682e-03 | 89 -0.01096 -2.56368e-03 | 90 -0.00816 -1.98043e-03
 91 -0.00362 -1.23260e-03 | 92  0.00265 -1.34360e-03 | 93  0.00658 -7.95111e-04
 94  0.00962 -2.08885e-03 | 95  0.01226 -1.98511e-03 | 96  0.00741  6.61586e-05
 97  0.00874  2.28328e-03 | 98  0.02683  5.29411e-04 | 99  0.01974 -1.55537e-03
100  0.00109  1.15815e-03 |101  0.02070 -5.47487e-03 |102  0.08818 -1.18451e-02
103  0.03548 -3.13879e-03 |104 -0.00435 -4.56925e-03 |105  0.00665  1.65248e-03
106  0.01919  7.64716e-03 |107  0.03335  6.91858e-04 |108  0.00054 -8.93583e-03
109 -0.06594 -1.87654e-03 |110 -0.08303 -1.84958e-05 |111 -0.08144  1.51167e-02
112 -0.04677  2.83697e-03 |113  0.06572  1.15222e-03 |114  0.01601 -4.78909e-03
115  0.00980  3.82513e-03 |116 -0.04032 -3.73251e-04 |117 -0.08141  2.49657e-03
118 -0.03298 -1.92967e-03 |119 -0.02646  1.48167e-03 |120 -0.05236  3.20083e-04
121 -0.00089 -3.02449e-04 |122  0.03528  3.03489e-03 |123 -0.00654  4.52243e-03
124  0.04177  8.27835e-03 |125 -0.01936  1.05731e-03 |126  0.09929  6.37248e-03
127 -0.01325  5.11680e-03 |128 -0.05157 -9.34721e-03 |129 -0.06140  2.43152e-03
130 -0.02792 -1.61678e-03 |131  0.08383 -2.59417e-04 |132  0.02322 -6.35036e-04
133  0.01208 -8.63178e-05 |134 -0.03450 -3.78273e-03 |135 -0.01926  3.63814e-04
136 -0.00398 -2.18918e-04 |137 -0.00000 -2.23404e-07 |138 -0.64792 -1.41466e-03
139 -0.99428  1.40718e-04 |140  0.03013  2.26064e-04 |141 -0.58666  1.15103e-05
142  0.03513  5.09342e-04 |143 -0.40470  6.55561e-04 |144  0.81919 -1.57978e-02
145 -0.10971  3.63386e-03 |146  0.20260  2.70660e-03 |147 -0.23871  5.02746e-03
148  0.16615  4.23363e-03 |149 -0.58114 -2.81755e-05 |150 -0.00686 -7.40246e-03
151 -0.42467  9.78292e-03 |152  0.82188  1.53032e-02 |153  0.12226  2.11973e-04
154 -0.04072 -1.26461e-03 |155 -0.12056 -1.02213e-03 |156  0.09321  4.39682e-04
157  0.04728  2.63073e-04 |158  0.14461  2.84634e-03 |159 -0.03773 -1.58564e-03
160 -0.58508  6.46147e-03 |161 -0.50988  2.54026e-05 |162 -0.20929 -2.48790e-04
163 -0.21210  2.62308e-03 |164  0.80058  6.32794e-05 |165  0.19395 -1.51864e-04
166  0.08274 -1.58460e-04 |167 -0.25948 -1.28154e-03 |168 -0.39594  1.25159e-02
169 -0.20286  1.25712e-02 |170 -0.03768 -1.36465e-02 |171 -0.28077  3.02012e-03
172  0.81664 -1.09679e-01 |173  0.08885  2.03990e-03 |174 -0.52692 -5.16009e-06
175  0.07868  2.25233e-03 |176 -0.40561 -2.49467e-03 |177 -0.14493 -1.62970e-03
178  0.06414  1.19828e-02 |179 -0.17495  1.77749e-02 |180 -0.15638 -1.85543e-03
181 -0.99999 -2.38877e-03 |182 -0.13847  1.04058e-04 |183  0.22452  4.57576e-03
184  0.01186 -1.00840e-03 |185 -0.36335  3.37270e-03 |186 -0.44250  4.75983e-05
187 -0.04128 -3.59640e-03 |188 -0.30007  1.25842e-03 |189  0.80940  2.38731e-02
189 variables; iteration 100; function evaluation 125; phase 4
Function value 7.0414827e+03; maximum gradient component mag 2.2643e-02
Var    Value     Gradient |Var    Value     Gradient |Var    Value     Gradient
  1 -0.38645 -4.23885e-04 |  2  0.35671  4.17458e-04 |  3 -0.14915 -5.74111e-04
  4  0.03025 -1.51671e-04 |  5 -0.67961  8.26747e-04 |  6 -0.62118 -1.11138e-05
  7 -0.42246 -6.98195e-05 |  8  0.35648  2.18415e-03 |  9 -0.19909 -2.29546e-04
 10  0.08102  6.43611e-04 | 11 -0.60983  8.20403e-04 | 12 -0.63690  9.86506e-04
 13  0.82229  5.67409e-04 | 14 -0.00288 -2.48794e-04 | 15 -0.00290 -2.02834e-04
 16 -0.00291 -1.55763e-04 | 17 -0.00291 -1.06138e-04 | 18 -0.00290 -5.50855e-05
 19 -0.00289 -2.75668e-06 | 20 -0.00286  5.01148e-05 | 21 -0.00281  1.02989e-04
 22 -0.00276  1.55784e-04 | 23 -0.00269  2.07867e-04 | 24 -0.00261  2.58467e-04
 25 -0.00252  3.06068e-04 | 26 -0.00242  3.51228e-04 | 27 -0.00229  3.92514e-04
 28 -0.00216  4.27932e-04 | 29 -0.00201  4.58040e-04 | 30 -0.00185  4.80848e-04
 31 -0.00167  4.95803e-04 | 32 -0.00147  5.02135e-04 | 33 -0.00126  4.99366e-04
 34 -0.00103  4.87508e-04 | 35 -0.00080  4.66987e-04 | 36 -0.00055  4.38278e-04
 37 -0.00031  4.02698e-04 | 38 -0.00007  3.60834e-04 | 39  0.00016  3.14487e-04
 40  0.00037  2.63272e-04 | 41  0.00054  2.08058e-04 | 42  0.00067  1.48514e-04
 43  0.00075  8.42716e-05 | 44  0.00076  1.47159e-05 | 45  0.00072 -6.08999e-05
 46  0.00061 -1.42266e-04 | 47  0.00044 -2.28530e-04 | 48  0.00023 -3.18440e-04
 49 -0.00001 -4.08618e-04 | 50 -0.00026 -4.92346e-04 | 51 -0.00050 -5.63892e-04
 52 -0.00069 -6.17339e-04 | 53 -0.00082 -6.45571e-04 | 54 -0.00084 -6.43876e-04
 55 -0.00072 -6.15076e-04 | 56 -0.00044 -5.62128e-04 | 57  0.00003 -4.98231e-04
 58  0.00073 -4.35837e-04 | 59  0.00168 -3.79044e-04 | 60  0.00290 -3.11310e-04
 61  0.00441 -2.21117e-04 | 62  0.00620 -1.67377e-04 | 63  0.00827 -1.98031e-04
 64  0.01058 -1.00444e-04 | 65  0.01307  3.41206e-05 | 66  0.01562 -2.66997e-04
 67  0.01811  6.20022e-04 | 68  0.02034  1.26967e-03 | 69  0.02209 -1.04673e-03
 70  0.02323 -8.95539e-04 | 71  0.02366  1.99932e-04 | 72  0.02337 -8.09009e-04
 73  0.02246  7.20542e-05 | 74  0.02103  1.83406e-03 | 75  0.01913  4.61525e-04
 76  0.01673 -3.81282e-04 | 77  0.01375  3.36068e-04 | 78  0.01016  1.84161e-04
 79  0.00608  1.13645e-04 | 80  0.00184 -5.31849e-05 | 81 -0.00207 -1.51296e-04
 82 -0.00528 -5.40356e-04 | 83 -0.00766 -5.67717e-04 | 84 -0.00936  8.65801e-05
 85 -0.01072  9.09451e-04 | 86 -0.01189  1.36926e-03 | 87 -0.01245  1.37056e-03
 88 -0.01201  1.19728e-03 | 89 -0.01095  8.43892e-04 | 90 -0.00816 -5.63388e-04
 91 -0.00363 -1.30932e-03 | 92  0.00266  9.73510e-04 | 93  0.00659  5.43173e-04
 94  0.00963  6.70275e-04 | 95  0.01228  3.74252e-04 | 96  0.00741 -9.48620e-04
 97  0.00873 -1.04394e-03 | 98  0.02683 -2.15946e-04 | 99  0.01976  1.89378e-03
100  0.00107 -1.55445e-03 |101  0.02071  2.50315e-04 |102  0.08821  2.32710e-03
103  0.03546  7.80092e-05 |104 -0.00434  5.65314e-04 |105  0.00666  7.86732e-04
106  0.01917 -2.00946e-03 |107  0.03335 -7.33553e-04 |108  0.00056  1.63939e-03
109 -0.06594  6.84319e-04 |110 -0.08303 -1.75623e-03 |111 -0.08147 -2.16500e-03
112 -0.04677 -8.94867e-04 |113  0.06572  4.79138e-04 |114  0.01602 -2.08431e-03
115  0.00979  1.94916e-03 |116 -0.04032 -2.27034e-03 |117 -0.08141 -9.80870e-04
118 -0.03297  1.88954e-03 |119 -0.02646  9.76880e-05 |120 -0.05237 -1.18634e-03
121 -0.00089  4.22003e-04 |122  0.03527  4.47045e-05 |123 -0.00654 -6.97421e-04
124  0.04176 -1.48465e-03 |125 -0.01936  2.76085e-03 |126  0.09928 -3.83221e-04
127 -0.01326 -7.42210e-04 |128 -0.05155  2.14193e-03 |129 -0.06141 -1.17433e-03
130 -0.02792 -2.67279e-03 |131  0.08383  5.33767e-04 |132  0.02322  5.10737e-04
133  0.01208 -3.21204e-06 |134 -0.03448  1.48368e-03 |135 -0.01925  1.07545e-03
136 -0.00398 -7.56731e-04 |137 -0.00000  1.00897e-07 |138 -0.64783  2.66000e-03
139 -0.99432 -2.26530e-05 |140  0.03013 -8.69075e-06 |141 -0.58671  6.62965e-06
142  0.03513 -2.14866e-04 |143 -0.40470 -1.69047e-04 |144  0.81919  2.70831e-03
145 -0.10975  4.72551e-04 |146  0.20256 -4.50631e-03 |147 -0.23870 -2.38506e-03
148  0.16615 -3.86510e-04 |149 -0.58101 -1.67845e-05 |150 -0.00686  1.15577e-03
151 -0.42469 -2.57992e-03 |152  0.82188 -2.42600e-03 |153  0.12226  1.12020e-04
154 -0.04072  3.37793e-04 |155 -0.12056 -2.21447e-04 |156  0.09088  4.27277e-04
157  0.04588  2.56094e-04 |158  0.14460 -1.48399e-03 |159 -0.03774 -8.80334e-04
160 -0.58520 -9.18547e-04 |161 -0.50997  1.08865e-05 |162 -0.20940  7.83136e-04
163 -0.21207 -8.05121e-04 |164  0.80058 -2.56529e-04 |165  0.19395  2.21017e-05
166  0.08274 -1.40200e-05 |167 -0.25948  2.24233e-04 |168 -0.39587 -2.20552e-03
169 -0.20295 -2.82281e-03 |170 -0.03760  2.04064e-03 |171 -0.28069 -7.13759e-04
172  0.81664  2.26427e-02 |173  0.08884 -3.05272e-04 |174 -0.52689 -3.68916e-06
175  0.07867 -3.63087e-04 |176 -0.40558  4.98985e-04 |177 -0.14493  2.01272e-04
178  0.06414 -1.62207e-03 |179 -0.17495 -2.63997e-03 |180 -0.15638  8.31321e-04
181 -0.99999  5.52243e-04 |182 -0.13847  8.50506e-05 |183  0.22446 -5.16562e-04
184  0.01182 -6.85472e-05 |185 -0.36336 -6.10081e-05 |186 -0.44270  3.11404e-05
187 -0.04128 -5.00186e-05 |188 -0.30007 -8.46611e-04 |189  0.80940 -2.32283e-03
189 variables; iteration 120; function evaluation 159; phase 4
Function value 7.0414827e+03; maximum gradient component mag -1.0670e-02
Var    Value     Gradient |Var    Value     Gradient |Var    Value     Gradient
  1 -0.38645 -4.79343e-04 |  2  0.35671  4.89941e-04 |  3 -0.14915 -1.60095e-04
  4  0.03025 -7.49639e-04 |  5 -0.67961  1.34831e-03 |  6 -0.62118 -5.83641e-06
  7 -0.42246 -2.57424e-04 |  8  0.35648  1.20442e-03 |  9 -0.19909 -5.42053e-05
 10  0.08102 -2.22865e-04 | 11 -0.60983  1.57092e-03 | 12 -0.63690  3.68347e-04
 13  0.82234  4.09443e-04 | 14 -0.00288 -6.42100e-04 | 15 -0.00290 -5.03290e-04
 16 -0.00291 -3.69808e-04 | 17 -0.00291 -2.36380e-04 | 18 -0.00290 -1.07505e-04
 19 -0.00289  1.65717e-05 | 20 -0.00286  1.33596e-04 | 21 -0.00281  2.42234e-04
 22 -0.00276  3.42925e-04 | 23 -0.00269  4.33743e-04 | 24 -0.00261  5.11819e-04
 25 -0.00252  5.70952e-04 | 26 -0.00241  6.12295e-04 | 27 -0.00229  6.28806e-04
 28 -0.00216  6.11481e-04 | 29 -0.00201  5.60362e-04 | 30 -0.00185  4.67630e-04
 31 -0.00167  3.32134e-04 | 32 -0.00147  1.54936e-04 | 33 -0.00126 -5.78495e-05
 34 -0.00104 -2.94495e-04 | 35 -0.00080 -5.38465e-04 | 36 -0.00056 -7.70502e-04
 37 -0.00031 -9.73051e-04 | 38 -0.00007 -1.13235e-03 | 39  0.00015 -1.24778e-03
 40  0.00036 -1.31927e-03 | 41  0.00053 -1.35932e-03 | 42  0.00066 -1.37685e-03
 43  0.00074 -1.37864e-03 | 44  0.00076 -1.36652e-03 | 45  0.00071 -1.33903e-03
 46  0.00060 -1.30135e-03 | 47  0.00044 -1.26164e-03 | 48  0.00023 -1.22344e-03
 49 -0.00001 -1.18332e-03 | 50 -0.00026 -1.12234e-03 | 51 -0.00050 -9.91389e-04
 52 -0.00069 -7.48313e-04 | 53 -0.00081 -3.87911e-04 | 54 -0.00083  4.71891e-05
 55 -0.00072  4.66177e-04 | 56 -0.00044  7.40128e-04 | 57  0.00003  7.63476e-04
 58  0.00073  5.90249e-04 | 59  0.00168  5.91559e-04 | 60  0.00290  9.45555e-04
 61  0.00441  5.90509e-04 | 62  0.00620 -3.59401e-04 | 63  0.00827  7.70387e-04
 64  0.01058  6.04813e-04 | 65  0.01308  2.11454e-03 | 66  0.01563  1.47673e-03
 67  0.01811  1.35130e-03 | 68  0.02031 -3.08251e-03 | 69  0.02209 -2.01646e-03
 70  0.02324 -2.31021e-04 | 71  0.02365 -2.58961e-03 | 72  0.02336 -1.91187e-03
 73  0.02245 -3.21353e-04 | 74  0.02102 -1.27094e-03 | 75  0.01913  4.03406e-04
 76  0.01673  4.29742e-04 | 77  0.01375  4.90709e-04 | 78  0.01015 -1.26232e-03
 79  0.00608 -6.38070e-04 | 80  0.00184 -1.17273e-03 | 81 -0.00206  1.70396e-03
 82 -0.00526  5.77226e-03 | 83 -0.00763  6.34664e-03 | 84 -0.00936 -2.05350e-03
 85 -0.01075 -7.18873e-03 | 86 -0.01190 -2.88942e-03 | 87 -0.01245  1.87410e-03
 88 -0.01201  1.08973e-03 | 89 -0.01096 -2.53960e-03 | 90 -0.00814  5.38819e-03
 91 -0.00366 -1.06697e-02 | 92  0.00268  6.62029e-03 | 93  0.00659  1.19932e-03
 94  0.00963  8.29967e-04 | 95  0.01227 -1.06204e-03 | 96  0.00742  8.03043e-04
 97  0.00873  4.82674e-04 | 98  0.02680 -6.21781e-03 | 99  0.01977  5.28167e-03
100  0.00107 -1.01089e-03 |101  0.02071 -1.34952e-04 |102  0.08821  7.68870e-04
103  0.03546 -7.62360e-04 |104 -0.00434 -1.30730e-03 |105  0.00666  2.35647e-03
106  0.01918 -3.39249e-04 |107  0.03334 -2.81641e-03 |108  0.00057  2.25931e-03
109 -0.06594  1.96966e-04 |110 -0.08303 -2.09509e-03 |111 -0.08146  1.55806e-03
112 -0.04677 -3.73004e-03 |113  0.06573  1.60336e-03 |114  0.01602 -1.93787e-03
115  0.00979  9.81774e-04 |116 -0.04032 -1.23531e-03 |117 -0.08142 -3.78319e-03
118 -0.03296  4.98557e-03 |119 -0.02647 -3.07726e-03 |120 -0.05236 -1.28176e-03
121 -0.00089  1.42660e-03 |122  0.03528  1.06235e-03 |123 -0.00655 -2.67620e-03
124  0.04176  1.05140e-03 |125 -0.01936  1.27060e-03 |126  0.09928  3.68099e-04
127 -0.01326  6.75896e-04 |128 -0.05154  3.29654e-03 |129 -0.06140  1.13347e-03
130 -0.02791  1.93816e-03 |131  0.08384  2.45607e-03 |132  0.02320 -8.11642e-03
133  0.01208 -1.75094e-03 |134 -0.03448  2.09799e-03 |135 -0.01926 -4.68100e-04
136 -0.00399 -2.64697e-03 |137 -0.00000 -3.77844e-07 |138 -0.64787  2.25819e-04
139 -0.99537 -4.30867e-07 |140  0.03013  3.09818e-04 |141 -0.58761 -7.39814e-05
142  0.03513  1.90771e-05 |143 -0.40470 -9.89052e-04 |144  0.81919  1.19153e-03
145 -0.10975  4.30534e-04 |146  0.20257 -2.33284e-03 |147 -0.23870 -1.18001e-03
148  0.16615 -1.45438e-03 |149 -0.57877  1.87237e-04 |150 -0.00686 -4.05169e-04
151 -0.42468  3.47852e-03 |152  0.82188 -7.78255e-04 |153  0.12226  1.33057e-04
154 -0.04072  1.40214e-04 |155 -0.12056  1.00980e-04 |156  0.02626  9.65778e-05
157  0.00715  5.75495e-05 |158  0.14460  7.02512e-06 |159 -0.03773  3.01658e-04
160 -0.58520 -1.09119e-04 |161 -0.51159 -1.11679e-04 |162 -0.20940  2.78727e-04
163 -0.21207  2.35659e-03 |164  0.80058  4.83572e-03 |165  0.19395  5.64242e-05
166  0.08274 -8.49709e-05 |167 -0.25948  8.17943e-05 |168 -0.39587 -7.04077e-04
169 -0.20294 -1.43015e-03 |170 -0.03760  5.35094e-04 |171 -0.28070 -6.92758e-04
172  0.81664  9.38480e-03 |173  0.08884 -7.94855e-05 |174 -0.52640  3.57538e-05
175  0.07867 -2.23076e-04 |176 -0.40559  3.18694e-05 |177 -0.14493  8.31051e-05
178  0.06414 -8.50059e-04 |179 -0.17496 -2.66983e-03 |180 -0.15638  1.45125e-04
181 -0.99999  3.04999e-04 |182 -0.13847 -4.81351e-04 |183  0.22446 -7.14154e-05
184  0.01183 -5.96281e-05 |185 -0.36334 -2.12204e-04 |186 -0.44668 -2.32528e-04
187 -0.04127 -1.44778e-05 |188 -0.30006  2.61884e-05 |189  0.80940 -2.94995e-04
189 variables; iteration 140; function evaluation 194; phase 4
Function value 7.0414827e+03; maximum gradient component mag -2.3787e-03
Var    Value     Gradient |Var    Value     Gradient |Var    Value     Gradient
  1 -0.38645  1.05065e-04 |  2  0.35671 -7.55864e-05 |  3 -0.14915 -3.82345e-05
  4  0.03025  1.97848e-04 |  5 -0.67961 -8.77489e-05 |  6 -0.62118 -1.48531e-05
  7 -0.42246  6.80172e-05 |  8  0.35648 -1.72986e-04 |  9 -0.19909 -3.48493e-05
 10  0.08102  1.61985e-04 | 11 -0.60983 -6.67170e-04 | 12 -0.63690  2.73003e-06
 13  0.82235 -2.28217e-04 | 14 -0.00288 -8.32508e-05 | 15 -0.00290 -7.30919e-05
 16 -0.00291 -6.58201e-05 | 17 -0.00291 -6.06128e-05 | 18 -0.00290 -5.68428e-05
 19 -0.00289 -5.33848e-05 | 20 -0.00286 -4.90596e-05 | 21 -0.00281 -4.27041e-05
 22 -0.00276 -3.32412e-05 | 23 -0.00269 -2.01884e-05 | 24 -0.00262 -3.82681e-06
 25 -0.00252  1.44283e-05 | 26 -0.00242  3.26067e-05 | 27 -0.00230  4.71322e-05
 28 -0.00216  5.37887e-05 | 29 -0.00201  4.85059e-05 | 30 -0.00185  2.83563e-05
 31 -0.00167 -6.84350e-06 | 32 -0.00147 -5.28521e-05 | 33 -0.00126 -1.00167e-04
 34 -0.00104 -1.35502e-04 | 35 -0.00080 -1.45332e-04 | 36 -0.00056 -1.20750e-04
 37 -0.00031 -6.42632e-05 | 38 -0.00007  1.23930e-05 | 39  0.00016  8.97953e-05
 40  0.00037  1.53580e-04 | 41  0.00054  1.96597e-04 | 42  0.00067  2.21139e-04
 43  0.00075  2.34122e-04 | 44  0.00076  2.42660e-04 | 45  0.00072  2.52642e-04
 46  0.00061  2.71259e-04 | 47  0.00045  3.02626e-04 | 48  0.00023  3.40937e-04
 49 -0.00001  3.67905e-04 | 50 -0.00026  3.57571e-04 | 51 -0.00049  3.02554e-04
 52 -0.00069  2.22803e-04 | 53 -0.00081  1.39504e-04 | 54 -0.00083  5.51771e-05
 55 -0.00072 -4.19822e-05 | 56 -0.00044 -1.67732e-04 | 57  0.00003 -2.43454e-04
 58  0.00073 -1.04902e-04 | 59  0.00168  2.13683e-05 | 60  0.00290 -3.51277e-04
 61  0.00441  7.46185e-05 | 62  0.00620  7.14044e-05 | 63  0.00827 -2.43552e-04
 64  0.01058 -2.10162e-04 | 65  0.01306 -7.48352e-04 | 66  0.01562  1.20253e-04
 67  0.01810 -2.04863e-03 | 68  0.02033  1.17349e-04 | 69  0.02209 -2.99014e-04
 70  0.02324  7.04938e-04 | 71  0.02366 -1.44663e-04 | 72  0.02337 -2.81900e-04
 73  0.02246  3.30199e-05 | 74  0.02103  1.38034e-03 | 75  0.01913  2.93515e-04
 76  0.01673 -1.27017e-04 | 77  0.01375 -3.50757e-04 | 78  0.01016  1.64286e-04
 79  0.00608  4.83836e-04 | 80  0.00185  5.36358e-04 | 81 -0.00207  6.35844e-04
 82 -0.00529 -7.71513e-04 | 83 -0.00766 -7.80819e-04 | 84 -0.00935  4.33197e-04
 85 -0.01072  2.56697e-04 | 86 -0.01189 -7.73389e-04 | 87 -0.01245  5.77496e-04
 88 -0.01201  2.12833e-04 | 89 -0.01095  4.68449e-05 | 90 -0.00816 -9.37981e-04
 91 -0.00362  9.61461e-04 | 92  0.00265 -1.78498e-03 | 93  0.00658 -5.55397e-04
 94  0.00964  1.74022e-03 | 95  0.01227 -9.55455e-04 | 96  0.00741  4.78351e-04
 97  0.00873 -1.90459e-04 | 98  0.02683  1.02798e-03 | 99  0.01975  4.56628e-04
100  0.00107 -9.34929e-04 |101  0.02071 -1.00759e-03 |102  0.08821 -7.92497e-05
103  0.03547  1.16325e-03 |104 -0.00434  1.90463e-04 |105  0.00665 -1.67532e-03
106  0.01919  1.57324e-03 |107  0.03335 -4.09667e-04 |108  0.00056 -2.11689e-04
109 -0.06594  8.12153e-04 |110 -0.08303 -6.34702e-04 |111 -0.08146  4.32440e-04
112 -0.04676  3.78881e-04 |113  0.06572 -2.26586e-04 |114  0.01603  3.79470e-04
115  0.00979 -2.01951e-04 |116 -0.04032  3.74963e-04 |117 -0.08141  1.52023e-03
118 -0.03298 -1.76256e-03 |119 -0.02646  1.10057e-03 |120 -0.05236  5.68746e-04
121 -0.00089 -2.08996e-04 |122  0.03527 -4.37394e-04 |123 -0.00654  1.19161e-03
124  0.04176 -4.82096e-04 |125 -0.01936  7.75324e-05 |126  0.09928 -1.16658e-04
127 -0.01326 -9.48494e-05 |128 -0.05155 -7.96910e-04 |129 -0.06140 -7.62608e-04
130 -0.02791 -5.23239e-04 |131  0.08383 -6.29262e-04 |132  0.02323  1.48245e-03
133  0.01208  7.37315e-04 |134 -0.03449 -1.54603e-04 |135 -0.01926  1.67971e-04
136 -0.00398 -5.89697e-04 |137 -0.00000 -1.20745e-07 |138 -0.64788 -2.04501e-04
139 -0.99555 -1.12877e-05 |140  0.03013 -5.12944e-05 |141 -0.58693 -1.26242e-05
142  0.03513 -1.65766e-05 |143 -0.40470  2.14149e-04 |144  0.81919 -4.35770e-05
145 -0.10975  3.76515e-06 |146  0.20258  1.20134e-04 |147 -0.23870  9.82312e-05
148  0.16615  7.62941e-04 |149 -0.58049  3.00196e-05 |150 -0.00686  4.46826e-04
151 -0.42469 -2.37870e-03 |152  0.82188 -2.52169e-05 |153  0.12226 -4.61793e-05
154 -0.04072 -1.12553e-04 |155 -0.12056 -1.77670e-04 |156  0.00686  1.74761e-06
157 -0.00443 -2.85236e-06 |158  0.14460 -1.02080e-04 |159 -0.03774 -1.81413e-04
160 -0.58520 -2.84827e-04 |161 -0.51057 -3.42052e-05 |162 -0.20941  1.84165e-04
163 -0.21208 -6.92746e-04 |164  0.80058 -1.72988e-03 |165  0.19395  1.17969e-05
166  0.08274  1.68804e-05 |167 -0.25948 -6.27344e-06 |168 -0.39588  7.16263e-05
169 -0.20294  1.19428e-04 |170 -0.03761 -7.91029e-05 |171 -0.28071  1.06735e-04
172  0.81664 -1.03797e-03 |173  0.08884 -6.16248e-07 |174 -0.52673  9.30105e-06
175  0.07867  2.44154e-05 |176 -0.40559  9.32850e-06 |177 -0.14493  2.32828e-05
178  0.06414  4.46772e-04 |179 -0.17495  7.05801e-04 |180 -0.15638  9.29637e-04
181 -0.99999 -2.25763e-05 |182 -0.13847  2.90573e-04 |183  0.22447  4.44243e-06
184  0.01183 -4.56453e-05 |185 -0.36335  1.01733e-04 |186 -0.44460 -9.82967e-05
187 -0.04127 -2.01638e-06 |188 -0.30006  4.59799e-05 |189  0.80940  2.81078e-04

 - final statistics:
189 variables; iteration 145; function evaluation 202
Function value 7.0415e+03; maximum gradient component mag -9.4948e-04
Exit code = 1;  converg criter 1.0000e-03
Var    Value     Gradient |Var    Value     Gradient |Var    Value     Gradient
  1 -0.38645  4.74714e-05 |  2  0.35671 -2.17130e-05 |  3 -0.14915 -2.13505e-05
  4  0.03025  6.64996e-05 |  5 -0.67961 -1.11130e-05 |  6 -0.62118 -3.84234e-06
  7 -0.42246  3.72418e-05 |  8  0.35648 -2.77187e-05 |  9 -0.19909 -1.77977e-05
 10  0.08102  6.36136e-05 | 11 -0.60983 -2.23854e-04 | 12 -0.63690  1.86641e-05
 13  0.82235 -7.92004e-05 | 14 -0.00288 -7.35947e-05 | 15 -0.00290 -6.51669e-05
 16 -0.00291 -5.69814e-05 | 17 -0.00291 -4.87073e-05 | 18 -0.00290 -4.02670e-05
 19 -0.00289 -3.13692e-05 | 20 -0.00286 -2.17617e-05 | 21 -0.00281 -1.12063e-05
 22 -0.00276  5.12653e-07 | 23 -0.00269  1.33193e-05 | 24 -0.00262  2.68102e-05
 25 -0.00252  4.00964e-05 | 26 -0.00242  5.20873e-05 | 27 -0.00230  6.10388e-05
 28 -0.00216  6.51414e-05 | 29 -0.00201  6.29366e-05 | 30 -0.00185  5.40670e-05
 31 -0.00167  3.99745e-05 | 32 -0.00147  2.44889e-05 | 33 -0.00126  1.34549e-05
 34 -0.00104  1.28647e-05 | 35 -0.00080  2.61141e-05 | 36 -0.00056  5.16376e-05
 37 -0.00031  8.23777e-05 | 38 -0.00007  1.09489e-04 | 39  0.00016  1.27187e-04
 40  0.00037  1.34740e-04 | 41  0.00054  1.36137e-04 | 42  0.00067  1.35410e-04
 43  0.00075  1.34588e-04 | 44  0.00076  1.33424e-04 | 45  0.00072  1.30676e-04
 46  0.00061  1.26155e-04 | 47  0.00044  1.21797e-04 | 48  0.00023  1.20463e-04
 49 -0.00001  1.22039e-04 | 50 -0.00026  1.19039e-04 | 51 -0.00050  1.00313e-04
 52 -0.00069  6.46758e-05 | 53 -0.00081  2.05562e-05 | 54 -0.00083 -2.45033e-05
 55 -0.00072 -6.69902e-05 | 56 -0.00044 -9.99827e-05 | 57  0.00003 -9.42602e-05
 58  0.00073 -8.02825e-05 | 59  0.00168 -1.82124e-04 | 60  0.00290 -8.26330e-05
 61  0.00440 -4.38295e-04 | 62  0.00620 -3.93013e-05 | 63  0.00827 -4.45517e-04
 64  0.01058 -2.24728e-04 | 65  0.01307  4.23654e-04 | 66  0.01562  2.27385e-04
 67  0.01810 -3.14318e-04 | 68  0.02033  3.41217e-04 | 69  0.02210 -3.21643e-05
 70  0.02324  2.15077e-04 | 71  0.02366 -1.68296e-04 | 72  0.02337 -2.37271e-04
 73  0.02245 -2.83649e-04 | 74  0.02102  1.88018e-04 | 75  0.01912 -9.36088e-05
 76  0.01673 -9.81650e-05 | 77  0.01375  2.44599e-04 | 78  0.01016  3.04496e-04
 79  0.00608  2.56928e-04 | 80  0.00185  2.06993e-04 | 81 -0.00207  9.93592e-05
 82 -0.00528 -1.56176e-04 | 83 -0.00766 -3.70514e-04 | 84 -0.00936  1.72975e-04
 85 -0.01072 -1.01209e-04 | 86 -0.01189 -1.34454e-04 | 87 -0.01245  3.22737e-04
 88 -0.01202 -3.70123e-04 | 89 -0.01095  2.92240e-04 | 90 -0.00816  4.50272e-04
 91 -0.00362 -3.73085e-04 | 92  0.00265 -4.11518e-04 | 93  0.00658 -5.76983e-04
 94  0.00963  6.93125e-04 | 95  0.01227 -3.51663e-04 | 96  0.00741  9.58540e-05
 97  0.00873  2.62648e-04 | 98  0.02683  5.43823e-04 | 99  0.01975 -2.74524e-04
100  0.00107 -3.50856e-04 |101  0.02071 -1.67026e-04 |102  0.08821  5.31719e-05
103  0.03547  2.07873e-04 |104 -0.00434  1.58437e-04 |105  0.00665 -5.31836e-04
106  0.01918  5.03898e-04 |107  0.03335 -1.60858e-04 |108  0.00056 -7.60846e-05
109 -0.06594  3.75038e-04 |110 -0.08303 -3.58261e-04 |111 -0.08146  2.25025e-04
112 -0.04676  5.52825e-05 |113  0.06572 -5.66895e-05 |114  0.01603  9.43487e-05
115  0.00979 -5.44733e-05 |116 -0.04032  1.08475e-04 |117 -0.08141  5.45829e-04
118 -0.03298 -5.95805e-04 |119 -0.02646  3.63721e-04 |120 -0.05236  2.01753e-04
121 -0.00089 -4.44285e-05 |122  0.03527 -1.62314e-04 |123 -0.00654  4.24890e-04
124  0.04176 -1.83917e-04 |125 -0.01936  7.11030e-05 |126  0.09928 -4.03621e-05
127 -0.01326 -2.89179e-05 |128 -0.05155 -2.22913e-04 |129 -0.06140 -2.96991e-04
130 -0.02791 -1.78411e-04 |131  0.08383 -2.12286e-04 |132  0.02322  4.15499e-04
133  0.01208  2.57230e-04 |134 -0.03449  5.29142e-06 |135 -0.01926  5.19905e-05
136 -0.00398 -1.92686e-04 |137 -0.00000  2.37257e-08 |138 -0.64788 -2.02216e-05
139 -0.99549 -9.60447e-06 |140  0.03013 -2.17158e-05 |141 -0.58666  1.19629e-05
142  0.03513 -1.51726e-05 |143 -0.40470  1.00197e-04 |144  0.81919  1.58281e-05
145 -0.10975  1.81087e-05 |146  0.20258 -4.37300e-05 |147 -0.23870 -6.74719e-06
148  0.16615  2.88533e-04 |149 -0.58116 -3.07331e-05 |150 -0.00686  1.86899e-04
151 -0.42469 -9.49485e-04 |152  0.82188 -4.60873e-05 |153  0.12226 -1.07790e-05
154 -0.04072 -3.59349e-05 |155 -0.12056 -6.78832e-05 |156  0.00676  1.26341e-06
157 -0.00447 -3.05046e-06 |158  0.14460 -8.05846e-05 |159 -0.03774 -1.05360e-04
160 -0.58520  1.95577e-05 |161 -0.51009  3.05104e-06 |162 -0.20941 -3.90230e-05
163 -0.21208 -2.91145e-04 |164  0.80058 -6.33372e-04 |165  0.19395  9.78864e-06
166  0.08274  6.30830e-06 |167 -0.25948  4.59283e-07 |168 -0.39588  1.89124e-06
169 -0.20294 -6.40642e-06 |170 -0.03761 -1.32379e-05 |171 -0.28071  1.99255e-05
172  0.81664 -4.68467e-05 |173  0.08884 -3.21148e-06 |174 -0.52688 -2.44472e-06
175  0.07867  2.34932e-06 |176 -0.40559  7.46632e-06 |177 -0.14493  1.25342e-05
178  0.06414  8.25387e-05 |179 -0.17495  2.69903e-04 |180 -0.15638  2.11441e-04
181 -0.99999  1.08448e-06 |182 -0.13847  1.11251e-04 |183  0.22447 -1.68127e-06
184  0.01183 -2.14187e-05 |185 -0.36335  4.82103e-05 |186 -0.44347 -2.33501e-05
187 -0.04128 -7.07081e-06 |188 -0.30006  4.09459e-05 |189  0.80940  3.25539e-04
Warning: the following parameters had issues
  Q_parm[5] is within 0.1% of lower bound: -1.00000e+01 < -9.99985e+00 < 2.00000e+00
  selparm[63] is within 0.1% of lower bound: -2.00000e+00 < -2.00000e+00 < 2.00000e+01


 - final statistics:
202 variables; iteration 0; function evaluation 0
Function value 7.0415e+03; maximum gradient component mag -9.4948e-04
Exit code = 0;  converg criter 1.0000e-03
Var    Value     Gradient |Var    Value     Gradient |Var    Value     Gradient
  1 -0.38645  4.74714e-05 |  2  0.35671 -2.17130e-05 |  3 -0.14915 -2.13505e-05
  4  0.03025  6.64996e-05 |  5 -0.67961 -1.11130e-05 |  6 -0.62118 -3.84232e-06
  7 -0.42246  3.72418e-05 |  8  0.35648 -2.77187e-05 |  9 -0.19909 -1.77977e-05
 10  0.08102  6.36136e-05 | 11 -0.60983 -2.23854e-04 | 12 -0.63690  1.86641e-05
 13  0.82235 -7.92004e-05 | 14 -0.00288 -7.35947e-05 | 15 -0.00290 -6.51669e-05
 16 -0.00291 -5.69814e-05 | 17 -0.00291 -4.87073e-05 | 18 -0.00290 -4.02670e-05
 19 -0.00289 -3.13692e-05 | 20 -0.00286 -2.17617e-05 | 21 -0.00281 -1.12063e-05
 22 -0.00276  5.12653e-07 | 23 -0.00269  1.33193e-05 | 24 -0.00262  2.68102e-05
 25 -0.00252  4.00964e-05 | 26 -0.00242  5.20873e-05 | 27 -0.00230  6.10388e-05
 28 -0.00216  6.51414e-05 | 29 -0.00201  6.29366e-05 | 30 -0.00185  5.40670e-05
 31 -0.00167  3.99745e-05 | 32 -0.00147  2.44889e-05 | 33 -0.00126  1.34549e-05
 34 -0.00104  1.28647e-05 | 35 -0.00080  2.61141e-05 | 36 -0.00056  5.16376e-05
 37 -0.00031  8.23777e-05 | 38 -0.00007  1.09489e-04 | 39  0.00016  1.27187e-04
 40  0.00037  1.34740e-04 | 41  0.00054  1.36137e-04 | 42  0.00067  1.35410e-04
 43  0.00075  1.34588e-04 | 44  0.00076  1.33424e-04 | 45  0.00072  1.30676e-04
 46  0.00061  1.26155e-04 | 47  0.00044  1.21797e-04 | 48  0.00023  1.20463e-04
 49 -0.00001  1.22039e-04 | 50 -0.00026  1.19039e-04 | 51 -0.00050  1.00313e-04
 52 -0.00069  6.46758e-05 | 53 -0.00081  2.05562e-05 | 54 -0.00083 -2.45033e-05
 55 -0.00072 -6.69902e-05 | 56 -0.00044 -9.99827e-05 | 57  0.00003 -9.42602e-05
 58  0.00073 -8.02825e-05 | 59  0.00168 -1.82124e-04 | 60  0.00290 -8.26330e-05
 61  0.00440 -4.38295e-04 | 62  0.00620 -3.93013e-05 | 63  0.00827 -4.45517e-04
 64  0.01058 -2.24728e-04 | 65  0.01307  4.23654e-04 | 66  0.01562  2.27385e-04
 67  0.01810 -3.14318e-04 | 68  0.02033  3.41217e-04 | 69  0.02210 -3.21643e-05
 70  0.02324  2.15077e-04 | 71  0.02366 -1.68296e-04 | 72  0.02337 -2.37271e-04
 73  0.02245 -2.83649e-04 | 74  0.02102  1.88018e-04 | 75  0.01912 -9.36088e-05
 76  0.01673 -9.81650e-05 | 77  0.01375  2.44599e-04 | 78  0.01016  3.04496e-04
 79  0.00608  2.56928e-04 | 80  0.00185  2.06993e-04 | 81 -0.00207  9.93592e-05
 82 -0.00528 -1.56176e-04 | 83 -0.00766 -3.70514e-04 | 84 -0.00936  1.72975e-04
 85 -0.01072 -1.01210e-04 | 86 -0.01189 -1.34454e-04 | 87 -0.01245  3.22737e-04
 88 -0.01202 -3.70123e-04 | 89 -0.01095  2.92240e-04 | 90 -0.00816  4.50272e-04
 91 -0.00362 -3.73085e-04 | 92  0.00265 -4.11518e-04 | 93  0.00658 -5.76983e-04
 94  0.00963  6.93125e-04 | 95  0.01227 -3.51663e-04 | 96  0.00741  9.58540e-05
 97  0.00873  2.62648e-04 | 98  0.02683  5.43823e-04 | 99  0.01975 -2.74524e-04
100  0.00107 -3.50856e-04 |101  0.02071 -1.67026e-04 |102  0.08821  5.31719e-05
103  0.03547  2.07873e-04 |104 -0.00434  1.58437e-04 |105  0.00665 -5.31836e-04
106  0.01918  5.03898e-04 |107  0.03335 -1.60858e-04 |108  0.00056 -7.60846e-05
109 -0.06594  3.75038e-04 |110 -0.08303 -3.58261e-04 |111 -0.08146  2.25025e-04
112 -0.04676  5.52825e-05 |113  0.06572 -5.66895e-05 |114  0.01603  9.43487e-05
115  0.00979 -5.44733e-05 |116 -0.04032  1.08475e-04 |117 -0.08141  5.45829e-04
118 -0.03298 -5.95805e-04 |119 -0.02646  3.63721e-04 |120 -0.05236  2.01753e-04
121 -0.00089 -4.44285e-05 |122  0.03527 -1.62314e-04 |123 -0.00654  4.24890e-04
124  0.04176 -1.83917e-04 |125 -0.01936  7.11030e-05 |126  0.09928 -4.03621e-05
127 -0.01326 -2.89179e-05 |128 -0.05155 -2.22913e-04 |129 -0.06140 -2.96991e-04
130 -0.02791 -1.78411e-04 |131  0.08383 -2.12286e-04 |132  0.02322  4.15499e-04
133  0.01208  2.57230e-04 |134 -0.03449  5.29142e-06 |135 -0.01926  5.19905e-05
136 -0.00398 -1.92686e-04 |137 -0.00000  2.37257e-08 |138  0.00000  0.00000e+00
139  0.00000  0.00000e+00 |140  0.00000  0.00000e+00 |141  0.00000  0.00000e+00
142  0.00000  0.00000e+00 |143  0.00000  0.00000e+00 |144  0.00000  0.00000e+00
145  0.00000  0.00000e+00 |146  0.00000  0.00000e+00 |147  0.00000  0.00000e+00
148  0.00000  0.00000e+00 |149  0.00000  0.00000e+00 |150  0.00000  0.00000e+00
151 -0.64788 -2.02216e-05 |152 -0.99549 -9.60447e-06 |153  0.03013 -2.17159e-05
154 -0.58666  1.19629e-05 |155  0.03513 -1.51725e-05 |156 -0.40470  1.00197e-04
157  0.81919  1.58275e-05 |158 -0.10975  1.81087e-05 |159  0.20258 -4.37300e-05
160 -0.23870 -6.74719e-06 |161  0.16615  2.88533e-04 |162 -0.58116 -3.07331e-05
163 -0.00686  1.86899e-04 |164 -0.42469 -9.49485e-04 |165  0.82188 -4.60876e-05
166  0.12226 -1.07790e-05 |167 -0.04072 -3.59349e-05 |168 -0.12056 -6.78832e-05
169  0.00676  1.26341e-06 |170 -0.00447 -3.05046e-06 |171  0.14460 -8.05846e-05
172 -0.03774 -1.05360e-04 |173 -0.58520  1.95577e-05 |174 -0.51009  3.05104e-06
175 -0.20941 -3.90230e-05 |176 -0.21208 -2.91145e-04 |177  0.80058 -6.33372e-04
178  0.19395  9.78864e-06 |179  0.08274  6.30830e-06 |180 -0.25948  4.59284e-07
181 -0.39588  1.89124e-06 |182 -0.20294 -6.40642e-06 |183 -0.03761 -1.32379e-05
184 -0.28071  1.99255e-05 |185  0.81664 -4.68471e-05 |186  0.08884 -3.21148e-06
187 -0.52688 -2.44472e-06 |188  0.07867  2.34932e-06 |189 -0.40559  7.46632e-06
190 -0.14493  1.25342e-05 |191  0.06414  8.25387e-05 |192 -0.17495  2.69903e-04
193 -0.15638  2.11441e-04 |194 -0.99999  1.09016e-06 |195 -0.13847  1.11251e-04
196  0.22447 -1.68127e-06 |197  0.01183 -2.14187e-05 |198 -0.36335  4.82103e-05
199 -0.44347 -2.33501e-05 |200 -0.04128 -7.07081e-06 |201 -0.30006  4.09459e-05
202  0.80940  3.25538e-04 |
size of file gradfil1.tmp = 0
size of file gradfil2.tmp = 0
size of file varssave.tmp = 0
size of file cmpdiff.tmp = 1000000040
