
Initial statistics: 136 variables; iteration 0; function evaluation 0; phase 1
Function value 7.3782021e+03; maximum gradient component mag -2.3105e+02
Var    Value     Gradient |Var    Value     Gradient |Var    Value     Gradient
  1 -0.42250 -1.52299e+01 |  2 -0.08598 -2.31046e+02 |  3  0.00000  4.69652e+00
  4  0.00000  4.81818e+00 |  5  0.00000  4.94090e+00 |  6  0.00000  5.06444e+00
  7  0.00000  5.18864e+00 |  8  0.00000  5.31306e+00 |  9  0.00000  5.43732e+00
 10  0.00000  5.56107e+00 | 11  0.00000  5.68390e+00 | 12  0.00000  5.80543e+00
 13  0.00000  5.92526e+00 | 14  0.00000  6.04298e+00 | 15  0.00000  6.15813e+00
 16  0.00000  6.27020e+00 | 17  0.00000  6.37855e+00 | 18  0.00000  6.48248e+00
 19  0.00000  6.58134e+00 | 20  0.00000  6.67451e+00 | 21  0.00000  6.76156e+00
 22  0.00000  6.84192e+00 | 23  0.00000  6.91493e+00 | 24  0.00000  6.97982e+00
 25  0.00000  7.03560e+00 | 26  0.00000  7.08112e+00 | 27  0.00000  7.11512e+00
 28  0.00000  7.13639e+00 | 29  0.00000  7.14376e+00 | 30  0.00000  7.13565e+00
 31  0.00000  7.11237e+00 | 32  0.00000  7.07307e+00 | 33  0.00000  7.01740e+00
 34  0.00000  6.94533e+00 | 35  0.00000  6.85689e+00 | 36  0.00000  6.75231e+00
 37  0.00000  6.63225e+00 | 38  0.00000  6.49725e+00 | 39  0.00000  6.34801e+00
 40  0.00000  6.18509e+00 | 41  0.00000  6.00850e+00 | 42  0.00000  5.81728e+00
 43  0.00000  5.60965e+00 | 44  0.00000  5.38186e+00 | 45  0.00000  5.12812e+00
 46  0.00000  4.84140e+00 | 47  0.00000  4.51363e+00 | 48  0.00000  4.13540e+00
 49  0.00000  3.69733e+00 | 50  0.00000  3.18936e+00 | 51  0.00000  2.60163e+00
 52  0.00000  1.92413e+00 | 53  0.00000  1.14806e+00 | 54  0.00000  2.66109e-01
 55  0.00000 -7.26721e-01 | 56  0.00000 -1.83323e+00 | 57  0.00000 -3.05287e+00
 58  0.00000 -4.38029e+00 | 59  0.00000 -5.80590e+00 | 60  0.00000 -7.31359e+00
 61  0.00000 -8.88166e+00 | 62  0.00000 -1.04806e+01 | 63  0.00000 -1.20754e+01
 64  0.00000 -1.36265e+01 | 65  0.00000 -1.50909e+01 | 66  0.00000 -1.64268e+01
 67  0.00000 -1.76017e+01 | 68  0.00000 -1.85954e+01 | 69  0.00000 -1.94010e+01
 70  0.00000 -2.00240e+01 | 71  0.00000 -2.04685e+01 | 72  0.00000 -2.07287e+01
 73  0.00000 -2.07812e+01 | 74  0.00000 -2.05902e+01 | 75  0.00000 -2.01292e+01
 76  0.00000 -1.94074e+01 | 77  0.00000 -1.84958e+01 | 78  0.00000 -1.75193e+01
 79  0.00000 -1.66249e+01 | 80  0.00000 -1.59065e+01 | 81  0.00000 -1.53820e+01
 82  0.00000 -1.50090e+01 | 83  0.00000 -1.48026e+01 | 84  0.00000 -1.49239e+01
 85  0.00000 -1.54424e+01 | 86  0.00000 -1.61244e+01 | 87  0.00000 -1.74480e+01
 88  0.00000 -1.93166e+01 | 89  0.00000 -2.18430e+01 | 90  0.00000 -2.40124e+01
 91  0.00000 -2.62891e+01 | 92  0.00000 -2.89164e+01 | 93  0.00000 -3.07880e+01
 94  0.00000 -3.58016e+01 | 95  0.00000 -4.60830e+01 | 96  0.00000 -5.25490e+01
 97  0.00000 -5.33612e+01 | 98  0.00000 -6.66632e+01 | 99  0.00000 -8.40034e+01
100  0.00000 -6.76349e+01 |101  0.00000 -3.76478e+01 |102  0.00000 -2.84349e+01
103  0.00000 -2.10017e+01 |104  0.00000 -6.48425e+00 |105  0.00000  3.63152e+01
106  0.00000  1.07850e+02 |107  0.00000  1.40869e+02 |108  0.00000  1.32796e+02
109  0.00000  7.04767e+01 |110  0.00000 -7.36838e+00 |111  0.00000  2.70464e+00
112  0.00000  2.54415e+01 |113  0.00000  5.24013e+01 |114  0.00000  7.26097e+01
115  0.00000  4.00969e+01 |116  0.00000  2.41069e+01 |117  0.00000  1.91200e+01
118  0.00000 -1.92130e+01 |119  0.00000 -4.49057e+01 |120  0.00000 -3.15868e+01
121  0.00000 -5.05239e+01 |122  0.00000 -2.05631e+01 |123  0.00000 -9.02464e+01
124  0.00000  3.29158e+00 |125  0.00000  2.57165e+01 |126  0.00000  2.82266e+01
127  0.00000  9.40212e+00 |128  0.00000 -3.70462e+01 |129  0.00000 -1.37653e+01
130  0.00000 -3.70579e+00 |131  0.00000  1.09028e+01 |132  0.00000  5.17285e+00
133  0.00000  1.45434e+00 |134  0.00000  1.12082e-01 |135  0.26793 -3.65781e+01
136  0.17955 -5.74272e+01 |

Intermediate statistics: 136 variables; iteration 20; function evaluation 27; phase 1
Function value 7.3406438e+03; maximum gradient component mag -1.2626e+02
Var    Value     Gradient |Var    Value     Gradient |Var    Value     Gradient
  1 -0.42599 -5.51761e+01 |  2 -0.10209 -1.26263e+02 |  3 -0.00950  5.61634e-01
  4 -0.00965  5.92692e-01 |  5 -0.00978  6.25861e-01 |  6 -0.00991  6.61271e-01
  7 -0.01002  6.99095e-01 |  8 -0.01013  7.39445e-01 |  9 -0.01021  7.82445e-01
 10 -0.01028  8.28233e-01 | 11 -0.01033  8.76942e-01 | 12 -0.01036  9.28713e-01
 13 -0.01037  9.83690e-01 | 14 -0.01036  1.04202e+00 | 15 -0.01032  1.10386e+00
 16 -0.01025  1.16935e+00 | 17 -0.01016  1.23862e+00 | 18 -0.01003  1.31175e+00
 19 -0.00987  1.38880e+00 | 20 -0.00968  1.46978e+00 | 21 -0.00944  1.55478e+00
 22 -0.00918  1.64392e+00 | 23 -0.00887  1.73730e+00 | 24 -0.00852  1.83504e+00
 25 -0.00813  1.93719e+00 | 26 -0.00769  2.04370e+00 | 27 -0.00720  2.15437e+00
 28 -0.00666  2.26890e+00 | 29 -0.00607  2.38675e+00 | 30 -0.00543  2.50700e+00
 31 -0.00474  2.62923e+00 | 32 -0.00401  2.75216e+00 | 33 -0.00324  2.87433e+00
 34 -0.00245  2.99374e+00 | 35 -0.00164  3.10772e+00 | 36 -0.00083  3.21288e+00
 37 -0.00004  3.30531e+00 | 38  0.00070  3.38042e+00 | 39  0.00137  3.43325e+00
 40  0.00194  3.45855e+00 | 41  0.00239  3.45079e+00 | 42  0.00268  3.40430e+00
 43  0.00280  3.31408e+00 | 44  0.00274  3.17580e+00 | 45  0.00249  2.98613e+00
 46  0.00207  2.74316e+00 | 47  0.00148  2.44610e+00 | 48  0.00077  2.09486e+00
 49 -0.00005  1.69131e+00 | 50 -0.00093  1.23913e+00 | 51 -0.00182  7.44992e-01
 52 -0.00265  2.19149e-01 | 53 -0.00333 -3.22963e-01 | 54 -0.00376 -8.59789e-01
 55 -0.00377 -1.36265e+00 | 56 -0.00321 -1.79727e+00 | 57 -0.00185 -2.12399e+00
 58  0.00052 -2.30430e+00 | 59  0.00410 -2.31196e+00 | 60  0.00897 -2.14984e+00
 61  0.01501 -1.87187e+00 | 62  0.02167 -1.60094e+00 | 63  0.02794 -1.52363e+00
 64  0.03237 -1.84245e+00 | 65  0.03349 -2.68604e+00 | 66  0.03077 -4.01611e+00
 67  0.02522 -5.60078e+00 | 68  0.01908 -7.08762e+00 | 69  0.01447 -8.17348e+00
 70  0.01221 -8.75910e+00 | 71  0.01216 -8.88653e+00 | 72  0.01405 -8.60448e+00
 73  0.01804 -7.88007e+00 | 74  0.02400 -6.70619e+00 | 75  0.03008 -5.32474e+00
 76  0.03288 -4.23383e+00 | 77  0.03023 -3.87330e+00 | 78  0.02331 -4.30170e+00
 79  0.01508 -5.23255e+00 | 80  0.00771 -6.32464e+00 | 81  0.00209 -7.33572e+00
 82 -0.00117 -8.03269e+00 | 83 -0.00163 -8.28918e+00 | 84 -0.00022 -8.39139e+00
 85  0.00238 -8.51081e+00 | 86  0.00884 -7.95757e+00 | 87  0.01393 -8.13955e+00
 88  0.01686 -9.05362e+00 | 89  0.00885 -1.18853e+01 | 90  0.01292 -1.23259e+01
 91  0.01237 -1.31124e+01 | 92  0.00252 -1.48724e+01 | 93 -0.00544 -1.49159e+01
 94  0.00881 -1.39136e+01 | 95 -0.00277 -1.94354e+01 | 96  0.04978 -1.39983e+01
 97 -0.04293 -2.10493e+01 | 98 -0.02979 -2.09468e+01 | 99  0.12003 -2.21209e+01
100 -0.00205 -1.84822e+01 |101 -0.05928 -2.03604e+01 |102  0.00910 -8.59218e+00
103  0.01783 -4.18459e+00 |104  0.02745  2.60444e+00 |105 -0.00216  1.59794e+01
106 -0.02822  4.44937e+01 |107 -0.03367  5.84613e+01 |108 -0.03311  5.38875e+01
109 -0.03000  2.13852e+01 |110  0.05936  5.09999e+00 |111 -0.00288 -9.10962e+00
112  0.01543  5.44011e+00 |113 -0.02912  5.70202e+00 |114 -0.05172  1.33646e+01
115 -0.00154  1.35363e+01 |116  0.01306  1.37628e+01 |117 -0.02337  6.35695e+00
118  0.01818 -8.62684e-01 |119  0.07374 -4.59556e+00 |120 -0.02879 -1.39425e+01
121  0.08425 -5.18453e+00 |122 -0.01818 -9.66421e+00 |123  0.12422 -6.69236e+00
124 -0.00775 -5.26278e-01 |125 -0.04175  2.64127e+00 |126 -0.04893  3.42120e+00
127 -0.02114  7.22415e-01 |128  0.08700 -2.80059e+00 |129  0.02925 -7.54988e-01
130  0.01710  5.36075e-01 |131 -0.02734  5.50812e-01 |132 -0.02358 -1.65440e+00
133 -0.00928 -8.63605e-01 |134 -0.00057 -4.09349e-02 |135  0.28631 -1.55665e+01
136  0.19479 -3.02487e+01 |
136 variables; iteration 40; function evaluation 56; phase 1
Function value 7.3340698e+03; maximum gradient component mag -1.3554e+01
Var    Value     Gradient |Var    Value     Gradient |Var    Value     Gradient
  1 -0.42372 -1.35542e+01 |  2 -0.08768  8.14267e+00 |  3 -0.01033  3.79973e-02
  4 -0.01055  4.21087e-02 |  5 -0.01076  4.67863e-02 |  6 -0.01096  5.20673e-02
  7 -0.01116  5.79940e-02 |  8 -0.01135  6.45885e-02 |  9 -0.01153  7.18703e-02
 10 -0.01169  7.98551e-02 | 11 -0.01185  8.85517e-02 | 12 -0.01199  9.79636e-02
 13 -0.01212  1.08090e-01 | 14 -0.01223  1.18927e-01 | 15 -0.01233  1.30467e-01
 16 -0.01240  1.42699e-01 | 17 -0.01246  1.55607e-01 | 18 -0.01249  1.69171e-01
 19 -0.01250  1.83367e-01 | 20 -0.01249  1.98179e-01 | 21 -0.01245  2.13621e-01
 22 -0.01238  2.29720e-01 | 23 -0.01228  2.46527e-01 | 24 -0.01215  2.64109e-01
 25 -0.01199  2.82548e-01 | 26 -0.01179  3.01928e-01 | 27 -0.01155  3.22326e-01
 28 -0.01127  3.43806e-01 | 29 -0.01095  3.66392e-01 | 30 -0.01058  3.89993e-01
 31 -0.01018  4.14597e-01 | 32 -0.00973  4.39944e-01 | 33 -0.00924  4.65663e-01
 34 -0.00873  4.91207e-01 | 35 -0.00819  5.15833e-01 | 36 -0.00764  5.38649e-01
 37 -0.00709  5.58702e-01 | 38 -0.00655  5.75014e-01 | 39 -0.00604  5.86675e-01
 40 -0.00557  5.92867e-01 | 41 -0.00515  5.92847e-01 | 42 -0.00480  5.85944e-01
 43 -0.00452  5.71690e-01 | 44 -0.00431  5.49764e-01 | 45 -0.00416  5.20019e-01
 46 -0.00405  4.82579e-01 | 47 -0.00397  4.37834e-01 | 48 -0.00388  3.86449e-01
 49 -0.00376  3.29631e-01 | 50 -0.00357  2.69039e-01 | 51 -0.00328  2.06804e-01
 52 -0.00283  1.45141e-01 | 53 -0.00220  8.58286e-02 | 54 -0.00134  2.92285e-02
 55 -0.00023 -2.65079e-02 | 56  0.00114 -8.48368e-02 | 57  0.00278 -1.47100e-01
 58  0.00475 -2.05582e-01 | 59  0.00714 -2.40710e-01 | 60  0.01000 -2.39195e-01
 61  0.01315 -2.38576e-01 | 62  0.01609 -3.29277e-01 | 63  0.01876 -4.95858e-01
 64  0.02225 -4.82912e-01 | 65  0.02675 -2.32492e-01 | 66  0.02924 -2.90326e-01
 67  0.02888 -7.48894e-01 | 68  0.02930 -9.08899e-01 | 69  0.03158 -5.87425e-01
 70  0.03332 -2.33993e-01 | 71  0.03268 -1.95378e-01 | 72  0.02996 -4.33938e-01
 73  0.02692 -6.30953e-01 | 74  0.02560 -3.69874e-01 | 75  0.02514  2.15830e-01
 76  0.02149  2.96787e-01 | 77  0.01619  5.45589e-02 | 78  0.01250  6.56851e-02
 79  0.00996  1.52420e-01 | 80  0.00810  1.79053e-01 | 81  0.00680  1.60392e-01
 82  0.00576  1.14096e-01 | 83  0.00486  4.24759e-02 | 84  0.00455 -6.38996e-02
 85  0.00496 -2.03084e-01 | 86  0.00476 -4.13321e-01 | 87  0.00626 -5.87829e-01
 88  0.00991 -5.09831e-01 | 89  0.01073 -1.38746e+00 | 90  0.01289 -1.11480e+00
 91  0.01308 -9.49846e-01 | 92  0.00863 -1.66313e+00 | 93  0.00127 -1.52624e+00
 94  0.00496 -8.77341e-01 | 95  0.02176 -1.59498e+00 | 96  0.02062 -1.28972e+00
 97 -0.00110 -1.93883e-01 | 98  0.01366 -7.59929e-01 | 99  0.08864  7.22400e-01
100  0.02392 -1.00267e+00 |101 -0.01381  2.28202e-01 |102  0.00642  8.74305e-01
103  0.02056  3.40075e-01 |104  0.03662 -7.79573e-01 |105  0.00224  2.59097e-01
106 -0.05780  3.34314e+00 |107 -0.07560  3.40967e+00 |108 -0.07364  3.43403e+00
109 -0.03230  2.57378e+00 |110  0.06951  9.49944e-01 |111  0.02571  2.00149e-01
112  0.01070 -2.62013e+00 |113 -0.02499  7.26888e-02 |114 -0.07159 -2.86154e+00
115 -0.00607 -1.78990e+00 |116  0.00025 -2.99294e+00 |117 -0.02583 -2.33680e-01
118  0.02968  2.57480e-01 |119  0.07264  2.51652e-01 |120  0.01132  8.65413e-01
121  0.08525  2.36111e+00 |122  0.00401 -1.96153e-01 |123  0.13397  1.35912e+00
124 -0.00626 -5.22791e-01 |125 -0.04547  4.17180e-01 |126 -0.05551  4.92410e-01
127 -0.02164  9.66013e-02 |128  0.09025 -1.89621e+00 |129  0.03118 -3.20511e-01
130  0.01744  3.17018e-01 |131 -0.02778  1.82163e-01 |132 -0.01865 -3.09275e-01
133 -0.00594 -5.07145e-02 |134 -0.00040 -6.82346e-04 |135  0.27122  4.30485e+00
136  0.18223  3.14947e+00 |

 - final statistics:
136 variables; iteration 45; function evaluation 64
Function value 7.3340e+03; maximum gradient component mag -7.5484e+00
Exit code = 1;  converg criter 1.0000e+01
Var    Value     Gradient |Var    Value     Gradient |Var    Value     Gradient
  1 -0.42355 -7.54835e+00 |  2 -0.08650  3.04541e+00 |  3 -0.01018  3.88110e-02
  4 -0.01039  4.47137e-02 |  5 -0.01058  5.11304e-02 |  6 -0.01078  5.80431e-02
  7 -0.01096  6.54356e-02 |  8 -0.01114  7.32556e-02 |  9 -0.01131  8.14430e-02
 10 -0.01147  8.99290e-02 | 11 -0.01163  9.86324e-02 | 12 -0.01177  1.07464e-01
 13 -0.01189  1.16327e-01 | 14 -0.01201  1.25123e-01 | 15 -0.01211  1.33749e-01
 16 -0.01219  1.42104e-01 | 17 -0.01226  1.50086e-01 | 18 -0.01231  1.57590e-01
 19 -0.01233  1.64511e-01 | 20 -0.01234  1.70754e-01 | 21 -0.01233  1.76253e-01
 22 -0.01229  1.80963e-01 | 23 -0.01223  1.84877e-01 | 24 -0.01215  1.88033e-01
 25 -0.01203  1.90526e-01 | 26 -0.01189  1.92509e-01 | 27 -0.01171  1.94195e-01
 28 -0.01149  1.95849e-01 | 29 -0.01124  1.97764e-01 | 30 -0.01094  2.00213e-01
 31 -0.01060  2.03511e-01 | 32 -0.01022  2.07832e-01 | 33 -0.00980  2.13251e-01
 34 -0.00934  2.19655e-01 | 35 -0.00886  2.26709e-01 | 36 -0.00836  2.33850e-01
 37 -0.00786  2.40356e-01 | 38 -0.00736  2.45434e-01 | 39 -0.00688  2.48348e-01
 40 -0.00643  2.48517e-01 | 41 -0.00603  2.45546e-01 | 42 -0.00568  2.39213e-01
 43 -0.00539  2.29478e-01 | 44 -0.00516  2.16441e-01 | 45 -0.00498  2.00364e-01
 46 -0.00482  1.81703e-01 | 47 -0.00467  1.61115e-01 | 48 -0.00451  1.39454e-01
 49 -0.00429  1.17874e-01 | 50 -0.00399  9.78009e-02 | 51 -0.00356  8.08703e-02
 52 -0.00298  6.85524e-02 | 53 -0.00220  6.13698e-02 | 54 -0.00119  5.75532e-02
 55  0.00005  5.17881e-02 | 56  0.00153  3.63729e-02 | 57  0.00324  7.91576e-03
 58  0.00527 -1.99175e-02 | 59  0.00776 -1.37133e-02 | 60  0.01077  3.86105e-02
 61  0.01392  5.57776e-02 | 62  0.01661 -7.32309e-02 | 63  0.01938 -2.06106e-01
 64  0.02341 -7.19600e-02 | 65  0.02681 -2.57430e-02 | 66  0.02813 -2.94752e-01
 67  0.03084 -1.74913e-01 | 68  0.03368  1.01741e-01 | 69  0.03312 -9.95238e-02
 70  0.03137 -3.86116e-01 | 71  0.03112 -2.93019e-01 | 72  0.03129 -1.60052e-02
 73  0.02933 -2.16634e-02 | 74  0.02538 -2.80963e-01 | 75  0.02321 -5.45774e-02
 76  0.02068  2.27522e-01 | 77  0.01523 -6.80724e-02 | 78  0.01132 -1.22091e-01
 79  0.00902  1.29711e-02 | 80  0.00738  9.19350e-02 | 81  0.00628  1.30082e-01
 82  0.00545  1.53516e-01 | 83  0.00474  1.58735e-01 | 84  0.00459  1.30085e-01
 85  0.00505  5.69874e-02 | 86  0.00474 -1.14759e-01 | 87  0.00624 -2.10019e-01
 88  0.00994 -2.33906e-02 | 89  0.01146 -6.48207e-01 | 90  0.01342 -3.21453e-01
 91  0.01350 -9.42787e-02 | 92  0.01006 -5.49810e-01 | 93  0.00216 -5.68135e-01
 94  0.00493 -1.66028e-01 | 95  0.02264 -6.84985e-01 | 96  0.02185 -5.39979e-01
 97 -0.00293 -6.00442e-01 | 98  0.01470 -7.22850e-01 | 99  0.08717 -2.51460e-01
100  0.02630 -1.10883e+00 |101 -0.01551 -8.23057e-01 |102  0.00624  1.72710e-01
103  0.02056 -2.56490e-02 |104  0.03897 -5.24383e-01 |105  0.00174 -6.07460e-01
106 -0.05898  1.76836e+00 |107 -0.07667  1.66482e+00 |108 -0.07614  1.15461e+00
109 -0.03289  1.49539e+00 |110  0.07118  9.93755e-01 |111  0.02401 -5.45568e-01
112  0.01273 -1.70090e+00 |113 -0.02626 -2.35134e-01 |114 -0.06640 -5.39390e-01
115 -0.00834 -1.83005e+00 |116  0.00416 -1.21689e+00 |117 -0.02780 -5.26178e-01
118  0.03016  5.79134e-01 |119  0.07381  4.32062e-01 |120  0.00956 -9.81444e-02
121  0.08403  1.03535e+00 |122  0.00563  2.18866e-01 |123  0.13371  9.77461e-01
124 -0.00426  3.62085e-01 |125 -0.04744 -4.40505e-01 |126 -0.05584  2.85790e-01
127 -0.02246 -1.71913e-01 |128  0.09301 -6.54152e-01 |129  0.03156 -1.29366e-01
130  0.01642 -1.49929e-01 |131 -0.02764  2.01957e-01 |132 -0.01773 -4.70542e-02
133 -0.00648 -1.98905e-01 |134 -0.00040 -2.50214e-03 |135  0.26868  1.25178e+00
136  0.18019  6.19987e-01 |

Initial statistics: 146 variables; iteration 0; function evaluation 0; phase 2
Function value 7.3340106e+03; maximum gradient component mag -1.9438e+01
Var    Value     Gradient |Var    Value     Gradient |Var    Value     Gradient
  1 -0.42355 -7.54835e+00 |  2  0.37053  2.26292e+00 |  3 -0.12669 -7.64774e+00
  4 -0.01167  1.89231e+00 |  5 -0.70627  3.32167e-02 |  6 -0.60527 -1.94378e+01
  7  0.37555  3.05789e+00 |  8 -0.18500  1.48388e+01 |  9  0.03518  7.26635e+00
 10 -0.60813  2.13913e-02 | 11 -0.62427 -1.84057e+01 | 12 -0.08650  3.04541e+00
 13 -0.01018  3.88110e-02 | 14 -0.01039  4.47137e-02 | 15 -0.01058  5.11304e-02
 16 -0.01078  5.80431e-02 | 17 -0.01096  6.54356e-02 | 18 -0.01114  7.32556e-02
 19 -0.01131  8.14430e-02 | 20 -0.01147  8.99290e-02 | 21 -0.01163  9.86324e-02
 22 -0.01177  1.07464e-01 | 23 -0.01189  1.16327e-01 | 24 -0.01201  1.25123e-01
 25 -0.01211  1.33749e-01 | 26 -0.01219  1.42104e-01 | 27 -0.01226  1.50086e-01
 28 -0.01231  1.57590e-01 | 29 -0.01233  1.64511e-01 | 30 -0.01234  1.70754e-01
 31 -0.01233  1.76253e-01 | 32 -0.01229  1.80963e-01 | 33 -0.01223  1.84877e-01
 34 -0.01215  1.88033e-01 | 35 -0.01203  1.90526e-01 | 36 -0.01189  1.92509e-01
 37 -0.01171  1.94195e-01 | 38 -0.01149  1.95849e-01 | 39 -0.01124  1.97764e-01
 40 -0.01094  2.00213e-01 | 41 -0.01060  2.03511e-01 | 42 -0.01022  2.07832e-01
 43 -0.00980  2.13251e-01 | 44 -0.00934  2.19655e-01 | 45 -0.00886  2.26709e-01
 46 -0.00836  2.33850e-01 | 47 -0.00786  2.40356e-01 | 48 -0.00736  2.45434e-01
 49 -0.00688  2.48348e-01 | 50 -0.00643  2.48517e-01 | 51 -0.00603  2.45546e-01
 52 -0.00568  2.39213e-01 | 53 -0.00539  2.29478e-01 | 54 -0.00516  2.16441e-01
 55 -0.00498  2.00364e-01 | 56 -0.00482  1.81703e-01 | 57 -0.00467  1.61115e-01
 58 -0.00451  1.39454e-01 | 59 -0.00429  1.17874e-01 | 60 -0.00399  9.78009e-02
 61 -0.00356  8.08703e-02 | 62 -0.00298  6.85524e-02 | 63 -0.00220  6.13698e-02
 64 -0.00119  5.75532e-02 | 65  0.00005  5.17881e-02 | 66  0.00153  3.63729e-02
 67  0.00324  7.91576e-03 | 68  0.00527 -1.99175e-02 | 69  0.00776 -1.37133e-02
 70  0.01077  3.86105e-02 | 71  0.01392  5.57776e-02 | 72  0.01661 -7.32309e-02
 73  0.01938 -2.06106e-01 | 74  0.02341 -7.19600e-02 | 75  0.02681 -2.57430e-02
 76  0.02813 -2.94752e-01 | 77  0.03084 -1.74913e-01 | 78  0.03368  1.01741e-01
 79  0.03312 -9.95238e-02 | 80  0.03137 -3.86116e-01 | 81  0.03112 -2.93019e-01
 82  0.03129 -1.60052e-02 | 83  0.02933 -2.16634e-02 | 84  0.02538 -2.80963e-01
 85  0.02321 -5.45774e-02 | 86  0.02068  2.27522e-01 | 87  0.01523 -6.80724e-02
 88  0.01132 -1.22091e-01 | 89  0.00902  1.29711e-02 | 90  0.00738  9.19350e-02
 91  0.00628  1.30082e-01 | 92  0.00545  1.53516e-01 | 93  0.00474  1.58735e-01
 94  0.00459  1.30085e-01 | 95  0.00505  5.69874e-02 | 96  0.00474 -1.14759e-01
 97  0.00624 -2.10019e-01 | 98  0.00994 -2.33906e-02 | 99  0.01146 -6.48207e-01
100  0.01342 -3.21453e-01 |101  0.01350 -9.42787e-02 |102  0.01006 -5.49810e-01
103  0.00216 -5.68135e-01 |104  0.00493 -1.66028e-01 |105  0.02264 -6.84985e-01
106  0.02185 -5.39979e-01 |107 -0.00293 -6.00442e-01 |108  0.01470 -7.22850e-01
109  0.08717 -2.51460e-01 |110  0.02630 -1.10883e+00 |111 -0.01551 -8.23057e-01
112  0.00624  1.72710e-01 |113  0.02056 -2.56490e-02 |114  0.03897 -5.24383e-01
115  0.00174 -6.07460e-01 |116 -0.05898  1.76836e+00 |117 -0.07667  1.66482e+00
118 -0.07614  1.15461e+00 |119 -0.03289  1.49539e+00 |120  0.07118  9.93755e-01
121  0.02401 -5.45568e-01 |122  0.01273 -1.70090e+00 |123 -0.02626 -2.35134e-01
124 -0.06640 -5.39390e-01 |125 -0.00834 -1.83005e+00 |126  0.00416 -1.21689e+00
127 -0.02780 -5.26178e-01 |128  0.03016  5.79134e-01 |129  0.07381  4.32062e-01
130  0.00956 -9.81444e-02 |131  0.08403  1.03535e+00 |132  0.00563  2.18866e-01
133  0.13371  9.77461e-01 |134 -0.00426  3.62085e-01 |135 -0.04744 -4.40505e-01
136 -0.05584  2.85790e-01 |137 -0.02246 -1.71913e-01 |138  0.09301 -6.54152e-01
139  0.03156 -1.29366e-01 |140  0.01642 -1.49929e-01 |141 -0.02764  2.01957e-01
142 -0.01773 -4.70542e-02 |143 -0.00648 -1.98905e-01 |144 -0.00040 -2.50214e-03
145  0.26868  1.25178e+00 |146  0.18019  6.19987e-01 |

 - final statistics:
146 variables; iteration 2; function evaluation 3
Function value 7.3340e+03; maximum gradient component mag -5.5704e+00
Exit code = 1;  converg criter 1.0000e+01
Var    Value     Gradient |Var    Value     Gradient |Var    Value     Gradient
  1 -0.42336  2.95558e-01 |  2  0.37044 -5.57036e+00 |  3 -0.12653 -3.05796e+00
  4 -0.01180  1.08721e+00 |  5 -0.70628  1.56225e+00 |  6 -0.60475 -1.05111e+00
  7  0.37565  1.90642e+00 |  8 -0.18520  4.37930e+00 |  9  0.03512  4.30399e+00
 10 -0.60814  1.27569e+00 | 11 -0.62375 -9.69112e-01 | 12 -0.08659  2.06928e-01
 13 -0.01018  1.12141e-02 | 14 -0.01039  1.63282e-02 | 15 -0.01059  2.19339e-02
 16 -0.01078  2.80128e-02 | 17 -0.01097  3.45482e-02 | 18 -0.01114  4.14882e-02
 19 -0.01132  4.87730e-02 | 20 -0.01148  5.63343e-02 | 21 -0.01163  6.40910e-02
 22 -0.01177  7.19539e-02 | 23 -0.01190  7.98271e-02 | 24 -0.01201  8.76108e-02
 25 -0.01211  9.52043e-02 | 26 -0.01219  1.02507e-01 | 27 -0.01226  1.09417e-01
 28 -0.01231  1.15831e-01 | 29 -0.01234  1.21647e-01 | 30 -0.01235  1.26768e-01
 31 -0.01234  1.31127e-01 | 32 -0.01230  1.34677e-01 | 33 -0.01224  1.37410e-01
 34 -0.01216  1.39364e-01 | 35 -0.01204  1.40630e-01 | 36 -0.01190  1.41362e-01
 37 -0.01172  1.41771e-01 | 38 -0.01150  1.42121e-01 | 39 -0.01124  1.42704e-01
 40 -0.01094  1.43793e-01 | 41 -0.01060  1.45693e-01 | 42 -0.01022  1.48577e-01
 43 -0.00980  1.52521e-01 | 44 -0.00935  1.57413e-01 | 45 -0.00887  1.62924e-01
 46 -0.00837  1.68502e-01 | 47 -0.00786  1.73437e-01 | 48 -0.00736  1.76948e-01
 49 -0.00689  1.78312e-01 | 50 -0.00644  1.76959e-01 | 51 -0.00604  1.72513e-01
 52 -0.00569  1.64769e-01 | 53 -0.00540  1.53696e-01 | 54 -0.00517  1.39401e-01
 55 -0.00498  1.22138e-01 | 56 -0.00483  1.02345e-01 | 57 -0.00468  8.06514e-02
 58 -0.00451  5.78906e-02 | 59 -0.00429  3.51785e-02 | 60 -0.00399  1.39051e-02
 61 -0.00357 -4.34149e-03 | 62 -0.00298 -1.81259e-02 | 63 -0.00220 -2.69606e-02
 64 -0.00119 -3.26306e-02 | 65  0.00005 -4.03980e-02 | 66  0.00153 -5.79709e-02
 67  0.00324 -8.87078e-02 | 68  0.00527 -1.19122e-01 | 69  0.00776 -1.16231e-01
 70  0.01077 -6.81006e-02 | 71  0.01392 -5.50412e-02 | 72  0.01662 -1.86701e-01
 73  0.01938 -3.22374e-01 | 74  0.02341 -1.94287e-01 | 75  0.02681 -1.52958e-01
 76  0.02814 -4.22616e-01 | 77  0.03085 -3.07500e-01 | 78  0.03368 -3.66743e-02
 79  0.03312 -2.36853e-01 | 80  0.03139 -5.20311e-01 | 81  0.03113 -4.27846e-01
 82  0.03129 -1.52749e-01 | 83  0.02933 -1.55664e-01 | 84  0.02539 -4.07824e-01
 85  0.02321 -1.78902e-01 | 86  0.02068  1.06266e-01 | 87  0.01524 -1.78618e-01
 88  0.01132 -2.24548e-01 | 89  0.00902 -8.36685e-02 | 90  0.00738  1.67788e-03
 91  0.00628  4.67751e-02 | 92  0.00544  7.77975e-02 | 93  0.00474  9.16479e-02
 94  0.00458  7.35224e-02 | 95  0.00505  1.38742e-02 | 96  0.00475 -1.41145e-01
 97  0.00625 -2.16899e-01 | 98  0.00994 -9.85688e-03 | 99  0.01148 -6.02759e-01
100  0.01343 -2.51150e-01 |101  0.01350  2.35541e-03 |102  0.01008 -4.22290e-01
103  0.00218 -4.26022e-01 |104  0.00493 -1.18535e-02 |105  0.02266 -4.86705e-01
106  0.02187 -3.25414e-01 |107 -0.00291 -4.28903e-01 |108  0.01472 -5.17105e-01
109  0.08717  1.41175e-01 |110  0.02634 -8.10252e-01 |111 -0.01549 -6.09905e-01
112  0.00623  4.16776e-01 |113  0.02056  2.29269e-01 |114  0.03899 -2.49287e-01
115  0.00176 -3.67721e-01 |116 -0.05905  1.84297e+00 |117 -0.07673  1.72751e+00
118 -0.07618  1.24159e+00 |119 -0.03294  1.56751e+00 |120  0.07114  1.28023e+00
121  0.02402 -2.28320e-01 |122  0.01279 -1.34763e+00 |123 -0.02625  4.66211e-02
124 -0.06638 -4.50807e-01 |125 -0.00828 -1.62832e+00 |126  0.00420 -1.04984e+00
127 -0.02778 -4.48195e-01 |128  0.03014  5.86955e-01 |129  0.07380  3.33376e-01
130  0.00957 -1.19691e-01 |131  0.08399  8.46622e-01 |132  0.00562  2.01369e-01
133  0.13368  8.66006e-01 |134 -0.00427  3.99690e-01 |135 -0.04743 -4.57211e-01
136 -0.05585  3.00712e-01 |137 -0.02245 -1.75805e-01 |138  0.09304 -6.70079e-01
139  0.03157 -9.49508e-02 |140  0.01643 -1.74911e-01 |141 -0.02765  1.99477e-01
142 -0.01772 -2.32691e-02 |143 -0.00648 -2.25737e-01 |144 -0.00040 -2.42845e-03
145  0.26864  4.90026e-01 |146  0.18017 -1.16905e-01 |

Initial statistics: 176 variables; iteration 0; function evaluation 0; phase 3
Function value 7.3339954e+03; maximum gradient component mag -5.7282e+00
Var    Value     Gradient |Var    Value     Gradient |Var    Value     Gradient
  1 -0.42336  2.95558e-01 |  2  0.37044 -5.57036e+00 |  3 -0.12653 -3.05796e+00
  4 -0.01180  1.08721e+00 |  5 -0.70628  1.56225e+00 |  6 -0.60475 -1.05111e+00
  7  0.37565  1.90642e+00 |  8 -0.18520  4.37930e+00 |  9  0.03512  4.30399e+00
 10 -0.60814  1.27569e+00 | 11 -0.62375 -9.69112e-01 | 12 -0.08659  2.06928e-01
 13 -0.01018  1.12141e-02 | 14 -0.01039  1.63282e-02 | 15 -0.01059  2.19339e-02
 16 -0.01078  2.80128e-02 | 17 -0.01097  3.45482e-02 | 18 -0.01114  4.14882e-02
 19 -0.01132  4.87730e-02 | 20 -0.01148  5.63343e-02 | 21 -0.01163  6.40910e-02
 22 -0.01177  7.19539e-02 | 23 -0.01190  7.98271e-02 | 24 -0.01201  8.76108e-02
 25 -0.01211  9.52043e-02 | 26 -0.01219  1.02507e-01 | 27 -0.01226  1.09417e-01
 28 -0.01231  1.15831e-01 | 29 -0.01234  1.21647e-01 | 30 -0.01235  1.26768e-01
 31 -0.01234  1.31127e-01 | 32 -0.01230  1.34677e-01 | 33 -0.01224  1.37410e-01
 34 -0.01216  1.39364e-01 | 35 -0.01204  1.40630e-01 | 36 -0.01190  1.41362e-01
 37 -0.01172  1.41771e-01 | 38 -0.01150  1.42121e-01 | 39 -0.01124  1.42704e-01
 40 -0.01094  1.43793e-01 | 41 -0.01060  1.45693e-01 | 42 -0.01022  1.48577e-01
 43 -0.00980  1.52521e-01 | 44 -0.00935  1.57413e-01 | 45 -0.00887  1.62924e-01
 46 -0.00837  1.68502e-01 | 47 -0.00786  1.73437e-01 | 48 -0.00736  1.76948e-01
 49 -0.00689  1.78312e-01 | 50 -0.00644  1.76959e-01 | 51 -0.00604  1.72513e-01
 52 -0.00569  1.64769e-01 | 53 -0.00540  1.53696e-01 | 54 -0.00517  1.39401e-01
 55 -0.00498  1.22138e-01 | 56 -0.00483  1.02345e-01 | 57 -0.00468  8.06514e-02
 58 -0.00451  5.78906e-02 | 59 -0.00429  3.51785e-02 | 60 -0.00399  1.39051e-02
 61 -0.00357 -4.34149e-03 | 62 -0.00298 -1.81259e-02 | 63 -0.00220 -2.69606e-02
 64 -0.00119 -3.26306e-02 | 65  0.00005 -4.03980e-02 | 66  0.00153 -5.79709e-02
 67  0.00324 -8.87078e-02 | 68  0.00527 -1.19122e-01 | 69  0.00776 -1.16231e-01
 70  0.01077 -6.81006e-02 | 71  0.01392 -5.50412e-02 | 72  0.01662 -1.86701e-01
 73  0.01938 -3.22374e-01 | 74  0.02341 -1.94287e-01 | 75  0.02681 -1.52958e-01
 76  0.02814 -4.22616e-01 | 77  0.03085 -3.07500e-01 | 78  0.03368 -3.66743e-02
 79  0.03312 -2.36853e-01 | 80  0.03139 -5.20311e-01 | 81  0.03113 -4.27846e-01
 82  0.03129 -1.52749e-01 | 83  0.02933 -1.55664e-01 | 84  0.02539 -4.07824e-01
 85  0.02321 -1.78902e-01 | 86  0.02068  1.06266e-01 | 87  0.01524 -1.78618e-01
 88  0.01132 -2.24548e-01 | 89  0.00902 -8.36685e-02 | 90  0.00738  1.67788e-03
 91  0.00628  4.67751e-02 | 92  0.00544  7.77975e-02 | 93  0.00474  9.16479e-02
 94  0.00458  7.35224e-02 | 95  0.00505  1.38742e-02 | 96  0.00475 -1.41145e-01
 97  0.00625 -2.16899e-01 | 98  0.00994 -9.85688e-03 | 99  0.01148 -6.02759e-01
100  0.01343 -2.51150e-01 |101  0.01350  2.35541e-03 |102  0.01008 -4.22290e-01
103  0.00218 -4.26022e-01 |104  0.00493 -1.18535e-02 |105  0.02266 -4.86705e-01
106  0.02187 -3.25414e-01 |107 -0.00291 -4.28903e-01 |108  0.01472 -5.17105e-01
109  0.08717  1.41175e-01 |110  0.02634 -8.10252e-01 |111 -0.01549 -6.09905e-01
112  0.00623  4.16776e-01 |113  0.02056  2.29269e-01 |114  0.03899 -2.49287e-01
115  0.00176 -3.67721e-01 |116 -0.05905  1.84297e+00 |117 -0.07673  1.72751e+00
118 -0.07618  1.24159e+00 |119 -0.03294  1.56751e+00 |120  0.07114  1.28023e+00
121  0.02402 -2.28320e-01 |122  0.01279 -1.34763e+00 |123 -0.02625  4.66211e-02
124 -0.06638 -4.50807e-01 |125 -0.00828 -1.62832e+00 |126  0.00420 -1.04984e+00
127 -0.02778 -4.48195e-01 |128  0.03014  5.86955e-01 |129  0.07380  3.33376e-01
130  0.00957 -1.19691e-01 |131  0.08399  8.46622e-01 |132  0.00562  2.01369e-01
133  0.13368  8.66006e-01 |134 -0.00427  3.99690e-01 |135 -0.04743 -4.57211e-01
136 -0.05585  3.00712e-01 |137 -0.02245 -1.75805e-01 |138  0.09304 -6.70079e-01
139  0.03157 -9.49508e-02 |140  0.01643 -1.74911e-01 |141 -0.02765  1.99477e-01
142 -0.01772 -2.32691e-02 |143 -0.00648 -2.25737e-01 |144 -0.00040 -2.42845e-03
145  0.26864  4.90026e-01 |146  0.18017 -1.16905e-01 |147  0.04585 -1.84177e+00
148  0.29666  7.09964e-01 |149 -0.47552 -5.24603e-02 |150  0.31347 -4.47539e-03
151  0.18110 -1.02247e+00 |152  0.25963  1.59750e+00 |153  0.17359 -9.91177e-01
154  0.25394  6.53885e-01 |155  0.10183 -5.17738e-01 |156  0.29651  7.79307e-01
157  0.16796 -7.68231e-01 |158  0.24605  9.52641e-01 |159 -0.35218  5.69314e-02
160  0.24271  1.47385e-01 |161  0.20168 -3.32076e-01 |162  0.31665  7.70127e-01
163 -0.38333  1.49813e-01 |164  0.23513 -1.29252e-01 |165  0.05028 -3.65679e-01
166  0.11913 -1.73950e+00 |167  0.32126  6.05623e-01 |168  0.27246  1.46707e+00
169  0.01272 -3.57933e-01 |170  0.39332 -1.59470e-01 |171  0.09898 -5.72820e+00
172  0.16318 -4.90605e+00 |173  0.21863  3.01874e+00 |174  0.25726  1.75901e+00
175 -0.55410  8.61481e-02 |176  0.17112 -1.46559e-01 |

Intermediate statistics: 176 variables; iteration 20; function evaluation 24; phase 3
Function value 7.3339705e+03; maximum gradient component mag -1.3776e+01
Var    Value     Gradient |Var    Value     Gradient |Var    Value     Gradient
  1 -0.42335  1.27669e+00 |  2  0.37074 -6.76260e+00 |  3 -0.12627 -3.84314e+00
  4 -0.01256 -2.24888e+00 |  5 -0.70857  6.34896e-01 |  6 -0.60428  4.72302e+00
  7  0.37598 -8.97586e+00 |  8 -0.18527 -1.37757e+01 |  9  0.03430 -8.29498e+00
 10 -0.60941  3.96310e-01 | 11 -0.62330  5.36241e+00 | 12 -0.08787  5.19998e-01
 13 -0.01016 -3.07901e-03 | 14 -0.01038 -2.53746e-03 | 15 -0.01059 -1.94166e-03
 16 -0.01080 -1.29476e-03 | 17 -0.01101 -5.99299e-04 | 18 -0.01121  1.37318e-04
 19 -0.01140  9.07023e-04 | 20 -0.01159  1.70105e-03 | 21 -0.01176  2.50934e-03
 22 -0.01192  3.32112e-03 | 23 -0.01207  4.12515e-03 | 24 -0.01221  4.91005e-03
 25 -0.01233  5.66448e-03 | 26 -0.01243  6.37708e-03 | 27 -0.01252  7.03614e-03
 28 -0.01259  7.62945e-03 | 29 -0.01263  8.14498e-03 | 30 -0.01265  8.57205e-03
 31 -0.01265  8.90440e-03 | 32 -0.01262  9.13818e-03 | 33 -0.01257  9.27422e-03
 34 -0.01249  9.31864e-03 | 35 -0.01237  9.28376e-03 | 36 -0.01223  9.18894e-03
 37 -0.01204  9.06041e-03 | 38 -0.01183  8.93146e-03 | 39 -0.01157  8.83945e-03
 40 -0.01127  8.82066e-03 | 41 -0.01093  8.91904e-03 | 42 -0.01056  9.16271e-03
 43 -0.01015  9.56906e-03 | 44 -0.00971  1.01335e-02 | 45 -0.00924  1.08236e-02
 46 -0.00876  1.15778e-02 | 47 -0.00827  1.23126e-02 | 48 -0.00778  1.29336e-02
 49 -0.00731  1.33516e-02 | 50 -0.00686  1.34964e-02 | 51 -0.00645  1.33209e-02
 52 -0.00608  1.27997e-02 | 53 -0.00576  1.19289e-02 | 54 -0.00549  1.07227e-02
 55 -0.00526  9.21512e-03 | 56 -0.00505  7.46540e-03 | 57 -0.00484  5.55807e-03
 58 -0.00462  3.60327e-03 | 59 -0.00434  1.74876e-03 | 60 -0.00399  1.80060e-04
 61 -0.00353 -8.84854e-04 | 62 -0.00292 -1.24022e-03 | 63 -0.00213 -7.99715e-04
 64 -0.00114  2.05253e-04 | 65  0.00010  1.00968e-03 | 66  0.00160  4.05597e-04
 67  0.00339 -2.27705e-03 | 68  0.00548 -5.00785e-03 | 69  0.00793 -2.02309e-03
 70  0.01072  9.69356e-03 | 71  0.01377  1.59299e-02 | 72  0.01691 -6.90219e-03
 73  0.02015 -3.34063e-02 | 74  0.02365 -2.29984e-03 | 75  0.02685  1.09188e-02
 76  0.02921 -5.45698e-02 | 77  0.03144 -2.43160e-02 | 78  0.03315  4.91254e-02
 79  0.03340 -5.79662e-03 | 80  0.03281 -8.46079e-02 | 81  0.03218 -6.23775e-02
 82  0.03127  6.22774e-03 | 83  0.02935 -7.99012e-04 | 84  0.02644 -6.92100e-02
 85  0.02342 -2.09397e-02 | 86  0.01985  3.33137e-02 | 87  0.01555 -3.49170e-02
 88  0.01185 -4.98097e-02 | 89  0.00909 -2.99805e-02 | 90  0.00718 -2.13704e-02
 91  0.00595 -1.97365e-02 | 92  0.00502 -1.99467e-02 | 93  0.00427 -2.22234e-02
 94  0.00417 -2.87423e-02 | 95  0.00480 -4.06443e-02 | 96  0.00498 -6.71324e-02
 97  0.00667 -8.19500e-02 | 98  0.00948 -4.89352e-02 | 99  0.01304 -1.66126e-01
100  0.01355 -1.05590e-01 |101  0.01258 -7.16250e-02 |102  0.01061 -1.64101e-01
103  0.00265 -1.76412e-01 |104  0.00384 -1.50769e-01 |105  0.02299 -2.84173e-01
106  0.02168 -2.57620e-01 |107 -0.00252 -2.61594e-01 |108  0.01563 -3.50649e-01
109  0.08488 -3.18398e-01 |110  0.02830 -2.59799e-01 |111 -0.01411 -1.26271e-01
112  0.00498 -3.83501e-02 |113  0.01989 -6.35017e-02 |114  0.03927  4.05371e-02
115  0.00339  2.12867e-01 |116 -0.06155  4.27197e-01 |117 -0.07793  5.51961e-01
118 -0.07630  5.79848e-01 |119 -0.03356  6.83560e-01 |120  0.07086  9.86000e-01
121  0.02424  4.26326e-01 |122  0.01442  9.22979e-02 |123 -0.02721  1.00895e-01
124 -0.06661 -1.11303e-01 |125 -0.00615 -2.10209e-01 |126  0.00506 -1.41376e-01
127 -0.02694 -9.35037e-02 |128  0.02885 -1.66515e-02 |129  0.07395  6.34783e-02
130  0.01080  5.20190e-04 |131  0.08292  9.00985e-02 |132  0.00590  8.54849e-02
133  0.13311  1.08025e-01 |134 -0.00507  1.54692e-02 |135 -0.04642 -6.45151e-02
136 -0.05656  1.69983e-02 |137 -0.02192 -5.57847e-03 |138  0.09416 -4.10148e-02
139  0.03190 -5.13151e-03 |140  0.01682 -3.07648e-02 |141 -0.02800  5.40368e-03
142 -0.01761  8.22980e-03 |143 -0.00592 -7.44858e-02 |144 -0.00039 -9.90867e-04
145  0.27046  4.17359e-01 |146  0.18168 -8.97470e-02 |147  0.04639 -4.60098e-01
148  0.29670 -1.15449e+00 |149 -0.47563 -3.03705e-02 |150  0.31368  1.83381e-03
151  0.18175 -1.11258e+00 |152  0.25981  1.75503e+00 |153  0.17416 -4.34043e-01
154  0.25406  8.36436e-02 |155  0.10267 -8.64346e-01 |156  0.29678  1.82351e+00
157  0.16842 -1.10661e+00 |158  0.24623  1.63578e+00 |159 -0.35229 -6.26621e-04
160  0.24266  1.10345e-01 |161  0.20228 -2.27077e-01 |162  0.31681  9.19514e-01
163 -0.38370  1.34023e-01 |164  0.23491 -1.85860e-01 |165  0.05037 -2.61780e-01
166  0.11957 -2.06228e+00 |167  0.32118  4.31445e-01 |168  0.27277  2.94945e+00
169  0.01308 -2.88173e-01 |170  0.39322  3.62920e-02 |171  0.09918 -3.91387e+00
172  0.16363 -3.74874e+00 |173  0.21867  1.18349e+00 |174  0.25738  3.80929e+00
175 -0.55400  2.88831e-02 |176  0.17117 -3.76922e-02 |
176 variables; iteration 40; function evaluation 44; phase 3
Function value 7.3339688e+03; maximum gradient component mag -1.1724e+01
Var    Value     Gradient |Var    Value     Gradient |Var    Value     Gradient
  1 -0.42336  5.93767e-01 |  2  0.37079 -6.10612e+00 |  3 -0.12622 -3.15951e+00
  4 -0.01270 -1.91894e+00 |  5 -0.70855  7.47905e-01 |  6 -0.60422  5.42359e+00
  7  0.37595 -8.53458e+00 |  8 -0.18527 -1.17237e+01 |  9  0.03435 -7.22195e+00
 10 -0.60940  4.07595e-01 | 11 -0.62335  3.92305e+00 | 12 -0.08998  8.83746e-01
 13 -0.01012  6.99199e-03 | 14 -0.01033  7.42390e-03 | 15 -0.01055  7.88808e-03
 16 -0.01076  8.38456e-03 | 17 -0.01097  8.91339e-03 | 18 -0.01117  9.47286e-03
 19 -0.01136  1.00608e-02 | 20 -0.01155  1.06743e-02 | 21 -0.01172  1.13101e-02
 22 -0.01188  1.19642e-02 | 23 -0.01203  1.26321e-02 | 24 -0.01217  1.33093e-02
 25 -0.01229  1.39912e-02 | 26 -0.01240  1.46731e-02 | 27 -0.01248  1.53501e-02
 28 -0.01255  1.60165e-02 | 29 -0.01259  1.66659e-02 | 30 -0.01261  1.72923e-02
 31 -0.01261  1.78921e-02 | 32 -0.01258  1.84632e-02 | 33 -0.01253  1.90060e-02
 34 -0.01244  1.95235e-02 | 35 -0.01233  2.00209e-02 | 36 -0.01218  2.05057e-02
 37 -0.01199  2.09866e-02 | 38 -0.01177  2.14736e-02 | 39 -0.01151  2.19766e-02
 40 -0.01121  2.25027e-02 | 41 -0.01087  2.30625e-02 | 42 -0.01050  2.36578e-02
 43 -0.01009  2.42858e-02 | 44 -0.00965  2.49345e-02 | 45 -0.00918  2.55801e-02
 46 -0.00870  2.61884e-02 | 47 -0.00821  2.67192e-02 | 48 -0.00772  2.71295e-02
 49 -0.00725  2.73804e-02 | 50 -0.00680  2.74396e-02 | 51 -0.00639  2.72801e-02
 52 -0.00602  2.68782e-02 | 53 -0.00570  2.62164e-02 | 54 -0.00543  2.52834e-02
 55 -0.00520  2.40780e-02 | 56 -0.00498  2.26128e-02 | 57 -0.00478  2.09106e-02
 58 -0.00455  1.90013e-02 | 59 -0.00427  1.69307e-02 | 60 -0.00392  1.47565e-02
 61 -0.00346  1.25479e-02 | 62 -0.00285  1.03686e-02 | 63 -0.00207  8.24854e-03
 64 -0.00108  6.13130e-03 | 65  0.00015  3.82081e-03 | 66  0.00164  1.01560e-03
 67  0.00343 -2.44602e-03 | 68  0.00554 -5.97897e-03 | 69  0.00797 -7.75839e-03
 70  0.01072 -6.26609e-03 | 71  0.01376 -5.71806e-03 | 72  0.01696 -1.66076e-02
 73  0.02027 -3.13374e-02 | 74  0.02370 -1.71814e-02 | 75  0.02688 -9.64525e-03
 76  0.02937 -5.23935e-02 | 77  0.03155 -3.29164e-02 | 78  0.03318  2.05182e-02
 79  0.03352 -1.85633e-02 | 80  0.03306 -7.52592e-02 | 81  0.03242 -5.69444e-02
 82  0.03141 -6.46476e-03 | 83  0.02952 -9.99529e-03 | 84  0.02675 -5.03869e-02
 85  0.02365 -1.82819e-02 | 86  0.01996  1.06451e-02 | 87  0.01583 -1.76527e-02
 88  0.01219 -1.86093e-02 | 89  0.00938 -7.35263e-03 | 90  0.00746 -9.51346e-04
 91  0.00623  2.50887e-03 | 92  0.00530  4.42287e-03 | 93  0.00455  4.48435e-03
 94  0.00444  2.12386e-03 | 95  0.00508 -2.98454e-03 | 96  0.00529 -1.49968e-02
 97  0.00697 -2.47304e-02 | 98  0.00962 -2.21405e-02 | 99  0.01345 -7.35266e-02
100  0.01370 -6.27091e-02 |101  0.01254 -6.47971e-02 |102  0.01079 -1.07074e-01
103  0.00278 -1.21795e-01 |104  0.00369 -1.47325e-01 |105  0.02304 -2.37283e-01
106  0.02153 -2.48259e-01 |107 -0.00271 -2.55250e-01 |108  0.01572 -3.12494e-01
109  0.08432 -4.20452e-01 |110  0.02810 -2.67226e-01 |111 -0.01445 -1.54392e-01
112  0.00470  1.22664e-02 |113  0.01987  9.88974e-02 |114  0.03897  1.07360e-01
115  0.00292  1.39777e-01 |116 -0.06180  3.81898e-01 |117 -0.07839  3.99130e-01
118 -0.07680  3.90509e-01 |119 -0.03399  4.76213e-01 |120  0.07024  6.25444e-01
121  0.02387  3.20483e-01 |122  0.01399  7.05013e-02 |123 -0.02748  1.54330e-01
124 -0.06686 -8.16893e-02 |125 -0.00662 -2.21830e-01 |126  0.00456 -1.51247e-01
127 -0.02722 -5.66965e-02 |128  0.02859  4.75260e-02 |129  0.07349  7.03461e-02
130  0.01053 -1.35709e-02 |131  0.08260  9.71107e-02 |132  0.00562  4.20295e-02
133  0.13274  8.08567e-03 |134 -0.00524 -6.98614e-03 |135 -0.04668 -1.23281e-01
136 -0.05664  1.66461e-02 |137 -0.02203 -1.53853e-02 |138  0.09389 -9.73210e-02
139  0.03176 -2.06124e-02 |140  0.01667 -6.36474e-02 |141 -0.02800  1.76042e-02
142 -0.01764 -9.11024e-03 |143 -0.00583 -4.91770e-02 |144 -0.00039 -1.77318e-03
145  0.27357  6.83827e-01 |146  0.18458  3.46670e-01 |147  0.04647 -2.05402e-01
148  0.29668 -1.37637e+00 |149 -0.47547 -4.67987e-03 |150  0.31375  9.86299e-04
151  0.18187 -7.58887e-01 |152  0.25978  1.00567e+00 |153  0.17424 -6.82348e-01
154  0.25414  6.11739e-01 |155  0.10272 -1.06322e+00 |156  0.29679  2.25301e+00
157  0.16848 -9.24883e-01 |158  0.24621  1.33042e+00 |159 -0.35244 -4.40947e-02
160  0.24262  1.96175e-01 |161  0.20235 -2.16040e-01 |162  0.31682  8.23279e-01
163 -0.38377  4.47586e-01 |164  0.23468 -1.06990e+00 |165  0.05041 -2.31832e-01
166  0.11965 -1.48966e+00 |167  0.32114  3.79707e-01 |168  0.27272  2.16841e+00
169  0.01326 -2.69236e-03 |170  0.39324 -4.77929e-02 |171  0.09922 -3.80692e+00
172  0.16367 -3.44948e+00 |173  0.21869  1.26103e+00 |174  0.25739  3.86927e+00
175 -0.55550  2.03279e-02 |176  0.17051 -3.64360e-02 |

 - final statistics:
176 variables; iteration 57; function evaluation 66
Function value 7.3340e+03; maximum gradient component mag -8.8241e-01
Exit code = 1;  converg criter 1.0000e+00
Var    Value     Gradient |Var    Value     Gradient |Var    Value     Gradient
  1 -0.42339  7.03565e-02 |  2  0.37099 -4.43083e-01 |  3 -0.12606 -2.27226e-01
  4 -0.01303 -1.25261e-01 |  5 -0.70895  5.77345e-02 |  6 -0.60430  4.22819e-01
  7  0.37608 -6.38028e-01 |  8 -0.18513 -8.82409e-01 |  9  0.03425 -5.45727e-01
 10 -0.60963  7.27222e-05 | 11 -0.62342  3.04747e-01 | 12 -0.08993  6.27808e-02
 13 -0.01013  8.59968e-04 | 14 -0.01035  1.25882e-03 | 15 -0.01056  1.68137e-03
 16 -0.01077  2.12387e-03 | 17 -0.01098  2.58275e-03 | 18 -0.01118  3.05236e-03
 19 -0.01137  3.52691e-03 | 20 -0.01156  4.00057e-03 | 21 -0.01173  4.46726e-03
 22 -0.01189  4.92101e-03 | 23 -0.01204  5.35605e-03 | 24 -0.01218  5.76704e-03
 25 -0.01230  6.14909e-03 | 26 -0.01241  6.49772e-03 | 27 -0.01250  6.80876e-03
 28 -0.01256  7.07807e-03 | 29 -0.01261  7.30146e-03 | 30 -0.01263  7.47469e-03
 31 -0.01263  7.59443e-03 | 32 -0.01260  7.65776e-03 | 33 -0.01255  7.66310e-03
 34 -0.01246  7.61068e-03 | 35 -0.01235  7.50325e-03 | 36 -0.01220  7.34677e-03
 37 -0.01202  7.15084e-03 | 38 -0.01180  6.92927e-03 | 39 -0.01154  6.69937e-03
 40 -0.01124  6.48081e-03 | 41 -0.01091  6.29712e-03 | 42 -0.01053  6.16844e-03
 43 -0.01013  6.11086e-03 | 44 -0.00969  6.12958e-03 | 45 -0.00922  6.21403e-03
 46 -0.00874  6.33476e-03 | 47 -0.00825  6.44586e-03 | 48 -0.00777  6.49230e-03
 49 -0.00730  6.42076e-03 | 50 -0.00685  6.19024e-03 | 51 -0.00644  5.77738e-03
 52 -0.00607  5.17659e-03 | 53 -0.00575  4.39842e-03 | 54 -0.00548  3.46659e-03
 55 -0.00525  2.41797e-03 | 56 -0.00503  1.30377e-03 | 57 -0.00482  1.90836e-04
 58 -0.00459 -8.36059e-04 | 59 -0.00432 -1.66949e-03 | 60 -0.00396 -2.17853e-03
 61 -0.00349 -2.21834e-03 | 62 -0.00288 -1.66614e-03 | 63 -0.00209 -5.02686e-04
 64 -0.00109  1.06732e-03 | 65  0.00014  2.55389e-03 | 66  0.00165  3.41961e-03
 67  0.00345  3.71559e-03 | 68  0.00556  4.32088e-03 | 69  0.00799  5.07329e-03
 70  0.01073  3.07678e-03 | 71  0.01374 -5.39705e-05 | 72  0.01701  5.28911e-03
 73  0.02040  9.69438e-03 | 74  0.02373  6.45530e-03 | 75  0.02689  1.26778e-02
 76  0.02948 -8.90909e-03 | 77  0.03163  4.17954e-03 | 78  0.03319  4.76764e-02
 79  0.03357  1.70765e-02 | 80  0.03317 -2.81652e-02 | 81  0.03251 -1.37693e-02
 82  0.03144  2.38232e-02 | 83  0.02953  1.76981e-02 | 84  0.02687 -3.13406e-03
 85  0.02366  6.36019e-03 | 86  0.01978 -5.57041e-03 | 87  0.01587  7.44428e-03
 88  0.01225  9.92102e-03 | 89  0.00937  5.58119e-03 | 90  0.00743  5.81859e-03
 91  0.00619  7.02726e-03 | 92  0.00526  8.00440e-03 | 93  0.00450  8.20143e-03
 94  0.00439  6.67919e-03 | 95  0.00502  2.91420e-03 | 96  0.00524 -3.87620e-03
 97  0.00694 -6.55854e-03 | 98  0.00953 -1.16025e-02 | 99  0.01363  9.47957e-03
100  0.01372 -7.41099e-03 |101  0.01248 -1.84227e-02 |102  0.01087 -1.59167e-02
103  0.00275 -4.70433e-02 |104  0.00368 -4.77116e-02 |105  0.02307 -7.18844e-02
106  0.02148 -9.34779e-02 |107 -0.00258 -6.57443e-02 |108  0.01599 -3.22185e-02
109  0.08420 -4.19441e-02 |110  0.02859  8.96798e-03 |111 -0.01431 -2.56485e-02
112  0.00453 -1.89136e-02 |113  0.01975  3.19103e-02 |114  0.03922  8.51086e-02
115  0.00313  1.78449e-02 |116 -0.06210  4.58755e-02 |117 -0.07851  7.00910e-02
118 -0.07695  3.24969e-02 |119 -0.03424  2.02440e-02 |120  0.07019 -8.06762e-03
121  0.02388 -3.01277e-02 |122  0.01421 -1.00322e-02 |123 -0.02754  9.33973e-03
124 -0.06690 -3.50483e-02 |125 -0.00618  1.40950e-02 |126  0.00487  1.04488e-02
127 -0.02701  1.92951e-02 |128  0.02842 -2.49368e-02 |129  0.07347 -4.97815e-02
130  0.01058 -1.57094e-02 |131  0.08264  8.07298e-02 |132  0.00570  1.63934e-02
133  0.13267 -4.41128e-02 |134 -0.00535 -1.70590e-02 |135 -0.04649  9.00259e-04
136 -0.05670  1.16440e-02 |137 -0.02197 -1.95972e-03 |138  0.09404 -2.24708e-02
139  0.03180 -8.89929e-05 |140  0.01668 -2.37319e-02 |141 -0.02802  1.99681e-02
142 -0.01765 -6.76495e-03 |143 -0.00589 -2.05962e-02 |144 -0.00039 -1.05174e-04
145  0.27327  3.69466e-02 |146  0.18419  1.83996e-02 |147  0.04660 -2.24555e-02
148  0.29680 -1.05343e-01 |149 -0.47543  9.55444e-03 |150  0.31384  2.45571e-04
151  0.18204 -5.11502e-02 |152  0.25982  7.94110e-02 |153  0.17440 -2.81233e-02
154  0.25418  6.58763e-02 |155  0.10298 -3.71980e-02 |156  0.29675  1.91932e-01
157  0.16856 -8.18583e-02 |158  0.24616  9.57070e-02 |159 -0.35242 -4.92783e-03
160  0.24261  1.49179e-02 |161  0.20236 -7.34019e-02 |162  0.31669  2.83016e-02
163 -0.38406  2.17577e-02 |164  0.23476 -8.86320e-02 |165  0.05049  3.83259e-03
166  0.11975 -6.84524e-02 |167  0.32109  1.94024e-02 |168  0.27259  1.96067e-01
169  0.01318 -9.79046e-02 |170  0.39315 -4.67554e-02 |171  0.09934 -3.03769e-01
172  0.16372 -2.72214e-01 |173  0.21875  9.81332e-02 |174  0.25734  3.02859e-01
175 -0.55423  5.35881e-02 |176  0.17103 -5.78986e-02 |

Initial statistics: 200 variables; iteration 0; function evaluation 0; phase 4
Function value 7.3339647e+03; maximum gradient component mag -3.3542e+00
Var    Value     Gradient |Var    Value     Gradient |Var    Value     Gradient
  1 -0.42339  7.03565e-02 |  2  0.37099 -4.43083e-01 |  3 -0.12606 -2.27226e-01
  4 -0.01303 -1.25261e-01 |  5 -0.70895  5.77345e-02 |  6 -0.60430  4.22819e-01
  7  0.37608 -6.38028e-01 |  8 -0.18513 -8.82409e-01 |  9  0.03425 -5.45727e-01
 10 -0.60963  7.27222e-05 | 11 -0.62342  3.04747e-01 | 12 -0.08993  6.27808e-02
 13 -0.01013  8.59968e-04 | 14 -0.01035  1.25882e-03 | 15 -0.01056  1.68137e-03
 16 -0.01077  2.12387e-03 | 17 -0.01098  2.58275e-03 | 18 -0.01118  3.05236e-03
 19 -0.01137  3.52691e-03 | 20 -0.01156  4.00057e-03 | 21 -0.01173  4.46726e-03
 22 -0.01189  4.92101e-03 | 23 -0.01204  5.35605e-03 | 24 -0.01218  5.76704e-03
 25 -0.01230  6.14909e-03 | 26 -0.01241  6.49772e-03 | 27 -0.01250  6.80876e-03
 28 -0.01256  7.07807e-03 | 29 -0.01261  7.30146e-03 | 30 -0.01263  7.47469e-03
 31 -0.01263  7.59443e-03 | 32 -0.01260  7.65776e-03 | 33 -0.01255  7.66310e-03
 34 -0.01246  7.61068e-03 | 35 -0.01235  7.50325e-03 | 36 -0.01220  7.34677e-03
 37 -0.01202  7.15084e-03 | 38 -0.01180  6.92927e-03 | 39 -0.01154  6.69937e-03
 40 -0.01124  6.48081e-03 | 41 -0.01091  6.29712e-03 | 42 -0.01053  6.16844e-03
 43 -0.01013  6.11086e-03 | 44 -0.00969  6.12958e-03 | 45 -0.00922  6.21403e-03
 46 -0.00874  6.33476e-03 | 47 -0.00825  6.44586e-03 | 48 -0.00777  6.49230e-03
 49 -0.00730  6.42076e-03 | 50 -0.00685  6.19024e-03 | 51 -0.00644  5.77738e-03
 52 -0.00607  5.17659e-03 | 53 -0.00575  4.39842e-03 | 54 -0.00548  3.46659e-03
 55 -0.00525  2.41797e-03 | 56 -0.00503  1.30377e-03 | 57 -0.00482  1.90836e-04
 58 -0.00459 -8.36059e-04 | 59 -0.00432 -1.66949e-03 | 60 -0.00396 -2.17853e-03
 61 -0.00349 -2.21834e-03 | 62 -0.00288 -1.66614e-03 | 63 -0.00209 -5.02686e-04
 64 -0.00109  1.06732e-03 | 65  0.00014  2.55389e-03 | 66  0.00165  3.41961e-03
 67  0.00345  3.71559e-03 | 68  0.00556  4.32088e-03 | 69  0.00799  5.07329e-03
 70  0.01073  3.07678e-03 | 71  0.01374 -5.39705e-05 | 72  0.01701  5.28911e-03
 73  0.02040  9.69438e-03 | 74  0.02373  6.45530e-03 | 75  0.02689  1.26778e-02
 76  0.02948 -8.90909e-03 | 77  0.03163  4.17954e-03 | 78  0.03319  4.76764e-02
 79  0.03357  1.70765e-02 | 80  0.03317 -2.81652e-02 | 81  0.03251 -1.37693e-02
 82  0.03144  2.38232e-02 | 83  0.02953  1.76981e-02 | 84  0.02687 -3.13406e-03
 85  0.02366  6.36019e-03 | 86  0.01978 -5.57041e-03 | 87  0.01587  7.44428e-03
 88  0.01225  9.92102e-03 | 89  0.00937  5.58119e-03 | 90  0.00743  5.81859e-03
 91  0.00619  7.02726e-03 | 92  0.00526  8.00440e-03 | 93  0.00450  8.20143e-03
 94  0.00439  6.67919e-03 | 95  0.00502  2.91420e-03 | 96  0.00524 -3.87620e-03
 97  0.00694 -6.55854e-03 | 98  0.00953 -1.16025e-02 | 99  0.01363  9.47957e-03
100  0.01372 -7.41099e-03 |101  0.01248 -1.84227e-02 |102  0.01087 -1.59167e-02
103  0.00275 -4.70433e-02 |104  0.00368 -4.77116e-02 |105  0.02307 -7.18844e-02
106  0.02148 -9.34779e-02 |107 -0.00258 -6.57443e-02 |108  0.01599 -3.22185e-02
109  0.08420 -4.19441e-02 |110  0.02859  8.96798e-03 |111 -0.01431 -2.56485e-02
112  0.00453 -1.89136e-02 |113  0.01975  3.19103e-02 |114  0.03922  8.51086e-02
115  0.00313  1.78449e-02 |116 -0.06210  4.58755e-02 |117 -0.07851  7.00910e-02
118 -0.07695  3.24969e-02 |119 -0.03424  2.02440e-02 |120  0.07019 -8.06762e-03
121  0.02388 -3.01277e-02 |122  0.01421 -1.00322e-02 |123 -0.02754  9.33973e-03
124 -0.06690 -3.50483e-02 |125 -0.00618  1.40950e-02 |126  0.00487  1.04488e-02
127 -0.02701  1.92951e-02 |128  0.02842 -2.49368e-02 |129  0.07347 -4.97815e-02
130  0.01058 -1.57094e-02 |131  0.08264  8.07298e-02 |132  0.00570  1.63934e-02
133  0.13267 -4.41128e-02 |134 -0.00535 -1.70590e-02 |135 -0.04649  9.00259e-04
136 -0.05670  1.16440e-02 |137 -0.02197 -1.95972e-03 |138  0.09404 -2.24708e-02
139  0.03180 -8.89929e-05 |140  0.01668 -2.37319e-02 |141 -0.02802  1.99681e-02
142 -0.01765 -6.76495e-03 |143 -0.00589 -2.05962e-02 |144 -0.00039 -1.05174e-04
145  0.27327  3.69466e-02 |146  0.18419  1.83996e-02 |147  0.04660 -2.24555e-02
148  0.29680 -1.05343e-01 |149  0.01598 -8.50166e-01 |150 -0.11486 -2.00528e-01
151 -0.47543  9.55444e-03 |152  0.31384  2.45571e-04 |153  0.04878 -3.42409e-02
154 -0.23557 -1.39550e-01 |155  0.18204 -5.11502e-02 |156  0.25982  7.94110e-02
157  0.17440 -2.81233e-02 |158  0.25418  6.58763e-02 |159  0.00591 -5.00074e-02
160 -0.09842  1.84645e-02 |161  0.10298 -3.71980e-02 |162  0.29675  1.91932e-01
163  0.16856 -8.18583e-02 |164  0.24616  9.57070e-02 |165 -0.35242 -4.92783e-03
166  0.24261  1.49179e-02 |167  0.05289  1.59049e-01 |168 -0.18792 -1.39430e+00
169  0.20236 -7.34019e-02 |170  0.31669  2.83016e-02 |171  0.07773 -3.35319e-01
172 -0.53260 -7.92513e-05 |173 -0.38406  2.17577e-02 |174  0.23476 -8.86320e-02
175  0.07930  6.84848e-01 |176 -0.12245 -2.78400e+00 |177  0.05049  3.83259e-03
178  0.11975 -6.84524e-02 |179  0.32109  1.94024e-02 |180  0.27259  1.96067e-01
181  0.00632 -2.08824e-02 |182  0.00888 -5.22762e-01 |183 -0.15126 -1.85785e+00
184 -0.12591 -9.64525e-01 |185  0.01318 -9.79046e-02 |186  0.39315 -4.67554e-02
187  0.01873 -1.65780e-01 |188 -0.15464 -2.42742e-01 |189  0.09934 -3.03769e-01
190  0.16372 -2.72214e-01 |191  0.21875  9.81332e-02 |192  0.25734  3.02859e-01
193  0.02441 -2.15159e+00 |194 -0.00672 -1.55294e+00 |195 -0.17637 -2.97046e-01
196 -0.11451 -3.35418e+00 |197 -0.55423  5.35881e-02 |198  0.17103 -5.78986e-02
199  0.09533  3.01059e-01 |200 -0.25417 -5.83741e-02 |

Intermediate statistics: 200 variables; iteration 20; function evaluation 22; phase 4
Function value 7.3339621e+03; maximum gradient component mag 4.2667e+00
Var    Value     Gradient |Var    Value     Gradient |Var    Value     Gradient
  1 -0.42337  2.68242e-01 |  2  0.37109  4.26670e+00 |  3 -0.12608  3.48803e+00
  4 -0.01313  3.48330e+00 |  5 -0.70909  1.17803e-01 |  6 -0.60420  1.32944e+00
  7  0.37619 -1.59335e+00 |  8 -0.18520 -1.80353e+00 |  9  0.03407 -1.26895e+00
 10 -0.60956  7.23055e-03 | 11 -0.62337  3.31612e-01 | 12 -0.09067  1.27200e-01
 13 -0.01013 -3.54481e-04 | 14 -0.01035 -3.96809e-04 | 15 -0.01057 -4.42619e-04
 16 -0.01078 -4.91808e-04 | 17 -0.01099 -5.44059e-04 | 18 -0.01119 -5.99275e-04
 19 -0.01138 -6.57221e-04 | 20 -0.01157 -7.17541e-04 | 21 -0.01175 -7.79830e-04
 22 -0.01191 -8.43620e-04 | 23 -0.01206 -9.08404e-04 | 24 -0.01220 -9.73668e-04
 25 -0.01233 -1.03894e-03 | 26 -0.01243 -1.10387e-03 | 27 -0.01252 -1.16834e-03
 28 -0.01259 -1.23241e-03 | 29 -0.01264 -1.29613e-03 | 30 -0.01266 -1.35934e-03
 31 -0.01266 -1.42151e-03 | 32 -0.01263 -1.48219e-03 | 33 -0.01258 -1.54105e-03
 34 -0.01249 -1.59802e-03 | 35 -0.01238 -1.65352e-03 | 36 -0.01223 -1.70851e-03
 37 -0.01205 -1.76455e-03 | 38 -0.01183 -1.82353e-03 | 39 -0.01157 -1.88766e-03
 40 -0.01127 -1.95974e-03 | 41 -0.01093 -2.04079e-03 | 42 -0.01056 -2.13285e-03
 43 -0.01015 -2.23724e-03 | 44 -0.00971 -2.35450e-03 | 45 -0.00925 -2.48436e-03
 46 -0.00877 -2.62546e-03 | 47 -0.00828 -2.77529e-03 | 48 -0.00780 -2.93092e-03
 49 -0.00733 -3.08925e-03 | 50 -0.00688 -3.24771e-03 | 51 -0.00647 -3.40480e-03
 52 -0.00610 -3.56049e-03 | 53 -0.00578 -3.71619e-03 | 54 -0.00550 -3.87503e-03
 55 -0.00526 -4.04153e-03 | 56 -0.00505 -4.22121e-03 | 57 -0.00484 -4.42052e-03
 58 -0.00460 -4.64681e-03 | 59 -0.00432 -4.90860e-03 | 60 -0.00396 -5.21514e-03
 61 -0.00350 -5.57552e-03 | 62 -0.00289 -5.99547e-03 | 63 -0.00211 -6.47392e-03
 64 -0.00112 -6.99974e-03 | 65  0.00012 -7.55277e-03 | 66  0.00162 -8.12891e-03
 67  0.00342 -8.74028e-03 | 68  0.00552 -9.40104e-03 | 69  0.00795 -1.01068e-02
 70  0.01070 -1.09301e-02 | 71  0.01372 -1.19302e-02 | 72  0.01697 -1.26003e-02
 73  0.02034 -1.32183e-02 | 74  0.02369 -1.44680e-02 | 75  0.02682 -1.47843e-02
 76  0.02951 -1.85444e-02 | 77  0.03160 -1.78486e-02 | 78  0.03296 -1.21677e-02
 79  0.03349 -1.75800e-02 | 80  0.03330 -2.52397e-02 | 81  0.03258 -2.34789e-02
 82  0.03132 -1.84056e-02 | 83  0.02945 -1.96662e-02 | 84  0.02689 -2.23323e-02
 85  0.02363 -2.11603e-02 | 86  0.01980 -2.18543e-02 | 87  0.01583 -2.06676e-02
 88  0.01220 -2.04450e-02 | 89  0.00934 -2.06123e-02 | 90  0.00739 -2.08710e-02
 91  0.00615 -2.13823e-02 | 92  0.00521 -2.20729e-02 | 93  0.00444 -2.27486e-02
 94  0.00433 -2.31796e-02 | 95  0.00498 -2.31037e-02 | 96  0.00523 -2.21489e-02
 97  0.00693 -2.02992e-02 | 98  0.00952 -1.81953e-02 | 99  0.01352 -1.59870e-02
100  0.01365 -1.43483e-02 |101  0.01243 -1.19166e-02 |102  0.01077 -9.49750e-03
103  0.00276 -8.08211e-03 |104  0.00363 -8.11130e-03 |105  0.02304 -1.19374e-02
106  0.02154 -1.64189e-02 |107 -0.00257 -1.75872e-02 |108  0.01587 -3.25739e-02
109  0.08406 -5.62642e-02 |110  0.02845 -4.79011e-02 |111 -0.01427 -1.72587e-02
112  0.00459 -1.33720e-02 |113  0.01968 -2.00188e-02 |114  0.03901 -1.48750e-02
115  0.00321 -6.72247e-03 |116 -0.06217  9.99638e-03 |117 -0.07861  1.85592e-02
118 -0.07695  4.47398e-02 |119 -0.03423  9.45803e-02 |120  0.07021  1.66638e-01
121  0.02399  1.09284e-01 |122  0.01419  1.02205e-01 |123 -0.02758  5.73356e-02
124 -0.06682  7.78992e-02 |125 -0.00617  6.73622e-02 |126  0.00496  6.70443e-02
127 -0.02701  3.72922e-02 |128  0.02854  5.55112e-02 |129  0.07377  5.71244e-02
130  0.01069  2.44338e-02 |131  0.08279  3.01156e-02 |132  0.00591  1.44123e-02
133  0.13307  6.57792e-02 |134 -0.00518 -5.85662e-03 |135 -0.04639  7.85831e-03
136 -0.05663 -1.01354e-02 |137 -0.02182  3.77100e-03 |138  0.09439  1.12172e-02
139  0.03194 -1.54972e-02 |140  0.01686  4.71988e-03 |141 -0.02803 -7.80780e-03
142 -0.01761 -1.31365e-02 |143 -0.00585  1.21894e-02 |144 -0.00039  7.65300e-05
145  0.27369  3.96177e-02 |146  0.18498  2.75242e-02 |147  0.04647 -4.80825e-01
148  0.29673  6.23396e-01 |149  0.01645 -1.69121e-01 |150 -0.11486 -2.33923e-01
151 -0.47551  3.62553e-03 |152  0.31384  1.20210e-03 |153  0.04881  1.76694e-02
154 -0.23504  3.23086e-02 |155  0.18233 -1.10689e-01 |156  0.25987  2.50772e-01
157  0.17447  3.40229e-02 |158  0.25416 -5.07971e-02 |159  0.00594  3.50645e-02
160 -0.09832  1.47630e-01 |161  0.10322  1.67561e-01 |162  0.29670 -4.49382e-01
163  0.16881  2.19895e-01 |164  0.24619 -3.25896e-01 |165 -0.35215 -1.84766e-02
166  0.24277  3.45104e-02 |167  0.05283  1.13942e-01 |168 -0.18760  4.27311e-01
169  0.20249 -1.46715e-02 |170  0.31670 -2.98070e-02 |171  0.07774 -5.63248e-02
172 -0.53260 -6.38661e-05 |173 -0.38341 -3.75870e-02 |174  0.23505 -1.95492e-01
175  0.07890  1.62979e-02 |176 -0.12202  3.48328e-01 |177  0.05072  4.65726e-02
178  0.11955 -4.72504e-02 |179  0.32128  3.04085e-02 |180  0.27248 -3.10860e-02
181  0.00596  1.35654e-01 |182  0.00917  4.56959e-02 |183 -0.15037  1.15653e-02
184 -0.12578  7.11984e-02 |185  0.01334  3.90210e-02 |186  0.39317 -2.52846e-02
187  0.01869  5.01617e-02 |188 -0.15443  1.16448e-02 |189  0.09926  1.28064e+00
190  0.16357 -1.51815e+00 |191  0.21867 -5.92052e-01 |192  0.25728  1.91823e+00
193  0.02458  1.51241e+00 |194 -0.00639 -4.14784e-01 |195 -0.17637  3.24443e-01
196 -0.11438 -8.76382e-01 |197 -0.55424  5.02861e-03 |198  0.17107 -8.23676e-03
199  0.09520  1.23379e-01 |200 -0.25357  6.21888e-02 |
200 variables; iteration 40; function evaluation 45; phase 4
Function value 7.3339619e+03; maximum gradient component mag 4.1092e+00
Var    Value     Gradient |Var    Value     Gradient |Var    Value     Gradient
  1 -0.42335  4.08194e-01 |  2  0.37110  4.10919e+00 |  3 -0.12608  3.53556e+00
  4 -0.01315  3.38281e+00 |  5 -0.70912  1.06096e-01 |  6 -0.60420  1.13256e+00
  7  0.37620 -1.53489e+00 |  8 -0.18522 -1.76147e+00 |  9  0.03407 -1.19773e+00
 10 -0.60957  2.10772e-02 | 11 -0.62336  5.39844e-01 | 12 -0.09149  1.25165e-01
 13 -0.01012 -8.18179e-05 | 14 -0.01034  1.24301e-05 | 15 -0.01055  1.11674e-04
 16 -0.01076  2.14763e-04 | 17 -0.01097  3.20651e-04 | 18 -0.01117  4.27639e-04
 19 -0.01137  5.34028e-04 | 20 -0.01155  6.38126e-04 | 21 -0.01173  7.38195e-04
 22 -0.01189  8.32544e-04 | 23 -0.01204  9.19567e-04 | 24 -0.01218  9.97794e-04
 25 -0.01231  1.06591e-03 | 26 -0.01241  1.12269e-03 | 27 -0.01250  1.16691e-03
 28 -0.01257  1.19723e-03 | 29 -0.01261  1.21220e-03 | 30 -0.01263  1.21037e-03
 31 -0.01263  1.19070e-03 | 32 -0.01260  1.15233e-03 | 33 -0.01255  1.09481e-03
 34 -0.01247  1.01816e-03 | 35 -0.01235  9.22951e-04 | 36 -0.01220  8.10419e-04
 37 -0.01202  6.82556e-04 | 38 -0.01180  5.42271e-04 | 39 -0.01154  3.93321e-04
 40 -0.01124  2.40103e-04 | 41 -0.01091  8.83764e-05 | 42 -0.01053 -5.68709e-05
 43 -0.01013 -1.91489e-04 | 44 -0.00969 -3.14197e-04 | 45 -0.00923 -4.28046e-04
 46 -0.00875 -5.41311e-04 | 47 -0.00826 -6.66873e-04 | 48 -0.00777 -8.20066e-04
 49 -0.00730 -1.01564e-03 | 50 -0.00685 -1.26485e-03 | 51 -0.00644 -1.57424e-03
 52 -0.00607 -1.94591e-03 | 53 -0.00575 -2.37839e-03 | 54 -0.00548 -2.86689e-03
 55 -0.00524 -3.40267e-03 | 56 -0.00503 -3.97252e-03 | 57 -0.00482 -4.55869e-03
 58 -0.00459 -5.13807e-03 | 59 -0.00431 -5.68191e-03 | 60 -0.00395 -6.15438e-03
 61 -0.00349 -6.51579e-03 | 62 -0.00288 -6.73114e-03 | 63 -0.00209 -6.79481e-03
 64 -0.00110 -6.76614e-03 | 65  0.00014 -6.78716e-03 | 66  0.00164 -7.02585e-03
 67  0.00344 -7.47199e-03 | 68  0.00555 -7.86573e-03 | 69  0.00798 -8.25847e-03
 70  0.01072 -9.53611e-03 | 71  0.01375 -1.12069e-02 | 72  0.01700 -1.03256e-02
 73  0.02038 -9.78049e-03 | 74  0.02373 -1.15585e-02 | 75  0.02688 -1.05536e-02
 76  0.02955 -1.74863e-02 | 77  0.03166 -1.44925e-02 | 78  0.03305 -3.25923e-03
 79  0.03356 -1.22425e-02 | 80  0.03335 -2.50665e-02 | 81  0.03264 -2.16535e-02
 82  0.03142 -1.16446e-02 | 83  0.02955 -1.35476e-02 | 84  0.02697 -1.96262e-02
 85  0.02372 -1.68380e-02 | 86  0.01989 -2.02547e-02 | 87  0.01593 -1.60770e-02
 88  0.01231 -1.50967e-02 | 89  0.00945 -1.63466e-02 | 90  0.00750 -1.64277e-02
 91  0.00626 -1.64803e-02 | 92  0.00532 -1.68246e-02 | 93  0.00456 -1.75041e-02
 94  0.00445 -1.86731e-02 | 95  0.00509 -2.02863e-02 | 96  0.00532 -2.21110e-02
 97  0.00700 -2.19080e-02 | 98  0.00959 -2.14951e-02 | 99  0.01360 -1.31458e-02
100  0.01371 -1.53918e-02 |101  0.01246 -1.38476e-02 |102  0.01081 -7.53048e-03
103  0.00276 -1.06608e-02 |104  0.00365 -1.41384e-03 |105  0.02303  3.66843e-04
106  0.02149 -4.85654e-03 |107 -0.00259  4.21209e-03 |108  0.01588  1.31707e-02
109  0.08397  1.54146e-02 |110  0.02840  6.05313e-03 |111 -0.01437  6.45139e-03
112  0.00448  7.13231e-03 |113  0.01958  8.63748e-03 |114  0.03891  2.57719e-02
115  0.00307  6.57298e-03 |116 -0.06226  2.01921e-02 |117 -0.07872  2.30609e-02
118 -0.07708  3.75538e-02 |119 -0.03435  7.86799e-02 |120  0.07003  1.28465e-01
121  0.02384  7.50807e-02 |122  0.01403  7.35584e-02 |123 -0.02773  3.79330e-02
124 -0.06695  5.56203e-02 |125 -0.00631  4.95235e-02 |126  0.00479  4.34175e-02
127 -0.02713  2.81311e-02 |128  0.02840  3.63947e-02 |129  0.07361  3.59048e-02
130  0.01057  1.01706e-02 |131  0.08266  2.01474e-02 |132  0.00580 -7.12194e-03
133  0.13296  2.84492e-02 |134 -0.00526 -2.36748e-02 |135 -0.04646 -6.42742e-03
136 -0.05671 -2.15867e-02 |137 -0.02193 -1.63202e-02 |138  0.09422 -2.89062e-02
139  0.03188 -3.11425e-02 |140  0.01680 -1.37495e-02 |141 -0.02801 -4.79668e-03
142 -0.01760 -1.52280e-02 |143 -0.00587  7.24197e-03 |144 -0.00040 -1.60369e-04
145  0.27490  2.16514e-01 |146  0.18608  1.25908e-03 |147  0.04650 -3.84024e-01
148  0.29672  4.54532e-01 |149  0.01645 -1.53593e-01 |150 -0.11486 -3.78878e-01
151 -0.47548  9.17276e-03 |152  0.31378 -3.19893e-03 |153  0.04880  1.58083e-02
154 -0.23512 -1.01714e-02 |155  0.18238 -2.48222e-01 |156  0.25988  5.03076e-01
157  0.17452  2.69710e-01 |158  0.25413 -4.29560e-01 |159  0.00592  5.85931e-02
160 -0.09832  1.13502e-01 |161  0.10327  4.64700e-02 |162  0.29672 -1.85510e-01
163  0.16883  7.84503e-02 |164  0.24620 -1.28052e-01 |165 -0.35206  1.00773e-01
166  0.24275 -1.86545e-01 |167  0.05280  2.57299e-01 |168 -0.18760  8.36408e-01
169  0.20259 -2.34274e-02 |170  0.31674  5.21553e-02 |171  0.07774 -6.26940e-02
172 -0.53260 -6.61855e-05 |173 -0.38160  1.72239e-02 |174  0.23566 -1.54463e-01
175  0.07849 -2.46784e-02 |176 -0.12200  4.51434e-01 |177  0.05099 -4.29947e-02
178  0.11961  3.47713e-02 |179  0.32139  1.49728e-01 |180  0.27248 -2.04116e-01
181  0.00566  2.39529e-02 |182  0.00911 -1.41744e-02 |183 -0.15025 -4.12024e-03
184 -0.12575  8.41221e-02 |185  0.01332 -3.69786e-02 |186  0.39318  1.99097e-03
187  0.01869 -2.39096e-02 |188 -0.15441 -2.29827e-02 |189  0.09929  1.13905e+00
190  0.16360 -1.46124e+00 |191  0.21868 -5.39962e-01 |192  0.25728  1.81185e+00
193  0.02456  1.38033e+00 |194 -0.00641 -4.39965e-01 |195 -0.17630  8.26832e-01
196 -0.11436 -1.13194e+00 |197 -0.55412 -3.83107e-03 |198  0.17114  1.06943e-02
199  0.09517 -1.73836e-02 |200 -0.25366 -1.50457e-02 |
200 variables; iteration 60; function evaluation 65; phase 4
Function value 7.3339616e+03; maximum gradient component mag 4.8242e-01
Var    Value     Gradient |Var    Value     Gradient |Var    Value     Gradient
  1 -0.42334  5.73162e-02 |  2  0.37108  4.82416e-01 |  3 -0.12611  4.12383e-01
  4 -0.01316  4.38261e-01 |  5 -0.70913 -6.54857e-03 |  6 -0.60422  1.34935e-01
  7  0.37620 -2.48583e-01 |  8 -0.18522 -2.49853e-01 |  9  0.03411 -4.16822e-03
 10 -0.60957 -1.24447e-03 | 11 -0.62338  5.94507e-02 | 12 -0.09164 -5.11562e-02
 13 -0.01012  5.46219e-04 | 14 -0.01034  6.26656e-04 | 15 -0.01055  7.13233e-04
 16 -0.01077  8.05266e-04 | 17 -0.01097  9.02084e-04 | 18 -0.01118  1.00247e-03
 19 -0.01137  1.10511e-03 | 20 -0.01155  1.20862e-03 | 21 -0.01173  1.31150e-03
 22 -0.01189  1.41222e-03 | 23 -0.01205  1.50925e-03 | 24 -0.01218  1.60114e-03
 25 -0.01231  1.68654e-03 | 26 -0.01241  1.76422e-03 | 27 -0.01250  1.83302e-03
 28 -0.01257  1.89187e-03 | 29 -0.01261  1.93972e-03 | 30 -0.01264  1.97557e-03
 31 -0.01263  1.99870e-03 | 32 -0.01261  2.00859e-03 | 33 -0.01255  2.00514e-03
 34 -0.01247  1.98885e-03 | 35 -0.01236  1.96095e-03 | 36 -0.01221  1.92357e-03
 37 -0.01203  1.87976e-03 | 38 -0.01180  1.83352e-03 | 39 -0.01155  1.78953e-03
 40 -0.01125  1.75260e-03 | 41 -0.01091  1.72833e-03 | 42 -0.01054  1.72096e-03
 43 -0.01013  1.73363e-03 | 44 -0.00969  1.76717e-03 | 45 -0.00923  1.81947e-03
 46 -0.00875  1.88555e-03 | 47 -0.00826  1.95881e-03 | 48 -0.00778  2.03291e-03
 49 -0.00731  2.10398e-03 | 50 -0.00686  2.17200e-03 | 51 -0.00645  2.24071e-03
 52 -0.00608  2.31615e-03 | 53 -0.00576  2.40535e-03 | 54 -0.00548  2.51517e-03
 55 -0.00524  2.65290e-03 | 56 -0.00503  2.82763e-03 | 57 -0.00482  3.05071e-03
 58 -0.00458  3.33494e-03 | 59 -0.00430  3.69484e-03 | 60 -0.00394  4.14405e-03
 61 -0.00348  4.69204e-03 | 62 -0.00287  5.33556e-03 | 63 -0.00208  6.05155e-03
 64 -0.00109  6.79656e-03 | 65  0.00015  7.52638e-03 | 66  0.00165  8.24794e-03
 67  0.00345  8.99570e-03 | 68  0.00557  9.72629e-03 | 69  0.00800  1.04173e-02
 70  0.01075  1.15698e-02 | 71  0.01378  1.30701e-02 | 72  0.01703  1.26455e-02
 73  0.02040  1.22788e-02 | 74  0.02375  1.34676e-02 | 75  0.02689  1.28693e-02
 76  0.02961  1.51973e-02 | 77  0.03169  1.38321e-02 | 78  0.03302  1.33340e-02
 79  0.03357  1.31334e-02 | 80  0.03343  1.21466e-02 | 81  0.03270  1.18675e-02
 82  0.03142  9.91195e-03 | 83  0.02955  8.53609e-03 | 84  0.02702  9.48713e-03
 85  0.02374  6.49496e-03 | 86  0.01994  7.23532e-03 | 87  0.01594  2.27427e-03
 88  0.01231 -2.24764e-04 | 89  0.00945 -1.21582e-03 | 90  0.00751 -2.81623e-03
 91  0.00626 -4.14597e-03 | 92  0.00533 -4.94606e-03 | 93  0.00457 -5.11207e-03
 94  0.00446 -4.71679e-03 | 95  0.00512 -3.74290e-03 | 96  0.00536 -1.61684e-03
 97  0.00705  3.44655e-04 | 98  0.00964  2.79808e-03 | 99  0.01360 -9.09607e-04
100  0.01374  3.98475e-03 |101  0.01250  5.83175e-03 |102  0.01081  3.09282e-03
103  0.00278  3.89898e-03 |104  0.00363  3.74752e-04 |105  0.02299 -7.20906e-03
106  0.02147 -8.59830e-03 |107 -0.00262 -9.64421e-03 |108  0.01583 -1.29605e-02
109  0.08396 -4.19143e-03 |110  0.02838  1.26571e-03 |111 -0.01436  2.94640e-03
112  0.00447 -7.38262e-03 |113  0.01953 -2.75304e-02 |114  0.03887 -4.02300e-02
115  0.00303 -3.82392e-02 |116 -0.06230 -7.20622e-03 |117 -0.07864  3.39851e-02
118 -0.07715 -3.95156e-02 |119 -0.03449 -8.91608e-02 |120  0.06996 -1.14194e-01
121  0.02381 -6.79899e-02 |122  0.01391 -8.51620e-02 |123 -0.02771 -1.10376e-02
124 -0.06705 -3.79059e-02 |125 -0.00636 -1.30900e-02 |126  0.00479  2.69382e-02
127 -0.02709  4.43687e-02 |128  0.02840  6.38404e-02 |129  0.07369  9.34347e-02
130  0.01049  4.96982e-03 |131  0.08266  2.40499e-02 |132  0.00587  2.81719e-02
133  0.13297  2.65607e-02 |134 -0.00533 -4.67472e-02 |135 -0.04641  3.04317e-03
136 -0.05673 -2.46192e-02 |137 -0.02195 -1.63715e-02 |138  0.09427  1.69775e-02
139  0.03188 -1.67315e-02 |140  0.01681 -1.93096e-02 |141 -0.02804 -2.20720e-02
142 -0.01759 -3.62965e-03 |143 -0.00587 -4.45528e-04 |144 -0.00040  1.23898e-04
145  0.27506 -7.83679e-02 |146  0.18617 -1.45119e-02 |147  0.04654 -5.77734e-02
148  0.29672  4.27511e-02 |149  0.01638 -6.47319e-02 |150 -0.11481 -2.50564e-02
151 -0.47547  4.06069e-02 |152  0.31378 -1.34206e-02 |153  0.04885  1.03222e-01
154 -0.23502  3.40223e-02 |155  0.18239 -4.35587e-02 |156  0.25985  4.08342e-02
157  0.17454  5.75162e-02 |158  0.25419 -2.62455e-02 |159  0.00590  2.53241e-02
160 -0.09832  5.81185e-03 |161  0.10338  2.49583e-02 |162  0.29676 -1.48639e-02
163  0.16887  2.93317e-02 |164  0.24623  2.18643e-03 |165 -0.35215 -1.89475e-02
166  0.24277  2.03924e-02 |167  0.05282  5.89304e-02 |168 -0.18760  1.65125e-01
169  0.20260 -8.25329e-03 |170  0.31674  2.95761e-02 |171  0.07774 -9.07538e-03
172 -0.53254 -5.78795e-05 |173 -0.38069  1.10783e-02 |174  0.23598 -1.61661e-02
175  0.07831  1.52471e-02 |176 -0.12204  4.92973e-02 |177  0.05113  1.80422e-02
178  0.11968  2.64689e-02 |179  0.32140  5.25111e-02 |180  0.27253  2.61201e-03
181  0.00554  2.67742e-02 |182  0.00905 -4.39174e-02 |183 -0.15023  2.61102e-03
184 -0.12574  2.45477e-02 |185  0.01338 -2.73566e-02 |186  0.39324  3.13378e-02
187  0.01863 -2.88364e-02 |188 -0.15436  2.14833e-02 |189  0.09929  1.31482e-01
190  0.16362 -1.91853e-01 |191  0.21869 -5.85346e-02 |192  0.25726  2.17920e-01
193  0.02454  1.58335e-01 |194 -0.00644 -7.10359e-02 |195 -0.17632  1.08115e-01
196 -0.11434 -1.37832e-01 |197 -0.55411  2.46092e-02 |198  0.17107 -5.09514e-02
199  0.09516  4.08781e-02 |200 -0.25352  1.09778e-02 |
200 variables; iteration 80; function evaluation 92; phase 4
Function value 7.3339615e+03; maximum gradient component mag 1.7143e-02
Var    Value     Gradient |Var    Value     Gradient |Var    Value     Gradient
  1 -0.42335  3.07750e-03 |  2  0.37108  1.54485e-02 |  3 -0.12611  1.30387e-02
  4 -0.01318  1.71426e-02 |  5 -0.70910 -1.71183e-04 |  6 -0.60422  4.16125e-03
  7  0.37624 -1.32696e-02 |  8 -0.18521 -1.07626e-02 |  9  0.03405  1.21153e-02
 10 -0.60953 -5.57619e-03 | 11 -0.62338  2.13815e-03 | 12 -0.09169 -9.05424e-03
 13 -0.01012 -1.23398e-04 | 14 -0.01034 -1.35908e-04 | 15 -0.01056 -1.48152e-04
 16 -0.01077 -1.59956e-04 | 17 -0.01098 -1.71183e-04 | 18 -0.01118 -1.81684e-04
 19 -0.01137 -1.91349e-04 | 20 -0.01156 -2.00114e-04 | 21 -0.01173 -2.07952e-04
 22 -0.01190 -2.14880e-04 | 23 -0.01205 -2.20952e-04 | 24 -0.01219 -2.26259e-04
 25 -0.01231 -2.30917e-04 | 26 -0.01242 -2.35063e-04 | 27 -0.01251 -2.38847e-04
 28 -0.01257 -2.42425e-04 | 29 -0.01262 -2.45949e-04 | 30 -0.01264 -2.49549e-04
 31 -0.01264 -2.53327e-04 | 32 -0.01261 -2.57359e-04 | 33 -0.01256 -2.61700e-04
 34 -0.01248 -2.66388e-04 | 35 -0.01236 -2.71454e-04 | 36 -0.01221 -2.76945e-04
 37 -0.01203 -2.82948e-04 | 38 -0.01181 -2.89636e-04 | 39 -0.01155 -2.97302e-04
 40 -0.01125 -3.06389e-04 | 41 -0.01091 -3.17566e-04 | 42 -0.01054 -3.31611e-04
 43 -0.01013 -3.49356e-04 | 44 -0.00969 -3.71421e-04 | 45 -0.00923 -3.97888e-04
 46 -0.00875 -4.27953e-04 | 47 -0.00826 -4.59770e-04 | 48 -0.00778 -4.90583e-04
 49 -0.00731 -5.17188e-04 | 50 -0.00686 -5.36573e-04 | 51 -0.00645 -5.46408e-04
 52 -0.00608 -5.45239e-04 | 53 -0.00576 -5.32529e-04 | 54 -0.00548 -5.08450e-04
 55 -0.00525 -4.73789e-04 | 56 -0.00503 -4.29986e-04 | 57 -0.00482 -3.79126e-04
 58 -0.00458 -3.23973e-04 | 59 -0.00430 -2.68507e-04 | 60 -0.00394 -2.18189e-04
 61 -0.00348 -1.79921e-04 | 62 -0.00287 -1.60144e-04 | 63 -0.00209 -1.59971e-04
 64 -0.00109 -1.67229e-04 | 65  0.00014 -1.53170e-04 | 66  0.00165 -9.08783e-05
 67  0.00344  8.30076e-06 | 68  0.00556  1.08893e-04 | 69  0.00799  2.25328e-04
 70  0.01073  2.65998e-04 | 71  0.01376  1.08820e-04 | 72  0.01701  5.42645e-04
 73  0.02039  1.04343e-03 | 74  0.02374  9.06025e-04 | 75  0.02688  1.32142e-03
 76  0.02959  1.35520e-03 | 77  0.03168  1.59170e-03 | 78  0.03299 -9.41802e-04
 79  0.03356  1.00662e-03 | 80  0.03344  4.28253e-03 | 81  0.03270  3.00838e-03
 82  0.03141  1.19745e-03 | 83  0.02956  1.70979e-03 | 84  0.02701  1.36105e-03
 85  0.02375  1.70578e-03 | 86  0.01993  7.29099e-04 | 87  0.01595  1.93591e-03
 88  0.01233  2.02202e-03 | 89  0.00947  1.72185e-03 | 90  0.00753  1.60433e-03
 91  0.00629  1.48623e-03 | 92  0.00535  1.39231e-03 | 93  0.00459  1.36980e-03
 94  0.00449  1.49116e-03 | 95  0.00514  1.70859e-03 | 96  0.00537  1.82245e-03
 97  0.00705  1.74692e-03 | 98  0.00963  1.30990e-03 | 99  0.01361  2.34236e-03
100  0.01372  9.64974e-04 |101  0.01248  3.60686e-04 |102  0.01080  5.23758e-04
103  0.00277 -4.38535e-05 |104  0.00362 -1.80605e-03 |105  0.02300 -1.74824e-03
106  0.02147 -1.77269e-03 |107 -0.00261 -1.02821e-03 |108  0.01586  5.03599e-04
109  0.08394  1.32506e-03 |110  0.02835  2.29763e-04 |111 -0.01439 -3.58332e-04
112  0.00445 -2.25964e-03 |113  0.01955 -1.75967e-03 |114  0.03886 -1.50603e-03
115  0.00305 -2.87873e-04 |116 -0.06231 -2.73029e-03 |117 -0.07875 -9.91033e-04
118 -0.07713 -9.26462e-03 |119 -0.03441 -1.58336e-02 |120  0.06997 -1.25550e-02
121  0.02383 -1.94924e-04 |122  0.01398 -5.33067e-03 |123 -0.02776 -4.87476e-03
124 -0.06699 -1.54684e-03 |125 -0.00633  3.11540e-03 |126  0.00478  4.84388e-03
127 -0.02714  4.35201e-03 |128  0.02836  4.29718e-03 |129  0.07361  6.22793e-03
130  0.01052  3.37817e-03 |131  0.08267  8.50408e-03 |132  0.00582  3.69852e-03
133  0.13296  2.42437e-04 |134 -0.00525 -4.22117e-03 |135 -0.04642  6.15150e-04
136 -0.05667 -7.86773e-04 |137 -0.02190 -1.30952e-03 |138  0.09424 -7.53079e-04
139  0.03192 -1.81397e-03 |140  0.01686 -6.22180e-04 |141 -0.02798 -2.97921e-03
142 -0.01757  2.10182e-03 |143 -0.00586  1.64324e-03 |144 -0.00040  6.46375e-05
145  0.27522 -9.91760e-03 |146  0.18628 -8.31607e-04 |147  0.04655 -4.21046e-03
148  0.29672  4.10560e-04 |149  0.01641 -3.29417e-03 |150 -0.11482 -9.06647e-05
151 -0.47549  3.72067e-03 |152  0.31379 -4.57171e-04 |153  0.04880  9.29002e-03
154 -0.23508  2.10131e-03 |155  0.18241  2.35947e-03 |156  0.25986  2.54839e-03
157  0.17453  2.39997e-03 |158  0.25418  1.53288e-04 |159  0.00590  1.08591e-03
160 -0.09831  3.59774e-04 |161  0.10335  7.10999e-04 |162  0.29675 -4.04886e-04
163  0.16883 -1.36428e-03 |164  0.24621 -8.17158e-04 |165 -0.35198  8.23673e-04
166  0.24281  4.38751e-03 |167  0.05277  2.64570e-03 |168 -0.18764  8.54984e-03
169  0.20261 -2.34415e-03 |170  0.31674  1.68500e-03 |171  0.07774 -5.06881e-04
172 -0.53248 -5.26291e-05 |173 -0.38071  3.18071e-04 |174  0.23598 -6.05356e-04
175  0.07830  2.15887e-03 |176 -0.12203  9.36758e-04 |177  0.05107 -4.39956e-04
178  0.11964 -1.23457e-03 |179  0.32137  3.47261e-03 |180  0.27251  3.59526e-04
181  0.00558  3.57657e-03 |182  0.00910 -1.94544e-03 |183 -0.15024 -1.15662e-03
184 -0.12575  1.31834e-03 |185  0.01337 -4.45695e-03 |186  0.39320  1.05168e-03
187  0.01866 -1.48499e-03 |188 -0.15439  2.61834e-03 |189  0.09929  2.68796e-03
190  0.16363 -7.99567e-03 |191  0.21869 -1.17996e-03 |192  0.25726  7.64168e-03
193  0.02454  4.03122e-03 |194 -0.00644 -3.98709e-03 |195 -0.17632  3.76548e-03
196 -0.11434 -5.28631e-03 |197 -0.55412  1.75369e-03 |198  0.17112 -4.51804e-03
199  0.09515  3.67740e-04 |200 -0.25357 -1.49836e-03 |

 - final statistics:
200 variables; iteration 95; function evaluation 112
Function value 7.3340e+03; maximum gradient component mag 7.9932e-04
Exit code = 1;  converg criter 1.0000e-03
Var    Value     Gradient |Var    Value     Gradient |Var    Value     Gradient
  1 -0.42335  1.66394e-04 |  2  0.37108  7.37764e-04 |  3 -0.12611  6.33399e-04
  4 -0.01318  7.99325e-04 |  5 -0.70910 -2.08561e-04 |  6 -0.60422  2.18975e-04
  7  0.37624 -5.68880e-04 |  8 -0.18520 -4.85450e-04 |  9  0.03404  4.74652e-04
 10 -0.60952 -1.16134e-05 | 11 -0.62338  8.57884e-05 | 12 -0.09168 -6.54894e-04
 13 -0.01012 -1.06212e-05 | 14 -0.01034 -1.57295e-05 | 15 -0.01056 -2.09989e-05
 16 -0.01077 -2.63090e-05 | 17 -0.01098 -3.15480e-05 | 18 -0.01118 -3.65852e-05
 19 -0.01137 -4.13051e-05 | 20 -0.01156 -4.56122e-05 | 21 -0.01173 -4.94315e-05
 22 -0.01190 -5.27150e-05 | 23 -0.01205 -5.54424e-05 | 24 -0.01219 -5.76212e-05
 25 -0.01231 -5.92849e-05 | 26 -0.01242 -6.04904e-05 | 27 -0.01251 -6.13142e-05
 28 -0.01257 -6.18441e-05 | 29 -0.01262 -6.21666e-05 | 30 -0.01264 -6.23511e-05
 31 -0.01264 -6.24533e-05 | 32 -0.01261 -6.25153e-05 | 33 -0.01256 -6.25743e-05
 34 -0.01247 -6.26671e-05 | 35 -0.01236 -6.28438e-05 | 36 -0.01221 -6.31808e-05
 37 -0.01203 -6.37961e-05 | 38 -0.01181 -6.48663e-05 | 39 -0.01155 -6.66351e-05
 40 -0.01125 -6.94120e-05 | 41 -0.01091 -7.35642e-05 | 42 -0.01054 -7.94308e-05
 43 -0.01013 -8.72453e-05 | 44 -0.00969 -9.69685e-05 | 45 -0.00923 -1.08167e-04
 46 -0.00875 -1.19970e-04 | 47 -0.00826 -1.31212e-04 | 48 -0.00778 -1.40726e-04
 49 -0.00731 -1.47676e-04 | 50 -0.00686 -1.51773e-04 | 51 -0.00645 -1.53243e-04
 52 -0.00608 -1.52607e-04 | 53 -0.00576 -1.50448e-04 | 54 -0.00548 -1.47211e-04
 55 -0.00524 -1.43185e-04 | 56 -0.00503 -1.38605e-04 | 57 -0.00482 -1.33734e-04
 58 -0.00458 -1.28879e-04 | 59 -0.00430 -1.24376e-04 | 60 -0.00394 -1.20253e-04
 61 -0.00348 -1.15613e-04 | 62 -0.00287 -1.07727e-04 | 63 -0.00209 -9.18627e-05
 64 -0.00109 -6.38408e-05 | 65  0.00014 -2.63268e-05 | 66  0.00165  8.63847e-06
 67  0.00344  3.42866e-05 | 68  0.00556  5.87001e-05 | 69  0.00799  7.35436e-05
 70  0.01073  7.71550e-05 | 71  0.01376  4.72490e-05 | 72  0.01701  5.46636e-05
 73  0.02039  1.73733e-04 | 74  0.02374  1.07910e-04 | 75  0.02688  2.17657e-04
 76  0.02959  2.51183e-04 | 77  0.03167  2.52083e-04 | 78  0.03301  1.42435e-04
 79  0.03356  2.42417e-04 | 80  0.03342  3.47533e-04 | 81  0.03269  3.36072e-04
 82  0.03142  1.90136e-04 | 83  0.02955  2.12414e-04 | 84  0.02701  1.11506e-04
 85  0.02375  1.58278e-04 | 86  0.01993 -1.61012e-04 | 87  0.01595  1.91051e-04
 88  0.01232  1.33642e-04 | 89  0.00947  8.41479e-05 | 90  0.00753  5.60381e-05
 91  0.00629  4.56918e-05 | 92  0.00535  4.13369e-05 | 93  0.00459  3.35672e-05
 94  0.00449  1.08838e-05 | 95  0.00513 -2.25644e-05 | 96  0.00537 -5.06331e-05
 97  0.00705  8.53396e-07 | 98  0.00963  7.49927e-05 | 99  0.01361  1.50701e-04
100  0.01372  1.24199e-04 |101  0.01248  1.47471e-04 |102  0.01080  5.56025e-05
103  0.00276 -1.19564e-04 |104  0.00363  1.43628e-04 |105  0.02300  2.36196e-04
106  0.02148  2.19256e-04 |107 -0.00261 -2.57367e-04 |108  0.01586 -3.36709e-04
109  0.08394  5.96379e-05 |110  0.02835 -1.84827e-04 |111 -0.01439  3.55331e-04
112  0.00446 -2.20862e-05 |113  0.01955  2.43318e-04 |114  0.03887 -1.52673e-04
115  0.00304 -5.43286e-04 |116 -0.06230  6.94666e-04 |117 -0.07875  6.95068e-05
118 -0.07712 -5.74205e-04 |119 -0.03440 -6.27558e-04 |120  0.06997 -6.37337e-04
121  0.02382  2.58746e-04 |122  0.01399 -4.52327e-04 |123 -0.02776  1.20645e-04
124 -0.06698 -2.16564e-04 |125 -0.00633  6.82833e-05 |126  0.00477  7.47585e-04
127 -0.02715 -1.95745e-04 |128  0.02836  6.82319e-04 |129  0.07361  2.38536e-04
130  0.01051  2.72002e-04 |131  0.08266  7.77295e-04 |132  0.00582  1.10409e-04
133  0.13296  2.35590e-04 |134 -0.00525  3.23780e-06 |135 -0.04642  1.18475e-05
136 -0.05667  1.53646e-04 |137 -0.02189 -4.30473e-04 |138  0.09425 -4.77595e-04
139  0.03193 -2.27444e-04 |140  0.01687  4.17379e-06 |141 -0.02797 -1.29604e-04
142 -0.01758  1.23879e-04 |143 -0.00587  1.37899e-04 |144 -0.00040 -1.61378e-05
145  0.27523 -2.86776e-04 |146  0.18628 -1.64202e-04 |147  0.04655 -1.50018e-04
148  0.29672  3.15752e-05 |149  0.01641 -1.99571e-04 |150 -0.11482  1.06182e-05
151 -0.47550 -9.11762e-05 |152  0.31378  2.82333e-04 |153  0.04880  5.85054e-04
154 -0.23508  7.35353e-06 |155  0.18241  2.77936e-04 |156  0.25985  1.78798e-04
157  0.17452  1.71908e-04 |158  0.25418  2.83605e-05 |159  0.00590  9.30143e-06
160 -0.09831  3.19562e-05 |161  0.10334  2.42690e-05 |162  0.29675 -4.50936e-05
163  0.16884 -4.79704e-04 |164  0.24621 -3.08517e-04 |165 -0.35199  2.47671e-05
166  0.24280  1.83624e-04 |167  0.05277  1.15473e-04 |168 -0.18764  3.38288e-04
169  0.20262  2.71385e-05 |170  0.31674  1.02650e-04 |171  0.07774 -4.64854e-05
172 -0.53238 -4.53423e-05 |173 -0.38070 -2.58105e-05 |174  0.23598 -5.20105e-05
175  0.07830  6.09227e-05 |176 -0.12203  6.13757e-05 |177  0.05108 -2.57998e-05
178  0.11964  4.25121e-06 |179  0.32137  1.63929e-04 |180  0.27251  4.22973e-05
181  0.00557  1.89599e-04 |182  0.00910 -1.53976e-04 |183 -0.15023 -6.32679e-05
184 -0.12575  7.55775e-05 |185  0.01338 -1.55052e-04 |186  0.39320  2.40002e-05
187  0.01865 -1.04512e-04 |188 -0.15439  1.40186e-04 |189  0.09929  1.17220e-04
190  0.16363 -3.77829e-04 |191  0.21869 -4.27189e-05 |192  0.25726  3.79463e-04
193  0.02454  1.77231e-04 |194 -0.00644 -2.11910e-04 |195 -0.17632  1.78462e-04
196 -0.11434 -2.55854e-04 |197 -0.55411 -1.03454e-04 |198  0.17112 -1.67546e-04
199  0.09515 -4.81519e-05 |200 -0.25357 -1.47201e-04 |

 - final statistics:
213 variables; iteration 0; function evaluation 0
Function value 7.3340e+03; maximum gradient component mag 7.9932e-04
Exit code = 0;  converg criter 1.0000e-03
Var    Value     Gradient |Var    Value     Gradient |Var    Value     Gradient
  1 -0.42335  1.66394e-04 |  2  0.37108  7.37764e-04 |  3 -0.12611  6.33399e-04
  4 -0.01318  7.99325e-04 |  5 -0.70910 -2.08561e-04 |  6 -0.60422  2.18975e-04
  7  0.37624 -5.68880e-04 |  8 -0.18520 -4.85450e-04 |  9  0.03404  4.74652e-04
 10 -0.60952 -1.16134e-05 | 11 -0.62338  8.57884e-05 | 12 -0.09168 -6.54894e-04
 13 -0.01012 -1.06212e-05 | 14 -0.01034 -1.57295e-05 | 15 -0.01056 -2.09989e-05
 16 -0.01077 -2.63090e-05 | 17 -0.01098 -3.15480e-05 | 18 -0.01118 -3.65852e-05
 19 -0.01137 -4.13051e-05 | 20 -0.01156 -4.56122e-05 | 21 -0.01173 -4.94315e-05
 22 -0.01190 -5.27150e-05 | 23 -0.01205 -5.54424e-05 | 24 -0.01219 -5.76212e-05
 25 -0.01231 -5.92849e-05 | 26 -0.01242 -6.04904e-05 | 27 -0.01251 -6.13142e-05
 28 -0.01257 -6.18441e-05 | 29 -0.01262 -6.21666e-05 | 30 -0.01264 -6.23511e-05
 31 -0.01264 -6.24533e-05 | 32 -0.01261 -6.25153e-05 | 33 -0.01256 -6.25743e-05
 34 -0.01247 -6.26671e-05 | 35 -0.01236 -6.28438e-05 | 36 -0.01221 -6.31808e-05
 37 -0.01203 -6.37961e-05 | 38 -0.01181 -6.48663e-05 | 39 -0.01155 -6.66351e-05
 40 -0.01125 -6.94120e-05 | 41 -0.01091 -7.35642e-05 | 42 -0.01054 -7.94308e-05
 43 -0.01013 -8.72453e-05 | 44 -0.00969 -9.69685e-05 | 45 -0.00923 -1.08167e-04
 46 -0.00875 -1.19970e-04 | 47 -0.00826 -1.31212e-04 | 48 -0.00778 -1.40726e-04
 49 -0.00731 -1.47676e-04 | 50 -0.00686 -1.51773e-04 | 51 -0.00645 -1.53243e-04
 52 -0.00608 -1.52607e-04 | 53 -0.00576 -1.50448e-04 | 54 -0.00548 -1.47211e-04
 55 -0.00524 -1.43185e-04 | 56 -0.00503 -1.38605e-04 | 57 -0.00482 -1.33734e-04
 58 -0.00458 -1.28879e-04 | 59 -0.00430 -1.24376e-04 | 60 -0.00394 -1.20253e-04
 61 -0.00348 -1.15613e-04 | 62 -0.00287 -1.07727e-04 | 63 -0.00209 -9.18627e-05
 64 -0.00109 -6.38408e-05 | 65  0.00014 -2.63268e-05 | 66  0.00165  8.63847e-06
 67  0.00344  3.42866e-05 | 68  0.00556  5.87001e-05 | 69  0.00799  7.35436e-05
 70  0.01073  7.71550e-05 | 71  0.01376  4.72490e-05 | 72  0.01701  5.46636e-05
 73  0.02039  1.73733e-04 | 74  0.02374  1.07910e-04 | 75  0.02688  2.17657e-04
 76  0.02959  2.51183e-04 | 77  0.03167  2.52083e-04 | 78  0.03301  1.42435e-04
 79  0.03356  2.42417e-04 | 80  0.03342  3.47533e-04 | 81  0.03269  3.36072e-04
 82  0.03142  1.90136e-04 | 83  0.02955  2.12414e-04 | 84  0.02701  1.11506e-04
 85  0.02375  1.58278e-04 | 86  0.01993 -1.61012e-04 | 87  0.01595  1.91051e-04
 88  0.01232  1.33642e-04 | 89  0.00947  8.41479e-05 | 90  0.00753  5.60381e-05
 91  0.00629  4.56918e-05 | 92  0.00535  4.13369e-05 | 93  0.00459  3.35672e-05
 94  0.00449  1.08838e-05 | 95  0.00513 -2.25644e-05 | 96  0.00537 -5.06331e-05
 97  0.00705  8.53396e-07 | 98  0.00963  7.49927e-05 | 99  0.01361  1.50701e-04
100  0.01372  1.24199e-04 |101  0.01248  1.47471e-04 |102  0.01080  5.56025e-05
103  0.00276 -1.19564e-04 |104  0.00363  1.43628e-04 |105  0.02300  2.36196e-04
106  0.02148  2.19256e-04 |107 -0.00261 -2.57367e-04 |108  0.01586 -3.36709e-04
109  0.08394  5.96379e-05 |110  0.02835 -1.84827e-04 |111 -0.01439  3.55331e-04
112  0.00446 -2.20862e-05 |113  0.01955  2.43318e-04 |114  0.03887 -1.52673e-04
115  0.00304 -5.43286e-04 |116 -0.06230  6.94666e-04 |117 -0.07875  6.95068e-05
118 -0.07712 -5.74205e-04 |119 -0.03440 -6.27558e-04 |120  0.06997 -6.37337e-04
121  0.02382  2.58746e-04 |122  0.01399 -4.52327e-04 |123 -0.02776  1.20645e-04
124 -0.06698 -2.16564e-04 |125 -0.00633  6.82833e-05 |126  0.00477  7.47585e-04
127 -0.02715 -1.95745e-04 |128  0.02836  6.82319e-04 |129  0.07361  2.38536e-04
130  0.01051  2.72002e-04 |131  0.08266  7.77295e-04 |132  0.00582  1.10409e-04
133  0.13296  2.35590e-04 |134 -0.00525  3.23780e-06 |135 -0.04642  1.18475e-05
136 -0.05667  1.53646e-04 |137 -0.02189 -4.30473e-04 |138  0.09425 -4.77595e-04
139  0.03193 -2.27444e-04 |140  0.01687  4.17379e-06 |141 -0.02797 -1.29604e-04
142 -0.01758  1.23879e-04 |143 -0.00587  1.37899e-04 |144 -0.00040 -1.61378e-05
145  0.00000  0.00000e+00 |146  0.00000  0.00000e+00 |147  0.00000  0.00000e+00
148  0.00000  0.00000e+00 |149  0.00000  0.00000e+00 |150  0.00000  0.00000e+00
151  0.00000  0.00000e+00 |152  0.00000  0.00000e+00 |153  0.00000  0.00000e+00
154  0.00000  0.00000e+00 |155  0.00000  0.00000e+00 |156  0.00000  0.00000e+00
157  0.00000  0.00000e+00 |158  0.27523 -2.86776e-04 |159  0.18628 -1.64202e-04
160  0.04655 -1.50018e-04 |161  0.29672  3.15752e-05 |162  0.01641 -1.99571e-04
163 -0.11482  1.06182e-05 |164 -0.47550 -9.11762e-05 |165  0.31378  2.82333e-04
166  0.04880  5.85054e-04 |167 -0.23508  7.35353e-06 |168  0.18241  2.77936e-04
169  0.25985  1.78798e-04 |170  0.17452  1.71908e-04 |171  0.25418  2.83605e-05
172  0.00590  9.30143e-06 |173 -0.09831  3.19562e-05 |174  0.10334  2.42690e-05
175  0.29675 -4.50936e-05 |176  0.16884 -4.79704e-04 |177  0.24621 -3.08517e-04
178 -0.35199  2.47671e-05 |179  0.24280  1.83624e-04 |180  0.05277  1.15473e-04
181 -0.18764  3.38288e-04 |182  0.20262  2.71385e-05 |183  0.31674  1.02650e-04
184  0.07774 -4.64854e-05 |185 -0.53238 -4.53423e-05 |186 -0.38070 -2.58105e-05
187  0.23598 -5.20105e-05 |188  0.07830  6.09227e-05 |189 -0.12203  6.13757e-05
190  0.05108 -2.57998e-05 |191  0.11964  4.25121e-06 |192  0.32137  1.63929e-04
193  0.27251  4.22973e-05 |194  0.00557  1.89599e-04 |195  0.00910 -1.53976e-04
196 -0.15023 -6.32679e-05 |197 -0.12575  7.55775e-05 |198  0.01338 -1.55052e-04
199  0.39320  2.40002e-05 |200  0.01865 -1.04512e-04 |201 -0.15439  1.40186e-04
202  0.09929  1.17220e-04 |203  0.16363 -3.77829e-04 |204  0.21869 -4.27189e-05
205  0.25726  3.79463e-04 |206  0.02454  1.77231e-04 |207 -0.00644 -2.11910e-04
208 -0.17632  1.78462e-04 |209 -0.11434 -2.55854e-04 |210 -0.55411 -1.03454e-04
211  0.17112 -1.67546e-04 |212  0.09515 -4.81519e-05 |213 -0.25357 -1.47201e-04
size of file gradfil1.tmp = 0
size of file gradfil2.tmp = 0
size of file varssave.tmp = 0
size of file cmpdiff.tmp = 1000000040
