
Initial statistics: 136 variables; iteration 0; function evaluation 0; phase 1
Function value 7.1514896e+03; maximum gradient component mag 1.8626e+01
Var    Value     Gradient |Var    Value     Gradient |Var    Value     Gradient
  1 -0.42335  1.86264e+01 |  2 -0.09168 -1.96021e+00 |  3 -0.01012 -1.13753e-01
  4 -0.01034 -1.17453e-01 |  5 -0.01056 -1.21290e-01 |  6 -0.01077 -1.25281e-01
  7 -0.01098 -1.29440e-01 |  8 -0.01118 -1.33762e-01 |  9 -0.01137 -1.38265e-01
 10 -0.01156 -1.42962e-01 | 11 -0.01173 -1.47855e-01 | 12 -0.01190 -1.52963e-01
 13 -0.01205 -1.58305e-01 | 14 -0.01219 -1.63872e-01 | 15 -0.01231 -1.69676e-01
 16 -0.01242 -1.75707e-01 | 17 -0.01251 -1.81945e-01 | 18 -0.01257 -1.88347e-01
 19 -0.01262 -1.94867e-01 | 20 -0.01264 -2.01423e-01 | 21 -0.01264 -2.07921e-01
 22 -0.01261 -2.14221e-01 | 23 -0.01256 -2.20126e-01 | 24 -0.01247 -2.25385e-01
 25 -0.01236 -2.29683e-01 | 26 -0.01221 -2.32624e-01 | 27 -0.01203 -2.33775e-01
 28 -0.01181 -2.32659e-01 | 29 -0.01155 -2.28792e-01 | 30 -0.01125 -2.21683e-01
 31 -0.01091 -2.10934e-01 | 32 -0.01054 -1.96176e-01 | 33 -0.01013 -1.77124e-01
 34 -0.00969 -1.53637e-01 | 35 -0.00923 -1.25728e-01 | 36 -0.00875 -9.35928e-02
 37 -0.00826 -5.76650e-02 | 38 -0.00778 -1.85997e-02 | 39 -0.00731  2.26641e-02
 40 -0.00686  6.48763e-02 | 41 -0.00645  1.06427e-01 | 42 -0.00608  1.45320e-01
 43 -0.00576  1.79321e-01 | 44 -0.00548  2.06085e-01 | 45 -0.00524  2.23228e-01
 46 -0.00503  2.28438e-01 | 47 -0.00482  2.19548e-01 | 48 -0.00458  1.94558e-01
 49 -0.00430  1.51940e-01 | 50 -0.00394  9.08472e-02 | 51 -0.00348  1.12717e-02
 52 -0.00287 -8.59611e-02 | 53 -0.00209 -1.98930e-01 | 54 -0.00109 -3.24942e-01
 55  0.00014 -4.60446e-01 | 56  0.00165 -6.01881e-01 | 57  0.00344 -7.45092e-01
 58  0.00556 -8.85934e-01 | 59  0.00799 -1.02078e+00 | 60  0.01073 -1.14626e+00
 61  0.01376 -1.25961e+00 | 62  0.01701 -1.35833e+00 | 63  0.02039 -1.44048e+00
 64  0.02374 -1.50424e+00 | 65  0.02688 -1.54775e+00 | 66  0.02959 -1.56907e+00
 67  0.03167 -1.56711e+00 | 68  0.03301 -1.54193e+00 | 69  0.03356 -1.49512e+00
 70  0.03342 -1.42970e+00 | 71  0.03269 -1.34961e+00 | 72  0.03142 -1.25829e+00
 73  0.02955 -1.15987e+00 | 74  0.02701 -1.05892e+00 | 75  0.02374 -9.61873e-01
 76  0.01993 -8.76007e-01 | 77  0.01595 -8.08374e-01 | 78  0.01232 -7.63155e-01
 79  0.00947 -7.40836e-01 | 80  0.00753 -7.36817e-01 | 81  0.00629 -7.42375e-01
 82  0.00535 -7.45150e-01 | 83  0.00459 -7.33057e-01 | 84  0.00449 -6.97209e-01
 85  0.00513 -6.26697e-01 | 86  0.00537 -5.05703e-01 | 87  0.00705 -3.33206e-01
 88  0.00963 -9.58052e-02 | 89  0.01361  2.18570e-01 | 90  0.01372  6.01344e-01
 91  0.01248  1.03152e+00 | 92  0.01080  1.49260e+00 | 93  0.00276  1.87552e+00
 94  0.00363  2.37547e+00 | 95  0.02300  3.31727e+00 | 96  0.02148  3.78319e+00
 97 -0.00261  3.49226e+00 | 98  0.01586  4.36073e+00 | 99  0.08394  7.74879e+00
100  0.02835  5.21327e+00 |101 -0.01439  3.79615e+00 |102  0.00446  4.44982e+00
103  0.01955  5.03040e+00 |104  0.03886  5.82064e+00 |105  0.00304  4.33234e+00
106 -0.06231  2.51526e+00 |107 -0.07875  2.09936e+00 |108 -0.07712  1.93050e+00
109 -0.03440  2.22164e+00 |110  0.06997  3.40224e+00 |111  0.02382  1.17249e+00
112  0.01399  2.91062e-01 |113 -0.02776  3.34138e-02 |114 -0.06698  8.25141e-02
115 -0.00633  7.99075e-02 |116  0.00477 -6.22660e-01 |117 -0.02715 -1.53978e+00
118  0.02836 -3.93558e+00 |119  0.07361 -6.77432e+00 |120  0.01051 -4.32087e+00
121  0.08266 -6.25506e+00 |122  0.00582 -2.26266e+00 |123  0.13296 -3.87071e+00
124 -0.00525 -7.83898e-01 |125 -0.04642 -5.10883e-01 |126 -0.05667 -4.23006e-01
127 -0.02189 -3.77228e-01 |128  0.09425 -5.18977e-01 |129  0.03193 -5.97714e-02
130  0.01687 -7.71423e-04 |131 -0.02797 -5.18674e-06 |132 -0.01758 -6.03125e-06
133 -0.00587  1.20311e-05 |134 -0.00040 -1.51488e-06 |135  0.27523 -6.12629e-05
136  0.18628  3.94426e-04 |

 - final statistics:
136 variables; iteration 1; function evaluation 1
Function value 7.1515e+03; maximum gradient component mag -6.6800e+00
Exit code = 1;  converg criter 1.0000e+01
Var    Value     Gradient |Var    Value     Gradient |Var    Value     Gradient
  1 -0.42379  4.21922e+00 |  2 -0.09164  1.99299e+00 |  3 -0.01012 -6.77001e-02
  4 -0.01034 -7.02096e-02 |  5 -0.01055 -7.28325e-02 |  6 -0.01077 -7.55857e-02
  7 -0.01097 -7.84801e-02 |  8 -0.01117 -8.15118e-02 |  9 -0.01137 -8.46996e-02
 10 -0.01155 -8.80563e-02 | 11 -0.01173 -9.15826e-02 | 12 -0.01189 -9.52973e-02
 13 -0.01205 -9.92176e-02 | 14 -0.01219 -1.03333e-01 | 15 -0.01231 -1.07656e-01
 16 -0.01241 -1.12176e-01 | 17 -0.01250 -1.16874e-01 | 18 -0.01257 -1.21708e-01
 19 -0.01262 -1.26632e-01 | 20 -0.01264 -1.31565e-01 | 21 -0.01264 -1.36407e-01
 22 -0.01261 -1.41019e-01 | 23 -0.01255 -1.45199e-01 | 24 -0.01247 -1.48696e-01
 25 -0.01235 -1.51199e-01 | 26 -0.01221 -1.52314e-01 | 27 -0.01202 -1.51615e-01
 28 -0.01180 -1.48630e-01 | 29 -0.01154 -1.42879e-01 | 30 -0.01124 -1.33884e-01
 31 -0.01091 -1.21232e-01 | 32 -0.01053 -1.04558e-01 | 33 -0.01013 -8.35752e-02
 34 -0.00969 -5.81417e-02 | 35 -0.00923 -2.82720e-02 | 36 -0.00875  5.83847e-03
 37 -0.00826  4.37599e-02 | 38 -0.00778  8.48403e-02 | 39 -0.00731  1.28145e-01
 40 -0.00686  1.72426e-01 | 41 -0.00645  2.16065e-01 | 42 -0.00608  2.57054e-01
 43 -0.00576  2.93162e-01 | 44 -0.00549  3.22059e-01 | 45 -0.00525  3.41392e-01
 46 -0.00503  3.48894e-01 | 47 -0.00482  3.42450e-01 | 48 -0.00459  3.20095e-01
 49 -0.00431  2.80359e-01 | 50 -0.00395  2.22435e-01 | 51 -0.00348  1.46371e-01
 52 -0.00287  5.30197e-02 | 53 -0.00208 -5.56557e-02 | 54 -0.00108 -1.76915e-01
 55  0.00015 -3.07206e-01 | 56  0.00166 -4.42815e-01 | 57  0.00346 -5.79595e-01
 58  0.00558 -7.13385e-01 | 59  0.00801 -8.40503e-01 | 60  0.01076 -9.57584e-01
 61  0.01379 -1.06186e+00 | 62  0.01704 -1.15088e+00 | 63  0.02042 -1.22286e+00
 64  0.02377 -1.27618e+00 | 65  0.02692 -1.30931e+00 | 66  0.02963 -1.32081e+00
 67  0.03171 -1.31004e+00 | 68  0.03304 -1.27745e+00 | 69  0.03360 -1.22488e+00
 70  0.03346 -1.15531e+00 | 71  0.03272 -1.07266e+00 | 72  0.03145 -9.80353e-01
 73  0.02958 -8.82719e-01 | 74  0.02703 -7.84603e-01 | 75  0.02377 -6.92473e-01
 76  0.01995 -6.13267e-01 | 77  0.01597 -5.53198e-01 | 78  0.01234 -5.15508e-01
 79  0.00949 -4.99919e-01 | 80  0.00755 -5.01804e-01 | 81  0.00631 -5.12995e-01
 82  0.00537 -5.22204e-01 | 83  0.00461 -5.18024e-01 | 84  0.00450 -4.91351e-01
 85  0.00515 -4.31941e-01 | 86  0.00538 -3.26642e-01 | 87  0.00706 -1.72658e-01
 88  0.00964  4.11818e-02 | 89  0.01360  3.25657e-01 | 90  0.01371  6.67720e-01
 91  0.01245  1.04760e+00 | 92  0.01076  1.44950e+00 | 93  0.00272  1.77064e+00
 94  0.00357  2.19432e+00 | 95  0.02292  3.00851e+00 | 96  0.02139  3.37346e+00
 97 -0.00269  3.06230e+00 | 98  0.01575  3.76147e+00 | 99  0.08375  6.58651e+00
100  0.02822  4.37735e+00 |101 -0.01448  3.16762e+00 |102  0.00435  3.70065e+00
103  0.01943  4.18334e+00 |104  0.03873  4.85963e+00 |105  0.00294  3.64892e+00
106 -0.06237  2.15244e+00 |107 -0.07880  1.81644e+00 |108 -0.07717  1.66938e+00
109 -0.03445  1.87957e+00 |110  0.06989  2.70865e+00 |111  0.02379  7.67274e-01
112  0.01398 -9.77284e-03 |113 -0.02776 -1.43476e-01 |114 -0.06699 -2.20210e-02
115 -0.00633 -4.46009e-02 |116  0.00479 -7.04745e-01 |117 -0.02711 -1.55953e+00
118  0.02845 -3.90204e+00 |119  0.07377 -6.67999e+00 |120  0.01062 -4.25757e+00
121  0.08281 -6.17425e+00 |122  0.00587 -2.24500e+00 |123  0.13305 -3.84833e+00
124 -0.00523 -7.92794e-01 |125 -0.04641 -5.17673e-01 |126 -0.05666 -4.27615e-01
127 -0.02188 -3.82098e-01 |128  0.09426 -5.31149e-01 |129  0.03193 -6.86462e-02
130  0.01687 -8.23877e-03 |131 -0.02797 -3.38754e-03 |132 -0.01758 -1.60828e-03
133 -0.00587 -4.54892e-04 |134 -0.00040 -7.14829e-05 |135  0.27523  5.84101e-01
136  0.18628  6.22314e-01 |

Initial statistics: 146 variables; iteration 0; function evaluation 0; phase 2
Function value 7.1514736e+03; maximum gradient component mag -5.4081e+01
Var    Value     Gradient |Var    Value     Gradient |Var    Value     Gradient
  1 -0.42379  4.21922e+00 |  2  0.37108 -3.37528e+01 |  3 -0.12611 -4.80313e+01
  4 -0.01318 -5.40814e+01 |  5 -0.70910 -2.01656e+00 |  6 -0.60422 -1.86896e+01
  7  0.37624 -3.53934e+01 |  8 -0.18520 -4.78259e+01 |  9  0.03404 -5.06736e+01
 10 -0.60952 -3.67866e+00 | 11 -0.62338 -2.81817e+01 | 12 -0.09164  1.99299e+00
 13 -0.01012 -6.77001e-02 | 14 -0.01034 -7.02096e-02 | 15 -0.01055 -7.28325e-02
 16 -0.01077 -7.55857e-02 | 17 -0.01097 -7.84801e-02 | 18 -0.01117 -8.15118e-02
 19 -0.01137 -8.46996e-02 | 20 -0.01155 -8.80563e-02 | 21 -0.01173 -9.15826e-02
 22 -0.01189 -9.52973e-02 | 23 -0.01205 -9.92176e-02 | 24 -0.01219 -1.03333e-01
 25 -0.01231 -1.07656e-01 | 26 -0.01241 -1.12176e-01 | 27 -0.01250 -1.16874e-01
 28 -0.01257 -1.21708e-01 | 29 -0.01262 -1.26632e-01 | 30 -0.01264 -1.31565e-01
 31 -0.01264 -1.36407e-01 | 32 -0.01261 -1.41019e-01 | 33 -0.01255 -1.45199e-01
 34 -0.01247 -1.48696e-01 | 35 -0.01235 -1.51199e-01 | 36 -0.01221 -1.52314e-01
 37 -0.01202 -1.51615e-01 | 38 -0.01180 -1.48630e-01 | 39 -0.01154 -1.42879e-01
 40 -0.01124 -1.33884e-01 | 41 -0.01091 -1.21232e-01 | 42 -0.01053 -1.04558e-01
 43 -0.01013 -8.35752e-02 | 44 -0.00969 -5.81417e-02 | 45 -0.00923 -2.82720e-02
 46 -0.00875  5.83847e-03 | 47 -0.00826  4.37599e-02 | 48 -0.00778  8.48403e-02
 49 -0.00731  1.28145e-01 | 50 -0.00686  1.72426e-01 | 51 -0.00645  2.16065e-01
 52 -0.00608  2.57054e-01 | 53 -0.00576  2.93162e-01 | 54 -0.00549  3.22059e-01
 55 -0.00525  3.41392e-01 | 56 -0.00503  3.48894e-01 | 57 -0.00482  3.42450e-01
 58 -0.00459  3.20095e-01 | 59 -0.00431  2.80359e-01 | 60 -0.00395  2.22435e-01
 61 -0.00348  1.46371e-01 | 62 -0.00287  5.30197e-02 | 63 -0.00208 -5.56557e-02
 64 -0.00108 -1.76915e-01 | 65  0.00015 -3.07206e-01 | 66  0.00166 -4.42815e-01
 67  0.00346 -5.79595e-01 | 68  0.00558 -7.13385e-01 | 69  0.00801 -8.40503e-01
 70  0.01076 -9.57584e-01 | 71  0.01379 -1.06186e+00 | 72  0.01704 -1.15088e+00
 73  0.02042 -1.22286e+00 | 74  0.02377 -1.27618e+00 | 75  0.02692 -1.30931e+00
 76  0.02963 -1.32081e+00 | 77  0.03171 -1.31004e+00 | 78  0.03304 -1.27745e+00
 79  0.03360 -1.22488e+00 | 80  0.03346 -1.15531e+00 | 81  0.03272 -1.07266e+00
 82  0.03145 -9.80353e-01 | 83  0.02958 -8.82719e-01 | 84  0.02703 -7.84603e-01
 85  0.02377 -6.92473e-01 | 86  0.01995 -6.13267e-01 | 87  0.01597 -5.53198e-01
 88  0.01234 -5.15508e-01 | 89  0.00949 -4.99919e-01 | 90  0.00755 -5.01804e-01
 91  0.00631 -5.12995e-01 | 92  0.00537 -5.22204e-01 | 93  0.00461 -5.18024e-01
 94  0.00450 -4.91351e-01 | 95  0.00515 -4.31941e-01 | 96  0.00538 -3.26642e-01
 97  0.00706 -1.72658e-01 | 98  0.00964  4.11818e-02 | 99  0.01360  3.25657e-01
100  0.01371  6.67720e-01 |101  0.01245  1.04760e+00 |102  0.01076  1.44950e+00
103  0.00272  1.77064e+00 |104  0.00357  2.19432e+00 |105  0.02292  3.00851e+00
106  0.02139  3.37346e+00 |107 -0.00269  3.06230e+00 |108  0.01575  3.76147e+00
109  0.08375  6.58651e+00 |110  0.02822  4.37735e+00 |111 -0.01448  3.16762e+00
112  0.00435  3.70065e+00 |113  0.01943  4.18334e+00 |114  0.03873  4.85963e+00
115  0.00294  3.64892e+00 |116 -0.06237  2.15244e+00 |117 -0.07880  1.81644e+00
118 -0.07717  1.66938e+00 |119 -0.03445  1.87957e+00 |120  0.06989  2.70865e+00
121  0.02379  7.67274e-01 |122  0.01398 -9.77284e-03 |123 -0.02776 -1.43476e-01
124 -0.06699 -2.20210e-02 |125 -0.00633 -4.46009e-02 |126  0.00479 -7.04745e-01
127 -0.02711 -1.55953e+00 |128  0.02845 -3.90204e+00 |129  0.07377 -6.67999e+00
130  0.01062 -4.25757e+00 |131  0.08281 -6.17425e+00 |132  0.00587 -2.24500e+00
133  0.13305 -3.84833e+00 |134 -0.00523 -7.92794e-01 |135 -0.04641 -5.17673e-01
136 -0.05666 -4.27615e-01 |137 -0.02188 -3.82098e-01 |138  0.09426 -5.31149e-01
139  0.03193 -6.86462e-02 |140  0.01687 -8.23877e-03 |141 -0.02797 -3.38754e-03
142 -0.01758 -1.60828e-03 |143 -0.00587 -4.54892e-04 |144 -0.00040 -7.14829e-05
145  0.27523  5.84101e-01 |146  0.18628  6.22314e-01 |

Intermediate statistics: 146 variables; iteration 20; function evaluation 23; phase 2
Function value 7.1513148e+03; maximum gradient component mag -5.6663e+01
Var    Value     Gradient |Var    Value     Gradient |Var    Value     Gradient
  1 -0.42352  7.33200e+00 |  2  0.37030 -3.37003e+01 |  3 -0.12653 -3.43181e+01
  4 -0.01159 -4.07164e+01 |  5 -0.70994 -1.56208e+00 |  6 -0.60407 -1.39947e+01
  7  0.37381 -5.66628e+01 |  8 -0.18576 -3.56660e+01 |  9  0.03755 -4.61656e+01
 10 -0.61265  3.83876e-01 | 11 -0.62207  1.00905e+01 | 12 -0.09666 -1.85029e+00
 13 -0.01003 -6.77215e-02 | 14 -0.01024 -6.98265e-02 | 15 -0.01046 -7.20020e-02
 16 -0.01066 -7.42566e-02 | 17 -0.01087 -7.65971e-02 | 18 -0.01106 -7.90182e-02
 19 -0.01125 -8.15283e-02 | 20 -0.01143 -8.41331e-02 | 21 -0.01160 -8.68307e-02
 22 -0.01176 -8.96299e-02 | 23 -0.01191 -9.25383e-02 | 24 -0.01204 -9.55471e-02
 25 -0.01215 -9.86604e-02 | 26 -0.01225 -1.01867e-01 | 27 -0.01233 -1.05148e-01
 28 -0.01239 -1.08470e-01 | 29 -0.01242 -1.11797e-01 | 30 -0.01244 -1.15072e-01
 31 -0.01242 -1.18231e-01 | 32 -0.01239 -1.21183e-01 | 33 -0.01232 -1.23803e-01
 34 -0.01223 -1.25932e-01 | 35 -0.01211 -1.27378e-01 | 36 -0.01196 -1.27899e-01
 37 -0.01177 -1.27232e-01 | 38 -0.01155 -1.25091e-01 | 39 -0.01129 -1.21190e-01
 40 -0.01100 -1.15238e-01 | 41 -0.01068 -1.07010e-01 | 42 -0.01033 -9.62962e-02
 43 -0.00995 -8.29399e-02 | 44 -0.00955 -6.68732e-02 | 45 -0.00913 -4.81196e-02
 46 -0.00870 -2.68084e-02 | 47 -0.00827 -3.20610e-03 | 48 -0.00785  2.22959e-02
 49 -0.00745  4.91448e-02 | 50 -0.00708  7.66103e-02 | 51 -0.00674  1.03756e-01
 52 -0.00645  1.29428e-01 | 53 -0.00620  1.52348e-01 | 54 -0.00599  1.71182e-01
 55 -0.00580  1.84579e-01 | 56 -0.00562  1.91221e-01 | 57 -0.00543  1.89861e-01
 58 -0.00519  1.79339e-01 | 59 -0.00488  1.58787e-01 | 60 -0.00448  1.27754e-01
 61 -0.00393  8.63293e-02 | 62 -0.00322  3.51398e-02 | 63 -0.00231 -2.44780e-02
 64 -0.00118 -9.06649e-02 | 65  0.00022 -1.61047e-01 | 66  0.00190 -2.33117e-01
 67  0.00388 -3.04151e-01 | 68  0.00618 -3.71505e-01 | 69  0.00880 -4.32959e-01
 70  0.01173 -4.86729e-01 | 71  0.01493 -5.31704e-01 | 72  0.01834 -5.67415e-01
 73  0.02184 -5.94163e-01 | 74  0.02528 -6.12742e-01 | 75  0.02845 -6.24116e-01
 76  0.03113 -6.29002e-01 | 77  0.03312 -6.27636e-01 | 78  0.03431 -6.19685e-01
 79  0.03467 -6.04595e-01 | 80  0.03433 -5.82193e-01 | 81  0.03341 -5.52964e-01
 82  0.03196 -5.17826e-01 | 83  0.02996 -4.78203e-01 | 84  0.02734 -4.36159e-01
 85  0.02405 -3.95437e-01 | 86  0.02026 -3.61763e-01 | 87  0.01634 -3.41808e-01
 88  0.01279 -3.40409e-01 | 89  0.01002 -3.58812e-01 | 90  0.00817 -3.94209e-01
 91  0.00701 -4.41125e-01 | 92  0.00613 -4.92388e-01 | 93  0.00538 -5.41107e-01
 94  0.00524 -5.80509e-01 | 95  0.00581 -6.01199e-01 | 96  0.00589 -5.94273e-01
 97  0.00741 -5.58554e-01 | 98  0.00983 -4.86020e-01 | 99  0.01367 -3.62253e-01
100  0.01356 -1.72210e-01 |101  0.01209  6.04375e-02 |102  0.01022  3.35751e-01
103  0.00199  5.94253e-01 |104  0.00273  8.57149e-01 |105  0.02189  1.36651e+00
106  0.02021  1.80428e+00 |107 -0.00373  1.87080e+00 |108  0.01461  2.63189e+00
109  0.08309  5.20034e+00 |110  0.02757  3.95831e+00 |111 -0.01506  2.79480e+00
112  0.00340  3.04496e+00 |113  0.01835  3.24639e+00 |114  0.03728  3.67221e+00
115  0.00179  2.68311e+00 |116 -0.06387  1.24922e+00 |117 -0.08077  7.43819e-01
118 -0.07911  2.58781e-01 |119 -0.03651 -1.27110e-01 |120  0.06670 -7.23626e-01
121  0.02208 -3.42248e-01 |122  0.01273 -5.95222e-01 |123 -0.02866 -2.75179e-01
124 -0.06811 -4.87198e-01 |125 -0.00846 -3.75222e-01 |126  0.00246 -3.69960e-01
127 -0.02808 -7.54916e-01 |128  0.02937 -1.54458e+00 |129  0.07450 -2.15582e+00
130  0.01378 -1.72082e+00 |131  0.08404 -2.11136e+00 |132  0.00623 -7.83041e-01
133  0.13350 -1.81064e+00 |134 -0.00430 -7.67425e-01 |135 -0.04593 -5.32936e-01
136 -0.05628 -5.27223e-01 |137 -0.02186 -2.55786e-01 |138  0.09399 -2.37070e-01
139  0.03188 -1.31595e-01 |140  0.01659 -1.69378e-01 |141 -0.02797 -5.32224e-02
142 -0.01761 -9.50829e-02 |143 -0.00534 -3.65696e-02 |144 -0.00040 -7.37401e-04
145  0.28235 -7.48428e-01 |146  0.19293  1.66858e+00 |

 - final statistics:
146 variables; iteration 33; function evaluation 41
Function value 7.1512e+03; maximum gradient component mag -4.0126e+00
Exit code = 1;  converg criter 1.0000e+01
Var    Value     Gradient |Var    Value     Gradient |Var    Value     Gradient
  1 -0.42379  5.72764e-01 |  2  0.36958 -2.47806e+00 |  3 -0.12707 -2.57526e+00
  4 -0.00934 -3.14963e+00 |  5 -0.70986  3.47443e-01 |  6 -0.60383 -1.12006e+00
  7  0.37323 -4.01258e+00 |  8 -0.18645 -2.53754e+00 |  9  0.04053 -3.46550e+00
 10 -0.61437  1.92332e-01 | 11 -0.62235  6.14784e-01 | 12 -0.09616 -3.01601e-01
 13 -0.00999 -7.38228e-03 | 14 -0.01020 -7.32742e-03 | 15 -0.01041 -7.25150e-03
 16 -0.01061 -7.15381e-03 | 17 -0.01081 -7.03356e-03 | 18 -0.01100 -6.88919e-03
 19 -0.01119 -6.71971e-03 | 20 -0.01136 -6.52377e-03 | 21 -0.01152 -6.29903e-03
 22 -0.01168 -6.04325e-03 | 23 -0.01181 -5.75337e-03 | 24 -0.01194 -5.42396e-03
 25 -0.01205 -5.04900e-03 | 26 -0.01213 -4.61939e-03 | 27 -0.01220 -4.12296e-03
 28 -0.01225 -3.54358e-03 | 29 -0.01228 -2.86250e-03 | 30 -0.01228 -2.05622e-03
 31 -0.01226 -1.09733e-03 | 32 -0.01221  4.70458e-05 | 33 -0.01213  1.41514e-03
 34 -0.01203  3.04864e-03 | 35 -0.01190  4.99106e-03 | 36 -0.01174  7.28515e-03
 37 -0.01155  9.96669e-03 | 38 -0.01133  1.30597e-02 | 39 -0.01107  1.65706e-02
 40 -0.01079  2.04831e-02 | 41 -0.01049  2.47530e-02 | 42 -0.01016  2.93066e-02
 43 -0.00981  3.40396e-02 | 44 -0.00946  3.88158e-02 | 45 -0.00909  4.34735e-02
 46 -0.00873  4.78346e-02 | 47 -0.00838  5.17198e-02 | 48 -0.00805  5.49587e-02
 49 -0.00774  5.74021e-02 | 50 -0.00748  5.89262e-02 | 51 -0.00725  5.94300e-02
 52 -0.00706  5.88288e-02 | 53 -0.00691  5.70531e-02 | 54 -0.00680  5.40168e-02
 55 -0.00669  4.95986e-02 | 56 -0.00657  4.36473e-02 | 57 -0.00642  3.60041e-02
 58 -0.00620  2.65483e-02 | 59 -0.00589  1.53062e-02 | 60 -0.00544  2.52408e-03
 61 -0.00482 -1.12377e-02 | 62 -0.00401 -2.50683e-02 | 63 -0.00296 -3.77592e-02
 64 -0.00165 -4.80021e-02 | 65 -0.00006 -5.47689e-02 | 66  0.00185 -5.79504e-02
 67  0.00406 -5.88688e-02 | 68  0.00657 -6.07285e-02 | 69  0.00936 -6.82185e-02
 70  0.01237 -8.57135e-02 | 71  0.01558 -1.13888e-01 | 72  0.01892 -1.45820e-01
 73  0.02236 -1.66294e-01 | 74  0.02584 -1.58987e-01 | 75  0.02918 -1.22153e-01
 76  0.03203 -8.01453e-02 | 77  0.03400 -7.00648e-02 | 78  0.03487 -1.07475e-01
 79  0.03475 -1.69860e-01 | 80  0.03396 -2.19723e-01 | 81  0.03279 -2.31471e-01
 82  0.03130 -2.03590e-01 | 83  0.02938 -1.49182e-01 | 84  0.02683 -9.39005e-02
 85  0.02349 -6.55686e-02 | 86  0.01953 -7.04253e-02 | 87  0.01548 -8.27236e-02
 88  0.01196 -7.63607e-02 | 89  0.00937 -5.17287e-02 | 90  0.00777 -2.25079e-02
 91  0.00687  2.47130e-03 | 92  0.00624  2.01755e-02 | 93  0.00569  2.83446e-02
 94  0.00567  2.66824e-02 | 95  0.00630  2.11165e-02 | 96  0.00639  1.97375e-02
 97  0.00784  1.85268e-02 | 98  0.01019  2.69558e-02 | 99  0.01395  3.85472e-02
100  0.01377  6.93183e-02 |101  0.01220  9.94081e-02 |102  0.01017  1.09923e-01
103  0.00174  6.98512e-02 |104  0.00208 -5.79664e-02 |105  0.02098 -1.48868e-01
106  0.01932 -1.60703e-01 |107 -0.00434  3.97035e-03 |108  0.01399  1.72018e-01
109  0.08191  3.78392e-01 |110  0.02716  4.38229e-01 |111 -0.01558  3.46886e-01
112  0.00289  3.64753e-01 |113  0.01784  2.03423e-01 |114  0.03636  1.13454e-01
115  0.00137  9.55446e-02 |116 -0.06432  8.07722e-02 |117 -0.08158 -1.24868e-02
118 -0.07929  1.97407e-01 |119 -0.03655  2.61590e-01 |120  0.06626 -2.06179e-01
121  0.02190 -1.44096e-01 |122  0.01335  2.29337e-01 |123 -0.02848  4.01924e-02
124 -0.06792 -2.73341e-02 |125 -0.00969 -2.59432e-01 |126  0.00166 -1.94223e-01
127 -0.02792 -1.43821e-01 |128  0.02993 -1.01076e-01 |129  0.07514  2.38295e-02
130  0.01626  2.82472e-02 |131  0.08503 -2.49820e-01 |132  0.00689 -1.22974e-01
133  0.13488  1.89042e-01 |134 -0.00266 -1.74808e-02 |135 -0.04436  2.70306e-02
136 -0.05427  1.86685e-01 |137 -0.02074  1.02653e-01 |138  0.09435 -1.22727e-01
139  0.03231  9.99827e-03 |140  0.01726  8.95531e-02 |141 -0.02809 -7.49598e-02
142 -0.01764 -2.48756e-02 |143 -0.00497  1.23904e-02 |144 -0.00039 -2.60213e-04
145  0.28197 -2.26361e-02 |146  0.19219  1.28580e-01 |

Initial statistics: 176 variables; iteration 0; function evaluation 0; phase 3
Function value 7.1512173e+03; maximum gradient component mag 1.9347e+01
Var    Value     Gradient |Var    Value     Gradient |Var    Value     Gradient
  1 -0.42379  5.72764e-01 |  2  0.36958 -2.47806e+00 |  3 -0.12707 -2.57526e+00
  4 -0.00934 -3.14963e+00 |  5 -0.70986  3.47443e-01 |  6 -0.60383 -1.12006e+00
  7  0.37323 -4.01258e+00 |  8 -0.18645 -2.53754e+00 |  9  0.04053 -3.46550e+00
 10 -0.61437  1.92332e-01 | 11 -0.62235  6.14784e-01 | 12 -0.09616 -3.01601e-01
 13 -0.00999 -7.38228e-03 | 14 -0.01020 -7.32742e-03 | 15 -0.01041 -7.25150e-03
 16 -0.01061 -7.15381e-03 | 17 -0.01081 -7.03356e-03 | 18 -0.01100 -6.88919e-03
 19 -0.01119 -6.71971e-03 | 20 -0.01136 -6.52377e-03 | 21 -0.01152 -6.29903e-03
 22 -0.01168 -6.04325e-03 | 23 -0.01181 -5.75337e-03 | 24 -0.01194 -5.42396e-03
 25 -0.01205 -5.04900e-03 | 26 -0.01213 -4.61939e-03 | 27 -0.01220 -4.12296e-03
 28 -0.01225 -3.54358e-03 | 29 -0.01228 -2.86250e-03 | 30 -0.01228 -2.05622e-03
 31 -0.01226 -1.09733e-03 | 32 -0.01221  4.70458e-05 | 33 -0.01213  1.41514e-03
 34 -0.01203  3.04864e-03 | 35 -0.01190  4.99106e-03 | 36 -0.01174  7.28515e-03
 37 -0.01155  9.96669e-03 | 38 -0.01133  1.30597e-02 | 39 -0.01107  1.65706e-02
 40 -0.01079  2.04831e-02 | 41 -0.01049  2.47530e-02 | 42 -0.01016  2.93066e-02
 43 -0.00981  3.40396e-02 | 44 -0.00946  3.88158e-02 | 45 -0.00909  4.34735e-02
 46 -0.00873  4.78346e-02 | 47 -0.00838  5.17198e-02 | 48 -0.00805  5.49587e-02
 49 -0.00774  5.74021e-02 | 50 -0.00748  5.89262e-02 | 51 -0.00725  5.94300e-02
 52 -0.00706  5.88288e-02 | 53 -0.00691  5.70531e-02 | 54 -0.00680  5.40168e-02
 55 -0.00669  4.95986e-02 | 56 -0.00657  4.36473e-02 | 57 -0.00642  3.60041e-02
 58 -0.00620  2.65483e-02 | 59 -0.00589  1.53062e-02 | 60 -0.00544  2.52408e-03
 61 -0.00482 -1.12377e-02 | 62 -0.00401 -2.50683e-02 | 63 -0.00296 -3.77592e-02
 64 -0.00165 -4.80021e-02 | 65 -0.00006 -5.47689e-02 | 66  0.00185 -5.79504e-02
 67  0.00406 -5.88688e-02 | 68  0.00657 -6.07285e-02 | 69  0.00936 -6.82185e-02
 70  0.01237 -8.57135e-02 | 71  0.01558 -1.13888e-01 | 72  0.01892 -1.45820e-01
 73  0.02236 -1.66294e-01 | 74  0.02584 -1.58987e-01 | 75  0.02918 -1.22153e-01
 76  0.03203 -8.01453e-02 | 77  0.03400 -7.00648e-02 | 78  0.03487 -1.07475e-01
 79  0.03475 -1.69860e-01 | 80  0.03396 -2.19723e-01 | 81  0.03279 -2.31471e-01
 82  0.03130 -2.03590e-01 | 83  0.02938 -1.49182e-01 | 84  0.02683 -9.39005e-02
 85  0.02349 -6.55686e-02 | 86  0.01953 -7.04253e-02 | 87  0.01548 -8.27236e-02
 88  0.01196 -7.63607e-02 | 89  0.00937 -5.17287e-02 | 90  0.00777 -2.25079e-02
 91  0.00687  2.47130e-03 | 92  0.00624  2.01755e-02 | 93  0.00569  2.83446e-02
 94  0.00567  2.66824e-02 | 95  0.00630  2.11165e-02 | 96  0.00639  1.97375e-02
 97  0.00784  1.85268e-02 | 98  0.01019  2.69558e-02 | 99  0.01395  3.85472e-02
100  0.01377  6.93183e-02 |101  0.01220  9.94081e-02 |102  0.01017  1.09923e-01
103  0.00174  6.98512e-02 |104  0.00208 -5.79664e-02 |105  0.02098 -1.48868e-01
106  0.01932 -1.60703e-01 |107 -0.00434  3.97035e-03 |108  0.01399  1.72018e-01
109  0.08191  3.78392e-01 |110  0.02716  4.38229e-01 |111 -0.01558  3.46886e-01
112  0.00289  3.64753e-01 |113  0.01784  2.03423e-01 |114  0.03636  1.13454e-01
115  0.00137  9.55446e-02 |116 -0.06432  8.07722e-02 |117 -0.08158 -1.24868e-02
118 -0.07929  1.97407e-01 |119 -0.03655  2.61590e-01 |120  0.06626 -2.06179e-01
121  0.02190 -1.44096e-01 |122  0.01335  2.29337e-01 |123 -0.02848  4.01924e-02
124 -0.06792 -2.73341e-02 |125 -0.00969 -2.59432e-01 |126  0.00166 -1.94223e-01
127 -0.02792 -1.43821e-01 |128  0.02993 -1.01076e-01 |129  0.07514  2.38295e-02
130  0.01626  2.82472e-02 |131  0.08503 -2.49820e-01 |132  0.00689 -1.22974e-01
133  0.13488  1.89042e-01 |134 -0.00266 -1.74808e-02 |135 -0.04436  2.70306e-02
136 -0.05427  1.86685e-01 |137 -0.02074  1.02653e-01 |138  0.09435 -1.22727e-01
139  0.03231  9.99827e-03 |140  0.01726  8.95531e-02 |141 -0.02809 -7.49598e-02
142 -0.01764 -2.48756e-02 |143 -0.00497  1.23904e-02 |144 -0.00039 -2.60213e-04
145  0.28197 -2.26361e-02 |146  0.19219  1.28580e-01 |147  0.04655 -3.51504e+00
148  0.29672  7.41297e+00 |149 -0.47550 -5.81556e-01 |150  0.31378  2.74586e-01
151  0.18240 -7.99955e+00 |152  0.25985  1.47736e+01 |153  0.17452  1.09991e+00
154  0.25418 -5.41230e-01 |155  0.10334 -1.67805e+00 |156  0.29675  4.14190e+00
157  0.16884  1.35516e+00 |158  0.24621 -1.41064e+00 |159 -0.35199  1.22491e-01
160  0.24280 -5.74115e-01 |161  0.20262  1.91159e+00 |162  0.31674 -2.13467e+00
163 -0.38070 -5.87203e-01 |164  0.23598  1.53425e+00 |165  0.05108  1.56404e+00
166  0.11964  5.11584e+00 |167  0.32137 -1.67746e+00 |168  0.27251 -4.73531e+00
169  0.01338  1.67029e+00 |170  0.39320 -8.14189e-01 |171  0.09929  1.93467e+01
172  0.16363  6.91237e+00 |173  0.21869 -1.11275e+01 |174  0.25726 -4.26379e+00
175 -0.55411  2.95320e-01 |176  0.17113 -1.09613e-01 |

Intermediate statistics: 176 variables; iteration 20; function evaluation 23; phase 3
Function value 7.1511945e+03; maximum gradient component mag 1.0488e+01
Var    Value     Gradient |Var    Value     Gradient |Var    Value     Gradient
  1 -0.42380 -2.05232e+00 |  2  0.36952  1.04883e+01 |  3 -0.12731  1.61873e+00
  4 -0.00875  5.31612e+00 |  5 -0.71042 -1.86926e-01 |  6 -0.60389 -2.32010e+00
  7  0.37292 -1.04140e+00 |  8 -0.18655  2.32839e+00 |  9  0.04123  3.21182e-01
 10 -0.61462  2.79696e-02 | 11 -0.62249 -1.45707e+00 | 12 -0.09601  1.36580e+00
 13 -0.00998  6.15467e-03 | 14 -0.01019  6.37684e-03 | 15 -0.01040  6.60734e-03
 16 -0.01060  6.84624e-03 | 17 -0.01080  7.09379e-03 | 18 -0.01099  7.35005e-03
 19 -0.01118  7.61504e-03 | 20 -0.01135  7.88891e-03 | 21 -0.01152  8.17203e-03
 22 -0.01167  8.46481e-03 | 23 -0.01181  8.76787e-03 | 24 -0.01193  9.08242e-03
 25 -0.01204  9.40983e-03 | 26 -0.01213  9.75205e-03 | 27 -0.01220  1.01115e-02
 28 -0.01225  1.04913e-02 | 29 -0.01228  1.08950e-02 | 30 -0.01229  1.13275e-02
 31 -0.01227  1.17950e-02 | 32 -0.01222  1.23052e-02 | 33 -0.01215  1.28675e-02
 34 -0.01205  1.34920e-02 | 35 -0.01193  1.41895e-02 | 36 -0.01177  1.49706e-02
 37 -0.01159  1.58448e-02 | 38 -0.01138  1.68191e-02 | 39 -0.01114  1.78977e-02
 40 -0.01087  1.90793e-02 | 41 -0.01057  2.03609e-02 | 42 -0.01026  2.17315e-02
 43 -0.00993  2.31746e-02 | 44 -0.00958  2.46673e-02 | 45 -0.00924  2.61803e-02
 46 -0.00889  2.76805e-02 | 47 -0.00855  2.91349e-02 | 48 -0.00823  3.05124e-02
 49 -0.00793  3.17877e-02 | 50 -0.00767  3.29417e-02 | 51 -0.00745  3.39592e-02
 52 -0.00726  3.48272e-02 | 53 -0.00711  3.55380e-02 | 54 -0.00699  3.60823e-02
 55 -0.00687  3.64472e-02 | 56 -0.00675  3.66184e-02 | 57 -0.00658  3.65813e-02
 58 -0.00634  3.63241e-02 | 59 -0.00599  3.58682e-02 | 60 -0.00551  3.52771e-02
 61 -0.00486  3.46861e-02 | 62 -0.00402  3.43057e-02 | 63 -0.00294  3.44292e-02
 64 -0.00161  3.53992e-02 | 65 -0.00001  3.75074e-02 | 66  0.00189  4.09083e-02
 67  0.00409  4.53545e-02 | 68  0.00659  5.00701e-02 | 69  0.00938  5.37559e-02
 70  0.01244  5.49539e-02 | 71  0.01571  5.30696e-02 | 72  0.01914  4.98245e-02
 73  0.02263  5.01003e-02 | 74  0.02606  6.00701e-02 | 75  0.02926  8.14075e-02
 76  0.03195  1.05572e-01 | 77  0.03387  1.17496e-01 | 78  0.03485  1.09630e-01
 79  0.03494  9.03607e-02 | 80  0.03433  7.50009e-02 | 81  0.03319  7.38289e-02
 82  0.03161  8.69250e-02 | 83  0.02953  1.08323e-01 | 84  0.02681  1.27613e-01
 85  0.02341  1.34907e-01 | 86  0.01949  1.29593e-01 | 87  0.01552  1.21915e-01
 88  0.01201  1.20473e-01 | 89  0.00938  1.24828e-01 | 90  0.00773  1.30832e-01
 91  0.00681  1.35943e-01 | 92  0.00617  1.39068e-01 | 93  0.00563  1.39714e-01
 94  0.00567  1.38239e-01 | 95  0.00636  1.35805e-01 | 96  0.00650  1.33968e-01
 97  0.00801  1.33072e-01 | 98  0.01037  1.34795e-01 | 99  0.01414  1.32703e-01
100  0.01390  1.30191e-01 |101  0.01222  1.26930e-01 |102  0.01013  1.13336e-01
103  0.00174  8.52783e-02 |104  0.00236  5.29710e-02 |105  0.02148  9.00838e-03
106  0.01982 -5.04064e-02 |107 -0.00433 -5.09475e-02 |108  0.01365 -1.03115e-01
109  0.08156 -3.56318e-01 |110  0.02651 -3.29394e-01 |111 -0.01613 -2.62448e-01
112  0.00226 -3.27020e-01 |113  0.01746 -3.83608e-01 |114  0.03602 -4.21666e-01
115  0.00106 -3.51246e-01 |116 -0.06468 -1.57893e-01 |117 -0.08172 -1.03098e-01
118 -0.07978 -6.61146e-02 |119 -0.03724  9.71725e-03 |120  0.06614 -6.98966e-02
121  0.02199 -7.15763e-02 |122  0.01283 -1.36523e-02 |123 -0.02856 -5.00401e-02
124 -0.06803  7.16520e-02 |125 -0.00941 -1.05310e-02 |126  0.00178 -2.60445e-02
127 -0.02759 -5.46508e-02 |128  0.03036 -1.10984e-01 |129  0.07556 -1.79078e-01
130  0.01678 -1.63413e-01 |131  0.08601 -1.69537e-01 |132  0.00749 -1.16385e-01
133  0.13524 -1.12178e-01 |134 -0.00221 -7.62580e-02 |135 -0.04416  2.14372e-02
136 -0.05459 -9.82082e-03 |137 -0.02094  8.40751e-03 |138  0.09457 -2.44867e-02
139  0.03239 -4.02158e-02 |140  0.01711  2.56737e-02 |141 -0.02781 -6.24821e-03
142 -0.01756 -3.61224e-02 |143 -0.00490  2.86402e-02 |144 -0.00039 -6.89620e-04
145  0.28182  6.25029e-02 |146  0.19213  2.46435e-02 |147  0.04650  2.69668e+00
148  0.29610 -4.28854e+00 |149 -0.47386 -6.02100e-02 |150  0.31303  1.91991e-02
151  0.18338  1.76689e+00 |152  0.25937 -3.56016e+00 |153  0.17387  2.07593e-01
154  0.25386 -1.25212e-01 |155  0.10322 -3.43851e-01 |156  0.29642  8.71759e-01
157  0.16805  9.09588e-02 |158  0.24592 -1.36308e-01 |159 -0.35176  4.45950e-03
160  0.24301 -5.99841e-02 |161  0.20010  1.94310e-02 |162  0.31654 -7.17022e-02
163 -0.38047 -4.04333e-03 |164  0.23573 -4.82266e-02 |165  0.05042  1.05156e-02
166  0.11877  1.11031e+00 |167  0.32169  6.32538e-02 |168  0.27250 -1.20507e+00
169  0.01240  1.50992e-01 |170  0.39335 -5.85843e-02 |171  0.09883  7.75663e+00
172  0.16320 -8.59549e-01 |173  0.21858 -5.32146e+00 |174  0.25716  2.09859e+00
175 -0.55499  1.54664e-01 |176  0.17100  5.19052e-02 |
176 variables; iteration 40; function evaluation 43; phase 3
Function value 7.1511935e+03; maximum gradient component mag 8.3767e+00
Var    Value     Gradient |Var    Value     Gradient |Var    Value     Gradient
  1 -0.42379 -1.64066e+00 |  2  0.36950  8.37665e+00 |  3 -0.12728  1.46811e+00
  4 -0.00880  4.11690e+00 |  5 -0.71045 -1.76343e-01 |  6 -0.60388 -2.10116e+00
  7  0.37289 -8.30596e-01 |  8 -0.18659  1.76413e+00 |  9  0.04131  3.87996e-01
 10 -0.61467  4.81364e-02 | 11 -0.62248 -1.05793e+00 | 12 -0.09645  1.12697e+00
 13 -0.00996  7.57073e-03 | 14 -0.01017  7.77060e-03 | 15 -0.01038  7.97695e-03
 16 -0.01059  8.19043e-03 | 17 -0.01078  8.41178e-03 | 18 -0.01098  8.64174e-03
 19 -0.01116  8.88117e-03 | 20 -0.01134  9.13096e-03 | 21 -0.01150  9.39188e-03
 22 -0.01165  9.66484e-03 | 23 -0.01179  9.95066e-03 | 24 -0.01192  1.02499e-02
 25 -0.01202  1.05632e-02 | 26 -0.01211  1.08910e-02 | 27 -0.01219  1.12335e-02
 28 -0.01224  1.15908e-02 | 29 -0.01226  1.19625e-02 | 30 -0.01227  1.23475e-02
 31 -0.01225  1.27441e-02 | 32 -0.01220  1.31501e-02 | 33 -0.01213  1.35627e-02
 34 -0.01203  1.39787e-02 | 35 -0.01191  1.43940e-02 | 36 -0.01175  1.48042e-02
 37 -0.01157  1.52043e-02 | 38 -0.01136  1.55895e-02 | 39 -0.01112  1.59560e-02
 40 -0.01086  1.63003e-02 | 41 -0.01057  1.66251e-02 | 42 -0.01026  1.69340e-02
 43 -0.00993  1.72350e-02 | 44 -0.00959  1.75404e-02 | 45 -0.00924  1.78652e-02
 46 -0.00890  1.82264e-02 | 47 -0.00857  1.86424e-02 | 48 -0.00825  1.91300e-02
 49 -0.00796  1.97039e-02 | 50 -0.00770  2.03745e-02 | 51 -0.00747  2.11461e-02
 52 -0.00729  2.20168e-02 | 53 -0.00714  2.29827e-02 | 54 -0.00701  2.40432e-02
 55 -0.00689  2.52065e-02 | 56 -0.00676  2.64938e-02 | 57 -0.00659  2.79322e-02
 58 -0.00634  2.95434e-02 | 59 -0.00599  3.13400e-02 | 60 -0.00550  3.33094e-02
 61 -0.00484  3.54069e-02 | 62 -0.00398  3.75383e-02 | 63 -0.00290  3.95717e-02
 64 -0.00157  4.13607e-02 | 65  0.00003  4.27883e-02 | 66  0.00192  4.39220e-02
 67  0.00411  4.50261e-02 | 68  0.00659  4.66302e-02 | 69  0.00938  4.93211e-02
 70  0.01245  5.32011e-02 | 71  0.01576  5.73654e-02 | 72  0.01921  6.02216e-02
 73  0.02272  6.16277e-02 | 74  0.02613  6.54167e-02 | 75  0.02928  7.73181e-02
 76  0.03195  9.59554e-02 | 77  0.03388  1.08503e-01 | 78  0.03488  1.03840e-01
 79  0.03499  8.75539e-02 | 80  0.03440  7.48945e-02 | 81  0.03329  7.53308e-02
 82  0.03171  8.66686e-02 | 83  0.02960  1.00916e-01 | 84  0.02683  1.09202e-01
 85  0.02339  1.08639e-01 | 86  0.01950  1.05139e-01 | 87  0.01556  1.04458e-01
 88  0.01207  1.05262e-01 | 89  0.00944  1.05353e-01 | 90  0.00777  1.05168e-01
 91  0.00683  1.05543e-01 | 92  0.00619  1.06528e-01 | 93  0.00568  1.08256e-01
 94  0.00574  1.11091e-01 | 95  0.00647  1.14155e-01 | 96  0.00662  1.15376e-01
 97  0.00812  1.17124e-01 | 98  0.01046  1.17791e-01 | 99  0.01423  1.15505e-01
100  0.01395  1.05310e-01 |101  0.01221  9.13441e-02 |102  0.01011  7.31496e-02
103  0.00169  5.22326e-02 |104  0.00229  4.21248e-02 |105  0.02156  1.58069e-02
106  0.01984 -3.70154e-02 |107 -0.00456 -6.59031e-02 |108  0.01354 -1.24812e-01
109  0.08166 -3.12152e-01 |110  0.02629 -2.92548e-01 |111 -0.01617 -2.20136e-01
112  0.00227 -2.50904e-01 |113  0.01746 -2.92833e-01 |114  0.03591 -3.70749e-01
115  0.00094 -3.29033e-01 |116 -0.06478 -1.45760e-01 |117 -0.08178 -6.89732e-02
118 -0.07984 -2.82026e-02 |119 -0.03728  5.74365e-02 |120  0.06606  4.14223e-02
121  0.02189 -2.29383e-02 |122  0.01272 -1.74468e-02 |123 -0.02868 -7.32618e-02
124 -0.06817 -5.55306e-03 |125 -0.00961 -1.33173e-01 |126  0.00154 -1.60914e-01
127 -0.02772 -1.22586e-01 |128  0.03022 -1.69303e-01 |129  0.07542 -1.83681e-01
130  0.01677 -1.30721e-01 |131  0.08590 -1.17460e-01 |132  0.00744 -8.08945e-02
133  0.13520 -2.94523e-02 |134 -0.00224 -6.06601e-02 |135 -0.04419  1.39485e-02
136 -0.05458  1.11775e-03 |137 -0.02093  1.81526e-02 |138  0.09451 -3.16603e-02
139  0.03240 -2.29052e-02 |140  0.01716  4.27103e-02 |141 -0.02774  1.62031e-02
142 -0.01750 -1.53689e-02 |143 -0.00485  3.40663e-02 |144 -0.00038  9.72050e-04
145  0.28246 -3.76927e-03 |146  0.19324  1.72159e-01 |147  0.04647  2.09486e+00
148  0.29612 -3.50839e+00 |149 -0.47387 -8.03507e-02 |150  0.31309  3.67773e-02
151  0.18345  1.48050e+00 |152  0.25943 -2.77760e+00 |153  0.17395  4.13886e-01
154  0.25388 -3.09678e-01 |155  0.10329 -2.83793e-01 |156  0.29643  7.88389e-01
157  0.16812 -8.69418e-02 |158  0.24599  2.46594e-01 |159 -0.35182 -9.47427e-02
160  0.24303  1.30339e-01 |161  0.20018  6.02461e-02 |162  0.31656 -8.18832e-02
163 -0.38059 -8.60635e-02 |164  0.23571  1.16084e-01 |165  0.05040 -4.71075e-02
166  0.11879  9.57471e-01 |167  0.32167  1.02372e-01 |168  0.27254 -9.09027e-01
169  0.01235  4.89104e-03 |170  0.39342  2.13056e-02 |171  0.09882  6.22924e+00
172  0.16320 -7.59440e-01 |173  0.21860 -4.21452e+00 |174  0.25715  1.63785e+00
175 -0.55782  3.26997e-03 |176  0.16970 -2.39023e-03 |

 - final statistics:
176 variables; iteration 53; function evaluation 60
Function value 7.1512e+03; maximum gradient component mag 9.7358e-01
Exit code = 1;  converg criter 1.0000e+00
Var    Value     Gradient |Var    Value     Gradient |Var    Value     Gradient
  1 -0.42381 -2.08920e-01 |  2  0.36940  9.73583e-01 |  3 -0.12723  1.77672e-01
  4 -0.00880  4.54471e-01 |  5 -0.71037  2.46847e-02 |  6 -0.60385 -2.41660e-01
  7  0.37286 -2.11974e-01 |  8 -0.18665  1.26219e-01 |  9  0.04143  2.72299e-01
 10 -0.61478  8.07449e-03 | 11 -0.62247 -1.37040e-01 | 12 -0.09567  1.35933e-01
 13 -0.00997 -1.85353e-03 | 14 -0.01018 -1.98483e-03 | 15 -0.01039 -2.12430e-03
 16 -0.01060 -2.27181e-03 | 17 -0.01080 -2.42721e-03 | 18 -0.01099 -2.59041e-03
 19 -0.01118 -2.76110e-03 | 20 -0.01135 -2.93906e-03 | 21 -0.01152 -3.12435e-03
 22 -0.01167 -3.31702e-03 | 23 -0.01181 -3.51744e-03 | 24 -0.01193 -3.72683e-03
 25 -0.01204 -3.94663e-03 | 26 -0.01213 -4.17919e-03 | 27 -0.01221 -4.42753e-03
 28 -0.01226 -4.69551e-03 | 29 -0.01228 -4.98794e-03 | 30 -0.01229 -5.31186e-03
 31 -0.01227 -5.67635e-03 | 32 -0.01223 -6.09251e-03 | 33 -0.01216 -6.57335e-03
 34 -0.01206 -7.13306e-03 | 35 -0.01194 -7.78624e-03 | 36 -0.01179 -8.54708e-03
 37 -0.01161 -9.42744e-03 | 38 -0.01140 -1.04356e-02 | 39 -0.01116 -1.15749e-02
 40 -0.01090 -1.28418e-02 | 41 -0.01062 -1.42254e-02 | 42 -0.01031 -1.57054e-02
 43 -0.00998 -1.72527e-02 | 44 -0.00965 -1.88281e-02 | 45 -0.00931 -2.03857e-02
 46 -0.00897 -2.18759e-02 | 47 -0.00864 -2.32510e-02 | 48 -0.00832 -2.44678e-02
 49 -0.00803 -2.54910e-02 | 50 -0.00777 -2.62926e-02 | 51 -0.00755 -2.68504e-02
 52 -0.00737 -2.71456e-02 | 53 -0.00722 -2.71654e-02 | 54 -0.00709 -2.68950e-02
 55 -0.00697 -2.63123e-02 | 56 -0.00683 -2.53885e-02 | 57 -0.00666 -2.40938e-02
 58 -0.00640 -2.24111e-02 | 59 -0.00605 -2.03716e-02 | 60 -0.00555 -1.80721e-02
 61 -0.00489 -1.57013e-02 | 62 -0.00403 -1.35343e-02 | 63 -0.00294 -1.18979e-02
 64 -0.00161 -1.10783e-02 | 65 -0.00001 -1.11714e-02 | 66  0.00188 -1.19563e-02
 67  0.00406 -1.28354e-02 | 68  0.00655 -1.30554e-02 | 69  0.00935 -1.22058e-02
 70  0.01241 -1.07405e-02 | 71  0.01572 -9.97694e-03 | 72  0.01917 -1.10700e-02
 73  0.02267 -1.33041e-02 | 74  0.02608 -1.30105e-02 | 75  0.02922 -5.39685e-03
 76  0.03189  8.73354e-03 | 77  0.03381  1.77660e-02 | 78  0.03481  9.89172e-03
 79  0.03491 -9.81597e-03 | 80  0.03431 -2.51960e-02 | 81  0.03319 -2.65415e-02
 82  0.03160 -1.68109e-02 | 83  0.02948 -4.20652e-03 | 84  0.02671  3.31135e-03
 85  0.02327  3.36626e-03 | 86  0.01937  5.55484e-04 | 87  0.01542  2.32952e-04
 88  0.01193  2.25916e-03 | 89  0.00929  4.10583e-03 | 90  0.00762  5.70496e-03
 91  0.00669  8.35980e-03 | 92  0.00606  1.28963e-02 | 93  0.00555  1.98478e-02
 94  0.00563  2.94608e-02 | 95  0.00638  4.06820e-02 | 96  0.00655  5.14798e-02
 97  0.00808  6.16324e-02 | 98  0.01044  6.89854e-02 | 99  0.01421  7.26293e-02
100  0.01392  7.03939e-02 |101  0.01217  6.19246e-02 |102  0.01004  5.34518e-02
103  0.00164  4.97671e-02 |104  0.00232  7.04717e-02 |105  0.02162  8.69135e-02
106  0.01994  8.72094e-02 |107 -0.00449  4.58104e-02 |108  0.01362  5.23466e-02
109  0.08191  9.94006e-02 |110  0.02657  5.83540e-02 |111 -0.01609 -2.93399e-02
112  0.00231 -7.11093e-02 |113  0.01755 -8.96836e-02 |114  0.03608 -9.41903e-02
115  0.00116 -5.18002e-02 |116 -0.06457  1.38465e-02 |117 -0.08153  5.72883e-02
118 -0.07975 -3.13784e-02 |119 -0.03726 -4.96574e-02 |120  0.06627  3.49209e-02
121  0.02208  2.30358e-02 |122  0.01280 -3.59270e-02 |123 -0.02843  5.23237e-02
124 -0.06795  6.62216e-02 |125 -0.00920  1.42216e-01 |126  0.00191  1.13894e-01
127 -0.02745  4.87872e-02 |128  0.03041 -5.03809e-02 |129  0.07552 -1.31580e-01
130  0.01672 -1.51616e-01 |131  0.08598 -9.20375e-02 |132  0.00754 -1.31549e-02
133  0.13534  6.76340e-02 |134 -0.00199  5.48188e-02 |135 -0.04411 -4.14897e-03
136 -0.05453  4.38501e-03 |137 -0.02087  1.73651e-02 |138  0.09456 -3.19654e-02
139  0.03249  1.17656e-02 |140  0.01721  2.52246e-02 |141 -0.02765  2.98538e-02
142 -0.01746  5.14185e-03 |143 -0.00484  8.35232e-03 |144 -0.00038  1.02712e-03
145  0.28130 -1.69788e-02 |146  0.19215 -1.77666e-02 |147  0.04638  1.89911e-01
148  0.29624 -4.05123e-01 |149 -0.47366 -9.47624e-03 |150  0.31331  2.44134e-02
151  0.18338  2.29822e-01 |152  0.25954 -2.55697e-01 |153  0.17369 -1.09955e-01
154  0.25375 -1.36340e-01 |155  0.10318 -4.97779e-02 |156  0.29636  9.47062e-02
157  0.16803 -3.69594e-02 |158  0.24592  1.71532e-02 |159 -0.35163  4.03794e-02
160  0.24308  5.02273e-02 |161  0.20022  4.97707e-02 |162  0.31659  4.64052e-02
163 -0.38066 -6.40732e-02 |164  0.23567 -3.68900e-03 |165  0.05048  7.46024e-02
166  0.11875  2.69998e-01 |167  0.32174  1.30575e-01 |168  0.27262  3.72246e-02
169  0.01243  1.74389e-01 |170  0.39340 -2.58146e-02 |171  0.09873  7.02324e-01
172  0.16318 -1.08746e-01 |173  0.21864 -4.74431e-01 |174  0.25712  1.81992e-01
175 -0.55720  2.56928e-02 |176  0.16988 -6.19793e-02 |

Initial statistics: 200 variables; iteration 0; function evaluation 0; phase 4
Function value 7.1511919e+03; maximum gradient component mag 9.9333e+00
Var    Value     Gradient |Var    Value     Gradient |Var    Value     Gradient
  1 -0.42381 -2.08920e-01 |  2  0.36940  9.73583e-01 |  3 -0.12723  1.77672e-01
  4 -0.00880  4.54471e-01 |  5 -0.71037  2.46847e-02 |  6 -0.60385 -2.41660e-01
  7  0.37286 -2.11974e-01 |  8 -0.18665  1.26219e-01 |  9  0.04143  2.72299e-01
 10 -0.61478  8.07449e-03 | 11 -0.62247 -1.37040e-01 | 12 -0.09567  1.35933e-01
 13 -0.00997 -1.85353e-03 | 14 -0.01018 -1.98483e-03 | 15 -0.01039 -2.12430e-03
 16 -0.01060 -2.27181e-03 | 17 -0.01080 -2.42721e-03 | 18 -0.01099 -2.59041e-03
 19 -0.01118 -2.76110e-03 | 20 -0.01135 -2.93906e-03 | 21 -0.01152 -3.12435e-03
 22 -0.01167 -3.31702e-03 | 23 -0.01181 -3.51744e-03 | 24 -0.01193 -3.72683e-03
 25 -0.01204 -3.94663e-03 | 26 -0.01213 -4.17919e-03 | 27 -0.01221 -4.42753e-03
 28 -0.01226 -4.69551e-03 | 29 -0.01228 -4.98794e-03 | 30 -0.01229 -5.31186e-03
 31 -0.01227 -5.67635e-03 | 32 -0.01223 -6.09251e-03 | 33 -0.01216 -6.57335e-03
 34 -0.01206 -7.13306e-03 | 35 -0.01194 -7.78624e-03 | 36 -0.01179 -8.54708e-03
 37 -0.01161 -9.42744e-03 | 38 -0.01140 -1.04356e-02 | 39 -0.01116 -1.15749e-02
 40 -0.01090 -1.28418e-02 | 41 -0.01062 -1.42254e-02 | 42 -0.01031 -1.57054e-02
 43 -0.00998 -1.72527e-02 | 44 -0.00965 -1.88281e-02 | 45 -0.00931 -2.03857e-02
 46 -0.00897 -2.18759e-02 | 47 -0.00864 -2.32510e-02 | 48 -0.00832 -2.44678e-02
 49 -0.00803 -2.54910e-02 | 50 -0.00777 -2.62926e-02 | 51 -0.00755 -2.68504e-02
 52 -0.00737 -2.71456e-02 | 53 -0.00722 -2.71654e-02 | 54 -0.00709 -2.68950e-02
 55 -0.00697 -2.63123e-02 | 56 -0.00683 -2.53885e-02 | 57 -0.00666 -2.40938e-02
 58 -0.00640 -2.24111e-02 | 59 -0.00605 -2.03716e-02 | 60 -0.00555 -1.80721e-02
 61 -0.00489 -1.57013e-02 | 62 -0.00403 -1.35343e-02 | 63 -0.00294 -1.18979e-02
 64 -0.00161 -1.10783e-02 | 65 -0.00001 -1.11714e-02 | 66  0.00188 -1.19563e-02
 67  0.00406 -1.28354e-02 | 68  0.00655 -1.30554e-02 | 69  0.00935 -1.22058e-02
 70  0.01241 -1.07405e-02 | 71  0.01572 -9.97694e-03 | 72  0.01917 -1.10700e-02
 73  0.02267 -1.33041e-02 | 74  0.02608 -1.30105e-02 | 75  0.02922 -5.39685e-03
 76  0.03189  8.73354e-03 | 77  0.03381  1.77660e-02 | 78  0.03481  9.89172e-03
 79  0.03491 -9.81597e-03 | 80  0.03431 -2.51960e-02 | 81  0.03319 -2.65415e-02
 82  0.03160 -1.68109e-02 | 83  0.02948 -4.20652e-03 | 84  0.02671  3.31135e-03
 85  0.02327  3.36626e-03 | 86  0.01937  5.55484e-04 | 87  0.01542  2.32952e-04
 88  0.01193  2.25916e-03 | 89  0.00929  4.10583e-03 | 90  0.00762  5.70496e-03
 91  0.00669  8.35980e-03 | 92  0.00606  1.28963e-02 | 93  0.00555  1.98478e-02
 94  0.00563  2.94608e-02 | 95  0.00638  4.06820e-02 | 96  0.00655  5.14798e-02
 97  0.00808  6.16324e-02 | 98  0.01044  6.89854e-02 | 99  0.01421  7.26293e-02
100  0.01392  7.03939e-02 |101  0.01217  6.19246e-02 |102  0.01004  5.34518e-02
103  0.00164  4.97671e-02 |104  0.00232  7.04717e-02 |105  0.02162  8.69135e-02
106  0.01994  8.72094e-02 |107 -0.00449  4.58104e-02 |108  0.01362  5.23466e-02
109  0.08191  9.94006e-02 |110  0.02657  5.83540e-02 |111 -0.01609 -2.93399e-02
112  0.00231 -7.11093e-02 |113  0.01755 -8.96836e-02 |114  0.03608 -9.41903e-02
115  0.00116 -5.18002e-02 |116 -0.06457  1.38465e-02 |117 -0.08153  5.72883e-02
118 -0.07975 -3.13784e-02 |119 -0.03726 -4.96574e-02 |120  0.06627  3.49209e-02
121  0.02208  2.30358e-02 |122  0.01280 -3.59270e-02 |123 -0.02843  5.23237e-02
124 -0.06795  6.62216e-02 |125 -0.00920  1.42216e-01 |126  0.00191  1.13894e-01
127 -0.02745  4.87872e-02 |128  0.03041 -5.03809e-02 |129  0.07552 -1.31580e-01
130  0.01672 -1.51616e-01 |131  0.08598 -9.20375e-02 |132  0.00754 -1.31549e-02
133  0.13534  6.76340e-02 |134 -0.00199  5.48188e-02 |135 -0.04411 -4.14897e-03
136 -0.05453  4.38501e-03 |137 -0.02087  1.73651e-02 |138  0.09456 -3.19654e-02
139  0.03249  1.17656e-02 |140  0.01721  2.52246e-02 |141 -0.02765  2.98538e-02
142 -0.01746  5.14185e-03 |143 -0.00484  8.35232e-03 |144 -0.00038  1.02712e-03
145  0.28130 -1.69788e-02 |146  0.19215 -1.77666e-02 |147  0.04638  1.89911e-01
148  0.29624 -4.05123e-01 |149  0.01641  5.72714e-01 |150 -0.11482  2.03166e+00
151 -0.47366 -9.47624e-03 |152  0.31331  2.44134e-02 |153  0.04880  1.37661e-01
154 -0.23508 -2.03690e-01 |155  0.18338  2.29822e-01 |156  0.25954 -2.55697e-01
157  0.17369 -1.09955e-01 |158  0.25375 -1.36340e-01 |159  0.00590 -3.93132e-01
160 -0.09831  1.21315e+00 |161  0.10318 -4.97779e-02 |162  0.29636  9.47062e-02
163  0.16803 -3.69594e-02 |164  0.24592  1.71532e-02 |165 -0.35163  4.03794e-02
166  0.24308  5.02273e-02 |167  0.05277 -2.62411e-01 |168 -0.18764  5.87547e+00
169  0.20022  4.97707e-02 |170  0.31659  4.64052e-02 |171  0.07774 -8.54689e-01
172 -0.53233 -1.32063e-04 |173 -0.38066 -6.40732e-02 |174  0.23567 -3.68900e-03
175  0.07830 -4.62629e-01 |176 -0.12203 -2.01934e+00 |177  0.05048  7.46024e-02
178  0.11875  2.69998e-01 |179  0.32174  1.30575e-01 |180  0.27262  3.72246e-02
181  0.00556  3.05485e-03 |182  0.00910  3.83429e-01 |183 -0.15023  1.87867e-01
184 -0.12575  2.84904e+00 |185  0.01243  1.74389e-01 |186  0.39340 -2.58146e-02
187  0.01865  7.15148e-02 |188 -0.15439  6.34846e-01 |189  0.09873  7.02324e-01
190  0.16318 -1.08746e-01 |191  0.21864 -4.74431e-01 |192  0.25712  1.81992e-01
193  0.02454 -9.02530e-02 |194 -0.00644  7.29910e-03 |195 -0.17632  2.09784e+00
196 -0.11434  9.93328e+00 |197 -0.55720  2.56928e-02 |198  0.16988 -6.19793e-02
199  0.09515  6.53901e-01 |200 -0.25356 -7.13873e-02 |

Intermediate statistics: 200 variables; iteration 20; function evaluation 25; phase 4
Function value 7.1511826e+03; maximum gradient component mag 1.9295e+00
Var    Value     Gradient |Var    Value     Gradient |Var    Value     Gradient
  1 -0.42390 -3.47266e-01 |  2  0.36944  7.30467e-01 |  3 -0.12684 -1.24138e+00
  4 -0.00913 -3.00267e-01 |  5 -0.71012 -1.39373e-01 |  6 -0.60393 -1.57165e+00
  7  0.37299  6.37878e-01 |  8 -0.18617  1.92945e+00 |  9  0.04089  9.30576e-01
 10 -0.61440  4.68940e-02 | 11 -0.62248 -5.15245e-01 | 12 -0.09482 -4.27783e-01
 13 -0.00995  2.59163e-03 | 14 -0.01017  2.66798e-03 | 15 -0.01037  2.74731e-03
 16 -0.01058  2.82989e-03 | 17 -0.01078  2.91602e-03 | 18 -0.01097  3.00597e-03
 19 -0.01115  3.10010e-03 | 20 -0.01133  3.19873e-03 | 21 -0.01149  3.30219e-03
 22 -0.01164  3.41084e-03 | 23 -0.01178  3.52502e-03 | 24 -0.01191  3.64500e-03
 25 -0.01201  3.77106e-03 | 26 -0.01210  3.90338e-03 | 27 -0.01217  4.04203e-03
 28 -0.01222  4.18689e-03 | 29 -0.01225  4.33771e-03 | 30 -0.01225  4.49404e-03
 31 -0.01223  4.65536e-03 | 32 -0.01219  4.82090e-03 | 33 -0.01212  4.98957e-03
 34 -0.01202  5.15997e-03 | 35 -0.01189  5.33032e-03 | 36 -0.01174  5.49855e-03
 37 -0.01155  5.66246e-03 | 38 -0.01134  5.82004e-03 | 39 -0.01110  5.96971e-03
 40 -0.01084  6.11030e-03 | 41 -0.01054  6.24278e-03 | 42 -0.01023  6.36834e-03
 43 -0.00990  6.48940e-03 | 44 -0.00956  6.60944e-03 | 45 -0.00921  6.73252e-03
 46 -0.00887  6.86309e-03 | 47 -0.00853  7.00560e-03 | 48 -0.00821  7.16343e-03
 49 -0.00792  7.33832e-03 | 50 -0.00766  7.52975e-03 | 51 -0.00743  7.73463e-03
 52 -0.00725  7.94822e-03 | 53 -0.00710  8.16640e-03 | 54 -0.00697  8.38695e-03
 55 -0.00685  8.61031e-03 | 56 -0.00672  8.83923e-03 | 57 -0.00655  9.07670e-03
 58 -0.00630  9.32299e-03 | 59 -0.00595  9.57427e-03 | 60 -0.00546  9.81724e-03
 61 -0.00481  1.00268e-02 | 62 -0.00395  1.01621e-02 | 63 -0.00287  1.01719e-02
 64 -0.00154  1.00048e-02 | 65  0.00006  9.62844e-03 | 66  0.00195  9.07078e-03
 67  0.00413  8.41996e-03 | 68  0.00662  7.81646e-03 | 69  0.00941  7.36679e-03
 70  0.01247  7.00743e-03 | 71  0.01577  6.45063e-03 | 72  0.01922  5.36768e-03
 73  0.02272  3.86601e-03 | 74  0.02613  2.96578e-03 | 75  0.02925  4.27588e-03
 76  0.03185  7.83778e-03 | 77  0.03374  9.92845e-03 | 78  0.03476  6.30825e-03
 79  0.03493 -1.47601e-03 | 80  0.03438 -7.79196e-03 | 81  0.03326 -9.32375e-03
 82  0.03164 -7.25206e-03 | 83  0.02947 -4.46385e-03 | 84  0.02667 -3.48460e-03
 85  0.02323 -4.77720e-03 | 86  0.01934 -6.71759e-03 | 87  0.01540 -7.80959e-03
 88  0.01191 -8.21973e-03 | 89  0.00927 -8.63303e-03 | 90  0.00761 -9.14414e-03
 91  0.00668 -9.61084e-03 | 92  0.00606 -1.00379e-02 | 93  0.00555 -1.05744e-02
 94  0.00562 -1.15416e-02 | 95  0.00635 -1.36283e-02 | 96  0.00649 -1.76201e-02
 97  0.00799 -2.28350e-02 | 98  0.01031 -2.91389e-02 | 99  0.01408 -3.48666e-02
100  0.01381 -3.90162e-02 |101  0.01209 -4.16363e-02 |102  0.01000 -4.17163e-02
103  0.00160 -3.96809e-02 |104  0.00224 -3.42451e-02 |105  0.02155 -2.78916e-02
106  0.01984 -2.16596e-02 |107 -0.00448 -1.88769e-02 |108  0.01368 -1.38720e-02
109  0.08174 -2.70983e-02 |110  0.02627 -3.47770e-02 |111 -0.01621 -1.80543e-02
112  0.00216  2.18901e-03 |113  0.01743  8.95598e-03 |114  0.03594 -2.23410e-04
115  0.00090 -4.50650e-03 |116 -0.06482 -1.80205e-02 |117 -0.08190 -2.33421e-02
118 -0.07995  1.84747e-03 |119 -0.03735  2.82626e-02 |120  0.06604 -1.12112e-02
121  0.02185 -1.66083e-02 |122  0.01278  1.18811e-03 |123 -0.02858 -1.24877e-02
124 -0.06806 -2.22668e-03 |125 -0.00950 -3.64160e-02 |126  0.00164 -4.32926e-02
127 -0.02764 -2.05915e-02 |128  0.03033 -2.35586e-02 |129  0.07550 -3.73722e-02
130  0.01686  5.30366e-03 |131  0.08604 -2.43177e-02 |132  0.00755 -1.24011e-02
133  0.13536  2.30942e-03 |134 -0.00215 -1.02875e-02 |135 -0.04408  7.13902e-03
136 -0.05454  1.25409e-03 |137 -0.02086  1.81105e-03 |138  0.09483  5.98790e-03
139  0.03256  6.48850e-03 |140  0.01724  1.35626e-03 |141 -0.02770  6.61676e-03
142 -0.01748 -3.11865e-03 |143 -0.00487  7.22864e-03 |144 -0.00038 -1.58475e-04
145  0.28196 -2.03847e-01 |146  0.19129 -1.60213e-02 |147  0.04631  5.99896e-01
148  0.29617 -9.19977e-01 |149  0.01662  3.83012e-01 |150 -0.11537  4.91289e-01
151 -0.47342 -3.85666e-02 |152  0.31321  5.59778e-04 |153  0.04863  3.54090e-02
154 -0.23458  1.80331e-02 |155  0.18276  3.09389e-01 |156  0.25930 -8.17016e-01
157  0.17335  6.34613e-03 |158  0.25358 -1.06562e-01 |159  0.00652 -3.93746e-02
160 -0.09897  5.42697e-02 |161  0.10239 -9.39394e-03 |162  0.29614  1.04874e-02
163  0.16749 -5.47569e-02 |164  0.24574 -3.38830e-02 |165 -0.35220  5.91550e-02
166  0.24266 -1.03188e-01 |167  0.05289 -2.76444e-01 |168 -0.18856 -1.57023e-01
169  0.19947  1.33864e-01 |170  0.31646 -6.09779e-03 |171  0.07784  2.26144e-01
172 -0.53233 -3.19139e-05 |173 -0.38094  1.26710e-01 |174  0.23564 -1.79573e-01
175  0.07871 -4.39095e-02 |176 -0.12191 -7.63621e-02 |177  0.05012 -5.99837e-02
178  0.11837  2.43708e-01 |179  0.32165  1.79109e-01 |180  0.27240 -3.61398e-01
181  0.00588 -9.76669e-02 |182  0.00962  3.17571e-01 |183 -0.15051  4.81220e-02
184 -0.12633  5.87293e-01 |185  0.01197  4.57408e-02 |186  0.39326  2.10351e-02
187  0.01912 -4.36401e-02 |188 -0.15519 -5.98005e-02 |189  0.09851 -3.15878e-01
190  0.16291  8.25534e-03 |191  0.21856  9.45946e-01 |192  0.25698  4.25845e-01
193  0.02473  1.06285e+00 |194 -0.00581 -1.00869e-01 |195 -0.17673  5.80713e-01
196 -0.11500 -4.87157e-01 |197 -0.55698 -1.08460e-02 |198  0.16992 -6.31990e-02
199  0.09497  1.60981e-01 |200 -0.25333 -6.50776e-02 |
200 variables; iteration 40; function evaluation 45; phase 4
Function value 7.1511823e+03; maximum gradient component mag -1.9775e+00
Var    Value     Gradient |Var    Value     Gradient |Var    Value     Gradient
  1 -0.42392 -5.55541e-01 |  2  0.36943  5.23327e-01 |  3 -0.12682 -9.03966e-01
  4 -0.00912 -2.70741e-01 |  5 -0.71008 -1.45452e-01 |  6 -0.60395 -1.97748e+00
  7  0.37298  9.63232e-01 |  8 -0.18618  1.54084e+00 |  9  0.04093  9.51140e-01
 10 -0.61445  6.23193e-02 | 11 -0.62246 -1.08268e-01 | 12 -0.09435 -3.67045e-01
 13 -0.00996  1.95692e-03 | 14 -0.01017  2.00565e-03 | 15 -0.01038  2.05562e-03
 16 -0.01058  2.10696e-03 | 17 -0.01078  2.15986e-03 | 18 -0.01098  2.21444e-03
 19 -0.01116  2.27089e-03 | 20 -0.01133  2.32940e-03 | 21 -0.01150  2.39014e-03
 22 -0.01165  2.45331e-03 | 23 -0.01179  2.51906e-03 | 24 -0.01191  2.58747e-03
 25 -0.01202  2.65857e-03 | 26 -0.01211  2.73224e-03 | 27 -0.01218  2.80824e-03
 28 -0.01223  2.88612e-03 | 29 -0.01226  2.96536e-03 | 30 -0.01226  3.04525e-03
 31 -0.01224  3.12494e-03 | 32 -0.01220  3.20325e-03 | 33 -0.01213  3.27864e-03
 34 -0.01203  3.34922e-03 | 35 -0.01190  3.41280e-03 | 36 -0.01175  3.46699e-03
 37 -0.01157  3.50956e-03 | 38 -0.01136  3.53871e-03 | 39 -0.01112  3.55340e-03
 40 -0.01085  3.55331e-03 | 41 -0.01056  3.54023e-03 | 42 -0.01025  3.51638e-03
 43 -0.00992  3.48523e-03 | 44 -0.00958  3.45134e-03 | 45 -0.00923  3.41992e-03
 46 -0.00888  3.39652e-03 | 47 -0.00855  3.38649e-03 | 48 -0.00823  3.39409e-03
 49 -0.00794  3.42189e-03 | 50 -0.00767  3.47040e-03 | 51 -0.00745  3.53831e-03
 52 -0.00726  3.62353e-03 | 53 -0.00711  3.72487e-03 | 54 -0.00699  3.84300e-03
 55 -0.00687  3.98052e-03 | 56 -0.00674  4.14114e-03 | 57 -0.00656  4.32818e-03
 58 -0.00632  4.54235e-03 | 59 -0.00596  4.77911e-03 | 60 -0.00548  5.02442e-03
 61 -0.00482  5.25245e-03 | 62 -0.00397  5.42440e-03 | 63 -0.00289  5.49528e-03
 64 -0.00156  5.42663e-03 | 65  0.00004  5.20522e-03 | 66  0.00193  4.87028e-03
 67  0.00412  4.50609e-03 | 68  0.00661  4.21615e-03 | 69  0.00940  4.05125e-03
 70  0.01246  3.93917e-03 | 71  0.01575  3.70552e-03 | 72  0.01921  3.22395e-03
 73  0.02271  2.60394e-03 | 74  0.02612  2.20519e-03 | 75  0.02923  2.32411e-03
 76  0.03181  2.67992e-03 | 77  0.03368  2.40171e-03 | 78  0.03471  9.37898e-04
 79  0.03491 -1.27270e-03 | 80  0.03438 -3.35220e-03 | 81  0.03326 -4.72763e-03
 82  0.03162 -5.43509e-03 | 83  0.02943 -5.87378e-03 | 84  0.02661 -6.61520e-03
 85  0.02318 -7.98801e-03 | 86  0.01929 -9.69756e-03 | 87  0.01535 -1.11902e-02
 88  0.01185 -1.24431e-02 | 89  0.00922 -1.38018e-02 | 90  0.00755 -1.53345e-02
 91  0.00662 -1.69074e-02 | 92  0.00600 -1.84250e-02 | 93  0.00550 -1.99182e-02
 94  0.00557 -2.16467e-02 | 95  0.00630 -2.41205e-02 | 96  0.00646 -2.76960e-02
 97  0.00796 -3.26286e-02 | 98  0.01030 -3.87895e-02 | 99  0.01408 -4.58208e-02
100  0.01381 -5.24468e-02 |101  0.01209 -5.80620e-02 |102  0.00999 -6.19546e-02
103  0.00161 -5.95391e-02 |104  0.00227 -5.30353e-02 |105  0.02155 -5.17400e-02
106  0.01985 -4.35095e-02 |107 -0.00441 -2.87952e-02 |108  0.01369 -1.99495e-02
109  0.08179 -1.77318e-02 |110  0.02640 -6.19416e-03 |111 -0.01615  6.94299e-03
112  0.00217  3.04983e-02 |113  0.01747  5.66876e-02 |114  0.03607  7.07513e-02
115  0.00097  4.24962e-02 |116 -0.06473  1.92171e-02 |117 -0.08179  6.75055e-03
118 -0.07989  1.18371e-02 |119 -0.03731  3.57749e-02 |120  0.06618  3.99725e-02
121  0.02191  1.43248e-02 |122  0.01286  2.97332e-02 |123 -0.02848  1.72221e-02
124 -0.06797  2.59120e-02 |125 -0.00938  1.62804e-02 |126  0.00176  2.80524e-03
127 -0.02756  2.78009e-03 |128  0.03040 -1.45275e-02 |129  0.07558 -4.79714e-02
130  0.01689 -1.77098e-02 |131  0.08606 -6.52181e-02 |132  0.00755 -3.18042e-02
133  0.13531 -5.77941e-02 |134 -0.00214 -2.96192e-03 |135 -0.04407  7.96880e-03
136 -0.05452  4.88090e-03 |137 -0.02083  1.38327e-03 |138  0.09486 -2.27798e-03
139  0.03256  4.61201e-03 |140  0.01723  4.45656e-04 |141 -0.02772  6.11839e-03
142 -0.01750 -3.96943e-04 |143 -0.00486  6.21901e-03 |144 -0.00038  1.41695e-04
145  0.28126 -1.30212e-01 |146  0.19053 -6.79352e-02 |147  0.04631  3.87687e-01
148  0.29619 -6.31619e-01 |149  0.01657  1.63194e-01 |150 -0.11539  1.90006e-01
151 -0.47278 -1.01805e-02 |152  0.31358 -6.64225e-03 |153  0.04839  3.77704e-03
154 -0.23460  5.19617e-05 |155  0.18277  5.19565e-01 |156  0.25932 -1.11100e+00
157  0.17337  2.12883e-01 |158  0.25359 -3.06773e-01 |159  0.00654  5.43673e-02
160 -0.09897  1.84778e-01 |161  0.10234 -4.82213e-02 |162  0.29615  1.15390e-01
163  0.16749 -1.90008e-01 |164  0.24578  2.47913e-01 |165 -0.35279 -4.87756e-02
166  0.24252  8.95960e-02 |167  0.05305 -2.94243e-02 |168 -0.18855  1.10549e-01
169  0.19863 -4.00197e-02 |170  0.31629  8.60020e-02 |171  0.07795 -2.46935e-02
172 -0.53233 -9.74035e-06 |173 -0.38236  2.45844e-02 |174  0.23520 -3.79821e-02
175  0.07904 -5.27594e-02 |176 -0.12191  4.23925e-02 |177  0.04956 -1.24350e-01
178  0.11844  1.91967e-01 |179  0.32148  2.12213e-01 |180  0.27247 -5.89157e-02
181  0.00639 -4.45841e-02 |182  0.00955  2.69919e-01 |183 -0.15065 -7.84470e-02
184 -0.12631  7.07627e-01 |185  0.01187  6.19318e-02 |186  0.39322  6.60148e-03
187  0.01920  3.57695e-02 |188 -0.15517  3.30730e-02 |189  0.09849 -4.48264e-01
190  0.16285 -2.00274e-01 |191  0.21857  1.29307e+00 |192  0.25695  1.85230e-01
193  0.02475  1.42174e+00 |194 -0.00576 -1.70774e-01 |195 -0.17675  6.52521e-01
196 -0.11501 -5.96906e-01 |197 -0.55607 -7.58002e-03 |198  0.17037 -1.31799e-03
199  0.09487  3.60523e-02 |200 -0.25305 -4.54588e-02 |
200 variables; iteration 60; function evaluation 66; phase 4
Function value 7.1511821e+03; maximum gradient component mag -7.3159e-01
Var    Value     Gradient |Var    Value     Gradient |Var    Value     Gradient
  1 -0.42391 -2.00897e-01 |  2  0.36941  1.76938e-01 |  3 -0.12681 -3.42840e-01
  4 -0.00911 -7.21270e-02 |  5 -0.71014 -8.42517e-02 |  6 -0.60391 -7.31589e-01
  7  0.37296  3.04232e-01 |  8 -0.18619  5.43214e-01 |  9  0.04094  4.48944e-01
 10 -0.61441  6.91156e-02 | 11 -0.62247 -5.17159e-02 | 12 -0.09439 -1.23602e-01
 13 -0.00996  1.19226e-03 | 14 -0.01017  1.21936e-03 | 15 -0.01038  1.24612e-03
 16 -0.01058  1.27247e-03 | 17 -0.01078  1.29830e-03 | 18 -0.01098  1.32355e-03
 19 -0.01116  1.34818e-03 | 20 -0.01133  1.37208e-03 | 21 -0.01150  1.39512e-03
 22 -0.01165  1.41715e-03 | 23 -0.01179  1.43798e-03 | 24 -0.01191  1.45728e-03
 25 -0.01202  1.47471e-03 | 26 -0.01211  1.48979e-03 | 27 -0.01218  1.50190e-03
 28 -0.01223  1.51029e-03 | 29 -0.01226  1.51408e-03 | 30 -0.01226  1.51216e-03
 31 -0.01224  1.50315e-03 | 32 -0.01220  1.48551e-03 | 33 -0.01213  1.45756e-03
 34 -0.01203  1.41763e-03 | 35 -0.01191  1.36417e-03 | 36 -0.01175  1.29600e-03
 37 -0.01157  1.21255e-03 | 38 -0.01136  1.11410e-03 | 39 -0.01112  1.00199e-03
 40 -0.01085  8.78872e-04 | 41 -0.01056  7.48121e-04 | 42 -0.01025  6.14461e-04
 43 -0.00992  4.83217e-04 | 44 -0.00958  3.60117e-04 | 45 -0.00924  2.50835e-04
 46 -0.00889  1.60497e-04 | 47 -0.00855  9.31745e-05 | 48 -0.00823  5.19573e-05
 49 -0.00794  3.89039e-05 | 50 -0.00768  5.56280e-05 | 51 -0.00746  1.03967e-04
 52 -0.00727  1.86676e-04 | 53 -0.00712  3.07440e-04 | 54 -0.00699  4.71178e-04
 55 -0.00688  6.83443e-04 | 56 -0.00674  9.49499e-04 | 57 -0.00657  1.27324e-03
 58 -0.00632  1.65585e-03 | 59 -0.00597  2.09359e-03 | 60 -0.00548  2.57734e-03
 61 -0.00483  3.09470e-03 | 62 -0.00397  3.63554e-03 | 63 -0.00289  4.20204e-03
 64 -0.00156  4.81681e-03 | 65  0.00004  5.51650e-03 | 66  0.00193  6.33235e-03
 67  0.00412  7.23597e-03 | 68  0.00662  8.12588e-03 | 69  0.00941  8.88714e-03
 70  0.01247  9.50646e-03 | 71  0.01577  1.00935e-02 | 72  0.01922  1.06675e-02
 73  0.02273  1.09894e-02 | 74  0.02614  1.09866e-02 | 75  0.02924  1.14873e-02
 76  0.03183  1.34198e-02 | 77  0.03371  1.53145e-02 | 78  0.03474  1.42483e-02
 79  0.03493  1.06049e-02 | 80  0.03439  7.71426e-03 | 81  0.03327  7.40048e-03
 82  0.03163  8.56198e-03 | 83  0.02945  9.29594e-03 | 84  0.02663  8.60156e-03
 85  0.02319  7.06267e-03 | 86  0.01931  5.59473e-03 | 87  0.01537  4.09656e-03
 88  0.01187  2.39699e-03 | 89  0.00923  8.12290e-04 | 90  0.00757 -5.29460e-04
 91  0.00664 -1.68745e-03 | 92  0.00602 -2.70715e-03 | 93  0.00552 -3.64467e-03
 94  0.00559 -4.69800e-03 | 95  0.00632 -6.13725e-03 | 96  0.00648 -7.74888e-03
 97  0.00798 -1.07154e-02 | 98  0.01032 -1.50873e-02 | 99  0.01408 -2.08382e-02
100  0.01382 -2.52742e-02 |101  0.01210 -3.05359e-02 |102  0.00999 -3.52287e-02
103  0.00159 -3.74839e-02 |104  0.00226 -3.36435e-02 |105  0.02156 -2.99770e-02
106  0.01987 -2.30292e-02 |107 -0.00441 -2.46033e-02 |108  0.01367 -3.59974e-02
109  0.08173 -5.93463e-02 |110  0.02637 -3.31360e-02 |111 -0.01617 -1.69778e-02
112  0.00215  2.56466e-03 |113  0.01747  3.30991e-02 |114  0.03605  5.31663e-02
115  0.00097  3.81246e-02 |116 -0.06474  8.80493e-03 |117 -0.08179  2.21746e-03
118 -0.07989 -4.71115e-03 |119 -0.03732 -2.27925e-02 |120  0.06609 -1.30896e-01
121  0.02184 -9.09686e-02 |122  0.01282 -3.65343e-02 |123 -0.02845  2.09662e-02
124 -0.06799  1.44755e-02 |125 -0.00942  1.64331e-02 |126  0.00175  3.02533e-02
127 -0.02753  3.41970e-02 |128  0.03036  1.11210e-02 |129  0.07562  1.93836e-02
130  0.01686  8.11610e-03 |131  0.08611  1.59705e-02 |132  0.00756  5.89831e-03
133  0.13535  2.32477e-02 |134 -0.00214  7.09806e-04 |135 -0.04409 -4.20327e-04
136 -0.05453 -6.82982e-04 |137 -0.02082  1.00485e-03 |138  0.09486 -5.79658e-03
139  0.03255  1.79849e-04 |140  0.01721 -9.68991e-03 |141 -0.02774  2.76173e-03
142 -0.01752 -3.67237e-03 |143 -0.00488 -3.56988e-03 |144 -0.00038 -1.84003e-04
145  0.28143 -4.94263e-02 |146  0.19070 -7.68407e-04 |147  0.04631  1.19769e-01
148  0.29620 -2.52190e-01 |149  0.01654  6.97266e-03 |150 -0.11539  9.67377e-02
151 -0.47188  1.38496e-02 |152  0.31441  2.82003e-02 |153  0.04813  1.71537e-02
154 -0.23449  1.35440e-02 |155  0.18275  1.74903e-01 |156  0.25934 -4.26114e-01
157  0.17337  9.54601e-02 |158  0.25361 -8.60493e-02 |159  0.00657  5.71396e-02
160 -0.09900  6.32804e-02 |161  0.10232 -2.40748e-02 |162  0.29614  3.91026e-02
163  0.16750 -7.92923e-02 |164  0.24578  9.03198e-02 |165 -0.35254  1.25778e-02
166  0.24258  5.07926e-02 |167  0.05300 -1.32248e-02 |168 -0.18859  4.18185e-02
169  0.19869 -1.34270e-02 |170  0.31629  3.40666e-02 |171  0.07794 -1.27369e-02
172 -0.53232 -1.18555e-05 |173 -0.38297  6.04625e-03 |174  0.23499 -3.42862e-02
175  0.07919  2.93344e-03 |176 -0.12190  6.79756e-03 |177  0.04947 -2.76190e-02
178  0.11844  5.84568e-02 |179  0.32141  5.18244e-02 |180  0.27247 -3.13846e-02
181  0.00650  2.41387e-02 |182  0.00951  5.70376e-02 |183 -0.15070 -1.24028e-01
184 -0.12635  2.70987e-01 |185  0.01168 -6.48753e-03 |186  0.39314 -1.25908e-02
187  0.01934  2.42372e-02 |188 -0.15522 -7.42959e-03 |189  0.09850 -1.60239e-01
190  0.16285 -6.59702e-02 |191  0.21854  4.79237e-01 |192  0.25695  6.61687e-02
193  0.02472  5.17852e-01 |194 -0.00575 -8.94573e-02 |195 -0.17677  2.43900e-01
196 -0.11501 -2.12145e-01 |197 -0.55606 -1.36941e-03 |198  0.17034 -1.90222e-02
199  0.09481  1.29765e-02 |200 -0.25301 -1.39954e-02 |
200 variables; iteration 80; function evaluation 89; phase 4
Function value 7.1511820e+03; maximum gradient component mag -2.1647e-02
Var    Value     Gradient |Var    Value     Gradient |Var    Value     Gradient
  1 -0.42391  2.82645e-03 |  2  0.36941 -8.99941e-05 |  3 -0.12679 -1.64106e-03
  4 -0.00912  6.98442e-03 |  5 -0.71006  7.11636e-03 |  6 -0.60390 -2.66867e-03
  7  0.37297 -6.47041e-03 |  8 -0.18618 -2.76568e-03 |  9  0.04091  1.86238e-02
 10 -0.61445  7.59229e-03 | 11 -0.62246 -1.30151e-03 | 12 -0.09417 -1.57462e-03
 13 -0.00996  2.76643e-04 | 14 -0.01017  2.87521e-04 | 15 -0.01038  2.98671e-04
 16 -0.01059  3.10131e-04 | 17 -0.01079  3.21967e-04 | 18 -0.01098  3.34220e-04
 19 -0.01116  3.46952e-04 | 20 -0.01134  3.60230e-04 | 21 -0.01150  3.74110e-04
 22 -0.01165  3.88639e-04 | 23 -0.01179  4.03841e-04 | 24 -0.01192  4.19690e-04
 25 -0.01202  4.36125e-04 | 26 -0.01211  4.53010e-04 | 27 -0.01219  4.70126e-04
 28 -0.01223  4.87126e-04 | 29 -0.01226  5.03521e-04 | 30 -0.01227  5.18651e-04
 31 -0.01225  5.31738e-04 | 32 -0.01220  5.41894e-04 | 33 -0.01213  5.48154e-04
 34 -0.01203  5.49525e-04 | 35 -0.01191  5.45054e-04 | 36 -0.01175  5.33914e-04
 37 -0.01157  5.15526e-04 | 38 -0.01136  4.89682e-04 | 39 -0.01112  4.56625e-04
 40 -0.01085  4.17003e-04 | 41 -0.01056  3.72152e-04 | 42 -0.01025  3.23488e-04
 43 -0.00992  2.72494e-04 | 44 -0.00958  2.20385e-04 | 45 -0.00923  1.67728e-04
 46 -0.00888  1.14248e-04 | 47 -0.00855  5.88291e-05 | 48 -0.00823 -2.70980e-07
 49 -0.00794 -6.48915e-05 | 50 -0.00767 -1.36362e-04 | 51 -0.00745 -2.15064e-04
 52 -0.00726 -3.00346e-04 | 53 -0.00711 -3.90797e-04 | 54 -0.00699 -4.84916e-04
 55 -0.00687 -5.81586e-04 | 56 -0.00674 -6.80077e-04 | 57 -0.00657 -7.79941e-04
 58 -0.00632 -8.80791e-04 | 59 -0.00597 -9.81559e-04 | 60 -0.00548 -1.07874e-03
 61 -0.00483 -1.16250e-03 | 62 -0.00398 -1.21119e-03 | 63 -0.00290 -1.18767e-03
 64 -0.00157 -1.04582e-03 | 65  0.00004 -7.57909e-04 | 66  0.00193 -3.60708e-04
 67  0.00412  2.31281e-05 | 68  0.00661  2.48695e-04 | 69  0.00940  2.87394e-04
 70  0.01246  2.46793e-04 | 71  0.01575  1.43442e-04 | 72  0.01921 -1.54959e-04
 73  0.02271 -4.30230e-04 | 74  0.02612 -1.14661e-04 | 75  0.02923  3.42734e-04
 76  0.03180 -4.27003e-04 | 77  0.03366 -1.74798e-03 | 78  0.03470 -1.31247e-03
 79  0.03491  7.49887e-04 | 80  0.03440  2.16074e-03 | 81  0.03327  1.68702e-03
 82  0.03162  2.22368e-04 | 83  0.02942 -7.07331e-04 | 84  0.02660 -5.86301e-04
 85  0.02317 -3.95824e-04 | 86  0.01928 -6.19822e-04 | 87  0.01534 -5.40867e-04
 88  0.01185 -2.47069e-04 | 89  0.00921 -3.64021e-05 | 90  0.00755  2.11486e-04
 91  0.00662  5.17702e-04 | 92  0.00600  8.07172e-04 | 93  0.00550  1.01493e-03
 94  0.00556  1.11497e-03 | 95  0.00630  1.04849e-03 | 96  0.00645  6.84535e-04
 97  0.00795  4.35439e-04 | 98  0.01029  3.30098e-04 | 99  0.01407  9.98769e-04
100  0.01381  1.17177e-03 |101  0.01211  1.93743e-03 |102  0.01001  2.21922e-03
103  0.00162 -1.82161e-04 |104  0.00228 -8.42460e-04 |105  0.02155 -2.31984e-03
106  0.01984 -6.50427e-03 |107 -0.00442 -1.13676e-02 |108  0.01368 -9.84186e-03
109  0.08180 -1.72934e-03 |110  0.02641 -1.09516e-03 |111 -0.01615 -1.71791e-03
112  0.00218  6.38255e-03 |113  0.01748  9.50946e-03 |114  0.03607  4.24425e-03
115  0.00097 -2.85806e-03 |116 -0.06472 -4.61814e-03 |117 -0.08175  6.53315e-04
118 -0.07986  3.49340e-03 |119 -0.03732 -5.81082e-03 |120  0.06619 -2.16468e-02
121  0.02193 -4.37880e-03 |122  0.01287 -2.78603e-03 |123 -0.02847 -7.46333e-04
124 -0.06798  2.50026e-04 |125 -0.00938  7.97245e-03 |126  0.00176  3.65243e-03
127 -0.02757  4.01884e-03 |128  0.03041  6.64564e-03 |129  0.07561 -2.95364e-03
130  0.01684 -1.16922e-02 |131  0.08611 -7.24236e-03 |132  0.00755 -4.79313e-03
133  0.13535  1.19521e-02 |134 -0.00214  1.66536e-03 |135 -0.04409 -1.75573e-03
136 -0.05454 -4.57211e-03 |137 -0.02083 -5.28670e-04 |138  0.09490  6.06216e-03
139  0.03253 -2.78338e-03 |140  0.01725  4.03212e-03 |141 -0.02774  1.87744e-03
142 -0.01751 -1.17408e-03 |143 -0.00488 -8.34776e-04 |144 -0.00038 -1.48511e-04
145  0.28118 -2.35894e-03 |146  0.19041 -5.55844e-03 |147  0.04629 -3.09713e-03
148  0.29622 -1.23204e-03 |149  0.01657 -4.19335e-03 |150 -0.11542  1.73429e-03
151 -0.47248  5.70793e-03 |152  0.31370 -1.33131e-02 |153  0.04828 -2.65813e-03
154 -0.23458  6.43572e-03 |155  0.18274 -1.33440e-03 |156  0.25937 -1.08389e-03
157  0.17336  6.14714e-03 |158  0.25361  6.26449e-03 |159  0.00656  1.04570e-02
160 -0.09902 -3.65127e-03 |161  0.10231  3.17416e-03 |162  0.29614  2.42834e-03
163  0.16752  2.18506e-03 |164  0.24579  2.76515e-03 |165 -0.35271  4.33914e-03
166  0.24251  2.13380e-03 |167  0.05303 -1.07172e-03 |168 -0.18862 -2.32942e-03
169  0.19865 -7.47924e-03 |170  0.31628 -2.44110e-03 |171  0.07795 -1.20273e-04
172 -0.53230 -9.39070e-06 |173 -0.38294 -6.93642e-04 |174  0.23501 -1.36090e-03
175  0.07919  2.49922e-03 |176 -0.12192 -1.69441e-03 |177  0.04967  1.13229e-02
178  0.11842 -2.15135e-03 |179  0.32146  1.15485e-03 |180  0.27245 -2.22158e-05
181  0.00631  7.46852e-04 |182  0.00953 -1.77175e-03 |183 -0.15068 -1.78143e-02
184 -0.12639  9.71145e-04 |185  0.01176  2.03367e-03 |186  0.39318 -9.32992e-04
187  0.01927 -1.76888e-03 |188 -0.15521 -6.74316e-03 |189  0.09851 -2.80863e-03
190  0.16284  5.92768e-04 |191  0.21853  1.01913e-03 |192  0.25695  5.44904e-03
193  0.02470 -9.12531e-04 |194 -0.00573 -1.07150e-02 |195 -0.17678  7.28101e-05
196 -0.11502 -2.05108e-03 |197 -0.55582  3.61704e-03 |198  0.17045 -6.61889e-03
199  0.09479 -1.23051e-03 |200 -0.25299 -1.20125e-02 |

 - final statistics:
200 variables; iteration 90; function evaluation 105
Function value 7.1512e+03; maximum gradient component mag -6.9325e-04
Exit code = 1;  converg criter 1.0000e-03
Var    Value     Gradient |Var    Value     Gradient |Var    Value     Gradient
  1 -0.42391 -1.10806e-05 |  2  0.36941 -6.43849e-05 |  3 -0.12679 -3.98618e-05
  4 -0.00912  1.22432e-04 |  5 -0.71007 -1.87029e-04 |  6 -0.60390 -2.05276e-05
  7  0.37298 -1.05811e-04 |  8 -0.18617 -4.88636e-05 |  9  0.04091  2.07666e-04
 10 -0.61445  4.90632e-04 | 11 -0.62246 -7.73745e-05 | 12 -0.09419  2.03818e-04
 13 -0.00996  7.56579e-05 | 14 -0.01017  7.73971e-05 | 15 -0.01038  7.90887e-05
 16 -0.01059  8.07098e-05 | 17 -0.01079  8.22444e-05 | 18 -0.01098  8.36581e-05
 19 -0.01116  8.49167e-05 | 20 -0.01134  8.59884e-05 | 21 -0.01150  8.68405e-05
 22 -0.01165  8.74385e-05 | 23 -0.01179  8.77479e-05 | 24 -0.01192  8.77379e-05
 25 -0.01202  8.73737e-05 | 26 -0.01211  8.66222e-05 | 27 -0.01219  8.54492e-05
 28 -0.01224  8.38252e-05 | 29 -0.01226  8.17309e-05 | 30 -0.01227  7.91669e-05
 31 -0.01225  7.61566e-05 | 32 -0.01220  7.27349e-05 | 33 -0.01213  6.89578e-05
 34 -0.01203  6.49011e-05 | 35 -0.01191  6.06615e-05 | 36 -0.01175  5.63573e-05
 37 -0.01157  5.21168e-05 | 38 -0.01136  4.80718e-05 | 39 -0.01112  4.43304e-05
 40 -0.01085  4.09374e-05 | 41 -0.01056  3.79196e-05 | 42 -0.01025  3.51721e-05
 43 -0.00992  3.25169e-05 | 44 -0.00958  2.97090e-05 | 45 -0.00923  2.64759e-05
 46 -0.00888  2.25739e-05 | 47 -0.00855  1.78493e-05 | 48 -0.00823  1.22684e-05
 49 -0.00793  5.93821e-06 | 50 -0.00767 -9.14617e-07 | 51 -0.00745 -7.98613e-06
 52 -0.00726 -1.49471e-05 | 53 -0.00711 -2.14809e-05 | 54 -0.00699 -2.73411e-05
 55 -0.00687 -3.23569e-05 | 56 -0.00674 -3.63789e-05 | 57 -0.00656 -3.91843e-05
 58 -0.00632 -4.03572e-05 | 59 -0.00597 -3.91888e-05 | 60 -0.00548 -3.47335e-05
 61 -0.00483 -2.61746e-05 | 62 -0.00397 -1.37717e-05 | 63 -0.00289 -4.23920e-07
 64 -0.00156  7.20982e-06 | 65  0.00004  5.15250e-07 | 66  0.00193 -2.40634e-05
 67  0.00412 -5.67110e-05 | 68  0.00661 -7.79312e-05 | 69  0.00939 -7.92446e-05
 70  0.01246 -7.14256e-05 | 71  0.01575 -6.13796e-05 | 72  0.01921 -5.66824e-05
 73  0.02272 -7.85453e-05 | 74  0.02612 -8.57005e-05 | 75  0.02922 -6.98484e-05
 76  0.03180 -1.83205e-04 | 77  0.03367 -3.26090e-04 | 78  0.03470 -2.50208e-04
 79  0.03491 -3.27048e-05 | 80  0.03439  1.34127e-04 | 81  0.03327  1.18444e-04
 82  0.03162 -3.57761e-05 | 83  0.02942 -1.39740e-04 | 84  0.02661 -1.10139e-04
 85  0.02317 -5.95751e-05 | 86  0.01929 -1.56552e-05 | 87  0.01535  2.29375e-05
 88  0.01185  2.90024e-05 | 89  0.00922  3.25223e-05 | 90  0.00755  3.61716e-05
 91  0.00662  3.74881e-05 | 92  0.00600  3.78121e-05 | 93  0.00550  3.77388e-05
 94  0.00557  3.47776e-05 | 95  0.00630  3.22541e-05 | 96  0.00645  4.70962e-05
 97  0.00795  5.87041e-05 | 98  0.01030  6.32942e-05 | 99  0.01407  2.31059e-06
100  0.01381  3.08679e-05 |101  0.01210 -6.03933e-06 |102  0.01000 -4.44979e-05
103  0.00162  6.64254e-06 |104  0.00228 -1.32031e-04 |105  0.02154 -2.72859e-04
106  0.01984 -3.12344e-04 |107 -0.00440 -5.73013e-04 |108  0.01370  1.89577e-04
109  0.08178  4.22301e-05 |110  0.02641  1.67957e-04 |111 -0.01614 -2.90962e-04
112  0.00217 -1.66354e-04 |113  0.01747  2.07412e-04 |114  0.03607  1.04387e-04
115  0.00098 -1.14429e-05 |116 -0.06471 -1.95332e-04 |117 -0.08176 -1.37453e-04
118 -0.07987 -1.38302e-04 |119 -0.03732  9.53217e-06 |120  0.06620 -4.47369e-04
121  0.02192 -1.03571e-04 |122  0.01287 -4.02922e-05 |123 -0.02847  1.33677e-04
124 -0.06798 -6.93253e-04 |125 -0.00939 -1.43210e-04 |126  0.00176  1.20374e-04
127 -0.02757  9.80342e-05 |128  0.03040  4.72261e-04 |129  0.07561 -5.21269e-04
130  0.01686 -2.85844e-04 |131  0.08611 -3.55240e-04 |132  0.00756  4.38626e-04
133  0.13533 -2.51852e-06 |134 -0.00214  3.62188e-05 |135 -0.04408  3.76389e-04
136 -0.05453 -1.21428e-04 |137 -0.02083 -1.51375e-04 |138  0.09489  1.11676e-04
139  0.03254 -1.31729e-04 |140  0.01724 -5.86436e-05 |141 -0.02775  4.44558e-04
142 -0.01751 -4.30657e-05 |143 -0.00487  5.43418e-05 |144 -0.00038  9.00100e-06
145  0.28121 -2.64766e-04 |146  0.19043  3.37307e-04 |147  0.04630 -8.22821e-05
148  0.29622 -3.43098e-05 |149  0.01657 -2.87291e-05 |150 -0.11542  2.57701e-05
151 -0.47244  1.72728e-04 |152  0.31382 -1.82337e-04 |153  0.04828 -5.47188e-05
154 -0.23459 -3.12560e-05 |155  0.18274 -1.99559e-04 |156  0.25937 -9.27143e-05
157  0.17336  1.35978e-04 |158  0.25361  1.28771e-04 |159  0.00656  1.50277e-04
160 -0.09901 -7.51062e-05 |161  0.10231  1.53571e-04 |162  0.29614  8.17868e-05
163  0.16752  3.53943e-04 |164  0.24578  2.33755e-04 |165 -0.35275 -7.54658e-05
166  0.24250  1.45261e-06 |167  0.05304  3.00906e-05 |168 -0.18862  5.27817e-05
169  0.19870  7.94745e-05 |170  0.31629 -9.94526e-06 |171  0.07794 -1.95858e-05
172 -0.53229 -1.10070e-05 |173 -0.38290  1.93496e-04 |174  0.23503  1.50984e-05
175  0.07918  1.94397e-05 |176 -0.12191 -4.09795e-05 |177  0.04962  9.74717e-05
178  0.11842 -8.17916e-05 |179  0.32145 -3.20219e-05 |180  0.27245 -3.33759e-05
181  0.00635  1.10573e-04 |182  0.00953  2.14056e-05 |183 -0.15067 -3.18808e-04
184 -0.12639 -5.38640e-06 |185  0.01176 -9.29103e-05 |186  0.39318 -3.47695e-05
187  0.01927  7.95006e-05 |188 -0.15521 -1.59546e-04 |189  0.09851  2.34258e-06
190  0.16284  1.04121e-04 |191  0.21853 -2.59567e-05 |192  0.25695 -1.96266e-05
193  0.02470  2.11817e-06 |194 -0.00573 -1.37775e-04 |195 -0.17678  7.58497e-06
196 -0.11502  5.35414e-05 |197 -0.55580  4.49820e-04 |198  0.17047 -1.22103e-04
199  0.09478  1.72598e-06 |200 -0.25295 -1.96680e-04 |

 - final statistics:
213 variables; iteration 0; function evaluation 0
Function value 7.1512e+03; maximum gradient component mag -6.9325e-04
Exit code = 0;  converg criter 1.0000e-03
Var    Value     Gradient |Var    Value     Gradient |Var    Value     Gradient
  1 -0.42391 -1.10806e-05 |  2  0.36941 -6.43849e-05 |  3 -0.12679 -3.98618e-05
  4 -0.00912  1.22432e-04 |  5 -0.71007 -1.87029e-04 |  6 -0.60390 -2.05276e-05
  7  0.37298 -1.05811e-04 |  8 -0.18617 -4.88636e-05 |  9  0.04091  2.07666e-04
 10 -0.61445  4.90632e-04 | 11 -0.62246 -7.73745e-05 | 12 -0.09419  2.03818e-04
 13 -0.00996  7.56579e-05 | 14 -0.01017  7.73971e-05 | 15 -0.01038  7.90887e-05
 16 -0.01059  8.07098e-05 | 17 -0.01079  8.22444e-05 | 18 -0.01098  8.36581e-05
 19 -0.01116  8.49167e-05 | 20 -0.01134  8.59884e-05 | 21 -0.01150  8.68405e-05
 22 -0.01165  8.74385e-05 | 23 -0.01179  8.77479e-05 | 24 -0.01192  8.77379e-05
 25 -0.01202  8.73737e-05 | 26 -0.01211  8.66222e-05 | 27 -0.01219  8.54492e-05
 28 -0.01224  8.38252e-05 | 29 -0.01226  8.17309e-05 | 30 -0.01227  7.91669e-05
 31 -0.01225  7.61566e-05 | 32 -0.01220  7.27349e-05 | 33 -0.01213  6.89578e-05
 34 -0.01203  6.49011e-05 | 35 -0.01191  6.06615e-05 | 36 -0.01175  5.63573e-05
 37 -0.01157  5.21168e-05 | 38 -0.01136  4.80718e-05 | 39 -0.01112  4.43304e-05
 40 -0.01085  4.09374e-05 | 41 -0.01056  3.79196e-05 | 42 -0.01025  3.51721e-05
 43 -0.00992  3.25169e-05 | 44 -0.00958  2.97090e-05 | 45 -0.00923  2.64759e-05
 46 -0.00888  2.25739e-05 | 47 -0.00855  1.78493e-05 | 48 -0.00823  1.22684e-05
 49 -0.00793  5.93821e-06 | 50 -0.00767 -9.14617e-07 | 51 -0.00745 -7.98613e-06
 52 -0.00726 -1.49471e-05 | 53 -0.00711 -2.14809e-05 | 54 -0.00699 -2.73411e-05
 55 -0.00687 -3.23569e-05 | 56 -0.00674 -3.63789e-05 | 57 -0.00656 -3.91843e-05
 58 -0.00632 -4.03572e-05 | 59 -0.00597 -3.91888e-05 | 60 -0.00548 -3.47335e-05
 61 -0.00483 -2.61746e-05 | 62 -0.00397 -1.37717e-05 | 63 -0.00289 -4.23920e-07
 64 -0.00156  7.20982e-06 | 65  0.00004  5.15250e-07 | 66  0.00193 -2.40634e-05
 67  0.00412 -5.67110e-05 | 68  0.00661 -7.79312e-05 | 69  0.00939 -7.92446e-05
 70  0.01246 -7.14256e-05 | 71  0.01575 -6.13796e-05 | 72  0.01921 -5.66824e-05
 73  0.02272 -7.85453e-05 | 74  0.02612 -8.57005e-05 | 75  0.02922 -6.98484e-05
 76  0.03180 -1.83205e-04 | 77  0.03367 -3.26090e-04 | 78  0.03470 -2.50208e-04
 79  0.03491 -3.27048e-05 | 80  0.03439  1.34127e-04 | 81  0.03327  1.18444e-04
 82  0.03162 -3.57761e-05 | 83  0.02942 -1.39740e-04 | 84  0.02661 -1.10139e-04
 85  0.02317 -5.95751e-05 | 86  0.01929 -1.56552e-05 | 87  0.01535  2.29375e-05
 88  0.01185  2.90024e-05 | 89  0.00922  3.25223e-05 | 90  0.00755  3.61716e-05
 91  0.00662  3.74881e-05 | 92  0.00600  3.78121e-05 | 93  0.00550  3.77388e-05
 94  0.00557  3.47776e-05 | 95  0.00630  3.22541e-05 | 96  0.00645  4.70962e-05
 97  0.00795  5.87041e-05 | 98  0.01030  6.32942e-05 | 99  0.01407  2.31059e-06
100  0.01381  3.08679e-05 |101  0.01210 -6.03933e-06 |102  0.01000 -4.44979e-05
103  0.00162  6.64254e-06 |104  0.00228 -1.32031e-04 |105  0.02154 -2.72859e-04
106  0.01984 -3.12344e-04 |107 -0.00440 -5.73013e-04 |108  0.01370  1.89577e-04
109  0.08178  4.22301e-05 |110  0.02641  1.67957e-04 |111 -0.01614 -2.90962e-04
112  0.00217 -1.66354e-04 |113  0.01747  2.07412e-04 |114  0.03607  1.04387e-04
115  0.00098 -1.14429e-05 |116 -0.06471 -1.95332e-04 |117 -0.08176 -1.37453e-04
118 -0.07987 -1.38302e-04 |119 -0.03732  9.53217e-06 |120  0.06620 -4.47369e-04
121  0.02192 -1.03571e-04 |122  0.01287 -4.02922e-05 |123 -0.02847  1.33677e-04
124 -0.06798 -6.93253e-04 |125 -0.00939 -1.43210e-04 |126  0.00176  1.20374e-04
127 -0.02757  9.80342e-05 |128  0.03040  4.72261e-04 |129  0.07561 -5.21269e-04
130  0.01686 -2.85844e-04 |131  0.08611 -3.55240e-04 |132  0.00756  4.38626e-04
133  0.13533 -2.51852e-06 |134 -0.00214  3.62188e-05 |135 -0.04408  3.76389e-04
136 -0.05453 -1.21428e-04 |137 -0.02083 -1.51375e-04 |138  0.09489  1.11676e-04
139  0.03254 -1.31729e-04 |140  0.01724 -5.86436e-05 |141 -0.02775  4.44558e-04
142 -0.01751 -4.30657e-05 |143 -0.00487  5.43418e-05 |144 -0.00038  9.00100e-06
145  0.00000  0.00000e+00 |146  0.00000  0.00000e+00 |147  0.00000  0.00000e+00
148  0.00000  0.00000e+00 |149  0.00000  0.00000e+00 |150  0.00000  0.00000e+00
151  0.00000  0.00000e+00 |152  0.00000  0.00000e+00 |153  0.00000  0.00000e+00
154  0.00000  0.00000e+00 |155  0.00000  0.00000e+00 |156  0.00000  0.00000e+00
157  0.00000  0.00000e+00 |158  0.28121 -2.64766e-04 |159  0.19043  3.37307e-04
160  0.04630 -8.22821e-05 |161  0.29622 -3.43098e-05 |162  0.01657 -2.87292e-05
163 -0.11542  2.57701e-05 |164 -0.47244  1.72728e-04 |165  0.31382 -1.82337e-04
166  0.04828 -5.47188e-05 |167 -0.23459 -3.12560e-05 |168  0.18274 -1.99559e-04
169  0.25937 -9.27143e-05 |170  0.17336  1.35978e-04 |171  0.25361  1.28771e-04
172  0.00656  1.50277e-04 |173 -0.09901 -7.51062e-05 |174  0.10231  1.53571e-04
175  0.29614  8.17868e-05 |176  0.16752  3.53943e-04 |177  0.24578  2.33755e-04
178 -0.35275 -7.54658e-05 |179  0.24250  1.45261e-06 |180  0.05304  3.00906e-05
181 -0.18862  5.27817e-05 |182  0.19870  7.94745e-05 |183  0.31629 -9.94526e-06
184  0.07794 -1.95858e-05 |185 -0.53229 -1.10070e-05 |186 -0.38290  1.93496e-04
187  0.23503  1.50984e-05 |188  0.07918  1.94397e-05 |189 -0.12191 -4.09795e-05
190  0.04962  9.74717e-05 |191  0.11842 -8.17916e-05 |192  0.32145 -3.20219e-05
193  0.27245 -3.33759e-05 |194  0.00635  1.10573e-04 |195  0.00953  2.14056e-05
196 -0.15067 -3.18808e-04 |197 -0.12639 -5.38640e-06 |198  0.01176 -9.29103e-05
199  0.39318 -3.47695e-05 |200  0.01927  7.95006e-05 |201 -0.15521 -1.59546e-04
202  0.09851  2.34258e-06 |203  0.16284  1.04121e-04 |204  0.21853 -2.59567e-05
205  0.25695 -1.96266e-05 |206  0.02470  2.11817e-06 |207 -0.00573 -1.37775e-04
208 -0.17678  7.58497e-06 |209 -0.11502  5.35414e-05 |210 -0.55580  4.49820e-04
211  0.17047 -1.22103e-04 |212  0.09478  1.72598e-06 |213 -0.25295 -1.96680e-04
size of file gradfil1.tmp = 0
size of file gradfil2.tmp = 0
size of file varssave.tmp = 0
size of file cmpdiff.tmp = 1000000040
