
Initial statistics: 3 variables; iteration 0; function evaluation 0; phase 1
Function value 4.9429036e+03; maximum gradient component mag -1.2170e+01
Var    Value     Gradient |Var    Value     Gradient |Var    Value     Gradient
  1  0.78677 -1.21704e+01 |  2 -0.68135 -7.37588e+00 |  3 -0.99284 -1.84186e-01

 - final statistics:
3 variables; iteration 1; function evaluation 1
Function value 4.9429e+03; maximum gradient component mag -9.6426e+00
Exit code = 1;  converg criter 1.0000e+01
Var    Value     Gradient |Var    Value     Gradient |Var    Value     Gradient
  1  0.78797 -9.64255e+00 |  2 -0.68062 -5.69919e+00 |  3 -0.99282 -1.51532e-01

Initial statistics: 15 variables; iteration 0; function evaluation 0; phase 2
Function value 4.9428858e+03; maximum gradient component mag 6.0367e+01
Var    Value     Gradient |Var    Value     Gradient |Var    Value     Gradient
  1 -0.38808  6.86056e+00 |  2  0.54138  2.40621e+01 |  3 -0.10957  5.10309e+01
  4 -0.14460  6.03673e+01 |  5 -0.65777  1.83493e+00 |  6 -0.60839 -1.87037e-01
  7 -0.41652  4.80628e+00 |  8  0.50964  4.16193e+01 |  9 -0.18467  4.91767e+01
 10 -0.06763  5.51996e+01 | 11 -0.50483  1.04006e+01 | 12 -0.63803  2.43163e+01
 13  0.78797 -9.64255e+00 | 14 -0.68062 -5.69919e+00 | 15 -0.99282 -1.51532e-01

 - final statistics:
15 variables; iteration 14; function evaluation 19
Function value 4.9425e+03; maximum gradient component mag 9.8051e+00
Exit code = 1;  converg criter 1.0000e+01
Var    Value     Gradient |Var    Value     Gradient |Var    Value     Gradient
  1 -0.38713  5.52660e+00 |  2  0.54808  2.78352e+00 |  3 -0.10522  9.80512e+00
  4 -0.15653  6.87712e+00 |  5 -0.65079  1.66688e-01 |  6 -0.60762  8.37498e-01
  7 -0.41551  3.15916e-01 |  8  0.50696 -3.92958e+00 |  9 -0.18309 -8.53608e+00
 10 -0.07254 -6.27549e+00 | 11 -0.50467 -1.27250e+00 | 12 -0.63822 -2.44615e+00
 13  0.79517  6.05365e-01 | 14 -0.68113 -1.43298e+00 | 15 -0.99289  5.16182e-02

Initial statistics: 174 variables; iteration 0; function evaluation 0; phase 3
Function value 4.9425499e+03; maximum gradient component mag 8.1967e+01
Var    Value     Gradient |Var    Value     Gradient |Var    Value     Gradient
  1 -0.38713  5.52660e+00 |  2  0.54808  2.78352e+00 |  3 -0.10522  9.80512e+00
  4 -0.15653  6.87712e+00 |  5 -0.65079  1.66688e-01 |  6 -0.60762  8.37498e-01
  7 -0.41551  3.15916e-01 |  8  0.50696 -3.92958e+00 |  9 -0.18309 -8.53608e+00
 10 -0.07254 -6.27549e+00 | 11 -0.50467 -1.27250e+00 | 12 -0.63822 -2.44615e+00
 13  0.79517  6.05365e-01 | 14  0.00000  1.07533e+00 | 15  0.00000  1.08548e+00
 16  0.00000  1.09304e+00 | 17  0.00000  1.09774e+00 | 18  0.00000  1.09930e+00
 19  0.00000  1.09747e+00 | 20  0.00000  1.09199e+00 | 21  0.00000  1.08261e+00
 22  0.00000  1.06909e+00 | 23  0.00000  1.05122e+00 | 24  0.00000  1.02874e+00
 25  0.00000  1.00143e+00 | 26  0.00000  9.69027e-01 | 27  0.00000  9.31249e-01
 28  0.00000  8.87781e-01 | 29  0.00000  8.38305e-01 | 30  0.00000  7.82474e-01
 31  0.00000  7.19978e-01 | 32  0.00000  6.50557e-01 | 33  0.00000  5.74074e-01
 34  0.00000  4.90554e-01 | 35  0.00000  4.00295e-01 | 36  0.00000  3.03850e-01
 37  0.00000  2.02174e-01 | 38  0.00000  9.65459e-02 | 39  0.00000 -1.13768e-02
 40  0.00000 -1.19670e-01 | 41  0.00000 -2.26248e-01 | 42  0.00000 -3.29035e-01
 43  0.00000 -4.26184e-01 | 44  0.00000 -5.16337e-01 | 45  0.00000 -5.98894e-01
 46  0.00000 -6.74168e-01 | 47  0.00000 -7.43656e-01 | 48  0.00000 -8.10119e-01
 49  0.00000 -8.77543e-01 | 50  0.00000 -9.51027e-01 | 51  0.00000 -1.03668e+00
 52  0.00000 -1.14141e+00 | 53  0.00000 -1.27255e+00 | 54  0.00000 -1.43774e+00
 55  0.00000 -1.64458e+00 | 56  0.00000 -1.90008e+00 | 57  0.00000 -2.21033e+00
 58  0.00000 -2.57976e+00 | 59  0.00000 -3.01051e+00 | 60  0.00000 -3.50159e+00
 61  0.00000 -4.04792e+00 | 62  0.00000 -4.63975e+00 | 63  0.00000 -5.26127e+00
 64  0.00000 -5.89008e+00 | 65  0.00000 -6.49593e+00 | 66  0.00000 -7.04113e+00
 67  0.00000 -7.48132e+00 | 68  0.00000 -7.76852e+00 | 69  0.00000 -7.85600e+00
 70  0.00000 -7.70452e+00 | 71  0.00000 -7.28813e+00 | 72  0.00000 -6.59720e+00
 73  0.00000 -5.63539e+00 | 74  0.00000 -4.41103e+00 | 75  0.00000 -2.92529e+00
 76  0.00000 -1.16498e+00 | 77  0.00000  8.93339e-01 | 78  0.00000  3.26333e+00
 79  0.00000  5.91909e+00 | 80  0.00000  8.74774e+00 | 81  0.00000  1.15998e+01
 82  0.00000  1.42865e+01 | 83  0.00000  1.66438e+01 | 84  0.00000  1.85735e+01
 85  0.00000  2.00345e+01 | 86  0.00000  2.09840e+01 | 87  0.00000  2.13131e+01
 88  0.00000  2.08453e+01 | 89  0.00000  1.94562e+01 | 90  0.00000  1.72121e+01
 91  0.00000  1.42826e+01 | 92  0.00000  1.05711e+01 | 93  0.00000  5.95248e+00
 94  0.00000  1.37864e-02 | 95  0.00000 -6.47930e+00 | 96  0.00000 -1.39534e+01
 97  0.00000 -2.30582e+01 | 98  0.00000 -3.15878e+01 | 99  0.00000 -4.11465e+01
100  0.00000 -5.53435e+01 |101  0.00000 -6.55615e+01 |102  0.00000 -7.39191e+01
103  0.00000 -8.02077e+01 |104  0.00000 -8.10363e+01 |105  0.00000 -6.98260e+01
106  0.00000 -4.27048e+01 |107  0.00000 -2.72333e+01 |108  0.00000 -6.22785e+00
109  0.00000  2.66997e+01 |110  0.00000  5.95894e+01 |111  0.00000  8.19669e+01
112  0.00000  7.65815e+01 |113  0.00000  5.77485e+01 |114  0.00000  3.53366e+01
115  0.00000  2.05752e+01 |116  0.00000  2.38958e+01 |117  0.00000  3.16330e+01
118  0.00000  2.43189e+01 |119  0.00000  1.09603e+01 |120  0.00000  2.95016e+00
121  0.00000 -2.37550e+00 |122  0.00000 -8.06139e+00 |123  0.00000 -1.04466e+01
124  0.00000 -7.72047e+00 |125  0.00000 -2.24857e+00 |126  0.00000  3.77767e+00
127  0.00000  8.61486e+00 |128  0.00000  6.61944e+00 |129  0.00000  5.62238e+00
130  0.00000  3.50984e+00 |131  0.00000  2.14417e+00 |132  0.00000  1.06184e+00
133  0.00000 -1.08161e+00 |134  0.00000 -1.29354e+00 |135  0.00000  5.00989e-02
136  0.00000  4.37348e-01 |137  0.00000  6.40405e-06 |138 -0.68113 -1.43298e+00
139 -0.99289  5.16182e-02 |140  0.04610 -6.50462e+01 |141 -0.58492 -2.12861e-03
142  0.03629  5.82436e+01 |143 -0.04771 -4.54329e+00 |144  0.26249  1.49373e+00
145  0.18170 -4.72260e+01 |146 -0.58607 -1.83633e-03 |147 -0.00586  3.10441e+01
148  0.14952 -1.37641e+01 |149 -0.03082  1.20389e+01 |150  0.12268 -1.56065e+01
151  0.05508  2.20333e+01 |152  0.15847 -9.54445e+00 |153 -0.03852  1.18828e+01
154 -0.91036  2.36789e-01 |155 -0.46351  1.50697e-02 |156 -0.70325  1.98691e-02
157 -0.19331  1.73989e+01 |158  0.23965  3.33007e+00 |159  0.09326  2.87041e+01
160  0.00044  2.19066e-06 |161 -0.00001 -6.10377e-08 |162 -0.00002 -9.81785e-08
163  0.10390  1.44220e+01 |164 -0.54242  4.24440e-03 |165  0.07513  8.06157e+00
166  0.07245 -1.99338e-02 |167 -0.17519  2.75499e+00 |168 -0.15368  3.15094e+00
169  0.25612 -2.89120e+00 |170  0.02176  3.13299e+00 |171 -0.32828 -7.02774e+00
172 -0.46457 -2.77661e-02 |173  0.50267  7.56605e-03 |174 -0.31415 -1.40803e+01

Intermediate statistics: 174 variables; iteration 20; function evaluation 24; phase 3
Function value 4.9304919e+03; maximum gradient component mag -1.5423e+02
Var    Value     Gradient |Var    Value     Gradient |Var    Value     Gradient
  1 -0.38885  1.60054e+01 |  2  0.53779  1.70306e+01 |  3 -0.11014  2.14160e+01
  4 -0.14039  2.10159e+01 |  5 -0.66291  5.41037e-01 |  6 -0.60866  4.77467e+00
  7 -0.41717  3.54842e+01 |  8  0.50849  1.53879e+01 |  9 -0.18372  2.30871e+01
 10 -0.06679  9.96055e+00 | 11 -0.50807  3.80461e+00 | 12 -0.63737  3.46523e+01
 13  0.79112  7.19930e+00 | 14 -0.00299 -7.85975e-02 | 15 -0.00298 -7.76885e-02
 16 -0.00296 -7.64008e-02 | 17 -0.00292 -7.47125e-02 | 18 -0.00287 -7.26063e-02
 19 -0.00280 -7.00704e-02 | 20 -0.00272 -6.70986e-02 | 21 -0.00263 -6.36927e-02
 22 -0.00251 -5.98602e-02 | 23 -0.00238 -5.56173e-02 | 24 -0.00223 -5.09849e-02
 25 -0.00206 -4.59918e-02 | 26 -0.00187 -4.06702e-02 | 27 -0.00166 -3.50582e-02
 28 -0.00143 -2.91972e-02 | 29 -0.00118 -2.31381e-02 | 30 -0.00091 -1.69380e-02
 31 -0.00062 -1.06715e-02 | 32 -0.00031 -4.43330e-03 | 33  0.00002  1.64856e-03
 34  0.00037  7.40550e-03 | 35  0.00074  1.26103e-02 | 36  0.00111  1.69790e-02
 37  0.00149  2.01470e-02 | 38  0.00186  2.16830e-02 | 39  0.00222  2.10810e-02
 40  0.00254  1.77822e-02 | 41  0.00282  1.11960e-02 | 42  0.00305  7.33612e-04
 43  0.00320 -1.41500e-02 | 44  0.00326 -3.39052e-02 | 45  0.00324 -5.88365e-02
 46  0.00313 -8.90664e-02 | 47  0.00292 -1.24481e-01 | 48  0.00264 -1.64706e-01
 49  0.00230 -2.09098e-01 | 50  0.00191 -2.56748e-01 | 51  0.00152 -3.06479e-01
 52  0.00114 -3.56863e-01 | 53  0.00082 -4.06245e-01 | 54  0.00059 -4.52733e-01
 55  0.00050 -4.94212e-01 | 56  0.00057 -5.28375e-01 | 57  0.00086 -5.52733e-01
 58  0.00140 -5.64694e-01 | 59  0.00223 -5.61643e-01 | 60  0.00337 -5.41104e-01
 61  0.00485 -5.00960e-01 | 62  0.00668 -4.39721e-01 | 63  0.00883 -3.56916e-01
 64  0.01126 -2.53423e-01 | 65  0.01389 -1.31804e-01 | 66  0.01656  3.83313e-03
 67  0.01909  1.48325e-01 | 68  0.02124  2.96503e-01 | 69  0.02276  4.44377e-01
 70  0.02346  5.89941e-01 | 71  0.02324  7.33458e-01 | 72  0.02215  8.77516e-01
 73  0.02031  1.02681e+00 | 74  0.01791  1.18730e+00 | 75  0.01507  1.36444e+00
 76  0.01183  1.56192e+00 | 77  0.00815  1.78239e+00 | 78  0.00409  2.03056e+00
 79 -0.00017  2.31576e+00 | 80 -0.00428  2.64221e+00 | 81 -0.00781  3.01800e+00
 82 -0.01041  3.42855e+00 | 83 -0.01196  3.83879e+00 | 84 -0.01259  4.19918e+00
 85 -0.01258  4.45420e+00 | 86 -0.01220  4.54841e+00 | 87 -0.01144  4.43153e+00
 88 -0.01001  4.06477e+00 | 89 -0.00767  3.41796e+00 | 90 -0.00481  2.44829e+00
 91 -0.00244  1.08365e+00 | 92 -0.00044 -7.13531e-01 | 93  0.00127 -2.96722e+00
 94  0.00472 -5.69024e+00 | 95  0.00556 -8.89832e+00 | 96  0.00527 -1.26651e+01
 97  0.00905 -1.69040e+01 | 98 -0.00478 -2.11379e+01 | 99 -0.02130 -2.51892e+01
100  0.02101 -2.96177e+01 |101  0.00989 -3.02576e+01 |102 -0.00466 -2.90926e+01
103  0.04587 -2.82559e+01 |104  0.08427 -3.01949e+01 |105  0.01132 -2.33546e+01
106 -0.05945 -2.52798e+01 |107  0.00947 -1.46838e+01 |108  0.01791 -1.68349e+00
109 -0.01180  8.22020e+00 |110 -0.02470  2.19080e+01 |111 -0.03414  3.25346e+01
112 -0.03034  3.31895e+01 |113 -0.01681  3.01582e+01 |114  0.00521  2.62552e+01
115  0.02536  2.38968e+01 |116  0.00481  2.27324e+01 |117 -0.01871  2.10716e+01
118 -0.01769  1.70353e+01 |119 -0.00170  1.36624e+01 |120  0.00257  1.00569e+01
121  0.00086  6.57942e+00 |122  0.00925  4.34665e+00 |123  0.01648  3.07900e+00
124  0.00813  1.98319e+00 |125 -0.00497  1.33558e+00 |126 -0.01615  1.06190e+00
127 -0.02925  4.78694e-01 |128 -0.02480  1.04391e-01 |129 -0.02408 -3.35133e-01
130 -0.01645 -3.72408e-01 |131 -0.01080 -2.85496e-01 |132 -0.00600 -2.04465e-01
133  0.00465  1.45285e-01 |134  0.00651  2.77067e-01 |135 -0.00067  2.07259e-02
136 -0.00187 -8.86258e-02 |137 -0.00000 -1.23089e-05 |138 -0.68989 -6.18537e+00
139 -0.99284  3.64179e-01 |140  0.03836 -1.54225e+02 |141 -0.58491 -6.11032e-03
142  0.04254  1.33894e+02 |143 -0.05132 -3.20242e+00 |144  0.26578  1.10146e+00
145  0.17375 -1.00464e+02 |146 -0.58607 -3.78841e-03 |147 -0.00158  8.70169e+01
148  0.14742 -1.37935e+01 |149 -0.02850  1.35435e+01 |150  0.11838 -2.34121e+01
151  0.05958  3.69312e+01 |152  0.15947  3.72604e+00 |153 -0.03835 -1.27627e+00
154 -0.91033  1.96793e+00 |155 -0.46349  6.10091e-02 |156 -0.70320 -3.74399e-02
157 -0.19152  8.13412e+01 |158  0.24205 -3.54704e+00 |159  0.10437  2.11739e+01
160  0.00044  2.19050e-06 |161 -0.00001 -6.10334e-08 |162 -0.00002 -9.81715e-08
163  0.10835  1.83582e+01 |164 -0.54242  5.05968e-03 |165  0.07743  8.32050e-01
166  0.07190  3.46955e+01 |167 -0.17199  8.29492e+01 |168 -0.15148  2.87417e+00
169  0.25485 -1.92594e+00 |170  0.02334  2.45432e+00 |171 -0.33426 -7.09709e+00
172 -0.46460 -3.04520e-02 |173  0.50268  6.06984e-03 |174 -0.31698 -1.49778e+01
174 variables; iteration 40; function evaluation 47; phase 3
Function value 4.9260194e+03; maximum gradient component mag -2.5590e+01
Var    Value     Gradient |Var    Value     Gradient |Var    Value     Gradient
  1 -0.38892  1.45786e+00 |  2  0.54100  8.61247e+00 |  3 -0.10940  9.96673e+00
  4 -0.14459  9.51396e+00 |  5 -0.65540  1.32784e+00 |  6 -0.60873  1.15279e+00
  7 -0.41734  5.58493e-01 |  8  0.50065 -5.36510e+00 |  9 -0.18641 -7.71568e+00
 10 -0.05882  3.02013e+00 | 11 -0.50778 -1.83644e+00 | 12 -0.63787  2.13787e+00
 13  0.81861  4.15410e+00 | 14 -0.00267  1.82396e-01 | 15 -0.00265  1.89801e-01
 16 -0.00263  1.97593e-01 | 17 -0.00259  2.05787e-01 | 18 -0.00254  2.14398e-01
 19 -0.00248  2.23439e-01 | 20 -0.00240  2.32919e-01 | 21 -0.00230  2.42844e-01
 22 -0.00219  2.53217e-01 | 23 -0.00206  2.64034e-01 | 24 -0.00191  2.75291e-01
 25 -0.00175  2.86973e-01 | 26 -0.00156  2.99065e-01 | 27 -0.00136  3.11541e-01
 28 -0.00114  3.24371e-01 | 29 -0.00090  3.37512e-01 | 30 -0.00063  3.50910e-01
 31 -0.00035  3.64493e-01 | 32 -0.00004  3.78165e-01 | 33  0.00028  3.91796e-01
 34  0.00063  4.05218e-01 | 35  0.00098  4.18207e-01 | 36  0.00135  4.30483e-01
 37  0.00173  4.41693e-01 | 38  0.00209  4.51415e-01 | 39  0.00245  4.59152e-01
 40  0.00278  4.64345e-01 | 41  0.00306  4.66386e-01 | 42  0.00329  4.64637e-01
 43  0.00346  4.58459e-01 | 44  0.00355  4.47237e-01 | 45  0.00355  4.30413e-01
 46  0.00346  4.07506e-01 | 47  0.00329  3.78148e-01 | 48  0.00304  3.42100e-01
 49  0.00273  2.99267e-01 | 50  0.00237  2.49703e-01 | 51  0.00200  1.93614e-01
 52  0.00163  1.31355e-01 | 53  0.00131  6.34208e-02 | 54  0.00107 -9.53024e-03
 55  0.00093 -8.66517e-02 | 56  0.00094 -1.66875e-01 | 57  0.00114 -2.48844e-01
 58  0.00156 -3.30887e-01 | 59  0.00224 -4.11007e-01 | 60  0.00320 -4.86986e-01
 61  0.00448 -5.56618e-01 | 62  0.00607 -6.18139e-01 | 63  0.00797 -6.70849e-01
 64  0.01013 -7.15746e-01 | 65  0.01247 -7.55849e-01 | 66  0.01485 -7.95402e-01
 67  0.01708 -8.37566e-01 | 68  0.01895 -8.80967e-01 | 69  0.02029 -9.17867e-01
 70  0.02095 -9.37676e-01 | 71  0.02085 -9.35262e-01 | 72  0.01998 -9.16193e-01
 73  0.01838 -8.92044e-01 | 74  0.01615 -8.70821e-01 | 75  0.01338 -8.52446e-01
 76  0.01011 -8.30634e-01 | 77  0.00636 -7.94662e-01 | 78  0.00220 -7.27432e-01
 79 -0.00212 -6.06274e-01 | 80 -0.00621 -4.15544e-01 | 81 -0.00971 -1.71996e-01
 82 -0.01238  7.76033e-02 | 83 -0.01419  2.75834e-01 | 84 -0.01527  3.79181e-01
 85 -0.01587  3.64716e-01 | 86 -0.01618  2.22886e-01 | 87 -0.01613 -4.57335e-02
 88 -0.01532 -4.18523e-01 | 89 -0.01333 -8.38153e-01 | 90 -0.01030 -1.22148e+00
 91 -0.00691 -1.51510e+00 | 92 -0.00289 -1.70451e+00 | 93  0.00124 -1.98088e+00
 94  0.00520 -2.80995e+00 | 95  0.00382 -4.43709e+00 | 96 -0.00102 -6.62887e+00
 97 -0.00360 -8.64695e+00 | 98 -0.00035 -7.63583e+00 | 99  0.01021 -4.97764e+00
100  0.01221 -8.02406e+00 |101  0.05475 -4.66259e-01 |102  0.01501 -6.03567e+00
103  0.00420 -9.77175e+00 |104  0.08092  1.07820e+00 |105  0.00392 -5.36662e+00
106  0.01962  6.39107e+00 |107 -0.00381 -4.48430e+00 |108  0.01266 -1.52888e+00
109 -0.01435  1.19159e+00 |110 -0.03502  7.14321e+00 |111 -0.04348  1.55639e+01
112 -0.04167  1.50722e+01 |113 -0.02681  1.20294e+01 |114  0.00775  1.24517e+01
115  0.03333  9.38982e+00 |116  0.00181  6.24136e+00 |117 -0.03332  1.84503e+00
118 -0.03112 -1.01154e+00 |119 -0.01256 -3.69384e+00 |120 -0.00168 -3.21912e+00
121  0.00220 -1.73699e+00 |122  0.01411 -3.03011e-01 |123  0.02334  1.14297e+00
124  0.01562  1.88453e+00 |125  0.00258  2.08340e+00 |126 -0.00840  2.38886e+00
127 -0.02225  1.53042e+00 |128 -0.01971  5.52603e-01 |129 -0.02044 -1.86102e-01
130 -0.01396 -2.42989e-01 |131 -0.00921 -1.68080e-01 |132 -0.00464 -5.31924e-02
133  0.00533  1.58127e-01 |134  0.00509 -6.99331e-02 |135 -0.00154 -2.35589e-01
136 -0.00106  1.35533e-01 |137  0.00000  5.87254e-06 |138 -0.70436  1.52717e+00
139 -0.99508  7.14881e-02 |140  0.04522 -2.55903e+01 |141 -0.58447 -8.16787e-04
142  0.03766  2.46275e+01 |143 -0.04680  1.40000e+00 |144  0.25306 -1.57506e+00
145  0.17951 -2.06115e+01 |146 -0.58592 -7.84382e-04 |147 -0.00554  1.57064e+01
148  0.14750 -1.54018e+00 |149 -0.03277  1.92919e-01 |150  0.12062 -5.02346e+00
151  0.05493  6.29459e+00 |152  0.15837 -1.51363e+00 |153 -0.03858  1.29727e+00
154 -0.91191 -6.87654e-01 |155 -0.46319  1.01295e-02 |156 -0.69853  1.10768e-01
157 -0.19739  1.11344e+01 |158  0.23846 -2.74435e-02 |159  0.09120  9.26290e-01
160  0.00044  2.18040e-06 |161 -0.00001 -6.07518e-08 |162 -0.00002 -9.77186e-08
163  0.10422  2.53883e+00 |164 -0.54245  7.99437e-04 |165  0.07499  6.79676e-01
166  0.07250  8.52765e+00 |167 -0.17466  1.48202e+01 |168 -0.15382 -2.99825e-01
169  0.25553 -2.62975e+00 |170  0.02500  4.23676e+00 |171 -0.32735 -8.97617e-01
172 -0.46542 -1.93319e-03 |173  0.50164  4.24858e-03 |174 -0.31424 -1.16474e+00
174 variables; iteration 60; function evaluation 73; phase 3
Function value 4.9249474e+03; maximum gradient component mag -8.8929e+00
Var    Value     Gradient |Var    Value     Gradient |Var    Value     Gradient
  1 -0.38819 -6.69063e+00 |  2  0.54154 -7.90815e-01 |  3 -0.10966 -5.35770e+00
  4 -0.14465 -1.17131e+00 |  5 -0.65564  9.56506e-01 |  6 -0.60866 -1.38355e+00
  7 -0.41668 -8.89292e+00 |  8  0.51007 -5.29820e-02 |  9 -0.18457 -3.40350e+00
 10 -0.06779 -1.43385e+00 | 11 -0.50679 -1.20372e+00 | 12 -0.63781 -1.18208e+00
 13  0.78506 -2.64256e-01 | 14 -0.00272  6.72829e-02 | 15 -0.00273  6.78625e-02
 16 -0.00272  6.83017e-02 | 17 -0.00270  6.85901e-02 | 18 -0.00267  6.87192e-02
 19 -0.00263  6.86825e-02 | 20 -0.00258  6.84760e-02 | 21 -0.00251  6.80987e-02
 22 -0.00243  6.75521e-02 | 23 -0.00234  6.68410e-02 | 24 -0.00223  6.59713e-02
 25 -0.00211  6.49515e-02 | 26 -0.00197  6.37892e-02 | 27 -0.00181  6.24916e-02
 28 -0.00164  6.10623e-02 | 29 -0.00145  5.95031e-02 | 30 -0.00124  5.78099e-02
 31 -0.00101  5.59772e-02 | 32 -0.00077  5.39982e-02 | 33 -0.00051  5.18742e-02
 34 -0.00023  4.96217e-02 | 35  0.00006  4.72929e-02 | 36  0.00036  4.49858e-02
 37  0.00066  4.28782e-02 | 38  0.00097  4.12363e-02 | 39  0.00126  4.04380e-02
 40  0.00154  4.09662e-02 | 41  0.00179  4.33914e-02 | 42  0.00200  4.83307e-02
 43  0.00217  5.63872e-02 | 44  0.00229  6.80763e-02 | 45  0.00235  8.37531e-02
 46  0.00236  1.03570e-01 | 47  0.00232  1.27432e-01 | 48  0.00223  1.55017e-01
 49  0.00210  1.85827e-01 | 50  0.00196  2.19278e-01 | 51  0.00183  2.54789e-01
 52  0.00172  2.91858e-01 | 53  0.00168  3.30127e-01 | 54  0.00172  3.69347e-01
 55  0.00189  4.09325e-01 | 56  0.00221  4.49825e-01 | 57  0.00271  4.90357e-01
 58  0.00343  5.29864e-01 | 59  0.00439  5.66218e-01 | 60  0.00558  5.95678e-01
 61  0.00700  6.12742e-01 | 62  0.00864  6.11200e-01 | 63  0.01044  5.87096e-01
 64  0.01237  5.42575e-01 | 65  0.01441  4.87629e-01 | 66  0.01649  4.36079e-01
 67  0.01850  3.97688e-01 | 68  0.02026  3.73496e-01 | 69  0.02152  3.59204e-01
 70  0.02211  3.51434e-01 | 71  0.02193  3.49528e-01 | 72  0.02098  3.54541e-01
 73  0.01939  3.70278e-01 | 74  0.01732  4.03281e-01 | 75  0.01486  4.57025e-01
 76  0.01195  5.22215e-01 | 77  0.00843  5.66779e-01 | 78  0.00408  5.40380e-01
 79 -0.00094  4.36459e-01 | 80 -0.00585  3.59743e-01 | 81 -0.00991  4.00615e-01
 82 -0.01303  4.81123e-01 | 83 -0.01533  5.08646e-01 | 84 -0.01671  5.14034e-01
 85 -0.01716  5.55282e-01 | 86 -0.01689  6.18943e-01 | 87 -0.01621  6.02724e-01
 88 -0.01534  3.59313e-01 | 89 -0.01396 -6.48936e-02 | 90 -0.01117 -2.80762e-01
 91 -0.00737 -1.62772e-01 | 92 -0.00402 -1.09551e-01 | 93 -0.00236 -4.53067e-01
 94  0.00030 -8.39973e-01 | 95  0.00410 -5.38971e-01 | 96  0.00740 -2.71097e-01
 97  0.00853 -1.00997e+00 | 98  0.00751 -6.54641e-01 | 99  0.00998  2.80921e-01
100  0.02887 -6.50630e-02 |101  0.02128 -1.91977e+00 |102  0.03268 -7.48906e-02
103  0.03824 -2.73329e+00 |104  0.04199 -4.76016e+00 |105  0.03126 -2.85044e+00
106 -0.00280 -7.60317e-01 |107  0.01005 -1.43623e+00 |108  0.01360 -1.24261e+00
109 -0.00852  4.76084e-01 |110 -0.03742  3.56623e-01 |111 -0.05876  5.20831e-01
112 -0.05644  3.90757e-01 |113 -0.03436  4.69775e-01 |114  0.00012 -3.37481e-02
115  0.03539 -3.81093e-01 |116 -0.00585 -1.87132e+00 |117 -0.03561 -1.37703e+00
118 -0.02857 -4.16974e-01 |119 -0.00368 -1.40605e-01 |120  0.00290 -4.70265e-01
121  0.00243 -6.65955e-01 |122  0.01231 -7.44916e-01 |123  0.01994 -7.35505e-01
124  0.01242 -4.69120e-01 |125 -0.00075 -2.62428e-01 |126 -0.01564 -8.80720e-01
127 -0.02954 -1.16163e+00 |128 -0.01890  6.02656e-01 |129 -0.01501  1.39327e+00
130 -0.01163  4.92759e-01 |131 -0.00799  1.62935e-01 |132 -0.00401  1.64018e-01
133  0.00347 -1.71680e-01 |134  0.00467 -1.79988e-01 |135 -0.00014  7.75753e-02
136 -0.00151  2.31975e-02 |137  0.00000  8.72044e-06 |138 -0.67846  1.47179e+00
139 -0.99897 -6.20741e-03 |140  0.04649  7.40825e+00 |141 -0.58441  3.74499e-04
142  0.03623 -5.10831e+00 |143 -0.04774  2.06650e-01 |144  0.26243 -1.08038e-01
145  0.18168  2.72221e+00 |146 -0.58594  7.16429e-05 |147 -0.00606 -3.00999e+00
148  0.14924  1.03549e+00 |149 -0.03127 -9.67010e-01 |150  0.12355  1.06500e+00
151  0.05558 -8.01371e-01 |152  0.15604 -1.15830e+00 |153 -0.04104 -1.31908e+00
154 -0.90240  7.43456e-01 |155 -0.46564 -6.02096e-03 |156 -0.69615 -1.19676e-01
157 -0.19338 -7.82722e+00 |158  0.23990 -1.01668e-01 |159  0.09443  1.67437e+00
160  0.00044  2.15298e-06 |161 -0.00001 -5.99879e-08 |162 -0.00002 -9.64898e-08
163  0.10429  1.86007e+00 |164 -0.54252  4.41594e-04 |165  0.07534 -6.04846e-01
166  0.07276  1.51136e+00 |167 -0.17555 -2.07478e+00 |168 -0.15352 -9.37059e-01
169  0.24302 -6.71380e-01 |170  0.01338 -6.03005e-01 |171 -0.33001  3.67382e-01
172 -0.46689  1.41385e-03 |173  0.49878 -5.61252e-04 |174 -0.31304  1.09997e+00
Maximum number of function evaluations exceeded

 - final statistics:
174 variables; iteration 80; function evaluation 100
Function value 4.9249e+03; maximum gradient component mag -3.4514e+00
Exit code = 3;  converg criter 1.0000e+00
Var    Value     Gradient |Var    Value     Gradient |Var    Value     Gradient
  1 -0.38809 -4.16526e-01 |  2  0.54173  8.91279e-02 |  3 -0.10950 -2.86563e-01
  4 -0.14491 -3.97796e-02 |  5 -0.65787 -9.04646e-02 |  6 -0.60834 -1.49947e-01
  7 -0.41653 -5.04837e-01 |  8  0.50979 -1.06307e-01 |  9 -0.18464 -3.27724e-01
 10 -0.06789 -3.84029e-02 | 11 -0.50415  4.33576e-01 | 12 -0.63809 -7.13279e-02
 13  0.78607 -7.16470e-01 | 14 -0.00272  1.75956e-02 | 15 -0.00272  1.74836e-02
 16 -0.00271  1.72982e-02 | 17 -0.00269  1.70329e-02 | 18 -0.00265  1.66810e-02
 19 -0.00261  1.62361e-02 | 20 -0.00255  1.56918e-02 | 21 -0.00247  1.50422e-02
 22 -0.00239  1.42819e-02 | 23 -0.00228  1.34066e-02 | 24 -0.00217  1.24133e-02
 25 -0.00203  1.13011e-02 | 26 -0.00188  1.00712e-02 | 27 -0.00171  8.72864e-03
 28 -0.00153  7.28253e-03 | 29 -0.00133  5.74771e-03 | 30 -0.00110  4.14506e-03
 31 -0.00086  2.50236e-03 | 32 -0.00060  8.52980e-04 | 33 -0.00033 -7.66404e-04
 34 -0.00003 -2.32056e-03 | 35  0.00028 -3.78142e-03 | 36  0.00060 -5.13404e-03
 37  0.00093 -6.37895e-03 | 38  0.00126 -7.52966e-03 | 39  0.00157 -8.60362e-03
 40  0.00187 -9.60968e-03 | 41  0.00213 -1.05371e-02 | 42  0.00235 -1.13516e-02
 43  0.00251 -1.19996e-02 | 44  0.00261 -1.24188e-02 | 45  0.00264 -1.25501e-02
 46  0.00260 -1.23441e-02 | 47  0.00250 -1.17634e-02 | 48  0.00234 -1.07807e-02
 49  0.00213 -9.37606e-03 | 50  0.00190 -7.54259e-03 | 51  0.00167 -5.30504e-03
 52  0.00146 -2.74690e-03 | 53  0.00131 -2.72581e-05 | 54  0.00125  2.63155e-03
 55  0.00130  5.00722e-03 | 56  0.00151  6.99728e-03 | 57  0.00190  8.77880e-03
 58  0.00251  1.09319e-02 | 59  0.00336  1.42215e-02 | 60  0.00449  1.85842e-02
 61  0.00589  2.18604e-02 | 62  0.00756  2.18108e-02 | 63  0.00951  2.34280e-02
 64  0.01173  3.56570e-02 | 65  0.01409  4.44646e-02 | 66  0.01639  3.04216e-02
 67  0.01865  3.40743e-02 | 68  0.02069  6.00091e-02 | 69  0.02191  2.76658e-02
 70  0.02234 -1.94667e-02 | 71  0.02237  1.99275e-02 | 72  0.02171  8.25206e-02
 73  0.02000  7.62685e-02 | 74  0.01774  7.28748e-02 | 75  0.01510  9.24843e-02
 76  0.01180  7.29204e-02 | 77  0.00808  7.75554e-02 | 78  0.00383  7.90056e-02
 79 -0.00067  1.13408e-01 | 80 -0.00531  1.23095e-01 | 81 -0.00992  3.26118e-02
 82 -0.01344  1.64270e-02 | 83 -0.01588  1.55568e-02 | 84 -0.01739  1.80110e-04
 85 -0.01812 -1.78741e-02 | 86 -0.01821 -2.77415e-02 | 87 -0.01759 -2.03651e-02
 88 -0.01601 -9.94496e-03 | 89 -0.01337 -2.72199e-02 | 90 -0.00975  4.16832e-02
 91 -0.00660  5.86100e-02 | 92 -0.00411 -3.39564e-02 | 93 -0.00103  5.01138e-02
 94  0.00277 -1.14332e-02 | 95  0.00485 -9.37090e-02 | 96  0.00655 -1.99542e-01
 97  0.01101 -2.44497e-01 | 98  0.00869 -2.53712e-01 | 99  0.00664 -4.04597e-01
100  0.02505 -6.71765e-01 |101  0.02615 -6.04903e-01 |102  0.02598 -5.12735e-01
103  0.04029 -6.33373e-01 |104  0.04901 -1.09035e+00 |105  0.03195 -3.66817e-01
106 -0.00531 -2.50119e-01 |107  0.01057 -4.67143e-01 |108  0.01540 -2.58375e-01
109 -0.01010  1.11481e-02 |110 -0.03686  1.96433e-01 |111 -0.05905  1.32902e-01
112 -0.05656  8.05773e-02 |113 -0.03501  1.05051e-01 |114  0.00019  1.58046e-01
115  0.03420  1.92782e-01 |116 -0.00090  4.29213e-01 |117 -0.03284  3.06327e-01
118 -0.02864  1.02501e-01 |119 -0.00466  1.40670e-01 |120  0.00312  9.69631e-02
121  0.00365  1.30589e-01 |122  0.01367  1.16900e-01 |123  0.02134  1.09404e-01
124  0.01284  7.56208e-02 |125 -0.00072  7.69526e-02 |126 -0.01291  1.34795e-01
127 -0.02570  7.66315e-02 |128 -0.02104  9.35171e-04 |129 -0.01987 -7.85199e-03
130 -0.01350 -2.72019e-02 |131 -0.00844  4.91844e-02 |132 -0.00464  1.10005e-02
133  0.00414  4.68545e-03 |134  0.00540 -7.87370e-03 |135 -0.00047 -3.71305e-03
136 -0.00159  5.02039e-03 |137 -0.00000 -1.15332e-06 |138 -0.68076 -1.46040e-01
139 -1.01459  3.57364e-02 |140  0.04610 -6.48241e-01 |141 -0.58456  1.79179e-05
142  0.03627  5.48305e-01 |143 -0.04769 -4.84476e-03 |144  0.26213 -2.81670e-02
145  0.18174 -4.71715e-01 |146 -0.58603  1.08637e-05 |147 -0.00585  4.67554e-01
148  0.14996  6.38942e-02 |149 -0.03043  8.83743e-02 |150  0.12260 -1.28324e-01
151  0.05499  1.14585e-01 |152  0.15853  1.76718e-01 |153 -0.03851 -8.86145e-02
154 -0.90984 -1.97648e-01 |155 -0.46545 -2.66531e-03 |156 -0.68904  1.62340e-02
157 -0.19336 -3.45139e+00 |158  0.23967  1.26021e-01 |159  0.09314 -8.25240e-02
160  0.00043  2.11222e-06 |161 -0.00001 -5.88522e-08 |162 -0.00002 -9.46631e-08
163  0.10392  2.06465e-01 |164 -0.54256  4.45834e-05 |165  0.07510 -9.34465e-02
166  0.07249  6.44763e-01 |167 -0.17517  9.49508e-01 |168 -0.15359 -2.22734e-02
169  0.25755  1.76877e-02 |170  0.02267  1.44660e-01 |171 -0.32890 -2.28328e-01
172 -0.46630 -1.18468e-03 |173  0.49942 -1.50635e-04 |174 -0.31413 -4.76387e-01

Initial statistics: 189 variables; iteration 0; function evaluation 0; phase 4
Function value 4.9248753e+03; maximum gradient component mag -5.7629e+00
Var    Value     Gradient |Var    Value     Gradient |Var    Value     Gradient
  1 -0.38809 -4.16526e-01 |  2  0.54173  8.91279e-02 |  3 -0.10950 -2.86563e-01
  4 -0.14491 -3.97796e-02 |  5 -0.65787 -9.04646e-02 |  6 -0.60834 -1.49947e-01
  7 -0.41653 -5.04837e-01 |  8  0.50979 -1.06307e-01 |  9 -0.18464 -3.27724e-01
 10 -0.06789 -3.84029e-02 | 11 -0.50415  4.33576e-01 | 12 -0.63809 -7.13279e-02
 13  0.78607 -7.16470e-01 | 14 -0.00272  1.75956e-02 | 15 -0.00272  1.74836e-02
 16 -0.00271  1.72982e-02 | 17 -0.00269  1.70329e-02 | 18 -0.00265  1.66810e-02
 19 -0.00261  1.62361e-02 | 20 -0.00255  1.56918e-02 | 21 -0.00247  1.50422e-02
 22 -0.00239  1.42819e-02 | 23 -0.00228  1.34066e-02 | 24 -0.00217  1.24133e-02
 25 -0.00203  1.13011e-02 | 26 -0.00188  1.00712e-02 | 27 -0.00171  8.72864e-03
 28 -0.00153  7.28253e-03 | 29 -0.00133  5.74771e-03 | 30 -0.00110  4.14506e-03
 31 -0.00086  2.50236e-03 | 32 -0.00060  8.52980e-04 | 33 -0.00033 -7.66404e-04
 34 -0.00003 -2.32056e-03 | 35  0.00028 -3.78142e-03 | 36  0.00060 -5.13404e-03
 37  0.00093 -6.37895e-03 | 38  0.00126 -7.52966e-03 | 39  0.00157 -8.60362e-03
 40  0.00187 -9.60968e-03 | 41  0.00213 -1.05371e-02 | 42  0.00235 -1.13516e-02
 43  0.00251 -1.19996e-02 | 44  0.00261 -1.24188e-02 | 45  0.00264 -1.25501e-02
 46  0.00260 -1.23441e-02 | 47  0.00250 -1.17634e-02 | 48  0.00234 -1.07807e-02
 49  0.00213 -9.37606e-03 | 50  0.00190 -7.54259e-03 | 51  0.00167 -5.30504e-03
 52  0.00146 -2.74690e-03 | 53  0.00131 -2.72581e-05 | 54  0.00125  2.63155e-03
 55  0.00130  5.00722e-03 | 56  0.00151  6.99728e-03 | 57  0.00190  8.77880e-03
 58  0.00251  1.09319e-02 | 59  0.00336  1.42215e-02 | 60  0.00449  1.85842e-02
 61  0.00589  2.18604e-02 | 62  0.00756  2.18108e-02 | 63  0.00951  2.34280e-02
 64  0.01173  3.56570e-02 | 65  0.01409  4.44646e-02 | 66  0.01639  3.04216e-02
 67  0.01865  3.40743e-02 | 68  0.02069  6.00091e-02 | 69  0.02191  2.76658e-02
 70  0.02234 -1.94667e-02 | 71  0.02237  1.99275e-02 | 72  0.02171  8.25206e-02
 73  0.02000  7.62685e-02 | 74  0.01774  7.28748e-02 | 75  0.01510  9.24843e-02
 76  0.01180  7.29204e-02 | 77  0.00808  7.75554e-02 | 78  0.00383  7.90056e-02
 79 -0.00067  1.13408e-01 | 80 -0.00531  1.23095e-01 | 81 -0.00992  3.26118e-02
 82 -0.01344  1.64270e-02 | 83 -0.01588  1.55568e-02 | 84 -0.01739  1.80110e-04
 85 -0.01812 -1.78741e-02 | 86 -0.01821 -2.77415e-02 | 87 -0.01759 -2.03651e-02
 88 -0.01601 -9.94496e-03 | 89 -0.01337 -2.72199e-02 | 90 -0.00975  4.16832e-02
 91 -0.00660  5.86100e-02 | 92 -0.00411 -3.39564e-02 | 93 -0.00103  5.01138e-02
 94  0.00277 -1.14332e-02 | 95  0.00485 -9.37090e-02 | 96  0.00655 -1.99542e-01
 97  0.01101 -2.44497e-01 | 98  0.00869 -2.53712e-01 | 99  0.00664 -4.04597e-01
100  0.02505 -6.71765e-01 |101  0.02615 -6.04903e-01 |102  0.02598 -5.12735e-01
103  0.04029 -6.33373e-01 |104  0.04901 -1.09035e+00 |105  0.03195 -3.66817e-01
106 -0.00531 -2.50119e-01 |107  0.01057 -4.67143e-01 |108  0.01540 -2.58375e-01
109 -0.01010  1.11481e-02 |110 -0.03686  1.96433e-01 |111 -0.05905  1.32902e-01
112 -0.05656  8.05773e-02 |113 -0.03501  1.05051e-01 |114  0.00019  1.58046e-01
115  0.03420  1.92782e-01 |116 -0.00090  4.29213e-01 |117 -0.03284  3.06327e-01
118 -0.02864  1.02501e-01 |119 -0.00466  1.40670e-01 |120  0.00312  9.69631e-02
121  0.00365  1.30589e-01 |122  0.01367  1.16900e-01 |123  0.02134  1.09404e-01
124  0.01284  7.56208e-02 |125 -0.00072  7.69526e-02 |126 -0.01291  1.34795e-01
127 -0.02570  7.66315e-02 |128 -0.02104  9.35171e-04 |129 -0.01987 -7.85199e-03
130 -0.01350 -2.72019e-02 |131 -0.00844  4.91844e-02 |132 -0.00464  1.10005e-02
133  0.00414  4.68545e-03 |134  0.00540 -7.87370e-03 |135 -0.00047 -3.71305e-03
136 -0.00159  5.02039e-03 |137 -0.00000 -1.15332e-06 |138 -0.68076 -1.46040e-01
139 -0.98541 -3.57364e-02 |140  0.04610 -6.48241e-01 |141 -0.58456  1.79179e-05
142  0.03627  5.48305e-01 |143 -0.38806 -7.49351e-02 |144  0.81931 -6.86759e-01
145 -0.04769 -4.84476e-03 |146  0.26213 -2.81670e-02 |147 -0.25023  1.00675e-03
148  0.18174 -4.71715e-01 |149 -0.58603  1.08637e-05 |150 -0.00585  4.67554e-01
151 -0.41775  2.00974e-01 |152  0.82239 -1.79543e+00 |153  0.14996  6.38942e-02
154 -0.03043  8.83743e-02 |155 -0.12735  2.67426e-03 |156  0.12260 -1.28324e-01
157  0.05499  1.14585e-01 |158  0.15853  1.76718e-01 |159 -0.03851 -8.86145e-02
160 -0.90984 -1.97648e-01 |161 -0.46545 -2.66531e-03 |162 -0.68904  1.62340e-02
163 -0.19336 -3.45139e+00 |164  0.80070 -5.76288e+00 |165  0.23967  1.26021e-01
166  0.09314 -8.25240e-02 |167 -0.26306  2.89773e-01 |168  0.00043  2.11222e-06
169 -0.00001 -5.88522e-08 |170 -0.00002 -9.46631e-08 |171  0.00013  6.36904e-07
172 -0.00026 -1.29487e-06 |173  0.10392  2.06465e-01 |174 -0.54256  4.45834e-05
175  0.07510 -9.34465e-02 |176 -0.41571  6.34382e-02 |177 -0.13967  1.75598e-01
178  0.07249  6.44763e-01 |179 -0.17517  9.49508e-01 |180 -0.15359 -2.22734e-02
181 -1.00000 -1.96890e-08 |182 -0.13690  3.70481e-01 |183  0.25755  1.76877e-02
184  0.02267  1.44660e-01 |185 -0.32890 -2.28328e-01 |186 -0.46630 -1.18468e-03
187  0.49942 -1.50635e-04 |188 -0.31413 -4.76387e-01 |189  0.81085 -5.68005e+00

Intermediate statistics: 189 variables; iteration 20; function evaluation 24; phase 4
Function value 4.9248737e+03; maximum gradient component mag -6.8237e+00
Var    Value     Gradient |Var    Value     Gradient |Var    Value     Gradient
  1 -0.38812 -9.80145e-01 |  2  0.54156  7.26027e-01 |  3 -0.10958  6.85212e-02
  4 -0.14468  5.72924e-01 |  5 -0.65780 -5.41032e-02 |  6 -0.60841 -6.86402e-01
  7 -0.41654 -4.59130e-01 |  8  0.50969  2.07049e-01 |  9 -0.18467  4.87625e-01
 10 -0.06765  4.16864e-01 | 11 -0.50473  9.32873e-02 | 12 -0.63806 -5.00861e-01
 13  0.78613 -1.49973e-01 | 14 -0.00276  9.64026e-03 | 15 -0.00276  9.84750e-03
 16 -0.00275  1.00515e-02 | 17 -0.00272  1.02515e-02 | 18 -0.00269  1.04470e-02
 19 -0.00264  1.06371e-02 | 20 -0.00258  1.08211e-02 | 21 -0.00250  1.09985e-02
 22 -0.00241  1.11686e-02 | 23 -0.00230  1.13309e-02 | 24 -0.00218  1.14851e-02
 25 -0.00204  1.16312e-02 | 26 -0.00189  1.17694e-02 | 27 -0.00172  1.19004e-02
 28 -0.00152  1.20257e-02 | 29 -0.00132  1.21473e-02 | 30 -0.00109  1.22684e-02
 31 -0.00084  1.23930e-02 | 32 -0.00058  1.25260e-02 | 33 -0.00029  1.26728e-02
 34  0.00001  1.28385e-02 | 35  0.00033  1.30274e-02 | 36  0.00065  1.32415e-02
 37  0.00099  1.34803e-02 | 38  0.00132  1.37414e-02 | 39  0.00164  1.40212e-02
 40  0.00194  1.43172e-02 | 41  0.00220  1.46294e-02 | 42  0.00242  1.49616e-02
 43  0.00259  1.53203e-02 | 44  0.00269  1.57136e-02 | 45  0.00273  1.61493e-02
 46  0.00269  1.66340e-02 | 47  0.00258  1.71730e-02 | 48  0.00241  1.77707e-02
 49  0.00220  1.84313e-02 | 50  0.00197  1.91582e-02 | 51  0.00173  1.99513e-02
 52  0.00152  2.08032e-02 | 53  0.00136  2.16971e-02 | 54  0.00129  2.26085e-02
 55  0.00134  2.35147e-02 | 56  0.00155  2.44113e-02 | 57  0.00193  2.53367e-02
 58  0.00254  2.63908e-02 | 59  0.00339  2.77070e-02 | 60  0.00451  2.92961e-02
 61  0.00590  3.08313e-02 | 62  0.00758  3.19354e-02 | 63  0.00953  3.34188e-02
 64  0.01172  3.69040e-02 | 65  0.01406  3.99859e-02 | 66  0.01642  3.87944e-02
 67  0.01868  4.09368e-02 | 68  0.02064  4.77015e-02 | 69  0.02200  4.21489e-02
 70  0.02262  3.30186e-02 | 71  0.02251  4.24253e-02 | 72  0.02162  5.64862e-02
 73  0.01995  5.55256e-02 | 74  0.01771  5.50458e-02 | 75  0.01500  5.88408e-02
 76  0.01177  5.50619e-02 | 77  0.00804  5.55740e-02 | 78  0.00378  5.52381e-02
 79 -0.00084  5.94096e-02 | 80 -0.00552  5.92258e-02 | 81 -0.00984  4.61736e-02
 82 -0.01332  4.32574e-02 | 83 -0.01577  4.21118e-02 | 84 -0.01724  3.90512e-02
 85 -0.01793  3.52738e-02 | 86 -0.01801  3.17624e-02 | 87 -0.01743  2.93584e-02
 88 -0.01589  2.63351e-02 | 89 -0.01322  1.87875e-02 | 90 -0.00984  2.01636e-02
 91 -0.00679  1.35510e-02 | 92 -0.00404 -1.01122e-02 | 93 -0.00132 -1.20575e-02
 94  0.00259 -3.69463e-02 | 95  0.00481 -6.76116e-02 | 96  0.00670 -1.04776e-01
 97  0.01107 -1.35173e-01 | 98  0.00852 -1.57435e-01 | 99  0.00677 -2.06335e-01
100  0.02573 -3.08579e-01 |101  0.02627 -3.23888e-01 |102  0.02558 -3.31146e-01
103  0.03994 -3.76910e-01 |104  0.05055 -5.47722e-01 |105  0.03101 -3.27545e-01
106 -0.00566 -2.39655e-01 |107  0.01108 -2.41634e-01 |108  0.01554 -1.43479e-01
109 -0.01015 -5.61648e-02 |110 -0.03719 -1.24064e-02 |111 -0.05918 -2.00739e-03
112 -0.05658 -4.08674e-03 |113 -0.03504  7.45297e-03 |114  0.00024  4.91451e-02
115  0.03449  7.37301e-02 |116 -0.00156  1.02694e-01 |117 -0.03321  8.79862e-02
118 -0.02852  8.29003e-02 |119 -0.00465  1.09183e-01 |120  0.00321  1.06298e-01
121  0.00354  1.02139e-01 |122  0.01358  9.01686e-02 |123  0.02121  7.40139e-02
124  0.01276  4.72894e-02 |125 -0.00085  3.17907e-02 |126 -0.01322  3.12443e-02
127 -0.02589  1.62088e-02 |128 -0.02102  6.09869e-03 |129 -0.01984  3.44295e-03
130 -0.01340 -1.68450e-03 |131 -0.00860  6.89537e-03 |132 -0.00468  1.27618e-03
133  0.00414 -1.60120e-04 |134  0.00543 -1.96109e-03 |135 -0.00047 -2.29899e-04
136 -0.00161  1.22197e-03 |137 -0.00000 -2.13168e-07 |138 -0.68078  1.03084e-01
139 -0.98541 -1.38778e-02 |140  0.04610 -1.27279e-01 |141 -0.58456  4.25231e-05
142  0.03631  2.73083e-01 |143 -0.38806  3.77653e-02 |144  0.81931  2.27441e+00
145 -0.04772  2.05135e-02 |146  0.26237 -1.61115e-02 |147 -0.25021  3.61937e-02
148  0.18171 -1.01535e+00 |149 -0.58603  9.09829e-06 |150 -0.00575  1.24887e+00
151 -0.41775  2.45293e-02 |152  0.82238 -6.82374e+00 |153  0.14973  3.16673e-01
154 -0.03072 -2.44479e-01 |155 -0.12726  3.18460e-02 |156  0.12276  2.65815e-01
157  0.05504 -3.94719e-01 |158  0.15855  6.06589e-01 |159 -0.03856 -5.00254e-01
160 -0.90931 -8.95010e-02 |161 -0.46545 -1.08969e-03 |162 -0.68911  8.56425e-03
163 -0.19338 -1.29110e+00 |164  0.80074 -2.04751e+00 |165  0.23975  3.63879e-01
166  0.09311 -3.25020e-01 |167 -0.26301  8.71597e-01 |168  0.00043  2.11216e-06
169 -0.00001 -5.88504e-08 |170 -0.00002 -9.46602e-08 |171  0.00013  6.36884e-07
172 -0.00026 -1.29483e-06 |173  0.10393  4.54619e-01 |174 -0.54256  7.47964e-05
175  0.07505 -4.64735e-01 |176 -0.41572  1.23015e-01 |177 -0.13961  5.38629e-01
178  0.07245  2.02498e-01 |179 -0.17519  2.51810e-01 |180 -0.15365 -1.44633e-02
181 -1.00000 -1.87042e-02 |182 -0.13689  3.70320e-01 |183  0.25711  2.79142e-02
184  0.02241  8.15865e-02 |185 -0.32876 -7.11911e-02 |186 -0.46629 -4.59643e-04
187  0.49942 -1.61485e-04 |188 -0.31404 -1.13495e-01 |189  0.81085  5.69692e+00
189 variables; iteration 40; function evaluation 45; phase 4
Function value 4.9248735e+03; maximum gradient component mag -5.5220e+00
Var    Value     Gradient |Var    Value     Gradient |Var    Value     Gradient
  1 -0.38811 -8.21418e-01 |  2  0.54147  6.18309e-01 |  3 -0.10958  1.92952e-02
  4 -0.14461  4.98134e-01 |  5 -0.65785 -6.53254e-02 |  6 -0.60840 -5.50330e-01
  7 -0.41655 -3.96911e-01 |  8  0.50969  2.58200e-01 |  9 -0.18465  3.68877e-01
 10 -0.06768  3.24991e-01 | 11 -0.50461  1.57297e-01 | 12 -0.63807 -4.16336e-01
 13  0.78661 -1.08422e-01 | 14 -0.00276  8.57212e-03 | 15 -0.00276  8.69562e-03
 16 -0.00275  8.80776e-03 | 17 -0.00272  8.90738e-03 | 18 -0.00269  8.99339e-03
 19 -0.00264  9.06471e-03 | 20 -0.00258  9.12037e-03 | 21 -0.00250  9.15956e-03
 22 -0.00241  9.18162e-03 | 23 -0.00230  9.18622e-03 | 24 -0.00218  9.17333e-03
 25 -0.00204  9.14347e-03 | 26 -0.00189  9.09774e-03 | 27 -0.00172  9.03807e-03
 28 -0.00153  8.96738e-03 | 29 -0.00132  8.88991e-03 | 30 -0.00109  8.81123e-03
 31 -0.00085  8.73843e-03 | 32 -0.00058  8.67976e-03 | 33 -0.00030  8.64404e-03
 34  0.00000  8.63965e-03 | 35  0.00032  8.67320e-03 | 36  0.00065  8.74831e-03
 37  0.00098  8.86514e-03 | 38  0.00131  9.02101e-03 | 39  0.00163  9.21230e-03
 40  0.00193  9.43707e-03 | 41  0.00220  9.69721e-03 | 42  0.00242  9.99925e-03
 43  0.00258  1.03534e-02 | 44  0.00269  1.07716e-02 | 45  0.00272  1.12656e-02
 46  0.00268  1.18455e-02 | 47  0.00257  1.25196e-02 | 48  0.00241  1.32949e-02
 49  0.00220  1.41769e-02 | 50  0.00197  1.51683e-02 | 51  0.00173  1.62646e-02
 52  0.00152  1.74478e-02 | 53  0.00137  1.86829e-02 | 54  0.00130  1.99201e-02
 55  0.00135  2.11090e-02 | 56  0.00155  2.22251e-02 | 57  0.00194  2.33039e-02
 58  0.00254  2.44644e-02 | 59  0.00340  2.58578e-02 | 60  0.00451  2.74626e-02
 61  0.00591  2.88666e-02 | 62  0.00759  2.97104e-02 | 63  0.00954  3.09420e-02
 64  0.01172  3.39366e-02 | 65  0.01406  3.63214e-02 | 66  0.01643  3.56037e-02
 67  0.01869  3.74938e-02 | 68  0.02063  4.19972e-02 | 69  0.02201  3.95423e-02
 70  0.02266  3.53981e-02 | 71  0.02253  4.06567e-02 | 72  0.02161  4.83255e-02
 73  0.01995  4.79314e-02 | 74  0.01771  4.75559e-02 | 75  0.01500  5.00789e-02
 76  0.01177  4.67735e-02 | 77  0.00804  4.67352e-02 | 78  0.00378  4.60101e-02
 79 -0.00083  5.23270e-02 | 80 -0.00550  5.40341e-02 | 81 -0.00985  3.14514e-02
 82 -0.01334  2.63449e-02 | 83 -0.01579  2.53882e-02 | 84 -0.01727  2.09173e-02
 85 -0.01796  1.57213e-02 | 86 -0.01804  1.24210e-02 | 87 -0.01745  1.32518e-02
 88 -0.01591  1.45662e-02 | 89 -0.01324  8.54810e-03 | 90 -0.00983  2.32211e-02
 91 -0.00677  2.37428e-02 | 92 -0.00404 -1.83428e-03 | 93 -0.00129  1.04826e-02
 94  0.00262 -1.12538e-02 | 95  0.00482 -3.91978e-02 | 96  0.00671 -7.31092e-02
 97  0.01107 -1.00580e-01 | 98  0.00851 -1.22187e-01 | 99  0.00675 -1.67024e-01
100  0.02581 -2.38534e-01 |101  0.02629 -2.60767e-01 |102  0.02553 -2.74304e-01
103  0.03986 -3.12533e-01 |104  0.05085 -4.16479e-01 |105  0.03072 -3.01491e-01
106 -0.00554 -1.66248e-01 |107  0.01113 -2.03903e-01 |108  0.01546 -1.59957e-01
109 -0.01015 -6.84377e-02 |110 -0.03727 -3.93041e-02 |111 -0.05922 -1.64862e-02
112 -0.05660 -6.16288e-03 |113 -0.03501  2.46714e-02 |114  0.00029  6.01599e-02
115  0.03446  6.90671e-02 |116 -0.00156  9.90428e-02 |117 -0.03322  7.12917e-02
118 -0.02857  4.88198e-02 |119 -0.00470  6.70495e-02 |120  0.00316  6.21028e-02
121  0.00352  6.83941e-02 |122  0.01357  6.41531e-02 |123  0.02120  5.17894e-02
124  0.01275  3.31207e-02 |125 -0.00085  2.52194e-02 |126 -0.01318  3.80214e-02
127 -0.02586  2.29229e-02 |128 -0.02102  4.99474e-03 |129 -0.01985  2.08840e-03
130 -0.01340 -2.47514e-03 |131 -0.00858  1.29146e-02 |132 -0.00466  3.60650e-03
133  0.00416  3.85664e-03 |134  0.00542 -2.63745e-03 |135 -0.00048 -3.24457e-03
136 -0.00160  2.06925e-03 |137 -0.00000 -2.05004e-07 |138 -0.68131  6.24915e-02
139 -0.98534 -9.52488e-03 |140  0.04610 -6.95363e-02 |141 -0.58457  4.70308e-05
142  0.03632  2.93304e-01 |143 -0.38805  4.86005e-02 |144  0.81931  1.74971e+00
145 -0.04773  5.06047e-02 |146  0.26237 -2.01375e-02 |147 -0.25017  8.14784e-02
148  0.18166 -8.40454e-01 |149 -0.58604  5.21508e-06 |150 -0.00581  9.01430e-01
151 -0.41774  3.98893e-03 |152  0.82238 -5.52203e+00 |153  0.14962  2.97707e-01
154 -0.03082 -2.55715e-01 |155 -0.12734  2.62579e-02 |156  0.12267  2.67603e-01
157  0.05499 -4.39953e-01 |158  0.15851  4.41787e-01 |159 -0.03856 -3.75736e-01
160 -0.90919 -6.84878e-02 |161 -0.46542 -8.16659e-04 |162 -0.68932  6.94121e-03
163 -0.19337 -9.79184e-01 |164  0.80069 -1.69574e+00 |165  0.23964  1.93724e-01
166  0.09317 -1.53812e-01 |167 -0.26302  4.91151e-01 |168  0.00043  2.11005e-06
169 -0.00001 -5.87917e-08 |170 -0.00002 -9.45657e-08 |171  0.00013  6.36249e-07
172 -0.00026 -1.29354e-06 |173  0.10393  4.37769e-01 |174 -0.54256  7.63057e-05
175  0.07506 -4.17805e-01 |176 -0.41570  1.20123e-01 |177 -0.13963  4.45728e-01
178  0.07245  1.44955e-01 |179 -0.17519  1.87288e-01 |180 -0.15366 -5.74252e-03
181 -0.99999 -1.19088e-02 |182 -0.13690  3.28859e-01 |183  0.25584  7.48103e-04
184  0.02156 -3.44534e-02 |185 -0.32799 -2.38103e-02 |186 -0.46627 -2.95161e-04
187  0.49945 -2.05783e-04 |188 -0.31434 -1.11107e-01 |189  0.81085  4.57847e+00
189 variables; iteration 60; function evaluation 67; phase 4
Function value 4.9248730e+03; maximum gradient component mag -1.1988e-01
Var    Value     Gradient |Var    Value     Gradient |Var    Value     Gradient
  1 -0.38808 -7.48341e-03 |  2  0.54138  1.00064e-02 |  3 -0.10957 -7.95729e-05
  4 -0.14460  1.17178e-02 |  5 -0.65778 -3.36472e-03 |  6 -0.60838 -6.13376e-03
  7 -0.41652  8.89551e-04 |  8  0.50964  8.95818e-03 |  9 -0.18467  4.63829e-03
 10 -0.06763  3.13843e-04 | 11 -0.50482  2.73686e-03 | 12 -0.63803 -4.78261e-03
 13  0.78619 -1.37855e-02 | 14 -0.00277  2.29085e-05 | 15 -0.00277  6.77881e-05
 16 -0.00275  1.18335e-04 | 17 -0.00273  1.74850e-04 | 18 -0.00269  2.37597e-04
 19 -0.00264  3.06794e-04 | 20 -0.00258  3.82591e-04 | 21 -0.00250  4.65046e-04
 22 -0.00241  5.54105e-04 | 23 -0.00231  6.49553e-04 | 24 -0.00218  7.51000e-04
 25 -0.00204  8.57806e-04 | 26 -0.00189  9.69054e-04 | 27 -0.00171  1.08346e-03
 28 -0.00152  1.19935e-03 | 29 -0.00131  1.31450e-03 | 30 -0.00108  1.42622e-03
 31 -0.00083  1.53129e-03 | 32 -0.00057  1.62612e-03 | 33 -0.00028  1.70704e-03
 34  0.00002  1.77063e-03 | 35  0.00034  1.81422e-03 | 36  0.00067  1.83622e-03
 37  0.00100  1.83618e-03 | 38  0.00133  1.81451e-03 | 39  0.00165  1.77175e-03
 40  0.00195  1.70791e-03 | 41  0.00222  1.62193e-03 | 42  0.00244  1.51162e-03
 43  0.00261  1.37405e-03 | 44  0.00271  1.20605e-03 | 45  0.00274  1.00462e-03
 46  0.00270  7.67245e-04 | 47  0.00259  4.92030e-04 | 48  0.00242  1.77900e-04
 49  0.00221 -1.74969e-04 | 50  0.00197 -5.64260e-04 | 51  0.00174 -9.83777e-04
 52  0.00152 -1.42126e-03 | 53  0.00136 -1.85690e-03 | 54  0.00129 -2.26424e-03
 55  0.00134 -2.61518e-03 | 56  0.00154 -2.88932e-03 | 57  0.00193 -3.08482e-03
 58  0.00253 -3.22310e-03 | 59  0.00338 -3.32869e-03 | 60  0.00450 -3.37937e-03
 61  0.00589 -3.29960e-03 | 62  0.00757 -3.10524e-03 | 63  0.00952 -2.99356e-03
 64  0.01170 -3.06344e-03 | 65  0.01404 -3.17785e-03 | 66  0.01642 -3.02733e-03
 67  0.01868 -3.06760e-03 | 68  0.02061 -3.77025e-03 | 69  0.02201 -2.47082e-03
 70  0.02270 -3.83091e-04 | 71  0.02254 -1.61010e-03 | 72  0.02158 -3.59138e-03
 73  0.01992 -2.93071e-03 | 74  0.01769 -2.38651e-03 | 75  0.01497 -2.24472e-03
 76  0.01176 -1.64094e-03 | 77  0.00802 -1.48829e-03 | 78  0.00376 -1.52343e-03
 79 -0.00090 -4.16161e-03 | 80 -0.00558 -5.57143e-03 | 81 -0.00983  1.89062e-03
 82 -0.01330  2.22904e-03 | 83 -0.01576  1.85729e-03 | 84 -0.01723  1.87445e-03
 85 -0.01792  1.81979e-03 | 86 -0.01799  2.08533e-03 | 87 -0.01742  3.03231e-03
 88 -0.01588  4.35914e-03 | 89 -0.01319  7.07394e-03 | 90 -0.00986  4.62971e-03
 91 -0.00682  3.34014e-03 | 92 -0.00399  9.67204e-03 | 93 -0.00136 -6.79960e-04
 94  0.00258 -1.95883e-03 | 95  0.00481 -5.72025e-03 | 96  0.00673 -1.07919e-02
 97  0.01107 -1.61255e-02 | 98  0.00847 -1.70522e-02 | 99  0.00684 -8.02209e-03
100  0.02599 -4.95432e-04 |101  0.02638 -7.71342e-04 |102  0.02556 -1.90255e-03
103  0.03985  1.06011e-02 |104  0.05119  5.87669e-04 |105  0.03068  1.16502e-02
106 -0.00562  2.82528e-03 |107  0.01124 -4.69580e-03 |108  0.01546 -2.21071e-02
109 -0.01015 -1.68280e-03 |110 -0.03731 -5.29406e-03 |111 -0.05923  5.96839e-03
112 -0.05655  8.47367e-03 |113 -0.03498  5.89991e-03 |114  0.00025 -4.28353e-03
115  0.03457  1.25332e-02 |116 -0.00173 -2.06642e-04 |117 -0.03330  3.82889e-04
118 -0.02853  5.66653e-03 |119 -0.00468  1.06442e-02 |120  0.00320  1.27371e-02
121  0.00348  3.58124e-03 |122  0.01352 -3.65563e-03 |123  0.02114 -8.30089e-03
124  0.01272 -8.64108e-03 |125 -0.00089 -6.19740e-03 |126 -0.01326  1.16886e-03
127 -0.02589  5.19458e-03 |128 -0.02102  8.13390e-05 |129 -0.01984 -1.05759e-03
130 -0.01338 -3.02355e-04 |131 -0.00864 -4.67252e-03 |132 -0.00468 -1.48405e-03
133  0.00415 -2.72788e-04 |134  0.00543  1.15893e-05 |135 -0.00047  8.59448e-04
136 -0.00161 -7.08905e-04 |137 -0.00000  3.84821e-08 |138 -0.68090 -5.43305e-04
139 -0.98532 -8.21082e-04 |140  0.04610 -1.12271e-03 |141 -0.58462  3.39832e-05
142  0.03629  6.06445e-03 |143 -0.38806 -1.52177e-03 |144  0.81931 -9.80327e-02
145 -0.04766  2.84498e-02 |146  0.26255  1.65842e-03 |147 -0.25021  4.10258e-02
148  0.18170 -1.21647e-02 |149 -0.58607  1.77755e-05 |150 -0.00586  1.36267e-02
151 -0.41774  2.93781e-03 |152  0.82239 -1.19880e-01 |153  0.14950  2.89412e-03
154 -0.03084 -8.40084e-03 |155 -0.12738 -3.34430e-03 |156  0.12265 -3.61976e-03
157  0.05506 -1.32806e-02 |158  0.15847  1.10262e-02 |159 -0.03852 -1.41552e-03
160 -0.90876  1.17234e-02 |161 -0.46525 -1.50642e-04 |162 -0.69080 -6.63572e-04
163 -0.19334 -3.40054e-02 |164  0.80072  2.63861e-03 |165  0.23965  2.12471e-03
166  0.09325 -5.78912e-03 |167 -0.26306  6.14034e-03 |168  0.00042  2.09488e-06
169 -0.00001 -5.83690e-08 |170 -0.00002 -9.38858e-08 |171  0.00013  6.31674e-07
172 -0.00026 -1.28424e-06 |173  0.10391  2.10700e-02 |174 -0.54255  5.92037e-06
175  0.07514  7.52527e-03 |176 -0.41571  7.89152e-03 |177 -0.13967  3.86348e-03
178  0.07245 -6.69372e-03 |179 -0.17519 -8.45142e-03 |180 -0.15368 -6.99611e-04
181 -0.99999 -1.32159e-03 |182 -0.13690  6.25555e-04 |183  0.25614 -1.22940e-02
184  0.02180  2.32736e-02 |185 -0.32831 -1.99833e-03 |186 -0.46609 -1.25164e-04
187  0.49964 -1.31801e-04 |188 -0.31414 -2.76988e-03 |189  0.81085  1.05791e-01
189 variables; iteration 80; function evaluation 96; phase 4
Function value 4.9248730e+03; maximum gradient component mag 2.1008e-02
Var    Value     Gradient |Var    Value     Gradient |Var    Value     Gradient
  1 -0.38807  2.09306e-03 |  2  0.54138 -4.65597e-04 |  3 -0.10957  3.68622e-04
  4 -0.14461 -4.65238e-03 |  5 -0.65775  8.13771e-03 |  6 -0.60839  5.63776e-04
  7 -0.41652  6.34074e-04 |  8  0.50964 -5.71264e-04 |  9 -0.18467 -1.17313e-03
 10 -0.06763 -2.61426e-03 | 11 -0.50483  5.93817e-04 | 12 -0.63803  8.99770e-04
 13  0.78642  4.55174e-03 | 14 -0.00277 -5.35888e-05 | 15 -0.00277 -5.09942e-05
 16 -0.00275 -4.77763e-05 | 17 -0.00273 -4.38378e-05 | 18 -0.00269 -3.90546e-05
 19 -0.00264 -3.32884e-05 | 20 -0.00258 -2.63856e-05 | 21 -0.00251 -1.81990e-05
 22 -0.00241 -8.59975e-06 | 23 -0.00231  2.49535e-06 | 24 -0.00218  1.51020e-05
 25 -0.00204  2.91336e-05 | 26 -0.00189  4.43860e-05 | 27 -0.00172  6.05056e-05
 28 -0.00152  7.69903e-05 | 29 -0.00131  9.31900e-05 | 30 -0.00109  1.08357e-04
 31 -0.00084  1.21723e-04 | 32 -0.00057  1.32623e-04 | 33 -0.00029  1.40636e-04
 34  0.00002  1.45690e-04 | 35  0.00033  1.48060e-04 | 36  0.00066  1.48197e-04
 37  0.00100  1.46452e-04 | 38  0.00133  1.42819e-04 | 39  0.00165  1.36965e-04
 40  0.00195  1.28605e-04 | 41  0.00221  1.18078e-04 | 42  0.00244  1.06724e-04
 43  0.00260  9.67343e-05 | 44  0.00270  9.05036e-05 | 45  0.00274  8.98015e-05
 46  0.00270  9.52357e-05 | 47  0.00259  1.06086e-04 | 48  0.00242  1.20690e-04
 49  0.00221  1.37165e-04 | 50  0.00198  1.54119e-04 | 51  0.00174  1.71120e-04
 52  0.00152  1.89009e-04 | 53  0.00137  2.10204e-04 | 54  0.00130  2.38783e-04
 55  0.00135  2.80157e-04 | 56  0.00155  3.40829e-04 | 57  0.00193  4.30834e-04
 58  0.00254  5.70739e-04 | 59  0.00339  7.88361e-04 | 60  0.00451  1.04950e-03
 61  0.00590  1.13120e-03 | 62  0.00758  8.25110e-04 | 63  0.00953  3.65556e-04
 64  0.01170 -9.67819e-04 | 65  0.01403 -2.93119e-03 | 66  0.01642  3.60389e-04
 67  0.01869  1.41430e-03 | 68  0.02061 -3.89218e-04 | 69  0.02203  3.64349e-03
 70  0.02271  4.37286e-03 | 71  0.02256  3.38003e-03 | 72  0.02159 -3.63800e-04
 73  0.01992 -1.68358e-03 | 74  0.01768 -2.10918e-03 | 75  0.01494 -5.62532e-03
 76  0.01175 -1.39030e-03 | 77  0.00802 -9.62278e-04 | 78  0.00376 -9.97748e-04
 79 -0.00089 -1.75360e-03 | 80 -0.00557 -1.95258e-03 | 81 -0.00984 -1.95268e-03
 82 -0.01332 -3.57615e-03 | 83 -0.01577 -1.89072e-03 | 84 -0.01724 -1.03282e-03
 85 -0.01792  2.20752e-04 | 86 -0.01799  1.94779e-03 | 87 -0.01741  3.84424e-03
 88 -0.01587  3.86643e-03 | 89 -0.01322 -2.14467e-03 | 90 -0.00987  9.21480e-04
 91 -0.00684 -2.72874e-03 | 92 -0.00404 -2.35584e-03 | 93 -0.00137 -1.91998e-03
 94  0.00257  5.97945e-04 | 95  0.00481 -1.92969e-04 | 96  0.00674 -1.43437e-03
 97  0.01111  3.41906e-03 | 98  0.00852  4.05733e-03 | 99  0.00684 -1.29510e-04
100  0.02596 -1.95444e-03 |101  0.02636 -2.70018e-03 |102  0.02558  5.03104e-03
103  0.03980 -2.69951e-03 |104  0.05123 -1.11177e-04 |105  0.03063 -1.91851e-03
106 -0.00563 -1.27946e-03 |107  0.01123 -1.24349e-03 |108  0.01551  2.94615e-03
109 -0.01016  2.88192e-03 |110 -0.03730 -4.75469e-04 |111 -0.05924 -5.71949e-04
112 -0.05658 -6.35392e-03 |113 -0.03498  4.60497e-03 |114  0.00028  1.27208e-03
115  0.03453 -3.18949e-03 |116 -0.00172 -3.99379e-03 |117 -0.03328  1.08272e-03
118 -0.02853  1.23731e-03 |119 -0.00469  1.14280e-03 |120  0.00317 -2.34255e-03
121  0.00347 -2.46860e-03 |122  0.01354  7.39739e-04 |123  0.02116  1.24029e-03
124  0.01275  5.48644e-03 |125 -0.00086  5.27732e-03 |126 -0.01325  7.21839e-03
127 -0.02590  1.92948e-03 |128 -0.02102 -1.37102e-04 |129 -0.01985 -1.52300e-03
130 -0.01339 -3.09013e-03 |131 -0.00862  1.05568e-03 |132 -0.00468 -6.93594e-04
133  0.00415  2.71472e-04 |134  0.00543 -5.87102e-04 |135 -0.00048  7.84929e-07
136 -0.00161 -1.54232e-04 |137 -0.00000 -1.28059e-08 |138 -0.68106  3.24064e-03
139 -0.98509  9.92350e-05 |140  0.04610  3.32183e-04 |141 -0.58489  9.54285e-06
142  0.03629 -1.11348e-03 |143 -0.38806  2.37613e-04 |144  0.81931  7.47505e-03
145 -0.04771 -4.12844e-03 |146  0.26250  2.73797e-03 |147 -0.25024 -4.99047e-03
148  0.18170  2.00943e-03 |149 -0.58621  5.02466e-06 |150 -0.00586 -3.10745e-03
151 -0.41775  2.14810e-03 |152  0.82239  2.10080e-02 |153  0.14951 -2.65735e-03
154 -0.03083 -1.14755e-03 |155 -0.12732  4.58636e-03 |156  0.12268  1.76087e-06
157  0.05508  1.34700e-03 |158  0.15847  2.20402e-03 |159 -0.03852  4.56405e-03
160 -0.90978 -2.16189e-03 |161 -0.46430 -4.64252e-05 |162 -0.69808  6.43965e-04
163 -0.19332  4.20606e-03 |164  0.80070 -3.58310e-04 |165  0.23963 -2.59221e-03
166  0.09325 -2.59914e-04 |167 -0.26306 -4.41629e-04 |168  0.00040  1.99686e-06
169 -0.00001 -5.56378e-08 |170 -0.00002 -8.94926e-08 |171  0.00012  6.02117e-07
172 -0.00025 -1.22414e-06 |173  0.10389 -4.62042e-03 |174 -0.54254 -1.44541e-06
175  0.07513 -1.73277e-03 |176 -0.41567  2.83635e-03 |177 -0.13967 -9.03172e-04
178  0.07245  9.50809e-04 |179 -0.17519  9.54204e-04 |180 -0.15368 -4.61171e-04
181 -0.99999 -1.48429e-03 |182 -0.13690 -3.22805e-04 |183  0.25613  2.88812e-03
184  0.02177 -3.77171e-03 |185 -0.32825  1.96753e-03 |186 -0.46516 -3.99248e-05
187  0.50074 -7.90557e-05 |188 -0.31416 -1.29409e-03 |189  0.81085 -1.82948e-02
189 variables; iteration 100; function evaluation 129; phase 4
Function value 4.9248730e+03; maximum gradient component mag -3.7687e-03
Var    Value     Gradient |Var    Value     Gradient |Var    Value     Gradient
  1 -0.38808  3.81758e-05 |  2  0.54138 -7.61114e-06 |  3 -0.10957 -1.46326e-04
  4 -0.14460 -5.12241e-05 |  5 -0.65777 -3.14246e-05 |  6 -0.60839 -2.22528e-06
  7 -0.41652  1.65586e-05 |  8  0.50964 -8.89052e-07 |  9 -0.18467 -2.04961e-04
 10 -0.06763 -4.75317e-05 | 11 -0.50483 -1.21455e-05 | 12 -0.63803 -1.41578e-05
 13  0.78640  7.66435e-05 | 14 -0.00277  2.76641e-06 | 15 -0.00277  2.52804e-06
 16 -0.00275  2.23452e-06 | 17 -0.00273  1.88273e-06 | 18 -0.00269  1.46851e-06
 19 -0.00264  9.90300e-07 | 20 -0.00258  4.50038e-07 | 21 -0.00251 -1.46182e-07
 22 -0.00241 -7.84929e-07 | 23 -0.00231 -1.44383e-06 | 24 -0.00218 -2.08942e-06
 25 -0.00204 -2.67890e-06 | 26 -0.00189 -3.15980e-06 | 27 -0.00172 -3.47448e-06
 28 -0.00152 -3.56788e-06 | 29 -0.00131 -3.39777e-06 | 30 -0.00109 -2.94706e-06
 31 -0.00084 -2.23358e-06 | 32 -0.00057 -1.31609e-06 | 33 -0.00029 -2.88053e-07
 34  0.00002  7.40883e-07 | 35  0.00033  1.66445e-06 | 36  0.00066  2.39530e-06
 37  0.00100  2.86261e-06 | 38  0.00133  3.00649e-06 | 39  0.00165  2.78896e-06
 40  0.00195  2.22605e-06 | 41  0.00221  1.40897e-06 | 42  0.00244  4.81153e-07
 43  0.00260 -4.21506e-07 | 44  0.00270 -1.21787e-06 | 45  0.00274 -1.88069e-06
 46  0.00270 -2.41263e-06 | 47  0.00259 -2.82895e-06 | 48  0.00242 -3.16927e-06
 49  0.00221 -3.51760e-06 | 50  0.00198 -3.99545e-06 | 51  0.00174 -4.73243e-06
 52  0.00152 -5.80943e-06 | 53  0.00137 -7.20751e-06 | 54  0.00130 -8.76559e-06
 55  0.00135 -1.01196e-05 | 56  0.00155 -1.05638e-05 | 57  0.00193 -8.86034e-06
 58  0.00254 -3.87903e-06 | 59  0.00339  1.11002e-06 | 60  0.00450 -5.44320e-06
 61  0.00590 -1.48584e-05 | 62  0.00758  6.00996e-07 | 63  0.00953  3.00127e-06
 64  0.01171 -2.40676e-05 | 65  0.01405  2.93342e-05 | 66  0.01642 -8.25388e-05
 67  0.01868  3.07394e-05 | 68  0.02061  6.12976e-05 | 69  0.02201 -6.52109e-05
 70  0.02269  7.13464e-06 | 71  0.02254  5.16135e-05 | 72  0.02159 -1.08749e-04
 73  0.01993  6.80391e-05 | 74  0.01769 -6.95280e-05 | 75  0.01497  4.03102e-05
 76  0.01176 -2.77731e-05 | 77  0.00802  6.02154e-06 | 78  0.00376 -8.22447e-06
 79 -0.00088 -1.50848e-05 | 80 -0.00556  6.93878e-07 | 81 -0.00984 -1.04061e-05
 82 -0.01331  1.06985e-05 | 83 -0.01577  5.71313e-06 | 84 -0.01724  1.17773e-05
 85 -0.01792  3.42506e-06 | 86 -0.01800  8.96995e-06 | 87 -0.01742  2.34551e-05
 88 -0.01589 -7.07500e-05 | 89 -0.01321 -2.03101e-06 | 90 -0.00987  3.25165e-05
 91 -0.00683 -4.43538e-05 | 92 -0.00403 -9.06913e-06 | 93 -0.00137  3.18788e-05
 94  0.00257  3.15912e-05 | 95  0.00481 -8.39051e-05 | 96  0.00675  9.71148e-05
 97  0.01110 -6.28176e-05 | 98  0.00851 -2.19938e-05 | 99  0.00684  4.21821e-05
100  0.02597 -5.20179e-05 |101  0.02638  3.07328e-05 |102  0.02556 -1.30485e-06
103  0.03982  1.25462e-05 |104  0.05123 -1.42847e-05 |105  0.03064 -1.34624e-05
106 -0.00562  3.41562e-05 |107  0.01124  7.71597e-06 |108  0.01550 -3.58267e-05
109 -0.01017  5.19850e-06 |110 -0.03730 -5.41315e-06 |111 -0.05924 -4.60381e-06
112 -0.05657  2.55996e-05 |113 -0.03500 -3.72539e-05 |114  0.00028  2.16543e-05
115  0.03454  1.12673e-05 |116 -0.00171 -7.36758e-06 |117 -0.03329  1.60836e-05
118 -0.02854 -8.79002e-05 |119 -0.00470  9.32558e-05 |120  0.00318  5.85046e-06
121  0.00348 -5.13830e-05 |122  0.01353 -2.71356e-05 |123  0.02116 -1.35564e-06
124  0.01273  1.64731e-05 |125 -0.00088 -1.53744e-06 |126 -0.01327 -7.46649e-05
127 -0.02591 -1.35529e-05 |128 -0.02102  1.33882e-05 |129 -0.01984  3.64918e-05
130 -0.01338  4.56287e-05 |131 -0.00862 -3.49294e-05 |132 -0.00468  4.65625e-06
133  0.00415 -1.58682e-05 |134  0.00543  1.77833e-05 |135 -0.00048  8.08192e-06
136 -0.00161 -6.63904e-06 |137 -0.00000 -3.11043e-10 |138 -0.68106  1.30083e-05
139 -0.98485 -1.61581e-05 |140  0.04610 -1.62250e-04 |141 -0.58506 -5.29538e-06
142  0.03629  1.09656e-04 |143 -0.38806 -7.43713e-05 |144  0.81931 -3.76872e-03
145 -0.04771  1.41434e-05 |146  0.26249 -7.90429e-06 |147 -0.25023  2.22442e-05
148  0.18170 -2.41141e-05 |149 -0.58629 -2.76501e-06 |150 -0.00586  3.07419e-05
151 -0.41775 -1.37408e-05 |152  0.82239 -5.12083e-04 |153  0.14952  1.04949e-05
154 -0.03082  5.89853e-06 |155 -0.12735 -1.16147e-05 |156  0.12268 -2.57056e-05
157  0.05508 -1.94497e-05 |158  0.15847 -6.55220e-06 |159 -0.03852 -1.59324e-05
160 -0.91038  2.09309e-05 |161 -0.46357 -2.57196e-06 |162 -0.70345 -8.66471e-06
163 -0.19331  3.87628e-04 |164  0.80070  6.73073e-04 |165  0.23965  1.12396e-05
166  0.09326  8.22909e-07 |167 -0.26306  4.12556e-06 |168  0.00038  1.87374e-06
169 -0.00001 -5.22075e-08 |170 -0.00002 -8.39749e-08 |171  0.00011  5.64993e-07
172 -0.00023 -1.14867e-06 |173  0.10390  1.44505e-05 |174 -0.54254  1.37235e-07
175  0.07513  4.04437e-06 |176 -0.41571  4.68073e-06 |177 -0.13967  3.86138e-06
178  0.07245  1.82107e-05 |179 -0.17519  2.54129e-05 |180 -0.15368  1.52627e-06
181 -0.99999 -1.02165e-03 |182 -0.13690  8.35028e-06 |183  0.25612 -1.10857e-05
184  0.02177  1.42727e-05 |185 -0.32828 -6.31097e-06 |186 -0.46446  6.64153e-07
187  0.50177 -3.29276e-05 |188 -0.31415  4.73049e-06 |189  0.81085  3.50418e-04
  ic > imax  in fminim is answer attained ?
Var    Value     Gradient |Var    Value     Gradient |Var    Value     Gradient
  1 -0.38808  2.71034e-05 |  2  0.54138 -8.62364e-06 |  3 -0.10957 -1.54089e-04
  4 -0.14460 -3.15852e-05 |  5 -0.65777 -4.52934e-05 |  6 -0.60839 -6.18265e-06
  7 -0.41652  6.61173e-06 |  8  0.50964  2.56549e-05 |  9 -0.18467 -2.02145e-04
 10 -0.06763 -3.59399e-05 | 11 -0.50483 -3.61133e-07 | 12 -0.63803 -2.16838e-05
 13  0.78640  2.04116e-05 | 14 -0.00277 -9.62876e-06 | 15 -0.00277 -9.41080e-06
 16 -0.00275 -9.15059e-06 | 17 -0.00273 -8.83192e-06 | 18 -0.00269 -8.43108e-06
 19 -0.00264 -7.91826e-06 | 20 -0.00258 -7.25983e-06 | 21 -0.00251 -6.41887e-06
 22 -0.00241 -5.35995e-06 | 23 -0.00231 -4.05320e-06 | 24 -0.00218 -2.48146e-06
 25 -0.00204 -6.44269e-07 | 26 -0.00189  1.43527e-06 | 27 -0.00172  3.70549e-06
 28 -0.00152  6.08567e-06 | 29 -0.00131  8.46879e-06 | 30 -0.00109  1.07317e-05
 31 -0.00084  1.27500e-05 | 32 -0.00057  1.44210e-05 | 33 -0.00029  1.56834e-05
 34  0.00002  1.65281e-05 | 35  0.00033  1.69936e-05 | 36  0.00066  1.71444e-05
 37  0.00100  1.70481e-05 | 38  0.00133  1.67631e-05 | 39  0.00165  1.63433e-05
 40  0.00195  1.58430e-05 | 41  0.00221  1.53088e-05 | 42  0.00244  1.47600e-05
 43  0.00260  1.41758e-05 | 44  0.00270  1.35015e-05 | 45  0.00274  1.26699e-05
 46  0.00270  1.16272e-05 | 47  0.00259  1.03438e-05 | 48  0.00242  8.81255e-06
 49  0.00221  7.04063e-06 | 50  0.00198  5.04419e-06 | 51  0.00174  2.86839e-06
 52  0.00152  6.24832e-07 | 53  0.00137 -1.44869e-06 | 54  0.00130 -2.95187e-06
 55  0.00135 -3.37123e-06 | 56  0.00155 -2.26781e-06 | 57  0.00193  3.68718e-07
 58  0.00254  3.50731e-06 | 59  0.00339  4.32677e-06 | 60  0.00450 -1.01033e-07
 61  0.00590 -6.13463e-06 | 62  0.00758 -1.48003e-06 | 63  0.00953  1.09446e-05
 64  0.01171  4.13066e-05 | 65  0.01405 -6.51348e-06 | 66  0.01642  7.43125e-05
 67  0.01868 -7.40193e-06 | 68  0.02061 -2.83578e-05 | 69  0.02201 -1.26077e-05
 70  0.02269 -2.05385e-05 | 71  0.02254 -2.91744e-05 | 72  0.02159 -2.18827e-06
 73  0.01993  1.09073e-06 | 74  0.01769  7.30651e-05 | 75  0.01497 -1.04083e-05
 76  0.01176  3.04899e-05 | 77  0.00802  5.30163e-06 | 78  0.00376 -3.07541e-06
 79 -0.00088 -2.90846e-05 | 80 -0.00556  6.60400e-05 | 81 -0.00984  5.42598e-05
 82 -0.01331  1.92772e-05 | 83 -0.01577  2.08092e-05 | 84 -0.01724  1.65805e-06
 85 -0.01792 -2.70118e-06 | 86 -0.01800 -2.78532e-05 | 87 -0.01742 -5.80687e-05
 88 -0.01589  9.20537e-05 | 89 -0.01321  3.19013e-05 | 90 -0.00987 -3.33686e-05
 91 -0.00683  1.04768e-04 | 92 -0.00403  9.91232e-05 | 93 -0.00137 -1.27150e-05
 94  0.00257 -7.97213e-05 | 95  0.00481 -7.00512e-05 | 96  0.00675  1.01845e-04
 97  0.01110 -2.23010e-05 | 98  0.00851  4.71945e-05 | 99  0.00684  6.41150e-06
100  0.02597  4.48592e-05 |101  0.02638  1.22071e-05 |102  0.02556 -1.29237e-05
103  0.03982  2.62347e-05 |104  0.05123  1.62089e-05 |105  0.03064  2.84817e-05
106 -0.00562  6.60718e-05 |107  0.01124 -1.93889e-05 |108  0.01550  3.30631e-05
109 -0.01017 -2.48461e-05 |110 -0.03730  3.96339e-05 |111 -0.05924  1.38673e-05
112 -0.05657  5.93812e-05 |113 -0.03500 -2.96868e-05 |114  0.00028  4.30134e-05
115  0.03454  3.71345e-05 |116 -0.00171  1.86693e-05 |117 -0.03329  4.15004e-05
118 -0.02854  3.63821e-05 |119 -0.00470 -6.65430e-05 |120  0.00318  8.18261e-05
121  0.00348  5.20340e-05 |122  0.01353  1.11434e-05 |123  0.02116 -1.26764e-05
124  0.01273 -3.79869e-05 |125 -0.00088 -3.03404e-05 |126 -0.01327  9.36720e-05
127 -0.02591 -9.96425e-05 |128 -0.02102 -5.34193e-05 |129 -0.01984 -2.70026e-05
130 -0.01338 -4.78168e-05 |131 -0.00862  3.29786e-05 |132 -0.00468 -5.72380e-05
133  0.00415 -1.66205e-05 |134  0.00543  8.02134e-06 |135 -0.00048  7.44198e-06
136 -0.00161 -1.35744e-05 |137 -0.00000 -3.45109e-10 |138 -0.68106 -3.88058e-05
139 -0.98484 -1.70699e-05 |140  0.04610 -1.18216e-04 |141 -0.58505 -5.05972e-06
142  0.03629  1.35367e-04 |143 -0.38806 -2.67117e-04 |144  0.81931 -3.72968e-03
145 -0.04771  2.27424e-05 |146  0.26249 -8.51589e-06 |147 -0.25023  3.77710e-05
148  0.18170 -1.34662e-05 |149 -0.58629 -2.63473e-06 |150 -0.00586  4.54398e-05
151 -0.41775 -7.77219e-05 |152  0.82239 -5.31473e-04 |153  0.14952  4.59293e-06
154 -0.03082 -6.21374e-06 |155 -0.12735 -4.45966e-05 |156  0.12268  2.22666e-06
157  0.05508 -4.68108e-06 |158  0.15847 -6.67579e-06 |159 -0.03852 -2.20912e-05
160 -0.91038  5.03240e-05 |161 -0.46357 -2.23682e-06 |162 -0.70347 -1.36320e-05
163 -0.19331  3.38924e-04 |164  0.80070  6.10431e-04 |165  0.23965  1.74067e-05
166  0.09326  1.20005e-06 |167 -0.26306  5.14628e-06 |168  0.00038  1.86746e-06
169 -0.00001 -5.20324e-08 |170 -0.00002 -8.36933e-08 |171  0.00011  5.63099e-07
172 -0.00023 -1.14482e-06 |173  0.10390  1.98630e-05 |174 -0.54254  1.34817e-07
175  0.07513  6.27718e-06 |176 -0.41571  1.10002e-05 |177 -0.13967  6.29088e-06
178  0.07245  8.92961e-06 |179 -0.17519  3.93966e-05 |180 -0.15368 -1.33142e-05
181 -0.99999 -1.00656e-03 |182 -0.13690  1.61703e-05 |183  0.25612 -1.99492e-05
184  0.02177  2.17314e-05 |185 -0.32828 -1.51608e-05 |186 -0.46446  8.14639e-07
187  0.50180 -3.18011e-05 |188 -0.31415  1.20483e-05 |189  0.81085  3.87436e-04
Function minimizer not making progress ... is minimum attained?
Minimprove criterion = 0.0000e+00

 - final statistics:
189 variables; iteration 102; function evaluation 161
Function value 4.9249e+03; maximum gradient component mag -3.7297e-03
Exit code = 1;  converg criter 1.0000e-03
Var    Value     Gradient |Var    Value     Gradient |Var    Value     Gradient
  1 -0.38808  2.71034e-05 |  2  0.54138 -8.62364e-06 |  3 -0.10957 -1.54089e-04
  4 -0.14460 -3.15852e-05 |  5 -0.65777 -4.52934e-05 |  6 -0.60839 -6.18265e-06
  7 -0.41652  6.61173e-06 |  8  0.50964  2.56549e-05 |  9 -0.18467 -2.02145e-04
 10 -0.06763 -3.59399e-05 | 11 -0.50483 -3.61133e-07 | 12 -0.63803 -2.16838e-05
 13  0.78640  2.04116e-05 | 14 -0.00277 -9.62876e-06 | 15 -0.00277 -9.41080e-06
 16 -0.00275 -9.15059e-06 | 17 -0.00273 -8.83192e-06 | 18 -0.00269 -8.43108e-06
 19 -0.00264 -7.91826e-06 | 20 -0.00258 -7.25983e-06 | 21 -0.00251 -6.41887e-06
 22 -0.00241 -5.35995e-06 | 23 -0.00231 -4.05320e-06 | 24 -0.00218 -2.48146e-06
 25 -0.00204 -6.44269e-07 | 26 -0.00189  1.43527e-06 | 27 -0.00172  3.70549e-06
 28 -0.00152  6.08567e-06 | 29 -0.00131  8.46879e-06 | 30 -0.00109  1.07317e-05
 31 -0.00084  1.27500e-05 | 32 -0.00057  1.44210e-05 | 33 -0.00029  1.56834e-05
 34  0.00002  1.65281e-05 | 35  0.00033  1.69936e-05 | 36  0.00066  1.71444e-05
 37  0.00100  1.70481e-05 | 38  0.00133  1.67631e-05 | 39  0.00165  1.63433e-05
 40  0.00195  1.58430e-05 | 41  0.00221  1.53088e-05 | 42  0.00244  1.47600e-05
 43  0.00260  1.41758e-05 | 44  0.00270  1.35015e-05 | 45  0.00274  1.26699e-05
 46  0.00270  1.16272e-05 | 47  0.00259  1.03438e-05 | 48  0.00242  8.81255e-06
 49  0.00221  7.04063e-06 | 50  0.00198  5.04419e-06 | 51  0.00174  2.86839e-06
 52  0.00152  6.24832e-07 | 53  0.00137 -1.44869e-06 | 54  0.00130 -2.95187e-06
 55  0.00135 -3.37123e-06 | 56  0.00155 -2.26781e-06 | 57  0.00193  3.68718e-07
 58  0.00254  3.50731e-06 | 59  0.00339  4.32677e-06 | 60  0.00450 -1.01033e-07
 61  0.00590 -6.13463e-06 | 62  0.00758 -1.48003e-06 | 63  0.00953  1.09446e-05
 64  0.01171  4.13066e-05 | 65  0.01405 -6.51348e-06 | 66  0.01642  7.43125e-05
 67  0.01868 -7.40193e-06 | 68  0.02061 -2.83578e-05 | 69  0.02201 -1.26077e-05
 70  0.02269 -2.05385e-05 | 71  0.02254 -2.91744e-05 | 72  0.02159 -2.18827e-06
 73  0.01993  1.09073e-06 | 74  0.01769  7.30651e-05 | 75  0.01497 -1.04083e-05
 76  0.01176  3.04899e-05 | 77  0.00802  5.30163e-06 | 78  0.00376 -3.07541e-06
 79 -0.00088 -2.90846e-05 | 80 -0.00556  6.60400e-05 | 81 -0.00984  5.42598e-05
 82 -0.01331  1.92772e-05 | 83 -0.01577  2.08092e-05 | 84 -0.01724  1.65805e-06
 85 -0.01792 -2.70118e-06 | 86 -0.01800 -2.78532e-05 | 87 -0.01742 -5.80687e-05
 88 -0.01589  9.20537e-05 | 89 -0.01321  3.19013e-05 | 90 -0.00987 -3.33686e-05
 91 -0.00683  1.04768e-04 | 92 -0.00403  9.91232e-05 | 93 -0.00137 -1.27150e-05
 94  0.00257 -7.97213e-05 | 95  0.00481 -7.00512e-05 | 96  0.00675  1.01845e-04
 97  0.01110 -2.23010e-05 | 98  0.00851  4.71945e-05 | 99  0.00684  6.41150e-06
100  0.02597  4.48592e-05 |101  0.02638  1.22071e-05 |102  0.02556 -1.29237e-05
103  0.03982  2.62347e-05 |104  0.05123  1.62089e-05 |105  0.03064  2.84817e-05
106 -0.00562  6.60718e-05 |107  0.01124 -1.93889e-05 |108  0.01550  3.30631e-05
109 -0.01017 -2.48461e-05 |110 -0.03730  3.96339e-05 |111 -0.05924  1.38673e-05
112 -0.05657  5.93812e-05 |113 -0.03500 -2.96868e-05 |114  0.00028  4.30134e-05
115  0.03454  3.71345e-05 |116 -0.00171  1.86693e-05 |117 -0.03329  4.15004e-05
118 -0.02854  3.63821e-05 |119 -0.00470 -6.65430e-05 |120  0.00318  8.18261e-05
121  0.00348  5.20340e-05 |122  0.01353  1.11434e-05 |123  0.02116 -1.26764e-05
124  0.01273 -3.79869e-05 |125 -0.00088 -3.03404e-05 |126 -0.01327  9.36720e-05
127 -0.02591 -9.96425e-05 |128 -0.02102 -5.34193e-05 |129 -0.01984 -2.70026e-05
130 -0.01338 -4.78168e-05 |131 -0.00862  3.29786e-05 |132 -0.00468 -5.72380e-05
133  0.00415 -1.66205e-05 |134  0.00543  8.02134e-06 |135 -0.00048  7.44198e-06
136 -0.00161 -1.35744e-05 |137 -0.00000 -3.45109e-10 |138 -0.68106 -3.88058e-05
139 -0.98484 -1.70699e-05 |140  0.04610 -1.18216e-04 |141 -0.58505 -5.05972e-06
142  0.03629  1.35367e-04 |143 -0.38806 -2.67117e-04 |144  0.81931 -3.72968e-03
145 -0.04771  2.27424e-05 |146  0.26249 -8.51589e-06 |147 -0.25023  3.77710e-05
148  0.18170 -1.34662e-05 |149 -0.58629 -2.63473e-06 |150 -0.00586  4.54398e-05
151 -0.41775 -7.77219e-05 |152  0.82239 -5.31473e-04 |153  0.14952  4.59293e-06
154 -0.03082 -6.21374e-06 |155 -0.12735 -4.45966e-05 |156  0.12268  2.22666e-06
157  0.05508 -4.68108e-06 |158  0.15847 -6.67579e-06 |159 -0.03852 -2.20912e-05
160 -0.91038  5.03240e-05 |161 -0.46357 -2.23682e-06 |162 -0.70347 -1.36320e-05
163 -0.19331  3.38924e-04 |164  0.80070  6.10431e-04 |165  0.23965  1.74067e-05
166  0.09326  1.20005e-06 |167 -0.26306  5.14628e-06 |168  0.00038  1.86746e-06
169 -0.00001 -5.20324e-08 |170 -0.00002 -8.36933e-08 |171  0.00011  5.63099e-07
172 -0.00023 -1.14482e-06 |173  0.10390  1.98630e-05 |174 -0.54254  1.34817e-07
175  0.07513  6.27718e-06 |176 -0.41571  1.10002e-05 |177 -0.13967  6.29088e-06
178  0.07245  8.92961e-06 |179 -0.17519  3.93966e-05 |180 -0.15368 -1.33142e-05
181 -0.99999 -1.00656e-03 |182 -0.13690  1.61703e-05 |183  0.25612 -1.99492e-05
184  0.02177  2.17314e-05 |185 -0.32828 -1.51608e-05 |186 -0.46446  8.14639e-07
187  0.50180 -3.18011e-05 |188 -0.31415  1.20483e-05 |189  0.81085  3.87436e-04

Initial statistics: 202 variables; iteration 0; function evaluation 0; phase 5
Function value 4.9248730e+03; maximum gradient component mag -3.7297e-03
Var    Value     Gradient |Var    Value     Gradient |Var    Value     Gradient
  1 -0.38808  2.71035e-05 |  2  0.54138 -8.62364e-06 |  3 -0.10957 -1.54089e-04
  4 -0.14460 -3.15852e-05 |  5 -0.65777 -4.52934e-05 |  6 -0.60839 -6.18265e-06
  7 -0.41652  6.61175e-06 |  8  0.50964  2.56549e-05 |  9 -0.18467 -2.02146e-04
 10 -0.06763 -3.59399e-05 | 11 -0.50483 -3.61131e-07 | 12 -0.63803 -2.16838e-05
 13  0.78640  2.04115e-05 | 14 -0.00277 -9.62876e-06 | 15 -0.00277 -9.41080e-06
 16 -0.00275 -9.15059e-06 | 17 -0.00273 -8.83192e-06 | 18 -0.00269 -8.43108e-06
 19 -0.00264 -7.91826e-06 | 20 -0.00258 -7.25983e-06 | 21 -0.00251 -6.41887e-06
 22 -0.00241 -5.35995e-06 | 23 -0.00231 -4.05320e-06 | 24 -0.00218 -2.48146e-06
 25 -0.00204 -6.44273e-07 | 26 -0.00189  1.43526e-06 | 27 -0.00172  3.70548e-06
 28 -0.00152  6.08567e-06 | 29 -0.00131  8.46879e-06 | 30 -0.00109  1.07317e-05
 31 -0.00084  1.27500e-05 | 32 -0.00057  1.44210e-05 | 33 -0.00029  1.56834e-05
 34  0.00002  1.65281e-05 | 35  0.00033  1.69936e-05 | 36  0.00066  1.71444e-05
 37  0.00100  1.70481e-05 | 38  0.00133  1.67631e-05 | 39  0.00165  1.63433e-05
 40  0.00195  1.58430e-05 | 41  0.00221  1.53088e-05 | 42  0.00244  1.47600e-05
 43  0.00260  1.41758e-05 | 44  0.00270  1.35015e-05 | 45  0.00274  1.26699e-05
 46  0.00270  1.16272e-05 | 47  0.00259  1.03438e-05 | 48  0.00242  8.81255e-06
 49  0.00221  7.04063e-06 | 50  0.00198  5.04418e-06 | 51  0.00174  2.86839e-06
 52  0.00152  6.24830e-07 | 53  0.00137 -1.44869e-06 | 54  0.00130 -2.95188e-06
 55  0.00135 -3.37123e-06 | 56  0.00155 -2.26781e-06 | 57  0.00193  3.68719e-07
 58  0.00254  3.50732e-06 | 59  0.00339  4.32677e-06 | 60  0.00450 -1.01033e-07
 61  0.00590 -6.13463e-06 | 62  0.00758 -1.48002e-06 | 63  0.00953  1.09446e-05
 64  0.01171  4.13067e-05 | 65  0.01405 -6.51349e-06 | 66  0.01642  7.43125e-05
 67  0.01868 -7.40192e-06 | 68  0.02061 -2.83578e-05 | 69  0.02201 -1.26076e-05
 70  0.02269 -2.05385e-05 | 71  0.02254 -2.91744e-05 | 72  0.02159 -2.18826e-06
 73  0.01993  1.09073e-06 | 74  0.01769  7.30652e-05 | 75  0.01497 -1.04083e-05
 76  0.01176  3.04899e-05 | 77  0.00802  5.30163e-06 | 78  0.00376 -3.07542e-06
 79 -0.00088 -2.90846e-05 | 80 -0.00556  6.60400e-05 | 81 -0.00984  5.42598e-05
 82 -0.01331  1.92772e-05 | 83 -0.01577  2.08092e-05 | 84 -0.01724  1.65807e-06
 85 -0.01792 -2.70115e-06 | 86 -0.01800 -2.78532e-05 | 87 -0.01742 -5.80687e-05
 88 -0.01589  9.20537e-05 | 89 -0.01321  3.19013e-05 | 90 -0.00987 -3.33685e-05
 91 -0.00683  1.04768e-04 | 92 -0.00403  9.91232e-05 | 93 -0.00137 -1.27150e-05
 94  0.00257 -7.97213e-05 | 95  0.00481 -7.00512e-05 | 96  0.00675  1.01845e-04
 97  0.01110 -2.23010e-05 | 98  0.00851  4.71945e-05 | 99  0.00684  6.41151e-06
100  0.02597  4.48592e-05 |101  0.02638  1.22071e-05 |102  0.02556 -1.29237e-05
103  0.03982  2.62347e-05 |104  0.05123  1.62089e-05 |105  0.03064  2.84817e-05
106 -0.00562  6.60718e-05 |107  0.01124 -1.93889e-05 |108  0.01550  3.30631e-05
109 -0.01017 -2.48461e-05 |110 -0.03730  3.96339e-05 |111 -0.05924  1.38673e-05
112 -0.05657  5.93812e-05 |113 -0.03500 -2.96868e-05 |114  0.00028  4.30134e-05
115  0.03454  3.71345e-05 |116 -0.00171  1.86694e-05 |117 -0.03329  4.15004e-05
118 -0.02854  3.63821e-05 |119 -0.00470 -6.65430e-05 |120  0.00318  8.18261e-05
121  0.00348  5.20339e-05 |122  0.01353  1.11434e-05 |123  0.02116 -1.26763e-05
124  0.01273 -3.79868e-05 |125 -0.00088 -3.03404e-05 |126 -0.01327  9.36720e-05
127 -0.02591 -9.96425e-05 |128 -0.02102 -5.34193e-05 |129 -0.01984 -2.70026e-05
130 -0.01338 -4.78168e-05 |131 -0.00862  3.29786e-05 |132 -0.00468 -5.72380e-05
133  0.00415 -1.66205e-05 |134  0.00543  8.02134e-06 |135 -0.00048  7.44199e-06
136 -0.00161 -1.35744e-05 |137 -0.00000 -3.45109e-10 |138  0.00000  0.00000e+00
139  0.00000  0.00000e+00 |140  0.00000  0.00000e+00 |141  0.00000  0.00000e+00
142  0.00000  0.00000e+00 |143  0.00000  0.00000e+00 |144  0.00000  0.00000e+00
145  0.00000  0.00000e+00 |146  0.00000  0.00000e+00 |147  0.00000  0.00000e+00
148  0.00000  0.00000e+00 |149  0.00000  0.00000e+00 |150  0.00000  0.00000e+00
151 -0.68106 -3.88058e-05 |152 -0.98484 -1.70699e-05 |153  0.04610 -1.18216e-04
154 -0.58505 -5.05972e-06 |155  0.03629  1.35367e-04 |156 -0.38806 -2.67117e-04
157  0.81931 -3.72968e-03 |158 -0.04771  2.27424e-05 |159  0.26249 -8.51589e-06
160 -0.25023  3.77710e-05 |161  0.18170 -1.34662e-05 |162 -0.58629 -2.63473e-06
163 -0.00586  4.54399e-05 |164 -0.41775 -7.77219e-05 |165  0.82239 -5.31473e-04
166  0.14952  4.59294e-06 |167 -0.03082 -6.21374e-06 |168 -0.12735 -4.45966e-05
169  0.12268  2.22664e-06 |170  0.05508 -4.68109e-06 |171  0.15847 -6.67579e-06
172 -0.03852 -2.20912e-05 |173 -0.91038  5.03240e-05 |174 -0.46357 -2.23682e-06
175 -0.70347 -1.36320e-05 |176 -0.19331  3.38924e-04 |177  0.80070  6.10430e-04
178  0.23965  1.74067e-05 |179  0.09326  1.20005e-06 |180 -0.26306  5.14628e-06
181  0.00038  1.86746e-06 |182 -0.00001 -5.20324e-08 |183 -0.00002 -8.36933e-08
184  0.00011  5.63099e-07 |185 -0.00023 -1.14482e-06 |186  0.10390  1.98630e-05
187 -0.54254  1.34817e-07 |188  0.07513  6.27718e-06 |189 -0.41571  1.10002e-05
190 -0.13967  6.29088e-06 |191  0.07245  8.92960e-06 |192 -0.17519  3.93966e-05
193 -0.15368 -1.33142e-05 |194 -0.99999 -1.00655e-03 |195 -0.13690  1.61703e-05
196  0.25612 -1.99492e-05 |197  0.02177  2.17314e-05 |198 -0.32828 -1.51608e-05
199 -0.46446  8.14639e-07 |200  0.50180 -3.18011e-05 |201 -0.31415  1.20482e-05
202  0.81085  3.87434e-04 |
  ic > imax  in fminim is answer attained ?
Var    Value     Gradient |Var    Value     Gradient |Var    Value     Gradient
  1 -0.38808  2.71035e-05 |  2  0.54138 -8.62364e-06 |  3 -0.10957 -1.54089e-04
  4 -0.14460 -3.15852e-05 |  5 -0.65777 -4.52934e-05 |  6 -0.60839 -6.18265e-06
  7 -0.41652  6.61175e-06 |  8  0.50964  2.56549e-05 |  9 -0.18467 -2.02146e-04
 10 -0.06763 -3.59399e-05 | 11 -0.50483 -3.61131e-07 | 12 -0.63803 -2.16838e-05
 13  0.78640  2.04115e-05 | 14 -0.00277 -9.62876e-06 | 15 -0.00277 -9.41080e-06
 16 -0.00275 -9.15059e-06 | 17 -0.00273 -8.83192e-06 | 18 -0.00269 -8.43108e-06
 19 -0.00264 -7.91826e-06 | 20 -0.00258 -7.25983e-06 | 21 -0.00251 -6.41887e-06
 22 -0.00241 -5.35995e-06 | 23 -0.00231 -4.05320e-06 | 24 -0.00218 -2.48146e-06
 25 -0.00204 -6.44273e-07 | 26 -0.00189  1.43526e-06 | 27 -0.00172  3.70548e-06
 28 -0.00152  6.08567e-06 | 29 -0.00131  8.46879e-06 | 30 -0.00109  1.07317e-05
 31 -0.00084  1.27500e-05 | 32 -0.00057  1.44210e-05 | 33 -0.00029  1.56834e-05
 34  0.00002  1.65281e-05 | 35  0.00033  1.69936e-05 | 36  0.00066  1.71444e-05
 37  0.00100  1.70481e-05 | 38  0.00133  1.67631e-05 | 39  0.00165  1.63433e-05
 40  0.00195  1.58430e-05 | 41  0.00221  1.53088e-05 | 42  0.00244  1.47600e-05
 43  0.00260  1.41758e-05 | 44  0.00270  1.35015e-05 | 45  0.00274  1.26699e-05
 46  0.00270  1.16272e-05 | 47  0.00259  1.03438e-05 | 48  0.00242  8.81255e-06
 49  0.00221  7.04063e-06 | 50  0.00198  5.04418e-06 | 51  0.00174  2.86839e-06
 52  0.00152  6.24830e-07 | 53  0.00137 -1.44869e-06 | 54  0.00130 -2.95188e-06
 55  0.00135 -3.37123e-06 | 56  0.00155 -2.26781e-06 | 57  0.00193  3.68719e-07
 58  0.00254  3.50732e-06 | 59  0.00339  4.32677e-06 | 60  0.00450 -1.01033e-07
 61  0.00590 -6.13463e-06 | 62  0.00758 -1.48002e-06 | 63  0.00953  1.09446e-05
 64  0.01171  4.13067e-05 | 65  0.01405 -6.51349e-06 | 66  0.01642  7.43125e-05
 67  0.01868 -7.40192e-06 | 68  0.02061 -2.83578e-05 | 69  0.02201 -1.26076e-05
 70  0.02269 -2.05385e-05 | 71  0.02254 -2.91744e-05 | 72  0.02159 -2.18826e-06
 73  0.01993  1.09073e-06 | 74  0.01769  7.30652e-05 | 75  0.01497 -1.04083e-05
 76  0.01176  3.04899e-05 | 77  0.00802  5.30163e-06 | 78  0.00376 -3.07542e-06
 79 -0.00088 -2.90846e-05 | 80 -0.00556  6.60400e-05 | 81 -0.00984  5.42598e-05
 82 -0.01331  1.92772e-05 | 83 -0.01577  2.08092e-05 | 84 -0.01724  1.65807e-06
 85 -0.01792 -2.70115e-06 | 86 -0.01800 -2.78532e-05 | 87 -0.01742 -5.80687e-05
 88 -0.01589  9.20537e-05 | 89 -0.01321  3.19013e-05 | 90 -0.00987 -3.33685e-05
 91 -0.00683  1.04768e-04 | 92 -0.00403  9.91232e-05 | 93 -0.00137 -1.27150e-05
 94  0.00257 -7.97213e-05 | 95  0.00481 -7.00512e-05 | 96  0.00675  1.01845e-04
 97  0.01110 -2.23010e-05 | 98  0.00851  4.71945e-05 | 99  0.00684  6.41151e-06
100  0.02597  4.48592e-05 |101  0.02638  1.22071e-05 |102  0.02556 -1.29237e-05
103  0.03982  2.62347e-05 |104  0.05123  1.62089e-05 |105  0.03064  2.84817e-05
106 -0.00562  6.60718e-05 |107  0.01124 -1.93889e-05 |108  0.01550  3.30631e-05
109 -0.01017 -2.48461e-05 |110 -0.03730  3.96339e-05 |111 -0.05924  1.38673e-05
112 -0.05657  5.93812e-05 |113 -0.03500 -2.96868e-05 |114  0.00028  4.30134e-05
115  0.03454  3.71345e-05 |116 -0.00171  1.86694e-05 |117 -0.03329  4.15004e-05
118 -0.02854  3.63821e-05 |119 -0.00470 -6.65430e-05 |120  0.00318  8.18261e-05
121  0.00348  5.20339e-05 |122  0.01353  1.11434e-05 |123  0.02116 -1.26763e-05
124  0.01273 -3.79868e-05 |125 -0.00088 -3.03404e-05 |126 -0.01327  9.36720e-05
127 -0.02591 -9.96425e-05 |128 -0.02102 -5.34193e-05 |129 -0.01984 -2.70026e-05
130 -0.01338 -4.78168e-05 |131 -0.00862  3.29786e-05 |132 -0.00468 -5.72380e-05
133  0.00415 -1.66205e-05 |134  0.00543  8.02134e-06 |135 -0.00048  7.44199e-06
136 -0.00161 -1.35744e-05 |137 -0.00000 -3.45109e-10 |138  0.00000  0.00000e+00
139  0.00000  0.00000e+00 |140  0.00000  0.00000e+00 |141  0.00000  0.00000e+00
142  0.00000  0.00000e+00 |143  0.00000  0.00000e+00 |144  0.00000  0.00000e+00
145  0.00000  0.00000e+00 |146  0.00000  0.00000e+00 |147  0.00000  0.00000e+00
148  0.00000  0.00000e+00 |149  0.00000  0.00000e+00 |150  0.00000  0.00000e+00
151 -0.68106 -3.88058e-05 |152 -0.98484 -1.70699e-05 |153  0.04610 -1.18216e-04
154 -0.58505 -5.05972e-06 |155  0.03629  1.35367e-04 |156 -0.38806 -2.67117e-04
157  0.81931 -3.72968e-03 |158 -0.04771  2.27424e-05 |159  0.26249 -8.51589e-06
160 -0.25023  3.77710e-05 |161  0.18170 -1.34662e-05 |162 -0.58629 -2.63473e-06
163 -0.00586  4.54399e-05 |164 -0.41775 -7.77219e-05 |165  0.82239 -5.31473e-04
166  0.14952  4.59294e-06 |167 -0.03082 -6.21374e-06 |168 -0.12735 -4.45966e-05
169  0.12268  2.22664e-06 |170  0.05508 -4.68109e-06 |171  0.15847 -6.67579e-06
172 -0.03852 -2.20912e-05 |173 -0.91038  5.03240e-05 |174 -0.46357 -2.23682e-06
175 -0.70347 -1.36320e-05 |176 -0.19331  3.38924e-04 |177  0.80070  6.10430e-04
178  0.23965  1.74067e-05 |179  0.09326  1.20005e-06 |180 -0.26306  5.14628e-06
181  0.00038  1.86746e-06 |182 -0.00001 -5.20324e-08 |183 -0.00002 -8.36933e-08
184  0.00011  5.63099e-07 |185 -0.00023 -1.14482e-06 |186  0.10390  1.98630e-05
187 -0.54254  1.34817e-07 |188  0.07513  6.27718e-06 |189 -0.41571  1.10002e-05
190 -0.13967  6.29088e-06 |191  0.07245  8.92960e-06 |192 -0.17519  3.93966e-05
193 -0.15368 -1.33142e-05 |194 -0.99999 -1.00655e-03 |195 -0.13690  1.61703e-05
196  0.25612 -1.99492e-05 |197  0.02177  2.17314e-05 |198 -0.32828 -1.51608e-05
199 -0.46446  8.14639e-07 |200  0.50180 -3.18011e-05 |201 -0.31415  1.20482e-05
202  0.81085  3.87434e-04 |
Function minimizer not making progress ... is minimum attained?
Minimprove criterion = 0.0000e+00
Warning: the following parameters had issues
  Q_parm[4] is within 0.1% of lower bound: -1.0000e+01 < -9.9983e+00 < 2.0000e+00
  selparm[37] is within 1% of lower bound: 1.3000e+01 < 1.3183e+01 < 5.0000e+01
  selparm[63] is within 0.1% of lower bound: -2.0000e+00 < -2.0000e+00 < 2.0000e+01


 - final statistics:
202 variables; iteration 1; function evaluation 30
Function value 4.9249e+03; maximum gradient component mag -3.7297e-03
Exit code = 1;  converg criter 1.0000e-03
Var    Value     Gradient |Var    Value     Gradient |Var    Value     Gradient
  1 -0.38808  2.71035e-05 |  2  0.54138 -8.62364e-06 |  3 -0.10957 -1.54089e-04
  4 -0.14460 -3.15852e-05 |  5 -0.65777 -4.52934e-05 |  6 -0.60839 -6.18265e-06
  7 -0.41652  6.61175e-06 |  8  0.50964  2.56549e-05 |  9 -0.18467 -2.02146e-04
 10 -0.06763 -3.59399e-05 | 11 -0.50483 -3.61131e-07 | 12 -0.63803 -2.16838e-05
 13  0.78640  2.04115e-05 | 14 -0.00277 -9.62876e-06 | 15 -0.00277 -9.41080e-06
 16 -0.00275 -9.15059e-06 | 17 -0.00273 -8.83192e-06 | 18 -0.00269 -8.43108e-06
 19 -0.00264 -7.91826e-06 | 20 -0.00258 -7.25983e-06 | 21 -0.00251 -6.41887e-06
 22 -0.00241 -5.35995e-06 | 23 -0.00231 -4.05320e-06 | 24 -0.00218 -2.48146e-06
 25 -0.00204 -6.44273e-07 | 26 -0.00189  1.43526e-06 | 27 -0.00172  3.70548e-06
 28 -0.00152  6.08567e-06 | 29 -0.00131  8.46879e-06 | 30 -0.00109  1.07317e-05
 31 -0.00084  1.27500e-05 | 32 -0.00057  1.44210e-05 | 33 -0.00029  1.56834e-05
 34  0.00002  1.65281e-05 | 35  0.00033  1.69936e-05 | 36  0.00066  1.71444e-05
 37  0.00100  1.70481e-05 | 38  0.00133  1.67631e-05 | 39  0.00165  1.63433e-05
 40  0.00195  1.58430e-05 | 41  0.00221  1.53088e-05 | 42  0.00244  1.47600e-05
 43  0.00260  1.41758e-05 | 44  0.00270  1.35015e-05 | 45  0.00274  1.26699e-05
 46  0.00270  1.16272e-05 | 47  0.00259  1.03438e-05 | 48  0.00242  8.81255e-06
 49  0.00221  7.04063e-06 | 50  0.00198  5.04418e-06 | 51  0.00174  2.86839e-06
 52  0.00152  6.24830e-07 | 53  0.00137 -1.44869e-06 | 54  0.00130 -2.95188e-06
 55  0.00135 -3.37123e-06 | 56  0.00155 -2.26781e-06 | 57  0.00193  3.68719e-07
 58  0.00254  3.50732e-06 | 59  0.00339  4.32677e-06 | 60  0.00450 -1.01033e-07
 61  0.00590 -6.13463e-06 | 62  0.00758 -1.48002e-06 | 63  0.00953  1.09446e-05
 64  0.01171  4.13067e-05 | 65  0.01405 -6.51349e-06 | 66  0.01642  7.43125e-05
 67  0.01868 -7.40192e-06 | 68  0.02061 -2.83578e-05 | 69  0.02201 -1.26076e-05
 70  0.02269 -2.05385e-05 | 71  0.02254 -2.91744e-05 | 72  0.02159 -2.18826e-06
 73  0.01993  1.09073e-06 | 74  0.01769  7.30652e-05 | 75  0.01497 -1.04083e-05
 76  0.01176  3.04899e-05 | 77  0.00802  5.30163e-06 | 78  0.00376 -3.07542e-06
 79 -0.00088 -2.90846e-05 | 80 -0.00556  6.60400e-05 | 81 -0.00984  5.42598e-05
 82 -0.01331  1.92772e-05 | 83 -0.01577  2.08092e-05 | 84 -0.01724  1.65807e-06
 85 -0.01792 -2.70115e-06 | 86 -0.01800 -2.78532e-05 | 87 -0.01742 -5.80687e-05
 88 -0.01589  9.20537e-05 | 89 -0.01321  3.19013e-05 | 90 -0.00987 -3.33685e-05
 91 -0.00683  1.04768e-04 | 92 -0.00403  9.91232e-05 | 93 -0.00137 -1.27150e-05
 94  0.00257 -7.97213e-05 | 95  0.00481 -7.00512e-05 | 96  0.00675  1.01845e-04
 97  0.01110 -2.23010e-05 | 98  0.00851  4.71945e-05 | 99  0.00684  6.41151e-06
100  0.02597  4.48592e-05 |101  0.02638  1.22071e-05 |102  0.02556 -1.29237e-05
103  0.03982  2.62347e-05 |104  0.05123  1.62089e-05 |105  0.03064  2.84817e-05
106 -0.00562  6.60718e-05 |107  0.01124 -1.93889e-05 |108  0.01550  3.30631e-05
109 -0.01017 -2.48461e-05 |110 -0.03730  3.96339e-05 |111 -0.05924  1.38673e-05
112 -0.05657  5.93812e-05 |113 -0.03500 -2.96868e-05 |114  0.00028  4.30134e-05
115  0.03454  3.71345e-05 |116 -0.00171  1.86694e-05 |117 -0.03329  4.15004e-05
118 -0.02854  3.63821e-05 |119 -0.00470 -6.65430e-05 |120  0.00318  8.18261e-05
121  0.00348  5.20339e-05 |122  0.01353  1.11434e-05 |123  0.02116 -1.26763e-05
124  0.01273 -3.79868e-05 |125 -0.00088 -3.03404e-05 |126 -0.01327  9.36720e-05
127 -0.02591 -9.96425e-05 |128 -0.02102 -5.34193e-05 |129 -0.01984 -2.70026e-05
130 -0.01338 -4.78168e-05 |131 -0.00862  3.29786e-05 |132 -0.00468 -5.72380e-05
133  0.00415 -1.66205e-05 |134  0.00543  8.02134e-06 |135 -0.00048  7.44199e-06
136 -0.00161 -1.35744e-05 |137 -0.00000 -3.45109e-10 |138  0.00000  0.00000e+00
139  0.00000  0.00000e+00 |140  0.00000  0.00000e+00 |141  0.00000  0.00000e+00
142  0.00000  0.00000e+00 |143  0.00000  0.00000e+00 |144  0.00000  0.00000e+00
145  0.00000  0.00000e+00 |146  0.00000  0.00000e+00 |147  0.00000  0.00000e+00
148  0.00000  0.00000e+00 |149  0.00000  0.00000e+00 |150  0.00000  0.00000e+00
151 -0.68106 -3.88058e-05 |152 -0.98484 -1.70699e-05 |153  0.04610 -1.18216e-04
154 -0.58505 -5.05972e-06 |155  0.03629  1.35367e-04 |156 -0.38806 -2.67117e-04
157  0.81931 -3.72968e-03 |158 -0.04771  2.27424e-05 |159  0.26249 -8.51589e-06
160 -0.25023  3.77710e-05 |161  0.18170 -1.34662e-05 |162 -0.58629 -2.63473e-06
163 -0.00586  4.54399e-05 |164 -0.41775 -7.77219e-05 |165  0.82239 -5.31473e-04
166  0.14952  4.59294e-06 |167 -0.03082 -6.21374e-06 |168 -0.12735 -4.45966e-05
169  0.12268  2.22664e-06 |170  0.05508 -4.68109e-06 |171  0.15847 -6.67579e-06
172 -0.03852 -2.20912e-05 |173 -0.91038  5.03240e-05 |174 -0.46357 -2.23682e-06
175 -0.70347 -1.36320e-05 |176 -0.19331  3.38924e-04 |177  0.80070  6.10430e-04
178  0.23965  1.74067e-05 |179  0.09326  1.20005e-06 |180 -0.26306  5.14628e-06
181  0.00038  1.86746e-06 |182 -0.00001 -5.20324e-08 |183 -0.00002 -8.36933e-08
184  0.00011  5.63099e-07 |185 -0.00023 -1.14482e-06 |186  0.10390  1.98630e-05
187 -0.54254  1.34817e-07 |188  0.07513  6.27718e-06 |189 -0.41571  1.10002e-05
190 -0.13967  6.29088e-06 |191  0.07245  8.92960e-06 |192 -0.17519  3.93966e-05
193 -0.15368 -1.33142e-05 |194 -0.99999 -1.00655e-03 |195 -0.13690  1.61703e-05
196  0.25612 -1.99492e-05 |197  0.02177  2.17314e-05 |198 -0.32828 -1.51608e-05
199 -0.46446  8.14639e-07 |200  0.50180 -3.18011e-05 |201 -0.31415  1.20482e-05
202  0.81085  3.87434e-04 |
size of file gradfil1.tmp = 0
size of file gradfil2.tmp = 0
size of file varssave.tmp = 0
size of file cmpdiff.tmp = 600000024
