
Initial statistics: 136 variables; iteration 0; function evaluation 0; phase 1
Function value 7.3785816e+03; maximum gradient component mag -2.5330e+02
Var    Value     Gradient |Var    Value     Gradient |Var    Value     Gradient
  1 -0.42335 -2.69956e+01 |  2 -0.09168 -2.53298e+02 |  3  0.00000  4.71388e+00
  4  0.00000  4.83582e+00 |  5  0.00000  4.95877e+00 |  6  0.00000  5.08245e+00
  7  0.00000  5.20671e+00 |  8  0.00000  5.33112e+00 |  9  0.00000  5.45528e+00
 10  0.00000  5.57880e+00 | 11  0.00000  5.70130e+00 | 12  0.00000  5.82237e+00
 13  0.00000  5.94161e+00 | 14  0.00000  6.05861e+00 | 15  0.00000  6.17289e+00
 16  0.00000  6.28393e+00 | 17  0.00000  6.39107e+00 | 18  0.00000  6.49360e+00
 19  0.00000  6.59081e+00 | 20  0.00000  6.68212e+00 | 21  0.00000  6.76706e+00
 22  0.00000  6.84508e+00 | 23  0.00000  6.91550e+00 | 24  0.00000  6.97752e+00
 25  0.00000  7.03010e+00 | 26  0.00000  7.07207e+00 | 27  0.00000  7.10211e+00
 28  0.00000  7.11897e+00 | 29  0.00000  7.12144e+00 | 30  0.00000  7.10785e+00
 31  0.00000  7.07859e+00 | 32  0.00000  7.03274e+00 | 33  0.00000  6.96989e+00
 34  0.00000  6.89000e+00 | 35  0.00000  6.79300e+00 | 36  0.00000  6.67909e+00
 37  0.00000  6.54887e+00 | 38  0.00000  6.40284e+00 | 39  0.00000  6.24164e+00
 40  0.00000  6.06583e+00 | 41  0.00000  5.87545e+00 | 42  0.00000  5.66953e+00
 43  0.00000  5.44638e+00 | 44  0.00000  5.20227e+00 | 45  0.00000  4.93135e+00
 46  0.00000  4.62653e+00 | 47  0.00000  4.27971e+00 | 48  0.00000  3.88139e+00
 49  0.00000  3.42213e+00 | 50  0.00000  2.89187e+00 | 51  0.00000  2.28071e+00
 52  0.00000  1.57854e+00 | 53  0.00000  7.76534e-01 | 54  0.00000 -1.32685e-01
 55  0.00000 -1.15407e+00 | 56  0.00000 -2.29079e+00 | 57  0.00000 -3.54231e+00
 58  0.00000 -4.90321e+00 | 59  0.00000 -6.36408e+00 | 60  0.00000 -7.90887e+00
 61  0.00000 -9.51601e+00 | 62  0.00000 -1.11560e+01 | 63  0.00000 -1.27942e+01
 64  0.00000 -1.43913e+01 | 65  0.00000 -1.59048e+01 | 66  0.00000 -1.72930e+01
 67  0.00000 -1.85236e+01 | 68  0.00000 -1.95767e+01 | 69  0.00000 -2.04449e+01
 70  0.00000 -2.11339e+01 | 71  0.00000 -2.16470e+01 | 72  0.00000 -2.19779e+01
 73  0.00000 -2.21022e+01 | 74  0.00000 -2.19834e+01 | 75  0.00000 -2.15941e+01
 76  0.00000 -2.09421e+01 | 77  0.00000 -2.00969e+01 | 78  0.00000 -1.91808e+01
 79  0.00000 -1.83396e+01 | 80  0.00000 -1.76650e+01 | 81  0.00000 -1.71741e+01
 82  0.00000 -1.68221e+01 | 83  0.00000 -1.66219e+01 | 84  0.00000 -1.67322e+01
 85  0.00000 -1.72183e+01 | 86  0.00000 -1.78419e+01 | 87  0.00000 -1.90841e+01
 88  0.00000 -2.08407e+01 | 89  0.00000 -2.32235e+01 | 90  0.00000 -2.52233e+01
 91  0.00000 -2.73062e+01 | 92  0.00000 -2.97138e+01 | 93  0.00000 -3.13317e+01
 94  0.00000 -3.60540e+01 | 95  0.00000 -4.60208e+01 | 96  0.00000 -5.21562e+01
 97  0.00000 -5.25992e+01 | 98  0.00000 -6.55606e+01 | 99  0.00000 -8.25226e+01
100  0.00000 -6.57782e+01 |101  0.00000 -3.55564e+01 |102  0.00000 -2.62442e+01
103  0.00000 -1.86907e+01 |104  0.00000 -4.16764e+00 |105  0.00000  3.86331e+01
106  0.00000  1.10095e+02 |107  0.00000  1.42881e+02 |108  0.00000  1.34667e+02
109  0.00000  7.22141e+01 |110  0.00000 -5.49248e+00 |111  0.00000  4.44243e+00
112  0.00000  2.69453e+01 |113  0.00000  5.36620e+01 |114  0.00000  7.35040e+01
115  0.00000  4.05470e+01 |116  0.00000  2.43663e+01 |117  0.00000  1.91838e+01
118  0.00000 -1.92532e+01 |119  0.00000 -4.50622e+01 |120  0.00000 -3.16654e+01
121  0.00000 -5.06675e+01 |122  0.00000 -2.07107e+01 |123  0.00000 -9.03605e+01
124  0.00000  3.40761e+00 |125  0.00000  2.57070e+01 |126  0.00000  2.81976e+01
127  0.00000  9.35748e+00 |128  0.00000 -3.69535e+01 |129  0.00000 -1.38182e+01
130  0.00000 -3.70978e+00 |131  0.00000  1.08161e+01 |132  0.00000  5.18178e+00
133  0.00000  1.49400e+00 |134  0.00000  1.14375e-01 |135  0.27523 -3.69105e+01
136  0.18628 -5.80678e+01 |

Intermediate statistics: 136 variables; iteration 20; function evaluation 27; phase 1
Function value 7.3409276e+03; maximum gradient component mag -1.3103e+02
Var    Value     Gradient |Var    Value     Gradient |Var    Value     Gradient
  1 -0.42589 -4.53446e+01 |  2 -0.10738 -1.31035e+02 |  3 -0.00946  4.94579e-01
  4 -0.00960  5.25005e-01 |  5 -0.00973  5.57590e-01 |  6 -0.00985  5.92474e-01
  7 -0.00996  6.29833e-01 |  8 -0.01005  6.69773e-01 |  9 -0.01013  7.12424e-01
 10 -0.01019  7.57923e-01 | 11 -0.01023  8.06399e-01 | 12 -0.01025  8.57993e-01
 13 -0.01025  9.12849e-01 | 14 -0.01022  9.71106e-01 | 15 -0.01017  1.03292e+00
 16 -0.01009  1.09842e+00 | 17 -0.00998  1.16774e+00 | 18 -0.00983  1.24095e+00
 19 -0.00966  1.31806e+00 | 20 -0.00944  1.39904e+00 | 21 -0.00919  1.48397e+00
 22 -0.00891  1.57291e+00 | 23 -0.00858  1.66595e+00 | 24 -0.00821  1.76315e+00
 25 -0.00780  1.86456e+00 | 26 -0.00734  1.97008e+00 | 27 -0.00683  2.07947e+00
 28 -0.00627  2.19235e+00 | 29 -0.00566  2.30814e+00 | 30 -0.00500  2.42577e+00
 31 -0.00429  2.54473e+00 | 32 -0.00354  2.66360e+00 | 33 -0.00275  2.78071e+00
 34 -0.00194  2.89386e+00 | 35 -0.00111  3.00007e+00 | 36 -0.00030  3.09561e+00
 37  0.00050  3.17613e+00 | 38  0.00124  3.23659e+00 | 39  0.00189  3.27151e+00
 40  0.00244  3.27517e+00 | 41  0.00285  3.24159e+00 | 42  0.00309  3.16476e+00
 43  0.00314  3.03943e+00 | 44  0.00298  2.86113e+00 | 45  0.00262  2.62658e+00
 46  0.00206  2.33410e+00 | 47  0.00132  1.98333e+00 | 48  0.00042  1.57501e+00
 49 -0.00059  1.11212e+00 | 50 -0.00167  5.99932e-01 | 51 -0.00276  4.71498e-02
 52 -0.00379 -5.33208e-01 | 53 -0.00465 -1.12243e+00 | 54 -0.00521 -1.69503e+00
 55 -0.00530 -2.21759e+00 | 56 -0.00473 -2.65152e+00 | 57 -0.00325 -2.95193e+00
 58 -0.00061 -3.07623e+00 | 59  0.00341 -2.99665e+00 | 60  0.00891 -2.71919e+00
 61  0.01575 -2.30844e+00 | 62  0.02331 -1.90762e+00 | 63  0.03043 -1.73147e+00
 64  0.03539 -2.01101e+00 | 65  0.03647 -2.89243e+00 | 66  0.03296 -4.33822e+00
 67  0.02606 -6.09793e+00 | 68  0.01845 -7.77618e+00 | 69  0.01266 -9.02058e+00
 70  0.00965 -9.70971e+00 | 71  0.00928 -9.88341e+00 | 72  0.01132 -9.58270e+00
 73  0.01614 -8.74673e+00 | 74  0.02385 -7.34231e+00 | 75  0.03237 -5.64736e+00
 76  0.03732 -4.26215e+00 | 77  0.03557 -3.72330e+00 | 78  0.02821 -4.13826e+00
 79  0.01871 -5.21006e+00 | 80  0.00971 -6.54427e+00 | 81  0.00241 -7.83397e+00
 82 -0.00225 -8.76903e+00 | 83 -0.00355 -9.16369e+00 | 84 -0.00265 -9.32386e+00
 85 -0.00023 -9.40475e+00 | 86  0.00758 -8.50560e+00 | 87  0.01371 -8.34974e+00
 88  0.01740 -8.90822e+00 | 89  0.00757 -1.17015e+01 | 90  0.01427 -1.14017e+01
 91  0.01545 -1.15635e+01 | 92  0.00491 -1.31076e+01 | 93 -0.00392 -1.30222e+01
 94  0.01042 -1.15177e+01 | 95 -0.00397 -1.73196e+01 | 96  0.05288 -1.00475e+01
 97 -0.04630 -1.99642e+01 | 98 -0.02870 -1.88993e+01 | 99  0.12081 -1.64567e+01
100 -0.00510 -1.70159e+01 |101 -0.05834 -1.91266e+01 |102  0.01561 -6.49434e+00
103 -0.00129 -7.61024e+00 |104  0.04116  9.11444e+00 |105 -0.00957  1.57232e+01
106 -0.02437  4.91338e+01 |107 -0.03317  6.02889e+01 |108 -0.03400  5.39550e+01
109 -0.03008  2.10148e+01 |110  0.05407  3.97860e+00 |111  0.00758 -3.50029e+00
112  0.01126  5.20764e+00 |113 -0.02755  6.86558e+00 |114 -0.05179  1.32840e+01
115 -0.00317  1.18011e+01 |116  0.01139  1.14371e+01 |117 -0.02506  4.42439e+00
118  0.01562 -3.27404e+00 |119  0.07394 -6.80059e+00 |120 -0.03383 -1.57484e+01
121  0.08474 -5.76087e+00 |122 -0.01973 -1.02869e+01 |123  0.12371 -7.29053e+00
124 -0.00866 -7.87465e-01 |125 -0.04292  2.20633e+00 |126 -0.04972  3.12972e+00
127 -0.02103  7.68506e-01 |128  0.08887 -1.78964e+00 |129  0.02996 -4.55241e-01
130  0.01660  3.21967e-01 |131 -0.02730  4.89829e-01 |132 -0.02405 -1.77664e+00
133 -0.00990 -9.79625e-01 |134 -0.00060 -4.65546e-02 |135  0.29414 -1.22050e+01
136  0.20068 -3.08891e+01 |

 - final statistics:
136 variables; iteration 35; function evaluation 49
Function value 7.3344e+03; maximum gradient component mag 9.4074e+00
Exit code = 1;  converg criter 1.0000e+01
Var    Value     Gradient |Var    Value     Gradient |Var    Value     Gradient
  1 -0.42343 -3.02894e+00 |  2 -0.09439  8.50186e+00 |  3 -0.01012  6.22360e-02
  4 -0.01035  5.97958e-02 |  5 -0.01058  5.72632e-02 |  6 -0.01081  5.46651e-02
  7 -0.01103  5.20290e-02 |  8 -0.01125  4.93949e-02 |  9 -0.01146  4.68034e-02
 10 -0.01166  4.42979e-02 | 11 -0.01185  4.19255e-02 | 12 -0.01203  3.97345e-02
 13 -0.01220  3.77732e-02 | 14 -0.01235  3.60911e-02 | 15 -0.01248  3.47354e-02
 16 -0.01260  3.37506e-02 | 17 -0.01269  3.31806e-02 | 18 -0.01277  3.30727e-02
 19 -0.01282  3.34829e-02 | 20 -0.01285  3.44775e-02 | 21 -0.01284  3.61212e-02
 22 -0.01282  3.84698e-02 | 23 -0.01276  4.15598e-02 | 24 -0.01267  4.53969e-02
 25 -0.01254  4.99443e-02 | 26 -0.01239  5.51143e-02 | 27 -0.01219  6.07619e-02
 28 -0.01196  6.66883e-02 | 29 -0.01168  7.26442e-02 | 30 -0.01137  7.83163e-02
 31 -0.01103  8.34138e-02 | 32 -0.01065  8.75877e-02 | 33 -0.01024  9.05071e-02
 34 -0.00981  9.19192e-02 | 35 -0.00935  9.17078e-02 | 36 -0.00889  8.99868e-02
 37 -0.00842  8.71567e-02 | 38 -0.00796  8.38945e-02 | 39 -0.00751  8.11167e-02
 40 -0.00708  7.98734e-02 | 41 -0.00667  8.12388e-02 | 42 -0.00630  8.62113e-02
 43 -0.00595  9.56723e-02 | 44 -0.00563  1.10239e-01 | 45 -0.00533  1.30171e-01
 46 -0.00503  1.55381e-01 | 47 -0.00472  1.85497e-01 | 48 -0.00436  2.19871e-01
 49 -0.00395  2.57675e-01 | 50 -0.00345  2.97701e-01 | 51 -0.00285  3.38139e-01
 52 -0.00211  3.75954e-01 | 53 -0.00123  4.06396e-01 | 54 -0.00019  4.22402e-01
 55  0.00099  4.14596e-01 | 56  0.00230  3.74069e-01 | 57  0.00375  2.96569e-01
 58  0.00538  1.92506e-01 | 59  0.00735  9.62589e-02 | 60  0.00987  6.34631e-02
 61  0.01313  1.34810e-01 | 62  0.01687  2.60054e-01 | 63  0.02018  2.66392e-01
 64  0.02230  3.46452e-02 | 65  0.02381 -2.61256e-01 | 66  0.02626 -2.79278e-01
 67  0.02998  5.73522e-02 | 68  0.03344  4.63106e-01 | 69  0.03533  7.08192e-01
 70  0.03578  8.07176e-01 | 71  0.03531  8.39872e-01 | 72  0.03411  8.26321e-01
 73  0.03171  6.85256e-01 | 74  0.02728  2.65435e-01 | 75  0.02151 -3.17652e-01
 76  0.01757 -4.55177e-01 | 77  0.01630  2.14250e-03 | 78  0.01465  3.15031e-01
 79  0.01184  1.92578e-01 | 80  0.00919 -1.27316e-01 | 81  0.00724 -4.76582e-01
 82  0.00571 -8.27581e-01 | 83  0.00446 -1.18527e+00 | 84  0.00391 -1.56888e+00
 85  0.00421 -1.97504e+00 | 86  0.00439 -2.34305e+00 | 87  0.00557 -2.86868e+00
 88  0.00720 -3.53897e+00 | 89  0.01301 -3.72168e+00 | 90  0.01143 -4.49358e+00
 91  0.00891 -5.11404e+00 | 92  0.00789 -5.27499e+00 | 93 -0.00129 -5.42681e+00
 94 -0.00490 -6.33873e+00 | 95  0.02777 -4.15138e+00 | 96  0.01988 -4.63973e+00
 97 -0.00245 -3.10240e+00 | 98  0.00116 -5.82927e+00 | 99  0.09761 -1.43183e+00
100  0.00957 -5.77711e+00 |101 -0.01439 -6.39690e-01 |102  0.00632  1.40954e+00
103  0.01789  2.41679e+00 |104  0.03877  5.71559e+00 |105  0.00444  6.90632e+00
106 -0.06041  5.95970e+00 |107 -0.07396  7.72396e+00 |108 -0.06893  9.40741e+00
109 -0.02967  7.18981e+00 |110  0.06363  4.67609e+00 |111  0.03187  8.14411e+00
112  0.01535  3.55906e+00 |113 -0.03361 -2.54862e+00 |114 -0.07782 -5.29996e+00
115 -0.01211 -4.14190e+00 |116  0.00652 -9.08552e-01 |117 -0.02289  4.59061e-01
118  0.01963 -3.36028e+00 |119  0.07311  8.72609e-01 |120  0.02166  5.20600e+00
121  0.08108  1.67804e+00 |122  0.00827  1.34400e+00 |123  0.13258  2.68887e-01
124 -0.00559 -9.74868e-02 |125 -0.04409  9.77863e-01 |126 -0.05679  5.02548e-02
127 -0.01954  8.60102e-01 |128  0.09365 -8.86149e-02 |129  0.03109 -2.95295e-01
130  0.01215 -1.71691e+00 |131 -0.02682  4.54617e-01 |132 -0.01707  1.41394e-01
133 -0.00443  3.71591e-01 |134 -0.00034  1.55105e-02 |135  0.28186  8.75049e+00
136  0.19188  7.74630e+00 |

 - final statistics:
146 variables; iteration 0; function evaluation 0
Function value 7.3344e+03; maximum gradient component mag 9.4074e+00
Exit code = 0;  converg criter 1.0000e+01
Var    Value     Gradient |Var    Value     Gradient |Var    Value     Gradient
  1 -0.42343 -3.02894e+00 |  2  0.37108  4.55820e+00 |  3 -0.12611  4.77096e+00
  4 -0.01318  4.13097e+00 |  5 -0.70910  9.50258e-01 |  6 -0.60422 -1.51226e+00
  7  0.37624  5.24842e+00 |  8 -0.18520  9.24686e+00 |  9  0.03404  5.57532e+00
 10 -0.60952  7.67254e-01 | 11 -0.62338  6.33741e-01 | 12 -0.09439  8.50186e+00
 13 -0.01012  6.22360e-02 | 14 -0.01035  5.97958e-02 | 15 -0.01058  5.72632e-02
 16 -0.01081  5.46651e-02 | 17 -0.01103  5.20290e-02 | 18 -0.01125  4.93949e-02
 19 -0.01146  4.68034e-02 | 20 -0.01166  4.42979e-02 | 21 -0.01185  4.19255e-02
 22 -0.01203  3.97345e-02 | 23 -0.01220  3.77732e-02 | 24 -0.01235  3.60911e-02
 25 -0.01248  3.47354e-02 | 26 -0.01260  3.37506e-02 | 27 -0.01269  3.31806e-02
 28 -0.01277  3.30727e-02 | 29 -0.01282  3.34829e-02 | 30 -0.01285  3.44775e-02
 31 -0.01284  3.61212e-02 | 32 -0.01282  3.84698e-02 | 33 -0.01276  4.15598e-02
 34 -0.01267  4.53969e-02 | 35 -0.01254  4.99443e-02 | 36 -0.01239  5.51143e-02
 37 -0.01219  6.07619e-02 | 38 -0.01196  6.66883e-02 | 39 -0.01168  7.26442e-02
 40 -0.01137  7.83163e-02 | 41 -0.01103  8.34138e-02 | 42 -0.01065  8.75877e-02
 43 -0.01024  9.05071e-02 | 44 -0.00981  9.19192e-02 | 45 -0.00935  9.17078e-02
 46 -0.00889  8.99868e-02 | 47 -0.00842  8.71567e-02 | 48 -0.00796  8.38945e-02
 49 -0.00751  8.11167e-02 | 50 -0.00708  7.98734e-02 | 51 -0.00667  8.12388e-02
 52 -0.00630  8.62113e-02 | 53 -0.00595  9.56723e-02 | 54 -0.00563  1.10239e-01
 55 -0.00533  1.30171e-01 | 56 -0.00503  1.55381e-01 | 57 -0.00472  1.85497e-01
 58 -0.00436  2.19871e-01 | 59 -0.00395  2.57675e-01 | 60 -0.00345  2.97701e-01
 61 -0.00285  3.38139e-01 | 62 -0.00211  3.75954e-01 | 63 -0.00123  4.06396e-01
 64 -0.00019  4.22402e-01 | 65  0.00099  4.14596e-01 | 66  0.00230  3.74069e-01
 67  0.00375  2.96569e-01 | 68  0.00538  1.92506e-01 | 69  0.00735  9.62589e-02
 70  0.00987  6.34631e-02 | 71  0.01313  1.34810e-01 | 72  0.01687  2.60054e-01
 73  0.02018  2.66392e-01 | 74  0.02230  3.46452e-02 | 75  0.02381 -2.61256e-01
 76  0.02626 -2.79278e-01 | 77  0.02998  5.73522e-02 | 78  0.03344  4.63106e-01
 79  0.03533  7.08192e-01 | 80  0.03578  8.07176e-01 | 81  0.03531  8.39872e-01
 82  0.03411  8.26321e-01 | 83  0.03171  6.85256e-01 | 84  0.02728  2.65435e-01
 85  0.02151 -3.17652e-01 | 86  0.01757 -4.55177e-01 | 87  0.01630  2.14250e-03
 88  0.01465  3.15031e-01 | 89  0.01184  1.92578e-01 | 90  0.00919 -1.27316e-01
 91  0.00724 -4.76582e-01 | 92  0.00571 -8.27581e-01 | 93  0.00446 -1.18527e+00
 94  0.00391 -1.56888e+00 | 95  0.00421 -1.97504e+00 | 96  0.00439 -2.34305e+00
 97  0.00557 -2.86868e+00 | 98  0.00720 -3.53897e+00 | 99  0.01301 -3.72168e+00
100  0.01143 -4.49358e+00 |101  0.00891 -5.11404e+00 |102  0.00789 -5.27499e+00
103 -0.00129 -5.42681e+00 |104 -0.00490 -6.33873e+00 |105  0.02777 -4.15138e+00
106  0.01988 -4.63973e+00 |107 -0.00245 -3.10240e+00 |108  0.00116 -5.82927e+00
109  0.09761 -1.43183e+00 |110  0.00957 -5.77711e+00 |111 -0.01439 -6.39690e-01
112  0.00632  1.40954e+00 |113  0.01789  2.41679e+00 |114  0.03877  5.71559e+00
115  0.00444  6.90632e+00 |116 -0.06041  5.95970e+00 |117 -0.07396  7.72396e+00
118 -0.06893  9.40741e+00 |119 -0.02967  7.18981e+00 |120  0.06363  4.67609e+00
121  0.03187  8.14411e+00 |122  0.01535  3.55906e+00 |123 -0.03361 -2.54862e+00
124 -0.07782 -5.29996e+00 |125 -0.01211 -4.14190e+00 |126  0.00652 -9.08552e-01
127 -0.02289  4.59061e-01 |128  0.01963 -3.36028e+00 |129  0.07311  8.72609e-01
130  0.02166  5.20600e+00 |131  0.08108  1.67804e+00 |132  0.00827  1.34400e+00
133  0.13258  2.68887e-01 |134 -0.00559 -9.74868e-02 |135 -0.04409  9.77863e-01
136 -0.05679  5.02548e-02 |137 -0.01954  8.60102e-01 |138  0.09365 -8.86149e-02
139  0.03109 -2.95295e-01 |140  0.01215 -1.71691e+00 |141 -0.02682  4.54617e-01
142 -0.01707  1.41394e-01 |143 -0.00443  3.71591e-01 |144 -0.00034  1.55105e-02
145  0.28186  8.75049e+00 |146  0.19188  7.74630e+00 |

Initial statistics: 176 variables; iteration 0; function evaluation 0; phase 3
Function value 7.3343503e+03; maximum gradient component mag -1.2955e+01
Var    Value     Gradient |Var    Value     Gradient |Var    Value     Gradient
  1 -0.42343 -3.02894e+00 |  2  0.37108  4.55820e+00 |  3 -0.12611  4.77096e+00
  4 -0.01318  4.13097e+00 |  5 -0.70910  9.50258e-01 |  6 -0.60422 -1.51226e+00
  7  0.37624  5.24842e+00 |  8 -0.18520  9.24686e+00 |  9  0.03404  5.57532e+00
 10 -0.60952  7.67254e-01 | 11 -0.62338  6.33741e-01 | 12 -0.09439  8.50186e+00
 13 -0.01012  6.22360e-02 | 14 -0.01035  5.97958e-02 | 15 -0.01058  5.72632e-02
 16 -0.01081  5.46651e-02 | 17 -0.01103  5.20290e-02 | 18 -0.01125  4.93949e-02
 19 -0.01146  4.68034e-02 | 20 -0.01166  4.42979e-02 | 21 -0.01185  4.19255e-02
 22 -0.01203  3.97345e-02 | 23 -0.01220  3.77732e-02 | 24 -0.01235  3.60911e-02
 25 -0.01248  3.47354e-02 | 26 -0.01260  3.37506e-02 | 27 -0.01269  3.31806e-02
 28 -0.01277  3.30727e-02 | 29 -0.01282  3.34829e-02 | 30 -0.01285  3.44775e-02
 31 -0.01284  3.61212e-02 | 32 -0.01282  3.84698e-02 | 33 -0.01276  4.15598e-02
 34 -0.01267  4.53969e-02 | 35 -0.01254  4.99443e-02 | 36 -0.01239  5.51143e-02
 37 -0.01219  6.07619e-02 | 38 -0.01196  6.66883e-02 | 39 -0.01168  7.26442e-02
 40 -0.01137  7.83163e-02 | 41 -0.01103  8.34138e-02 | 42 -0.01065  8.75877e-02
 43 -0.01024  9.05071e-02 | 44 -0.00981  9.19192e-02 | 45 -0.00935  9.17078e-02
 46 -0.00889  8.99868e-02 | 47 -0.00842  8.71567e-02 | 48 -0.00796  8.38945e-02
 49 -0.00751  8.11167e-02 | 50 -0.00708  7.98734e-02 | 51 -0.00667  8.12388e-02
 52 -0.00630  8.62113e-02 | 53 -0.00595  9.56723e-02 | 54 -0.00563  1.10239e-01
 55 -0.00533  1.30171e-01 | 56 -0.00503  1.55381e-01 | 57 -0.00472  1.85497e-01
 58 -0.00436  2.19871e-01 | 59 -0.00395  2.57675e-01 | 60 -0.00345  2.97701e-01
 61 -0.00285  3.38139e-01 | 62 -0.00211  3.75954e-01 | 63 -0.00123  4.06396e-01
 64 -0.00019  4.22402e-01 | 65  0.00099  4.14596e-01 | 66  0.00230  3.74069e-01
 67  0.00375  2.96569e-01 | 68  0.00538  1.92506e-01 | 69  0.00735  9.62589e-02
 70  0.00987  6.34631e-02 | 71  0.01313  1.34810e-01 | 72  0.01687  2.60054e-01
 73  0.02018  2.66392e-01 | 74  0.02230  3.46452e-02 | 75  0.02381 -2.61256e-01
 76  0.02626 -2.79278e-01 | 77  0.02998  5.73522e-02 | 78  0.03344  4.63106e-01
 79  0.03533  7.08192e-01 | 80  0.03578  8.07176e-01 | 81  0.03531  8.39872e-01
 82  0.03411  8.26321e-01 | 83  0.03171  6.85256e-01 | 84  0.02728  2.65435e-01
 85  0.02151 -3.17652e-01 | 86  0.01757 -4.55177e-01 | 87  0.01630  2.14250e-03
 88  0.01465  3.15031e-01 | 89  0.01184  1.92578e-01 | 90  0.00919 -1.27316e-01
 91  0.00724 -4.76582e-01 | 92  0.00571 -8.27581e-01 | 93  0.00446 -1.18527e+00
 94  0.00391 -1.56888e+00 | 95  0.00421 -1.97504e+00 | 96  0.00439 -2.34305e+00
 97  0.00557 -2.86868e+00 | 98  0.00720 -3.53897e+00 | 99  0.01301 -3.72168e+00
100  0.01143 -4.49358e+00 |101  0.00891 -5.11404e+00 |102  0.00789 -5.27499e+00
103 -0.00129 -5.42681e+00 |104 -0.00490 -6.33873e+00 |105  0.02777 -4.15138e+00
106  0.01988 -4.63973e+00 |107 -0.00245 -3.10240e+00 |108  0.00116 -5.82927e+00
109  0.09761 -1.43183e+00 |110  0.00957 -5.77711e+00 |111 -0.01439 -6.39690e-01
112  0.00632  1.40954e+00 |113  0.01789  2.41679e+00 |114  0.03877  5.71559e+00
115  0.00444  6.90632e+00 |116 -0.06041  5.95970e+00 |117 -0.07396  7.72396e+00
118 -0.06893  9.40741e+00 |119 -0.02967  7.18981e+00 |120  0.06363  4.67609e+00
121  0.03187  8.14411e+00 |122  0.01535  3.55906e+00 |123 -0.03361 -2.54862e+00
124 -0.07782 -5.29996e+00 |125 -0.01211 -4.14190e+00 |126  0.00652 -9.08552e-01
127 -0.02289  4.59061e-01 |128  0.01963 -3.36028e+00 |129  0.07311  8.72609e-01
130  0.02166  5.20600e+00 |131  0.08108  1.67804e+00 |132  0.00827  1.34400e+00
133  0.13258  2.68887e-01 |134 -0.00559 -9.74868e-02 |135 -0.04409  9.77863e-01
136 -0.05679  5.02548e-02 |137 -0.01954  8.60102e-01 |138  0.09365 -8.86149e-02
139  0.03109 -2.95295e-01 |140  0.01215 -1.71691e+00 |141 -0.02682  4.54617e-01
142 -0.01707  1.41394e-01 |143 -0.00443  3.71591e-01 |144 -0.00034  1.55105e-02
145  0.28186  8.75049e+00 |146  0.19188  7.74630e+00 |147  0.04655 -4.61568e+00
148  0.29672  3.71296e+00 |149 -0.47550 -4.17777e-01 |150  0.31378  2.72360e-01
151  0.18240 -2.64608e+00 |152  0.25985  5.33884e+00 |153  0.17452 -1.95512e+00
154  0.25418  1.71005e+00 |155  0.10334 -1.95113e+00 |156  0.29675  3.53213e+00
157  0.16884 -2.16182e+00 |158  0.24621  3.08517e+00 |159 -0.35199  7.06171e-02
160  0.24280  4.37419e-01 |161  0.20262 -1.36781e+00 |162  0.31674  3.91477e+00
163 -0.38070  3.78791e-01 |164  0.23598  2.81403e-01 |165  0.05108 -3.06373e+00
166  0.11964 -4.32036e+00 |167  0.32137  3.97240e+00 |168  0.27251  5.43479e+00
169  0.01338 -1.12488e+00 |170  0.39320 -1.35691e-01 |171  0.09929 -1.29552e+01
172  0.16363 -1.18415e+01 |173  0.21869  1.07900e+01 |174  0.25726  6.23279e+00
175 -0.55411  2.06141e+00 |176  0.17113 -5.46812e-01 |

Intermediate statistics: 176 variables; iteration 20; function evaluation 20; phase 3
Function value 7.3340461e+03; maximum gradient component mag -4.2232e+01
Var    Value     Gradient |Var    Value     Gradient |Var    Value     Gradient
  1 -0.42303  1.15508e+01 |  2  0.37155  4.21764e+01 |  3 -0.12654  2.35541e+00
  4 -0.01290  1.65513e+01 |  5 -0.70923 -1.36621e+00 |  6 -0.60464 -1.20048e+01
  7  0.37608 -1.66366e+01 |  8 -0.18583 -4.17018e+01 |  9  0.03428 -2.14297e+01
 10 -0.61003 -2.22600e+00 | 11 -0.62370 -1.01115e+01 | 12 -0.09353 -4.12235e+00
 13 -0.01012 -9.81579e-03 | 14 -0.01034 -1.02012e-02 | 15 -0.01056 -1.05852e-02
 16 -0.01077 -1.09654e-02 | 17 -0.01098 -1.13408e-02 | 18 -0.01118 -1.17083e-02
 19 -0.01137 -1.20653e-02 | 20 -0.01156 -1.24100e-02 | 21 -0.01173 -1.27401e-02
 22 -0.01190 -1.30533e-02 | 23 -0.01205 -1.33471e-02 | 24 -0.01219 -1.36184e-02
 25 -0.01231 -1.38630e-02 | 26 -0.01241 -1.40755e-02 | 27 -0.01250 -1.42506e-02
 28 -0.01257 -1.43852e-02 | 29 -0.01261 -1.44791e-02 | 30 -0.01263 -1.45319e-02
 31 -0.01263 -1.45404e-02 | 32 -0.01260 -1.44973e-02 | 33 -0.01254 -1.43939e-02
 34 -0.01245 -1.42204e-02 | 35 -0.01233 -1.39688e-02 | 36 -0.01218 -1.36343e-02
 37 -0.01200 -1.32173e-02 | 38 -0.01177 -1.27247e-02 | 39 -0.01151 -1.21678e-02
 40 -0.01121 -1.15578e-02 | 41 -0.01087 -1.09119e-02 | 42 -0.01049 -1.02395e-02
 43 -0.01008 -9.54840e-03 | 44 -0.00963 -8.84422e-03 | 45 -0.00917 -8.12717e-03
 46 -0.00868 -7.38627e-03 | 47 -0.00819 -6.59406e-03 | 48 -0.00770 -5.70104e-03
 49 -0.00722 -4.63618e-03 | 50 -0.00677 -3.31475e-03 | 51 -0.00635 -1.65185e-03
 52 -0.00597  4.24907e-04 | 53 -0.00564  2.97176e-03 | 54 -0.00535  6.03090e-03
 55 -0.00510  9.63337e-03 | 56 -0.00487  1.37951e-02 | 57 -0.00464  1.85095e-02
 58 -0.00439  2.37449e-02 | 59 -0.00409  2.94545e-02 | 60 -0.00372  3.55660e-02
 61 -0.00323  4.19639e-02 | 62 -0.00261  4.84362e-02 | 63 -0.00181  5.46148e-02
 64 -0.00080  5.98814e-02 | 65  0.00044  6.32661e-02 | 66  0.00195  6.35922e-02
 67  0.00373  5.96864e-02 | 68  0.00580  5.14006e-02 | 69  0.00820  4.10972e-02
 70  0.01092  3.45356e-02 | 71  0.01398  3.79412e-02 | 72  0.01730  4.73675e-02
 73  0.02067  3.82424e-02 | 74  0.02382 -1.43310e-02 | 75  0.02665 -8.87673e-02
 76  0.02926 -1.22137e-01 | 77  0.03163 -8.94450e-02 | 78  0.03338 -4.06052e-02
 79  0.03419 -2.56172e-02 | 80  0.03414 -4.51942e-02 | 81  0.03343 -8.31875e-02
 82  0.03211 -1.34746e-01 | 83  0.03009 -2.13865e-01 | 84  0.02715 -3.41773e-01
 85  0.02345 -4.85956e-01 | 86  0.01963 -5.51156e-01 | 87  0.01602 -5.41660e-01
 88  0.01259 -5.68513e-01 | 89  0.00969 -6.54884e-01 | 90  0.00763 -7.65555e-01
 91  0.00629 -8.83029e-01 | 92  0.00526 -1.00402e+00 | 93  0.00443 -1.12859e+00
 94  0.00425 -1.26324e+00 | 95  0.00484 -1.41099e+00 | 96  0.00502 -1.55554e+00
 97  0.00662 -1.72603e+00 | 98  0.00908 -1.91759e+00 | 99  0.01319 -2.08157e+00
100  0.01314 -2.23721e+00 |101  0.01181 -2.32880e+00 |102  0.01022 -2.34849e+00
103  0.00213 -2.24172e+00 |104  0.00260 -2.28041e+00 |105  0.02258 -2.36354e+00
106  0.02043 -2.25518e+00 |107 -0.00317 -1.43523e+00 |108  0.01365 -1.49316e+00
109  0.08548 -5.02532e-01 |110  0.02611 -4.68338e-01 |111 -0.01430  5.89694e-01
112  0.00424  1.20730e+00 |113  0.01889  2.00514e+00 |114  0.03878  3.67034e+00
115  0.00374  3.74037e+00 |116 -0.06128  3.00565e+00 |117 -0.07730  3.08704e+00
118 -0.07560  3.08258e+00 |119 -0.03326  3.56041e+00 |120  0.07003  4.97460e+00
121  0.02391  2.46159e+00 |122  0.01384  1.45166e+00 |123 -0.02837  2.24152e-01
124 -0.06742  2.11820e-01 |125 -0.00774 -7.75693e-01 |126  0.00285 -1.09811e+00
127 -0.02799 -4.56020e-01 |128  0.02821  1.16470e-01 |129  0.07331  7.55311e-01
130  0.01093  6.10274e-01 |131  0.08269  1.15873e+00 |132  0.00564  2.15164e-01
133  0.13237  1.91894e-01 |134 -0.00540 -1.07265e-01 |135 -0.04656  1.68784e-01
136 -0.05672 -2.59313e-02 |137 -0.02205  1.37126e-02 |138  0.09379 -1.29810e-01
139  0.03192 -8.41546e-02 |140  0.01691  1.73453e-01 |141 -0.02795  4.97352e-02
142 -0.01760 -1.30351e-01 |143 -0.00566  2.14557e-01 |144 -0.00039  1.85440e-03
145  0.27884  2.75684e+00 |146  0.18938  2.04994e+00 |147  0.04638 -7.25606e-02
148  0.29639 -3.74234e+00 |149 -0.47569 -1.52483e-01 |150  0.31379  8.28243e-02
151  0.18231 -6.10869e+00 |152  0.26025  1.17655e+01 |153  0.17429 -3.91663e+00
154  0.25449  5.18981e+00 |155  0.10328 -3.44852e+00 |156  0.29710  7.18646e+00
157  0.16875 -3.35064e+00 |158  0.24639  4.82086e+00 |159 -0.35208  4.79350e-01
160  0.24252 -8.47177e-01 |161  0.20277  4.68848e-01 |162  0.31621 -1.84690e+00
163 -0.38087  1.23067e-01 |164  0.23594  9.58238e-02 |165  0.05106 -6.90777e-01
166  0.11909 -9.73185e+00 |167  0.32097  2.26783e-01 |168  0.27330  1.32756e+01
169  0.01314 -8.74579e-01 |170  0.39313  8.66104e-02 |171  0.09877 -4.22319e+01
172  0.16319 -1.19523e+01 |173  0.21911  3.21867e+01 |174  0.25698  4.24156e+00
175 -0.55518  4.92124e-01 |176  0.17047 -2.41377e-01 |
176 variables; iteration 40; function evaluation 41; phase 3
Function value 7.3339880e+03; maximum gradient component mag 2.4397e+01
Var    Value     Gradient |Var    Value     Gradient |Var    Value     Gradient
  1 -0.42324  6.83580e+00 |  2  0.37153  2.43973e+01 |  3 -0.12618  1.86650e+00
  4 -0.01343  8.25771e+00 |  5 -0.70861 -4.47218e-01 |  6 -0.60447 -5.67982e+00
  7  0.37599 -9.83064e+00 |  8 -0.18563 -2.32322e+01 |  9  0.03448 -1.10951e+01
 10 -0.60979 -9.78009e-01 | 11 -0.62358 -5.92846e+00 | 12 -0.09072 -2.72287e+00
 13 -0.01014 -2.02614e-03 | 14 -0.01036 -1.03327e-03 | 15 -0.01057 -1.11631e-05
 16 -0.01078  1.03296e-03 | 17 -0.01098  2.09221e-03 | 18 -0.01118  3.15591e-03
 19 -0.01137  4.21346e-03 | 20 -0.01155  5.25390e-03 | 21 -0.01172  6.26553e-03
 22 -0.01188  7.23677e-03 | 23 -0.01203  8.15619e-03 | 24 -0.01216  9.01259e-03
 25 -0.01228  9.79578e-03 | 26 -0.01239  1.04967e-02 | 27 -0.01247  1.11064e-02
 28 -0.01253  1.16140e-02 | 29 -0.01258  1.20051e-02 | 30 -0.01260  1.22634e-02
 31 -0.01259  1.23754e-02 | 32 -0.01256  1.23312e-02 | 33 -0.01251  1.21263e-02
 34 -0.01243  1.17634e-02 | 35 -0.01231  1.12546e-02 | 36 -0.01216  1.06228e-02
 37 -0.01198  9.90278e-03 | 38 -0.01176  9.14133e-03 | 39 -0.01150  8.39729e-03
 40 -0.01120  7.74453e-03 | 41 -0.01087  7.25958e-03 | 42 -0.01049  7.03065e-03
 43 -0.01008  7.14315e-03 | 44 -0.00964  7.66101e-03 | 45 -0.00916  8.60999e-03
 46 -0.00868  9.95571e-03 | 47 -0.00818  1.15920e-02 | 48 -0.00768  1.33430e-02
 49 -0.00720  1.49754e-02 | 50 -0.00674  1.62232e-02 | 51 -0.00632  1.68106e-02
 52 -0.00594  1.64790e-02 | 53 -0.00562  1.50089e-02 | 54 -0.00535  1.22599e-02
 55 -0.00512  8.19419e-03 | 56 -0.00492  2.86615e-03 | 57 -0.00473 -3.60305e-03
 58 -0.00452 -1.10300e-02 | 59 -0.00427 -1.91701e-02 | 60 -0.00394 -2.76707e-02
 61 -0.00350 -3.60012e-02 | 62 -0.00293 -4.33073e-02 | 63 -0.00216 -4.82930e-02
 64 -0.00118 -4.91395e-02 | 65  0.00007 -4.36945e-02 | 66  0.00163 -3.03648e-02
 67  0.00351 -9.59099e-03 | 68  0.00572  1.39787e-02 | 69  0.00823  3.11125e-02
 70  0.01099  3.28513e-02 | 71  0.01398  2.13313e-02 | 72  0.01722  1.26239e-02
 73  0.02059  6.48910e-03 | 74  0.02374 -4.22045e-02 | 75  0.02637 -1.50943e-01
 76  0.02872 -2.27562e-01 | 77  0.03112 -1.81051e-01 | 78  0.03314 -7.18636e-02
 79  0.03416 -9.05730e-03 | 80  0.03415 -9.15431e-03 | 81  0.03338 -4.20357e-02
 82  0.03197 -9.64354e-02 | 83  0.02975 -1.94208e-01 | 84  0.02657 -3.49514e-01
 85  0.02291 -4.67889e-01 | 86  0.01937 -4.55596e-01 | 87  0.01566 -4.40421e-01
 88  0.01194 -5.02621e-01 | 89  0.00902 -5.63750e-01 | 90  0.00713 -6.02405e-01
 91  0.00595 -6.40477e-01 | 92  0.00505 -6.87575e-01 | 93  0.00428 -7.46041e-01
 94  0.00414 -8.18130e-01 | 95  0.00471 -9.10515e-01 | 96  0.00477 -1.02963e+00
 97  0.00640 -1.13845e+00 | 98  0.00897 -1.25220e+00 | 99  0.01280 -1.38913e+00
100  0.01286 -1.46103e+00 |101  0.01173 -1.46448e+00 |102  0.01009 -1.42475e+00
103  0.00255 -1.22296e+00 |104  0.00454 -9.60121e-01 |105  0.02203 -1.38939e+00
106  0.02107 -1.16002e+00 |107 -0.00130 -4.51650e-01 |108  0.01503 -6.62231e-01
109  0.08375 -3.02610e-01 |110  0.02863  1.22351e-01 |111 -0.01426  5.33330e-01
112  0.00445  1.04451e+00 |113  0.02024  1.84918e+00 |114  0.03928  2.61570e+00
115  0.00379  2.34192e+00 |116 -0.06147  1.72653e+00 |117 -0.07752  1.80028e+00
118 -0.07557  1.88128e+00 |119 -0.03335  1.92363e+00 |120  0.07012  2.24718e+00
121  0.02488  1.44211e+00 |122  0.01424  6.67585e-01 |123 -0.02803 -8.19021e-02
124 -0.06743 -2.97917e-02 |125 -0.00636  4.04251e-02 |126  0.00562  3.60050e-01
127 -0.02781 -5.75249e-02 |128  0.02961  6.99313e-01 |129  0.07371  6.99345e-01
130  0.01173  5.70487e-01 |131  0.08260  2.90947e-01 |132  0.00603  2.45438e-02
133  0.13314  1.57209e-01 |134 -0.00516 -1.40315e-01 |135 -0.04619  1.74102e-01
136 -0.05640  2.57307e-02 |137 -0.02193 -1.26790e-02 |138  0.09442 -1.60977e-02
139  0.03186 -9.48235e-02 |140  0.01679  7.10274e-03 |141 -0.02785  6.46647e-02
142 -0.01763 -1.35033e-01 |143 -0.00562  1.91150e-01 |144 -0.00041 -1.98119e-03
145  0.27441  1.87919e+00 |146  0.18366  4.88987e-01 |147  0.04618 -1.05386e+00
148  0.29640 -2.55822e+00 |149 -0.47551 -5.98455e-02 |150  0.31415  3.98082e-02
151  0.18206 -3.76249e+00 |152  0.25996  6.47333e+00 |153  0.17419 -2.75575e+00
154  0.25427  3.32778e+00 |155  0.10306 -1.84219e+00 |156  0.29684  3.52177e+00
157  0.16864 -2.38969e+00 |158  0.24630  3.37894e+00 |159 -0.35190  2.23513e-01
160  0.24273 -2.60239e-01 |161  0.20244  1.98378e-02 |162  0.31635 -9.12429e-01
163 -0.38073  2.12632e-01 |164  0.23593 -2.97695e-01 |165  0.05094 -3.38985e-01
166  0.11903 -6.05934e+00 |167  0.32097 -3.95670e-01 |168  0.27270  6.67589e+00
169  0.01454  2.04583e+00 |170  0.39294 -9.43848e-01 |171  0.09906 -2.34650e+01
172  0.16337 -6.69398e+00 |173  0.21903  1.94825e+01 |174  0.25711  2.62722e+00
175 -0.54542  7.00927e-01 |176  0.17505  8.95241e-02 |

 - final statistics:
176 variables; iteration 54; function evaluation 62
Function value 7.3340e+03; maximum gradient component mag 5.3697e-01
Exit code = 1;  converg criter 1.0000e+00
Var    Value     Gradient |Var    Value     Gradient |Var    Value     Gradient
  1 -0.42336  1.20142e-01 |  2  0.37111  5.36972e-01 |  3 -0.12610  9.70363e-02
  4 -0.01322  1.36200e-01 |  5 -0.70924 -1.02059e-01 |  6 -0.60420 -6.22327e-02
  7  0.37628 -4.33869e-02 |  8 -0.18520 -1.68444e-01 |  9  0.03397 -1.97854e-01
 10 -0.60957 -1.06508e-01 | 11 -0.62337 -6.22800e-02 | 12 -0.09174 -2.03388e-01
 13 -0.01016 -2.23084e-03 | 14 -0.01038 -2.02833e-03 | 15 -0.01060 -1.80889e-03
 16 -0.01081 -1.57413e-03 | 17 -0.01101 -1.32561e-03 | 18 -0.01122 -1.06605e-03
 19 -0.01141 -7.98240e-04 | 20 -0.01159 -5.25164e-04 | 21 -0.01177 -2.50051e-04
 22 -0.01193  2.38380e-05 | 23 -0.01208  2.93288e-04 | 24 -0.01222  5.55181e-04
 25 -0.01234  8.06628e-04 | 26 -0.01245  1.04499e-03 | 27 -0.01253  1.26768e-03
 28 -0.01260  1.47198e-03 | 29 -0.01264  1.65469e-03 | 30 -0.01266  1.81211e-03
 31 -0.01266  1.94103e-03 | 32 -0.01263  2.03887e-03 | 33 -0.01257  2.10444e-03
 34 -0.01249  2.13838e-03 | 35 -0.01237  2.14366e-03 | 36 -0.01222  2.12585e-03
 37 -0.01204  2.09311e-03 | 38 -0.01182  2.05574e-03 | 39 -0.01156  2.02533e-03
 40 -0.01126  2.01386e-03 | 41 -0.01092  2.03226e-03 | 42 -0.01054  2.08846e-03
 43 -0.01013  2.18518e-03 | 44 -0.00969  2.31569e-03 | 45 -0.00922  2.46033e-03
 46 -0.00873  2.58423e-03 | 47 -0.00824  2.63986e-03 | 48 -0.00775  2.57360e-03
 49 -0.00727  2.33598e-03 | 50 -0.00682  1.89294e-03 | 51 -0.00640  1.23211e-03
 52 -0.00603  3.62446e-04 | 53 -0.00571 -6.92479e-04 | 54 -0.00543 -1.90264e-03
 55 -0.00519 -3.23446e-03 | 56 -0.00497 -4.64663e-03 | 57 -0.00476 -6.08450e-03
 58 -0.00453 -7.47352e-03 | 59 -0.00425 -8.71198e-03 | 60 -0.00389 -9.66021e-03
 61 -0.00342 -1.01398e-02 | 62 -0.00281 -9.94952e-03 | 63 -0.00202 -8.93985e-03
 64 -0.00102 -7.17709e-03 | 65  0.00022 -5.22564e-03 | 66  0.00172 -4.44048e-03
 67  0.00351 -6.82447e-03 | 68  0.00559 -1.36917e-02 | 69  0.00798 -2.29710e-02
 70  0.01070 -2.80853e-02 | 71  0.01374 -2.46601e-02 | 72  0.01701 -2.09939e-02
 73  0.02037 -2.31446e-02 | 74  0.02380 -8.71293e-03 | 75  0.02709  1.81223e-02
 76  0.02972  1.37432e-03 | 77  0.03159 -3.94436e-02 | 78  0.03289 -4.58263e-02
 79  0.03350 -3.75746e-02 | 80  0.03334 -4.19789e-02 | 81  0.03253 -5.64394e-02
 82  0.03118 -7.18103e-02 | 83  0.02930 -7.39998e-02 | 84  0.02695 -3.76602e-02
 85  0.02391  9.74098e-03 | 86  0.01998 -1.09954e-02 | 87  0.01588 -3.33851e-02
 88  0.01232 -1.53629e-02 | 89  0.00948 -1.10365e-02 | 90  0.00749 -1.87785e-02
 91  0.00622 -2.28395e-02 | 92  0.00528 -2.05541e-02 | 93  0.00455 -1.37316e-02
 94  0.00446 -7.40733e-03 | 95  0.00512 -3.31089e-03 | 96  0.00539  5.46892e-03
 97  0.00703 -3.54143e-03 | 98  0.00955 -1.69106e-02 | 99  0.01352 -1.80511e-02
100  0.01362 -2.91365e-02 |101  0.01233 -4.37784e-02 |102  0.01071 -3.84061e-02
103  0.00273 -2.86654e-02 |104  0.00337 -7.64995e-02 |105  0.02319  9.80517e-03
106  0.02119 -1.07801e-01 |107 -0.00249  2.42240e-02 |108  0.01576 -4.45555e-02
109  0.08387 -5.82310e-02 |110  0.02828  5.90244e-03 |111 -0.01426  8.70825e-02
112  0.00460  1.09576e-01 |113  0.01959  6.21356e-02 |114  0.03876 -2.96371e-02
115  0.00293 -2.85784e-02 |116 -0.06215  1.28166e-01 |117 -0.07845  2.25242e-01
118 -0.07688  1.86195e-01 |119 -0.03448  2.06644e-02 |120  0.07001  6.31534e-02
121  0.02372 -2.26012e-02 |122  0.01398  1.49319e-02 |123 -0.02778  1.87082e-02
124 -0.06696  5.88133e-02 |125 -0.00631  1.08367e-01 |126  0.00503  1.91599e-01
127 -0.02684  1.38688e-01 |128  0.02814 -8.56058e-02 |129  0.07357 -1.31180e-01
130  0.01016 -1.23077e-01 |131  0.08304  1.98780e-01 |132  0.00558 -7.41557e-02
133  0.13281 -1.59799e-01 |134 -0.00532 -3.25758e-02 |135 -0.04647 -1.82659e-02
136 -0.05681 -5.13489e-02 |137 -0.02182  1.91112e-02 |138  0.09447  1.09096e-01
139  0.03199  2.99375e-02 |140  0.01689  1.95152e-02 |141 -0.02821 -7.46507e-02
142 -0.01764 -9.97442e-03 |143 -0.00596 -2.11512e-02 |144 -0.00040  5.61979e-04
145  0.27531  3.19036e-02 |146  0.18653 -6.49544e-02 |147  0.04658 -2.53634e-02
148  0.29672  9.27941e-03 |149 -0.47497  5.66073e-02 |150  0.31479  6.38572e-02
151  0.18265  1.45782e-01 |152  0.25997  1.74974e-01 |153  0.17459  2.40438e-02
154  0.25421  6.65669e-02 |155  0.10332 -6.05524e-02 |156  0.29673  3.19194e-02
157  0.16876 -9.97642e-02 |158  0.24616  2.26108e-03 |159 -0.35212 -5.96988e-02
160  0.24275 -1.95807e-02 |161  0.20253 -7.24113e-02 |162  0.31670 -3.34429e-02
163 -0.38124 -6.92220e-02 |164  0.23578 -3.43522e-02 |165  0.05109  9.96571e-03
166  0.11970  5.22748e-02 |167  0.32137  1.71665e-02 |168  0.27255  1.49541e-01
169  0.01316 -2.55252e-01 |170  0.39284 -1.92555e-01 |171  0.09929 -2.43773e-01
172  0.16365 -1.42733e-01 |173  0.21869  2.04166e-01 |174  0.25726  1.04185e-01
175 -0.55522 -1.90510e-01 |176  0.17089  2.13882e-01 |

Initial statistics: 200 variables; iteration 0; function evaluation 0; phase 4
Function value 7.3339512e+03; maximum gradient component mag 5.3697e-01
Var    Value     Gradient |Var    Value     Gradient |Var    Value     Gradient
  1 -0.42336  1.20142e-01 |  2  0.37111  5.36972e-01 |  3 -0.12610  9.70363e-02
  4 -0.01322  1.36200e-01 |  5 -0.70924 -1.02059e-01 |  6 -0.60420 -6.22327e-02
  7  0.37628 -4.33869e-02 |  8 -0.18520 -1.68444e-01 |  9  0.03397 -1.97854e-01
 10 -0.60957 -1.06508e-01 | 11 -0.62337 -6.22800e-02 | 12 -0.09174 -2.03388e-01
 13 -0.01016 -2.23084e-03 | 14 -0.01038 -2.02833e-03 | 15 -0.01060 -1.80889e-03
 16 -0.01081 -1.57413e-03 | 17 -0.01101 -1.32561e-03 | 18 -0.01122 -1.06605e-03
 19 -0.01141 -7.98240e-04 | 20 -0.01159 -5.25164e-04 | 21 -0.01177 -2.50051e-04
 22 -0.01193  2.38380e-05 | 23 -0.01208  2.93288e-04 | 24 -0.01222  5.55181e-04
 25 -0.01234  8.06628e-04 | 26 -0.01245  1.04499e-03 | 27 -0.01253  1.26768e-03
 28 -0.01260  1.47198e-03 | 29 -0.01264  1.65469e-03 | 30 -0.01266  1.81211e-03
 31 -0.01266  1.94103e-03 | 32 -0.01263  2.03887e-03 | 33 -0.01257  2.10444e-03
 34 -0.01249  2.13838e-03 | 35 -0.01237  2.14366e-03 | 36 -0.01222  2.12585e-03
 37 -0.01204  2.09311e-03 | 38 -0.01182  2.05574e-03 | 39 -0.01156  2.02533e-03
 40 -0.01126  2.01386e-03 | 41 -0.01092  2.03226e-03 | 42 -0.01054  2.08846e-03
 43 -0.01013  2.18518e-03 | 44 -0.00969  2.31569e-03 | 45 -0.00922  2.46033e-03
 46 -0.00873  2.58423e-03 | 47 -0.00824  2.63986e-03 | 48 -0.00775  2.57360e-03
 49 -0.00727  2.33598e-03 | 50 -0.00682  1.89294e-03 | 51 -0.00640  1.23211e-03
 52 -0.00603  3.62446e-04 | 53 -0.00571 -6.92479e-04 | 54 -0.00543 -1.90264e-03
 55 -0.00519 -3.23446e-03 | 56 -0.00497 -4.64663e-03 | 57 -0.00476 -6.08450e-03
 58 -0.00453 -7.47352e-03 | 59 -0.00425 -8.71198e-03 | 60 -0.00389 -9.66021e-03
 61 -0.00342 -1.01398e-02 | 62 -0.00281 -9.94952e-03 | 63 -0.00202 -8.93985e-03
 64 -0.00102 -7.17709e-03 | 65  0.00022 -5.22564e-03 | 66  0.00172 -4.44048e-03
 67  0.00351 -6.82447e-03 | 68  0.00559 -1.36917e-02 | 69  0.00798 -2.29710e-02
 70  0.01070 -2.80853e-02 | 71  0.01374 -2.46601e-02 | 72  0.01701 -2.09939e-02
 73  0.02037 -2.31446e-02 | 74  0.02380 -8.71293e-03 | 75  0.02709  1.81223e-02
 76  0.02972  1.37432e-03 | 77  0.03159 -3.94436e-02 | 78  0.03289 -4.58263e-02
 79  0.03350 -3.75746e-02 | 80  0.03334 -4.19789e-02 | 81  0.03253 -5.64394e-02
 82  0.03118 -7.18103e-02 | 83  0.02930 -7.39998e-02 | 84  0.02695 -3.76602e-02
 85  0.02391  9.74098e-03 | 86  0.01998 -1.09954e-02 | 87  0.01588 -3.33851e-02
 88  0.01232 -1.53629e-02 | 89  0.00948 -1.10365e-02 | 90  0.00749 -1.87785e-02
 91  0.00622 -2.28395e-02 | 92  0.00528 -2.05541e-02 | 93  0.00455 -1.37316e-02
 94  0.00446 -7.40733e-03 | 95  0.00512 -3.31089e-03 | 96  0.00539  5.46892e-03
 97  0.00703 -3.54143e-03 | 98  0.00955 -1.69106e-02 | 99  0.01352 -1.80511e-02
100  0.01362 -2.91365e-02 |101  0.01233 -4.37784e-02 |102  0.01071 -3.84061e-02
103  0.00273 -2.86654e-02 |104  0.00337 -7.64995e-02 |105  0.02319  9.80517e-03
106  0.02119 -1.07801e-01 |107 -0.00249  2.42240e-02 |108  0.01576 -4.45555e-02
109  0.08387 -5.82310e-02 |110  0.02828  5.90244e-03 |111 -0.01426  8.70825e-02
112  0.00460  1.09576e-01 |113  0.01959  6.21356e-02 |114  0.03876 -2.96371e-02
115  0.00293 -2.85784e-02 |116 -0.06215  1.28166e-01 |117 -0.07845  2.25242e-01
118 -0.07688  1.86195e-01 |119 -0.03448  2.06644e-02 |120  0.07001  6.31534e-02
121  0.02372 -2.26012e-02 |122  0.01398  1.49319e-02 |123 -0.02778  1.87082e-02
124 -0.06696  5.88133e-02 |125 -0.00631  1.08367e-01 |126  0.00503  1.91599e-01
127 -0.02684  1.38688e-01 |128  0.02814 -8.56058e-02 |129  0.07357 -1.31180e-01
130  0.01016 -1.23077e-01 |131  0.08304  1.98780e-01 |132  0.00558 -7.41557e-02
133  0.13281 -1.59799e-01 |134 -0.00532 -3.25758e-02 |135 -0.04647 -1.82659e-02
136 -0.05681 -5.13489e-02 |137 -0.02182  1.91112e-02 |138  0.09447  1.09096e-01
139  0.03199  2.99375e-02 |140  0.01689  1.95152e-02 |141 -0.02821 -7.46507e-02
142 -0.01764 -9.97442e-03 |143 -0.00596 -2.11512e-02 |144 -0.00040  5.61979e-04
145  0.27531  3.19036e-02 |146  0.18653 -6.49544e-02 |147  0.04658 -2.53634e-02
148  0.29672  9.27941e-03 |149  0.01641 -3.60750e-02 |150 -0.11482 -1.10764e-01
151 -0.47497  5.66073e-02 |152  0.31479  6.38572e-02 |153  0.04880  2.01966e-01
154 -0.23508 -1.81346e-02 |155  0.18265  1.45782e-01 |156  0.25997  1.74974e-01
157  0.17459  2.40438e-02 |158  0.25421  6.65669e-02 |159  0.00590  4.77960e-02
160 -0.09831 -2.52867e-02 |161  0.10332 -6.05524e-02 |162  0.29673  3.19194e-02
163  0.16876 -9.97642e-02 |164  0.24616  2.26108e-03 |165 -0.35212 -5.96988e-02
166  0.24275 -1.95807e-02 |167  0.05277 -2.00635e-01 |168 -0.18764 -3.56130e-02
169  0.20253 -7.24113e-02 |170  0.31670 -3.34429e-02 |171  0.07774 -4.04188e-01
172 -0.53233 -6.85528e-05 |173 -0.38124 -6.92220e-02 |174  0.23578 -3.43522e-02
175  0.07830 -2.85765e-01 |176 -0.12203 -1.74834e-01 |177  0.05109  9.96571e-03
178  0.11970  5.22748e-02 |179  0.32137  1.71665e-02 |180  0.27255  1.49541e-01
181  0.00556  1.73651e-02 |182  0.00910  7.20940e-02 |183 -0.15023 -3.54532e-03
184 -0.12575 -3.20757e-02 |185  0.01316 -2.55252e-01 |186  0.39284 -1.92555e-01
187  0.01865 -3.14127e-01 |188 -0.15439 -8.47235e-02 |189  0.09929 -2.43773e-01
190  0.16365 -1.42733e-01 |191  0.21869  2.04166e-01 |192  0.25726  1.04185e-01
193  0.02454 -1.25359e-01 |194 -0.00644 -7.24129e-02 |195 -0.17632 -8.21866e-02
196 -0.11434 -3.87846e-01 |197 -0.55522 -1.90510e-01 |198  0.17089  2.13882e-01
199  0.09515 -5.12048e-01 |200 -0.25356 -9.17381e-02 |

Intermediate statistics: 200 variables; iteration 20; function evaluation 23; phase 4
Function value 7.3339507e+03; maximum gradient component mag 1.0539e+00
Var    Value     Gradient |Var    Value     Gradient |Var    Value     Gradient
  1 -0.42337 -5.14221e-01 |  2  0.37110  4.72270e-01 |  3 -0.12612 -7.87233e-01
  4 -0.01320 -1.96843e-01 |  5 -0.70909 -3.01192e-02 |  6 -0.60423 -3.63022e-01
  7  0.37625  2.98333e-02 |  8 -0.18520 -3.20735e-01 |  9  0.03402 -1.60138e-01
 10 -0.60951 -5.31045e-02 | 11 -0.62339 -4.87071e-01 | 12 -0.09179  8.02425e-01
 13 -0.01015  2.18175e-03 | 14 -0.01037  2.25368e-03 | 15 -0.01059  2.32747e-03
 16 -0.01080  2.40304e-03 | 17 -0.01101  2.48040e-03 | 18 -0.01121  2.55938e-03
 19 -0.01140  2.63988e-03 | 20 -0.01159  2.72182e-03 | 21 -0.01176  2.80512e-03
 22 -0.01193  2.88972e-03 | 23 -0.01208  2.97559e-03 | 24 -0.01222  3.06271e-03
 25 -0.01234  3.15107e-03 | 26 -0.01245  3.24063e-03 | 27 -0.01253  3.33136e-03
 28 -0.01260  3.42317e-03 | 29 -0.01264  3.51600e-03 | 30 -0.01267  3.60978e-03
 31 -0.01266  3.70457e-03 | 32 -0.01263  3.80046e-03 | 33 -0.01258  3.89755e-03
 34 -0.01249  3.99598e-03 | 35 -0.01238  4.09588e-03 | 36 -0.01223  4.19741e-03
 37 -0.01204  4.30070e-03 | 38 -0.01182  4.40602e-03 | 39 -0.01156  4.51367e-03
 40 -0.01126  4.62366e-03 | 41 -0.01092  4.73721e-03 | 42 -0.01054  4.85459e-03
 43 -0.01013  4.97616e-03 | 44 -0.00969  5.10185e-03 | 45 -0.00923  5.23080e-03
 46 -0.00874  5.36125e-03 | 47 -0.00825  5.49074e-03 | 48 -0.00776  5.61607e-03
 49 -0.00728  5.73396e-03 | 50 -0.00683  5.84158e-03 | 51 -0.00641  5.93672e-03
 52 -0.00603  6.01788e-03 | 53 -0.00571  6.08506e-03 | 54 -0.00543  6.13913e-03
 55 -0.00518  6.18190e-03 | 56 -0.00496  6.21671e-03 | 57 -0.00475  6.24811e-03
 58 -0.00451  6.28103e-03 | 59 -0.00423  6.32329e-03 | 60 -0.00387  6.38495e-03
 61 -0.00340  6.48053e-03 | 62 -0.00279  6.62729e-03 | 63 -0.00201  6.84416e-03
 64 -0.00102  7.14124e-03 | 65  0.00021  7.49317e-03 | 66  0.00171  7.81417e-03
 67  0.00350  7.92318e-03 | 68  0.00560  7.63712e-03 | 69  0.00803  7.05165e-03
 70  0.01076  6.82131e-03 | 71  0.01378  7.62100e-03 | 72  0.01703  8.62570e-03
 73  0.02040  8.92539e-03 | 74  0.02376  1.20644e-02 | 75  0.02693  1.79899e-02
 76  0.02962  1.59589e-02 | 77  0.03166  8.36874e-03 | 78  0.03299  7.43151e-03
 79  0.03356  9.53140e-03 | 80  0.03341  8.72103e-03 | 81  0.03267  5.59874e-03
 82  0.03137  2.28751e-03 | 83  0.02951  1.72456e-03 | 84  0.02700  8.28702e-03
 85  0.02378  1.55844e-02 | 86  0.01993  1.07673e-02 | 87  0.01593  6.50670e-03
 88  0.01231  7.97766e-03 | 89  0.00945  7.74369e-03 | 90  0.00750  6.51196e-03
 91  0.00625  6.01078e-03 | 92  0.00530  6.37869e-03 | 93  0.00454  7.33371e-03
 94  0.00443  8.34011e-03 | 95  0.00507  9.14285e-03 | 96  0.00531  1.01954e-02
 97  0.00698  9.51177e-03 | 98  0.00955  8.30700e-03 | 99  0.01353  8.62307e-03
100  0.01365  7.51308e-03 |101  0.01240  5.40526e-03 |102  0.01074  4.44223e-03
103  0.00272  2.13003e-03 |104  0.00354 -4.91484e-03 |105  0.02299  3.87788e-03
106  0.02141 -1.70991e-02 |107 -0.00267 -8.65374e-03 |108  0.01583 -7.66545e-03
109  0.08393 -1.46978e-02 |110  0.02831 -9.46082e-03 |111 -0.01439 -2.61851e-04
112  0.00445 -1.68536e-03 |113  0.01954  2.61103e-03 |114  0.03887  1.25236e-02
115  0.00305  1.40420e-02 |116 -0.06229  1.68126e-02 |117 -0.07873  1.83192e-02
118 -0.07711  1.78676e-02 |119 -0.03438  2.18402e-02 |120  0.06995  4.41546e-05
121  0.02379 -1.31778e-02 |122  0.01394 -1.29943e-02 |123 -0.02779 -5.49562e-03
124 -0.06701  1.14195e-02 |125 -0.00635  1.56025e-02 |126  0.00473 -2.42160e-04
127 -0.02719 -8.45703e-03 |128  0.02829 -2.20851e-02 |129  0.07358 -2.05823e-02
130  0.01047 -1.05952e-02 |131  0.08266  1.26288e-02 |132  0.00584  1.12905e-02
133  0.13291 -3.21477e-02 |134 -0.00525  4.06664e-03 |135 -0.04642  9.05340e-03
136 -0.05666  5.85192e-03 |137 -0.02188  4.33980e-03 |138  0.09426  4.93161e-03
139  0.03192  3.66161e-03 |140  0.01686  5.19913e-03 |141 -0.02798  3.97796e-03
142 -0.01759 -2.93910e-03 |143 -0.00588  2.75937e-03 |144 -0.00040  1.75671e-04
145  0.27537  1.74504e-01 |146  0.18644  4.22849e-01 |147  0.04655  5.54171e-03
148  0.29671 -1.01257e-01 |149  0.01641 -4.84081e-02 |150 -0.11483 -2.10264e-01
151 -0.47493  3.51086e-02 |152  0.31440  2.48514e-02 |153  0.04867  7.41915e-02
154 -0.23500  1.51871e-02 |155  0.18244 -9.72624e-03 |156  0.25987  8.63335e-02
157  0.17454  2.64490e-02 |158  0.25418  6.89702e-03 |159  0.00592  3.73123e-02
160 -0.09831 -1.47240e-02 |161  0.10336 -4.51847e-03 |162  0.29676  1.21762e-02
163  0.16884 -2.76989e-02 |164  0.24621  3.30253e-02 |165 -0.35203 -4.03465e-02
166  0.24279  3.76559e-02 |167  0.05275 -9.47366e-02 |168 -0.18763  4.73046e-01
169  0.20259 -8.91457e-02 |170  0.31673  5.62586e-02 |171  0.07772 -4.90742e-01
172 -0.53233 -7.43711e-05 |173 -0.38112 -6.29091e-02 |174  0.23584  9.24815e-02
175  0.07837 -4.88639e-02 |176 -0.12206 -3.48526e-01 |177  0.05108 -1.24775e-03
178  0.11965 -9.21793e-02 |179  0.32137  1.47482e-02 |180  0.27253  1.83641e-01
181  0.00556  2.60199e-03 |182  0.00910 -6.09372e-03 |183 -0.15024 -2.05043e-02
184 -0.12574 -3.42746e-02 |185  0.01336 -4.85314e-02 |186  0.39314 -3.24531e-02
187  0.01863 -6.73418e-02 |188 -0.15438 -1.77654e-02 |189  0.09929  6.49008e-03
190  0.16364  3.67046e-01 |191  0.21869  3.62476e-02 |192  0.25725 -4.92729e-01
193  0.02453  1.40172e-02 |194 -0.00643  7.91629e-02 |195 -0.17632 -6.99241e-02
196 -0.11435 -4.15084e-01 |197 -0.55490  2.21734e-02 |198  0.17086  5.48023e-02
199  0.09523  1.05391e+00 |200 -0.25360  3.42477e-01 |
200 variables; iteration 40; function evaluation 45; phase 4
Function value 7.3339506e+03; maximum gradient component mag 1.0497e+00
Var    Value     Gradient |Var    Value     Gradient |Var    Value     Gradient
  1 -0.42337 -3.97735e-01 |  2  0.37110  4.36351e-01 |  3 -0.12612 -7.22377e-01
  4 -0.01320 -1.94481e-01 |  5 -0.70913 -7.48094e-02 |  6 -0.60423 -5.48865e-01
  7  0.37625 -7.92520e-02 |  8 -0.18520 -1.93738e-01 |  9  0.03401 -1.76870e-01
 10 -0.60952 -7.12421e-02 | 11 -0.62339 -4.87882e-01 | 12 -0.09186  7.93208e-01
 13 -0.01015  1.52691e-03 | 14 -0.01037  1.58583e-03 | 15 -0.01059  1.64678e-03
 16 -0.01080  1.70963e-03 | 17 -0.01101  1.77432e-03 | 18 -0.01121  1.84065e-03
 19 -0.01140  1.90844e-03 | 20 -0.01159  1.97752e-03 | 21 -0.01176  2.04771e-03
 22 -0.01193  2.11881e-03 | 23 -0.01208  2.19067e-03 | 24 -0.01222  2.26312e-03
 25 -0.01234  2.33600e-03 | 26 -0.01245  2.40916e-03 | 27 -0.01253  2.48242e-03
 28 -0.01260  2.55560e-03 | 29 -0.01264  2.62851e-03 | 30 -0.01267  2.70095e-03
 31 -0.01266  2.77279e-03 | 32 -0.01263  2.84393e-03 | 33 -0.01258  2.91435e-03
 34 -0.01249  2.98411e-03 | 35 -0.01238  3.05334e-03 | 36 -0.01223  3.12230e-03
 37 -0.01204  3.19134e-03 | 38 -0.01182  3.26095e-03 | 39 -0.01156  3.33170e-03
 40 -0.01126  3.40404e-03 | 41 -0.01092  3.47901e-03 | 42 -0.01054  3.55702e-03
 43 -0.01013  3.63831e-03 | 44 -0.00969  3.72251e-03 | 45 -0.00923  3.80829e-03
 46 -0.00874  3.89322e-03 | 47 -0.00825  3.97408e-03 | 48 -0.00776  4.04704e-03
 49 -0.00728  4.10847e-03 | 50 -0.00683  4.15555e-03 | 51 -0.00641  4.18660e-03
 52 -0.00603  4.20106e-03 | 53 -0.00571  4.19984e-03 | 54 -0.00543  4.18480e-03
 55 -0.00518  4.15865e-03 | 56 -0.00496  4.12548e-03 | 57 -0.00475  4.09066e-03
 58 -0.00451  4.06051e-03 | 59 -0.00423  4.04410e-03 | 60 -0.00387  4.05307e-03
 61 -0.00340  4.10282e-03 | 62 -0.00279  4.21037e-03 | 63 -0.00201  4.39074e-03
 64 -0.00102  4.64480e-03 | 65  0.00021  4.93534e-03 | 66  0.00171  5.16951e-03
 67  0.00350  5.19372e-03 | 68  0.00561  4.90003e-03 | 69  0.00803  4.44249e-03
 70  0.01076  4.33321e-03 | 71  0.01379  4.91267e-03 | 72  0.01703  5.52279e-03
 73  0.02040  5.69779e-03 | 74  0.02375  7.01079e-03 | 75  0.02690  8.95628e-03
 76  0.02960  7.99721e-03 | 77  0.03167  5.80247e-03 | 78  0.03300  5.63703e-03
 79  0.03356  6.18330e-03 | 80  0.03342  6.03032e-03 | 81  0.03268  5.30554e-03
 82  0.03140  4.43547e-03 | 83  0.02954  4.20960e-03 | 84  0.02700  6.38500e-03
 85  0.02376  9.61660e-03 | 86  0.01993  8.24657e-03 | 87  0.01594  6.59075e-03
 88  0.01232  8.02759e-03 | 89  0.00946  8.55483e-03 | 90  0.00751  8.32831e-03
 91  0.00626  8.59227e-03 | 92  0.00532  9.52224e-03 | 93  0.00456  1.09148e-02
 94  0.00445  1.23113e-02 | 95  0.00509  1.34396e-02 | 96  0.00532  1.45954e-02
 97  0.00699  1.41210e-02 | 98  0.00956  1.31005e-02 | 99  0.01353  1.27311e-02
100  0.01364  1.10929e-02 |101  0.01240  8.27182e-03 |102  0.01073  5.55740e-03
103  0.00271  2.59508e-03 |104  0.00356 -4.50960e-03 |105  0.02296 -3.32789e-03
106  0.02141 -2.03752e-02 |107 -0.00264 -1.20401e-02 |108  0.01582 -1.81730e-02
109  0.08389 -2.69343e-02 |110  0.02833 -9.92383e-03 |111 -0.01439  5.61512e-03
112  0.00446  1.13678e-02 |113  0.01954  1.52312e-02 |114  0.03885  1.55771e-02
115  0.00302  1.30459e-02 |116 -0.06230  2.46543e-02 |117 -0.07872  3.21939e-02
118 -0.07711  2.54118e-02 |119 -0.03441  1.74624e-02 |120  0.06994  1.96902e-02
121  0.02378  8.88340e-04 |122  0.01393 -7.66985e-03 |123 -0.02781 -8.27183e-03
124 -0.06702  6.62957e-03 |125 -0.00637  9.89729e-03 |126  0.00474  6.88214e-03
127 -0.02718 -7.98664e-04 |128  0.02829 -1.55335e-02 |129  0.07357 -1.37910e-02
130  0.01046 -9.08428e-03 |131  0.08268  3.10352e-02 |132  0.00583  1.16800e-02
133  0.13293 -9.22339e-03 |134 -0.00526  6.20748e-04 |135 -0.04643  4.02608e-03
136 -0.05667 -2.47624e-05 |137 -0.02188  3.72702e-03 |138  0.09427  1.35517e-02
139  0.03193  1.90614e-03 |140  0.01686  4.90028e-03 |141 -0.02798 -1.20089e-03
142 -0.01759 -1.89451e-03 |143 -0.00588  1.40665e-03 |144 -0.00040  8.50748e-05
145  0.27550  1.88358e-01 |146  0.18653  4.31371e-01 |147  0.04656 -4.36992e-02
148  0.29671 -3.02485e-02 |149  0.01639 -9.87031e-02 |150 -0.11484 -3.03225e-01
151 -0.47528  2.29115e-02 |152  0.31397  2.94644e-03 |153  0.04876  4.40362e-02
154 -0.23505  6.85087e-03 |155  0.18246  1.10883e-02 |156  0.25988  6.90117e-02
157  0.17453 -5.61960e-02 |158  0.25419  1.07462e-01 |159  0.00590  3.95549e-03
160 -0.09831 -4.43050e-02 |161  0.10337 -8.69916e-02 |162  0.29677  2.05016e-01
163  0.16884 -4.40813e-02 |164  0.24621  5.49375e-02 |165 -0.35199 -4.57808e-02
166  0.24281  5.19393e-02 |167  0.05274 -1.30656e-01 |168 -0.18764  4.26019e-01
169  0.20263 -8.02652e-02 |170  0.31675  7.12788e-02 |171  0.07772 -4.34640e-01
172 -0.53233 -7.21014e-05 |173 -0.38076 -3.57871e-02 |174  0.23596  4.89071e-02
175  0.07828 -5.93976e-02 |176 -0.12205 -2.54625e-01 |177  0.05110  4.54698e-02
178  0.11966  2.90845e-02 |179  0.32136 -4.39583e-02 |180  0.27253  5.64432e-02
181  0.00556  3.86553e-02 |182  0.00910  5.33062e-02 |183 -0.15022  3.96596e-02
184 -0.12574  3.01331e-02 |185  0.01337 -2.49131e-02 |186  0.39315 -2.74348e-02
187  0.01864 -3.61549e-02 |188 -0.15438 -3.45661e-03 |189  0.09929 -3.58710e-02
190  0.16365  3.54352e-01 |191  0.21869 -1.86317e-02 |192  0.25725 -5.05436e-01
193  0.02453 -5.32276e-02 |194 -0.00645  3.77137e-02 |195 -0.17630  1.12622e-01
196 -0.11435 -4.91804e-01 |197 -0.55423  6.24215e-02 |198  0.17112  3.89347e-02
199  0.09515  1.04975e+00 |200 -0.25353  3.45771e-01 |
200 variables; iteration 60; function evaluation 65; phase 4
Function value 7.3339506e+03; maximum gradient component mag 2.6534e-01
Var    Value     Gradient |Var    Value     Gradient |Var    Value     Gradient
  1 -0.42336 -1.03433e-01 |  2  0.37109  1.16782e-01 |  3 -0.12612 -1.78766e-01
  4 -0.01320 -6.27728e-02 |  5 -0.70911 -8.74807e-03 |  6 -0.60422 -1.37087e-01
  7  0.37625 -1.47255e-02 |  8 -0.18521 -5.00280e-02 |  9  0.03402 -5.22932e-02
 10 -0.60954 -3.41237e-02 | 11 -0.62338 -1.20028e-01 | 12 -0.09195  1.91445e-01
 13 -0.01015 -1.31817e-04 | 14 -0.01037 -1.01605e-04 | 15 -0.01059 -6.77007e-05
 16 -0.01080 -3.02874e-05 | 17 -0.01101  1.04109e-05 | 18 -0.01121  5.39577e-05
 19 -0.01140  9.98476e-05 | 20 -0.01159  1.47494e-04 | 21 -0.01176  1.96217e-04
 22 -0.01193  2.45280e-04 | 23 -0.01208  2.93906e-04 | 24 -0.01222  3.41285e-04
 25 -0.01234  3.86607e-04 | 26 -0.01245  4.29072e-04 | 27 -0.01253  4.67874e-04
 28 -0.01260  5.02177e-04 | 29 -0.01264  5.31080e-04 | 30 -0.01266  5.53631e-04
 31 -0.01266  5.68999e-04 | 32 -0.01263  5.76489e-04 | 33 -0.01258  5.75660e-04
 34 -0.01249  5.66420e-04 | 35 -0.01238  5.49119e-04 | 36 -0.01223  5.24603e-04
 37 -0.01204  4.94210e-04 | 38 -0.01182  4.59689e-04 | 39 -0.01156  4.23015e-04
 40 -0.01126  3.86204e-04 | 41 -0.01092  3.50930e-04 | 42 -0.01054  3.18243e-04
 43 -0.01013  2.88179e-04 | 44 -0.00969  2.59236e-04 | 45 -0.00923  2.28204e-04
 46 -0.00874  1.90316e-04 | 47 -0.00825  1.40099e-04 | 48 -0.00776  7.26274e-05
 49 -0.00728 -1.51937e-05 | 50 -0.00683 -1.23732e-04 | 51 -0.00641 -2.50593e-04
 52 -0.00604 -3.91270e-04 | 53 -0.00571 -5.40247e-04 | 54 -0.00543 -6.91722e-04
 55 -0.00518 -8.39718e-04 | 56 -0.00496 -9.77670e-04 | 57 -0.00475 -1.09772e-03
 58 -0.00451 -1.18980e-03 | 59 -0.00423 -1.24178e-03 | 60 -0.00387 -1.23996e-03
 61 -0.00340 -1.17218e-03 | 62 -0.00279 -1.03358e-03 | 63 -0.00201 -8.38028e-04
 64 -0.00102 -6.30344e-04 | 65  0.00021 -4.88042e-04 | 66  0.00171 -4.89060e-04
 67  0.00350 -6.31631e-04 | 68  0.00561 -7.77927e-04 | 69  0.00803 -7.91609e-04
 70  0.01077 -8.31418e-04 | 71  0.01379 -1.15817e-03 | 72  0.01703 -1.48111e-03
 73  0.02040 -1.61392e-03 | 74  0.02375 -1.09098e-03 | 75  0.02690  1.22560e-03
 76  0.02961  1.13589e-03 | 77  0.03167 -2.10778e-03 | 78  0.03300 -2.51559e-03
 79  0.03356 -1.39609e-03 | 80  0.03342 -1.63318e-03 | 81  0.03269 -2.92502e-03
 82  0.03141 -4.16409e-03 | 83  0.02955 -3.88424e-03 | 84  0.02702 -8.95268e-04
 85  0.02376  6.09033e-04 | 86  0.01993 -9.68802e-04 | 87  0.01595 -1.11695e-03
 88  0.01232 -1.49819e-03 | 89  0.00946 -1.37346e-03 | 90  0.00752 -9.07890e-04
 91  0.00627 -5.36575e-04 | 92  0.00533 -2.21444e-04 | 93  0.00457  1.01130e-04
 94  0.00446  4.09039e-04 | 95  0.00510  5.27128e-04 | 96  0.00532  2.05009e-04
 97  0.00699 -3.03573e-04 | 98  0.00956 -6.86098e-04 | 99  0.01353 -1.04343e-03
100  0.01364 -9.94267e-04 |101  0.01240 -1.67533e-04 |102  0.01073  1.33797e-03
103  0.00271  4.34832e-03 |104  0.00358  7.11636e-03 |105  0.02294  5.62709e-03
106  0.02143  7.50499e-03 |107 -0.00262  1.46117e-02 |108  0.01585  1.33169e-02
109  0.08390  1.19594e-02 |110  0.02831  3.84606e-03 |111 -0.01440  4.23551e-03
112  0.00444  3.22199e-03 |113  0.01954  3.86658e-03 |114  0.03884 -9.75021e-04
115  0.00302 -4.96970e-03 |116 -0.06235 -1.25070e-02 |117 -0.07878 -5.38191e-03
118 -0.07714  3.84398e-03 |119 -0.03439  2.02333e-02 |120  0.06993  2.65796e-02
121  0.02378  2.09062e-02 |122  0.01395  2.55973e-02 |123 -0.02780  1.41130e-02
124 -0.06706 -8.00641e-03 |125 -0.00639  5.86771e-03 |126  0.00472  7.78033e-03
127 -0.02717  9.30266e-03 |128  0.02829 -4.07366e-03 |129  0.07356 -5.58201e-03
130  0.01050  1.19879e-03 |131  0.08264  2.30087e-03 |132  0.00584  1.17918e-02
133  0.13296  8.79558e-03 |134 -0.00527 -7.40896e-03 |135 -0.04643  4.10191e-04
136 -0.05668 -2.60649e-03 |137 -0.02188  4.44325e-03 |138  0.09424 -1.18792e-03
139  0.03192 -1.94876e-03 |140  0.01684 -5.46931e-03 |141 -0.02799 -6.15556e-03
142 -0.01759 -1.63301e-03 |143 -0.00587  2.79788e-03 |144 -0.00040  9.91032e-05
145  0.27559  6.20289e-02 |146  0.18661  1.18395e-01 |147  0.04657  2.24837e-03
148  0.29672 -1.21633e-03 |149  0.01639 -2.57305e-02 |150 -0.11481 -7.56112e-02
151 -0.47572  9.09143e-04 |152  0.31362 -3.93253e-03 |153  0.04889  2.81036e-02
154 -0.23508  2.27420e-03 |155  0.18246  7.29103e-03 |156  0.25987  1.89866e-02
157  0.17453 -2.45877e-02 |158  0.25417  1.94947e-02 |159  0.00590 -4.66384e-03
160 -0.09830  8.29857e-04 |161  0.10337 -3.12174e-02 |162  0.29675  4.58090e-02
163  0.16886 -1.08521e-02 |164  0.24622  1.14217e-02 |165 -0.35192 -4.49753e-03
166  0.24283  2.60806e-02 |167  0.05274 -2.45757e-02 |168 -0.18764  1.04653e-01
169  0.20272 -1.00272e-02 |170  0.31676  2.21370e-02 |171  0.07772 -1.09553e-01
172 -0.53229 -4.94446e-05 |173 -0.38075 -1.25757e-02 |174  0.23596  1.48436e-02
175  0.07830 -8.12113e-03 |176 -0.12202 -5.99259e-02 |177  0.05105 -2.93960e-02
178  0.11966  1.31819e-02 |179  0.32135 -2.52217e-02 |180  0.27252  3.51948e-02
181  0.00555 -2.77148e-02 |182  0.00909  2.96560e-02 |183 -0.15019  6.88683e-02
184 -0.12573  2.36276e-02 |185  0.01340  8.27148e-04 |186  0.39318 -1.19752e-02
187  0.01864 -8.30932e-03 |188 -0.15438 -4.57041e-03 |189  0.09930 -7.91632e-03
190  0.16364  7.59134e-02 |191  0.21869 -3.57783e-03 |192  0.25726 -1.34984e-01
193  0.02453 -1.31347e-02 |194 -0.00644  3.47077e-02 |195 -0.17631  3.15584e-02
196 -0.11433 -1.24217e-01 |197 -0.55431  3.56971e-03 |198  0.17105  1.52751e-02
199  0.09515  2.65343e-01 |200 -0.25354  9.09630e-02 |
200 variables; iteration 80; function evaluation 86; phase 4
Function value 7.3339506e+03; maximum gradient component mag -5.9156e-03
Var    Value     Gradient |Var    Value     Gradient |Var    Value     Gradient
  1 -0.42335  9.58848e-05 |  2  0.37109  1.08356e-04 |  3 -0.12612  7.31383e-04
  4 -0.01319 -6.62782e-04 |  5 -0.70911 -4.75080e-04 |  6 -0.60421  1.24430e-04
  7  0.37625 -2.27686e-04 |  8 -0.18521  4.23922e-04 |  9  0.03403  6.30394e-05
 10 -0.60951 -1.59251e-03 | 11 -0.62338  2.00370e-04 | 12 -0.09189  5.97415e-04
 13 -0.01015  1.33005e-04 | 14 -0.01037  1.35713e-04 | 15 -0.01059  1.39818e-04
 16 -0.01080  1.45398e-04 | 17 -0.01101  1.52498e-04 | 18 -0.01121  1.61096e-04
 19 -0.01140  1.71120e-04 | 20 -0.01159  1.82444e-04 | 21 -0.01176  1.94885e-04
 22 -0.01193  2.08210e-04 | 23 -0.01208  2.22146e-04 | 24 -0.01222  2.36383e-04
 25 -0.01234  2.50586e-04 | 26 -0.01245  2.64399e-04 | 27 -0.01253  2.77444e-04
 28 -0.01260  2.89319e-04 | 29 -0.01264  2.99609e-04 | 30 -0.01267  3.07900e-04
 31 -0.01266  3.13840e-04 | 32 -0.01263  3.17122e-04 | 33 -0.01258  3.17529e-04
 34 -0.01249  3.14948e-04 | 35 -0.01238  3.09394e-04 | 36 -0.01223  3.01011e-04
 37 -0.01204  2.90057e-04 | 38 -0.01182  2.76866e-04 | 39 -0.01156  2.61759e-04
 40 -0.01126  2.44928e-04 | 41 -0.01092  2.26467e-04 | 42 -0.01054  2.06112e-04
 43 -0.01013  1.83337e-04 | 44 -0.00969  1.57410e-04 | 45 -0.00923  1.27606e-04
 46 -0.00874  9.35841e-05 | 47 -0.00825  5.57874e-05 | 48 -0.00776  1.56624e-05
 49 -0.00728 -2.44249e-05 | 50 -0.00683 -6.16356e-05 | 51 -0.00641 -9.33014e-05
 52 -0.00604 -1.17517e-04 | 53 -0.00571 -1.33471e-04 | 54 -0.00543 -1.41327e-04
 55 -0.00518 -1.41780e-04 | 56 -0.00496 -1.35676e-04 | 57 -0.00475 -1.23950e-04
 58 -0.00451 -1.07972e-04 | 59 -0.00422 -9.05256e-05 | 60 -0.00386 -7.70363e-05
 61 -0.00340 -7.72564e-05 | 62 -0.00279 -1.06091e-04 | 63 -0.00201 -1.80848e-04
 64 -0.00102 -3.09487e-04 | 65  0.00021 -4.66750e-04 | 66  0.00171 -5.75294e-04
 67  0.00350 -5.43846e-04 | 68  0.00561 -4.11275e-04 | 69  0.00803 -4.14764e-04
 70  0.01077 -5.86481e-04 | 71  0.01379 -4.24726e-04 | 72  0.01704 -1.52004e-05
 73  0.02040  1.21044e-04 | 74  0.02375  1.27931e-04 | 75  0.02688 -1.56848e-03
 76  0.02958 -2.03726e-03 | 77  0.03168  1.59818e-04 | 78  0.03301  4.02453e-04
 79  0.03356 -3.49112e-04 | 80  0.03342 -1.77081e-04 | 81  0.03269  7.19905e-04
 82  0.03142  1.61604e-03 | 83  0.02956  1.35113e-03 | 84  0.02700 -7.03652e-04
 85  0.02374 -5.17164e-04 | 86  0.01993  6.02891e-04 | 87  0.01595  1.52639e-04
 88  0.01232  9.85263e-04 | 89  0.00946  9.25416e-04 | 90  0.00752  8.51464e-04
 91  0.00627  9.90480e-04 | 92  0.00533  1.07676e-03 | 93  0.00457  9.75771e-04
 94  0.00445  6.80418e-04 | 95  0.00509  2.66167e-04 | 96  0.00531 -1.41712e-04
 97  0.00699 -4.04867e-04 | 98  0.00956 -7.29356e-04 | 99  0.01353 -8.79045e-04
100  0.01364 -6.18623e-04 |101  0.01240 -4.26185e-04 |102  0.01073  1.96458e-04
103  0.00271  7.63696e-04 |104  0.00358  1.28075e-03 |105  0.02295  2.02959e-03
106  0.02143  7.68551e-04 |107 -0.00263  2.32041e-03 |108  0.01584  1.28130e-03
109  0.08389 -1.96211e-03 |110  0.02833 -1.42555e-03 |111 -0.01440 -2.57390e-04
112  0.00444  9.95256e-04 |113  0.01954  1.26399e-03 |114  0.03885 -1.00670e-03
115  0.00302 -4.45583e-03 |116 -0.06231  1.08795e-03 |117 -0.07876  7.49989e-04
118 -0.07714 -3.65247e-03 |119 -0.03441  1.20412e-04 |120  0.06994  2.97112e-03
121  0.02378 -2.67125e-03 |122  0.01394 -2.16231e-03 |123 -0.02780  4.17029e-04
124 -0.06703 -2.49339e-03 |125 -0.00639 -1.49298e-04 |126  0.00471 -2.31927e-03
127 -0.02719  1.83663e-04 |128  0.02830  7.90704e-04 |129  0.07357  3.37928e-03
130  0.01048 -7.16246e-04 |131  0.08265 -1.45966e-03 |132  0.00582 -8.05572e-04
133  0.13296  2.30764e-03 |134 -0.00526 -1.92030e-03 |135 -0.04642  1.02314e-04
136 -0.05667 -4.92552e-05 |137 -0.02190 -1.70662e-03 |138  0.09425 -1.17791e-03
139  0.03193  6.06749e-04 |140  0.01687 -5.28277e-05 |141 -0.02797  6.40127e-04
142 -0.01758 -1.25896e-03 |143 -0.00587 -5.81321e-05 |144 -0.00040 -3.16174e-05
145  0.27549  4.10116e-04 |146  0.18650 -1.66546e-03 |147  0.04656  2.79477e-03
148  0.29672  1.14821e-03 |149  0.01640 -3.22246e-03 |150 -0.11481  5.97270e-05
151 -0.47548 -6.28531e-04 |152  0.31380  1.14654e-03 |153  0.04879 -7.88035e-04
154 -0.23507  1.56010e-04 |155  0.18243 -1.02490e-03 |156  0.25986 -5.11275e-04
157  0.17454 -1.84862e-03 |158  0.25418 -1.15423e-03 |159  0.00590 -4.70209e-04
160 -0.09830  1.17561e-04 |161  0.10338  1.52966e-04 |162  0.29676  1.28007e-04
163  0.16886 -1.43523e-03 |164  0.24622 -7.11304e-04 |165 -0.35199  6.13273e-05
166  0.24280 -1.04326e-04 |167  0.05277 -6.01592e-05 |168 -0.18764 -5.73290e-04
169  0.20263 -3.70874e-04 |170  0.31674  2.60330e-04 |171  0.07774  5.04818e-05
172 -0.53225 -3.40387e-05 |173 -0.38062  4.42647e-04 |174  0.23600  3.79289e-04
175  0.07828  7.36964e-04 |176 -0.12202  2.97563e-05 |177  0.05110  4.51255e-03
178  0.11965 -2.03869e-03 |179  0.32138  2.72566e-03 |180  0.27251 -5.12252e-04
181  0.00554  3.25387e-03 |182  0.00909  3.52705e-03 |183 -0.15023 -5.91560e-03
184 -0.12574 -9.64086e-04 |185  0.01340  7.47826e-04 |186  0.39319 -5.20651e-03
187  0.01864 -2.18129e-03 |188 -0.15438 -6.58879e-04 |189  0.09929 -1.96404e-04
190  0.16364 -1.43752e-03 |191  0.21869 -3.80785e-05 |192  0.25726 -4.70229e-04
193  0.02453  7.42152e-05 |194 -0.00645  2.03242e-03 |195 -0.17631 -2.33625e-04
196 -0.11433 -5.30591e-04 |197 -0.55409 -4.02060e-04 |198  0.17113  1.24098e-03
199  0.09514  8.22342e-04 |200 -0.25352 -1.48615e-04 |

 - final statistics:
200 variables; iteration 90; function evaluation 102
Function value 7.3340e+03; maximum gradient component mag 7.8559e-04
Exit code = 1;  converg criter 1.0000e-03
Var    Value     Gradient |Var    Value     Gradient |Var    Value     Gradient
  1 -0.42335  1.72445e-05 |  2  0.37109  7.10276e-06 |  3 -0.12612  8.58682e-05
  4 -0.01319 -3.57140e-05 |  5 -0.70911 -8.59427e-05 |  6 -0.60421  2.56511e-05
  7  0.37625 -7.84766e-06 |  8 -0.18521  5.25495e-05 |  9  0.03403  4.80626e-06
 10 -0.60951 -7.74027e-05 | 11 -0.62338  2.39695e-05 | 12 -0.09189  7.51174e-05
 13 -0.01015 -2.10121e-05 | 14 -0.01037 -2.09909e-05 | 15 -0.01059 -2.09911e-05
 16 -0.01080 -2.10000e-05 | 17 -0.01101 -2.10033e-05 | 18 -0.01121 -2.09865e-05
 19 -0.01140 -2.09352e-05 | 20 -0.01159 -2.08370e-05 | 21 -0.01176 -2.06820e-05
 22 -0.01193 -2.04635e-05 | 23 -0.01208 -2.01786e-05 | 24 -0.01222 -1.98281e-05
 25 -0.01234 -1.94167e-05 | 26 -0.01245 -1.89528e-05 | 27 -0.01253 -1.84483e-05
 28 -0.01260 -1.79173e-05 | 29 -0.01265 -1.73746e-05 | 30 -0.01267 -1.68329e-05
 31 -0.01266 -1.63007e-05 | 32 -0.01263 -1.57810e-05 | 33 -0.01258 -1.52698e-05
 34 -0.01249 -1.47543e-05 | 35 -0.01238 -1.42119e-05 | 36 -0.01223 -1.36098e-05
 37 -0.01204 -1.29055e-05 | 38 -0.01182 -1.20480e-05 | 39 -0.01156 -1.09800e-05
 40 -0.01126 -9.63735e-06 | 41 -0.01092 -7.95315e-06 | 42 -0.01054 -5.84994e-06
 43 -0.01013 -3.23905e-06 | 44 -0.00969 -2.14377e-08 | 45 -0.00923  3.90113e-06
 46 -0.00874  8.59298e-06 | 47 -0.00825  1.40327e-05 | 48 -0.00776  2.00601e-05
 49 -0.00728  2.63471e-05 | 50 -0.00683  3.24265e-05 | 51 -0.00641  3.77753e-05
 52 -0.00604  4.19305e-05 | 53 -0.00571  4.45876e-05 | 54 -0.00543  4.56300e-05
 55 -0.00518  4.50763e-05 | 56 -0.00496  4.30072e-05 | 57 -0.00475  3.95241e-05
 58 -0.00451  3.47726e-05 | 59 -0.00422  2.90959e-05 | 60 -0.00386  2.32795e-05
 61 -0.00340  1.89926e-05 | 62 -0.00279  1.92763e-05 | 63 -0.00201  2.85886e-05
 64 -0.00102  5.08410e-05 | 65  0.00021  8.31944e-05 | 66  0.00171  1.07167e-04
 67  0.00350  9.18400e-05 | 68  0.00561  3.61769e-05 | 69  0.00803  1.28918e-05
 70  0.01077  5.64326e-05 | 71  0.01379  1.80973e-05 | 72  0.01703 -8.68995e-05
 73  0.02040 -9.94905e-05 | 74  0.02375 -7.52454e-05 | 75  0.02688  3.82350e-05
 76  0.02959 -9.82270e-05 | 77  0.03167  1.48904e-05 | 78  0.03300  5.00148e-05
 79  0.03356 -1.25600e-04 | 80  0.03342 -1.21482e-04 | 81  0.03269  1.14391e-05
 82  0.03142  7.11396e-05 | 83  0.02956 -3.28773e-05 | 84  0.02701 -1.54947e-05
 85  0.02375  7.12040e-05 | 86  0.01993 -3.72510e-05 | 87  0.01595  1.32369e-04
 88  0.01232 -3.86514e-05 | 89  0.00946  3.01193e-05 | 90  0.00752  6.36975e-05
 91  0.00627  2.80746e-05 | 92  0.00533  7.03109e-06 | 93  0.00456  2.75976e-05
 94  0.00445  7.22105e-05 | 95  0.00509  1.17199e-04 | 96  0.00532  1.51319e-04
 97  0.00699  1.03580e-04 | 98  0.00957  8.96151e-05 | 99  0.01353  1.04899e-04
100  0.01365  4.08838e-05 |101  0.01240  7.38276e-05 |102  0.01073  7.84292e-05
103  0.00271  1.41880e-04 |104  0.00358  2.36861e-06 |105  0.02295 -1.01955e-04
106  0.02144 -8.30479e-05 |107 -0.00263  3.86487e-05 |108  0.01583 -2.04317e-04
109  0.08390  1.87198e-04 |110  0.02833 -9.46273e-06 |111 -0.01440  2.62490e-04
112  0.00444 -4.56372e-05 |113  0.01954 -1.20824e-04 |114  0.03885 -1.83224e-04
115  0.00303  5.94694e-05 |116 -0.06232  7.25294e-05 |117 -0.07876 -2.37762e-04
118 -0.07714 -3.32786e-04 |119 -0.03441 -1.49052e-04 |120  0.06994  5.13600e-04
121  0.02378 -4.96826e-04 |122  0.01394 -4.49404e-04 |123 -0.02780  7.85590e-04
124 -0.06703 -1.77026e-04 |125 -0.00639 -2.08982e-04 |126  0.00471 -2.29327e-04
127 -0.02719  7.25350e-05 |128  0.02830  1.09762e-05 |129  0.07357  3.22768e-04
130  0.01049  3.20614e-04 |131  0.08265  1.15553e-07 |132  0.00582 -8.29106e-05
133  0.13296  1.21578e-04 |134 -0.00525 -1.79572e-04 |135 -0.04642 -1.52891e-04
136 -0.05667 -1.29173e-04 |137 -0.02189 -4.14142e-04 |138  0.09425 -6.06652e-05
139  0.03193 -4.31017e-05 |140  0.01687 -1.46630e-05 |141 -0.02797  4.52982e-04
142 -0.01758 -1.98764e-04 |143 -0.00587  2.24604e-05 |144 -0.00040  1.00772e-05
145  0.27549 -1.52357e-04 |146  0.18651  1.36738e-04 |147  0.04656  2.81587e-04
148  0.29672  1.15946e-04 |149  0.01640 -3.34218e-04 |150 -0.11481  1.73295e-05
151 -0.47549  1.93720e-05 |152  0.31378  2.58527e-05 |153  0.04880 -6.55940e-05
154 -0.23507 -2.93340e-04 |155  0.18244  6.41517e-05 |156  0.25986  2.91454e-05
157  0.17454 -2.67489e-04 |158  0.25418 -1.64188e-04 |159  0.00589  3.41283e-05
160 -0.09830  2.82867e-06 |161  0.10338 -5.81422e-04 |162  0.29676 -2.41125e-04
163  0.16886 -1.70794e-04 |164  0.24622 -8.83214e-05 |165 -0.35199 -2.22320e-04
166  0.24280 -6.90289e-05 |167  0.05277  5.26305e-05 |168 -0.18764 -3.67214e-05
169  0.20264  6.85831e-05 |170  0.31674  4.13510e-05 |171  0.07774 -5.38257e-06
172 -0.53221 -3.13939e-05 |173 -0.38063 -4.16156e-06 |174  0.23600  1.94459e-05
175  0.07828  7.83999e-05 |176 -0.12202  1.64405e-06 |177  0.05109  2.11045e-04
178  0.11966 -1.78617e-04 |179  0.32137  1.75504e-04 |180  0.27251 -4.39579e-05
181  0.00555  4.63195e-04 |182  0.00909  3.02816e-04 |183 -0.15023 -5.86737e-04
184 -0.12574 -9.40881e-05 |185  0.01339 -2.15588e-05 |186  0.39319 -4.08756e-04
187  0.01865 -7.21622e-05 |188 -0.15438 -1.24359e-04 |189  0.09929 -2.55840e-05
190  0.16364 -1.57261e-04 |191  0.21869 -5.18770e-07 |192  0.25726 -2.61319e-05
193  0.02453  1.67528e-06 |194 -0.00645  1.92793e-04 |195 -0.17631 -3.09389e-05
196 -0.11433 -5.15787e-05 |197 -0.55409  2.53736e-05 |198  0.17113  6.07047e-05
199  0.09513 -9.83151e-05 |200 -0.25353  8.88015e-05 |

 - final statistics:
213 variables; iteration 0; function evaluation 0
Function value 7.3340e+03; maximum gradient component mag 7.8559e-04
Exit code = 0;  converg criter 1.0000e-03
Var    Value     Gradient |Var    Value     Gradient |Var    Value     Gradient
  1 -0.42335  1.72445e-05 |  2  0.37109  7.10275e-06 |  3 -0.12612  8.58682e-05
  4 -0.01319 -3.57141e-05 |  5 -0.70911 -8.59427e-05 |  6 -0.60421  2.56512e-05
  7  0.37625 -7.84766e-06 |  8 -0.18521  5.25495e-05 |  9  0.03403  4.80626e-06
 10 -0.60951 -7.74027e-05 | 11 -0.62338  2.39695e-05 | 12 -0.09189  7.51174e-05
 13 -0.01015 -2.10121e-05 | 14 -0.01037 -2.09909e-05 | 15 -0.01059 -2.09911e-05
 16 -0.01080 -2.10000e-05 | 17 -0.01101 -2.10033e-05 | 18 -0.01121 -2.09865e-05
 19 -0.01140 -2.09352e-05 | 20 -0.01159 -2.08370e-05 | 21 -0.01176 -2.06820e-05
 22 -0.01193 -2.04635e-05 | 23 -0.01208 -2.01786e-05 | 24 -0.01222 -1.98281e-05
 25 -0.01234 -1.94167e-05 | 26 -0.01245 -1.89528e-05 | 27 -0.01253 -1.84483e-05
 28 -0.01260 -1.79173e-05 | 29 -0.01265 -1.73746e-05 | 30 -0.01267 -1.68329e-05
 31 -0.01266 -1.63007e-05 | 32 -0.01263 -1.57810e-05 | 33 -0.01258 -1.52698e-05
 34 -0.01249 -1.47543e-05 | 35 -0.01238 -1.42119e-05 | 36 -0.01223 -1.36098e-05
 37 -0.01204 -1.29055e-05 | 38 -0.01182 -1.20480e-05 | 39 -0.01156 -1.09800e-05
 40 -0.01126 -9.63735e-06 | 41 -0.01092 -7.95315e-06 | 42 -0.01054 -5.84994e-06
 43 -0.01013 -3.23905e-06 | 44 -0.00969 -2.14377e-08 | 45 -0.00923  3.90113e-06
 46 -0.00874  8.59298e-06 | 47 -0.00825  1.40327e-05 | 48 -0.00776  2.00601e-05
 49 -0.00728  2.63471e-05 | 50 -0.00683  3.24265e-05 | 51 -0.00641  3.77753e-05
 52 -0.00604  4.19305e-05 | 53 -0.00571  4.45876e-05 | 54 -0.00543  4.56300e-05
 55 -0.00518  4.50763e-05 | 56 -0.00496  4.30072e-05 | 57 -0.00475  3.95241e-05
 58 -0.00451  3.47726e-05 | 59 -0.00422  2.90959e-05 | 60 -0.00386  2.32795e-05
 61 -0.00340  1.89926e-05 | 62 -0.00279  1.92763e-05 | 63 -0.00201  2.85886e-05
 64 -0.00102  5.08410e-05 | 65  0.00021  8.31944e-05 | 66  0.00171  1.07167e-04
 67  0.00350  9.18400e-05 | 68  0.00561  3.61769e-05 | 69  0.00803  1.28918e-05
 70  0.01077  5.64326e-05 | 71  0.01379  1.80973e-05 | 72  0.01703 -8.68995e-05
 73  0.02040 -9.94905e-05 | 74  0.02375 -7.52454e-05 | 75  0.02688  3.82350e-05
 76  0.02959 -9.82270e-05 | 77  0.03167  1.48904e-05 | 78  0.03300  5.00148e-05
 79  0.03356 -1.25600e-04 | 80  0.03342 -1.21482e-04 | 81  0.03269  1.14391e-05
 82  0.03142  7.11396e-05 | 83  0.02956 -3.28773e-05 | 84  0.02701 -1.54947e-05
 85  0.02375  7.12040e-05 | 86  0.01993 -3.72510e-05 | 87  0.01595  1.32369e-04
 88  0.01232 -3.86514e-05 | 89  0.00946  3.01193e-05 | 90  0.00752  6.36975e-05
 91  0.00627  2.80746e-05 | 92  0.00533  7.03109e-06 | 93  0.00456  2.75976e-05
 94  0.00445  7.22105e-05 | 95  0.00509  1.17199e-04 | 96  0.00532  1.51319e-04
 97  0.00699  1.03580e-04 | 98  0.00957  8.96151e-05 | 99  0.01353  1.04899e-04
100  0.01365  4.08838e-05 |101  0.01240  7.38276e-05 |102  0.01073  7.84292e-05
103  0.00271  1.41880e-04 |104  0.00358  2.36861e-06 |105  0.02295 -1.01955e-04
106  0.02144 -8.30479e-05 |107 -0.00263  3.86487e-05 |108  0.01583 -2.04317e-04
109  0.08390  1.87198e-04 |110  0.02833 -9.46273e-06 |111 -0.01440  2.62490e-04
112  0.00444 -4.56372e-05 |113  0.01954 -1.20824e-04 |114  0.03885 -1.83224e-04
115  0.00303  5.94694e-05 |116 -0.06232  7.25294e-05 |117 -0.07876 -2.37762e-04
118 -0.07714 -3.32786e-04 |119 -0.03441 -1.49052e-04 |120  0.06994  5.13600e-04
121  0.02378 -4.96826e-04 |122  0.01394 -4.49404e-04 |123 -0.02780  7.85590e-04
124 -0.06703 -1.77026e-04 |125 -0.00639 -2.08982e-04 |126  0.00471 -2.29327e-04
127 -0.02719  7.25350e-05 |128  0.02830  1.09762e-05 |129  0.07357  3.22768e-04
130  0.01049  3.20614e-04 |131  0.08265  1.15553e-07 |132  0.00582 -8.29106e-05
133  0.13296  1.21578e-04 |134 -0.00525 -1.79572e-04 |135 -0.04642 -1.52891e-04
136 -0.05667 -1.29173e-04 |137 -0.02189 -4.14142e-04 |138  0.09425 -6.06652e-05
139  0.03193 -4.31017e-05 |140  0.01687 -1.46630e-05 |141 -0.02797  4.52982e-04
142 -0.01758 -1.98764e-04 |143 -0.00587  2.24604e-05 |144 -0.00040  1.00772e-05
145  0.00000  0.00000e+00 |146  0.00000  0.00000e+00 |147  0.00000  0.00000e+00
148  0.00000  0.00000e+00 |149  0.00000  0.00000e+00 |150  0.00000  0.00000e+00
151  0.00000  0.00000e+00 |152  0.00000  0.00000e+00 |153  0.00000  0.00000e+00
154  0.00000  0.00000e+00 |155  0.00000  0.00000e+00 |156  0.00000  0.00000e+00
157  0.00000  0.00000e+00 |158  0.27549 -1.52357e-04 |159  0.18651  1.36738e-04
160  0.04656  2.81587e-04 |161  0.29672  1.15946e-04 |162  0.01640 -3.34218e-04
163 -0.11481  1.73295e-05 |164 -0.47549  1.93720e-05 |165  0.31378  2.58527e-05
166  0.04880 -6.55940e-05 |167 -0.23507 -2.93340e-04 |168  0.18244  6.41517e-05
169  0.25986  2.91454e-05 |170  0.17454 -2.67489e-04 |171  0.25418 -1.64188e-04
172  0.00589  3.41283e-05 |173 -0.09830  2.82867e-06 |174  0.10338 -5.81422e-04
175  0.29676 -2.41125e-04 |176  0.16886 -1.70794e-04 |177  0.24622 -8.83214e-05
178 -0.35199 -2.22320e-04 |179  0.24280 -6.90289e-05 |180  0.05277  5.26305e-05
181 -0.18764 -3.67214e-05 |182  0.20264  6.85831e-05 |183  0.31674  4.13510e-05
184  0.07774 -5.38257e-06 |185 -0.53221 -3.13939e-05 |186 -0.38063 -4.16156e-06
187  0.23600  1.94459e-05 |188  0.07828  7.83999e-05 |189 -0.12202  1.64405e-06
190  0.05109  2.11045e-04 |191  0.11966 -1.78617e-04 |192  0.32137  1.75504e-04
193  0.27251 -4.39579e-05 |194  0.00555  4.63195e-04 |195  0.00909  3.02816e-04
196 -0.15023 -5.86737e-04 |197 -0.12574 -9.40881e-05 |198  0.01339 -2.15588e-05
199  0.39319 -4.08756e-04 |200  0.01865 -7.21622e-05 |201 -0.15438 -1.24359e-04
202  0.09929 -2.55840e-05 |203  0.16364 -1.57262e-04 |204  0.21869 -5.18770e-07
205  0.25726 -2.61319e-05 |206  0.02453  1.67528e-06 |207 -0.00645  1.92793e-04
208 -0.17631 -3.09389e-05 |209 -0.11433 -5.15787e-05 |210 -0.55409  2.53736e-05
211  0.17113  6.07047e-05 |212  0.09513 -9.83151e-05 |213 -0.25353  8.88015e-05
size of file gradfil1.tmp = 0
size of file gradfil2.tmp = 0
size of file varssave.tmp = 0
size of file cmpdiff.tmp = 1000000040
