
Initial statistics: 136 variables; iteration 0; function evaluation 0; phase 1
Function value 7.2507695e+03; maximum gradient component mag 3.0759e+01
Var    Value     Gradient |Var    Value     Gradient |Var    Value     Gradient
  1 -0.42335  3.07594e+01 |  2 -0.09168 -4.31879e+00 |  3 -0.01012 -6.74589e-02
  4 -0.01034 -6.94332e-02 |  5 -0.01056 -7.14574e-02 |  6 -0.01077 -7.35422e-02
  7 -0.01098 -7.56914e-02 |  8 -0.01118 -7.78940e-02 |  9 -0.01137 -8.01609e-02
 10 -0.01156 -8.24969e-02 | 11 -0.01173 -8.48944e-02 | 12 -0.01190 -8.73647e-02
 13 -0.01205 -8.99191e-02 | 14 -0.01219 -9.25442e-02 | 15 -0.01231 -9.52553e-02
 16 -0.01242 -9.80525e-02 | 17 -0.01251 -1.00940e-01 | 18 -0.01257 -1.03915e-01
 19 -0.01262 -1.06988e-01 | 20 -0.01264 -1.10158e-01 | 21 -0.01264 -1.13437e-01
 22 -0.01261 -1.16839e-01 | 23 -0.01256 -1.20369e-01 | 24 -0.01247 -1.24038e-01
 25 -0.01236 -1.27858e-01 | 26 -0.01221 -1.31820e-01 | 27 -0.01203 -1.35932e-01
 28 -0.01181 -1.40190e-01 | 29 -0.01155 -1.44597e-01 | 30 -0.01125 -1.49147e-01
 31 -0.01091 -1.53869e-01 | 32 -0.01054 -1.58775e-01 | 33 -0.01013 -1.63869e-01
 34 -0.00969 -1.69167e-01 | 35 -0.00923 -1.74678e-01 | 36 -0.00875 -1.80397e-01
 37 -0.00826 -1.86346e-01 | 38 -0.00778 -1.92523e-01 | 39 -0.00731 -1.98942e-01
 40 -0.00686 -2.05592e-01 | 41 -0.00645 -2.12438e-01 | 42 -0.00608 -2.19445e-01
 43 -0.00576 -2.26580e-01 | 44 -0.00548 -2.33833e-01 | 45 -0.00524 -2.41250e-01
 46 -0.00503 -2.48906e-01 | 47 -0.00482 -2.56845e-01 | 48 -0.00458 -2.65130e-01
 49 -0.00430 -2.73884e-01 | 50 -0.00394 -2.83162e-01 | 51 -0.00348 -2.93066e-01
 52 -0.00287 -3.03745e-01 | 53 -0.00209 -3.15284e-01 | 54 -0.00109 -3.27885e-01
 55  0.00014 -3.41631e-01 | 56  0.00165 -3.56977e-01 | 57  0.00344 -3.74032e-01
 58  0.00556 -3.92933e-01 | 59  0.00799 -4.13954e-01 | 60  0.01073 -4.37257e-01
 61  0.01376 -4.62956e-01 | 62  0.01701 -4.90967e-01 | 63  0.02039 -5.21173e-01
 64  0.02374 -5.53127e-01 | 65  0.02688 -5.86036e-01 | 66  0.02959 -6.18730e-01
 67  0.03167 -6.49933e-01 | 68  0.03301 -6.78499e-01 | 69  0.03356 -7.03701e-01
 70  0.03342 -7.25132e-01 | 71  0.03269 -7.43002e-01 | 72  0.03142 -7.56554e-01
 73  0.02955 -7.65133e-01 | 74  0.02701 -7.67350e-01 | 75  0.02374 -7.62543e-01
 76  0.01993 -7.51006e-01 | 77  0.01595 -7.34558e-01 | 78  0.01232 -7.15275e-01
 79  0.00947 -6.94810e-01 | 80  0.00753 -6.72583e-01 | 81  0.00629 -6.46235e-01
 82  0.00535 -6.11895e-01 | 83  0.00459 -5.66977e-01 | 84  0.00449 -5.11118e-01
 85  0.00513 -4.41236e-01 | 86  0.00537 -3.49723e-01 | 87  0.00705 -2.38050e-01
 88  0.00963 -9.79790e-02 | 89  0.01361  7.84598e-02 | 90  0.01372  2.90935e-01
 91  0.01248  5.30789e-01 | 92  0.01080  7.91684e-01 | 93  0.00276  1.01436e+00
 94  0.00363  1.29834e+00 | 95  0.02300  1.80939e+00 | 96  0.02148  2.02031e+00
 97 -0.00261  1.77386e+00 | 98  0.01586  2.01429e+00 | 99  0.08394  3.01876e+00
100  0.02835  1.48233e+00 |101 -0.01439  5.37982e-01 |102  0.00446 -1.65452e-01
103  0.01955 -1.21805e+00 |104  0.03886 -2.60483e+00 |105  0.00304 -2.49470e+00
106 -0.06231 -8.39597e-01 |107 -0.07875  2.06139e+00 |108 -0.07712  6.87876e+00
109 -0.03440  1.27241e+01 |110  0.06997  1.64962e+01 |111  0.02382  3.25945e+00
112  0.01399  1.71320e+00 |113 -0.02776  1.87613e+00 |114 -0.06698 -1.10142e+00
115 -0.00633 -4.26749e+00 |116  0.00477 -1.59774e+00 |117 -0.02715 -8.09452e+00
118  0.02836 -4.27560e+00 |119  0.07361 -7.55521e+00 |120  0.01051 -3.74160e+00
121  0.08266 -4.95471e+00 |122  0.00582 -2.68989e+00 |123  0.13296 -4.31718e-01
124 -0.00525  7.36900e-01 |125 -0.04642 -3.68508e+00 |126 -0.05667 -2.93405e+00
127 -0.02189 -3.06952e+00 |128  0.09425  5.58561e+00 |129  0.03193  7.15359e+00
130  0.01687  4.43054e+00 |131 -0.02797  1.77806e+00 |132 -0.01758  6.79781e-01
133 -0.00587  1.35126e-02 |134 -0.00040 -9.84060e-02 |135  0.27523 -6.12629e-05
136  0.18628  3.94426e-04 |

Intermediate statistics: 136 variables; iteration 20; function evaluation 25; phase 1
Function value 7.2503018e+03; maximum gradient component mag 1.3498e+01
Var    Value     Gradient |Var    Value     Gradient |Var    Value     Gradient
  1 -0.42405  1.34978e+01 |  2 -0.08605  3.58404e+00 |  3 -0.01022 -4.29993e-02
  4 -0.01044 -4.45068e-02 |  5 -0.01066 -4.60563e-02 |  6 -0.01088 -4.76493e-02
  7 -0.01109 -4.92853e-02 |  8 -0.01130 -5.09592e-02 |  9 -0.01149 -5.26718e-02
 10 -0.01168 -5.44214e-02 | 11 -0.01186 -5.62029e-02 | 12 -0.01203 -5.80160e-02
 13 -0.01218 -5.98602e-02 | 14 -0.01232 -6.17281e-02 | 15 -0.01245 -6.36206e-02
 16 -0.01256 -6.55344e-02 | 17 -0.01265 -6.74679e-02 | 18 -0.01272 -6.94166e-02
 19 -0.01277 -7.13793e-02 | 20 -0.01279 -7.33503e-02 | 21 -0.01279 -7.53289e-02
 22 -0.01276 -7.73152e-02 | 23 -0.01271 -7.93084e-02 | 24 -0.01262 -8.13099e-02
 25 -0.01251 -8.33233e-02 | 26 -0.01236 -8.53463e-02 | 27 -0.01217 -8.73820e-02
 28 -0.01195 -8.94310e-02 | 29 -0.01169 -9.14972e-02 | 30 -0.01139 -9.35829e-02
 31 -0.01105 -9.57075e-02 | 32 -0.01067 -9.78889e-02 | 33 -0.01025 -1.00147e-01
 34 -0.00981 -1.02511e-01 | 35 -0.00934 -1.05008e-01 | 36 -0.00886 -1.07663e-01
 37 -0.00836 -1.10513e-01 | 38 -0.00787 -1.13585e-01 | 39 -0.00739 -1.16912e-01
 40 -0.00694 -1.20513e-01 | 41 -0.00652 -1.24394e-01 | 42 -0.00614 -1.28547e-01
 43 -0.00581 -1.32975e-01 | 44 -0.00553 -1.37704e-01 | 45 -0.00528 -1.42803e-01
 46 -0.00506 -1.48379e-01 | 47 -0.00484 -1.54550e-01 | 48 -0.00461 -1.61431e-01
 49 -0.00432 -1.69169e-01 | 50 -0.00396 -1.77887e-01 | 51 -0.00350 -1.87725e-01
 52 -0.00290 -1.98801e-01 | 53 -0.00212 -2.11222e-01 | 54 -0.00114 -2.25101e-01
 55  0.00008 -2.40450e-01 | 56  0.00157 -2.57502e-01 | 57  0.00334 -2.76216e-01
 58  0.00543 -2.96550e-01 | 59  0.00783 -3.18503e-01 | 60  0.01055 -3.41956e-01
 61  0.01354 -3.66767e-01 | 62  0.01675 -3.92650e-01 | 63  0.02009 -4.19139e-01
 64  0.02340 -4.45552e-01 | 65  0.02650 -4.70858e-01 | 66  0.02917 -4.93789e-01
 67  0.03121 -5.13154e-01 | 68  0.03251 -5.27977e-01 | 69  0.03303 -5.37538e-01
 70  0.03286 -5.41868e-01 | 71  0.03210 -5.40101e-01 | 72  0.03080 -5.32495e-01
 73  0.02893 -5.18000e-01 | 74  0.02638 -4.96153e-01 | 75  0.02313 -4.66273e-01
 76  0.01933 -4.28377e-01 | 77  0.01538 -3.83103e-01 | 78  0.01180 -3.31703e-01
 79  0.00899 -2.75364e-01 | 80  0.00710 -2.14243e-01 | 81  0.00592 -1.47720e-01
 82  0.00504 -7.49412e-02 | 83  0.00435  4.14663e-03 | 84  0.00431  8.91402e-02
 85  0.00502  1.79928e-01 | 86  0.00529  2.73975e-01 | 87  0.00700  3.74524e-01
 88  0.00957  4.82493e-01 | 89  0.01350  6.03782e-01 | 90  0.01356  7.15316e-01
 91  0.01222  8.19978e-01 | 92  0.01044  9.24287e-01 | 93  0.00237  9.90711e-01
 94  0.00324  1.13950e+00 | 95  0.02266  1.52346e+00 | 96  0.02139  1.73300e+00
 97 -0.00241  1.64053e+00 | 98  0.01641  2.05209e+00 | 99  0.08550  3.44477e+00
100  0.02958  1.91730e+00 |101 -0.01348  7.93665e-01 |102  0.00531  1.84929e-02
103  0.02045 -9.60948e-01 |104  0.04054 -1.86207e+00 |105  0.00603 -1.45377e+00
106 -0.05911 -3.42200e-01 |107 -0.07783  4.40649e-01 |108 -0.08106  1.75730e+00
109 -0.04035  5.03301e+00 |110  0.06912  7.74217e+00 |111  0.02745  8.61014e-01
112  0.01481 -3.51639e-01 |113 -0.02695  8.83322e-01 |114 -0.06495 -5.47373e-01
115  0.00050 -1.69044e+00 |116 -0.00209 -1.90200e+00 |117 -0.00832 -1.95303e+00
118  0.02302 -3.23376e+00 |119  0.08244 -2.57462e+00 |120  0.01093 -2.10012e+00
121  0.08834 -1.57181e+00 |122  0.01070 -6.93003e-01 |123  0.13580  3.49244e-01
124 -0.00324  9.92417e-01 |125 -0.03628 -2.20135e-01 |126 -0.04840 -2.03289e-02
127 -0.01285  1.89157e-01 |128  0.08008  8.01295e-01 |129  0.01158  7.92904e-01
130  0.00233  5.50451e-01 |131 -0.03203  1.19974e+00 |132 -0.02069 -7.15877e-02
133 -0.00658 -1.39384e-01 |134 -0.00005 -1.30999e-02 |135  0.26717  9.57267e-01
136  0.17964  2.03603e+00 |

 - final statistics:
136 variables; iteration 24; function evaluation 31
Function value 7.2502e+03; maximum gradient component mag 5.1622e+00
Exit code = 1;  converg criter 1.0000e+01
Var    Value     Gradient |Var    Value     Gradient |Var    Value     Gradient
  1 -0.42435  5.16216e+00 |  2 -0.08741  9.80133e-01 |  3 -0.01025 -4.20732e-02
  4 -0.01047 -4.28463e-02 |  5 -0.01069 -4.36136e-02 |  6 -0.01091 -4.43760e-02
  7 -0.01111 -4.51351e-02 |  8 -0.01132 -4.58913e-02 |  9 -0.01151 -4.66468e-02
 10 -0.01170 -4.74044e-02 | 11 -0.01187 -4.81666e-02 | 12 -0.01204 -4.89375e-02
 13 -0.01219 -4.97214e-02 | 14 -0.01233 -5.05224e-02 | 15 -0.01245 -5.13457e-02
 16 -0.01255 -5.21961e-02 | 17 -0.01264 -5.30785e-02 | 18 -0.01271 -5.39978e-02
 19 -0.01275 -5.49599e-02 | 20 -0.01277 -5.59712e-02 | 21 -0.01277 -5.70407e-02
 22 -0.01274 -5.81772e-02 | 23 -0.01268 -5.93901e-02 | 24 -0.01260 -6.06886e-02
 25 -0.01248 -6.20810e-02 | 26 -0.01233 -6.35742e-02 | 27 -0.01214 -6.51742e-02
 28 -0.01192 -6.68861e-02 | 29 -0.01166 -6.87146e-02 | 30 -0.01136 -7.06592e-02
 31 -0.01102 -7.27319e-02 | 32 -0.01064 -7.49342e-02 | 33 -0.01023 -7.72684e-02
 34 -0.00979 -7.97363e-02 | 35 -0.00932 -8.23371e-02 | 36 -0.00884 -8.50678e-02
 37 -0.00835 -8.79301e-02 | 38 -0.00786 -9.09226e-02 | 39 -0.00738 -9.40476e-02
 40 -0.00693 -9.73042e-02 | 41 -0.00652 -1.00682e-01 | 42 -0.00615 -1.04159e-01
 43 -0.00582 -1.07708e-01 | 44 -0.00555 -1.11299e-01 | 45 -0.00531 -1.14907e-01
 46 -0.00509 -1.18513e-01 | 47 -0.00488 -1.22090e-01 | 48 -0.00464 -1.25589e-01
 49 -0.00436 -1.28969e-01 | 50 -0.00400 -1.32158e-01 | 51 -0.00354 -1.35092e-01
 52 -0.00293 -1.37694e-01 | 53 -0.00215 -1.39888e-01 | 54 -0.00115 -1.41626e-01
 55  0.00008 -1.42817e-01 | 56  0.00159 -1.43536e-01 | 57  0.00339 -1.43698e-01
 58  0.00550 -1.43249e-01 | 59  0.00794 -1.42191e-01 | 60  0.01069 -1.40506e-01
 61  0.01372 -1.38266e-01 | 62  0.01698 -1.35718e-01 | 63  0.02035 -1.33023e-01
 64  0.02370 -1.30189e-01 | 65  0.02684 -1.26383e-01 | 66  0.02956 -1.20224e-01
 67  0.03166 -1.10792e-01 | 68  0.03302 -9.86042e-02 | 69  0.03360 -8.47742e-02
 70  0.03347 -7.43604e-02 | 71  0.03276 -6.14658e-02 | 72  0.03147 -5.36300e-02
 73  0.02960 -4.65892e-02 | 74  0.02702 -4.24572e-02 | 75  0.02374 -3.75328e-02
 76  0.01992 -3.02644e-02 | 77  0.01595 -2.11068e-02 | 78  0.01233 -1.35310e-02
 79  0.00947 -9.55286e-03 | 80  0.00750 -9.01176e-03 | 81  0.00624 -1.07308e-02
 82  0.00527 -1.34405e-02 | 83  0.00448 -1.60647e-02 | 84  0.00434 -1.75227e-02
 85  0.00496 -1.64495e-02 | 86  0.00516 -1.12548e-02 | 87  0.00681  1.10229e-04
 88  0.00936  2.08069e-02 | 89  0.01328  5.67371e-02 | 90  0.01336  1.07642e-01
 91  0.01209  1.77498e-01 | 92  0.01040  2.67982e-01 | 93  0.00244  3.66254e-01
 94  0.00342  5.17259e-01 | 95  0.02296  7.85218e-01 | 96  0.02173  9.53234e-01
 97 -0.00223  8.73414e-01 | 98  0.01621  9.13739e-01 | 99  0.08435  1.20090e+00
100  0.02864  4.94238e-01 |101 -0.01406  1.35328e-01 |102  0.00545  7.08656e-02
103  0.02127 -8.29745e-02 |104  0.04157 -4.59521e-01 |105  0.00640 -6.16614e-01
106 -0.05915 -2.79768e-01 |107 -0.07756  2.35149e-01 |108 -0.08146  7.75701e-01
109 -0.04331  2.05815e+00 |110  0.06642  3.20325e+00 |111  0.02887  2.19559e-01
112  0.01548 -2.34786e-01 |113 -0.02785  5.59069e-01 |114 -0.06451 -4.69080e-02
115  0.00132 -4.67758e-01 |116 -0.00101 -4.61670e-01 |117 -0.00816 -7.77519e-01
118  0.02534 -1.34901e+00 |119  0.08244 -9.39278e-01 |120  0.01277 -9.00494e-01
121  0.08971 -1.44268e-01 |122  0.01168 -1.24272e-01 |123  0.13563  2.16494e-01
124 -0.00417  6.05175e-01 |125 -0.03631 -1.86086e-01 |126 -0.04863 -2.86392e-02
127 -0.01373 -8.96320e-03 |128  0.07784  9.64364e-02 |129  0.00958  2.49733e-01
130  0.00091  2.74957e-01 |131 -0.03541  2.04842e-01 |132 -0.01931  3.68070e-01
133 -0.00572  6.86988e-02 |134 -0.00007 -1.61532e-02 |135  0.26880  3.65778e-01
136  0.18103  7.83440e-01 |

Initial statistics: 146 variables; iteration 0; function evaluation 0; phase 2
Function value 7.2502472e+03; maximum gradient component mag 3.1530e+01
Var    Value     Gradient |Var    Value     Gradient |Var    Value     Gradient
  1 -0.42435  5.16216e+00 |  2  0.37108 -1.25447e+01 |  3 -0.12611 -1.49679e+01
  4 -0.01318 -7.09679e+00 |  5 -0.70910 -1.56548e+00 |  6 -0.60422  1.01501e+01
  7  0.37624  5.52884e+00 |  8 -0.18520 -4.21639e+00 |  9  0.03404  4.05690e+00
 10 -0.60952 -1.88145e+00 | 11 -0.62338  3.15304e+01 | 12 -0.08741  9.80133e-01
 13 -0.01025 -4.20732e-02 | 14 -0.01047 -4.28463e-02 | 15 -0.01069 -4.36136e-02
 16 -0.01091 -4.43760e-02 | 17 -0.01111 -4.51351e-02 | 18 -0.01132 -4.58913e-02
 19 -0.01151 -4.66468e-02 | 20 -0.01170 -4.74044e-02 | 21 -0.01187 -4.81666e-02
 22 -0.01204 -4.89375e-02 | 23 -0.01219 -4.97214e-02 | 24 -0.01233 -5.05224e-02
 25 -0.01245 -5.13457e-02 | 26 -0.01255 -5.21961e-02 | 27 -0.01264 -5.30785e-02
 28 -0.01271 -5.39978e-02 | 29 -0.01275 -5.49599e-02 | 30 -0.01277 -5.59712e-02
 31 -0.01277 -5.70407e-02 | 32 -0.01274 -5.81772e-02 | 33 -0.01268 -5.93901e-02
 34 -0.01260 -6.06886e-02 | 35 -0.01248 -6.20810e-02 | 36 -0.01233 -6.35742e-02
 37 -0.01214 -6.51742e-02 | 38 -0.01192 -6.68861e-02 | 39 -0.01166 -6.87146e-02
 40 -0.01136 -7.06592e-02 | 41 -0.01102 -7.27319e-02 | 42 -0.01064 -7.49342e-02
 43 -0.01023 -7.72684e-02 | 44 -0.00979 -7.97363e-02 | 45 -0.00932 -8.23371e-02
 46 -0.00884 -8.50678e-02 | 47 -0.00835 -8.79301e-02 | 48 -0.00786 -9.09226e-02
 49 -0.00738 -9.40476e-02 | 50 -0.00693 -9.73042e-02 | 51 -0.00652 -1.00682e-01
 52 -0.00615 -1.04159e-01 | 53 -0.00582 -1.07708e-01 | 54 -0.00555 -1.11299e-01
 55 -0.00531 -1.14907e-01 | 56 -0.00509 -1.18513e-01 | 57 -0.00488 -1.22090e-01
 58 -0.00464 -1.25589e-01 | 59 -0.00436 -1.28969e-01 | 60 -0.00400 -1.32158e-01
 61 -0.00354 -1.35092e-01 | 62 -0.00293 -1.37694e-01 | 63 -0.00215 -1.39888e-01
 64 -0.00115 -1.41626e-01 | 65  0.00008 -1.42817e-01 | 66  0.00159 -1.43536e-01
 67  0.00339 -1.43698e-01 | 68  0.00550 -1.43249e-01 | 69  0.00794 -1.42191e-01
 70  0.01069 -1.40506e-01 | 71  0.01372 -1.38266e-01 | 72  0.01698 -1.35718e-01
 73  0.02035 -1.33023e-01 | 74  0.02370 -1.30189e-01 | 75  0.02684 -1.26383e-01
 76  0.02956 -1.20224e-01 | 77  0.03166 -1.10792e-01 | 78  0.03302 -9.86042e-02
 79  0.03360 -8.47742e-02 | 80  0.03347 -7.43604e-02 | 81  0.03276 -6.14658e-02
 82  0.03147 -5.36300e-02 | 83  0.02960 -4.65892e-02 | 84  0.02702 -4.24572e-02
 85  0.02374 -3.75328e-02 | 86  0.01992 -3.02644e-02 | 87  0.01595 -2.11068e-02
 88  0.01233 -1.35310e-02 | 89  0.00947 -9.55286e-03 | 90  0.00750 -9.01176e-03
 91  0.00624 -1.07308e-02 | 92  0.00527 -1.34405e-02 | 93  0.00448 -1.60647e-02
 94  0.00434 -1.75227e-02 | 95  0.00496 -1.64495e-02 | 96  0.00516 -1.12548e-02
 97  0.00681  1.10229e-04 | 98  0.00936  2.08069e-02 | 99  0.01328  5.67371e-02
100  0.01336  1.07642e-01 |101  0.01209  1.77498e-01 |102  0.01040  2.67982e-01
103  0.00244  3.66254e-01 |104  0.00342  5.17259e-01 |105  0.02296  7.85218e-01
106  0.02173  9.53234e-01 |107 -0.00223  8.73414e-01 |108  0.01621  9.13739e-01
109  0.08435  1.20090e+00 |110  0.02864  4.94238e-01 |111 -0.01406  1.35328e-01
112  0.00545  7.08656e-02 |113  0.02127 -8.29745e-02 |114  0.04157 -4.59521e-01
115  0.00640 -6.16614e-01 |116 -0.05915 -2.79768e-01 |117 -0.07756  2.35149e-01
118 -0.08146  7.75701e-01 |119 -0.04331  2.05815e+00 |120  0.06642  3.20325e+00
121  0.02887  2.19559e-01 |122  0.01548 -2.34786e-01 |123 -0.02785  5.59069e-01
124 -0.06451 -4.69080e-02 |125  0.00132 -4.67758e-01 |126 -0.00101 -4.61670e-01
127 -0.00816 -7.77519e-01 |128  0.02534 -1.34901e+00 |129  0.08244 -9.39278e-01
130  0.01277 -9.00494e-01 |131  0.08971 -1.44268e-01 |132  0.01168 -1.24272e-01
133  0.13563  2.16494e-01 |134 -0.00417  6.05175e-01 |135 -0.03631 -1.86086e-01
136 -0.04863 -2.86392e-02 |137 -0.01373 -8.96320e-03 |138  0.07784  9.64364e-02
139  0.00958  2.49733e-01 |140  0.00091  2.74957e-01 |141 -0.03541  2.04842e-01
142 -0.01931  3.68070e-01 |143 -0.00572  6.86988e-02 |144 -0.00007 -1.61532e-02
145  0.26880  3.65778e-01 |146  0.18103  7.83440e-01 |

Intermediate statistics: 146 variables; iteration 20; function evaluation 26; phase 2
Function value 7.2501992e+03; maximum gradient component mag -2.2170e+01
Var    Value     Gradient |Var    Value     Gradient |Var    Value     Gradient
  1 -0.42464 -1.93027e+00 |  2  0.37164 -2.21701e+01 |  3 -0.12512 -1.04019e+01
  4 -0.01501 -1.62720e+01 |  5 -0.70589 -9.57296e-01 |  6 -0.60476 -5.28621e+00
  7  0.37717  8.10437e+00 |  8 -0.18439  1.87352e+01 |  9  0.03219  1.00602e+01
 10 -0.60302 -5.99781e-01 | 11 -0.62490 -1.09583e+00 | 12 -0.08818 -6.94063e-01
 13 -0.01022  6.32821e-03 | 14 -0.01044  6.59100e-03 | 15 -0.01065  6.86714e-03
 16 -0.01087  7.15660e-03 | 17 -0.01107  7.45967e-03 | 18 -0.01128  7.77630e-03
 19 -0.01147  8.10627e-03 | 20 -0.01166  8.44938e-03 | 21 -0.01183  8.80539e-03
 22 -0.01200  9.17364e-03 | 23 -0.01215  9.55325e-03 | 24 -0.01229  9.94314e-03
 25 -0.01241  1.03414e-02 | 26 -0.01252  1.07460e-02 | 27 -0.01261  1.11548e-02
 28 -0.01267  1.15670e-02 | 29 -0.01272  1.19825e-02 | 30 -0.01274  1.24011e-02
 31 -0.01274  1.28206e-02 | 32 -0.01271  1.32372e-02 | 33 -0.01265  1.36461e-02
 34 -0.01257  1.40418e-02 | 35 -0.01245  1.44191e-02 | 36 -0.01230  1.47737e-02
 37 -0.01211  1.51031e-02 | 38 -0.01189  1.54064e-02 | 39 -0.01163  1.56836e-02
 40 -0.01133  1.59332e-02 | 41 -0.01098  1.61559e-02 | 42 -0.01061  1.63471e-02
 43 -0.01020  1.65019e-02 | 44 -0.00975  1.66145e-02 | 45 -0.00929  1.66787e-02
 46 -0.00880  1.66875e-02 | 47 -0.00831  1.66318e-02 | 48 -0.00782  1.64994e-02
 49 -0.00734  1.62756e-02 | 50 -0.00689  1.59469e-02 | 51 -0.00647  1.55060e-02
 52 -0.00610  1.49544e-02 | 53 -0.00577  1.43024e-02 | 54 -0.00549  1.35605e-02
 55 -0.00525  1.27329e-02 | 56 -0.00503  1.18244e-02 | 57 -0.00481  1.08473e-02
 58 -0.00457  9.81961e-03 | 59 -0.00429  8.76653e-03 | 60 -0.00392  7.71977e-03
 61 -0.00345  6.71509e-03 | 62 -0.00284  5.78539e-03 | 63 -0.00206  4.96930e-03
 64 -0.00106  4.30181e-03 | 65  0.00017  3.81880e-03 | 66  0.00168  3.55273e-03
 67  0.00348  3.53576e-03 | 68  0.00559  3.79896e-03 | 69  0.00802  4.36630e-03
 70  0.01076  5.25511e-03 | 71  0.01379  6.45972e-03 | 72  0.01704  7.92492e-03
 73  0.02041  9.61794e-03 | 74  0.02376  1.15268e-02 | 75  0.02690  1.37495e-02
 76  0.02961  1.63947e-02 | 77  0.03169  1.94541e-02 | 78  0.03302  2.27366e-02
 79  0.03357  2.60459e-02 | 80  0.03343  2.87121e-02 | 81  0.03269  3.15259e-02
 82  0.03141  3.33863e-02 | 83  0.02954  3.47493e-02 | 84  0.02698  3.51123e-02
 85  0.02372  3.49076e-02 | 86  0.01990  3.44290e-02 | 87  0.01592  3.37657e-02
 88  0.01230  3.23246e-02 | 89  0.00944  2.96492e-02 | 90  0.00749  2.56786e-02
 91  0.00624  2.05369e-02 | 92  0.00531  1.41876e-02 | 93  0.00457  5.95989e-03
 94  0.00447 -4.91255e-03 | 95  0.00513 -1.77248e-02 | 96  0.00541 -3.09268e-02
 97  0.00709 -5.01024e-02 | 98  0.00964 -7.12549e-02 | 99  0.01353 -9.08280e-02
100  0.01364 -1.02508e-01 |101  0.01234 -1.15943e-01 |102  0.01058 -1.19576e-01
103  0.00259 -1.05815e-01 |104  0.00338 -1.07415e-01 |105  0.02251 -1.09863e-01
106  0.02119 -6.26292e-02 |107 -0.00261 -6.96738e-02 |108  0.01587 -1.15637e-01
109  0.08315 -2.50994e-01 |110  0.02923 -6.10833e-03 |111 -0.01399 -1.17598e-02
112  0.00527  1.29566e-01 |113  0.02108  2.77017e-01 |114  0.04197  3.25277e-01
115  0.00693  2.25957e-01 |116 -0.05876 -1.17385e-02 |117 -0.07769 -8.69801e-02
118 -0.08218 -1.46928e-01 |119 -0.04567 -2.07328e-01 |120  0.06440 -9.15029e-01
121  0.03018 -7.90517e-01 |122  0.01593 -2.52233e-01 |123 -0.02861  2.49677e-01
124 -0.06497  8.47197e-04 |125  0.00189  2.24257e-01 |126 -0.00080  3.30417e-01
127 -0.00782  2.37276e-01 |128  0.02598  4.76950e-02 |129  0.08386  3.66398e-01
130  0.01208 -1.49825e-01 |131  0.09093 -2.05113e-01 |132  0.01222 -2.03271e-01
133  0.13600 -2.84431e-01 |134 -0.00542  2.39415e-01 |135 -0.03665 -9.00806e-02
136 -0.04901  1.86499e-03 |137 -0.01370 -1.23272e-03 |138  0.07848 -2.27163e-02
139  0.00907  1.37732e-01 |140  0.00019  2.82605e-02 |141 -0.03658  3.84189e-02
142 -0.02026  9.50717e-02 |143 -0.00674 -3.81051e-02 |144 -0.00002 -4.32989e-03
145  0.26967 -3.62367e-02 |146  0.18161 -7.52498e-01 |

 - final statistics:
146 variables; iteration 27; function evaluation 34
Function value 7.2502e+03; maximum gradient component mag -8.2684e+00
Exit code = 1;  converg criter 1.0000e+01
Var    Value     Gradient |Var    Value     Gradient |Var    Value     Gradient
  1 -0.42460 -7.01295e-01 |  2  0.37171 -8.26838e+00 |  3 -0.12527 -3.87539e+00
  4 -0.01473 -6.09916e+00 |  5 -0.70507 -1.99698e-01 |  6 -0.60476 -2.00425e+00
  7  0.37745  3.08494e+00 |  8 -0.18447  7.08251e+00 |  9  0.03172  3.82817e+00
 10 -0.60189 -2.70229e-01 | 11 -0.62495 -3.88299e-01 | 12 -0.08799 -2.44552e-01
 13 -0.01023 -6.94961e-04 | 14 -0.01045 -6.40535e-04 | 15 -0.01067 -5.76636e-04
 16 -0.01089 -5.03182e-04 | 17 -0.01109 -4.19789e-04 | 18 -0.01130 -3.26274e-04
 19 -0.01149 -2.22740e-04 | 20 -0.01168 -1.09184e-04 | 21 -0.01186  1.44624e-05
 22 -0.01202  1.47974e-04 | 23 -0.01217  2.91040e-04 | 24 -0.01231  4.43434e-04
 25 -0.01244  6.04433e-04 | 26 -0.01254  7.73354e-04 | 27 -0.01263  9.49604e-04
 28 -0.01270  1.13306e-03 | 29 -0.01274  1.32381e-03 | 30 -0.01277  1.52209e-03
 31 -0.01276  1.72792e-03 | 32 -0.01273  1.94086e-03 | 33 -0.01268  2.16019e-03
 34 -0.01259  2.38487e-03 | 35 -0.01248  2.61376e-03 | 36 -0.01233  2.84614e-03
 37 -0.01214  3.08165e-03 | 38 -0.01192  3.32084e-03 | 39 -0.01166  3.56480e-03
 40 -0.01136  3.81424e-03 | 41 -0.01101  4.07204e-03 | 42 -0.01064  4.33868e-03
 43 -0.01022  4.61472e-03 | 44 -0.00978  4.89989e-03 | 45 -0.00931  5.19301e-03
 46 -0.00883  5.49228e-03 | 47 -0.00833  5.79418e-03 | 48 -0.00784  6.09357e-03
 49 -0.00736  6.38309e-03 | 50 -0.00691  6.65494e-03 | 51 -0.00649  6.90232e-03
 52 -0.00611  7.12013e-03 | 53 -0.00578  7.30715e-03 | 54 -0.00550  7.46222e-03
 55 -0.00525  7.58120e-03 | 56 -0.00503  7.65973e-03 | 57 -0.00481  7.69635e-03
 58 -0.00457  7.68798e-03 | 59 -0.00428  7.63304e-03 | 60 -0.00391  7.53147e-03
 61 -0.00344  7.38283e-03 | 62 -0.00283  7.17957e-03 | 63 -0.00204  6.91791e-03
 64 -0.00104  6.58841e-03 | 65  0.00020  6.18146e-03 | 66  0.00170  5.68837e-03
 67  0.00350  5.10113e-03 | 68  0.00561  4.41799e-03 | 69  0.00804  3.63957e-03
 70  0.01079  2.77188e-03 | 71  0.01381  1.81951e-03 | 72  0.01706  7.89035e-04
 73  0.02043 -2.84825e-04 | 74  0.02378 -1.39060e-03 | 75  0.02691 -2.59300e-03
 76  0.02961 -3.98298e-03 | 77  0.03168 -5.50721e-03 | 78  0.03300 -6.99202e-03
 79  0.03354 -8.34843e-03 | 80  0.03338 -9.65906e-03 | 81  0.03263 -1.08329e-02
 82  0.03134 -1.18491e-02 | 83  0.02947 -1.25475e-02 | 84  0.02691 -1.28293e-02
 85  0.02364 -1.28570e-02 | 86  0.01982 -1.28052e-02 | 87  0.01584 -1.25016e-02
 88  0.01220 -1.17404e-02 | 89  0.00934 -1.05822e-02 | 90  0.00740 -9.00001e-03
 91  0.00616 -6.79827e-03 | 92  0.00524 -3.84395e-03 | 93  0.00452 -4.73342e-04
 94  0.00445  2.71070e-03 | 95  0.00513  6.14159e-03 | 96  0.00545  1.09443e-02
 97  0.00716  1.21179e-02 | 98  0.00974  1.10007e-02 | 99  0.01364  4.94145e-03
100  0.01377  2.16952e-03 |101  0.01247 -1.04747e-02 |102  0.01068 -2.81168e-02
103  0.00265 -4.74434e-02 |104  0.00335 -8.48931e-02 |105  0.02234 -1.34491e-01
106  0.02097 -1.36240e-01 |107 -0.00282 -1.25945e-01 |108  0.01603 -2.25835e-02
109  0.08324 -5.86487e-02 |110  0.02968  1.16976e-01 |111 -0.01391  2.24460e-02
112  0.00532  9.67502e-02 |113  0.02089  6.78078e-02 |114  0.04181  4.24759e-02
115  0.00698  5.08195e-02 |116 -0.05876 -3.46907e-02 |117 -0.07754  3.69805e-02
118 -0.08178  1.49063e-01 |119 -0.04602 -6.22987e-02 |120  0.06469 -3.91802e-01
121  0.03095 -2.91627e-01 |122  0.01581 -1.32438e-01 |123 -0.02876  1.70716e-01
124 -0.06509  2.97511e-02 |125  0.00163  1.86897e-02 |126 -0.00103  1.33198e-01
127 -0.00759  2.14670e-01 |128  0.02580 -5.87932e-02 |129  0.08399  2.03864e-01
130  0.01207 -1.17787e-01 |131  0.09115 -2.94007e-01 |132  0.01281 -4.73872e-02
133  0.13674  1.62440e-01 |134 -0.00616 -7.41814e-02 |135 -0.03658  3.50774e-02
136 -0.04911 -3.70930e-03 |137 -0.01378 -2.58149e-02 |138  0.07905  6.94170e-02
139  0.00894  7.01143e-02 |140 -0.00013 -5.26667e-02 |141 -0.03636  1.69590e-01
142 -0.02036  3.60228e-02 |143 -0.00677  2.33086e-02 |144 -0.00002 -4.31649e-03
145  0.26941 -2.66291e-02 |146  0.18143 -2.94200e-01 |

Initial statistics: 174 variables; iteration 0; function evaluation 0; phase 3
Function value 7.2501916e+03; maximum gradient component mag 1.5873e+01
Var    Value     Gradient |Var    Value     Gradient |Var    Value     Gradient
  1 -0.42460 -7.01295e-01 |  2  0.37171 -8.26838e+00 |  3 -0.12527 -3.87539e+00
  4 -0.01473 -6.09916e+00 |  5 -0.70507 -1.99698e-01 |  6 -0.60476 -2.00425e+00
  7  0.37745  3.08494e+00 |  8 -0.18447  7.08251e+00 |  9  0.03172  3.82817e+00
 10 -0.60189 -2.70229e-01 | 11 -0.62495 -3.88299e-01 | 12 -0.08799 -2.44552e-01
 13 -0.01023 -6.94961e-04 | 14 -0.01045 -6.40535e-04 | 15 -0.01067 -5.76636e-04
 16 -0.01089 -5.03182e-04 | 17 -0.01109 -4.19789e-04 | 18 -0.01130 -3.26274e-04
 19 -0.01149 -2.22740e-04 | 20 -0.01168 -1.09184e-04 | 21 -0.01186  1.44624e-05
 22 -0.01202  1.47974e-04 | 23 -0.01217  2.91040e-04 | 24 -0.01231  4.43434e-04
 25 -0.01244  6.04433e-04 | 26 -0.01254  7.73354e-04 | 27 -0.01263  9.49604e-04
 28 -0.01270  1.13306e-03 | 29 -0.01274  1.32381e-03 | 30 -0.01277  1.52209e-03
 31 -0.01276  1.72792e-03 | 32 -0.01273  1.94086e-03 | 33 -0.01268  2.16019e-03
 34 -0.01259  2.38487e-03 | 35 -0.01248  2.61376e-03 | 36 -0.01233  2.84614e-03
 37 -0.01214  3.08165e-03 | 38 -0.01192  3.32084e-03 | 39 -0.01166  3.56480e-03
 40 -0.01136  3.81424e-03 | 41 -0.01101  4.07204e-03 | 42 -0.01064  4.33868e-03
 43 -0.01022  4.61472e-03 | 44 -0.00978  4.89989e-03 | 45 -0.00931  5.19301e-03
 46 -0.00883  5.49228e-03 | 47 -0.00833  5.79418e-03 | 48 -0.00784  6.09357e-03
 49 -0.00736  6.38309e-03 | 50 -0.00691  6.65494e-03 | 51 -0.00649  6.90232e-03
 52 -0.00611  7.12013e-03 | 53 -0.00578  7.30715e-03 | 54 -0.00550  7.46222e-03
 55 -0.00525  7.58120e-03 | 56 -0.00503  7.65973e-03 | 57 -0.00481  7.69635e-03
 58 -0.00457  7.68798e-03 | 59 -0.00428  7.63304e-03 | 60 -0.00391  7.53147e-03
 61 -0.00344  7.38283e-03 | 62 -0.00283  7.17957e-03 | 63 -0.00204  6.91791e-03
 64 -0.00104  6.58841e-03 | 65  0.00020  6.18146e-03 | 66  0.00170  5.68837e-03
 67  0.00350  5.10113e-03 | 68  0.00561  4.41799e-03 | 69  0.00804  3.63957e-03
 70  0.01079  2.77188e-03 | 71  0.01381  1.81951e-03 | 72  0.01706  7.89035e-04
 73  0.02043 -2.84825e-04 | 74  0.02378 -1.39060e-03 | 75  0.02691 -2.59300e-03
 76  0.02961 -3.98298e-03 | 77  0.03168 -5.50721e-03 | 78  0.03300 -6.99202e-03
 79  0.03354 -8.34843e-03 | 80  0.03338 -9.65906e-03 | 81  0.03263 -1.08329e-02
 82  0.03134 -1.18491e-02 | 83  0.02947 -1.25475e-02 | 84  0.02691 -1.28293e-02
 85  0.02364 -1.28570e-02 | 86  0.01982 -1.28052e-02 | 87  0.01584 -1.25016e-02
 88  0.01220 -1.17404e-02 | 89  0.00934 -1.05822e-02 | 90  0.00740 -9.00001e-03
 91  0.00616 -6.79827e-03 | 92  0.00524 -3.84395e-03 | 93  0.00452 -4.73342e-04
 94  0.00445  2.71070e-03 | 95  0.00513  6.14159e-03 | 96  0.00545  1.09443e-02
 97  0.00716  1.21179e-02 | 98  0.00974  1.10007e-02 | 99  0.01364  4.94145e-03
100  0.01377  2.16952e-03 |101  0.01247 -1.04747e-02 |102  0.01068 -2.81168e-02
103  0.00265 -4.74434e-02 |104  0.00335 -8.48931e-02 |105  0.02234 -1.34491e-01
106  0.02097 -1.36240e-01 |107 -0.00282 -1.25945e-01 |108  0.01603 -2.25835e-02
109  0.08324 -5.86487e-02 |110  0.02968  1.16976e-01 |111 -0.01391  2.24460e-02
112  0.00532  9.67502e-02 |113  0.02089  6.78078e-02 |114  0.04181  4.24759e-02
115  0.00698  5.08195e-02 |116 -0.05876 -3.46907e-02 |117 -0.07754  3.69805e-02
118 -0.08178  1.49063e-01 |119 -0.04602 -6.22987e-02 |120  0.06469 -3.91802e-01
121  0.03095 -2.91627e-01 |122  0.01581 -1.32438e-01 |123 -0.02876  1.70716e-01
124 -0.06509  2.97511e-02 |125  0.00163  1.86897e-02 |126 -0.00103  1.33198e-01
127 -0.00759  2.14670e-01 |128  0.02580 -5.87932e-02 |129  0.08399  2.03864e-01
130  0.01207 -1.17787e-01 |131  0.09115 -2.94007e-01 |132  0.01281 -4.73872e-02
133  0.13674  1.62440e-01 |134 -0.00616 -7.41814e-02 |135 -0.03658  3.50774e-02
136 -0.04911 -3.70930e-03 |137 -0.01378 -2.58149e-02 |138  0.07905  6.94170e-02
139  0.00894  7.01143e-02 |140 -0.00013 -5.26667e-02 |141 -0.03636  1.69590e-01
142 -0.02036  3.60228e-02 |143 -0.00677  2.33086e-02 |144 -0.00002 -4.31649e-03
145  0.26941 -2.66291e-02 |146  0.18143 -2.94200e-01 |147  0.04655 -4.31238e+00
148  0.29672  1.21727e+01 |149 -0.47550 -8.35091e-02 |150  0.31378 -1.53657e-02
151  0.18240 -8.11723e+00 |152  0.25985  1.58730e+01 |153  0.17452  1.29978e+00
154  0.25418  4.75809e-01 |155  0.10334 -1.38867e+00 |156  0.29675  4.67250e+00
157  0.16884  1.22099e+00 |158  0.24621 -6.57741e-01 |159 -0.35199  2.75974e-01
160  0.24280 -1.03227e+00 |161  0.20262 -6.05337e-01 |162  0.31674  1.91164e+00
163  0.05108  1.97366e-01 |164  0.11964  1.73544e+00 |165  0.32137  6.56743e-01
166  0.27251 -2.37669e+00 |167  0.01338  5.56225e-01 |168  0.39320  5.78739e-01
169  0.09929  6.67709e+00 |170  0.16363  1.02115e+01 |171  0.21869 -1.09648e+00
172  0.25726 -2.55963e-01 |173 -0.55411 -1.31838e-01 |174  0.17113  4.67437e-02

Intermediate statistics: 174 variables; iteration 20; function evaluation 24; phase 3
Function value 7.2501699e+03; maximum gradient component mag -6.2135e+00
Var    Value     Gradient |Var    Value     Gradient |Var    Value     Gradient
  1 -0.42449 -1.46079e+00 |  2  0.37180 -1.18081e+00 |  3 -0.12553 -5.87497e+00
  4 -0.01457 -2.75977e+00 |  5 -0.70466 -2.06372e-01 |  6 -0.60479 -1.62784e+00
  7  0.37783 -1.44305e+00 |  8 -0.18449 -2.75408e+00 |  9  0.03102 -1.61964e+00
 10 -0.60032 -1.59560e-01 | 11 -0.62512 -1.21989e+00 | 12 -0.08875  7.80680e-01
 13 -0.01025  6.38061e-03 | 14 -0.01047  6.56019e-03 | 15 -0.01069  6.74408e-03
 16 -0.01090  6.93220e-03 | 17 -0.01111  7.12507e-03 | 18 -0.01132  7.32222e-03
 19 -0.01151  7.52344e-03 | 20 -0.01170  7.72880e-03 | 21 -0.01188  7.93838e-03
 22 -0.01205  8.15237e-03 | 23 -0.01220  8.37105e-03 | 24 -0.01234  8.59468e-03
 25 -0.01247  8.82339e-03 | 26 -0.01257  9.05696e-03 | 27 -0.01266  9.29477e-03
 28 -0.01273  9.53608e-03 | 29 -0.01278  9.78061e-03 | 30 -0.01280  1.00288e-02
 31 -0.01280  1.02821e-02 | 32 -0.01277  1.05415e-02 | 33 -0.01272  1.08078e-02
 34 -0.01264  1.10812e-02 | 35 -0.01252  1.13614e-02 | 36 -0.01237  1.16475e-02
 37 -0.01219  1.19383e-02 | 38 -0.01197  1.22330e-02 | 39 -0.01171  1.25315e-02
 40 -0.01141  1.28318e-02 | 41 -0.01107  1.31391e-02 | 42 -0.01069  1.34530e-02
 43 -0.01028  1.37739e-02 | 44 -0.00984  1.41019e-02 | 45 -0.00937  1.44358e-02
 46 -0.00889  1.47749e-02 | 47 -0.00840  1.51193e-02 | 48 -0.00791  1.54690e-02
 49 -0.00743  1.58246e-02 | 50 -0.00698  1.61866e-02 | 51 -0.00656  1.65541e-02
 52 -0.00618  1.69257e-02 | 53 -0.00586  1.73030e-02 | 54 -0.00557  1.76889e-02
 55 -0.00533  1.80855e-02 | 56 -0.00511  1.84961e-02 | 57 -0.00489  1.89247e-02
 58 -0.00464  1.93728e-02 | 59 -0.00436  1.98473e-02 | 60 -0.00399  2.03536e-02
 61 -0.00352  2.09005e-02 | 62 -0.00290  2.14925e-02 | 63 -0.00211  2.21383e-02
 64 -0.00111  2.28489e-02 | 65  0.00012  2.36298e-02 | 66  0.00163  2.45099e-02
 67  0.00343  2.54949e-02 | 68  0.00554  2.65962e-02 | 69  0.00798  2.78299e-02
 70  0.01072  2.92069e-02 | 71  0.01375  3.07340e-02 | 72  0.01700  3.24061e-02
 73  0.02037  3.42105e-02 | 74  0.02373  3.61075e-02 | 75  0.02686  3.80106e-02
 76  0.02957  3.98015e-02 | 77  0.03165  4.13964e-02 | 78  0.03298  4.27718e-02
 79  0.03352  4.39212e-02 | 80  0.03338  4.48200e-02 | 81  0.03264  4.54990e-02
 82  0.03135  4.59415e-02 | 83  0.02949  4.61336e-02 | 84  0.02694  4.60287e-02
 85  0.02368  4.55529e-02 | 86  0.01987  4.47295e-02 | 87  0.01589  4.37642e-02
 88  0.01226  4.28892e-02 | 89  0.00941  4.22357e-02 | 90  0.00747  4.18155e-02
 91  0.00623  4.15329e-02 | 92  0.00531  4.11817e-02 | 93  0.00458  4.06445e-02
 94  0.00450  4.02925e-02 | 95  0.00518  4.02960e-02 | 96  0.00548  3.95510e-02
 97  0.00718  4.00895e-02 | 98  0.00974  4.13937e-02 | 99  0.01363  4.46415e-02
100  0.01374  4.66386e-02 |101  0.01242  4.75705e-02 |102  0.01063  4.91188e-02
103  0.00261  4.60904e-02 |104  0.00335  4.79734e-02 |105  0.02236  6.42528e-02
106  0.02097  6.39346e-02 |107 -0.00276  4.01898e-02 |108  0.01571  6.23610e-02
109  0.08292  9.75905e-02 |110  0.02927  4.60127e-02 |111 -0.01402  2.19788e-02
112  0.00493  1.96551e-02 |113  0.02049  1.87193e-03 |114  0.04140 -3.05188e-02
115  0.00660 -2.41891e-02 |116 -0.05895 -1.20551e-02 |117 -0.07790 -1.73151e-02
118 -0.08245 -2.97637e-02 |119 -0.04651 -4.97589e-02 |120  0.06454 -1.78765e-01
121  0.03111 -1.35077e-01 |122  0.01568 -8.23308e-02 |123 -0.02922 -6.67823e-02
124 -0.06530 -3.10502e-02 |125  0.00202 -1.08433e-01 |126 -0.00086 -1.18063e-01
127 -0.00761 -1.13768e-01 |128  0.02677 -1.93721e-01 |129  0.08488 -3.65689e-01
130  0.01300 -1.15582e-01 |131  0.09345 -2.89708e-01 |132  0.01390 -1.31986e-01
133  0.13824 -2.09990e-01 |134 -0.00542 -4.98378e-02 |135 -0.03650 -2.30288e-02
136 -0.04901 -7.56986e-03 |137 -0.01362 -1.86327e-02 |138  0.07914 -5.33785e-02
139  0.00884 -9.30905e-03 |140 -0.00009  2.44407e-03 |141 -0.03696  2.59810e-02
142 -0.02046  7.92286e-03 |143 -0.00697  2.39789e-02 |144 -0.00000 -6.80028e-04
145  0.27058 -1.81941e-01 |146  0.18236 -1.56513e-01 |147  0.04627  1.51175e+00
148  0.29561 -3.72209e+00 |149 -0.47488 -4.52943e-02 |150  0.31372  3.22196e-03
151  0.18345  3.05689e+00 |152  0.25904 -6.21348e+00 |153  0.17363  6.46204e-02
154  0.25349  1.47337e-01 |155  0.10264 -3.69064e-02 |156  0.29588 -4.15624e-02
157  0.16798 -2.79281e-01 |158  0.24570  3.58677e-01 |159 -0.35170  1.52259e-03
160  0.24313  1.78566e-02 |161  0.20271  7.99366e-02 |162  0.31642 -2.37775e-01
163  0.05077  4.10719e-02 |164  0.11949 -2.79345e-01 |165  0.32109 -2.06760e-02
166  0.27270  4.36839e-01 |167  0.01279  5.57529e-02 |168  0.39207 -4.94359e-02
169  0.09895 -2.69104e+00 |170  0.16289 -1.31430e+00 |171  0.21846  1.29482e+00
172  0.25675  2.11836e-01 |173 -0.55376 -5.04569e-02 |174  0.17123 -1.50992e-02
174 variables; iteration 40; function evaluation 45; phase 3
Function value 7.2501690e+03; maximum gradient component mag -4.5538e+00
Var    Value     Gradient |Var    Value     Gradient |Var    Value     Gradient
  1 -0.42446 -9.77937e-01 |  2  0.37179 -9.75324e-01 |  3 -0.12551 -4.50617e+00
  4 -0.01458 -1.84094e+00 |  5 -0.70462 -1.06461e-01 |  6 -0.60476 -1.34357e+00
  7  0.37789 -1.09409e+00 |  8 -0.18447 -1.99796e+00 |  9  0.03090 -1.28585e+00
 10 -0.60027 -1.38010e-01 | 11 -0.62510 -7.84421e-01 | 12 -0.09021  6.10653e-01
 13 -0.01024  4.13038e-03 | 14 -0.01046  4.25486e-03 | 15 -0.01068  4.38282e-03
 16 -0.01089  4.51427e-03 | 17 -0.01110  4.64935e-03 | 18 -0.01130  4.78797e-03
 19 -0.01150  4.93005e-03 | 20 -0.01169  5.07559e-03 | 21 -0.01186  5.22461e-03
 22 -0.01203  5.37713e-03 | 23 -0.01218  5.53325e-03 | 24 -0.01232  5.69313e-03
 25 -0.01245  5.85696e-03 | 26 -0.01256  6.02488e-03 | 27 -0.01264  6.19695e-03
 28 -0.01271  6.37308e-03 | 29 -0.01276  6.55320e-03 | 30 -0.01278  6.73751e-03
 31 -0.01278  6.92669e-03 | 32 -0.01275  7.12164e-03 | 33 -0.01270  7.32345e-03
 34 -0.01262  7.53332e-03 | 35 -0.01250  7.75241e-03 | 36 -0.01235  7.98177e-03
 37 -0.01217  8.22239e-03 | 38 -0.01195  8.47537e-03 | 39 -0.01169  8.74207e-03
 40 -0.01138  9.02359e-03 | 41 -0.01105  9.32376e-03 | 42 -0.01067  9.64528e-03
 43 -0.01026  9.99170e-03 | 44 -0.00982  1.03668e-02 | 45 -0.00935  1.07743e-02
 46 -0.00887  1.12181e-02 | 47 -0.00837  1.17028e-02 | 48 -0.00788  1.22331e-02
 49 -0.00741  1.28145e-02 | 50 -0.00695  1.34524e-02 | 51 -0.00653  1.41510e-02
 52 -0.00616  1.49129e-02 | 53 -0.00583  1.57413e-02 | 54 -0.00555  1.66405e-02
 55 -0.00530  1.76167e-02 | 56 -0.00508  1.86797e-02 | 57 -0.00486  1.98407e-02
 58 -0.00461  2.11087e-02 | 59 -0.00432  2.24953e-02 | 60 -0.00396  2.40103e-02
 61 -0.00348  2.56656e-02 | 62 -0.00286  2.74682e-02 | 63 -0.00207  2.94276e-02
 64 -0.00107  3.15550e-02 | 65  0.00017  3.38511e-02 | 66  0.00168  3.63485e-02
 67  0.00349  3.90461e-02 | 68  0.00561  4.19445e-02 | 69  0.00805  4.50499e-02
 70  0.01080  4.83530e-02 | 71  0.01383  5.18375e-02 | 72  0.01709  5.54622e-02
 73  0.02047  5.91689e-02 | 74  0.02383  6.28723e-02 | 75  0.02698  6.64483e-02
 76  0.02970  6.97315e-02 | 77  0.03179  7.25564e-02 | 78  0.03312  7.47885e-02
 79  0.03368  7.63346e-02 | 80  0.03355  7.71504e-02 | 81  0.03281  7.72113e-02
 82  0.03154  7.64736e-02 | 83  0.02968  7.48621e-02 | 84  0.02714  7.22878e-02
 85  0.02388  6.87219e-02 | 86  0.02006  6.42586e-02 | 87  0.01608  5.91113e-02
 88  0.01245  5.35206e-02 | 89  0.00960  4.77045e-02 | 90  0.00765  4.17461e-02
 91  0.00641  3.56352e-02 | 92  0.00549  2.93073e-02 | 93  0.00476  2.27683e-02
 94  0.00468  1.60279e-02 | 95  0.00535  9.06715e-03 | 96  0.00565  2.05298e-03
 97  0.00732 -5.55815e-03 | 98  0.00987 -1.37360e-02 | 99  0.01374 -2.14734e-02
100  0.01382 -2.81070e-02 |101  0.01248 -3.41141e-02 |102  0.01069 -3.85383e-02
103  0.00264 -4.25220e-02 |104  0.00330 -5.28094e-02 |105  0.02230 -6.57782e-02
106  0.02084 -7.64585e-02 |107 -0.00293 -7.49435e-02 |108  0.01557 -7.04319e-02
109  0.08265 -1.00829e-01 |110  0.02905 -4.11172e-02 |111 -0.01417  7.26361e-03
112  0.00478  7.08622e-02 |113  0.02032  1.40576e-01 |114  0.04128  2.41079e-01
115  0.00646  2.36326e-01 |116 -0.05903  1.73436e-01 |117 -0.07797  1.39606e-01
118 -0.08262  4.88616e-02 |119 -0.04678 -5.91772e-02 |120  0.06416 -2.25636e-01
121  0.03086 -1.47956e-01 |122  0.01534 -1.22293e-01 |123 -0.02952 -1.07690e-01
124 -0.06556 -5.99323e-02 |125  0.00169 -1.29092e-01 |126 -0.00111 -1.05731e-01
127 -0.00785 -9.51144e-02 |128  0.02639 -1.83297e-01 |129  0.08478 -2.64984e-01
130  0.01251 -1.69546e-01 |131  0.09326 -2.59032e-01 |132  0.01379 -1.06527e-01
133  0.13811 -1.57353e-01 |134 -0.00547 -2.10500e-02 |135 -0.03658 -3.26610e-02
136 -0.04906 -1.32778e-02 |137 -0.01361 -1.28182e-02 |138  0.07922 -3.25949e-02
139  0.00888  2.74678e-03 |140 -0.00007  3.87045e-03 |141 -0.03696  2.85153e-02
142 -0.02051 -6.55119e-04 |143 -0.00708 -4.89284e-03 |144 -0.00000 -2.42799e-04
145  0.27273  9.37418e-02 |146  0.18436 -5.83721e-02 |147  0.04636  1.26058e+00
148  0.29566 -2.87866e+00 |149 -0.47479 -2.64651e-02 |150  0.31364 -7.90744e-03
151  0.18361  2.35768e+00 |152  0.25914 -4.55380e+00 |153  0.17356 -2.16968e-01
154  0.25343  2.87348e-01 |155  0.10280 -3.76707e-02 |156  0.29591  3.23087e-02
157  0.16808 -4.52732e-01 |158  0.24577  7.35259e-01 |159 -0.35179 -1.65764e-02
160  0.24311  6.41042e-02 |161  0.20296  2.01426e-01 |162  0.31646 -2.40611e-01
163  0.05082  7.87670e-02 |164  0.11947 -5.09671e-01 |165  0.32106 -5.44469e-02
166  0.27265  4.14498e-01 |167  0.01278 -4.37059e-03 |168  0.39202 -1.03468e-01
169  0.09901 -2.00979e+00 |170  0.16295 -1.09927e+00 |171  0.21848  1.17084e+00
172  0.25675  2.07725e-01 |173 -0.55497 -1.11268e-01 |174  0.17071 -1.63782e-02

 - final statistics:
174 variables; iteration 45; function evaluation 51
Function value 7.2502e+03; maximum gradient component mag -9.0581e-01
Exit code = 1;  converg criter 1.0000e+00
Var    Value     Gradient |Var    Value     Gradient |Var    Value     Gradient
  1 -0.42448 -1.94104e-01 |  2  0.37182 -2.06628e-01 |  3 -0.12539 -9.05810e-01
  4 -0.01471 -3.77559e-01 |  5 -0.70461 -1.20180e-02 |  6 -0.60473 -2.75575e-01
  7  0.37789 -2.15665e-01 |  8 -0.18446 -3.81625e-01 |  9  0.03091 -2.41901e-01
 10 -0.60029 -7.21447e-02 | 11 -0.62508 -1.54332e-01 | 12 -0.09012  1.06851e-01
 13 -0.01024 -2.49609e-03 | 14 -0.01047 -2.56588e-03 | 15 -0.01068 -2.63709e-03
 16 -0.01090 -2.70960e-03 | 17 -0.01111 -2.78335e-03 | 18 -0.01131 -2.85817e-03
 19 -0.01151 -2.93386e-03 | 20 -0.01170 -3.01027e-03 | 21 -0.01187 -3.08725e-03
 22 -0.01204 -3.16466e-03 | 23 -0.01219 -3.24235e-03 | 24 -0.01233 -3.32023e-03
 25 -0.01246 -3.39809e-03 | 26 -0.01257 -3.47574e-03 | 27 -0.01265 -3.55287e-03
 28 -0.01272 -3.62919e-03 | 29 -0.01277 -3.70453e-03 | 30 -0.01279 -3.77888e-03
 31 -0.01279 -3.85240e-03 | 32 -0.01276 -3.92523e-03 | 33 -0.01271 -3.99749e-03
 34 -0.01263 -4.06922e-03 | 35 -0.01251 -4.14038e-03 | 36 -0.01236 -4.21088e-03
 37 -0.01218 -4.28062e-03 | 38 -0.01196 -4.34961e-03 | 39 -0.01169 -4.41804e-03
 40 -0.01139 -4.48583e-03 | 41 -0.01105 -4.55411e-03 | 42 -0.01068 -4.62302e-03
 43 -0.01027 -4.69280e-03 | 44 -0.00982 -4.76337e-03 | 45 -0.00936 -4.83421e-03
 46 -0.00887 -4.90441e-03 | 47 -0.00838 -4.97270e-03 | 48 -0.00789 -5.03722e-03
 49 -0.00741 -5.09575e-03 | 50 -0.00696 -5.14580e-03 | 51 -0.00654 -5.18462e-03
 52 -0.00617 -5.20906e-03 | 53 -0.00584 -5.21601e-03 | 54 -0.00556 -5.20152e-03
 55 -0.00531 -5.16073e-03 | 56 -0.00509 -5.08881e-03 | 57 -0.00487 -4.98089e-03
 58 -0.00463 -4.83044e-03 | 59 -0.00434 -4.63021e-03 | 60 -0.00397 -4.37107e-03
 61 -0.00350 -4.04239e-03 | 62 -0.00288 -3.63054e-03 | 63 -0.00209 -3.12128e-03
 64 -0.00109 -2.49956e-03 | 65  0.00015 -1.75013e-03 | 66  0.00166 -8.60531e-04
 67  0.00346  1.81963e-04 | 68  0.00558  1.38693e-03 | 69  0.00802  2.76250e-03
 70  0.01077  4.31690e-03 | 71  0.01380  6.06059e-03 | 72  0.01706  8.00506e-03
 73  0.02044  1.01635e-02 | 74  0.02380  1.25323e-02 | 75  0.02694  1.50720e-02
 76  0.02966  1.77252e-02 | 77  0.03175  2.04403e-02 | 78  0.03309  2.31440e-02
 79  0.03366  2.57559e-02 | 80  0.03352  2.82344e-02 | 81  0.03279  3.05327e-02
 82  0.03152  3.25994e-02 | 83  0.02967  3.43518e-02 | 84  0.02713  3.56936e-02
 85  0.02388  3.65177e-02 | 86  0.02007  3.67558e-02 | 87  0.01610  3.65005e-02
 88  0.01247  3.58831e-02 | 89  0.00962  3.49272e-02 | 90  0.00768  3.35319e-02
 91  0.00644  3.15297e-02 | 92  0.00551  2.86919e-02 | 93  0.00477  2.49345e-02
 94  0.00468  2.05370e-02 | 95  0.00534  1.55021e-02 | 96  0.00563  9.05672e-03
 97  0.00731  3.03666e-03 | 98  0.00986 -3.05254e-03 | 99  0.01373 -9.24324e-03
100  0.01380 -1.53706e-02 |101  0.01246 -2.05609e-02 |102  0.01065 -2.38208e-02
103  0.00262 -2.44397e-02 |104  0.00336 -2.19308e-02 |105  0.02230 -2.39057e-02
106  0.02090 -1.92317e-02 |107 -0.00275 -1.33049e-02 |108  0.01560 -1.92570e-02
109  0.08264 -2.06872e-02 |110  0.02920  9.20408e-03 |111 -0.01408  3.60410e-02
112  0.00479  4.60978e-02 |113  0.02035  4.95140e-02 |114  0.04124  3.83970e-02
115  0.00638  3.83652e-02 |116 -0.05903  7.91321e-02 |117 -0.07797  8.02250e-02
118 -0.08264  1.34557e-02 |119 -0.04675 -2.88912e-02 |120  0.06431 -5.14273e-02
121  0.03093 -2.53695e-02 |122  0.01539 -3.01960e-02 |123 -0.02952 -5.80431e-02
124 -0.06558 -2.67106e-02 |125  0.00180 -6.29020e-03 |126 -0.00110 -1.65988e-02
127 -0.00800 -3.94347e-02 |128  0.02661  1.31442e-02 |129  0.08472 -5.42218e-02
130  0.01266 -7.57037e-03 |131  0.09328 -7.87670e-02 |132  0.01371 -7.20744e-02
133  0.13818 -3.07841e-03 |134 -0.00562 -6.49218e-02 |135 -0.03649  9.90388e-03
136 -0.04892  3.10786e-02 |137 -0.01346  3.12410e-02 |138  0.07939  2.27176e-02
139  0.00891  1.30741e-02 |140 -0.00005  9.74637e-03 |141 -0.03717 -3.77730e-02
142 -0.02049  6.58473e-03 |143 -0.00707  4.55036e-03 |144 -0.00000  1.53301e-04
145  0.27257  1.07646e-02 |146  0.18393 -2.49182e-02 |147  0.04640  2.26623e-01
148  0.29579 -5.37979e-01 |149 -0.47464 -1.83863e-02 |150  0.31396  1.54357e-02
151  0.18338  3.61313e-01 |152  0.25920 -8.99205e-01 |153  0.17359 -4.29785e-02
154  0.25343  5.82315e-02 |155  0.10276 -3.25717e-02 |156  0.29590  3.88338e-03
157  0.16811 -7.67100e-02 |158  0.24573  1.51658e-01 |159 -0.35186 -3.54887e-02
160  0.24307  2.05703e-03 |161  0.20302  1.56230e-01 |162  0.31653 -1.66267e-02
163  0.05082  4.50072e-02 |164  0.11954 -1.01774e-01 |165  0.32107  1.83916e-03
166  0.27266  7.69414e-02 |167  0.01273 -6.88653e-02 |168  0.39194 -1.45157e-01
169  0.09905 -3.88503e-01 |170  0.16301 -2.08907e-01 |171  0.21849  2.24725e-01
172  0.25679  3.42511e-02 |173 -0.55330  2.47230e-02 |174  0.17142 -2.62801e-02

Initial statistics: 196 variables; iteration 0; function evaluation 0; phase 4
Function value 7.2501678e+03; maximum gradient component mag 1.6822e+01
Var    Value     Gradient |Var    Value     Gradient |Var    Value     Gradient
  1 -0.42448 -1.94104e-01 |  2  0.37182 -2.06628e-01 |  3 -0.12539 -9.05810e-01
  4 -0.01471 -3.77559e-01 |  5 -0.70461 -1.20180e-02 |  6 -0.60473 -2.75575e-01
  7  0.37789 -2.15665e-01 |  8 -0.18446 -3.81625e-01 |  9  0.03091 -2.41901e-01
 10 -0.60029 -7.21447e-02 | 11 -0.62508 -1.54332e-01 | 12 -0.09012  1.06851e-01
 13 -0.01024 -2.49609e-03 | 14 -0.01047 -2.56588e-03 | 15 -0.01068 -2.63709e-03
 16 -0.01090 -2.70960e-03 | 17 -0.01111 -2.78335e-03 | 18 -0.01131 -2.85817e-03
 19 -0.01151 -2.93386e-03 | 20 -0.01170 -3.01027e-03 | 21 -0.01187 -3.08725e-03
 22 -0.01204 -3.16466e-03 | 23 -0.01219 -3.24235e-03 | 24 -0.01233 -3.32023e-03
 25 -0.01246 -3.39809e-03 | 26 -0.01257 -3.47574e-03 | 27 -0.01265 -3.55287e-03
 28 -0.01272 -3.62919e-03 | 29 -0.01277 -3.70453e-03 | 30 -0.01279 -3.77888e-03
 31 -0.01279 -3.85240e-03 | 32 -0.01276 -3.92523e-03 | 33 -0.01271 -3.99749e-03
 34 -0.01263 -4.06922e-03 | 35 -0.01251 -4.14038e-03 | 36 -0.01236 -4.21088e-03
 37 -0.01218 -4.28062e-03 | 38 -0.01196 -4.34961e-03 | 39 -0.01169 -4.41804e-03
 40 -0.01139 -4.48583e-03 | 41 -0.01105 -4.55411e-03 | 42 -0.01068 -4.62302e-03
 43 -0.01027 -4.69280e-03 | 44 -0.00982 -4.76337e-03 | 45 -0.00936 -4.83421e-03
 46 -0.00887 -4.90441e-03 | 47 -0.00838 -4.97270e-03 | 48 -0.00789 -5.03722e-03
 49 -0.00741 -5.09575e-03 | 50 -0.00696 -5.14580e-03 | 51 -0.00654 -5.18462e-03
 52 -0.00617 -5.20906e-03 | 53 -0.00584 -5.21601e-03 | 54 -0.00556 -5.20152e-03
 55 -0.00531 -5.16073e-03 | 56 -0.00509 -5.08881e-03 | 57 -0.00487 -4.98089e-03
 58 -0.00463 -4.83044e-03 | 59 -0.00434 -4.63021e-03 | 60 -0.00397 -4.37107e-03
 61 -0.00350 -4.04239e-03 | 62 -0.00288 -3.63054e-03 | 63 -0.00209 -3.12128e-03
 64 -0.00109 -2.49956e-03 | 65  0.00015 -1.75013e-03 | 66  0.00166 -8.60531e-04
 67  0.00346  1.81963e-04 | 68  0.00558  1.38693e-03 | 69  0.00802  2.76250e-03
 70  0.01077  4.31690e-03 | 71  0.01380  6.06059e-03 | 72  0.01706  8.00506e-03
 73  0.02044  1.01635e-02 | 74  0.02380  1.25323e-02 | 75  0.02694  1.50720e-02
 76  0.02966  1.77252e-02 | 77  0.03175  2.04403e-02 | 78  0.03309  2.31440e-02
 79  0.03366  2.57559e-02 | 80  0.03352  2.82344e-02 | 81  0.03279  3.05327e-02
 82  0.03152  3.25994e-02 | 83  0.02967  3.43518e-02 | 84  0.02713  3.56936e-02
 85  0.02388  3.65177e-02 | 86  0.02007  3.67558e-02 | 87  0.01610  3.65005e-02
 88  0.01247  3.58831e-02 | 89  0.00962  3.49272e-02 | 90  0.00768  3.35319e-02
 91  0.00644  3.15297e-02 | 92  0.00551  2.86919e-02 | 93  0.00477  2.49345e-02
 94  0.00468  2.05370e-02 | 95  0.00534  1.55021e-02 | 96  0.00563  9.05672e-03
 97  0.00731  3.03666e-03 | 98  0.00986 -3.05254e-03 | 99  0.01373 -9.24324e-03
100  0.01380 -1.53706e-02 |101  0.01246 -2.05609e-02 |102  0.01065 -2.38208e-02
103  0.00262 -2.44397e-02 |104  0.00336 -2.19308e-02 |105  0.02230 -2.39057e-02
106  0.02090 -1.92317e-02 |107 -0.00275 -1.33049e-02 |108  0.01560 -1.92570e-02
109  0.08264 -2.06872e-02 |110  0.02920  9.20408e-03 |111 -0.01408  3.60410e-02
112  0.00479  4.60978e-02 |113  0.02035  4.95140e-02 |114  0.04124  3.83970e-02
115  0.00638  3.83652e-02 |116 -0.05903  7.91321e-02 |117 -0.07797  8.02250e-02
118 -0.08264  1.34557e-02 |119 -0.04675 -2.88912e-02 |120  0.06431 -5.14273e-02
121  0.03093 -2.53695e-02 |122  0.01539 -3.01960e-02 |123 -0.02952 -5.80431e-02
124 -0.06558 -2.67106e-02 |125  0.00180 -6.29020e-03 |126 -0.00110 -1.65988e-02
127 -0.00800 -3.94347e-02 |128  0.02661  1.31442e-02 |129  0.08472 -5.42218e-02
130  0.01266 -7.57037e-03 |131  0.09328 -7.87670e-02 |132  0.01371 -7.20744e-02
133  0.13818 -3.07841e-03 |134 -0.00562 -6.49218e-02 |135 -0.03649  9.90388e-03
136 -0.04892  3.10786e-02 |137 -0.01346  3.12410e-02 |138  0.07939  2.27176e-02
139  0.00891  1.30741e-02 |140 -0.00005  9.74637e-03 |141 -0.03717 -3.77730e-02
142 -0.02049  6.58473e-03 |143 -0.00707  4.55036e-03 |144 -0.00000  1.53301e-04
145  0.27257  1.07646e-02 |146  0.18393 -2.49182e-02 |147  0.04640  2.26623e-01
148  0.29579 -5.37979e-01 |149  0.01641  1.53306e+00 |150 -0.11482  3.63240e+00
151 -0.47464 -1.83863e-02 |152  0.31396  1.54357e-02 |153  0.04880 -2.26213e-01
154 -0.23508 -5.47842e-01 |155  0.18338  3.61313e-01 |156  0.25920 -8.99205e-01
157  0.17359 -4.29785e-02 |158  0.25343  5.82315e-02 |159  0.00590 -4.53243e-02
160 -0.09831  2.31713e+00 |161  0.10276 -3.25717e-02 |162  0.29590  3.88338e-03
163  0.16811 -7.67100e-02 |164  0.24573  1.51658e-01 |165 -0.35186 -3.54887e-02
166  0.24307  2.05703e-03 |167  0.05277  6.54551e-01 |168 -0.18764  9.72486e-01
169  0.20302  1.56230e-01 |170  0.31653 -1.66267e-02 |171  0.07774  3.55605e+00
172 -0.53233  4.46635e-04 |173  0.05082  4.50072e-02 |174  0.11954 -1.01774e-01
175  0.32107  1.83916e-03 |176  0.27266  7.69414e-02 |177  0.00556  6.17118e-02
178  0.00910  7.23865e-01 |179 -0.15023  1.42831e+00 |180 -0.12575  3.80334e+00
181  0.01273 -6.88653e-02 |182  0.39194 -1.45157e-01 |183  0.01865 -2.23791e-02
184 -0.15439  6.33381e-01 |185  0.09905 -3.88503e-01 |186  0.16301 -2.08907e-01
187  0.21849  2.24725e-01 |188  0.25679  3.42511e-02 |189  0.02454  4.83815e+00
190 -0.00644  1.00440e+00 |191 -0.17632  6.20412e+00 |192 -0.11434  1.68219e+01
193 -0.55330  2.47230e-02 |194  0.17142 -2.62801e-02 |195  0.09515  4.04216e-01
196 -0.25356 -5.51648e-02 |

Intermediate statistics: 196 variables; iteration 20; function evaluation 21; phase 4
Function value 7.2501548e+03; maximum gradient component mag -1.4162e+01
Var    Value     Gradient |Var    Value     Gradient |Var    Value     Gradient
  1 -0.42483 -1.85083e+00 |  2  0.37178 -9.38667e+00 |  3 -0.12469 -9.85644e+00
  4 -0.01527 -7.08122e+00 |  5 -0.70394 -1.37656e-01 |  6 -0.60484 -2.26596e-01
  7  0.37800  3.34698e+00 |  8 -0.18366  2.07372e+00 |  9  0.03026  2.96899e+00
 10 -0.59956  2.15125e-01 | 11 -0.62515  1.28342e+00 | 12 -0.08864 -2.66401e+00
 13 -0.01020 -5.16884e-03 | 14 -0.01042 -5.35682e-03 | 15 -0.01064 -5.55214e-03
 16 -0.01085 -5.75517e-03 | 17 -0.01106 -5.96694e-03 | 18 -0.01126 -6.18744e-03
 19 -0.01146 -6.41695e-03 | 20 -0.01165 -6.65607e-03 | 21 -0.01182 -6.90542e-03
 22 -0.01199 -7.16580e-03 | 23 -0.01214 -7.43817e-03 | 24 -0.01228 -7.72362e-03
 25 -0.01240 -8.02336e-03 | 26 -0.01251 -8.33854e-03 | 27 -0.01259 -8.67008e-03
 28 -0.01266 -9.01856e-03 | 29 -0.01270 -9.38451e-03 | 30 -0.01272 -9.76885e-03
 31 -0.01272 -1.01738e-02 | 32 -0.01269 -1.06021e-02 | 33 -0.01264 -1.10568e-02
 34 -0.01255 -1.15411e-02 | 35 -0.01243 -1.20581e-02 | 36 -0.01228 -1.26104e-02
 37 -0.01210 -1.31997e-02 | 38 -0.01187 -1.38278e-02 | 39 -0.01161 -1.44962e-02
 40 -0.01131 -1.52038e-02 | 41 -0.01096 -1.59584e-02 | 42 -0.01058 -1.67624e-02
 43 -0.01017 -1.76201e-02 | 44 -0.00973 -1.85366e-02 | 45 -0.00926 -1.95156e-02
 46 -0.00877 -2.05609e-02 | 47 -0.00828 -2.16777e-02 | 48 -0.00778 -2.28718e-02
 49 -0.00730 -2.41516e-02 | 50 -0.00685 -2.55279e-02 | 51 -0.00643 -2.70100e-02
 52 -0.00605 -2.86021e-02 | 53 -0.00572 -3.03075e-02 | 54 -0.00543 -3.21264e-02
 55 -0.00519 -3.40623e-02 | 56 -0.00496 -3.61286e-02 | 57 -0.00474 -3.83452e-02
 58 -0.00450 -4.07275e-02 | 59 -0.00421 -4.32990e-02 | 60 -0.00384 -4.60809e-02
 61 -0.00337 -4.91017e-02 | 62 -0.00275 -5.23837e-02 | 63 -0.00196 -5.59599e-02
 64 -0.00096 -5.98738e-02 | 65  0.00027 -6.41553e-02 | 66  0.00178 -6.89023e-02
 67  0.00358 -7.41524e-02 | 68  0.00570 -7.99563e-02 | 69  0.00813 -8.63821e-02
 70  0.01088 -9.34786e-02 | 71  0.01391 -1.01288e-01 | 72  0.01716 -1.09812e-01
 73  0.02053 -1.19016e-01 | 74  0.02388 -1.28802e-01 | 75  0.02702 -1.38992e-01
 76  0.02973 -1.49320e-01 | 77  0.03182 -1.59493e-01 | 78  0.03314 -1.69249e-01
 79  0.03369 -1.78427e-01 | 80  0.03355 -1.86997e-01 | 81  0.03281 -1.94956e-01
 82  0.03152 -2.02236e-01 | 83  0.02966 -2.08621e-01 | 84  0.02711 -2.13789e-01
 85  0.02385 -2.17517e-01 | 86  0.02004 -2.19872e-01 | 87  0.01606 -2.21312e-01
 88  0.01244 -2.22497e-01 | 89  0.00959 -2.24104e-01 | 90  0.00766 -2.26332e-01
 91  0.00643 -2.28924e-01 | 92  0.00552 -2.31216e-01 | 93  0.00479 -2.33069e-01
 94  0.00472 -2.35349e-01 | 95  0.00538 -2.38354e-01 | 96  0.00566 -2.40748e-01
 97  0.00732 -2.44327e-01 | 98  0.00984 -2.48079e-01 | 99  0.01368 -2.48414e-01
100  0.01374 -2.36101e-01 |101  0.01237 -2.15904e-01 |102  0.01054 -1.86387e-01
103  0.00248 -1.45061e-01 |104  0.00321 -1.12016e-01 |105  0.02213 -7.04476e-02
106  0.02070  7.87632e-03 |107 -0.00287  5.82994e-02 |108  0.01560  1.47085e-01
109  0.08256  3.75646e-01 |110  0.02905  3.41908e-01 |111 -0.01424  2.59562e-01
112  0.00463  3.41937e-01 |113  0.02022  4.33195e-01 |114  0.04113  5.40285e-01
115  0.00615  4.42087e-01 |116 -0.05939  2.15528e-01 |117 -0.07840  1.72978e-01
118 -0.08295  1.77768e-01 |119 -0.04697  2.62585e-01 |120  0.06414  7.43906e-01
121  0.03069  5.27361e-01 |122  0.01509  3.60211e-01 |123 -0.02970  2.31027e-01
124 -0.06575  5.78205e-02 |125  0.00141  1.38611e-01 |126 -0.00143  8.68026e-02
127 -0.00823  7.45085e-02 |128  0.02615  7.41804e-02 |129  0.08447  6.17943e-02
130  0.01229  8.50403e-02 |131  0.09316  3.53633e-02 |132  0.01374  5.86314e-02
133  0.13806  2.67584e-02 |134 -0.00554  3.22329e-02 |135 -0.03659 -4.18159e-02
136 -0.04907  6.85234e-03 |137 -0.01357 -2.07773e-03 |138  0.07942  9.07677e-03
139  0.00888  1.82500e-02 |140 -0.00004 -3.03243e-02 |141 -0.03705  5.05120e-03
142 -0.02048  2.61921e-02 |143 -0.00712 -3.70916e-02 |144 -0.00000  9.63927e-06
145  0.27101 -2.18704e-01 |146  0.18257  5.29711e-01 |147  0.04635 -9.86197e-01
148  0.29574  8.64318e-02 |149  0.01628 -9.25328e-01 |150 -0.11587 -1.66988e+00
151 -0.47489 -5.88571e-03 |152  0.31399  2.23889e-03 |153  0.04888 -5.34454e-02
154 -0.23370  1.10797e-01 |155  0.18244 -9.55533e-01 |156  0.25908  1.76958e+00
157  0.17314 -1.16529e-01 |158  0.25322  1.09293e-01 |159  0.00650  8.75889e-03
160 -0.09931  6.78439e-01 |161  0.10139  1.75477e-01 |162  0.29554 -4.30184e-01
163  0.16714  2.28799e-01 |164  0.24535 -5.79233e-01 |165 -0.35129 -1.32725e-01
166  0.24316 -1.24559e-01 |167  0.05253 -6.07579e-01 |168 -0.18797 -5.35462e-01
169  0.20447 -5.25641e-01 |170  0.31685  4.48556e-01 |171  0.07726 -1.86860e+00
172 -0.53233 -5.24285e-05 |173  0.05049 -1.31506e-01 |174  0.11941 -2.33269e-01
175  0.32095  1.45284e-01 |176  0.27253 -1.84220e-01 |177  0.00595 -1.81967e-01
178  0.00936 -3.55800e-01 |179 -0.15115 -1.13465e-01 |180 -0.12674 -9.45760e-01
181  0.01256 -3.38070e-03 |182  0.39209  1.98659e-02 |183  0.01894 -4.60771e-02
184 -0.15534 -2.41705e-02 |185  0.09915 -2.35952e+00 |186  0.16278 -4.92447e+00
187  0.21856  7.47377e-01 |188  0.25673  6.78199e+00 |189  0.02443 -4.26986e+00
190 -0.00577 -2.99565e+00 |191 -0.17731 -4.30612e+00 |192 -0.11575 -1.41618e+01
193 -0.55321  7.91533e-02 |194  0.17138 -2.64034e-02 |195  0.09496  1.09801e+00
196 -0.25353  3.22995e-01 |
196 variables; iteration 40; function evaluation 44; phase 4
Function value 7.2501535e+03; maximum gradient component mag -1.3729e+01
Var    Value     Gradient |Var    Value     Gradient |Var    Value     Gradient
  1 -0.42488 -1.67053e+00 |  2  0.37174 -9.04851e+00 |  3 -0.12467 -9.22191e+00
  4 -0.01517 -6.46480e+00 |  5 -0.70395 -1.69406e-01 |  6 -0.60489 -3.12496e-01
  7  0.37796  3.98665e+00 |  8 -0.18364  1.55509e+00 |  9  0.03036  3.19085e+00
 10 -0.59974  6.10612e-02 | 11 -0.62515  9.74775e-01 | 12 -0.08589 -2.10584e+00
 13 -0.01024 -9.44630e-03 | 14 -0.01046 -9.76686e-03 | 15 -0.01068 -1.00994e-02
 16 -0.01089 -1.04444e-02 | 17 -0.01110 -1.08029e-02 | 18 -0.01130 -1.11754e-02
 19 -0.01150 -1.15624e-02 | 20 -0.01169 -1.19647e-02 | 21 -0.01186 -1.23831e-02
 22 -0.01203 -1.28184e-02 | 23 -0.01218 -1.32716e-02 | 24 -0.01232 -1.37439e-02
 25 -0.01244 -1.42366e-02 | 26 -0.01255 -1.47513e-02 | 27 -0.01264 -1.52896e-02
 28 -0.01271 -1.58529e-02 | 29 -0.01275 -1.64423e-02 | 30 -0.01278 -1.70587e-02
 31 -0.01277 -1.77039e-02 | 32 -0.01275 -1.83806e-02 | 33 -0.01269 -1.90924e-02
 34 -0.01261 -1.98431e-02 | 35 -0.01249 -2.06368e-02 | 36 -0.01234 -2.14772e-02
 37 -0.01215 -2.23672e-02 | 38 -0.01193 -2.33090e-02 | 39 -0.01167 -2.43042e-02
 40 -0.01137 -2.53527e-02 | 41 -0.01102 -2.64606e-02 | 42 -0.01065 -2.76313e-02
 43 -0.01023 -2.88701e-02 | 44 -0.00979 -3.01836e-02 | 45 -0.00932 -3.15768e-02
 46 -0.00884 -3.30548e-02 | 47 -0.00834 -3.46238e-02 | 48 -0.00785 -3.62900e-02
 49 -0.00737 -3.80615e-02 | 50 -0.00691 -3.99467e-02 | 51 -0.00649 -4.19498e-02
 52 -0.00612 -4.40675e-02 | 53 -0.00579 -4.62946e-02 | 54 -0.00550 -4.86266e-02
 55 -0.00525 -5.10668e-02 | 56 -0.00503 -5.36334e-02 | 57 -0.00481 -5.63515e-02
 58 -0.00456 -5.92394e-02 | 59 -0.00427 -6.23240e-02 | 60 -0.00391 -6.56280e-02
 61 -0.00344 -6.91829e-02 | 62 -0.00282 -7.30114e-02 | 63 -0.00203 -7.71479e-02
 64 -0.00104 -8.16381e-02 | 65  0.00020 -8.65067e-02 | 66  0.00170 -9.18675e-02
 67  0.00350 -9.77526e-02 | 68  0.00561 -1.04208e-01 | 69  0.00804 -1.11304e-01
 70  0.01078 -1.19084e-01 | 71  0.01380 -1.27590e-01 | 72  0.01704 -1.36809e-01
 73  0.02041 -1.46699e-01 | 74  0.02375 -1.57151e-01 | 75  0.02688 -1.67958e-01
 76  0.02958 -1.78801e-01 | 77  0.03164 -1.89341e-01 | 78  0.03295 -1.99267e-01
 79  0.03349 -2.08370e-01 | 80  0.03332 -2.16614e-01 | 81  0.03257 -2.23984e-01
 82  0.03127 -2.30410e-01 | 83  0.02939 -2.35652e-01 | 84  0.02683 -2.39378e-01
 85  0.02356 -2.41402e-01 | 86  0.01974 -2.41905e-01 | 87  0.01576 -2.41521e-01
 88  0.01213 -2.41054e-01 | 89  0.00927 -2.41267e-01 | 90  0.00732 -2.42310e-01
 91  0.00609 -2.43790e-01 | 92  0.00517 -2.44800e-01 | 93  0.00444 -2.44945e-01
 94  0.00437 -2.44848e-01 | 95  0.00505 -2.44256e-01 | 96  0.00536 -2.41002e-01
 97  0.00706 -2.38045e-01 | 98  0.00963 -2.34617e-01 | 99  0.01351 -2.29020e-01
100  0.01360 -2.12376e-01 |101  0.01226 -1.89707e-01 |102  0.01045 -1.59349e-01
103  0.00246 -1.16707e-01 |104  0.00324 -8.32637e-02 |105  0.02219 -4.56998e-02
106  0.02085  2.41897e-02 |107 -0.00270  6.00636e-02 |108  0.01571  1.21337e-01
109  0.08287  3.05035e-01 |110  0.02942  3.01236e-01 |111 -0.01393  2.36511e-01
112  0.00502  3.15865e-01 |113  0.02061  4.01326e-01 |114  0.04153  5.08212e-01
115  0.00662  4.58111e-01 |116 -0.05894  2.82657e-01 |117 -0.07792  2.59173e-01
118 -0.08250  2.46723e-01 |119 -0.04660  3.07172e-01 |120  0.06469  8.78523e-01
121  0.03127  6.69402e-01 |122  0.01568  4.89527e-01 |123 -0.02921  3.20610e-01
124 -0.06534  1.33164e-01 |125  0.00201  2.79927e-01 |126 -0.00085  2.15239e-01
127 -0.00775  1.74727e-01 |128  0.02665  1.89286e-01 |129  0.08504  2.15847e-01
130  0.01255  1.29019e-01 |131  0.09355  1.31043e-01 |132  0.01391  8.81250e-02
133  0.13829  9.53711e-02 |134 -0.00543  4.35146e-02 |135 -0.03653 -3.94239e-02
136 -0.04903  1.11819e-02 |137 -0.01354  2.81178e-03 |138  0.07945  3.09586e-02
139  0.00888  2.15143e-02 |140 -0.00006 -2.93512e-02 |141 -0.03710 -9.03232e-03
142 -0.02049  2.98255e-02 |143 -0.00712 -4.27422e-02 |144 -0.00000  2.72421e-05
145  0.26701  3.24230e-01 |146  0.17875 -3.47456e-02 |147  0.04627 -1.74233e+00
148  0.29583  1.47361e+00 |149  0.01630 -1.22470e+00 |150 -0.11596 -2.30030e+00
151 -0.47532 -6.88054e-03 |152  0.31383  7.88032e-04 |153  0.04904 -3.45112e-02
154 -0.23403  2.03324e-02 |155  0.18235 -1.02796e+00 |156  0.25915  2.16948e+00
157  0.17312 -8.41493e-02 |158  0.25326  2.39400e-01 |159  0.00656  9.58386e-02
160 -0.09938  6.01504e-01 |161  0.10117  6.58882e-02 |162  0.29555 -1.80356e-01
163  0.16719  4.34695e-01 |164  0.24543 -6.38896e-01 |165 -0.35099 -1.22493e-01
166  0.24331  7.79536e-02 |167  0.05250 -4.09080e-01 |168 -0.18787  1.35397e+00
169  0.20548 -6.23373e-01 |170  0.31699  2.86675e-01 |171  0.07701 -3.82751e+00
172 -0.53233 -2.64380e-04 |173  0.04984  2.38696e-01 |174  0.11944 -2.09002e-02
175  0.32072 -4.60757e-02 |176  0.27261  1.56719e-01 |177  0.00678  2.88399e-01
178  0.00940 -7.41445e-02 |179 -0.15155 -7.78228e-02 |180 -0.12678 -7.21289e-01
181  0.01252  1.47693e-01 |182  0.39202 -5.98989e-02 |183  0.01898  1.46062e-01
184 -0.15531  1.70833e-01 |185  0.09907 -2.78915e+00 |186  0.16264 -5.16381e+00
187  0.21855  1.39626e+00 |188  0.25669  6.91043e+00 |189  0.02447 -3.78368e+00
190 -0.00561 -2.67807e+00 |191 -0.17738 -4.15442e+00 |192 -0.11579 -1.37288e+01
193 -0.55270  2.20978e-03 |194  0.17166  1.64131e-03 |195  0.09504  8.30086e-02
196 -0.25340  1.28834e-02 |
196 variables; iteration 60; function evaluation 65; phase 4
Function value 7.2501490e+03; maximum gradient component mag -8.5802e-01
Var    Value     Gradient |Var    Value     Gradient |Var    Value     Gradient
  1 -0.42472 -1.05256e-01 |  2  0.37191 -4.02998e-01 |  3 -0.12455 -3.97727e-01
  4 -0.01537 -6.71478e-01 |  5 -0.70370  1.14895e-01 |  6 -0.60488  6.67691e-03
  7  0.37797  3.57642e-01 |  8 -0.18365  1.67935e-01 |  9  0.03023  5.21182e-02
 10 -0.59997 -1.65801e-01 | 11 -0.62511  9.51049e-02 | 12 -0.08580 -2.71860e-01
 13 -0.01021  3.67356e-03 | 14 -0.01043  3.84721e-03 | 15 -0.01065  4.02654e-03
 16 -0.01086  4.21094e-03 | 17 -0.01107  4.39955e-03 | 18 -0.01128  4.59142e-03
 19 -0.01147  4.78533e-03 | 20 -0.01166  4.97978e-03 | 21 -0.01183  5.17306e-03
 22 -0.01200  5.36322e-03 | 23 -0.01215  5.54804e-03 | 24 -0.01229  5.72514e-03
 25 -0.01241  5.89195e-03 | 26 -0.01252  6.04590e-03 | 27 -0.01260  6.18424e-03
 28 -0.01267  6.30375e-03 | 29 -0.01272  6.40012e-03 | 30 -0.01274  6.46829e-03
 31 -0.01273  6.50310e-03 | 32 -0.01271  6.49936e-03 | 33 -0.01265  6.45183e-03
 34 -0.01257  6.35525e-03 | 35 -0.01245  6.20446e-03 | 36 -0.01230  5.99439e-03
 37 -0.01211  5.71992e-03 | 38 -0.01189  5.37574e-03 | 39 -0.01163  4.95641e-03
 40 -0.01133  4.45687e-03 | 41 -0.01099  3.87109e-03 | 42 -0.01061  3.19445e-03
 43 -0.01020  2.42268e-03 | 44 -0.00976  1.55167e-03 | 45 -0.00929  5.76973e-04
 46 -0.00881 -5.06522e-04 | 47 -0.00831 -1.70521e-03 | 48 -0.00782 -3.02592e-03
 49 -0.00735 -4.47507e-03 | 50 -0.00690 -6.05695e-03 | 51 -0.00648 -7.77220e-03
 52 -0.00610 -9.61710e-03 | 53 -0.00578 -1.15862e-02 | 54 -0.00550 -1.36714e-02
 55 -0.00525 -1.58614e-02 | 56 -0.00503 -1.81431e-02 | 57 -0.00482 -2.05004e-02
 58 -0.00458 -2.29088e-02 | 59 -0.00429 -2.53435e-02 | 60 -0.00393 -2.77740e-02
 61 -0.00346 -3.01719e-02 | 62 -0.00285 -3.25031e-02 | 63 -0.00206 -3.47407e-02
 64 -0.00107 -3.68647e-02 | 65  0.00016 -3.88487e-02 | 66  0.00167 -4.07055e-02
 67  0.00347 -4.24125e-02 | 68  0.00558 -4.39540e-02 | 69  0.00801 -4.53220e-02
 70  0.01075 -4.64993e-02 | 71  0.01377 -4.74723e-02 | 72  0.01702 -4.82263e-02
 73  0.02039 -4.87560e-02 | 74  0.02374 -4.90678e-02 | 75  0.02688 -4.91643e-02
 76  0.02958 -4.90148e-02 | 77  0.03166 -4.85633e-02 | 78  0.03298 -4.77651e-02
 79  0.03352 -4.66129e-02 | 80  0.03337 -4.51533e-02 | 81  0.03262 -4.34622e-02
 82  0.03133 -4.16151e-02 | 83  0.02945 -3.96593e-02 | 84  0.02690 -3.76272e-02
 85  0.02363 -3.56190e-02 | 86  0.01981 -3.38631e-02 | 87  0.01583 -3.26328e-02
 88  0.01219 -3.21243e-02 | 89  0.00932 -3.24496e-02 | 90  0.00736 -3.35744e-02
 91  0.00611 -3.53249e-02 | 92  0.00517 -3.74848e-02 | 93  0.00443 -3.97606e-02
 94  0.00434 -4.13710e-02 | 95  0.00500 -4.16685e-02 | 96  0.00530 -4.24578e-02
 97  0.00700 -3.90630e-02 | 98  0.00957 -3.26278e-02 | 99  0.01346 -2.16925e-02
100  0.01357 -8.76668e-03 |101  0.01227  1.00279e-02 |102  0.01051  3.61637e-02
103  0.00257  6.19602e-02 |104  0.00335  8.39551e-02 |105  0.02230  9.85975e-02
106  0.02089  8.04624e-02 |107 -0.00287  2.03912e-02 |108  0.01566  5.90366e-02
109  0.08284  1.16903e-01 |110  0.02940  1.04017e-01 |111 -0.01391  9.11633e-02
112  0.00500  1.00924e-01 |113  0.02054  1.17759e-01 |114  0.04155  2.13503e-01
115  0.00673  2.22730e-01 |116 -0.05895  7.15950e-02 |117 -0.07825 -9.72220e-02
118 -0.08244  6.07917e-02 |119 -0.04664  6.11391e-02 |120  0.06469  8.89538e-02
121  0.03081 -1.03805e-01 |122  0.01583  1.20732e-01 |123 -0.02914  8.81112e-02
124 -0.06541 -4.79072e-03 |125  0.00201  4.00972e-02 |126 -0.00103 -5.97345e-02
127 -0.00779 -2.58163e-02 |128  0.02657 -5.90227e-02 |129  0.08477 -1.07734e-01
130  0.01276  6.30484e-02 |131  0.09339 -4.91558e-02 |132  0.01367 -8.10073e-02
133  0.13819 -1.63489e-02 |134 -0.00543  9.45709e-03 |135 -0.03668 -4.51591e-02
136 -0.04912 -3.06490e-02 |137 -0.01358 -1.18263e-02 |138  0.07976  1.06377e-01
139  0.00879 -2.72576e-02 |140  0.00011  4.28014e-02 |141 -0.03713 -1.48157e-02
142 -0.02055 -2.92352e-02 |143 -0.00703  3.61369e-02 |144 -0.00000  1.31868e-04
145  0.26712  1.50176e-01 |146  0.17867 -8.72316e-02 |147  0.04629 -1.25654e-01
148  0.29582  1.23419e-01 |149  0.01649  9.61165e-02 |150 -0.11586 -2.49447e-01
151 -0.47519  1.95765e-01 |152  0.31373 -3.11202e-02 |153  0.04939  4.36813e-01
154 -0.23498 -3.07823e-01 |155  0.18226 -1.42591e-01 |156  0.25902  1.47332e-01
157  0.17298 -2.44083e-01 |158  0.25312 -1.37522e-01 |159  0.00647 -2.73250e-01
160 -0.09944  2.66378e-01 |161  0.10093 -1.03183e-01 |162  0.29547 -4.24194e-02
163  0.16692 -1.19165e-01 |164  0.24532 -1.40461e-01 |165 -0.35106 -4.04163e-02
166  0.24327  7.32158e-02 |167  0.05257 -3.52743e-02 |168 -0.18800  3.58856e-02
169  0.20555 -1.86846e-02 |170  0.31701  2.79794e-03 |171  0.07713 -2.16161e-01
172 -0.53235  3.65575e-06 |173  0.04974  3.06736e-02 |174  0.11949  2.04899e-01
175  0.32068 -2.06968e-02 |176  0.27266  1.90144e-01 |177  0.00675  4.64765e-02
178  0.00943  2.18340e-01 |179 -0.15162 -6.33603e-02 |180 -0.12673 -1.21508e-01
181  0.01287  1.70119e-01 |182  0.39219  2.61672e-02 |183  0.01873 -9.85176e-03
184 -0.15536 -3.20628e-02 |185  0.09913 -2.04609e-02 |186  0.16261 -3.27346e-01
187  0.21859  2.66764e-01 |188  0.25662  5.25753e-01 |189  0.02444 -3.50484e-01
190 -0.00559 -1.83742e-01 |191 -0.17715 -2.10860e-01 |192 -0.11548 -8.58019e-01
193 -0.55356 -4.63381e-02 |194  0.17137  3.04475e-02 |195  0.09521  7.67392e-02
196 -0.25373 -7.02292e-02 |
196 variables; iteration 80; function evaluation 91; phase 4
Function value 7.2501483e+03; maximum gradient component mag -5.4969e-02
Var    Value     Gradient |Var    Value     Gradient |Var    Value     Gradient
  1 -0.42470  1.50370e-03 |  2  0.37188 -1.26717e-02 |  3 -0.12460 -1.08028e-02
  4 -0.01529 -4.35086e-02 |  5 -0.70391  3.94636e-03 |  6 -0.60486  2.90818e-03
  7  0.37800  2.68699e-02 |  8 -0.18366  1.65536e-02 |  9  0.03020 -3.83797e-03
 10 -0.59975 -2.59767e-02 | 11 -0.62513  8.83782e-03 | 12 -0.08566 -4.32102e-02
 13 -0.01022  1.78669e-03 | 14 -0.01045  1.89158e-03 | 15 -0.01066  1.99652e-03
 16 -0.01088  2.10044e-03 | 17 -0.01109  2.20209e-03 | 18 -0.01129  2.30019e-03
 19 -0.01148  2.39330e-03 | 20 -0.01167  2.47988e-03 | 21 -0.01185  2.55831e-03
 22 -0.01201  2.62693e-03 | 23 -0.01217  2.68406e-03 | 24 -0.01230  2.72803e-03
 25 -0.01243  2.75727e-03 | 26 -0.01254  2.77034e-03 | 27 -0.01262  2.76594e-03
 28 -0.01269  2.74279e-03 | 29 -0.01274  2.69942e-03 | 30 -0.01276  2.63424e-03
 31 -0.01276  2.54574e-03 | 32 -0.01273  2.43271e-03 | 33 -0.01268  2.29426e-03
 34 -0.01259  2.13006e-03 | 35 -0.01248  1.94051e-03 | 36 -0.01233  1.72685e-03
 37 -0.01214  1.49119e-03 | 38 -0.01192  1.23641e-03 | 39 -0.01166  9.66128e-04
 40 -0.01136  6.85438e-04 | 41 -0.01102  3.98223e-04 | 42 -0.01064  1.10890e-04
 43 -0.01023 -1.69668e-04 | 44 -0.00979 -4.36169e-04 | 45 -0.00932 -6.81398e-04
 46 -0.00883 -8.99107e-04 | 47 -0.00834 -1.08500e-03 | 48 -0.00785 -1.23633e-03
 49 -0.00737 -1.35209e-03 | 50 -0.00691 -1.43231e-03 | 51 -0.00649 -1.47735e-03
 52 -0.00611 -1.48744e-03 | 53 -0.00578 -1.46361e-03 | 54 -0.00550 -1.40564e-03
 55 -0.00525 -1.31154e-03 | 56 -0.00503 -1.17936e-03 | 57 -0.00480 -1.00902e-03
 58 -0.00456 -8.02799e-04 | 59 -0.00427 -5.69195e-04 | 60 -0.00390 -3.22910e-04
 61 -0.00342 -8.66101e-05 | 62 -0.00281  1.11265e-04 | 63 -0.00202  2.37609e-04
 64 -0.00102  2.62367e-04 | 65  0.00021  1.69531e-04 | 66  0.00172 -2.67023e-05
 67  0.00352 -2.69896e-04 | 68  0.00563 -4.57917e-04 | 69  0.00806 -4.63804e-04
 70  0.01080 -1.93966e-04 | 71  0.01382  3.31829e-04 | 72  0.01707  9.37411e-04
 73  0.02044  1.36567e-03 | 74  0.02379  1.46564e-03 | 75  0.02692  1.30642e-03
 76  0.02961  1.07648e-03 | 77  0.03168  8.89104e-04 | 78  0.03299  7.06835e-04
 79  0.03352  4.40832e-04 | 80  0.03336  4.82124e-05 | 81  0.03260 -4.64079e-04
 82  0.03130 -1.06499e-03 | 83  0.02942 -1.71953e-03 | 84  0.02686 -2.40186e-03
 85  0.02359 -3.11241e-03 | 86  0.01976 -3.83318e-03 | 87  0.01578 -4.60307e-03
 88  0.01214 -5.63584e-03 | 89  0.00928 -7.01624e-03 | 90  0.00733 -8.57172e-03
 91  0.00608 -1.00559e-02 | 92  0.00516 -1.12206e-02 | 93  0.00443 -1.18470e-02
 94  0.00435 -1.16450e-02 | 95  0.00503 -1.00941e-02 | 96  0.00535 -7.02214e-03
 97  0.00705 -3.82493e-03 | 98  0.00962 -1.73211e-03 | 99  0.01348 -1.06700e-03
100  0.01358  1.26262e-03 |101  0.01225  2.64239e-03 |102  0.01043  5.01922e-03
103  0.00247  1.31927e-02 |104  0.00325  1.40883e-02 |105  0.02219  1.56164e-02
106  0.02084  1.29005e-02 |107 -0.00271  3.96847e-03 |108  0.01565 -1.06971e-02
109  0.08285  7.88396e-03 |110  0.02942  1.17968e-02 |111 -0.01391  1.68428e-02
112  0.00502  1.92849e-02 |113  0.02059  8.22161e-03 |114  0.04150  4.81654e-03
115  0.00660  1.98987e-02 |116 -0.05892  2.43717e-02 |117 -0.07794  1.04656e-02
118 -0.08256 -2.41122e-02 |119 -0.04663  1.71690e-03 |120  0.06467  3.02880e-02
121  0.03115 -2.41318e-02 |122  0.01566 -7.52756e-03 |123 -0.02916  2.26175e-02
124 -0.06535 -2.98647e-04 |125  0.00207  2.66227e-02 |126 -0.00084  7.21550e-04
127 -0.00771  1.10139e-02 |128  0.02658 -1.42391e-02 |129  0.08508 -6.18918e-03
130  0.01249  2.78348e-03 |131  0.09358  9.08477e-03 |132  0.01385 -1.15122e-02
133  0.13827  4.15146e-03 |134 -0.00551 -2.79576e-02 |135 -0.03657 -4.63394e-03
136 -0.04909 -1.35070e-02 |137 -0.01359 -1.08820e-02 |138  0.07944 -5.53173e-03
139  0.00885 -9.40266e-03 |140 -0.00002  1.22388e-02 |141 -0.03707  9.59476e-03
142 -0.02052 -1.22201e-02 |143 -0.00714  7.74592e-04 |144 -0.00000  9.88411e-05
145  0.26682  1.76318e-02 |146  0.17860 -2.31953e-02 |147  0.04637 -8.34406e-03
148  0.29584  9.10242e-03 |149  0.01637  8.61961e-03 |150 -0.11580 -1.88959e-02
151 -0.47533  1.43142e-02 |152  0.31394  1.19730e-02 |153  0.04912  4.48264e-02
154 -0.23414 -2.04377e-02 |155  0.18235 -1.64394e-02 |156  0.25904  7.17111e-03
157  0.17314 -1.99422e-02 |158  0.25321 -1.25918e-02 |159  0.00653 -2.87773e-02
160 -0.09950  2.18760e-02 |161  0.10117 -9.99562e-03 |162  0.29556 -3.33275e-03
163  0.16711 -1.80254e-02 |164  0.24543 -1.53036e-02 |165 -0.35106 -1.45718e-02
166  0.24327  1.22274e-03 |167  0.05259 -1.40164e-03 |168 -0.18797 -6.62189e-03
169  0.20553  7.82970e-03 |170  0.31701  2.85251e-03 |171  0.07714 -1.38245e-02
172 -0.53239  1.73498e-05 |173  0.04993  1.54818e-02 |174  0.11939 -2.96717e-03
175  0.32074  5.70449e-03 |176  0.27259  7.85804e-03 |177  0.00656 -6.84226e-03
178  0.00942  4.21596e-02 |179 -0.15161 -5.73883e-03 |180 -0.12670 -1.36991e-02
181  0.01250  2.30837e-02 |182  0.39202 -1.17369e-03 |183  0.01897 -9.55755e-03
184 -0.15538  1.13027e-03 |185  0.09909 -1.58590e-03 |186  0.16261 -2.22111e-02
187  0.21855  2.36490e-02 |188  0.25661  3.80427e-02 |189  0.02446 -2.76885e-02
190 -0.00560 -1.48166e-02 |191 -0.17715 -1.24455e-02 |192 -0.11546 -5.49691e-02
193 -0.55262 -1.92688e-04 |194  0.17169  6.29574e-03 |195  0.09502 -1.56044e-02
196 -0.25350 -2.72689e-02 |
196 variables; iteration 100; function evaluation 124; phase 4
Function value 7.2501482e+03; maximum gradient component mag -1.0000e-03
Var    Value     Gradient |Var    Value     Gradient |Var    Value     Gradient
  1 -0.42470  3.02154e-05 |  2  0.37188  9.80190e-05 |  3 -0.12460  1.33898e-04
  4 -0.01528  5.83691e-04 |  5 -0.70392 -4.08325e-04 |  6 -0.60486 -4.31006e-06
  7  0.37799 -2.46745e-04 |  8 -0.18367 -1.51735e-04 |  9  0.03021 -5.15538e-05
 10 -0.59972  7.37861e-04 | 11 -0.62513 -1.33010e-04 | 12 -0.08565  5.79381e-04
 13 -0.01023 -8.48986e-07 | 14 -0.01045  7.76678e-06 | 15 -0.01067  1.61364e-05
 16 -0.01089  2.41337e-05 | 17 -0.01110  3.16442e-05 | 18 -0.01130  3.85544e-05
 19 -0.01149  4.47652e-05 | 20 -0.01168  5.01971e-05 | 21 -0.01186  5.47914e-05
 22 -0.01202  5.85095e-05 | 23 -0.01218  6.13342e-05 | 24 -0.01232  6.32699e-05
 25 -0.01244  6.43385e-05 | 26 -0.01255  6.45811e-05 | 27 -0.01264  6.40531e-05
 28 -0.01270  6.28134e-05 | 29 -0.01275  6.09080e-05 | 30 -0.01277  5.83599e-05
 31 -0.01277  5.51743e-05 | 32 -0.01274  5.13404e-05 | 33 -0.01269  4.68354e-05
 34 -0.01260  4.16335e-05 | 35 -0.01249  3.57147e-05 | 36 -0.01234  2.90785e-05
 37 -0.01215  2.17553e-05 | 38 -0.01193  1.38228e-05 | 39 -0.01167  5.42857e-06
 40 -0.01136 -3.15457e-06 | 41 -0.01102 -1.15782e-05 | 42 -0.01064 -1.92859e-05
 43 -0.01023 -2.55729e-05 | 44 -0.00979 -2.96390e-05 | 45 -0.00932 -3.07040e-05
 46 -0.00883 -2.81788e-05 | 47 -0.00834 -2.18517e-05 | 48 -0.00785 -1.19792e-05
 49 -0.00737  6.67052e-07 | 50 -0.00691  1.48775e-05 | 51 -0.00649  2.91624e-05
 52 -0.00611  4.19647e-05 | 53 -0.00578  5.18528e-05 | 54 -0.00550  5.76943e-05
 55 -0.00525  5.85906e-05 | 56 -0.00503  5.36498e-05 | 57 -0.00480  4.17692e-05
 58 -0.00456  2.14534e-05 | 59 -0.00427 -9.22398e-06 | 60 -0.00390 -5.24814e-05
 61 -0.00343 -1.10196e-04 | 62 -0.00281 -1.82529e-04 | 63 -0.00203 -2.65160e-04
 64 -0.00103 -3.45522e-04 | 65  0.00021 -3.99561e-04 | 66  0.00171 -3.95574e-04
 67  0.00351 -3.11379e-04 | 68  0.00562 -1.69372e-04 | 69  0.00805 -5.86362e-05
 70  0.01080 -7.63884e-05 | 71  0.01382 -1.85753e-04 | 72  0.01706 -2.12531e-04
 73  0.02043 -1.50143e-04 | 74  0.02377 -2.20242e-04 | 75  0.02690 -3.56529e-04
 76  0.02960 -2.81519e-04 | 77  0.03167 -1.21586e-04 | 78  0.03298 -9.53349e-05
 79  0.03351 -1.19342e-04 | 80  0.03335 -7.63392e-05 | 81  0.03259  7.08234e-06
 82  0.03129  3.76981e-05 | 83  0.02941 -2.26441e-05 | 84  0.02685 -8.78354e-05
 85  0.02358 -3.39959e-05 | 86  0.01976  1.17737e-04 | 87  0.01577  1.82690e-04
 88  0.01214  1.37661e-04 | 89  0.00928  1.66329e-04 | 90  0.00733  2.62084e-04
 91  0.00609  3.60475e-04 | 92  0.00518  4.42857e-04 | 93  0.00445  5.08445e-04
 94  0.00437  5.36606e-04 | 95  0.00505  4.05773e-04 | 96  0.00536  3.80912e-05
 97  0.00705 -4.17614e-04 | 98  0.00961 -5.39581e-04 | 99  0.01348 -5.41397e-04
100  0.01357 -2.93160e-04 |101  0.01224 -6.56831e-05 |102  0.01043  1.08007e-04
103  0.00244 -1.00003e-03 |104  0.00323  2.26031e-04 |105  0.02217 -3.53900e-04
106  0.02082  1.59031e-05 |107 -0.00272  1.40328e-04 |108  0.01571  2.30500e-04
109  0.08284 -1.26818e-04 |110  0.02940 -2.24258e-04 |111 -0.01394 -8.24953e-04
112  0.00500 -2.26430e-04 |113  0.02059 -1.38613e-04 |114  0.04151  7.99831e-05
115  0.00659 -5.60634e-04 |116 -0.05896  2.60160e-04 |117 -0.07796 -4.53487e-04
118 -0.08251 -7.74981e-05 |119 -0.04662  1.06323e-04 |120  0.06461 -6.75822e-04
121  0.03122  7.13891e-04 |122  0.01567  3.68273e-04 |123 -0.02921 -8.32883e-04
124 -0.06533  3.06963e-04 |125  0.00202 -8.70340e-04 |126 -0.00082 -4.53905e-04
127 -0.00774  7.46811e-04 |128  0.02662  2.10560e-04 |129  0.08508  8.95186e-05
130  0.01248  6.69446e-05 |131  0.09357  5.21933e-05 |132  0.01388 -4.36795e-04
133  0.13827  4.05377e-04 |134 -0.00544  2.95815e-04 |135 -0.03655  2.94802e-04
136 -0.04905  2.79272e-04 |137 -0.01356  2.85685e-05 |138  0.07945 -2.22750e-04
139  0.00887 -5.46367e-04 |140 -0.00005 -9.61573e-04 |141 -0.03710 -5.03234e-04
142 -0.02047  8.29928e-04 |143 -0.00714 -1.98297e-05 |144 -0.00000 -1.34534e-05
145  0.26678 -2.12101e-04 |146  0.17860  3.09690e-04 |147  0.04637  1.16924e-04
148  0.29584 -1.16236e-04 |149  0.01635 -1.35145e-04 |150 -0.11579  2.36065e-04
151 -0.47545 -1.14951e-05 |152  0.31375 -3.60678e-04 |153  0.04912 -6.37189e-04
154 -0.23409  1.72972e-04 |155  0.18236  2.57917e-04 |156  0.25905 -6.80093e-05
157  0.17315  3.22635e-04 |158  0.25322  2.09860e-04 |159  0.00654  3.63121e-04
160 -0.09950 -2.87669e-04 |161  0.10119 -7.23355e-06 |162  0.29556 -1.79907e-05
163  0.16713  5.26490e-05 |164  0.24545  1.06229e-04 |165 -0.35096  2.01474e-04
166  0.24330 -2.07663e-05 |167  0.05257  1.87087e-06 |168 -0.18796  5.52282e-05
169  0.20545 -1.47526e-04 |170  0.31699 -4.84979e-05 |171  0.07715  1.78777e-04
172 -0.53246  1.67005e-05 |173  0.04982 -2.89307e-04 |174  0.11941  2.52239e-04
175  0.32070 -9.57206e-05 |176  0.27259  6.01458e-06 |177  0.00665  1.08758e-04
178  0.00938 -8.00296e-04 |179 -0.15161  4.60405e-05 |180 -0.12670  2.10599e-04
181  0.01243 -1.94283e-04 |182  0.39199  4.42713e-05 |183  0.01903  1.23970e-04
184 -0.15539  8.44011e-07 |185  0.09908 -1.94821e-05 |186  0.16261  2.43210e-04
187  0.21854 -2.89819e-04 |188  0.25661 -4.47841e-04 |189  0.02447  3.41525e-04
190 -0.00560  1.92078e-04 |191 -0.17715  1.23954e-04 |192 -0.11546  6.65318e-04
193 -0.55265 -2.66046e-05 |194  0.17166 -1.50128e-04 |195  0.09500  3.15993e-04
196 -0.25343  6.02146e-04 |

 - final statistics:
196 variables; iteration 102; function evaluation 127
Function value 7.2501e+03; maximum gradient component mag -9.5259e-04
Exit code = 1;  converg criter 1.0000e-03
Var    Value     Gradient |Var    Value     Gradient |Var    Value     Gradient
  1 -0.42470  2.92580e-05 |  2  0.37188  9.67570e-05 |  3 -0.12460  1.22552e-04
  4 -0.01528  5.13691e-04 |  5 -0.70392 -3.14527e-04 |  6 -0.60486 -3.94515e-06
  7  0.37799 -2.04488e-04 |  8 -0.18367 -1.34438e-04 |  9  0.03021 -7.46736e-05
 10 -0.59972  7.11156e-04 | 11 -0.62513 -1.20132e-04 | 12 -0.08565  5.18969e-04
 13 -0.01023  9.82594e-06 | 14 -0.01045  1.57559e-05 | 15 -0.01067  2.16482e-05
 16 -0.01089  2.74294e-05 | 17 -0.01110  3.30276e-05 | 18 -0.01130  3.83647e-05
 19 -0.01149  4.33641e-05 | 20 -0.01168  4.79541e-05 | 21 -0.01186  5.20689e-05
 22 -0.01202  5.56485e-05 | 23 -0.01218  5.86409e-05 | 24 -0.01232  6.10048e-05
 25 -0.01244  6.27075e-05 | 26 -0.01255  6.37294e-05 | 27 -0.01264  6.40617e-05
 28 -0.01270  6.37018e-05 | 29 -0.01275  6.26434e-05 | 30 -0.01277  6.08727e-05
 31 -0.01277  5.83750e-05 | 32 -0.01274  5.51372e-05 | 33 -0.01269  5.11528e-05
 34 -0.01260  4.64299e-05 | 35 -0.01249  4.09986e-05 | 36 -0.01234  3.49191e-05
 37 -0.01215  2.82854e-05 | 38 -0.01193  2.12283e-05 | 39 -0.01167  1.39198e-05
 40 -0.01136  6.60121e-06 | 41 -0.01102 -4.77003e-07 | 42 -0.01064 -6.95801e-06
 43 -0.01023 -1.24339e-05 | 44 -0.00979 -1.64747e-05 | 45 -0.00932 -1.86836e-05
 46 -0.00883 -1.87795e-05 | 47 -0.00834 -1.66831e-05 | 48 -0.00785 -1.25502e-05
 49 -0.00737 -6.79990e-06 | 50 -0.00691 -8.43859e-08 | 51 -0.00649  6.77648e-06
 52 -0.00611  1.28941e-05 | 53 -0.00578  1.74077e-05 | 54 -0.00550  1.95982e-05
 55 -0.00525  1.88683e-05 | 56 -0.00503  1.46188e-05 | 57 -0.00480  6.11504e-06
 58 -0.00456 -7.64157e-06 | 59 -0.00427 -2.79911e-05 | 60 -0.00390 -5.66021e-05
 61 -0.00343 -9.52109e-05 | 62 -0.00281 -1.44921e-04 | 63 -0.00203 -2.04532e-04
 64 -0.00103 -2.67674e-04 | 65  0.00021 -3.18759e-04 | 66  0.00171 -3.31377e-04
 67  0.00351 -2.75403e-04 | 68  0.00562 -1.47067e-04 | 69  0.00805 -1.53388e-05
 70  0.01080 -1.10573e-05 | 71  0.01382 -1.51594e-04 | 72  0.01706 -1.88660e-04
 73  0.02043 -3.90331e-05 | 74  0.02377 -2.01439e-04 | 75  0.02690 -6.10356e-04
 76  0.02960 -3.49846e-04 | 77  0.03167  1.87307e-04 | 78  0.03298  5.98022e-05
 79  0.03351 -2.81565e-04 | 80  0.03335 -1.76583e-04 | 81  0.03259  2.04961e-04
 82  0.03129  3.30716e-04 | 83  0.02941  2.32346e-05 | 84  0.02685 -3.01369e-04
 85  0.02358 -2.04619e-04 | 86  0.01976  1.21708e-04 | 87  0.01577  1.97660e-04
 88  0.01214  9.10551e-05 | 89  0.00928  1.13166e-04 | 90  0.00733  2.06524e-04
 91  0.00609  2.91308e-04 | 92  0.00517  3.59374e-04 | 93  0.00445  4.19402e-04
 94  0.00437  4.66173e-04 | 95  0.00505  3.98640e-04 | 96  0.00536  1.27411e-04
 97  0.00705 -2.64345e-04 | 98  0.00961 -3.86418e-04 | 99  0.01348 -4.56107e-04
100  0.01357 -2.31032e-04 |101  0.01224 -1.48460e-04 |102  0.01043  1.50230e-05
103  0.00244 -9.52594e-04 |104  0.00323  1.96453e-04 |105  0.02217 -3.47283e-04
106  0.02082  1.70642e-04 |107 -0.00272  4.53414e-05 |108  0.01571  2.46333e-04
109  0.08284 -1.03087e-04 |110  0.02940 -2.13838e-04 |111 -0.01394 -7.81376e-04
112  0.00500 -1.36165e-04 |113  0.02059 -8.52237e-05 |114  0.04151 -1.30281e-05
115  0.00659 -4.18172e-04 |116 -0.05896  2.57458e-04 |117 -0.07796 -4.73688e-04
118 -0.08251  3.58021e-05 |119 -0.04662  2.81502e-05 |120  0.06461 -5.94654e-04
121  0.03122  7.25339e-04 |122  0.01567  2.68720e-04 |123 -0.02921 -6.94447e-04
124 -0.06533  2.68782e-04 |125  0.00202 -7.82346e-04 |126 -0.00082 -3.46304e-04
127 -0.00774  6.73995e-04 |128  0.02662  2.09193e-04 |129  0.08508  3.57000e-05
130  0.01248  2.15535e-04 |131  0.09357  1.13205e-04 |132  0.01388 -4.99401e-04
133  0.13827  4.10417e-04 |134 -0.00544  1.95701e-04 |135 -0.03655  1.61480e-04
136 -0.04905  1.77338e-04 |137 -0.01356  1.23902e-04 |138  0.07945  1.00329e-04
139  0.00887 -4.82469e-04 |140 -0.00005 -8.90435e-04 |141 -0.03710 -4.03279e-04
142 -0.02047  7.81397e-04 |143 -0.00714 -5.52889e-05 |144 -0.00000 -1.01587e-05
145  0.26678 -2.12070e-04 |146  0.17860  3.18300e-04 |147  0.04637  1.09668e-04
148  0.29584 -1.03933e-04 |149  0.01635 -1.24776e-04 |150 -0.11579  2.12358e-04
151 -0.47545 -2.44491e-05 |152  0.31375 -3.18193e-04 |153  0.04912 -5.69654e-04
154 -0.23409  2.47839e-04 |155  0.18236  2.41252e-04 |156  0.25905 -5.84396e-05
157  0.17315  3.66092e-04 |158  0.25322  2.29872e-04 |159  0.00654  2.60085e-04
160 -0.09950 -2.55094e-04 |161  0.10119  6.91138e-06 |162  0.29556 -1.21513e-05
163  0.16713  5.17363e-05 |164  0.24545  9.65849e-05 |165 -0.35096  1.56940e-04
166  0.24330 -2.39203e-05 |167  0.05257  7.27164e-06 |168 -0.18796  5.22831e-05
169  0.20545 -1.41134e-04 |170  0.31699 -4.68971e-05 |171  0.07715  1.62127e-04
172 -0.53246  1.65074e-05 |173  0.04982 -2.62297e-04 |174  0.11941  2.29117e-04
175  0.32070 -8.84695e-05 |176  0.27259  5.28931e-06 |177  0.00665  1.00033e-04
178  0.00938 -7.20790e-04 |179 -0.15161  4.06674e-05 |180 -0.12670  1.88361e-04
181  0.01243 -1.94649e-04 |182  0.39199  2.08231e-05 |183  0.01903  1.29677e-04
184 -0.15539 -4.40322e-06 |185  0.09908 -2.01169e-05 |186  0.16261  2.16544e-04
187  0.21854 -2.58379e-04 |188  0.25661 -3.97248e-04 |189  0.02447  3.02545e-04
190 -0.00560  1.68990e-04 |191 -0.17715  1.09608e-04 |192 -0.11546  5.95331e-04
193 -0.55265 -1.47004e-05 |194  0.17166 -1.30518e-04 |195  0.09500  2.83710e-04
196 -0.25343  4.88171e-04 |

 - final statistics:
209 variables; iteration 0; function evaluation 0
Function value 7.2501e+03; maximum gradient component mag -9.5259e-04
Exit code = 0;  converg criter 1.0000e-03
Var    Value     Gradient |Var    Value     Gradient |Var    Value     Gradient
  1 -0.42470  2.92580e-05 |  2  0.37188  9.67570e-05 |  3 -0.12460  1.22552e-04
  4 -0.01528  5.13691e-04 |  5 -0.70392 -3.14527e-04 |  6 -0.60486 -3.94514e-06
  7  0.37799 -2.04488e-04 |  8 -0.18367 -1.34438e-04 |  9  0.03021 -7.46736e-05
 10 -0.59972  7.11156e-04 | 11 -0.62513 -1.20132e-04 | 12 -0.08565  5.18969e-04
 13 -0.01023  9.82594e-06 | 14 -0.01045  1.57559e-05 | 15 -0.01067  2.16482e-05
 16 -0.01089  2.74294e-05 | 17 -0.01110  3.30276e-05 | 18 -0.01130  3.83647e-05
 19 -0.01149  4.33641e-05 | 20 -0.01168  4.79541e-05 | 21 -0.01186  5.20689e-05
 22 -0.01202  5.56485e-05 | 23 -0.01218  5.86409e-05 | 24 -0.01232  6.10048e-05
 25 -0.01244  6.27075e-05 | 26 -0.01255  6.37294e-05 | 27 -0.01264  6.40617e-05
 28 -0.01270  6.37018e-05 | 29 -0.01275  6.26434e-05 | 30 -0.01277  6.08727e-05
 31 -0.01277  5.83750e-05 | 32 -0.01274  5.51372e-05 | 33 -0.01269  5.11528e-05
 34 -0.01260  4.64299e-05 | 35 -0.01249  4.09986e-05 | 36 -0.01234  3.49191e-05
 37 -0.01215  2.82854e-05 | 38 -0.01193  2.12283e-05 | 39 -0.01167  1.39198e-05
 40 -0.01136  6.60121e-06 | 41 -0.01102 -4.77003e-07 | 42 -0.01064 -6.95801e-06
 43 -0.01023 -1.24339e-05 | 44 -0.00979 -1.64747e-05 | 45 -0.00932 -1.86836e-05
 46 -0.00883 -1.87795e-05 | 47 -0.00834 -1.66831e-05 | 48 -0.00785 -1.25502e-05
 49 -0.00737 -6.79990e-06 | 50 -0.00691 -8.43859e-08 | 51 -0.00649  6.77648e-06
 52 -0.00611  1.28941e-05 | 53 -0.00578  1.74077e-05 | 54 -0.00550  1.95982e-05
 55 -0.00525  1.88683e-05 | 56 -0.00503  1.46188e-05 | 57 -0.00480  6.11504e-06
 58 -0.00456 -7.64157e-06 | 59 -0.00427 -2.79911e-05 | 60 -0.00390 -5.66021e-05
 61 -0.00343 -9.52109e-05 | 62 -0.00281 -1.44921e-04 | 63 -0.00203 -2.04532e-04
 64 -0.00103 -2.67674e-04 | 65  0.00021 -3.18759e-04 | 66  0.00171 -3.31377e-04
 67  0.00351 -2.75403e-04 | 68  0.00562 -1.47067e-04 | 69  0.00805 -1.53388e-05
 70  0.01080 -1.10573e-05 | 71  0.01382 -1.51594e-04 | 72  0.01706 -1.88660e-04
 73  0.02043 -3.90331e-05 | 74  0.02377 -2.01439e-04 | 75  0.02690 -6.10356e-04
 76  0.02960 -3.49846e-04 | 77  0.03167  1.87307e-04 | 78  0.03298  5.98022e-05
 79  0.03351 -2.81565e-04 | 80  0.03335 -1.76583e-04 | 81  0.03259  2.04961e-04
 82  0.03129  3.30716e-04 | 83  0.02941  2.32346e-05 | 84  0.02685 -3.01369e-04
 85  0.02358 -2.04619e-04 | 86  0.01976  1.21708e-04 | 87  0.01577  1.97660e-04
 88  0.01214  9.10551e-05 | 89  0.00928  1.13166e-04 | 90  0.00733  2.06524e-04
 91  0.00609  2.91308e-04 | 92  0.00517  3.59374e-04 | 93  0.00445  4.19402e-04
 94  0.00437  4.66173e-04 | 95  0.00505  3.98640e-04 | 96  0.00536  1.27411e-04
 97  0.00705 -2.64345e-04 | 98  0.00961 -3.86418e-04 | 99  0.01348 -4.56107e-04
100  0.01357 -2.31032e-04 |101  0.01224 -1.48460e-04 |102  0.01043  1.50230e-05
103  0.00244 -9.52594e-04 |104  0.00323  1.96453e-04 |105  0.02217 -3.47283e-04
106  0.02082  1.70642e-04 |107 -0.00272  4.53414e-05 |108  0.01571  2.46333e-04
109  0.08284 -1.03087e-04 |110  0.02940 -2.13838e-04 |111 -0.01394 -7.81376e-04
112  0.00500 -1.36165e-04 |113  0.02059 -8.52237e-05 |114  0.04151 -1.30281e-05
115  0.00659 -4.18172e-04 |116 -0.05896  2.57458e-04 |117 -0.07796 -4.73688e-04
118 -0.08251  3.58021e-05 |119 -0.04662  2.81502e-05 |120  0.06461 -5.94654e-04
121  0.03122  7.25339e-04 |122  0.01567  2.68720e-04 |123 -0.02921 -6.94447e-04
124 -0.06533  2.68782e-04 |125  0.00202 -7.82346e-04 |126 -0.00082 -3.46304e-04
127 -0.00774  6.73995e-04 |128  0.02662  2.09193e-04 |129  0.08508  3.57000e-05
130  0.01248  2.15535e-04 |131  0.09357  1.13205e-04 |132  0.01388 -4.99401e-04
133  0.13827  4.10417e-04 |134 -0.00544  1.95701e-04 |135 -0.03655  1.61480e-04
136 -0.04905  1.77338e-04 |137 -0.01356  1.23902e-04 |138  0.07945  1.00329e-04
139  0.00887 -4.82469e-04 |140 -0.00005 -8.90435e-04 |141 -0.03710 -4.03279e-04
142 -0.02047  7.81397e-04 |143 -0.00714 -5.52889e-05 |144 -0.00000 -1.01587e-05
145  0.00000  0.00000e+00 |146  0.00000  0.00000e+00 |147  0.00000  0.00000e+00
148  0.00000  0.00000e+00 |149  0.00000  0.00000e+00 |150  0.00000  0.00000e+00
151  0.00000  0.00000e+00 |152  0.00000  0.00000e+00 |153  0.00000  0.00000e+00
154  0.00000  0.00000e+00 |155  0.00000  0.00000e+00 |156  0.00000  0.00000e+00
157  0.00000  0.00000e+00 |158  0.26678 -2.12070e-04 |159  0.17860  3.18300e-04
160  0.04637  1.09668e-04 |161  0.29584 -1.03933e-04 |162  0.01635 -1.24776e-04
163 -0.11579  2.12358e-04 |164 -0.47545 -2.44491e-05 |165  0.31375 -3.18193e-04
166  0.04912 -5.69654e-04 |167 -0.23409  2.47839e-04 |168  0.18236  2.41252e-04
169  0.25905 -5.84396e-05 |170  0.17315  3.66092e-04 |171  0.25322  2.29872e-04
172  0.00654  2.60085e-04 |173 -0.09950 -2.55094e-04 |174  0.10119  6.91138e-06
175  0.29556 -1.21513e-05 |176  0.16713  5.17363e-05 |177  0.24545  9.65849e-05
178 -0.35096  1.56940e-04 |179  0.24330 -2.39203e-05 |180  0.05257  7.27164e-06
181 -0.18796  5.22831e-05 |182  0.20545 -1.41134e-04 |183  0.31699 -4.68971e-05
184  0.07715  1.62127e-04 |185 -0.53246  1.65074e-05 |186  0.04982 -2.62297e-04
187  0.11941  2.29117e-04 |188  0.32070 -8.84695e-05 |189  0.27259  5.28931e-06
190  0.00665  1.00033e-04 |191  0.00938 -7.20790e-04 |192 -0.15161  4.06674e-05
193 -0.12670  1.88361e-04 |194  0.01243 -1.94649e-04 |195  0.39199  2.08231e-05
196  0.01903  1.29677e-04 |197 -0.15539 -4.40322e-06 |198  0.09908 -2.01169e-05
199  0.16261  2.16544e-04 |200  0.21854 -2.58379e-04 |201  0.25661 -3.97248e-04
202  0.02447  3.02545e-04 |203 -0.00560  1.68990e-04 |204 -0.17715  1.09608e-04
205 -0.11546  5.95331e-04 |206 -0.55265 -1.47004e-05 |207  0.17166 -1.30518e-04
208  0.09500  2.83710e-04 |209 -0.25343  4.88171e-04 |
size of file gradfil1.tmp = 0
size of file gradfil2.tmp = 0
size of file varssave.tmp = 0
size of file cmpdiff.tmp = 1000000040
