
 - final statistics:
3 variables; iteration 0; function evaluation 0
Function value 6.7751e+03; maximum gradient component mag -3.6895e-03
Exit code = 0;  converg criter 1.0000e+01
Var    Value     Gradient |Var    Value     Gradient |Var    Value     Gradient
  1  0.82552 -3.68954e-03 |  2 -0.64808 -1.25124e-04 |  3 -0.99393  6.18941e-07

Initial statistics: 15 variables; iteration 0; function evaluation 0; phase 2
Function value 6.7750919e+03; maximum gradient component mag 1.2019e+02
Var    Value     Gradient |Var    Value     Gradient |Var    Value     Gradient
  1 -0.38767  5.65193e+01 |  2  0.35802  1.84898e+01 |  3 -0.14696  8.35401e+01
  4  0.02639  2.84907e+01 |  5 -0.68375  1.96992e+01 |  6 -0.61919  2.02204e+01
  7 -0.41866  6.65634e+01 |  8  0.35663  2.39018e+01 |  9 -0.20076  1.20192e+02
 10  0.08187  3.36210e+01 | 11 -0.61141  1.41660e+01 | 12 -0.63626 -7.47525e+00
 13  0.82552 -3.68954e-03 | 14 -0.64808 -1.25124e-04 | 15 -0.99393  6.18941e-07

 - final statistics:
15 variables; iteration 17; function evaluation 22
Function value 6.7742e+03; maximum gradient component mag 2.9417e+00
Exit code = 1;  converg criter 1.0000e+01
Var    Value     Gradient |Var    Value     Gradient |Var    Value     Gradient
  1 -0.39208 -4.06239e-02 |  2  0.35510  2.94174e+00 |  3 -0.14975  5.03854e-01
  4  0.03247  9.95772e-01 |  5 -0.71142  3.64731e-01 |  6 -0.61789  2.72824e-01
  7 -0.42310 -2.65265e-02 |  8  0.35483 -1.06647e+00 |  9 -0.20381 -3.99507e-01
 10  0.08785 -4.08927e-01 | 11 -0.63509  4.96677e-03 | 12 -0.63391  4.33250e-02
 13  0.82263  6.72899e-03 | 14 -0.64944 -2.73983e-03 | 15 -0.99301  3.05649e-04

Initial statistics: 174 variables; iteration 0; function evaluation 0; phase 3
Function value 6.7742369e+03; maximum gradient component mag 1.7365e+01
Var    Value     Gradient |Var    Value     Gradient |Var    Value     Gradient
  1 -0.39208 -4.06239e-02 |  2  0.35510  2.94174e+00 |  3 -0.14975  5.03854e-01
  4  0.03247  9.95772e-01 |  5 -0.71142  3.64731e-01 |  6 -0.61789  2.72824e-01
  7 -0.42310 -2.65265e-02 |  8  0.35483 -1.06647e+00 |  9 -0.20381 -3.99507e-01
 10  0.08785 -4.08927e-01 | 11 -0.63509  4.96677e-03 | 12 -0.63391  4.33250e-02
 13  0.82263  6.72899e-03 | 14 -0.00261  3.47487e-02 | 15 -0.00262  3.60127e-02
 16 -0.00263  3.75304e-02 | 17 -0.00262  3.93450e-02 | 18 -0.00261  4.14605e-02
 19 -0.00258  4.38818e-02 | 20 -0.00255  4.65964e-02 | 21 -0.00250  4.95790e-02
 22 -0.00244  5.27998e-02 | 23 -0.00237  5.62062e-02 | 24 -0.00229  5.97346e-02
 25 -0.00219  6.32991e-02 | 26 -0.00208  6.68464e-02 | 27 -0.00196  7.02897e-02
 28 -0.00182  7.35529e-02 | 29 -0.00167  7.66002e-02 | 30 -0.00151  7.93882e-02
 31 -0.00133  8.18972e-02 | 32 -0.00114  8.41349e-02 | 33 -0.00093  8.60943e-02
 34 -0.00072  8.77987e-02 | 35 -0.00049  8.92019e-02 | 36 -0.00026  9.02489e-02
 37 -0.00002  9.07795e-02 | 38  0.00020  9.05574e-02 | 39  0.00041  8.92524e-02
 40  0.00060  8.64020e-02 | 41  0.00075  8.15147e-02 | 42  0.00086  7.40617e-02
 43  0.00091  6.35881e-02 | 44  0.00090  4.97915e-02 | 45  0.00083  3.26142e-02
 46  0.00069  1.23430e-02 | 47  0.00050 -1.03974e-02 | 48  0.00026 -3.46947e-02
 49 -0.00001 -5.94135e-02 | 50 -0.00030 -8.33174e-02 | 51 -0.00056 -1.05320e-01
 52 -0.00079 -1.24547e-01 | 53 -0.00094 -1.40368e-01 | 54 -0.00099 -1.52424e-01
 55 -0.00091 -1.60643e-01 | 56 -0.00066 -1.65004e-01 | 57 -0.00022 -1.65744e-01
 58  0.00045 -1.63328e-01 | 59  0.00137 -1.58786e-01 | 60  0.00256 -1.53948e-01
 61  0.00404 -1.51774e-01 | 62  0.00580 -1.56642e-01 | 63  0.00783 -1.74396e-01
 64  0.01011 -2.12216e-01 | 65  0.01256 -2.78311e-01 | 66  0.01508 -3.81276e-01
 67  0.01752 -5.28653e-01 | 68  0.01970 -7.24731e-01 | 69  0.02143 -9.67426e-01
 70  0.02254 -1.24487e+00 | 71  0.02293 -1.53415e+00 | 72  0.02261 -1.80425e+00
 73  0.02168 -2.02359e+00 | 74  0.02023 -2.17059e+00 | 75  0.01831 -2.24224e+00
 76  0.01590 -2.25714e+00 | 77  0.01291 -2.24922e+00 | 78  0.00931 -2.25275e+00
 79  0.00522 -2.28478e+00 | 80  0.00097 -2.32907e+00 | 81 -0.00296 -2.35824e+00
 82 -0.00620 -2.33230e+00 | 83 -0.00860 -2.22471e+00 | 84 -0.01033 -2.03627e+00
 85 -0.01173 -1.78897e+00 | 86 -0.01293 -1.50035e+00 | 87 -0.01352 -1.16759e+00
 88 -0.01312 -7.47098e-01 | 89 -0.01209 -1.95515e-01 | 90 -0.00933  3.27550e-01
 91 -0.00485  7.30238e-01 | 92  0.00133  9.91407e-01 | 93  0.00519  1.29429e+00
 94  0.00820  1.65581e+00 | 95  0.01087  2.05975e+00 | 96  0.00611  2.64070e+00
 97  0.00747  3.72869e+00 | 98  0.02557  5.41199e+00 | 99  0.01874  5.31238e+00
100  0.00021  3.53988e+00 |101  0.01997  1.51244e+00 |102  0.08630 -2.40642e+00
103  0.03406 -1.94338e+00 |104 -0.00555  7.61574e-01 |105  0.00548  5.07173e+00
106  0.01794  1.02985e+01 |107  0.03196  1.73654e+01 |108 -0.00073  1.46623e+01
109 -0.06704  7.76365e+00 |110 -0.08406  6.74926e+00 |111 -0.08247  2.25633e+00
112 -0.04737 -4.07187e+00 |113  0.06416 -2.94892e+00 |114  0.01510  6.36868e-02
115  0.00908 -1.09242e+00 |116 -0.04026 -2.16787e+00 |117 -0.08121 -2.86752e+00
118 -0.03137 -5.21691e+00 |119 -0.02415 -5.29976e+00 |120 -0.04966 -5.26728e+00
121  0.00275 -6.60768e+00 |122  0.03969 -6.46502e+00 |123 -0.00317 -5.13259e+00
124  0.04570 -5.19842e-01 |125 -0.01655  1.98092e-01 |126  0.10265 -5.73557e-01
127 -0.01123 -8.55188e-01 |128 -0.05016 -1.23004e+00 |129 -0.06006 -8.95203e-01
130 -0.02641 -3.73314e-01 |131  0.08554  1.91496e+00 |132  0.02400 -8.36137e-01
133  0.01266 -1.17482e-01 |134 -0.03397 -9.76430e-01 |135 -0.01914  2.78212e-02
136 -0.00406 -3.11297e-01 |137 -0.00000 -4.72867e-06 |138 -0.64944 -2.73983e-03
139 -0.99301  3.05649e-04 |140  0.03121  1.05198e+01 |141 -0.58651  4.33237e-04
142  0.03495 -8.39576e+00 |143 -0.10991  1.41929e+00 |144  0.20000 -9.89048e-01
145  0.16748  4.31176e+00 |146 -0.58136  1.72526e-04 |147 -0.00720 -4.41173e+00
148  0.12386  1.29452e+00 |149 -0.04033 -1.37031e+00 |150  0.09532  1.18830e+00
151  0.04853 -2.42504e+00 |152  0.14563  1.61859e+00 |153 -0.03738 -1.71732e+00
154 -0.58548  4.09471e-01 |155 -0.50980  2.35929e-04 |156 -0.20972 -1.69397e-01
157 -0.21217  9.73869e-01 |158  0.19395  2.92026e+00 |159  0.08261 -2.01856e+00
160 -0.39563  3.51636e-01 |161 -0.20088 -1.46693e+00 |162 -0.03778 -6.96457e-01
163  0.08906  4.58025e+00 |164 -0.52696  1.24063e-03 |165  0.07864 -3.47945e+00
166  0.06407  7.74797e+00 |167 -0.17462  8.79475e+00 |168 -0.15651 -1.53299e+00
169  0.22776  9.37867e-02 |170  0.01200 -3.39038e-01 |171 -0.36298  2.83298e-01
172 -0.44269 -1.93913e-03 |173 -0.04126 -4.66129e-01 |174 -0.30026 -1.58697e-01

Intermediate statistics: 174 variables; iteration 20; function evaluation 24; phase 3
Function value 6.7737681e+03; maximum gradient component mag -3.8202e+01
Var    Value     Gradient |Var    Value     Gradient |Var    Value     Gradient
  1 -0.39157 -1.32309e+00 |  2  0.35462  3.57852e+01 |  3 -0.14946  3.47589e+01
  4  0.03327  2.90746e+01 |  5 -0.71594 -9.72902e-01 |  6 -0.61788 -8.20781e+00
  7 -0.42261 -3.31285e+00 |  8  0.35407 -3.82022e+01 |  9 -0.20370 -1.62153e+01
 10  0.08781 -2.13669e+01 | 11 -0.63592 -6.60280e-01 | 12 -0.63370  1.16527e+00
 13  0.82553  1.03218e+00 | 14 -0.00249  6.44195e-02 | 15 -0.00250  6.62758e-02
 16 -0.00250  6.81956e-02 | 17 -0.00250  7.01833e-02 | 18 -0.00249  7.22378e-02
 19 -0.00246  7.43577e-02 | 20 -0.00243  7.65394e-02 | 21 -0.00239  7.87768e-02
 22 -0.00234  8.10630e-02 | 23 -0.00227  8.33876e-02 | 24 -0.00220  8.57383e-02
 25 -0.00211  8.80993e-02 | 26 -0.00201  9.04582e-02 | 27 -0.00189  9.27977e-02
 28 -0.00176  9.51013e-02 | 29 -0.00162  9.73570e-02 | 30 -0.00147  9.95510e-02
 31 -0.00130  1.01672e-01 | 32 -0.00111  1.03711e-01 | 33 -0.00091  1.05657e-01
 34 -0.00070  1.07500e-01 | 35 -0.00049  1.09223e-01 | 36 -0.00026  1.10801e-01
 37 -0.00004  1.12199e-01 | 38  0.00018  1.13365e-01 | 39  0.00039  1.14235e-01
 40  0.00057  1.14724e-01 | 41  0.00073  1.14742e-01 | 42  0.00085  1.14193e-01
 43  0.00092  1.12993e-01 | 44  0.00094  1.11081e-01 | 45  0.00090  1.08433e-01
 46  0.00081  1.05080e-01 | 47  0.00066  1.01102e-01 | 48  0.00047  9.66228e-02
 49  0.00024  9.18006e-02 | 50 -0.00001  8.68084e-02 | 51 -0.00025  8.17999e-02
 52 -0.00047  7.69016e-02 | 53 -0.00063  7.22113e-02 | 54 -0.00072  6.77959e-02
 55 -0.00069  6.36948e-02 | 56 -0.00053  5.99543e-02 | 57 -0.00019  5.66063e-02
 58  0.00034  5.36768e-02 | 59  0.00110  5.11476e-02 | 60  0.00210  4.89259e-02
 61  0.00337  4.67943e-02 | 62  0.00493  4.43526e-02 | 63  0.00676  4.09664e-02
 64  0.00887  3.57129e-02 | 65  0.01122  2.73164e-02 | 66  0.01374  1.41122e-02
 67  0.01631 -5.83570e-03 | 68  0.01879 -3.43570e-02 | 69  0.02100 -7.23679e-02
 70  0.02272 -1.18697e-01 | 71  0.02379 -1.69234e-01 | 72  0.02410 -2.17348e-01
 73  0.02361 -2.55990e-01 | 74  0.02234 -2.80766e-01 | 75  0.02034 -2.92118e-01
 76  0.01769 -2.95316e-01 | 77  0.01444 -2.97916e-01 | 78  0.01073 -3.05887e-01
 79  0.00673 -3.20662e-01 | 80  0.00272 -3.38111e-01 | 81 -0.00097 -3.53504e-01
 82 -0.00411 -3.61905e-01 | 83 -0.00663 -3.60791e-01 | 84 -0.00867 -3.50737e-01
 85 -0.01045 -3.34161e-01 | 86 -0.01205 -3.12531e-01 | 87 -0.01305 -2.87396e-01
 88 -0.01322 -2.55867e-01 | 89 -0.01305 -2.11567e-01 | 90 -0.01092 -1.76663e-01
 91 -0.00651 -1.63404e-01 | 92  0.00027 -1.85518e-01 | 93  0.00463 -1.95434e-01
 94  0.00801 -2.07471e-01 | 95  0.01087 -2.36787e-01 | 96  0.00502 -2.11473e-01
 97  0.00383 -1.73549e-01 | 98  0.01783 -1.47994e-01 | 99  0.01037 -2.11462e-01
100 -0.00587 -2.71918e-01 |101  0.01724 -4.45533e-01 |102  0.09528 -1.50218e+00
103  0.03908 -8.55592e-01 |104 -0.00419 -3.91519e-01 |105  0.00313  9.90228e-02
106  0.01291  8.57839e-01 |107  0.02048  2.03847e+00 |108 -0.00858  1.81832e+00
109 -0.07212  1.11846e+00 |110 -0.09142  9.99290e-01 |111 -0.08471  5.50072e-01
112 -0.03862  4.77927e-01 |113  0.06496  1.18041e+00 |114  0.01197  8.67385e-01
115  0.00812  5.16234e-01 |116 -0.03984 -8.02709e-02 |117 -0.07883  5.61365e-02
118 -0.02789 -5.07258e-01 |119 -0.02278 -3.23219e-01 |120 -0.04516 -4.91795e-01
121  0.00684 -5.90743e-01 |122  0.04156 -4.13421e-01 |123  0.00359 -4.30048e-01
124  0.04427  5.02838e-01 |125 -0.01708  3.01098e-01 |126  0.10356  5.53341e-01
127 -0.00954 -1.10487e-01 |128 -0.04688 -1.90785e-02 |129 -0.05769 -2.20703e-01
130 -0.02519  6.04778e-02 |131  0.08110  2.53771e-01 |132  0.02672 -3.38640e-01
133  0.01320  7.54060e-02 |134 -0.03068 -5.40791e-02 |135 -0.01910 -1.18694e-01
136 -0.00283 -4.07463e-02 |137 -0.00000 -7.95518e-07 |138 -0.64947  4.76553e-01
139 -0.99291  2.62903e-02 |140  0.03034 -8.38669e+00 |141 -0.58651 -3.16439e-04
142  0.03559  8.66611e+00 |143 -0.11208  3.35144e-01 |144  0.19753 -1.90705e-01
145  0.16793  8.72112e-01 |146 -0.58136  9.86714e-05 |147 -0.00729 -8.88818e-01
148  0.12367  1.12344e+00 |149 -0.04064 -8.56887e-01 |150  0.09628 -1.02736e+00
151  0.04943  1.75222e+00 |152  0.14499  1.15156e-01 |153 -0.03700 -4.09010e-03
154 -0.58623  8.82638e-01 |155 -0.50979  2.07721e-03 |156 -0.20934 -4.36536e-02
157 -0.21199  7.11797e+00 |158  0.19252  9.19368e-01 |159  0.08574 -5.70155e-01
160 -0.39585  1.16553e-01 |161 -0.19983 -3.39622e-01 |162 -0.03799 -1.43084e-01
163  0.08834  1.91405e+00 |164 -0.52696  4.20200e-04 |165  0.07970 -1.04872e+00
166  0.06342 -6.66365e+00 |167 -0.17500 -1.05334e+01 |168 -0.15595  6.35256e-01
169  0.22940  2.00376e-01 |170  0.01188 -4.82039e-01 |171 -0.36448 -3.06211e-01
172 -0.44268 -3.50148e-03 |173 -0.04094  2.46369e-01 |174 -0.30020 -8.34941e-01
174 variables; iteration 40; function evaluation 44; phase 3
Function value 6.7737363e+03; maximum gradient component mag -1.8473e+01
Var    Value     Gradient |Var    Value     Gradient |Var    Value     Gradient
  1 -0.39128 -2.62043e-01 |  2  0.35436  1.73816e+01 |  3 -0.14965  1.70560e+01
  4  0.03328  1.41608e+01 |  5 -0.71667 -6.21886e-01 |  6 -0.61767 -4.04389e+00
  7 -0.42232 -1.12161e+00 |  8  0.35435 -1.84731e+01 |  9 -0.20376 -7.83303e+00
 10  0.08788 -1.04574e+01 | 11 -0.63641 -4.36503e-01 | 12 -0.63364  5.54055e-01
 13  0.84293  8.15333e-02 | 14 -0.00253  1.56225e-02 | 15 -0.00254  1.65579e-02
 16 -0.00255  1.76214e-02 | 17 -0.00254  1.88300e-02 | 18 -0.00252  2.01869e-02
 19 -0.00250  2.16959e-02 | 20 -0.00247  2.33549e-02 | 21 -0.00242  2.51574e-02
 22 -0.00236  2.70952e-02 | 23 -0.00229  2.91522e-02 | 24 -0.00221  3.13080e-02
 25 -0.00212  3.35335e-02 | 26 -0.00201  3.58104e-02 | 27 -0.00190  3.81069e-02
 28 -0.00176  4.03934e-02 | 29 -0.00162  4.26527e-02 | 30 -0.00145  4.48621e-02
 31 -0.00128  4.70047e-02 | 32 -0.00109  4.90706e-02 | 33 -0.00088  5.10404e-02
 34 -0.00067  5.29026e-02 | 35 -0.00045  5.46145e-02 | 36 -0.00022  5.61251e-02
 37  0.00001  5.73369e-02 | 38  0.00024  5.81165e-02 | 39  0.00044  5.82867e-02
 40  0.00063  5.76125e-02 | 41  0.00078  5.58436e-02 | 42  0.00089  5.27160e-02
 43  0.00095  4.80022e-02 | 44  0.00095  4.15500e-02 | 45  0.00089  3.33251e-02
 46  0.00077  2.34553e-02 | 47  0.00060  1.22246e-02 | 48  0.00037  4.58795e-05
 49  0.00011 -1.25733e-02 | 50 -0.00017 -2.50876e-02 | 51 -0.00045 -3.70117e-02
 52 -0.00070 -4.79304e-02 | 53 -0.00089 -5.74765e-02 | 54 -0.00100 -6.53006e-02
 55 -0.00099 -7.10196e-02 | 56 -0.00084 -7.40665e-02 | 57 -0.00051 -7.37160e-02
 58  0.00003 -6.90373e-02 | 59  0.00082 -5.90305e-02 | 60  0.00187 -4.28166e-02
 61  0.00321 -2.00075e-02 | 62  0.00485  8.74772e-03 | 63  0.00680  4.11355e-02
 64  0.00902  7.26272e-02 | 65  0.01147  9.64187e-02 | 66  0.01402  1.04649e-01
 67  0.01657  9.15869e-02 | 68  0.01896  5.79348e-02 | 69  0.02105  1.30568e-02
 70  0.02271 -2.90800e-02 | 71  0.02379 -5.98762e-02 | 72  0.02414 -8.24195e-02
 73  0.02365 -1.04679e-01 | 74  0.02232 -1.25275e-01 | 75  0.02030 -1.29654e-01
 76  0.01773 -1.04891e-01 | 77  0.01468 -5.86693e-02 | 78  0.01116 -1.91842e-02
 79  0.00725 -1.17004e-02 | 80  0.00322 -3.65680e-02 | 81 -0.00053 -7.45689e-02
 82 -0.00371 -1.08242e-01 | 83 -0.00627 -1.33539e-01 | 84 -0.00834 -1.56296e-01
 85 -0.01019 -1.82225e-01 | 86 -0.01187 -2.10526e-01 | 87 -0.01299 -2.41621e-01
 88 -0.01331 -2.61970e-01 | 89 -0.01323 -2.37780e-01 | 90 -0.01121 -2.15423e-01
 91 -0.00686 -1.91488e-01 | 92 -0.00014 -2.12825e-01 | 93  0.00435 -1.88785e-01
 94  0.00781 -1.84217e-01 | 95  0.01070 -2.07482e-01 | 96  0.00505 -8.26106e-02
 97  0.00351 -6.44482e-02 | 98  0.01802  3.37882e-02 | 99  0.00945 -1.87595e-01
100 -0.00661 -1.33541e-01 |101  0.01616 -4.05932e-01 |102  0.09767 -3.27418e-01
103  0.03733 -5.87942e-01 |104 -0.00350 -2.93771e-02 |105  0.00242 -6.06626e-02
106  0.01323  7.37552e-01 |107  0.01979  1.18866e+00 |108 -0.00942  8.67445e-01
109 -0.07257  5.17817e-01 |110 -0.09187  4.47858e-01 |111 -0.08495  1.48872e-01
112 -0.03824  4.37178e-02 |113  0.06467  1.45675e-01 |114  0.01149  7.76276e-02
115  0.00765 -1.73526e-01 |116 -0.03981 -1.85769e-01 |117 -0.07871 -6.34885e-02
118 -0.02773 -3.66729e-01 |119 -0.02288 -2.46492e-01 |120 -0.04490 -2.18034e-01
121  0.00748 -4.21099e-02 |122  0.04160 -6.67059e-02 |123  0.00432  2.93930e-02
124  0.04427  4.78530e-01 |125 -0.01732  1.52140e-01 |126  0.10354  3.43900e-01
127 -0.00952 -6.25939e-02 |128 -0.04672  3.73398e-04 |129 -0.05711  6.25547e-02
130 -0.02498  7.22000e-02 |131  0.08079  1.47980e-01 |132  0.02691 -1.32010e-01
133  0.01306  8.41886e-04 |134 -0.03103 -2.03106e-01 |135 -0.01953 -1.65269e-01
136 -0.00365 -2.61224e-01 |137 -0.00000 -2.12476e-06 |138 -0.66037 -5.80920e-01
139 -0.99414  1.31448e-02 |140  0.03055 -3.91567e+00 |141 -0.58651 -1.48404e-04
142  0.03523  4.36707e+00 |143 -0.11133  3.04518e-01 |144  0.19887  3.74373e-01
145  0.16809  6.78657e-01 |146 -0.58143  1.29020e-04 |147 -0.00721 -2.67374e-01
148  0.12343  2.30897e-01 |149 -0.04059 -1.45367e-01 |150  0.09576 -6.24211e-01
151  0.04874  6.29280e-01 |152  0.14489 -5.91929e-02 |153 -0.03712  3.87398e-02
154 -0.59527  7.71218e-03 |155 -0.50980  3.30259e-04 |156 -0.22018 -1.53786e-01
157 -0.21378  1.04498e+00 |158  0.19190  4.54954e-01 |159  0.08548 -7.64951e-01
160 -0.39922 -1.51255e-01 |161 -0.19886 -3.75056e-01 |162 -0.04034  1.01961e-02
163  0.08806  7.21230e-01 |164 -0.52685  2.82627e-05 |165  0.07973 -4.81882e-01
166  0.06338 -3.62864e+00 |167 -0.17478 -4.97155e+00 |168 -0.15599  4.50934e-01
169  0.22844  4.85208e-02 |170  0.01116 -4.05163e-01 |171 -0.36450 -9.52974e-02
172 -0.44171 -2.62982e-03 |173 -0.04095  1.46050e-01 |174 -0.29985 -4.86156e-01
174 variables; iteration 60; function evaluation 73; phase 3
Function value 6.7737213e+03; maximum gradient component mag -1.8726e+00
Var    Value     Gradient |Var    Value     Gradient |Var    Value     Gradient
  1 -0.39099 -1.56371e-02 |  2  0.35413  1.85104e+00 |  3 -0.14990  1.73473e+00
  4  0.03339  1.74119e+00 |  5 -0.71644  6.14018e-02 |  6 -0.61757 -4.74817e-01
  7 -0.42204 -1.16109e-01 |  8  0.35460 -1.87256e+00 |  9 -0.20384 -8.05884e-01
 10  0.08793 -1.05766e+00 | 11 -0.63639 -9.04701e-02 | 12 -0.63364  7.64546e-02
 13  0.83600  1.42176e-01 | 14 -0.00248  2.32761e-03 | 15 -0.00249  2.32218e-03
 16 -0.00250  2.32278e-03 | 17 -0.00250  2.33066e-03 | 18 -0.00248  2.34524e-03
 19 -0.00246  2.36571e-03 | 20 -0.00243  2.39020e-03 | 21 -0.00239  2.41594e-03
 22 -0.00234  2.43963e-03 | 23 -0.00228  2.45662e-03 | 24 -0.00220  2.46143e-03
 25 -0.00212  2.44734e-03 | 26 -0.00202  2.40850e-03 | 27 -0.00191  2.33733e-03
 28 -0.00178  2.22627e-03 | 29 -0.00164  2.06865e-03 | 30 -0.00149  1.85683e-03
 31 -0.00132  1.58325e-03 | 32 -0.00114  1.24029e-03 | 33 -0.00095  8.19127e-04
 34 -0.00074  3.11395e-04 | 35 -0.00053 -2.92641e-04 | 36 -0.00031 -1.00080e-03
 37 -0.00009 -1.81865e-03 | 38  0.00013 -2.74573e-03 | 39  0.00033 -3.77265e-03
 40  0.00051 -4.87921e-03 | 41  0.00066 -6.03341e-03 | 42  0.00078 -7.19502e-03
 43  0.00085 -8.32203e-03 | 44  0.00087 -9.37956e-03 | 45  0.00083 -1.03479e-02
 46  0.00074 -1.12251e-02 | 47  0.00060 -1.20223e-02 | 48  0.00042 -1.27505e-02
 49  0.00020 -1.34040e-02 | 50 -0.00004 -1.39459e-02 | 51 -0.00028 -1.43041e-02
 52 -0.00049 -1.43755e-02 | 53 -0.00065 -1.40376e-02 | 54 -0.00073 -1.31622e-02
 55 -0.00071 -1.16299e-02 | 56 -0.00054 -9.34664e-03 | 57 -0.00020 -6.28480e-03
 58  0.00033 -2.56233e-03 | 59  0.00109  1.41540e-03 | 60  0.00208  4.75710e-03
 61  0.00332  5.90202e-03 | 62  0.00483  2.68732e-03 | 63  0.00659 -6.89686e-03
 64  0.00859 -2.27959e-02 | 65  0.01083 -4.01486e-02 | 66  0.01328 -4.83672e-02
 67  0.01591 -3.67037e-02 | 68  0.01856 -6.35501e-03 | 69  0.02098  2.40034e-02
 70  0.02287  3.40018e-02 | 71  0.02402  2.36079e-02 | 72  0.02438  1.03041e-02
 73  0.02396  1.09403e-02 | 74  0.02280  3.13229e-02 | 75  0.02086  5.52936e-02
 76  0.01809  5.00128e-02 | 77  0.01459  9.19999e-03 | 78  0.01069 -2.90330e-02
 79  0.00670 -3.45601e-02 | 80  0.00281 -2.05664e-02 | 81 -0.00078 -9.31481e-03
 82 -0.00385 -4.08032e-03 | 83 -0.00634 -6.17800e-04 | 84 -0.00837  2.28116e-03
 85 -0.01016  4.16915e-03 | 86 -0.01178  5.93618e-03 | 87 -0.01282  8.68811e-03
 88 -0.01306  1.38060e-02 | 89 -0.01303  2.36918e-02 | 90 -0.01104  3.16074e-02
 91 -0.00673  3.49570e-02 | 92  0.00004  2.59139e-02 | 93  0.00438  7.28854e-03
 94  0.00778 -1.52227e-02 | 95  0.01083 -5.90132e-03 | 96  0.00467 -4.10821e-02
 97  0.00334 -3.10973e-02 | 98  0.01700 -6.26821e-02 | 99  0.00952 -4.37186e-02
100 -0.00662 -6.52226e-02 |101  0.01698 -1.27222e-02 |102  0.09691  2.23463e-02
103  0.03907  5.21905e-02 |104 -0.00389  5.45809e-02 |105  0.00283  4.85599e-02
106  0.01228  7.53140e-02 |107  0.01889  1.44020e-01 |108 -0.01000  1.09468e-01
109 -0.07309  6.42391e-04 |110 -0.09208  1.48577e-01 |111 -0.08517 -1.79280e-02
112 -0.03812 -1.25906e-01 |113  0.06457 -1.05426e-01 |114  0.01133  4.79910e-02
115  0.00770  1.22463e-02 |116 -0.03950  1.67077e-01 |117 -0.07838  8.07470e-02
118 -0.02774 -1.32805e-01 |119 -0.02244  1.33815e-02 |120 -0.04468 -7.46722e-02
121  0.00713 -1.63888e-01 |122  0.04194 -7.24210e-03 |123  0.00434  2.68828e-02
124  0.04377 -6.84641e-02 |125 -0.01739 -5.44180e-03 |126  0.10335 -4.72143e-02
127 -0.00952 -2.38195e-02 |128 -0.04639  1.07620e-01 |129 -0.05749  3.85128e-03
130 -0.02512 -1.38334e-02 |131  0.08071  6.92999e-02 |132  0.02664 -1.29223e-01
133  0.01309 -6.00047e-02 |134 -0.03020  1.06818e-02 |135 -0.01914 -3.25778e-02
136 -0.00263 -1.20130e-02 |137 -0.00000 -6.27333e-08 |138 -0.65539  1.23513e-01
139 -0.99366  2.37695e-03 |140  0.03063 -4.07175e-01 |141 -0.58649 -3.05526e-05
142  0.03480  4.22399e-01 |143 -0.11259  1.63580e-02 |144  0.19703 -6.90515e-02
145  0.16805  5.46965e-02 |146 -0.58155  9.51430e-05 |147 -0.00731 -6.49848e-02
148  0.12336 -1.13963e-02 |149 -0.04070 -3.93985e-02 |150  0.09691 -1.69991e-02
151  0.04923  9.51681e-02 |152  0.14506 -1.16782e-02 |153 -0.03702  8.58169e-03
154 -0.58795  1.08634e-01 |155 -0.50979  1.03240e-04 |156 -0.21188 -5.09334e-02
157 -0.21356  2.94008e-01 |158  0.19183  3.12956e-03 |159  0.08617 -1.07745e-01
160 -0.39722  3.19797e-02 |161 -0.19928 -5.28151e-02 |162 -0.03902 -5.21431e-02
163  0.08798  1.73534e-01 |164 -0.52663 -9.58024e-05 |165  0.07991  6.67675e-02
166  0.06349 -4.05456e-01 |167 -0.17468 -5.42462e-01 |168 -0.15589  5.77734e-02
169  0.23097 -1.34171e-01 |170  0.01319  1.12945e-01 |171 -0.36656 -3.96761e-02
172 -0.43969 -2.24981e-03 |173 -0.04271 -6.83352e-02 |174 -0.29924 -1.50543e-01

 - final statistics:
174 variables; iteration 63; function evaluation 77
Function value 6.7737e+03; maximum gradient component mag -8.2979e-01
Exit code = 1;  converg criter 1.0000e+00
Var    Value     Gradient |Var    Value     Gradient |Var    Value     Gradient
  1 -0.39100 -1.54248e-02 |  2  0.35415  8.01379e-01 |  3 -0.14988  7.66376e-01
  4  0.03331  7.51664e-01 |  5 -0.71643  1.09692e-01 |  6 -0.61755 -2.21163e-01
  7 -0.42205 -5.88040e-02 |  8  0.35461 -8.29791e-01 |  9 -0.20384 -3.60232e-01
 10  0.08793 -4.63812e-01 | 11 -0.63641 -1.03305e-01 | 12 -0.63364  3.65661e-02
 13  0.83547  5.99100e-02 | 14 -0.00249  8.31626e-06 | 15 -0.00250 -3.02393e-05
 16 -0.00250 -7.45978e-05 | 17 -0.00250 -1.25656e-04 | 18 -0.00249 -1.83963e-04
 19 -0.00247 -2.50259e-04 | 20 -0.00244 -3.25277e-04 | 21 -0.00240 -4.09802e-04
 22 -0.00235 -5.04763e-04 | 23 -0.00228 -6.11006e-04 | 24 -0.00221 -7.29383e-04
 25 -0.00212 -8.60571e-04 | 26 -0.00203 -1.00576e-03 | 27 -0.00191 -1.16571e-03
 28 -0.00179 -1.34126e-03 | 29 -0.00165 -1.53374e-03 | 30 -0.00150 -1.74418e-03
 31 -0.00133 -1.97366e-03 | 32 -0.00115 -2.22326e-03 | 33 -0.00095 -2.49314e-03
 34 -0.00075 -2.78306e-03 | 35 -0.00053 -3.09045e-03 | 36 -0.00031 -3.41123e-03
 37 -0.00009 -3.73799e-03 | 38  0.00013 -4.06072e-03 | 39  0.00033 -4.36685e-03
 40  0.00051 -4.64111e-03 | 41  0.00067 -4.86810e-03 | 42  0.00079 -5.03238e-03
 43  0.00086 -5.12055e-03 | 44  0.00088 -5.12219e-03 | 45  0.00085 -5.03113e-03
 46  0.00077 -4.84715e-03 | 47  0.00063 -4.57618e-03 | 48  0.00045 -4.22991e-03
 49  0.00023 -3.82452e-03 | 50 -0.00000 -3.37715e-03 | 51 -0.00024 -2.89861e-03
 52 -0.00045 -2.39005e-03 | 53 -0.00061 -1.84311e-03 | 54 -0.00069 -1.24416e-03
 55 -0.00067 -5.85000e-04 | 56 -0.00051  1.17167e-04 | 57 -0.00018  8.08476e-04
 58  0.00034  1.39404e-03 | 59  0.00108  1.77385e-03 | 60  0.00205  1.93384e-03
 61  0.00329  2.08831e-03 | 62  0.00481  2.75396e-03 | 63  0.00662  4.45882e-03
 64  0.00870  6.80328e-03 | 65  0.01102  7.41723e-03 | 66  0.01350  3.12776e-03
 67  0.01604 -4.82695e-03 | 68  0.01854 -7.38500e-03 | 69  0.02086  2.62529e-03
 70  0.02277  1.70842e-02 | 71  0.02400  2.32881e-02 | 72  0.02443  2.33993e-02
 73  0.02403  2.74085e-02 | 74  0.02280  3.43127e-02 | 75  0.02073  2.94926e-02
 76  0.01790  1.12529e-02 | 77  0.01456  2.03400e-03 | 78  0.01085  8.25566e-03
 79  0.00690  1.26380e-02 | 80  0.00294  1.05915e-02 | 81 -0.00070  8.23884e-03
 82 -0.00380  6.63231e-03 | 83 -0.00630  5.54677e-03 | 84 -0.00834  5.21466e-03
 85 -0.01014  4.58300e-03 | 86 -0.01177  2.47795e-03 | 87 -0.01283 -9.31139e-04
 88 -0.01309 -2.23771e-03 | 89 -0.01307  4.80860e-03 | 90 -0.01108  1.08704e-02
 91 -0.00679  9.55227e-03 | 92 -0.00001  4.32026e-03 | 93  0.00438  1.58425e-04
 94  0.00784  3.95317e-04 | 95  0.01082  9.01315e-04 | 96  0.00479  1.30566e-03
 97  0.00339  5.43400e-03 | 98  0.01715  3.86884e-03 | 99  0.00958 -3.12125e-03
100 -0.00652 -2.05694e-02 |101  0.01701  4.82697e-03 |102  0.09690  6.43642e-03
103  0.03906  2.40902e-02 |104 -0.00390  1.78715e-02 |105  0.00283  4.80811e-03
106  0.01231  4.22460e-02 |107  0.01888  8.94280e-02 |108 -0.00998  7.23518e-02
109 -0.07303 -8.26117e-03 |110 -0.09242 -3.04709e-02 |111 -0.08505  2.47537e-02
112 -0.03790 -1.23678e-02 |113  0.06461 -5.57925e-02 |114  0.01135  4.27754e-02
115  0.00777  1.39284e-02 |116 -0.03968  6.11505e-02 |117 -0.07851  1.77011e-02
118 -0.02748 -2.10928e-02 |119 -0.02246  1.31944e-02 |120 -0.04463 -5.03392e-02
121  0.00721 -1.22507e-01 |122  0.04199  2.19791e-02 |123  0.00436  4.15505e-02
124  0.04383 -5.36294e-02 |125 -0.01737 -9.75206e-03 |126  0.10339 -3.16919e-02
127 -0.00964 -8.10746e-02 |128 -0.04653  5.17286e-02 |129 -0.05748  1.37678e-02
130 -0.02503  1.28186e-02 |131  0.08056 -1.22381e-03 |132  0.02672 -9.14575e-02
133  0.01316 -3.23350e-02 |134 -0.03017  2.04086e-02 |135 -0.01913 -2.39169e-02
136 -0.00248  2.51484e-02 |137 -0.00000  9.03729e-08 |138 -0.65523  4.06920e-02
139 -0.99393  1.16130e-03 |140  0.03064 -1.87218e-01 |141 -0.58647 -2.23650e-05
142  0.03478  1.95733e-01 |143 -0.11260 -1.15792e-02 |144  0.19707 -3.89071e-02
145  0.16806  2.06936e-02 |146 -0.58163  8.73594e-05 |147 -0.00731 -2.28165e-02
148  0.12319 -5.12568e-02 |149 -0.04089 -6.51691e-02 |150  0.09684 -1.53690e-02
151  0.04917  4.43808e-02 |152  0.14502 -1.59810e-02 |153 -0.03706 -5.20685e-03
154 -0.58814  4.40309e-02 |155 -0.50977  4.04433e-05 |156 -0.21178 -1.24828e-02
157 -0.21348  1.60275e-01 |158  0.19187  6.27870e-03 |159  0.08625 -4.24318e-02
160 -0.39785 -4.38751e-03 |161 -0.19905 -9.54186e-03 |162 -0.03943 -1.43223e-02
163  0.08794  7.64160e-02 |164 -0.52648 -1.31635e-04 |165  0.07988  3.22960e-02
166  0.06348 -1.82497e-01 |167 -0.17467 -2.36136e-01 |168 -0.15592  1.64927e-02
169  0.23144 -6.24133e-02 |170  0.01343  5.51761e-02 |171 -0.36634 -1.59673e-02
172 -0.43826 -1.90592e-03 |173 -0.04249 -3.55442e-02 |174 -0.29925 -6.75987e-02

Initial statistics: 189 variables; iteration 0; function evaluation 0; phase 4
Function value 6.7737210e+03; maximum gradient component mag 8.6662e+01
Var    Value     Gradient |Var    Value     Gradient |Var    Value     Gradient
  1 -0.39100 -1.54248e-02 |  2  0.35415  8.01379e-01 |  3 -0.14988  7.66376e-01
  4  0.03331  7.51664e-01 |  5 -0.71643  1.09692e-01 |  6 -0.61755 -2.21163e-01
  7 -0.42205 -5.88040e-02 |  8  0.35461 -8.29791e-01 |  9 -0.20384 -3.60232e-01
 10  0.08793 -4.63812e-01 | 11 -0.63641 -1.03305e-01 | 12 -0.63364  3.65661e-02
 13  0.83547  5.99100e-02 | 14 -0.00249  8.31626e-06 | 15 -0.00250 -3.02393e-05
 16 -0.00250 -7.45978e-05 | 17 -0.00250 -1.25656e-04 | 18 -0.00249 -1.83963e-04
 19 -0.00247 -2.50259e-04 | 20 -0.00244 -3.25277e-04 | 21 -0.00240 -4.09802e-04
 22 -0.00235 -5.04763e-04 | 23 -0.00228 -6.11006e-04 | 24 -0.00221 -7.29383e-04
 25 -0.00212 -8.60571e-04 | 26 -0.00203 -1.00576e-03 | 27 -0.00191 -1.16571e-03
 28 -0.00179 -1.34126e-03 | 29 -0.00165 -1.53374e-03 | 30 -0.00150 -1.74418e-03
 31 -0.00133 -1.97366e-03 | 32 -0.00115 -2.22326e-03 | 33 -0.00095 -2.49314e-03
 34 -0.00075 -2.78306e-03 | 35 -0.00053 -3.09045e-03 | 36 -0.00031 -3.41123e-03
 37 -0.00009 -3.73799e-03 | 38  0.00013 -4.06072e-03 | 39  0.00033 -4.36685e-03
 40  0.00051 -4.64111e-03 | 41  0.00067 -4.86810e-03 | 42  0.00079 -5.03238e-03
 43  0.00086 -5.12055e-03 | 44  0.00088 -5.12219e-03 | 45  0.00085 -5.03113e-03
 46  0.00077 -4.84715e-03 | 47  0.00063 -4.57618e-03 | 48  0.00045 -4.22991e-03
 49  0.00023 -3.82452e-03 | 50 -0.00000 -3.37715e-03 | 51 -0.00024 -2.89861e-03
 52 -0.00045 -2.39005e-03 | 53 -0.00061 -1.84311e-03 | 54 -0.00069 -1.24416e-03
 55 -0.00067 -5.85000e-04 | 56 -0.00051  1.17167e-04 | 57 -0.00018  8.08476e-04
 58  0.00034  1.39404e-03 | 59  0.00108  1.77385e-03 | 60  0.00205  1.93384e-03
 61  0.00329  2.08831e-03 | 62  0.00481  2.75396e-03 | 63  0.00662  4.45882e-03
 64  0.00870  6.80328e-03 | 65  0.01102  7.41723e-03 | 66  0.01350  3.12776e-03
 67  0.01604 -4.82695e-03 | 68  0.01854 -7.38500e-03 | 69  0.02086  2.62529e-03
 70  0.02277  1.70842e-02 | 71  0.02400  2.32881e-02 | 72  0.02443  2.33993e-02
 73  0.02403  2.74085e-02 | 74  0.02280  3.43127e-02 | 75  0.02073  2.94926e-02
 76  0.01790  1.12529e-02 | 77  0.01456  2.03400e-03 | 78  0.01085  8.25566e-03
 79  0.00690  1.26380e-02 | 80  0.00294  1.05915e-02 | 81 -0.00070  8.23884e-03
 82 -0.00380  6.63231e-03 | 83 -0.00630  5.54677e-03 | 84 -0.00834  5.21466e-03
 85 -0.01014  4.58300e-03 | 86 -0.01177  2.47795e-03 | 87 -0.01283 -9.31139e-04
 88 -0.01309 -2.23771e-03 | 89 -0.01307  4.80860e-03 | 90 -0.01108  1.08704e-02
 91 -0.00679  9.55227e-03 | 92 -0.00001  4.32026e-03 | 93  0.00438  1.58425e-04
 94  0.00784  3.95317e-04 | 95  0.01082  9.01315e-04 | 96  0.00479  1.30566e-03
 97  0.00339  5.43400e-03 | 98  0.01715  3.86884e-03 | 99  0.00958 -3.12125e-03
100 -0.00652 -2.05694e-02 |101  0.01701  4.82697e-03 |102  0.09690  6.43642e-03
103  0.03906  2.40902e-02 |104 -0.00390  1.78715e-02 |105  0.00283  4.80811e-03
106  0.01231  4.22460e-02 |107  0.01888  8.94280e-02 |108 -0.00998  7.23518e-02
109 -0.07303 -8.26117e-03 |110 -0.09242 -3.04709e-02 |111 -0.08505  2.47537e-02
112 -0.03790 -1.23678e-02 |113  0.06461 -5.57925e-02 |114  0.01135  4.27754e-02
115  0.00777  1.39284e-02 |116 -0.03968  6.11505e-02 |117 -0.07851  1.77011e-02
118 -0.02748 -2.10928e-02 |119 -0.02246  1.31944e-02 |120 -0.04463 -5.03392e-02
121  0.00721 -1.22507e-01 |122  0.04199  2.19791e-02 |123  0.00436  4.15505e-02
124  0.04383 -5.36294e-02 |125 -0.01737 -9.75206e-03 |126  0.10339 -3.16919e-02
127 -0.00964 -8.10746e-02 |128 -0.04653  5.17286e-02 |129 -0.05748  1.37678e-02
130 -0.02503  1.28186e-02 |131  0.08056 -1.22381e-03 |132  0.02672 -9.14575e-02
133  0.01316 -3.23350e-02 |134 -0.03017  2.04086e-02 |135 -0.01913 -2.39169e-02
136 -0.00248  2.51484e-02 |137 -0.00000  9.03729e-08 |138 -0.65523  4.06920e-02
139 -0.99393  1.16130e-03 |140  0.03064 -1.87218e-01 |141 -0.58647 -2.23650e-05
142  0.03478  1.95733e-01 |143 -0.40376 -5.00627e-01 |144  0.81922 -4.02702e+01
145 -0.11260 -1.15792e-02 |146  0.19707 -3.89071e-02 |147 -0.23782 -4.66179e-01
148  0.16806  2.06936e-02 |149 -0.58163  8.73594e-05 |150 -0.00731 -2.28165e-02
151 -0.42445 -1.09774e-01 |152  0.82196 -5.19991e+01 |153  0.12319 -5.12568e-02
154 -0.04089 -6.51691e-02 |155 -0.12018 -2.31671e-01 |156  0.09684 -1.53690e-02
157  0.04917  4.43808e-02 |158  0.14502 -1.59810e-02 |159 -0.03706 -5.20685e-03
160 -0.58814  4.40309e-02 |161 -0.50977  4.04433e-05 |162 -0.21178 -1.24828e-02
163 -0.21348  1.60275e-01 |164  0.80064 -1.96212e-01 |165  0.19187  6.27870e-03
166  0.08625 -4.24318e-02 |167 -0.25929 -3.27627e-02 |168 -0.39785 -4.38751e-03
169 -0.19905 -9.54186e-03 |170 -0.03943 -1.43223e-02 |171 -0.28409 -1.86105e-01
172  0.81681  2.28365e+01 |173  0.08794  7.64160e-02 |174 -0.52648 -1.31635e-04
175  0.07988  3.22960e-02 |176 -0.40554 -1.20687e-01 |177 -0.14465  8.47274e-01
178  0.06348 -1.82497e-01 |179 -0.17467 -2.36136e-01 |180 -0.15592  1.64927e-02
181 -0.99999 -6.60638e-05 |182 -0.13819 -2.63057e-01 |183  0.23144 -6.24133e-02
184  0.01343  5.51761e-02 |185 -0.36634 -1.59673e-02 |186 -0.43826 -1.90592e-03
187 -0.04249 -3.55442e-02 |188 -0.29925 -6.75987e-02 |189  0.80943  8.66619e+01

Intermediate statistics: 189 variables; iteration 20; function evaluation 25; phase 4
Function value 6.7737097e+03; maximum gradient component mag -1.4155e+01
Var    Value     Gradient |Var    Value     Gradient |Var    Value     Gradient
  1 -0.39091  4.50709e-01 |  2  0.35399 -3.50129e+00 |  3 -0.15013 -2.73897e+00
  4  0.03361 -2.70844e+00 |  5 -0.71703  2.48138e-01 |  6 -0.61741  2.85669e+00
  7 -0.42203  5.19897e-01 |  8  0.35458  4.01477e+00 |  9 -0.20395  7.27672e+00
 10  0.08820  3.39314e+00 | 11 -0.63654  9.99588e-02 | 12 -0.63363  3.23203e-01
 13  0.83751 -9.97748e-01 | 14 -0.00249 -8.78501e-03 | 15 -0.00250 -9.05237e-03
 16 -0.00251 -9.32733e-03 | 17 -0.00250 -9.61014e-03 | 18 -0.00249 -9.90094e-03
 19 -0.00247 -1.01999e-02 | 20 -0.00244 -1.05072e-02 | 21 -0.00240 -1.08230e-02
 22 -0.00235 -1.11473e-02 | 23 -0.00229 -1.14803e-02 | 24 -0.00221 -1.18221e-02
 25 -0.00213 -1.21727e-02 | 26 -0.00203 -1.25320e-02 | 27 -0.00192 -1.29001e-02
 28 -0.00179 -1.32769e-02 | 29 -0.00165 -1.36624e-02 | 30 -0.00150 -1.40565e-02
 31 -0.00133 -1.44590e-02 | 32 -0.00115 -1.48699e-02 | 33 -0.00095 -1.52885e-02
 34 -0.00075 -1.57142e-02 | 35 -0.00053 -1.61455e-02 | 36 -0.00031 -1.65804e-02
 37 -0.00009 -1.70157e-02 | 38  0.00013 -1.74473e-02 | 39  0.00033 -1.78702e-02
 40  0.00052 -1.82784e-02 | 41  0.00067 -1.86656e-02 | 42  0.00079 -1.90253e-02
 43  0.00087 -1.93516e-02 | 44  0.00089 -1.96394e-02 | 45  0.00086 -1.98849e-02
 46  0.00077 -2.00864e-02 | 47  0.00064 -2.02442e-02 | 48  0.00045 -2.03608e-02
 49  0.00023 -2.04403e-02 | 50 -0.00000 -2.04875e-02 | 51 -0.00024 -2.05063e-02
 52 -0.00045 -2.04983e-02 | 53 -0.00061 -2.04629e-02 | 54 -0.00070 -2.03982e-02
 55 -0.00067 -2.03036e-02 | 56 -0.00052 -2.01841e-02 | 57 -0.00019 -2.00533e-02
 58  0.00033 -1.99345e-02 | 59  0.00107 -1.98529e-02 | 60  0.00205 -1.98118e-02
 61  0.00329 -1.97548e-02 | 62  0.00481 -1.95399e-02 | 63  0.00661 -1.90062e-02
 64  0.00869 -1.82331e-02 | 65  0.01101 -1.78771e-02 | 66  0.01350 -1.89184e-02
 67  0.01607 -2.10928e-02 | 68  0.01858 -2.15641e-02 | 69  0.02088 -1.77476e-02
 70  0.02274 -1.20368e-02 | 71  0.02396 -8.75994e-03 | 72  0.02439 -7.34385e-03
 73  0.02398 -4.41284e-03 | 74  0.02273 -4.23887e-04 | 75  0.02067 -3.93594e-04
 76  0.01791 -4.62519e-03 | 77  0.01460 -5.82078e-03 | 78  0.01087 -2.56945e-03
 79  0.00691 -4.87131e-04 | 80  0.00296 -8.68112e-04 | 81 -0.00067 -2.12008e-03
 82 -0.00376 -4.16935e-03 | 83 -0.00626 -7.22969e-03 | 84 -0.00829 -1.12662e-02
 85 -0.01008 -1.62916e-02 | 86 -0.01170 -2.20717e-02 | 87 -0.01275 -2.78720e-02
 88 -0.01301 -3.20041e-02 | 89 -0.01302 -3.20604e-02 | 90 -0.01106 -3.11232e-02
 91 -0.00678 -3.04666e-02 | 92  0.00000 -3.08436e-02 | 93  0.00440 -3.56426e-02
 94  0.00787 -3.70045e-02 | 95  0.01086 -3.39816e-02 | 96  0.00482 -2.74524e-02
 97  0.00342 -2.01002e-02 | 98  0.01723 -1.85886e-02 | 99  0.00968 -1.12382e-02
100 -0.00639 -1.46663e-02 |101  0.01712 -2.11252e-02 |102  0.09710 -7.37117e-03
103  0.03904  5.61379e-02 |104 -0.00392  5.21400e-02 |105  0.00287  3.96630e-02
106  0.01235  1.67780e-03 |107  0.01887 -9.21768e-03 |108 -0.01001  1.80550e-02
109 -0.07291 -9.24518e-03 |110 -0.09228 -1.38294e-02 |111 -0.08507 -2.14960e-02
112 -0.03779 -1.64464e-01 |113  0.06463 -3.51009e-01 |114  0.01129 -1.67777e-01
115  0.00799 -1.22998e-01 |116 -0.03954 -3.40421e-02 |117 -0.07832 -3.28646e-02
118 -0.02720 -2.20121e-03 |119 -0.02239  4.70760e-03 |120 -0.04441  7.27655e-03
121  0.00759  7.65559e-03 |122  0.04208  1.19375e-02 |123  0.00443  1.61232e-02
124  0.04399  1.79195e-03 |125 -0.01737  4.75239e-03 |126  0.10346  1.53806e-02
127 -0.00949  1.67799e-02 |128 -0.04664 -1.35689e-03 |129 -0.05753  1.62725e-02
130 -0.02510 -6.51846e-03 |131  0.08037  1.20056e-02 |132  0.02687  1.88519e-02
133  0.01319 -4.96553e-03 |134 -0.03023 -9.94245e-03 |135 -0.01906  7.02158e-03
136 -0.00254  2.53892e-03 |137 -0.00000  3.03556e-08 |138 -0.65103 -3.15464e-01
139 -0.99394 -2.64792e-02 |140  0.03063  1.99036e+00 |141 -0.58647  5.39696e-05
142  0.03466 -1.66973e+00 |143 -0.40365  1.53740e-01 |144  0.81926 -2.91865e+00
145 -0.11326 -3.81784e-02 |146  0.19716  1.42976e-01 |147 -0.23731 -2.97893e-01
148  0.16805  7.31931e-01 |149 -0.58163  1.41332e-05 |150 -0.00723 -7.62981e-01
151 -0.42462 -5.07385e-01 |152  0.82206 -3.57447e-01 |153  0.12362  2.24595e-03
154 -0.04043 -6.53942e-02 |155 -0.11868 -1.38356e-01 |156  0.09719  5.60907e-02
157  0.04930 -5.82107e-02 |158  0.14523  2.55916e-02 |159 -0.03691 -8.24064e-03
160 -0.58820 -6.40296e-01 |161 -0.50977 -1.96560e-03 |162 -0.21181  3.67169e-03
163 -0.21388 -6.20313e+00 |164  0.80057 -1.41548e+01 |165  0.19183 -1.75943e-02
166  0.08632  1.52306e-03 |167 -0.25927 -1.31701e-01 |168 -0.39764 -5.14274e-02
169 -0.19973  1.72364e-01 |170 -0.03958  3.05384e-02 |171 -0.28340 -9.81781e-02
172  0.81677 -3.98899e+00 |173  0.08772  1.80775e-01 |174 -0.52648 -8.37968e-05
175  0.07973 -1.32913e-01 |176 -0.40495 -4.56219e-02 |177 -0.14477  1.27561e-01
178  0.06344 -1.94829e+00 |179 -0.17471 -2.79401e+00 |180 -0.15588  2.37657e-01
181 -0.99999 -1.00256e-05 |182 -0.13802  2.76136e-01 |183  0.23167 -5.06929e-02
184  0.01346  1.83934e-02 |185 -0.36633 -1.26827e-01 |186 -0.43826 -3.93643e-04
187 -0.04326  9.09252e-02 |188 -0.29957 -5.84415e-01 |189  0.80926  8.67025e-01
189 variables; iteration 40; function evaluation 45; phase 4
Function value 6.7737082e+03; maximum gradient component mag -1.2901e+01
Var    Value     Gradient |Var    Value     Gradient |Var    Value     Gradient
  1 -0.39078  8.06051e-01 |  2  0.35392 -3.16890e+00 |  3 -0.15025 -2.63162e+00
  4  0.03380 -2.36515e+00 |  5 -0.71718  2.29125e-01 |  6 -0.61741  2.60271e+00
  7 -0.42191  6.59771e-01 |  8  0.35451  3.52791e+00 |  9 -0.20408  6.50933e+00
 10  0.08844  3.33052e+00 | 11 -0.63656  1.41137e-01 | 12 -0.63364  3.51017e-01
 13  0.83380 -1.06097e+00 | 14 -0.00246 -4.28075e-03 | 15 -0.00247 -4.57597e-03
 16 -0.00248 -4.89670e-03 | 17 -0.00247 -5.24528e-03 | 18 -0.00246 -5.62422e-03
 19 -0.00244 -6.03621e-03 | 20 -0.00241 -6.48416e-03 | 21 -0.00237 -6.97119e-03
 22 -0.00232 -7.50062e-03 | 23 -0.00226 -8.07600e-03 | 24 -0.00219 -8.70107e-03
 25 -0.00210 -9.37970e-03 | 26 -0.00200 -1.01160e-02 | 27 -0.00189 -1.09141e-02
 28 -0.00177 -1.17782e-02 | 29 -0.00163 -1.27124e-02 | 30 -0.00148 -1.37206e-02
 31 -0.00132 -1.48066e-02 | 32 -0.00114 -1.59735e-02 | 33 -0.00094 -1.72236e-02
 34 -0.00074 -1.85583e-02 | 35 -0.00053 -1.99778e-02 | 36 -0.00031 -2.14807e-02
 37 -0.00009 -2.30638e-02 | 38  0.00012 -2.47222e-02 | 39  0.00032 -2.64487e-02
 40  0.00050 -2.82342e-02 | 41  0.00065 -3.00679e-02 | 42  0.00076 -3.19371e-02
 43  0.00083 -3.38271e-02 | 44  0.00085 -3.57221e-02 | 45  0.00081 -3.76047e-02
 46  0.00072 -3.94567e-02 | 47  0.00057 -4.12590e-02 | 48  0.00039 -4.29924e-02
 49  0.00016 -4.46375e-02 | 50 -0.00008 -4.61752e-02 | 51 -0.00032 -4.75862e-02
 52 -0.00054 -4.88516e-02 | 53 -0.00070 -4.99530e-02 | 54 -0.00079 -5.08745e-02
 55 -0.00077 -5.16044e-02 | 56 -0.00061 -5.21388e-02 | 57 -0.00029 -5.24837e-02
 58  0.00023 -5.26547e-02 | 59  0.00097 -5.26716e-02 | 60  0.00195 -5.25446e-02
 61  0.00320 -5.22609e-02 | 62  0.00472 -5.17872e-02 | 63  0.00652 -5.11182e-02
 64  0.00860 -5.03561e-02 | 65  0.01092 -4.97096e-02 | 66  0.01343 -4.92782e-02
 67  0.01601 -4.88074e-02 | 68  0.01853 -4.79248e-02 | 69  0.02081 -4.66610e-02
 70  0.02265 -4.52907e-02 | 71  0.02386 -4.38030e-02 | 72  0.02430 -4.20123e-02
 73  0.02388 -3.98356e-02 | 74  0.02262 -3.73047e-02 | 75  0.02057 -3.46877e-02
 76  0.01784 -3.24767e-02 | 77  0.01453 -3.05400e-02 | 78  0.01079 -2.83476e-02
 79  0.00682 -2.66257e-02 | 80  0.00286 -2.61252e-02 | 81 -0.00078 -2.66882e-02
 82 -0.00388 -2.81965e-02 | 83 -0.00639 -3.05827e-02 | 84 -0.00843 -3.35891e-02
 85 -0.01023 -3.70537e-02 | 86 -0.01185 -4.06537e-02 | 87 -0.01289 -4.32139e-02
 88 -0.01314 -4.28719e-02 | 89 -0.01312 -3.78815e-02 | 90 -0.01112 -2.99520e-02
 91 -0.00680 -2.14938e-02 | 92  0.00001 -1.45835e-02 | 93  0.00441 -1.44285e-02
 94  0.00788 -1.08774e-02 | 95  0.01084 -6.88796e-03 | 96  0.00480 -9.11701e-03
 97  0.00339 -8.27538e-03 | 98  0.01714 -1.89148e-02 | 99  0.00950 -5.17481e-02
100 -0.00656 -6.70267e-02 |101  0.01697 -6.19152e-02 |102  0.09712 -8.83908e-02
103  0.03893 -4.74535e-02 |104 -0.00396 -1.45699e-02 |105  0.00266 -6.31256e-02
106  0.01224 -1.07535e-01 |107  0.01878 -1.19963e-01 |108 -0.01011 -3.03736e-02
109 -0.07300 -4.87429e-02 |110 -0.09232 -1.50610e-02 |111 -0.08514  6.58027e-03
112 -0.03784 -1.00216e-01 |113  0.06467 -1.25879e-01 |114  0.01122 -1.77018e-02
115  0.00794 -9.16583e-03 |116 -0.03955  1.92586e-02 |117 -0.07839 -3.63845e-02
118 -0.02725  4.82519e-03 |119 -0.02247  4.91492e-03 |120 -0.04446 -6.22024e-03
121  0.00753 -2.04954e-02 |122  0.04199 -2.56768e-02 |123  0.00434 -2.45931e-02
124  0.04382 -6.63841e-02 |125 -0.01758 -6.08893e-02 |126  0.10326 -8.15752e-02
127 -0.00965 -3.99672e-02 |128 -0.04673 -3.22371e-02 |129 -0.05760 -3.03865e-03
130 -0.02515 -8.74893e-03 |131  0.08018 -2.84561e-02 |132  0.02679 -7.87713e-03
133  0.01314 -1.40853e-02 |134 -0.03011  2.13665e-02 |135 -0.01904  5.04077e-03
136 -0.00252  8.70188e-03 |137 -0.00000  3.62874e-08 |138 -0.64861 -3.02614e-01
139 -0.99411 -2.72592e-02 |140  0.03070  2.17509e+00 |141 -0.58647  6.89185e-05
142  0.03473 -1.56604e+00 |143 -0.40383  2.35395e-01 |144  0.81927 -2.70383e+00
145 -0.11692 -1.97725e-01 |146  0.19554  9.47900e-02 |147 -0.23553 -2.38932e-01
148  0.16803  5.37852e-01 |149 -0.58163 -2.41214e-06 |150 -0.00722 -7.03752e-01
151 -0.42470 -5.58559e-01 |152  0.82208 -3.62589e-01 |153  0.12407  2.69637e-02
154 -0.03989 -1.38009e-02 |155 -0.11691  1.36482e-03 |156  0.09745  7.08035e-02
157  0.04943 -5.72566e-02 |158  0.14537  3.54436e-01 |159 -0.03690 -3.02563e-01
160 -0.58823 -5.85485e-01 |161 -0.50976 -1.88834e-03 |162 -0.21180 -1.64654e-02
163 -0.21358 -5.65814e+00 |164  0.80071 -1.29008e+01 |165  0.19167 -7.53335e-02
166  0.08634  9.71356e-02 |167 -0.25923 -2.01477e-01 |168 -0.39478 -2.70692e-02
169 -0.20175  6.76845e-02 |170 -0.03757  5.50122e-02 |171 -0.28212 -1.93275e-02
172  0.81676 -4.22293e+00 |173  0.08745 -1.29503e-01 |174 -0.52647 -1.69698e-04
175  0.07969  9.47213e-02 |176 -0.40453 -6.44618e-02 |177 -0.14475  6.73542e-02
178  0.06350 -1.32475e+00 |179 -0.17472 -2.62824e+00 |180 -0.15592  2.79857e-02
181 -0.99999 -4.38435e-07 |182 -0.13801 -3.83108e-01 |183  0.23283  3.86536e-02
184  0.01415 -1.52678e-02 |185 -0.36832 -3.14644e-01 |186 -0.43839 -1.12268e-03
187 -0.04467  9.20087e-02 |188 -0.29886 -5.27660e-01 |189  0.80926  2.26697e+00
189 variables; iteration 60; function evaluation 67; phase 4
Function value 6.7737061e+03; maximum gradient component mag 5.0682e-01
Var    Value     Gradient |Var    Value     Gradient |Var    Value     Gradient
  1 -0.39080 -5.39886e-03 |  2  0.35389 -6.39515e-02 |  3 -0.15030 -6.60983e-02
  4  0.03396 -4.38762e-02 |  5 -0.71735 -7.95634e-03 |  6 -0.61749  4.03023e-02
  7 -0.42191  6.51606e-03 |  8  0.35445  5.16171e-02 |  9 -0.20425  1.20865e-01
 10  0.08858  4.83141e-02 | 11 -0.63662  1.50614e-03 | 12 -0.63366 -3.18065e-03
 13  0.83535  2.55835e-02 | 14 -0.00247  5.30051e-04 | 15 -0.00249  5.70010e-04
 16 -0.00249  6.13959e-04 | 17 -0.00249  6.62092e-04 | 18 -0.00247  7.14600e-04
 19 -0.00245  7.71648e-04 | 20 -0.00242  8.33382e-04 | 21 -0.00238  8.99926e-04
 22 -0.00233  9.71372e-04 | 23 -0.00227  1.04777e-03 | 24 -0.00219  1.12915e-03
 25 -0.00211  1.21544e-03 | 26 -0.00201  1.30653e-03 | 27 -0.00190  1.40216e-03
 28 -0.00177  1.50199e-03 | 29 -0.00163  1.60545e-03 | 30 -0.00148  1.71179e-03
 31 -0.00131  1.81999e-03 | 32 -0.00113  1.92874e-03 | 33 -0.00093  2.03643e-03
 34 -0.00073  2.14114e-03 | 35 -0.00051  2.24073e-03 | 36 -0.00029  2.33294e-03
 37 -0.00007  2.41552e-03 | 38  0.00015  2.48644e-03 | 39  0.00035  2.54405e-03
 40  0.00053  2.58717e-03 | 41  0.00069  2.61507e-03 | 42  0.00080  2.62730e-03
 43  0.00088  2.62332e-03 | 44  0.00090  2.60200e-03 | 45  0.00086  2.56099e-03
 46  0.00077  2.49620e-03 | 47  0.00063  2.40147e-03 | 48  0.00045  2.26895e-03
 49  0.00023  2.08991e-03 | 50 -0.00001  1.85641e-03 | 51 -0.00025  1.56327e-03
 52 -0.00047  1.20968e-03 | 53 -0.00063  7.99946e-04 | 54 -0.00072  3.43090e-04
 55 -0.00070 -1.48876e-04 | 56 -0.00055 -6.64082e-04 | 57 -0.00023 -1.19463e-03
 58  0.00029 -1.74089e-03 | 59  0.00102 -2.31298e-03 | 60  0.00200 -2.92303e-03
 61  0.00324 -3.56003e-03 | 62  0.00475 -4.15705e-03 | 63  0.00655 -4.61009e-03
 64  0.00863 -4.91473e-03 | 65  0.01094 -5.22763e-03 | 66  0.01344 -5.33781e-03
 67  0.01603 -4.20744e-03 | 68  0.01855 -2.11282e-03 | 69  0.02083 -2.54880e-03
 70  0.02265 -6.32560e-03 | 71  0.02385 -8.69403e-03 | 72  0.02428 -8.67037e-03
 73  0.02386 -9.88764e-03 | 74  0.02259 -1.13509e-02 | 75  0.02055 -8.30240e-03
 76  0.01784 -4.19827e-03 | 77  0.01453 -4.41976e-03 | 78  0.01079 -5.16356e-03
 79  0.00682 -5.02493e-03 | 80  0.00286 -5.30384e-03 | 81 -0.00077 -5.66257e-03
 82 -0.00386 -6.14633e-03 | 83 -0.00637 -6.79303e-03 | 84 -0.00841 -7.41701e-03
 85 -0.01021 -7.53268e-03 | 86 -0.01183 -6.69863e-03 | 87 -0.01287 -5.62177e-03
 88 -0.01313 -5.41210e-03 | 89 -0.01315 -6.41370e-03 | 90 -0.01119 -8.83470e-03
 91 -0.00691 -1.01514e-02 | 92 -0.00010 -5.45064e-03 | 93  0.00433  3.21380e-03
 94  0.00781  9.07595e-03 | 95  0.01082  1.69747e-02 | 96  0.00483  2.56228e-02
 97  0.00338  9.70354e-03 | 98  0.01718  9.29959e-03 | 99  0.00967  2.00852e-02
100 -0.00647 -1.46562e-02 |101  0.01696 -1.74492e-02 |102  0.09730  4.22064e-02
103  0.03893  1.44732e-02 |104 -0.00397  1.84853e-02 |105  0.00281  1.88706e-02
106  0.01241 -1.49703e-02 |107  0.01877 -5.35765e-02 |108 -0.01004  2.47726e-02
109 -0.07287  3.28722e-02 |110 -0.09219  7.35922e-02 |111 -0.08507  5.82651e-02
112 -0.03762  2.73599e-02 |113  0.06473 -3.18336e-02 |114  0.01121 -1.24406e-02
115  0.00813  5.05470e-02 |116 -0.03952  2.01281e-03 |117 -0.07830 -6.80537e-03
118 -0.02717 -2.17143e-03 |119 -0.02246  2.54248e-03 |120 -0.04438  8.58121e-03
121  0.00767  2.81764e-02 |122  0.04202 -9.44279e-03 |123  0.00437 -4.73257e-02
124  0.04376 -8.17791e-02 |125 -0.01747  1.58386e-03 |126  0.10340  5.93030e-02
127 -0.00951  6.50709e-03 |128 -0.04665 -1.88830e-02 |129 -0.05750  4.89894e-03
130 -0.02504  2.11198e-02 |131  0.08028  1.65607e-02 |132  0.02697  1.98500e-02
133  0.01324  1.45871e-02 |134 -0.03005  3.11819e-02 |135 -0.01903 -3.45108e-03
136 -0.00259 -1.20180e-02 |137 -0.00000 -1.05283e-08 |138 -0.64852  7.11908e-03
139 -0.99487  5.70571e-04 |140  0.03053  3.53072e-02 |141 -0.58644 -3.09788e-05
142  0.03479 -2.07155e-02 |143 -0.40397 -1.11135e-02 |144  0.81929 -7.86905e-02
145 -0.11655 -7.07846e-03 |146  0.19551 -4.31901e-02 |147 -0.23558 -8.03762e-03
148  0.16801 -2.68899e-02 |149 -0.58161 -1.90026e-05 |150 -0.00712 -2.92559e-02
151 -0.42472 -1.42057e-02 |152  0.82209 -4.32088e-02 |153  0.12429  1.23198e-02
154 -0.03964  1.57689e-02 |155 -0.11640 -2.01432e-02 |156  0.09749 -7.44571e-03
157  0.04944 -2.75592e-03 |158  0.14540  1.04969e-02 |159 -0.03681 -1.70884e-03
160 -0.58807  4.65221e-02 |161 -0.50971  1.22972e-05 |162 -0.21179 -2.56773e-02
163 -0.21352  1.10916e-01 |164  0.80068 -2.20263e-02 |165  0.19175  1.09850e-02
166  0.08631  1.33278e-03 |167 -0.25922 -5.96192e-03 |168 -0.39477  2.06822e-02
169 -0.20203 -1.75832e-02 |170 -0.03772 -3.92750e-02 |171 -0.28187 -2.11361e-02
172  0.81676 -9.14637e-02 |173  0.08740  3.07416e-02 |174 -0.52634 -8.44282e-05
175  0.07965  5.96466e-02 |176 -0.40428  4.89491e-02 |177 -0.14476 -9.24363e-03
178  0.06350 -2.42951e-02 |179 -0.17464 -4.36500e-02 |180 -0.15589 -1.35803e-03
181 -0.99999 -1.55911e-05 |182 -0.13797 -2.21616e-03 |183  0.23267  2.61391e-03
184  0.01403 -8.93750e-04 |185 -0.36784  6.91468e-03 |186 -0.43977  1.19161e-03
187 -0.04460 -2.39735e-03 |188 -0.29890 -6.53040e-03 |189  0.80924  5.06818e-01
189 variables; iteration 80; function evaluation 88; phase 4
Function value 6.7737061e+03; maximum gradient component mag -4.1704e-02
Var    Value     Gradient |Var    Value     Gradient |Var    Value     Gradient
  1 -0.39080 -6.56960e-04 |  2  0.35390  4.07168e-03 |  3 -0.15030  2.79823e-03
  4  0.03393 -2.76377e-03 |  5 -0.71723  2.26215e-02 |  6 -0.61750 -4.05694e-03
  7 -0.42191 -9.69104e-04 |  8  0.35445 -3.72065e-03 |  9 -0.20425 -6.28196e-03
 10  0.08858 -2.68555e-03 | 11 -0.63662 -1.63922e-02 | 12 -0.63366  4.80886e-04
 13  0.83511  7.91749e-04 | 14 -0.00248 -2.25410e-04 | 15 -0.00249 -2.12148e-04
 16 -0.00249 -1.98174e-04 | 17 -0.00249 -1.83493e-04 | 18 -0.00248 -1.68131e-04
 19 -0.00246 -1.52099e-04 | 20 -0.00242 -1.35395e-04 | 21 -0.00238 -1.18003e-04
 22 -0.00233 -9.98880e-05 | 23 -0.00227 -8.10006e-05 | 24 -0.00220 -6.12825e-05
 25 -0.00211 -4.06749e-05 | 26 -0.00201 -1.90816e-05 | 27 -0.00190  3.56761e-06
 28 -0.00177  2.73425e-05 | 29 -0.00164  5.23346e-05 | 30 -0.00148  7.86048e-05
 31 -0.00131  1.06199e-04 | 32 -0.00113  1.35147e-04 | 33 -0.00094  1.65408e-04
 34 -0.00073  1.96888e-04 | 35 -0.00052  2.29320e-04 | 36 -0.00030  2.62292e-04
 37 -0.00007  2.95131e-04 | 38  0.00014  3.26910e-04 | 39  0.00034  3.56428e-04
 40  0.00053  3.82174e-04 | 41  0.00068  4.02440e-04 | 42  0.00080  4.15316e-04
 43  0.00087  4.18811e-04 | 44  0.00089  4.10958e-04 | 45  0.00086  3.90008e-04
 46  0.00077  3.54711e-04 | 47  0.00063  3.04605e-04 | 48  0.00044  2.40345e-04
 49  0.00022  1.63950e-04 | 50 -0.00002  7.88078e-05 | 51 -0.00026 -1.07192e-05
 52 -0.00047 -9.98317e-05 | 53 -0.00064 -1.83940e-04 | 54 -0.00073 -2.59126e-04
 55 -0.00071 -3.22225e-04 | 56 -0.00055 -3.70289e-04 | 57 -0.00023 -4.00417e-04
 58  0.00029 -4.10452e-04 | 59  0.00103 -4.02392e-04 | 60  0.00201 -3.88311e-04
 61  0.00325 -3.94373e-04 | 62  0.00476 -4.52374e-04 | 63  0.00656 -5.73889e-04
 64  0.00863 -7.30137e-04 | 65  0.01095 -8.84206e-04 | 66  0.01345 -1.13118e-03
 67  0.01602 -1.82695e-03 | 68  0.01853 -2.85823e-03 | 69  0.02081 -2.77858e-03
 70  0.02265 -1.37176e-03 | 71  0.02386 -6.04573e-04 | 72  0.02429 -6.44489e-04
 73  0.02388 -1.74770e-04 | 74  0.02261  5.27055e-04 | 75  0.02056 -4.57259e-04
 76  0.01782 -1.95294e-03 | 77  0.01451 -1.62781e-03 | 78  0.01078 -9.60705e-04
 79  0.00681 -6.29929e-04 | 80  0.00285 -2.75248e-04 | 81 -0.00078  1.60208e-04
 82 -0.00387  7.27571e-04 | 83 -0.00637  1.46483e-03 | 84 -0.00840  2.26190e-03
 85 -0.01020  2.88171e-03 | 86 -0.01181  3.00112e-03 | 87 -0.01286  2.87588e-03
 88 -0.01311  2.80882e-03 | 89 -0.01312  2.37198e-03 | 90 -0.01115  2.78376e-03
 91 -0.00686  2.61330e-03 | 92 -0.00006  1.25909e-03 | 93  0.00434  1.44834e-04
 94  0.00780 -1.00541e-03 | 95  0.01078 -1.34591e-03 | 96  0.00476 -1.85664e-03
 97  0.00337  1.33363e-04 | 98  0.01718 -8.97350e-04 | 99  0.00961 -7.73729e-03
100 -0.00645 -1.11111e-02 |101  0.01709  4.27252e-03 |102  0.09722  7.65737e-03
103  0.03897  5.55859e-03 |104 -0.00400 -5.25217e-04 |105  0.00274 -5.50363e-03
106  0.01238 -1.22654e-02 |107  0.01893  8.52746e-03 |108 -0.01011  5.24777e-03
109 -0.07290 -2.09601e-03 |110 -0.09232 -1.09306e-02 |111 -0.08515  5.93880e-03
112 -0.03766  6.75995e-03 |113  0.06479 -2.83395e-03 |114  0.01123  6.30231e-04
115  0.00807  1.20634e-02 |116 -0.03954 -1.66742e-02 |117 -0.07830  4.63706e-04
118 -0.02717  8.45992e-03 |119 -0.02246  3.26199e-04 |120 -0.04441 -3.20427e-03
121  0.00760  1.36109e-03 |122  0.04202  3.46128e-03 |123  0.00442 -8.67621e-04
124  0.04386  1.62466e-03 |125 -0.01748  5.91778e-04 |126  0.10333 -1.23169e-03
127 -0.00953 -3.39582e-03 |128 -0.04661  6.29844e-03 |129 -0.05753 -3.60533e-03
130 -0.02511 -9.18408e-05 |131  0.08024 -5.63150e-03 |132  0.02693  8.64711e-03
133  0.01318  6.62249e-04 |134 -0.03016  2.43633e-04 |135 -0.01902  2.44166e-03
136 -0.00254  2.43092e-03 |137 -0.00000 -2.78007e-09 |138 -0.64834 -1.01768e-03
139 -0.99487  2.56120e-05 |140  0.03050 -1.83473e-03 |141 -0.58640 -2.64999e-05
142  0.03478  7.19375e-04 |143 -0.40389  3.57952e-03 |144  0.81929  1.75293e-04
145 -0.11619 -7.45238e-05 |146  0.19575 -5.21899e-03 |147 -0.23573 -7.04058e-04
148  0.16803  1.90098e-03 |149 -0.58159 -1.33290e-05 |150 -0.00711  1.76568e-03
151 -0.42474 -4.33933e-03 |152  0.82209 -2.66657e-04 |153  0.12426  7.05090e-03
154 -0.03968  7.68864e-03 |155 -0.11627 -1.08944e-03 |156  0.09752  1.19986e-03
157  0.04946  5.82230e-04 |158  0.14538 -1.71276e-04 |159 -0.03683 -8.24357e-05
160 -0.58831  3.00596e-03 |161 -0.50966 -3.74967e-05 |162 -0.21192 -8.65427e-03
163 -0.21355 -6.39724e-03 |164  0.80072 -2.72845e-03 |165  0.19167  2.98114e-04
166  0.08628  1.98736e-05 |167 -0.25921  2.69448e-04 |168 -0.39465  1.63962e-03
169 -0.20203 -7.31821e-04 |170 -0.03755  2.40597e-03 |171 -0.28188 -8.07115e-03
172  0.81676  2.71079e-02 |173  0.08744  3.01866e-04 |174 -0.52620 -1.00717e-04
175  0.07965 -5.15047e-04 |176 -0.40444 -5.11163e-04 |177 -0.14475  1.69372e-04
178  0.06350  2.00746e-03 |179 -0.17463  3.68391e-03 |180 -0.15588  2.03007e-03
181 -0.99995  2.04269e-02 |182 -0.13797  8.82612e-04 |183  0.23248 -8.06975e-03
184  0.01390 -5.94881e-03 |185 -0.36802 -3.25478e-03 |186 -0.44117  1.01112e-03
187 -0.04474 -5.00106e-03 |188 -0.29883  9.84105e-04 |189  0.80924 -4.17041e-02
189 variables; iteration 100; function evaluation 121; phase 4
Function value 6.7737060e+03; maximum gradient component mag 1.8169e-02
Var    Value     Gradient |Var    Value     Gradient |Var    Value     Gradient
  1 -0.39080  2.26263e-04 |  2  0.35389 -3.94786e-04 |  3 -0.15030  2.80603e-04
  4  0.03395  3.26081e-03 |  5 -0.71729 -7.38458e-03 |  6 -0.61750 -7.30314e-05
  7 -0.42191  2.77779e-04 |  8  0.35445 -7.77468e-04 |  9 -0.20425 -1.10381e-03
 10  0.08858  2.26055e-04 | 11 -0.63660  6.46243e-04 | 12 -0.63366 -9.22026e-05
 13  0.83499 -5.66541e-04 | 14 -0.00248 -7.58844e-04 | 15 -0.00249 -7.51249e-04
 16 -0.00249 -7.41059e-04 | 17 -0.00249 -7.28102e-04 | 18 -0.00248 -7.12183e-04
 19 -0.00246 -6.93116e-04 | 20 -0.00243 -6.70675e-04 | 21 -0.00238 -6.44620e-04
 22 -0.00233 -6.14683e-04 | 23 -0.00227 -5.80588e-04 | 24 -0.00220 -5.42039e-04
 25 -0.00211 -4.98773e-04 | 26 -0.00201 -4.50501e-04 | 27 -0.00190 -3.97007e-04
 28 -0.00177 -3.38140e-04 | 29 -0.00164 -2.73813e-04 | 30 -0.00148 -2.04096e-04
 31 -0.00131 -1.29227e-04 | 32 -0.00113 -4.96452e-05 | 33 -0.00094  3.39555e-05
 34 -0.00073  1.20657e-04 | 35 -0.00052  2.09308e-04 | 36 -0.00030  2.98670e-04
 37 -0.00007  3.87534e-04 | 38  0.00014  4.74932e-04 | 39  0.00035  5.60313e-04
 40  0.00053  6.43613e-04 | 41  0.00068  7.25241e-04 | 42  0.00080  8.05853e-04
 43  0.00087  8.86017e-04 | 44  0.00089  9.65774e-04 | 45  0.00086  1.04421e-03
 46  0.00077  1.11911e-03 | 47  0.00063  1.18684e-03 | 48  0.00044  1.24280e-03
 49  0.00022  1.28239e-03 | 50 -0.00001  1.30266e-03 | 51 -0.00025  1.30378e-03
 52 -0.00047  1.28992e-03 | 53 -0.00063  1.26888e-03 | 54 -0.00072  1.25076e-03
 55 -0.00070  1.24628e-03 | 56 -0.00055  1.26487e-03 | 57 -0.00022  1.31115e-03
 58  0.00029  1.37790e-03 | 59  0.00103  1.43766e-03 | 60  0.00201  1.44757e-03
 61  0.00325  1.38830e-03 | 62  0.00476  1.30920e-03 | 63  0.00656  1.27424e-03
 64  0.00864  1.27319e-03 | 65  0.01095  1.29255e-03 | 66  0.01345  1.44210e-03
 67  0.01603  2.04241e-03 | 68  0.01855  1.87280e-03 | 69  0.02083  2.79384e-03
 70  0.02267  2.80514e-03 | 71  0.02386 -2.99466e-04 | 72  0.02429  1.01045e-04
 73  0.02386 -1.33792e-03 | 74  0.02260 -1.06518e-03 | 75  0.02057  1.58032e-03
 76  0.01783  8.87025e-04 | 77  0.01452  1.35071e-03 | 78  0.01078  8.06849e-04
 79  0.00681  5.60897e-04 | 80  0.00286  2.75180e-04 | 81 -0.00078 -2.49994e-04
 82 -0.00387 -2.33775e-04 | 83 -0.00637  2.40693e-04 | 84 -0.00840  4.45611e-04
 85 -0.01020  4.54994e-06 | 86 -0.01182 -7.59216e-04 | 87 -0.01287 -1.29389e-03
 88 -0.01312 -1.62838e-03 | 89 -0.01313 -1.35762e-03 | 90 -0.01116 -6.62832e-04
 91 -0.00685  2.17107e-03 | 92 -0.00006  1.55687e-03 | 93  0.00434  6.57908e-04
 94  0.00780 -7.78046e-04 | 95  0.01078 -5.98348e-04 | 96  0.00477  1.05729e-03
 97  0.00338  3.12097e-03 | 98  0.01718  1.70201e-03 | 99  0.00963  1.60884e-03
100 -0.00641 -1.12731e-03 |101  0.01708  4.14440e-04 |102  0.09719 -4.34646e-03
103  0.03897  1.53193e-03 |104 -0.00399  4.33432e-03 |105  0.00275  5.52044e-04
106  0.01242  3.27775e-03 |107  0.01889 -4.10128e-03 |108 -0.01011 -8.01190e-04
109 -0.07288  7.88634e-03 |110 -0.09231 -3.39188e-03 |111 -0.08516 -1.97761e-03
112 -0.03767 -3.07732e-03 |113  0.06480  2.61770e-03 |114  0.01122 -5.08665e-03
115  0.00805 -1.06375e-04 |116 -0.03950  1.71172e-03 |117 -0.07829  1.83987e-03
118 -0.02718 -2.59772e-03 |119 -0.02247 -2.47008e-03 |120 -0.04440 -1.11352e-03
121  0.00759 -1.76865e-03 |122  0.04201 -2.72651e-04 |123  0.00441 -3.73839e-03
124  0.04385 -2.82217e-03 |125 -0.01750 -5.22621e-03 |126  0.10332 -2.96032e-03
127 -0.00954 -4.48913e-03 |128 -0.04662  1.45687e-03 |129 -0.05753 -7.59251e-04
130 -0.02513 -3.64765e-03 |131  0.08025  5.57708e-03 |132  0.02690 -3.09479e-03
133  0.01318 -1.29432e-03 |134 -0.03016  5.76799e-04 |135 -0.01905 -4.67476e-03
136 -0.00255  2.60520e-04 |137 -0.00000 -3.68919e-09 |138 -0.64827  1.24805e-04
139 -0.99478 -2.79057e-05 |140  0.03051 -2.06969e-04 |141 -0.58621 -1.02813e-05
142  0.03478  8.57550e-04 |143 -0.40391 -2.36219e-03 |144  0.81929  2.02571e-03
145 -0.11615 -1.72882e-03 |146  0.19579  7.44978e-03 |147 -0.23575  2.20411e-03
148  0.16803  4.45169e-04 |149 -0.58150 -5.08885e-06 |150 -0.00711  1.02895e-03
151 -0.42473 -2.78346e-03 |152  0.82209  1.15328e-03 |153  0.12421 -4.07028e-04
154 -0.03972  1.88890e-04 |155 -0.11627 -4.09683e-04 |156  0.09751 -4.47143e-04
157  0.04946  5.50477e-04 |158  0.14538 -6.08371e-04 |159 -0.03683 -1.52607e-04
160 -0.58815  7.42411e-04 |161 -0.50941 -1.64096e-05 |162 -0.21170 -1.23272e-04
163 -0.21355 -2.43836e-03 |164  0.80073 -5.09255e-03 |165  0.19167 -1.11459e-05
166  0.08628  1.78969e-04 |167 -0.25921 -6.84977e-05 |168 -0.39476 -1.15775e-03
169 -0.20205  2.81875e-04 |170 -0.03763  1.08498e-03 |171 -0.28181  1.50926e-03
172  0.81676 -1.96744e-03 |173  0.08743 -3.18235e-04 |174 -0.52549 -4.46901e-05
175  0.07965 -1.44267e-04 |176 -0.40444 -4.05850e-04 |177 -0.14475 -1.11253e-05
178  0.06350  7.70258e-04 |179 -0.17463  9.47397e-04 |180 -0.15588  1.20509e-03
181 -0.99996  1.81692e-02 |182 -0.13797  2.63008e-04 |183  0.23266  1.06598e-03
184  0.01403  2.19608e-03 |185 -0.36790  1.73951e-03 |186 -0.44841  4.32244e-04
187 -0.04465  9.32917e-04 |188 -0.29885  1.84552e-03 |189  0.80924  1.19692e-02
189 variables; iteration 120; function evaluation 154; phase 4
Function value 6.7737060e+03; maximum gradient component mag 2.5652e-03
Var    Value     Gradient |Var    Value     Gradient |Var    Value     Gradient
  1 -0.39080 -5.21019e-06 |  2  0.35390  2.70271e-05 |  3 -0.15030  1.73640e-05
  4  0.03394 -9.63312e-05 |  5 -0.71728  1.10999e-04 |  6 -0.61750 -2.41008e-06
  7 -0.42191 -6.74787e-06 |  8  0.35445  2.96474e-05 |  9 -0.20425  4.84191e-06
 10  0.08858 -5.77925e-05 | 11 -0.63660  2.86340e-04 | 12 -0.63366 -2.24084e-05
 13  0.83500 -2.27257e-05 | 14 -0.00247 -9.77543e-06 | 15 -0.00249 -9.18533e-06
 16 -0.00249 -8.88989e-06 | 17 -0.00249 -8.90095e-06 | 18 -0.00248 -9.22532e-06
 19 -0.00245 -9.85712e-06 | 20 -0.00242 -1.07772e-05 | 21 -0.00238 -1.19535e-05
 22 -0.00233 -1.33386e-05 | 23 -0.00227 -1.48670e-05 | 24 -0.00219 -1.64604e-05
 25 -0.00211 -1.80215e-05 | 26 -0.00201 -1.94362e-05 | 27 -0.00190 -2.05780e-05
 28 -0.00177 -2.13173e-05 | 29 -0.00164 -2.15217e-05 | 30 -0.00148 -2.10901e-05
 31 -0.00131 -1.99708e-05 | 32 -0.00113 -1.82086e-05 | 33 -0.00094 -1.59864e-05
 34 -0.00073 -1.36645e-05 | 35 -0.00052 -1.17922e-05 | 36 -0.00030 -1.10530e-05
 37 -0.00008 -1.21456e-05 | 38  0.00014 -1.55917e-05 | 39  0.00034 -2.15376e-05
 40  0.00053 -2.96201e-05 | 41  0.00068 -3.89769e-05 | 42  0.00080 -4.84033e-05
 43  0.00087 -5.66278e-05 | 44  0.00089 -6.26158e-05 | 45  0.00086 -6.58585e-05
 46  0.00077 -6.66048e-05 | 47  0.00063 -6.59470e-05 | 48  0.00044 -6.56026e-05
 49  0.00022 -6.72687e-05 | 50 -0.00002 -7.17125e-05 | 51 -0.00026 -7.81747e-05
 52 -0.00047 -8.46367e-05 | 53 -0.00064 -8.88710e-05 | 54 -0.00073 -8.92973e-05
 55 -0.00071 -8.47869e-05 | 56 -0.00055 -7.34688e-05 | 57 -0.00023 -5.24409e-05
 58  0.00029 -2.22865e-05 | 59  0.00103  1.18506e-06 | 60  0.00201 -1.57959e-05
 61  0.00325 -7.73183e-05 | 62  0.00476 -1.10840e-04 | 63  0.00656 -9.04693e-05
 64  0.00864 -6.87570e-05 | 65  0.01095 -1.02267e-04 | 66  0.01345 -1.99963e-04
 67  0.01603  6.45043e-05 | 68  0.01854 -1.43401e-06 | 69  0.02082 -7.57724e-05
 70  0.02265 -4.56962e-04 | 71  0.02386 -1.71426e-06 | 72  0.02429  4.18177e-05
 73  0.02387  2.90105e-05 | 74  0.02261 -8.93749e-05 | 75  0.02056 -9.35946e-05
 76  0.01782 -1.85003e-04 | 77  0.01452  6.32050e-05 | 78  0.01078 -4.50954e-05
 79  0.00681 -3.31504e-06 | 80  0.00286  5.43500e-05 | 81 -0.00078 -1.22193e-04
 82 -0.00387  1.01092e-04 | 83 -0.00637  4.44796e-05 | 84 -0.00841 -2.79457e-05
 85 -0.01020  1.86999e-05 | 86 -0.01182  5.42004e-05 | 87 -0.01286  1.16975e-04
 88 -0.01312  1.56297e-04 | 89 -0.01313  8.07107e-05 | 90 -0.01116  5.73697e-05
 91 -0.00686 -4.63530e-04 | 92 -0.00006  2.55882e-04 | 93  0.00434  2.61656e-05
 94  0.00780 -1.82623e-04 | 95  0.01078 -1.79679e-04 | 96  0.00476  1.82330e-04
 97  0.00337 -2.38057e-04 | 98  0.01717 -3.31158e-04 | 99  0.00963  3.32060e-04
100 -0.00641 -1.78985e-04 |101  0.01707  1.31450e-04 |102  0.09721  1.69118e-04
103  0.03896 -2.03967e-04 |104 -0.00400  2.03181e-05 |105  0.00275 -2.50807e-04
106  0.01241 -2.08781e-04 |107  0.01890  4.20021e-04 |108 -0.01011 -5.95115e-05
109 -0.07290 -5.23708e-04 |110 -0.09230  1.46565e-04 |111 -0.08516  9.02921e-05
112 -0.03767  3.63503e-04 |113  0.06479 -3.14440e-04 |114  0.01124  5.85893e-04
115  0.00805 -1.40361e-04 |116 -0.03951 -1.85079e-04 |117 -0.07830 -8.46463e-05
118 -0.02718  4.52406e-04 |119 -0.02246 -2.80079e-05 |120 -0.04440 -3.37690e-04
121  0.00760  5.74026e-04 |122  0.04201 -2.44688e-04 |123  0.00442  4.10510e-04
124  0.04386  2.17937e-04 |125 -0.01749  3.14234e-04 |126  0.10332  2.31359e-04
127 -0.00953  1.91534e-04 |128 -0.04662 -1.75713e-04 |129 -0.05752  1.46431e-04
130 -0.02511  3.14219e-04 |131  0.08025 -1.74645e-04 |132  0.02691 -4.11461e-04
133  0.01318  8.23917e-06 |134 -0.03016  1.81041e-04 |135 -0.01903  1.46273e-04
136 -0.00255  7.08561e-05 |137 -0.00000 -9.14666e-10 |138 -0.64827 -5.65948e-05
139 -0.99464 -8.75538e-06 |140  0.03050 -6.39285e-05 |141 -0.58608  2.23087e-06
142  0.03478 -6.98883e-05 |143 -0.40390  3.08802e-04 |144  0.81929 -8.70920e-05
145 -0.11615  1.36781e-04 |146  0.19577 -5.35569e-04 |147 -0.23575 -1.73197e-04
148  0.16803  7.34109e-05 |149 -0.58143  1.02090e-06 |150 -0.00711  1.35919e-05
151 -0.42473 -1.92827e-04 |152  0.82209  1.85661e-05 |153  0.12422  2.81836e-05
154 -0.03972 -2.03605e-06 |155 -0.11627  5.31100e-05 |156  0.09751 -1.44691e-04
157  0.04946 -1.47988e-04 |158  0.14538 -1.09685e-04 |159 -0.03683 -1.44034e-04
160 -0.58817 -1.62707e-04 |161 -0.50921 -6.82373e-08 |162 -0.21172  1.09869e-04
163 -0.21355 -2.85132e-05 |164  0.80073 -5.90575e-05 |165  0.19167  2.73057e-06
166  0.08628 -7.92221e-06 |167 -0.25921  5.15647e-06 |168 -0.39475  6.19527e-05
169 -0.20205 -2.60611e-05 |170 -0.03762 -7.29190e-05 |171 -0.28182 -8.34809e-05
172  0.81676  1.01224e-04 |173  0.08743  6.25124e-06 |174 -0.52491  1.32507e-06
175  0.07965 -9.43984e-06 |176 -0.40444  1.15241e-06 |177 -0.14475 -1.77188e-06
178  0.06350 -5.42744e-05 |179 -0.17463  1.10073e-04 |180 -0.15588 -1.62495e-04
181 -0.99998  2.56516e-03 |182 -0.13797  3.13685e-05 |183  0.23263 -2.49292e-05
184  0.01401 -1.05179e-04 |185 -0.36790 -1.57668e-04 |186 -0.45420 -4.08484e-06
187 -0.04466 -8.68106e-06 |188 -0.29883 -1.88456e-04 |189  0.80924 -1.53542e-03

 - final statistics:
189 variables; iteration 123; function evaluation 159
Function value 6.7737e+03; maximum gradient component mag 5.5699e-04
Exit code = 1;  converg criter 1.0000e-03
Var    Value     Gradient |Var    Value     Gradient |Var    Value     Gradient
  1 -0.39080 -4.16456e-06 |  2  0.35390  4.71768e-06 |  3 -0.15030  4.34517e-06
  4  0.03394 -3.04789e-05 |  5 -0.71728  2.16258e-05 |  6 -0.61750 -2.50976e-06
  7 -0.42191  1.48008e-06 |  8  0.35445  6.95661e-06 |  9 -0.20425  1.06868e-05
 10  0.08858 -1.75003e-05 | 11 -0.63660  1.01874e-04 | 12 -0.63366 -8.37039e-06
 13  0.83500 -1.50598e-05 | 14 -0.00247  2.01375e-07 | 15 -0.00249 -2.42232e-07
 16 -0.00249 -1.00680e-06 | 17 -0.00249 -2.09367e-06 | 18 -0.00248 -3.49738e-06
 19 -0.00245 -5.20359e-06 | 20 -0.00242 -7.18508e-06 | 21 -0.00238 -9.40472e-06
 22 -0.00233 -1.18119e-05 | 23 -0.00227 -1.43398e-05 | 24 -0.00219 -1.69067e-05
 25 -0.00211 -1.94130e-05 | 26 -0.00201 -2.17391e-05 | 27 -0.00190 -2.37513e-05
 28 -0.00177 -2.53026e-05 | 29 -0.00164 -2.62443e-05 | 30 -0.00148 -2.64420e-05
 31 -0.00131 -2.58064e-05 | 32 -0.00113 -2.43252e-05 | 33 -0.00094 -2.21063e-05
 34 -0.00073 -1.94095e-05 | 35 -0.00052 -1.66480e-05 | 36 -0.00030 -1.43388e-05
 37 -0.00008 -1.29926e-05 | 38  0.00014 -1.29613e-05 | 39  0.00034 -1.42994e-05
 40  0.00053 -1.67013e-05 | 41  0.00068 -1.95590e-05 | 42  0.00080 -2.21075e-05
 43  0.00087 -2.36078e-05 | 44  0.00089 -2.34986e-05 | 45  0.00086 -2.15140e-05
 46  0.00077 -1.77915e-05 | 47  0.00063 -1.29563e-05 | 48  0.00044 -8.06818e-06
 49  0.00022 -4.29309e-06 | 50 -0.00002 -2.30455e-06 | 51 -0.00026 -1.82770e-06
 52 -0.00047 -1.82473e-06 | 53 -0.00064 -1.30610e-06 | 54 -0.00073  2.29092e-08
 55 -0.00071  2.11340e-06 | 56 -0.00055  5.82776e-06 | 57 -0.00022  1.33545e-05
 58  0.00029  2.43662e-05 | 59  0.00103  2.70230e-05 | 60  0.00201  1.43231e-06
 61  0.00325 -3.84643e-05 | 62  0.00476 -4.44456e-05 | 63  0.00656 -3.87915e-05
 64  0.00863 -6.21320e-05 | 65  0.01095 -8.68043e-05 | 66  0.01345 -4.01794e-05
 67  0.01603  3.84902e-05 | 68  0.01854 -7.82832e-05 | 69  0.02082 -1.23056e-04
 70  0.02266 -1.36334e-04 | 71  0.02386 -3.16965e-06 | 72  0.02429  8.77486e-05
 73  0.02387 -4.16382e-06 | 74  0.02261 -8.90291e-05 | 75  0.02056 -3.64709e-05
 76  0.01782 -8.29769e-05 | 77  0.01452  7.50890e-05 | 78  0.01078 -6.27489e-05
 79  0.00681  9.07869e-06 | 80  0.00286  6.92002e-05 | 81 -0.00077 -1.09961e-05
 82 -0.00387  1.65586e-04 | 83 -0.00637  4.76236e-07 | 84 -0.00841 -2.87559e-06
 85 -0.01020  4.17130e-05 | 86 -0.01182 -4.62362e-06 | 87 -0.01286  1.11602e-04
 88 -0.01312  1.45845e-04 | 89 -0.01313 -1.20242e-04 | 90 -0.01116 -1.95328e-04
 91 -0.00686 -1.24291e-04 | 92 -0.00006  3.96874e-05 | 93  0.00434 -1.17278e-04
 94  0.00780 -3.29561e-05 | 95  0.01078  1.17545e-04 | 96  0.00476  2.55519e-04
 97  0.00337 -1.02365e-04 | 98  0.01717 -1.26598e-04 | 99  0.00963 -9.92290e-05
100 -0.00641 -8.50814e-05 |101  0.01707  1.25962e-04 |102  0.09721  1.01877e-04
103  0.03896 -8.68347e-05 |104 -0.00401 -1.26869e-04 |105  0.00275  1.53425e-05
106  0.01241 -8.28324e-05 |107  0.01890  1.37542e-04 |108 -0.01011  1.41924e-06
109 -0.07290 -2.08595e-04 |110 -0.09230  5.13365e-05 |111 -0.08516  3.11589e-05
112 -0.03767  1.46894e-04 |113  0.06479 -1.16738e-04 |114  0.01124  1.99750e-04
115  0.00805 -4.88575e-05 |116 -0.03951 -6.51459e-05 |117 -0.07830 -1.96220e-05
118 -0.02718  1.62213e-04 |119 -0.02246 -1.97412e-05 |120 -0.04440 -1.04498e-04
121  0.00760  1.82057e-04 |122  0.04201 -7.19990e-05 |123  0.00442  1.32772e-04
124  0.04386  8.01243e-05 |125 -0.01749  9.99115e-05 |126  0.10332  8.24012e-05
127 -0.00953  5.74470e-05 |128 -0.04662 -5.13923e-05 |129 -0.05752  4.03406e-05
130 -0.02511  7.97863e-05 |131  0.08025 -7.86486e-05 |132  0.02691 -1.38725e-04
133  0.01318 -3.18488e-05 |134 -0.03016 -1.86418e-05 |135 -0.01903  2.51659e-05
136 -0.00255  6.65380e-05 |137 -0.00000 -5.33347e-10 |138 -0.64827 -4.90144e-06
139 -0.99463 -9.25300e-06 |140  0.03050 -1.44549e-05 |141 -0.58608  1.79130e-06
142  0.03478 -1.55222e-05 |143 -0.40390  6.54105e-05 |144  0.81929 -1.80217e-05
145 -0.11615  4.88903e-05 |146  0.19577 -1.93717e-04 |147 -0.23575 -6.43095e-05
148  0.16803  1.10314e-05 |149 -0.58143  8.31941e-07 |150 -0.00711  2.06581e-07
151 -0.42473 -2.63478e-05 |152  0.82209  5.28992e-06 |153  0.12422  9.19519e-06
154 -0.03972  3.87430e-07 |155 -0.11627  2.13470e-05 |156  0.09751 -3.11859e-05
157  0.04946 -3.81590e-05 |158  0.14538 -1.30515e-04 |159 -0.03683 -1.51490e-04
160 -0.58817 -1.22975e-04 |161 -0.50921 -2.07509e-07 |162 -0.21172  8.87088e-05
163 -0.21355 -9.22817e-05 |164  0.80073 -2.57889e-04 |165  0.19167  7.11490e-06
166  0.08628 -9.27563e-07 |167 -0.25921 -6.34510e-07 |168 -0.39475  2.02301e-05
169 -0.20205 -6.21466e-06 |170 -0.03762 -2.16588e-05 |171 -0.28182 -3.08139e-05
172  0.81676  4.70492e-05 |173  0.08743  2.43046e-06 |174 -0.52492  7.58186e-07
175  0.07965 -3.22881e-06 |176 -0.40444 -4.24630e-06 |177 -0.14475 -1.42410e-06
178  0.06350 -3.60434e-05 |179 -0.17463  3.59219e-05 |180 -0.15588 -9.96470e-05
181 -0.99999  5.56988e-04 |182 -0.13797  6.61803e-06 |183  0.23263 -1.01631e-05
184  0.01401 -3.59871e-05 |185 -0.36790 -4.15350e-05 |186 -0.45415  4.10216e-07
187 -0.04466 -8.01415e-06 |188 -0.29883 -2.93538e-05 |189  0.80924 -2.56251e-04
Warning: the following parameters had issues
  Q_parm[5] is within 0.1% of lower bound: -1.00000e+01 < -9.99979e+00 < 2.00000e+00
  selparm[63] is within 0.1% of lower bound: -2.00000e+00 < -2.00000e+00 < 2.00000e+01


 - final statistics:
202 variables; iteration 0; function evaluation 0
Function value 6.7737e+03; maximum gradient component mag 5.5699e-04
Exit code = 0;  converg criter 1.0000e-03
Var    Value     Gradient |Var    Value     Gradient |Var    Value     Gradient
  1 -0.39080 -4.16453e-06 |  2  0.35390  4.71768e-06 |  3 -0.15030  4.34514e-06
  4  0.03394 -3.04789e-05 |  5 -0.71728  2.16258e-05 |  6 -0.61750 -2.50975e-06
  7 -0.42191  1.48011e-06 |  8  0.35445  6.95661e-06 |  9 -0.20425  1.06867e-05
 10  0.08858 -1.75003e-05 | 11 -0.63660  1.01874e-04 | 12 -0.63366 -8.37039e-06
 13  0.83500 -1.50599e-05 | 14 -0.00247  2.01375e-07 | 15 -0.00249 -2.42233e-07
 16 -0.00249 -1.00680e-06 | 17 -0.00249 -2.09367e-06 | 18 -0.00248 -3.49738e-06
 19 -0.00245 -5.20359e-06 | 20 -0.00242 -7.18509e-06 | 21 -0.00238 -9.40472e-06
 22 -0.00233 -1.18119e-05 | 23 -0.00227 -1.43398e-05 | 24 -0.00219 -1.69067e-05
 25 -0.00211 -1.94130e-05 | 26 -0.00201 -2.17391e-05 | 27 -0.00190 -2.37513e-05
 28 -0.00177 -2.53026e-05 | 29 -0.00164 -2.62443e-05 | 30 -0.00148 -2.64420e-05
 31 -0.00131 -2.58064e-05 | 32 -0.00113 -2.43252e-05 | 33 -0.00094 -2.21063e-05
 34 -0.00073 -1.94095e-05 | 35 -0.00052 -1.66480e-05 | 36 -0.00030 -1.43388e-05
 37 -0.00008 -1.29926e-05 | 38  0.00014 -1.29613e-05 | 39  0.00034 -1.42994e-05
 40  0.00053 -1.67013e-05 | 41  0.00068 -1.95590e-05 | 42  0.00080 -2.21075e-05
 43  0.00087 -2.36078e-05 | 44  0.00089 -2.34986e-05 | 45  0.00086 -2.15140e-05
 46  0.00077 -1.77915e-05 | 47  0.00063 -1.29563e-05 | 48  0.00044 -8.06818e-06
 49  0.00022 -4.29309e-06 | 50 -0.00002 -2.30455e-06 | 51 -0.00026 -1.82770e-06
 52 -0.00047 -1.82473e-06 | 53 -0.00064 -1.30610e-06 | 54 -0.00073  2.29085e-08
 55 -0.00071  2.11340e-06 | 56 -0.00055  5.82776e-06 | 57 -0.00022  1.33545e-05
 58  0.00029  2.43662e-05 | 59  0.00103  2.70230e-05 | 60  0.00201  1.43231e-06
 61  0.00325 -3.84643e-05 | 62  0.00476 -4.44456e-05 | 63  0.00656 -3.87915e-05
 64  0.00863 -6.21320e-05 | 65  0.01095 -8.68043e-05 | 66  0.01345 -4.01794e-05
 67  0.01603  3.84902e-05 | 68  0.01854 -7.82832e-05 | 69  0.02082 -1.23056e-04
 70  0.02266 -1.36334e-04 | 71  0.02386 -3.16965e-06 | 72  0.02429  8.77486e-05
 73  0.02387 -4.16383e-06 | 74  0.02261 -8.90291e-05 | 75  0.02056 -3.64709e-05
 76  0.01782 -8.29769e-05 | 77  0.01452  7.50890e-05 | 78  0.01078 -6.27489e-05
 79  0.00681  9.07869e-06 | 80  0.00286  6.92002e-05 | 81 -0.00077 -1.09961e-05
 82 -0.00387  1.65586e-04 | 83 -0.00637  4.76234e-07 | 84 -0.00841 -2.87559e-06
 85 -0.01020  4.17129e-05 | 86 -0.01182 -4.62362e-06 | 87 -0.01286  1.11602e-04
 88 -0.01312  1.45845e-04 | 89 -0.01313 -1.20242e-04 | 90 -0.01116 -1.95328e-04
 91 -0.00686 -1.24291e-04 | 92 -0.00006  3.96874e-05 | 93  0.00434 -1.17278e-04
 94  0.00780 -3.29561e-05 | 95  0.01078  1.17545e-04 | 96  0.00476  2.55519e-04
 97  0.00337 -1.02365e-04 | 98  0.01717 -1.26598e-04 | 99  0.00963 -9.92290e-05
100 -0.00641 -8.50814e-05 |101  0.01707  1.25962e-04 |102  0.09721  1.01877e-04
103  0.03896 -8.68347e-05 |104 -0.00401 -1.26869e-04 |105  0.00275  1.53425e-05
106  0.01241 -8.28324e-05 |107  0.01890  1.37542e-04 |108 -0.01011  1.41925e-06
109 -0.07290 -2.08595e-04 |110 -0.09230  5.13365e-05 |111 -0.08516  3.11589e-05
112 -0.03767  1.46894e-04 |113  0.06479 -1.16738e-04 |114  0.01124  1.99750e-04
115  0.00805 -4.88575e-05 |116 -0.03951 -6.51459e-05 |117 -0.07830 -1.96220e-05
118 -0.02718  1.62213e-04 |119 -0.02246 -1.97412e-05 |120 -0.04440 -1.04498e-04
121  0.00760  1.82057e-04 |122  0.04201 -7.19990e-05 |123  0.00442  1.32772e-04
124  0.04386  8.01243e-05 |125 -0.01749  9.99115e-05 |126  0.10332  8.24012e-05
127 -0.00953  5.74470e-05 |128 -0.04662 -5.13923e-05 |129 -0.05752  4.03406e-05
130 -0.02511  7.97863e-05 |131  0.08025 -7.86486e-05 |132  0.02691 -1.38725e-04
133  0.01318 -3.18488e-05 |134 -0.03016 -1.86418e-05 |135 -0.01903  2.51659e-05
136 -0.00255  6.65380e-05 |137 -0.00000 -5.33347e-10 |138  0.00000  0.00000e+00
139  0.00000  0.00000e+00 |140  0.00000  0.00000e+00 |141  0.00000  0.00000e+00
142  0.00000  0.00000e+00 |143  0.00000  0.00000e+00 |144  0.00000  0.00000e+00
145  0.00000  0.00000e+00 |146  0.00000  0.00000e+00 |147  0.00000  0.00000e+00
148  0.00000  0.00000e+00 |149  0.00000  0.00000e+00 |150  0.00000  0.00000e+00
151 -0.64827 -4.90146e-06 |152 -0.99463 -9.25300e-06 |153  0.03050 -1.44549e-05
154 -0.58608  1.79130e-06 |155  0.03478 -1.55222e-05 |156 -0.40390  6.54105e-05
157  0.81929 -1.80223e-05 |158 -0.11615  4.88903e-05 |159  0.19577 -1.93717e-04
160 -0.23575 -6.43095e-05 |161  0.16803  1.10314e-05 |162 -0.58143  8.31941e-07
163 -0.00711  2.06590e-07 |164 -0.42473 -2.63478e-05 |165  0.82209  5.28962e-06
166  0.12422  9.19519e-06 |167 -0.03972  3.87430e-07 |168 -0.11627  2.13470e-05
169  0.09751 -3.11859e-05 |170  0.04946 -3.81590e-05 |171  0.14538 -1.30515e-04
172 -0.03683 -1.51490e-04 |173 -0.58817 -1.22975e-04 |174 -0.50921 -2.07509e-07
175 -0.21172  8.87088e-05 |176 -0.21355 -9.22817e-05 |177  0.80073 -2.57889e-04
178  0.19167  7.11490e-06 |179  0.08628 -9.27563e-07 |180 -0.25921 -6.34511e-07
181 -0.39475  2.02301e-05 |182 -0.20205 -6.21465e-06 |183 -0.03762 -2.16588e-05
184 -0.28182 -3.08139e-05 |185  0.81676  4.70488e-05 |186  0.08743  2.43046e-06
187 -0.52492  7.58186e-07 |188  0.07965 -3.22881e-06 |189 -0.40444 -4.24630e-06
190 -0.14475 -1.42410e-06 |191  0.06350 -3.60434e-05 |192 -0.17463  3.59219e-05
193 -0.15588 -9.96470e-05 |194 -0.99999  5.56993e-04 |195 -0.13797  6.61803e-06
196  0.23263 -1.01631e-05 |197  0.01401 -3.59871e-05 |198 -0.36790 -4.15350e-05
199 -0.45415  4.10216e-07 |200 -0.04466 -8.01415e-06 |201 -0.29883 -2.93538e-05
202  0.80924 -2.56252e-04 |
size of file gradfil1.tmp = 0
size of file gradfil2.tmp = 0
size of file varssave.tmp = 0
size of file cmpdiff.tmp = 800000032
